RUN	JJ.Framework.JJSim	jjsim	1622665308857	JJ.Framework.JJSim-SIMULATION_1_1:SIMULATION_2_1:SIMULATION_3_1:SIMULATION_4_0:Iterations_10	3.5.1
USER	Users_2	START	1622665310331
USER	Users_3	START	1622665310331
USER	Users_1	START	1622665310331
REQUEST	LName,LN	LName_Smith	1622665310351	1622665315703	KO	status.find.in(200,201,202,203,204,205,206,207,208,209,304), found 500
GROUP	LName,LN	1622665310336	1622665315722	5352	KO
REQUEST	NPI,NPI_1922555846	NPI_Control	1622665310351	1622665315725	OK	 
GROUP	NPI,NPI_1922555846	1622665310336	1622665315739	5374	OK
REQUEST	TIN,TIN_391128616	TIN_Control	1622665310351	1622665315845	KO	status.find.in(200,201,202,203,204,205,206,207,208,209,304), found 500
GROUP	TIN,TIN_391128616	1622665310336	1622665315845	5494	KO
GROUP	LName	1622665310334	1622665316804	5352	KO
GROUP	TIN	1622665310334	1622665316944	5494	KO
REQUEST	TIN,TIN_391128616	TIN_Control	1622665316946	1622665317028	KO	status.find.in(200,201,202,203,204,205,206,207,208,209,304), found 500
GROUP	TIN,TIN_391128616	1622665316945	1622665317029	82	KO
GROUP	NPI	1622665310334	1622665317244	5374	OK
REQUEST	LName,LN	LName_Jones	1622665316809	1622665317352	KO	status.find.in(200,201,202,203,204,205,206,207,208,209,304), found 500
GROUP	LName,LN	1622665316806	1622665317353	543	KO
REQUEST	NPI,NPI_1922555846	NPI_Control	1622665317246	1622665317368	OK	 
GROUP	NPI,NPI_1922555846	1622665317245	1622665317368	122	OK
GROUP	TIN	1622665316945	1622665318490	82	KO
GROUP	LName	1622665316805	1622665318614	543	KO
REQUEST	TIN,TIN_391128616	TIN_Control	1622665318491	1622665318872	KO	status.find.in(200,201,202,203,204,205,206,207,208,209,304), found 500
GROUP	TIN,TIN_391128616	1622665318490	1622665318873	381	KO
REQUEST	LName,LN	LName_Rogers	1622665318615	1622665318888	KO	status.find.in(200,201,202,203,204,205,206,207,208,209,304), found 500
GROUP	LName,LN	1622665318614	1622665318889	273	KO
GROUP	NPI	1622665317245	1622665319317	122	OK
REQUEST	NPI,NPI_1922555846	NPI_Control	1622665319317	1622665319452	OK	 
GROUP	NPI,NPI_1922555846	1622665319317	1622665319453	135	OK
GROUP	TIN	1622665318490	1622665319912	381	KO
REQUEST	TIN,TIN_391128616	TIN_Control	1622665319913	1622665319997	KO	status.find.in(200,201,202,203,204,205,206,207,208,209,304), found 500
GROUP	TIN,TIN_391128616	1622665319913	1622665319997	84	KO
GROUP	LName	1622665318614	1622665320368	273	KO
GROUP	NPI	1622665319317	1622665320922	135	OK
GROUP	TIN	1622665319912	1622665321117	84	KO
REQUEST	LName,LN	LName_Smith	1622665320369	1622665321922	KO	status.find.in(200,201,202,203,204,205,206,207,208,209,304), found 500
GROUP	LName,LN	1622665320369	1622665321922	1553	KO
REQUEST	NPI,NPI_1922555846	NPI_Control	1622665320923	1622665321971	OK	 
GROUP	NPI,NPI_1922555846	1622665320923	1622665321972	1048	OK
REQUEST	TIN,TIN_391128616	TIN_Control	1622665321118	1622665322458	KO	status.find.in(200,201,202,203,204,205,206,207,208,209,304), found 500
GROUP	TIN,TIN_391128616	1622665321118	1622665322458	1340	KO
GROUP	LName	1622665320369	1622665323403	1553	KO
GROUP	NPI	1622665320922	1622665323474	1048	OK
REQUEST	NPI,NPI_1922555846	NPI_Control	1622665323475	1622665323554	KO	status.find.in(200,201,202,203,204,205,206,207,208,209,304), found 500
GROUP	NPI,NPI_1922555846	1622665323475	1622665323555	79	KO
GROUP	TIN	1622665321117	1622665323979	1340	KO
REQUEST	LName,LN	LName_Smith	1622665323405	1622665323986	KO	status.find.in(200,201,202,203,204,205,206,207,208,209,304), found 500
GROUP	LName,LN	1622665323404	1622665323986	581	KO
REQUEST	TIN,TIN_391128616	TIN_Control	1622665323981	1622665324243	KO	status.find.in(200,201,202,203,204,205,206,207,208,209,304), found 500
GROUP	TIN,TIN_391128616	1622665323980	1622665324244	262	KO
GROUP	NPI	1622665323474	1622665324671	79	KO
REQUEST	NPI,NPI_1922555846	NPI_Control	1622665324673	1622665324756	KO	status.find.in(200,201,202,203,204,205,206,207,208,209,304), found 500
GROUP	NPI,NPI_1922555846	1622665324672	1622665324756	83	KO
GROUP	TIN	1622665323980	1622665325447	262	KO
GROUP	LName	1622665323404	1622665325603	581	KO
REQUEST	TIN,TIN_391128616	TIN_Control	1622665325449	1622665325759	KO	status.find.in(200,201,202,203,204,205,206,207,208,209,304), found 500
GROUP	TIN,TIN_391128616	1622665325448	1622665325760	310	KO
REQUEST	LName,LN	LName_Jones	1622665325605	1622665325935	KO	status.find.in(200,201,202,203,204,205,206,207,208,209,304), found 500
GROUP	LName,LN	1622665325604	1622665325936	330	KO
GROUP	NPI	1622665324672	1622665325960	83	KO
REQUEST	NPI,NPI_1922555846	NPI_Control	1622665325961	1622665326118	OK	 
GROUP	NPI,NPI_1922555846	1622665325961	1622665326119	157	OK
GROUP	LName	1622665325603	1622665327400	330	KO
GROUP	TIN	1622665325448	1622665327506	310	KO
REQUEST	LName,LN	LName_Rogers	1622665327402	1622665327694	KO	status.find.in(200,201,202,203,204,205,206,207,208,209,304), found 500
GROUP	LName,LN	1622665327401	1622665327695	292	KO
GROUP	NPI	1622665325960	1622665327720	157	OK
REQUEST	NPI,NPI_1922555846	NPI_Control	1622665327721	1622665327810	KO	status.find.in(200,201,202,203,204,205,206,207,208,209,304), found 500
GROUP	NPI,NPI_1922555846	1622665327720	1622665327810	89	KO
REQUEST	TIN,TIN_391128616	TIN_Control	1622665327507	1622665327820	KO	status.find.in(200,201,202,203,204,205,206,207,208,209,304), found 500
GROUP	TIN,TIN_391128616	1622665327507	1622665327821	313	KO
GROUP	NPI	1622665327720	1622665329274	89	KO
GROUP	LName	1622665327401	1622665329354	292	KO
REQUEST	NPI,NPI_1922555846	NPI_Control	1622665329275	1622665329417	OK	 
GROUP	NPI,NPI_1922555846	1622665329275	1622665329417	142	OK
REQUEST	LName,LN	LName_Smith	1622665329355	1622665329431	KO	status.find.in(200,201,202,203,204,205,206,207,208,209,304), found 500
GROUP	LName,LN	1622665329355	1622665329431	76	KO
GROUP	TIN	1622665327506	1622665329455	313	KO
REQUEST	TIN,TIN_391128616	TIN_Control	1622665329456	1622665329544	KO	status.find.in(200,201,202,203,204,205,206,207,208,209,304), found 500
GROUP	TIN,TIN_391128616	1622665329456	1622665329544	88	KO
GROUP	NPI	1622665329274	1622665330843	142	OK
REQUEST	NPI,NPI_1922555846	NPI_Control	1622665330844	1622665330990	OK	 
GROUP	NPI,NPI_1922555846	1622665330844	1622665330991	146	OK
GROUP	LName	1622665329354	1622665331072	76	KO
GROUP	TIN	1622665329455	1622665331323	88	KO
REQUEST	LName,LN	LName_Jones	1622665331074	1622665331404	KO	status.find.in(200,201,202,203,204,205,206,207,208,209,304), found 500
GROUP	LName,LN	1622665331073	1622665331404	330	KO
REQUEST	TIN,TIN_391128616	TIN_Control	1622665331325	1622665331438	KO	status.find.in(200,201,202,203,204,205,206,207,208,209,304), found 500
GROUP	TIN,TIN_391128616	1622665331324	1622665331438	113	KO
GROUP	NPI	1622665330844	1622665332353	146	OK
USER	Users_1	END	1622665332356
GROUP	LName	1622665331073	1622665332836	330	KO
GROUP	TIN	1622665331324	1622665333000	113	KO
USER	Users_2	END	1622665333001
REQUEST	LName,LN	LName_Rogers	1622665332838	1622665333697	OK	 
GROUP	LName,LN	1622665332837	1622665333705	859	OK
GROUP	LName	1622665332837	1622665334939	859	OK
USER	Users_3	END	1622665334940
