RUN	StarTest.Framework.StarSim	starsim	1624545560234	StarTest.Framework.StarSim-SIMULATION_1_10:SIMULATION_2_0:SIMULATION_3_0:Iterations_10	3.5.1
USER	Users_1	START	1624545561714
REQUEST	StarAPI,LOGIN	LOGIN	1624545561742	1624545562015	OK	 
GROUP	StarAPI,LOGIN	1624545561719	1624545562035	273	OK
USER	Users_1	START	1624545562709
REQUEST	StarAPI,LOGIN	LOGIN	1624545562710	1624545562976	OK	 
GROUP	StarAPI,LOGIN	1624545562709	1624545562977	266	OK
USER	Users_1	START	1624545563707
REQUEST	StarAPI,LOGIN	LOGIN	1624545563708	1624545563982	OK	 
GROUP	StarAPI,LOGIN	1624545563707	1624545563983	274	OK
REQUEST	StarAPI,GetStarNote	GetStarNote	1624545563812	1624545564193	OK	 
GROUP	StarAPI,GetStarNote	1624545563806	1624545564195	381	OK
USER	Users_1	START	1624545564702
REQUEST	StarAPI,LOGIN	LOGIN	1624545564703	1624545564978	OK	 
GROUP	StarAPI,LOGIN	1624545564702	1624545564979	275	OK
REQUEST	StarAPI,GetStarNote	GetStarNote	1624545564790	1624545565142	OK	 
GROUP	StarAPI,GetStarNote	1624545564790	1624545565143	352	OK
REQUEST	StarAPI,GetStarNote	GetStarNote	1624545565055	1624545565408	OK	 
GROUP	StarAPI,GetStarNote	1624545565054	1624545565409	353	OK
USER	Users_1	START	1624545565703
REQUEST	StarAPI,GetEpisodeOfCare	GetEpisodeOfCare	1624545565951	1624545566365	OK	 
GROUP	StarAPI,GetEpisodeOfCare	1624545565950	1624545566366	414	OK
REQUEST	StarAPI,GetEpisodeOfCare	GetEpisodeOfCare	1624545566163	1624545566581	OK	 
GROUP	StarAPI,GetEpisodeOfCare	1624545566163	1624545566582	418	OK
USER	Users_1	START	1624545566703
REQUEST	StarAPI,GetEpisodeOfCare	GetEpisodeOfCare	1624545567322	1624545567686	OK	 
GROUP	StarAPI,GetEpisodeOfCare	1624545567322	1624545567687	364	OK
USER	Users_1	START	1624545567705
REQUEST	StarAPI,LOGIN	LOGIN	1624545566704	1624545567752	OK	 
GROUP	StarAPI,LOGIN	1624545566703	1624545567753	1048	OK
REQUEST	StarAPI,LOGIN	LOGIN	1624545565704	1624545567786	OK	 
GROUP	StarAPI,LOGIN	1624545565704	1624545567786	2082	OK
REQUEST	StarAPI,LOGIN	LOGIN	1624545567706	1624545567992	OK	 
GROUP	StarAPI,LOGIN	1624545567705	1624545567993	286	OK
USER	Users_1	START	1624545568701
REQUEST	StarAPI,LOGIN	LOGIN	1624545568702	1624545568963	OK	 
GROUP	StarAPI,LOGIN	1624545568701	1624545568964	261	OK
REQUEST	StarAPI,GetStarUIMemberList	GetStarUIMemberList	1624545568181	1624545569132	OK	 
GROUP	StarAPI,GetStarUIMemberList	1624545568181	1624545569133	951	OK
REQUEST	StarAPI,GetStarUIMemberList	GetStarUIMemberList	1624545568243	1624545569256	OK	 
GROUP	StarAPI,GetStarUIMemberList	1624545568243	1624545569257	1013	OK
REQUEST	StarAPI,GetStarNote	GetStarNote	1624545568938	1624545569271	OK	 
GROUP	StarAPI,GetStarNote	1624545568938	1624545569271	333	OK
REQUEST	StarAPI,GetStarNote	GetStarNote	1624545569360	1624545569697	OK	 
GROUP	StarAPI,GetStarNote	1624545569359	1624545569698	337	OK
USER	Users_1	START	1624545569705
REQUEST	StarAPI,LOGIN	LOGIN	1624545569706	1624545569953	OK	 
GROUP	StarAPI,LOGIN	1624545569705	1624545569953	247	OK
REQUEST	StarAPI,GetStarUIMemberList	GetStarUIMemberList	1624545569687	1624545570657	OK	 
GROUP	StarAPI,GetStarUIMemberList	1624545569686	1624545570657	970	OK
REQUEST	StarAPI,GetStarUIMemberDetail	GetStarUIMemberDetail	1624545570257	1624545570694	OK	 
GROUP	StarAPI,GetStarUIMemberDetail	1624545570256	1624545570694	437	OK
USER	Users_1	START	1624545570701
REQUEST	StarAPI,GetStarUIMemberDetail	GetStarUIMemberDetail	1624545570582	1624545570955	OK	 
GROUP	StarAPI,GetStarUIMemberDetail	1624545570582	1624545570955	373	OK
REQUEST	StarAPI,LOGIN	LOGIN	1624545570701	1624545570960	OK	 
GROUP	StarAPI,LOGIN	1624545570701	1624545570961	259	OK
REQUEST	StarAPI,GetStarNote	GetStarNote	1624545570656	1624545570993	OK	 
GROUP	StarAPI,GetStarNote	1624545570655	1624545570994	337	OK
REQUEST	StarAPI,GetEpisodeOfCare	GetEpisodeOfCare	1624545571081	1624545571456	OK	 
GROUP	StarAPI,GetEpisodeOfCare	1624545571080	1624545571456	375	OK
REQUEST	StarAPI,GetEpisodeOfCare	GetEpisodeOfCare	1624545571473	1624545571843	OK	 
GROUP	StarAPI,GetEpisodeOfCare	1624545571472	1624545571843	370	OK
REQUEST	StarAPI,GetStarUIMemberDetail	GetStarUIMemberDetail	1624545571912	1624545572384	OK	 
GROUP	StarAPI,GetStarUIMemberDetail	1624545571911	1624545572384	472	OK
REQUEST	StarAPI,ChatTranscript	ChatTranscript	1624545572465	1624545573156	OK	 
REQUEST	StarAPI,ChatTranscript	ChatTranscript	1624545572482	1624545573156	OK	 
GROUP	StarAPI,ChatTranscript	1624545572465	1624545573157	691	OK
GROUP	StarAPI,ChatTranscript	1624545572481	1624545573157	674	OK
REQUEST	StarAPI,GetStarNote	GetStarNote	1624545572115	1624545573164	OK	 
GROUP	StarAPI,GetStarNote	1624545572114	1624545573165	1049	OK
REQUEST	StarAPI,GetStarNote	GetStarNote	1624545566052	1624545573186	OK	 
GROUP	StarAPI,GetStarNote	1624545566052	1624545573187	7134	OK
REQUEST	StarAPI,GetStarNote	GetStarNote	1624545571591	1624545573194	OK	 
GROUP	StarAPI,GetStarNote	1624545571590	1624545573195	1603	OK
REQUEST	StarAPI,GetStarNote	GetStarNote	1624545569228	1624545573255	OK	 
GROUP	StarAPI,GetStarNote	1624545569228	1624545573255	4027	OK
REQUEST	StarAPI,GetEpisodeOfCare	GetEpisodeOfCare	1624545572624	1624545573412	OK	 
GROUP	StarAPI,GetEpisodeOfCare	1624545572623	1624545573413	788	OK
REQUEST	StarAPI,GetStarUIMemberList	GetStarUIMemberList	1624545572544	1624545573648	OK	 
GROUP	StarAPI,GetStarUIMemberList	1624545572544	1624545573648	1104	OK
REQUEST	StarAPI,ChatTranscript	ChatTranscript	1624545573825	1624545573903	OK	 
GROUP	StarAPI,ChatTranscript	1624545573824	1624545573904	78	OK
REQUEST	StarAPI,GetStarUIMemberList	GetStarUIMemberList	1624545573359	1624545574042	OK	 
GROUP	StarAPI,GetStarUIMemberList	1624545573358	1624545574042	683	OK
GROUP	StarAPI	1624545562709	1624545574370	3115	OK
REQUEST	StarAPI,LOGIN	LOGIN	1624545574371	1624545574439	OK	 
GROUP	StarAPI,LOGIN	1624545574371	1624545574439	68	OK
REQUEST	StarAPI,GetEpisodeOfCare	GetEpisodeOfCare	1624545574256	1624545574725	OK	 
GROUP	StarAPI,GetEpisodeOfCare	1624545574256	1624545574726	469	OK
REQUEST	StarAPI,GetEpisodeOfCare	GetEpisodeOfCare	1624545574370	1624545574769	OK	 
GROUP	StarAPI,GetEpisodeOfCare	1624545574370	1624545574770	399	OK
REQUEST	StarAPI,GetEpisodeOfCare	GetEpisodeOfCare	1624545574447	1624545574930	OK	 
GROUP	StarAPI,GetEpisodeOfCare	1624545574447	1624545574931	483	OK
GROUP	StarAPI	1624545561716	1624545575051	3128	OK
REQUEST	StarAPI,LOGIN	LOGIN	1624545575052	1624545575113	OK	 
GROUP	StarAPI,LOGIN	1624545575051	1624545575113	61	OK
REQUEST	StarAPI,GetStarUIMemberDetail	GetStarUIMemberDetail	1624545575082	1624545575460	OK	 
GROUP	StarAPI,GetStarUIMemberDetail	1624545575082	1624545575460	378	OK
REQUEST	StarAPI,GetStarUIMemberList	GetStarUIMemberList	1624545574742	1624545575469	OK	 
GROUP	StarAPI,GetStarUIMemberList	1624545574742	1624545575470	727	OK
GROUP	StarAPI	1624545563707	1624545575517	2511	OK
REQUEST	StarAPI,GetEpisodeOfCare	GetEpisodeOfCare	1624545575189	1624545575565	OK	 
GROUP	StarAPI,GetEpisodeOfCare	1624545575189	1624545575565	376	OK
REQUEST	StarAPI,LOGIN	LOGIN	1624545575517	1624545575580	OK	 
GROUP	StarAPI,LOGIN	1624545575517	1624545575581	63	OK
REQUEST	StarAPI,GetStarUIMemberDetail	GetStarUIMemberDetail	1624545575421	1624545575810	OK	 
GROUP	StarAPI,GetStarUIMemberDetail	1624545575421	1624545575811	389	OK
REQUEST	StarAPI,GetStarNote	GetStarNote	1624545576401	1624545576592	OK	 
GROUP	StarAPI,GetStarNote	1624545576401	1624545576593	191	OK
REQUEST	StarAPI,GetStarNote	GetStarNote	1624545576416	1624545576617	OK	 
GROUP	StarAPI,GetStarNote	1624545576415	1624545576618	201	OK
REQUEST	StarAPI,ChatTranscript	ChatTranscript	1624545576615	1624545576691	OK	 
GROUP	StarAPI,ChatTranscript	1624545576614	1624545576692	76	OK
REQUEST	StarAPI,GetStarUIMemberDetail	GetStarUIMemberDetail	1624545576663	1624545577595	OK	 
GROUP	StarAPI,GetStarUIMemberDetail	1624545576662	1624545577595	932	OK
REQUEST	StarAPI,GetStarUIMemberList	GetStarUIMemberList	1624545576432	1624545577653	OK	 
GROUP	StarAPI,GetStarUIMemberList	1624545576432	1624545577654	1221	OK
REQUEST	StarAPI,ChatTranscript	ChatTranscript	1624545577411	1624545577668	OK	 
GROUP	StarAPI,ChatTranscript	1624545577410	1624545577668	257	OK
REQUEST	StarAPI,GetStarUIMemberList	GetStarUIMemberList	1624545576449	1624545577716	OK	 
GROUP	StarAPI,GetStarUIMemberList	1624545576448	1624545577717	1267	OK
REQUEST	StarAPI,GetStarUIMemberList	GetStarUIMemberList	1624545576715	1624545577853	OK	 
GROUP	StarAPI,GetStarUIMemberList	1624545576715	1624545577854	1138	OK
REQUEST	StarAPI,GetStarNote	GetStarNote	1624545577573	1624545577898	OK	 
GROUP	StarAPI,GetStarNote	1624545577573	1624545577898	325	OK
REQUEST	StarAPI,GetStarUIMemberList	GetStarUIMemberList	1624545576675	1624545577907	OK	 
GROUP	StarAPI,GetStarUIMemberList	1624545576674	1624545577908	1232	OK
REQUEST	StarAPI,GetEpisodeOfCare	GetEpisodeOfCare	1624545577757	1624545578449	OK	 
GROUP	StarAPI,GetEpisodeOfCare	1624545577757	1624545578449	692	OK
GROUP	StarAPI	1624545565703	1624545578584	4348	OK
REQUEST	StarAPI,LOGIN	LOGIN	1624545578585	1624545578645	OK	 
GROUP	StarAPI,LOGIN	1624545578585	1624545578645	60	OK
REQUEST	StarAPI,GetEpisodeOfCare	GetEpisodeOfCare	1624545578371	1624545578800	OK	 
GROUP	StarAPI,GetEpisodeOfCare	1624545578370	1624545578801	429	OK
REQUEST	StarAPI,ChatTranscript	ChatTranscript	1624545578913	1624545578986	OK	 
GROUP	StarAPI,ChatTranscript	1624545578912	1624545578987	73	OK
REQUEST	StarAPI,GetStarUIMemberDetail	GetStarUIMemberDetail	1624545578739	1624545579095	OK	 
GROUP	StarAPI,GetStarUIMemberDetail	1624545578738	1624545579096	356	OK
REQUEST	StarAPI,GetEpisodeOfCare	GetEpisodeOfCare	1624545578954	1624545579500	OK	 
GROUP	StarAPI,GetEpisodeOfCare	1624545578953	1624545579501	546	OK
REQUEST	StarAPI,GetStarUIMemberDetail	GetStarUIMemberDetail	1624545579080	1624545579520	OK	 
GROUP	StarAPI,GetStarUIMemberDetail	1624545579079	1624545579521	440	OK
REQUEST	StarAPI,GetStarUIMemberDetail	GetStarUIMemberDetail	1624545579080	1624545579566	OK	 
GROUP	StarAPI,GetStarUIMemberDetail	1624545579079	1624545579567	486	OK
GROUP	StarAPI	1624545566703	1624545579652	3084	OK
REQUEST	StarAPI,LOGIN	LOGIN	1624545579653	1624545579712	OK	 
GROUP	StarAPI,LOGIN	1624545579653	1624545579713	59	OK
REQUEST	StarAPI,GetStarUIMemberDetail	GetStarUIMemberDetail	1624545579568	1624545579972	OK	 
GROUP	StarAPI,GetStarUIMemberDetail	1624545579568	1624545579973	404	OK
GROUP	StarAPI	1624545568701	1624545580599	3118	OK
REQUEST	StarAPI,LOGIN	LOGIN	1624545580600	1624545580660	OK	 
GROUP	StarAPI,LOGIN	1624545580599	1624545580661	60	OK
REQUEST	StarAPI,GetStarNote	GetStarNote	1624545580366	1624545580714	OK	 
GROUP	StarAPI,GetStarNote	1624545580365	1624545580715	348	OK
REQUEST	StarAPI,GetStarUIMemberList	GetStarUIMemberList	1624545579962	1624545580903	OK	 
GROUP	StarAPI,GetStarUIMemberList	1624545579961	1624545580903	941	OK
REQUEST	StarAPI,GetStarNote	GetStarNote	1624545580789	1624545580960	OK	 
GROUP	StarAPI,GetStarNote	1624545580788	1624545580961	171	OK
REQUEST	StarAPI,GetStarUIMemberList	GetStarUIMemberList	1624545580200	1624545581010	OK	 
GROUP	StarAPI,GetStarUIMemberList	1624545580199	1624545581010	810	OK
REQUEST	StarAPI,ChatTranscript	ChatTranscript	1624545580930	1624545581024	OK	 
GROUP	StarAPI,ChatTranscript	1624545580929	1624545581025	94	OK
REQUEST	StarAPI,ChatTranscript	ChatTranscript	1624545581266	1624545581349	OK	 
GROUP	StarAPI,ChatTranscript	1624545581266	1624545581349	83	OK
REQUEST	StarAPI,ChatTranscript	ChatTranscript	1624545581455	1624545581547	OK	 
GROUP	StarAPI,ChatTranscript	1624545581454	1624545581547	92	OK
REQUEST	StarAPI,GetStarUIMemberList	GetStarUIMemberList	1624545580908	1624545581588	OK	 
GROUP	StarAPI,GetStarUIMemberList	1624545580908	1624545581589	680	OK
REQUEST	StarAPI,ChatTranscript	ChatTranscript	1624545581889	1624545581966	OK	 
GROUP	StarAPI,ChatTranscript	1624545581888	1624545581966	77	OK
REQUEST	StarAPI,GetEpisodeOfCare	GetEpisodeOfCare	1624545582067	1624545582439	OK	 
GROUP	StarAPI,GetEpisodeOfCare	1624545582067	1624545582439	372	OK
REQUEST	StarAPI,GetStarNote	GetStarNote	1624545582367	1624545582576	OK	 
GROUP	StarAPI,GetStarNote	1624545582366	1624545582576	209	OK
REQUEST	StarAPI,GetStarUIMemberDetail	GetStarUIMemberDetail	1624545582261	1624545582682	OK	 
GROUP	StarAPI,GetStarUIMemberDetail	1624545582260	1624545582683	421	OK
GROUP	StarAPI	1624545567705	1624545582859	6513	OK
REQUEST	StarAPI,GetEpisodeOfCare	GetEpisodeOfCare	1624545582490	1624545582886	OK	 
GROUP	StarAPI,GetEpisodeOfCare	1624545582490	1624545582886	396	OK
REQUEST	StarAPI,LOGIN	LOGIN	1624545582860	1624545582930	OK	 
GROUP	StarAPI,LOGIN	1624545582859	1624545582930	70	OK
GROUP	StarAPI	1624545569705	1624545583279	4063	OK
GROUP	StarAPI	1624545570701	1624545583284	3517	OK
REQUEST	StarAPI,GetStarUIMemberDetail	GetStarUIMemberDetail	1624545582945	1624545583358	OK	 
GROUP	StarAPI,GetStarUIMemberDetail	1624545582944	1624545583359	413	OK
REQUEST	StarAPI,LOGIN	LOGIN	1624545583280	1624545583358	OK	 
GROUP	StarAPI,LOGIN	1624545583280	1624545583359	78	OK
REQUEST	StarAPI,LOGIN	LOGIN	1624545583285	1624545583358	OK	 
GROUP	StarAPI,LOGIN	1624545583285	1624545583359	73	OK
GROUP	StarAPI	1624545564702	1624545583432	9404	OK
REQUEST	StarAPI,LOGIN	LOGIN	1624545583433	1624545583498	OK	 
GROUP	StarAPI,LOGIN	1624545583432	1624545583499	65	OK
REQUEST	StarAPI,GetStarUIMemberDetail	GetStarUIMemberDetail	1624545583354	1624545583906	OK	 
GROUP	StarAPI,GetStarUIMemberDetail	1624545583354	1624545583907	552	OK
REQUEST	StarAPI,ChatTranscript	ChatTranscript	1624545584458	1624545584534	OK	 
GROUP	StarAPI,ChatTranscript	1624545584457	1624545584534	76	OK
REQUEST	StarAPI,GetEpisodeOfCare	GetEpisodeOfCare	1624545584286	1624545584677	OK	 
GROUP	StarAPI,GetEpisodeOfCare	1624545584286	1624545584678	391	OK
REQUEST	StarAPI,GetStarUIMemberList	GetStarUIMemberList	1624545584065	1624545584759	OK	 
GROUP	StarAPI,GetStarUIMemberList	1624545584064	1624545584760	694	OK
REQUEST	StarAPI,GetStarNote	GetStarNote	1624545584715	1624545584861	OK	 
GROUP	StarAPI,GetStarNote	1624545584715	1624545584862	146	OK
REQUEST	StarAPI,GetStarNote	GetStarNote	1624545584642	1624545584865	OK	 
GROUP	StarAPI,GetStarNote	1624545584641	1624545584866	223	OK
REQUEST	StarAPI,GetStarNote	GetStarNote	1624545584827	1624545585026	OK	 
GROUP	StarAPI,GetStarNote	1624545584827	1624545585026	199	OK
REQUEST	StarAPI,ChatTranscript	ChatTranscript	1624545584949	1624545585029	OK	 
GROUP	StarAPI,ChatTranscript	1624545584949	1624545585029	80	OK
REQUEST	StarAPI,GetStarUIMemberList	GetStarUIMemberList	1624545584651	1624545585346	OK	 
GROUP	StarAPI,GetStarUIMemberList	1624545584650	1624545585346	695	OK
REQUEST	StarAPI,GetStarNote	GetStarNote	1624545585273	1624545585456	OK	 
GROUP	StarAPI,GetStarNote	1624545585272	1624545585457	183	OK
REQUEST	StarAPI,ChatTranscript	ChatTranscript	1624545585690	1624545585768	OK	 
GROUP	StarAPI,ChatTranscript	1624545585690	1624545585769	78	OK
GROUP	StarAPI	1624545574370	1624545585996	2389	OK
REQUEST	StarAPI,LOGIN	LOGIN	1624545585997	1624545586260	OK	 
GROUP	StarAPI,LOGIN	1624545585997	1624545586261	263	OK
REQUEST	StarAPI,GetEpisodeOfCare	GetEpisodeOfCare	1624545586016	1624545586499	OK	 
GROUP	StarAPI,GetEpisodeOfCare	1624545586015	1624545586500	483	OK
REQUEST	StarAPI,GetStarUIMemberDetail	GetStarUIMemberDetail	1624545586220	1624545586652	OK	 
GROUP	StarAPI,GetStarUIMemberDetail	1624545586220	1624545586652	432	OK
GROUP	StarAPI	1624545575051	1624545586782	1994	OK
REQUEST	StarAPI,LOGIN	LOGIN	1624545586783	1624545587049	OK	 
GROUP	StarAPI,LOGIN	1624545586783	1624545587050	266	OK
REQUEST	StarAPI,GetEpisodeOfCare	GetEpisodeOfCare	1624545586576	1624545587388	OK	 
GROUP	StarAPI,GetEpisodeOfCare	1624545586575	1624545587388	812	OK
REQUEST	StarAPI,GetEpisodeOfCare	GetEpisodeOfCare	1624545586597	1624545587484	OK	 
GROUP	StarAPI,GetEpisodeOfCare	1624545586597	1624545587485	887	OK
REQUEST	StarAPI,GetStarUIMemberDetail	GetStarUIMemberDetail	1624545586715	1624545587542	OK	 
GROUP	StarAPI,GetStarUIMemberDetail	1624545586714	1624545587542	827	OK
REQUEST	StarAPI,GetEpisodeOfCare	GetEpisodeOfCare	1624545586711	1624545587561	OK	 
GROUP	StarAPI,GetEpisodeOfCare	1624545586711	1624545587561	850	OK
REQUEST	StarAPI,GetStarNote	GetStarNote	1624545587440	1624545587641	OK	 
GROUP	StarAPI,GetStarNote	1624545587439	1624545587641	201	OK
REQUEST	StarAPI,GetStarUIMemberList	GetStarUIMemberList	1624545586262	1624545587654	OK	 
GROUP	StarAPI,GetStarUIMemberList	1624545586262	1624545587654	1392	OK
GROUP	StarAPI	1624545575517	1624545587718	2244	OK
REQUEST	StarAPI,LOGIN	LOGIN	1624545587719	1624545587979	OK	 
GROUP	StarAPI,LOGIN	1624545587719	1624545587979	260	OK
REQUEST	StarAPI,ChatTranscript	ChatTranscript	1624545588362	1624545588484	OK	 
GROUP	StarAPI,ChatTranscript	1624545588362	1624545588485	122	OK
REQUEST	StarAPI,GetStarUIMemberList	GetStarUIMemberList	1624545587872	1624545588598	OK	 
GROUP	StarAPI,GetStarUIMemberList	1624545587871	1624545588599	726	OK
REQUEST	StarAPI,ChatTranscript	ChatTranscript	1624545588662	1624545588852	OK	 
GROUP	StarAPI,ChatTranscript	1624545588662	1624545588853	190	OK
REQUEST	StarAPI,GetStarNote	GetStarNote	1624545588549	1624545588872	OK	 
GROUP	StarAPI,GetStarNote	1624545588549	1624545588873	323	OK
REQUEST	StarAPI,GetStarUIMemberList	GetStarUIMemberList	1624545588526	1624545589236	OK	 
GROUP	StarAPI,GetStarUIMemberList	1624545588525	1624545589236	710	OK
GROUP	StarAPI	1624545578585	1624545589802	2028	OK
REQUEST	StarAPI,GetStarUIMemberDetail	GetStarUIMemberDetail	1624545589157	1624545589860	OK	 
GROUP	StarAPI,GetStarUIMemberDetail	1624545589157	1624545589860	703	OK
REQUEST	StarAPI,LOGIN	LOGIN	1624545589802	1624545589862	OK	 
GROUP	StarAPI,LOGIN	1624545589802	1624545589862	60	OK
REQUEST	StarAPI,GetEpisodeOfCare	GetEpisodeOfCare	1624545589171	1624545589909	OK	 
GROUP	StarAPI,GetEpisodeOfCare	1624545589170	1624545589909	738	OK
REQUEST	StarAPI,GetStarNote	GetStarNote	1624545589796	1624545589976	OK	 
GROUP	StarAPI,GetStarNote	1624545589796	1624545589977	180	OK
REQUEST	StarAPI,GetStarUIMemberList	GetStarUIMemberList	1624545589038	1624545590010	OK	 
GROUP	StarAPI,GetStarUIMemberList	1624545589038	1624545590011	972	OK
REQUEST	StarAPI,GetStarUIMemberList	GetStarUIMemberList	1624545589125	1624545590233	OK	 
GROUP	StarAPI,GetStarUIMemberList	1624545589125	1624545590234	1108	OK
REQUEST	StarAPI,GetStarUIMemberDetail	GetStarUIMemberDetail	1624545589922	1624545590462	OK	 
GROUP	StarAPI,GetStarUIMemberDetail	1624545589921	1624545590462	540	OK
GROUP	StarAPI	1624545579652	1624545590478	2338	OK
REQUEST	StarAPI,LOGIN	LOGIN	1624545590479	1624545590540	OK	 
GROUP	StarAPI,LOGIN	1624545590479	1624545590541	61	OK
REQUEST	StarAPI,GetEpisodeOfCare	GetEpisodeOfCare	1624545590071	1624545590575	OK	 
GROUP	StarAPI,GetEpisodeOfCare	1624545590070	1624545590575	504	OK
REQUEST	StarAPI,GetStarUIMemberDetail	GetStarUIMemberDetail	1624545590695	1624545591074	OK	 
GROUP	StarAPI,GetStarUIMemberDetail	1624545590695	1624545591075	379	OK
REQUEST	StarAPI,GetStarUIMemberDetail	GetStarUIMemberDetail	1624545591269	1624545591727	OK	 
GROUP	StarAPI,GetStarUIMemberDetail	1624545591268	1624545591727	458	OK
REQUEST	StarAPI,GetEpisodeOfCare	GetEpisodeOfCare	1624545591312	1624545591745	OK	 
GROUP	StarAPI,GetEpisodeOfCare	1624545591312	1624545591745	433	OK
REQUEST	StarAPI,ChatTranscript	ChatTranscript	1624545591755	1624545591827	OK	 
GROUP	StarAPI,ChatTranscript	1624545591754	1624545591828	72	OK
REQUEST	StarAPI,ChatTranscript	ChatTranscript	1624545591825	1624545591895	OK	 
GROUP	StarAPI,ChatTranscript	1624545591824	1624545591895	70	OK
REQUEST	StarAPI,GetStarNote	GetStarNote	1624545591796	1624545591945	OK	 
GROUP	StarAPI,GetStarNote	1624545591795	1624545591946	149	OK
REQUEST	StarAPI,GetStarNote	GetStarNote	1624545591941	1624545592198	OK	 
GROUP	StarAPI,GetStarNote	1624545591940	1624545592198	257	OK
REQUEST	StarAPI,GetStarUIMemberList	GetStarUIMemberList	1624545591498	1624545592260	OK	 
GROUP	StarAPI,GetStarUIMemberList	1624545591498	1624545592260	762	OK
REQUEST	StarAPI,GetStarUIMemberDetail	GetStarUIMemberDetail	1624545591889	1624545592277	OK	 
GROUP	StarAPI,GetStarUIMemberDetail	1624545591888	1624545592277	388	OK
REQUEST	StarAPI,ChatTranscript	ChatTranscript	1624545592673	1624545592776	OK	 
GROUP	StarAPI,ChatTranscript	1624545592673	1624545592777	103	OK
REQUEST	StarAPI,GetStarUIMemberList	GetStarUIMemberList	1624545592198	1624545592894	OK	 
GROUP	StarAPI,GetStarUIMemberList	1624545592197	1624545592894	696	OK
GROUP	StarAPI	1624545580599	1624545592982	2825	OK
REQUEST	StarAPI,LOGIN	LOGIN	1624545592983	1624545593075	OK	 
GROUP	StarAPI,LOGIN	1624545592983	1624545593075	92	OK
GROUP	StarAPI	1624545583280	1624545593602	2045	OK
REQUEST	StarAPI,LOGIN	LOGIN	1624545593602	1624545593710	OK	 
GROUP	StarAPI,LOGIN	1624545593602	1624545593710	108	OK
REQUEST	StarAPI,ChatTranscript	ChatTranscript	1624545593317	1624545593836	OK	 
GROUP	StarAPI,ChatTranscript	1624545593316	1624545593836	519	OK
REQUEST	StarAPI,ChatTranscript	ChatTranscript	1624545593383	1624545593853	OK	 
GROUP	StarAPI,ChatTranscript	1624545593383	1624545593853	470	OK
REQUEST	StarAPI,GetStarUIMemberList	GetStarUIMemberList	1624545592794	1624545593876	OK	 
GROUP	StarAPI,GetStarUIMemberList	1624545592794	1624545593877	1082	OK
GROUP	StarAPI	1624545583432	1624545594213	2268	OK
REQUEST	StarAPI,GetEpisodeOfCare	GetEpisodeOfCare	1624545593853	1624545594240	OK	 
GROUP	StarAPI,GetEpisodeOfCare	1624545593852	1624545594241	387	OK
REQUEST	StarAPI,GetStarUIMemberDetail	GetStarUIMemberDetail	1624545593728	1624545594301	OK	 
GROUP	StarAPI,GetStarUIMemberDetail	1624545593727	1624545594301	573	OK
REQUEST	StarAPI,GetEpisodeOfCare	GetEpisodeOfCare	1624545593854	1624545594396	OK	 
GROUP	StarAPI,GetEpisodeOfCare	1624545593853	1624545594396	542	OK
REQUEST	StarAPI,GetStarUIMemberDetail	GetStarUIMemberDetail	1624545594331	1624545594763	OK	 
GROUP	StarAPI,GetStarUIMemberDetail	1624545594330	1624545594763	432	OK
GROUP	StarAPI	1624545583285	1624545595039	3228	OK
REQUEST	StarAPI,LOGIN	LOGIN	1624545595040	1624545595113	OK	 
GROUP	StarAPI,LOGIN	1624545595040	1624545595114	73	OK
REQUEST	StarAPI,GetStarNote	GetStarNote	1624545595067	1624545595206	OK	 
GROUP	StarAPI,GetStarNote	1624545595066	1624545595207	139	OK
REQUEST	StarAPI,LOGIN	LOGIN	1624545594213	1624545595484	OK	 
GROUP	StarAPI,LOGIN	1624545594213	1624545595485	1271	OK
GROUP	StarAPI	1624545582859	1624545595489	2973	OK
REQUEST	StarAPI,LOGIN	LOGIN	1624545595490	1624545595556	OK	 
GROUP	StarAPI,LOGIN	1624545595489	1624545595557	66	OK
REQUEST	StarAPI,GetStarNote	GetStarNote	1624545595662	1624545595822	OK	 
GROUP	StarAPI,GetStarNote	1624545595661	1624545595823	160	OK
REQUEST	StarAPI,ChatTranscript	ChatTranscript	1624545595798	1624545596064	OK	 
GROUP	StarAPI,ChatTranscript	1624545595797	1624545596065	266	OK
REQUEST	StarAPI,ChatTranscript	ChatTranscript	1624545595840	1624545596112	OK	 
GROUP	StarAPI,ChatTranscript	1624545595839	1624545596112	272	OK
REQUEST	StarAPI,GetStarUIMemberDetail	GetStarUIMemberDetail	1624545595858	1624545596253	OK	 
GROUP	StarAPI,GetStarUIMemberDetail	1624545595857	1624545596254	395	OK
REQUEST	StarAPI,GetStarNote	GetStarNote	1624545596268	1624545596431	OK	 
GROUP	StarAPI,GetStarNote	1624545596267	1624545596432	163	OK
REQUEST	StarAPI,GetStarUIMemberList	GetStarUIMemberList	1624545595795	1624545596671	OK	 
GROUP	StarAPI,GetStarUIMemberList	1624545595795	1624545596671	876	OK
REQUEST	StarAPI,GetEpisodeOfCare	GetEpisodeOfCare	1624545596379	1624545596945	OK	 
GROUP	StarAPI,GetEpisodeOfCare	1624545596379	1624545596945	566	OK
REQUEST	StarAPI,GetStarNote	GetStarNote	1624545596797	1624545597016	OK	 
GROUP	StarAPI,GetStarNote	1624545596796	1624545597016	219	OK
REQUEST	StarAPI,GetStarNote	GetStarNote	1624545596717	1624545597042	OK	 
GROUP	StarAPI,GetStarNote	1624545596716	1624545597043	325	OK
REQUEST	StarAPI,GetStarUIMemberList	GetStarUIMemberList	1624545596270	1624545597199	OK	 
GROUP	StarAPI,GetStarUIMemberList	1624545596269	1624545597199	929	OK
GROUP	StarAPI	1624545585996	1624545597797	2809	OK
REQUEST	StarAPI,LOGIN	LOGIN	1624545597797	1624545597859	OK	 
GROUP	StarAPI,LOGIN	1624545597797	1624545597859	62	OK
GROUP	StarAPI	1624545586782	1624545598042	2487	OK
REQUEST	StarAPI,LOGIN	LOGIN	1624545598042	1624545598103	OK	 
GROUP	StarAPI,LOGIN	1624545598042	1624545598104	61	OK
REQUEST	StarAPI,GetEpisodeOfCare	GetEpisodeOfCare	1624545597733	1624545598306	OK	 
GROUP	StarAPI,GetEpisodeOfCare	1624545597732	1624545598307	573	OK
REQUEST	StarAPI,ChatTranscript	ChatTranscript	1624545598161	1624545598419	OK	 
GROUP	StarAPI,ChatTranscript	1624545598160	1624545598420	258	OK
REQUEST	StarAPI,GetEpisodeOfCare	GetEpisodeOfCare	1624545598091	1624545598692	OK	 
GROUP	StarAPI,GetEpisodeOfCare	1624545598090	1624545598693	601	OK
REQUEST	StarAPI,GetStarUIMemberList	GetStarUIMemberList	1624545598364	1624545599143	OK	 
GROUP	StarAPI,GetStarUIMemberList	1624545598364	1624545599144	779	OK
REQUEST	StarAPI,GetEpisodeOfCare	GetEpisodeOfCare	1624545598589	1624545599197	OK	 
GROUP	StarAPI,GetEpisodeOfCare	1624545598588	1624545599198	608	OK
REQUEST	StarAPI,GetEpisodeOfCare	GetEpisodeOfCare	1624545598576	1624545599259	OK	 
GROUP	StarAPI,GetEpisodeOfCare	1624545598576	1624545599259	683	OK
REQUEST	StarAPI,GetStarUIMemberDetail	GetStarUIMemberDetail	1624545598617	1624545599267	OK	 
GROUP	StarAPI,GetStarUIMemberDetail	1624545598616	1624545599268	650	OK
REQUEST	StarAPI,GetStarNote	GetStarNote	1624545599169	1624545599382	OK	 
GROUP	StarAPI,GetStarNote	1624545599169	1624545599383	213	OK
REQUEST	StarAPI,GetStarNote	GetStarNote	1624545599372	1624545599513	OK	 
GROUP	StarAPI,GetStarNote	1624545599372	1624545599514	141	OK
REQUEST	StarAPI,GetStarUIMemberDetail	GetStarUIMemberDetail	1624545599193	1624545599569	OK	 
GROUP	StarAPI,GetStarUIMemberDetail	1624545599193	1624545599569	376	OK
GROUP	StarAPI	1624545587718	1624545599703	2608	OK
REQUEST	StarAPI,LOGIN	LOGIN	1624545599703	1624545599772	OK	 
GROUP	StarAPI,LOGIN	1624545599703	1624545599773	69	OK
REQUEST	StarAPI,ChatTranscript	ChatTranscript	1624545600773	1624545600989	OK	 
GROUP	StarAPI,ChatTranscript	1624545600772	1624545600990	216	OK
REQUEST	StarAPI,ChatTranscript	ChatTranscript	1624545600984	1624545601058	OK	 
GROUP	StarAPI,ChatTranscript	1624545600984	1624545601058	74	OK
REQUEST	StarAPI,GetStarUIMemberList	GetStarUIMemberList	1624545600017	1624545601065	OK	 
GROUP	StarAPI,GetStarUIMemberList	1624545600017	1624545601065	1048	OK
REQUEST	StarAPI,GetStarUIMemberDetail	GetStarUIMemberDetail	1624545600826	1624545601504	OK	 
GROUP	StarAPI,GetStarUIMemberDetail	1624545600825	1624545601504	678	OK
REQUEST	StarAPI,GetStarNote	GetStarNote	1624545601143	1624545601864	OK	 
GROUP	StarAPI,GetStarNote	1624545601143	1624545601865	721	OK
REQUEST	StarAPI,GetStarUIMemberList	GetStarUIMemberList	1624545600290	1624545601888	OK	 
GROUP	StarAPI,GetStarUIMemberList	1624545600290	1624545601888	1598	OK
REQUEST	StarAPI,GetEpisodeOfCare	GetEpisodeOfCare	1624545601458	1624545601974	OK	 
GROUP	StarAPI,GetEpisodeOfCare	1624545601458	1624545601975	516	OK
REQUEST	StarAPI,GetEpisodeOfCare	GetEpisodeOfCare	1624545601272	1624545602010	OK	 
GROUP	StarAPI,GetEpisodeOfCare	1624545601271	1624545602011	738	OK
GROUP	StarAPI	1624545590478	1624545602278	2239	OK
REQUEST	StarAPI,GetStarUIMemberList	GetStarUIMemberList	1624545601077	1624545602294	OK	 
GROUP	StarAPI,GetStarUIMemberList	1624545601077	1624545602295	1217	OK
REQUEST	StarAPI,GetStarUIMemberList	GetStarUIMemberList	1624545600328	1624545602294	OK	 
GROUP	StarAPI,GetStarUIMemberList	1624545600328	1624545602295	1966	OK
REQUEST	StarAPI,LOGIN	LOGIN	1624545602279	1624545602342	OK	 
GROUP	StarAPI,LOGIN	1624545602278	1624545602343	63	OK
GROUP	StarAPI	1624545589802	1624545602703	2338	OK
REQUEST	StarAPI,LOGIN	LOGIN	1624545602703	1624545602765	OK	 
GROUP	StarAPI,LOGIN	1624545602703	1624545602765	62	OK
REQUEST	StarAPI,ChatTranscript	ChatTranscript	1624545602680	1624545602768	OK	 
GROUP	StarAPI,ChatTranscript	1624545602680	1624545602768	88	OK
REQUEST	StarAPI,GetStarUIMemberDetail	GetStarUIMemberDetail	1624545602675	1624545603059	OK	 
GROUP	StarAPI,GetStarUIMemberDetail	1624545602674	1624545603059	384	OK
REQUEST	StarAPI,GetStarUIMemberDetail	GetStarUIMemberDetail	1624545602907	1624545603362	OK	 
GROUP	StarAPI,GetStarUIMemberDetail	1624545602906	1624545603363	455	OK
REQUEST	StarAPI,GetStarUIMemberList	GetStarUIMemberList	1624545603097	1624545603825	OK	 
GROUP	StarAPI,GetStarUIMemberList	1624545603097	1624545603825	728	OK
REQUEST	StarAPI,GetEpisodeOfCare	GetEpisodeOfCare	1624545603616	1624545603988	OK	 
GROUP	StarAPI,GetEpisodeOfCare	1624545603616	1624545603988	372	OK
REQUEST	StarAPI,GetStarUIMemberList	GetStarUIMemberList	1624545603415	1624545604113	OK	 
GROUP	StarAPI,GetStarUIMemberList	1624545603414	1624545604114	698	OK
GROUP	StarAPI	1624545592983	1624545604133	2342	OK
REQUEST	StarAPI,LOGIN	LOGIN	1624545604133	1624545604195	OK	 
GROUP	StarAPI,LOGIN	1624545604133	1624545604196	62	OK
REQUEST	StarAPI,GetStarUIMemberDetail	GetStarUIMemberDetail	1624545603944	1624545604331	OK	 
GROUP	StarAPI,GetStarUIMemberDetail	1624545603943	1624545604332	387	OK
REQUEST	StarAPI,GetStarUIMemberDetail	GetStarUIMemberDetail	1624545604010	1624545604393	OK	 
GROUP	StarAPI,GetStarUIMemberDetail	1624545604010	1624545604394	383	OK
REQUEST	StarAPI,GetStarNote	GetStarNote	1624545604192	1624545604400	OK	 
GROUP	StarAPI,GetStarNote	1624545604191	1624545604400	208	OK
REQUEST	StarAPI,GetStarNote	GetStarNote	1624545604441	1624545604579	OK	 
GROUP	StarAPI,GetStarNote	1624545604440	1624545604580	138	OK
REQUEST	StarAPI,ChatTranscript	ChatTranscript	1624545604503	1624545604583	OK	 
GROUP	StarAPI,ChatTranscript	1624545604502	1624545604583	80	OK
REQUEST	StarAPI,ChatTranscript	ChatTranscript	1624545604937	1624545605051	OK	 
GROUP	StarAPI,ChatTranscript	1624545604937	1624545605051	114	OK
REQUEST	StarAPI,GetStarUIMemberDetail	GetStarUIMemberDetail	1624545605250	1624545605681	OK	 
GROUP	StarAPI,GetStarUIMemberDetail	1624545605250	1624545605681	431	OK
GROUP	StarAPI	1624545595489	1624545605844	3207	OK
REQUEST	StarAPI,ChatTranscript	ChatTranscript	1624545605872	1624545606357	OK	 
GROUP	StarAPI,ChatTranscript	1624545605871	1624545606358	485	OK
REQUEST	StarAPI,GetEpisodeOfCare	GetEpisodeOfCare	1624545605670	1624545606359	OK	 
GROUP	StarAPI,GetEpisodeOfCare	1624545605669	1624545606360	689	OK
REQUEST	StarAPI,GetStarUIMemberDetail	GetStarUIMemberDetail	1624545605804	1624545606363	OK	 
GROUP	StarAPI,GetStarUIMemberDetail	1624545605803	1624545606363	559	OK
REQUEST	StarAPI,ChatTranscript	ChatTranscript	1624545606261	1624545606373	OK	 
GROUP	StarAPI,ChatTranscript	1624545606260	1624545606374	112	OK
REQUEST	StarAPI,LOGIN	LOGIN	1624545605845	1624545606455	OK	 
GROUP	StarAPI,LOGIN	1624545605845	1624545606455	610	OK
REQUEST	StarAPI,GetStarNote	GetStarNote	1624545606110	1624545606564	OK	 
GROUP	StarAPI,GetStarNote	1624545606110	1624545606565	454	OK
REQUEST	StarAPI,GetStarUIMemberList	GetStarUIMemberList	1624545605800	1624545606582	OK	 
GROUP	StarAPI,GetStarUIMemberList	1624545605800	1624545606582	782	OK
GROUP	StarAPI	1624545593602	1624545606586	2387	OK
REQUEST	StarAPI,GetEpisodeOfCare	GetEpisodeOfCare	1624545606337	1624545606703	OK	 
GROUP	StarAPI,GetEpisodeOfCare	1624545606336	1624545606703	366	OK
REQUEST	StarAPI,LOGIN	LOGIN	1624545606587	1624545606840	OK	 
GROUP	StarAPI,LOGIN	1624545606586	1624545606841	253	OK
GROUP	StarAPI	1624545594213	1624545607366	4187	OK
REQUEST	StarAPI,LOGIN	LOGIN	1624545607367	1624545607434	OK	 
GROUP	StarAPI,LOGIN	1624545607367	1624545607434	67	OK
REQUEST	StarAPI,ChatTranscript	ChatTranscript	1624545607418	1624545607538	OK	 
GROUP	StarAPI,ChatTranscript	1624545607418	1624545607538	120	OK
GROUP	StarAPI	1624545595040	1624545607983	3298	OK
REQUEST	StarAPI,ChatTranscript	ChatTranscript	1624545608093	1624545608171	OK	 
GROUP	StarAPI,ChatTranscript	1624545608093	1624545608172	78	OK
REQUEST	StarAPI,LOGIN	LOGIN	1624545607983	1624545608230	OK	 
GROUP	StarAPI,LOGIN	1624545607983	1624545608230	247	OK
REQUEST	StarAPI,GetStarNote	GetStarNote	1624545607807	1624545608325	OK	 
GROUP	StarAPI,GetStarNote	1624545607807	1624545608325	518	OK
REQUEST	StarAPI,GetStarUIMemberList	GetStarUIMemberList	1624545607519	1624545608345	OK	 
GROUP	StarAPI,GetStarUIMemberList	1624545607519	1624545608346	826	OK
REQUEST	StarAPI,GetEpisodeOfCare	GetEpisodeOfCare	1624545608006	1624545608575	OK	 
GROUP	StarAPI,GetEpisodeOfCare	1624545608006	1624545608575	569	OK
REQUEST	StarAPI,GetStarUIMemberList	GetStarUIMemberList	1624545607875	1624545608733	OK	 
GROUP	StarAPI,GetStarUIMemberList	1624545607875	1624545608733	858	OK
REQUEST	StarAPI,GetStarUIMemberDetail	GetStarUIMemberDetail	1624545608257	1624545608873	OK	 
REQUEST	StarAPI,GetStarNote	GetStarNote	1624545608587	1624545608873	OK	 
GROUP	StarAPI,GetStarNote	1624545608587	1624545608873	286	OK
GROUP	StarAPI,GetStarUIMemberDetail	1624545608256	1624545608873	616	OK
REQUEST	StarAPI,GetStarNote	GetStarNote	1624545608706	1624545608961	OK	 
GROUP	StarAPI,GetStarNote	1624545608706	1624545608962	255	OK
GROUP	StarAPI	1624545598042	1624545609216	2261	OK
REQUEST	StarAPI,LOGIN	LOGIN	1624545609217	1624545609470	OK	 
GROUP	StarAPI,LOGIN	1624545609217	1624545609471	253	OK
REQUEST	StarAPI,GetStarNote	GetStarNote	1624545609372	1624545609535	OK	 
GROUP	StarAPI,GetStarNote	1624545609372	1624545609536	163	OK
GROUP	StarAPI	1624545597797	1624545609973	2084	OK
REQUEST	StarAPI,ChatTranscript	ChatTranscript	1624545609945	1624545610018	OK	 
GROUP	StarAPI,ChatTranscript	1624545609945	1624545610018	73	OK
REQUEST	StarAPI,GetStarUIMemberDetail	GetStarUIMemberDetail	1624545609811	1624545610277	OK	 
GROUP	StarAPI,GetStarUIMemberDetail	1624545609811	1624545610277	466	OK
REQUEST	StarAPI,LOGIN	LOGIN	1624545609974	1624545610315	OK	 
GROUP	StarAPI,LOGIN	1624545609973	1624545610315	341	OK
REQUEST	StarAPI,GetEpisodeOfCare	GetEpisodeOfCare	1624545610277	1624545610861	OK	 
GROUP	StarAPI,GetEpisodeOfCare	1624545610277	1624545610862	584	OK
REQUEST	StarAPI,GetEpisodeOfCare	GetEpisodeOfCare	1624545610116	1624545610960	OK	 
GROUP	StarAPI,GetEpisodeOfCare	1624545610116	1624545610960	844	OK
REQUEST	StarAPI,GetEpisodeOfCare	GetEpisodeOfCare	1624545610143	1624545611077	OK	 
GROUP	StarAPI,GetEpisodeOfCare	1624545610143	1624545611077	934	OK
REQUEST	StarAPI,GetStarNote	GetStarNote	1624545610779	1624545611156	OK	 
GROUP	StarAPI,GetStarNote	1624545610778	1624545611156	377	OK
REQUEST	StarAPI,GetStarUIMemberDetail	GetStarUIMemberDetail	1624545610686	1624545611259	OK	 
GROUP	StarAPI,GetStarUIMemberDetail	1624545610685	1624545611260	573	OK
REQUEST	StarAPI,GetStarUIMemberList	GetStarUIMemberList	1624545610237	1624545611481	OK	 
GROUP	StarAPI,GetStarUIMemberList	1624545610236	1624545611481	1244	OK
REQUEST	StarAPI,GetEpisodeOfCare	GetEpisodeOfCare	1624545611105	1624545611569	OK	 
GROUP	StarAPI,GetEpisodeOfCare	1624545611105	1624545611570	464	OK
REQUEST	StarAPI,GetStarNote	GetStarNote	1624545611329	1624545611750	OK	 
GROUP	StarAPI,GetStarNote	1624545611329	1624545611751	421	OK
REQUEST	StarAPI,ChatTranscript	ChatTranscript	1624545611686	1624545611774	OK	 
GROUP	StarAPI,ChatTranscript	1624545611686	1624545611774	88	OK
GROUP	StarAPI	1624545599703	1624545611992	2633	OK
REQUEST	StarAPI,LOGIN	LOGIN	1624545611993	1624545612248	OK	 
GROUP	StarAPI,LOGIN	1624545611992	1624545612248	255	OK
REQUEST	StarAPI,ChatTranscript	ChatTranscript	1624545612858	1624545612997	OK	 
GROUP	StarAPI,ChatTranscript	1624545612858	1624545612997	139	OK
REQUEST	StarAPI,GetStarUIMemberList	GetStarUIMemberList	1624545612311	1624545613005	OK	 
GROUP	StarAPI,GetStarUIMemberList	1624545612310	1624545613005	694	OK
GROUP	StarAPI	1624545602703	1624545613308	2269	OK
REQUEST	StarAPI,GetStarUIMemberList	GetStarUIMemberList	1624545612592	1624545613488	OK	 
GROUP	StarAPI,GetStarUIMemberList	1624545612592	1624545613489	896	OK
REQUEST	StarAPI,GetEpisodeOfCare	GetEpisodeOfCare	1624545612777	1624545613492	OK	 
GROUP	StarAPI,GetEpisodeOfCare	1624545612777	1624545613493	715	OK
REQUEST	StarAPI,LOGIN	LOGIN	1624545613309	1624545613562	OK	 
GROUP	StarAPI,LOGIN	1624545613309	1624545613562	253	OK
REQUEST	StarAPI,GetStarUIMemberDetail	GetStarUIMemberDetail	1624545612983	1624545613757	OK	 
GROUP	StarAPI,GetStarUIMemberDetail	1624545612983	1624545613758	774	OK
REQUEST	StarAPI,GetEpisodeOfCare	GetEpisodeOfCare	1624545612991	1624545613841	OK	 
GROUP	StarAPI,GetEpisodeOfCare	1624545612991	1624545613841	850	OK
REQUEST	StarAPI,GetStarUIMemberList	GetStarUIMemberList	1624545612829	1624545614087	OK	 
GROUP	StarAPI,GetStarUIMemberList	1624545612828	1624545614088	1258	OK
REQUEST	StarAPI,GetStarNote	GetStarNote	1624545613935	1624545614122	OK	 
GROUP	StarAPI,GetStarNote	1624545613934	1624545614122	187	OK
REQUEST	StarAPI,GetStarUIMemberList	GetStarUIMemberList	1624545612846	1624545614185	OK	 
GROUP	StarAPI,GetStarUIMemberList	1624545612846	1624545614185	1339	OK
GROUP	StarAPI	1624545602278	1624545614324	2207	OK
REQUEST	StarAPI,LOGIN	LOGIN	1624545614324	1624545614577	OK	 
GROUP	StarAPI,LOGIN	1624545614324	1624545614578	253	OK
REQUEST	StarAPI,GetStarUIMemberDetail	GetStarUIMemberDetail	1624545614284	1624545614663	OK	 
GROUP	StarAPI,GetStarUIMemberDetail	1624545614284	1624545614663	379	OK
REQUEST	StarAPI,ChatTranscript	ChatTranscript	1624545614932	1624545615003	OK	 
GROUP	StarAPI,ChatTranscript	1624545614931	1624545615004	71	OK
REQUEST	StarAPI,GetStarUIMemberList	GetStarUIMemberList	1624545614721	1624545615418	OK	 
GROUP	StarAPI,GetStarUIMemberList	1624545614720	1624545615419	697	OK
REQUEST	StarAPI,GetStarNote	GetStarNote	1624545615367	1624545615552	OK	 
GROUP	StarAPI,GetStarNote	1624545615367	1624545615552	185	OK
REQUEST	StarAPI,GetStarUIMemberDetail	GetStarUIMemberDetail	1624545615233	1624545615613	OK	 
GROUP	StarAPI,GetStarUIMemberDetail	1624545615233	1624545615613	380	OK
REQUEST	StarAPI,GetStarUIMemberList	GetStarUIMemberList	1624545614982	1624545615690	OK	 
GROUP	StarAPI,GetStarUIMemberList	1624545614982	1624545615690	708	OK
REQUEST	StarAPI,GetStarUIMemberDetail	GetStarUIMemberDetail	1624545615610	1624545615993	OK	 
GROUP	StarAPI,GetStarUIMemberDetail	1624545615610	1624545615993	383	OK
REQUEST	StarAPI,GetStarUIMemberDetail	GetStarUIMemberDetail	1624545615596	1624545616028	OK	 
GROUP	StarAPI,GetStarUIMemberDetail	1624545615596	1624545616028	432	OK
REQUEST	StarAPI,GetStarNote	GetStarNote	1624545615857	1624545616089	OK	 
GROUP	StarAPI,GetStarNote	1624545615857	1624545616089	232	OK
REQUEST	StarAPI,ChatTranscript	ChatTranscript	1624545616228	1624545616333	OK	 
GROUP	StarAPI,ChatTranscript	1624545616228	1624545616333	105	OK
REQUEST	StarAPI,GetEpisodeOfCare	GetEpisodeOfCare	1624545616006	1624545616392	OK	 
GROUP	StarAPI,GetEpisodeOfCare	1624545616005	1624545616393	386	OK
GROUP	StarAPI	1624545604133	1624545616750	3174	OK
REQUEST	StarAPI,ChatTranscript	ChatTranscript	1624545616912	1624545616983	OK	 
GROUP	StarAPI,ChatTranscript	1624545616912	1624545616983	71	OK
REQUEST	StarAPI,LOGIN	LOGIN	1624545616751	1624545616997	OK	 
GROUP	StarAPI,LOGIN	1624545616751	1624545616997	246	OK
REQUEST	StarAPI,GetStarUIMemberDetail	GetStarUIMemberDetail	1624545616488	1624545617005	OK	 
GROUP	StarAPI,GetStarUIMemberDetail	1624545616487	1624545617006	517	OK
REQUEST	StarAPI,GetEpisodeOfCare	GetEpisodeOfCare	1624545616696	1624545617061	OK	 
GROUP	StarAPI,GetEpisodeOfCare	1624545616695	1624545617061	365	OK
REQUEST	StarAPI,GetStarUIMemberDetail	GetStarUIMemberDetail	1624545616842	1624545617262	OK	 
GROUP	StarAPI,GetStarUIMemberDetail	1624545616842	1624545617262	420	OK
REQUEST	StarAPI,ChatTranscript	ChatTranscript	1624545617190	1624545617263	OK	 
GROUP	StarAPI,ChatTranscript	1624545617190	1624545617264	73	OK
REQUEST	StarAPI,ChatTranscript	ChatTranscript	1624545617581	1624545617659	OK	 
GROUP	StarAPI,ChatTranscript	1624545617580	1624545617659	78	OK
REQUEST	StarAPI,GetEpisodeOfCare	GetEpisodeOfCare	1624545617538	1624545617907	OK	 
GROUP	StarAPI,GetEpisodeOfCare	1624545617537	1624545617907	369	OK
REQUEST	StarAPI,GetStarUIMemberList	GetStarUIMemberList	1624545617587	1624545618265	OK	 
GROUP	StarAPI,GetStarUIMemberList	1624545617587	1624545618266	678	OK
GROUP	StarAPI	1624545606586	1624545618329	2270	OK
REQUEST	StarAPI,ChatTranscript	ChatTranscript	1624545618284	1624545618365	OK	 
GROUP	StarAPI,ChatTranscript	1624545618284	1624545618365	81	OK
REQUEST	StarAPI,LOGIN	LOGIN	1624545618329	1624545618406	OK	 
GROUP	StarAPI,LOGIN	1624545618329	1624545618407	77	OK
GROUP	StarAPI	1624545605844	1624545618762	3319	OK
REQUEST	StarAPI,GetStarNote	GetStarNote	1624545618652	1624545618817	OK	 
GROUP	StarAPI,GetStarNote	1624545618652	1624545618817	165	OK
REQUEST	StarAPI,LOGIN	LOGIN	1624545618762	1624545618828	OK	 
GROUP	StarAPI,LOGIN	1624545618762	1624545618829	66	OK
REQUEST	StarAPI,GetStarUIMemberList	GetStarUIMemberList	1624545618145	1624545618882	OK	 
GROUP	StarAPI,GetStarUIMemberList	1624545618144	1624545618882	737	OK
GROUP	StarAPI	1624545607983	1624545618884	2718	OK
REQUEST	StarAPI,LOGIN	LOGIN	1624545618885	1624545618947	OK	 
GROUP	StarAPI,LOGIN	1624545618884	1624545618947	62	OK
REQUEST	StarAPI,ChatTranscript	ChatTranscript	1624545619008	1624545619094	OK	 
GROUP	StarAPI,ChatTranscript	1624545619008	1624545619094	86	OK
GROUP	StarAPI	1624545607366	1624545619257	3006	OK
REQUEST	StarAPI,LOGIN	LOGIN	1624545619258	1624545619317	OK	 
GROUP	StarAPI,LOGIN	1624545619257	1624545619317	59	OK
GROUP	StarAPI	1624545609973	1624545619533	2772	OK
REQUEST	StarAPI,LOGIN	LOGIN	1624545619534	1624545619597	OK	 
GROUP	StarAPI,LOGIN	1624545619533	1624545619598	63	OK
GROUP	StarAPI	1624545609217	1624545620589	2694	OK
REQUEST	StarAPI,GetStarUIMemberDetail	GetStarUIMemberDetail	1624545620026	1624545620830	OK	 
GROUP	StarAPI,GetStarUIMemberDetail	1624545620026	1624545620830	804	OK
REQUEST	StarAPI,GetStarUIMemberDetail	GetStarUIMemberDetail	1624545620327	1624545620859	OK	 
GROUP	StarAPI,GetStarUIMemberDetail	1624545620327	1624545620859	532	OK
REQUEST	StarAPI,LOGIN	LOGIN	1624545620590	1624545620866	OK	 
GROUP	StarAPI,LOGIN	1624545620590	1624545620866	276	OK
REQUEST	StarAPI,GetStarUIMemberList	GetStarUIMemberList	1624545619845	1624545620892	OK	 
GROUP	StarAPI,GetStarUIMemberList	1624545619844	1624545620892	1047	OK
REQUEST	StarAPI,GetEpisodeOfCare	GetEpisodeOfCare	1624545620353	1624545620927	OK	 
GROUP	StarAPI,GetEpisodeOfCare	1624545620353	1624545620927	574	OK
REQUEST	StarAPI,GetStarNote	GetStarNote	1624545620538	1624545620936	OK	 
GROUP	StarAPI,GetStarNote	1624545620537	1624545620936	398	OK
REQUEST	StarAPI,GetStarNote	GetStarNote	1624545620315	1624545620939	OK	 
GROUP	StarAPI,GetStarNote	1624545620314	1624545620939	624	OK
REQUEST	StarAPI,GetStarNote	GetStarNote	1624545620801	1624545620949	OK	 
GROUP	StarAPI,GetStarNote	1624545620800	1624545620949	148	OK
REQUEST	StarAPI,GetStarNote	GetStarNote	1624545620816	1624545620971	OK	 
GROUP	StarAPI,GetStarNote	1624545620815	1624545620972	155	OK
REQUEST	StarAPI,GetStarNote	GetStarNote	1624545621265	1624545621411	OK	 
GROUP	StarAPI,GetStarNote	1624545621264	1624545621412	146	OK
REQUEST	StarAPI,ChatTranscript	ChatTranscript	1624545622261	1624545622337	OK	 
GROUP	StarAPI,ChatTranscript	1624545622260	1624545622337	76	OK
REQUEST	StarAPI,GetStarUIMemberDetail	GetStarUIMemberDetail	1624545621986	1624545622496	OK	 
GROUP	StarAPI,GetStarUIMemberDetail	1624545621986	1624545622496	510	OK
REQUEST	StarAPI,GetStarNote	GetStarNote	1624545622504	1624545622649	OK	 
GROUP	StarAPI,GetStarNote	1624545622503	1624545622649	145	OK
REQUEST	StarAPI,GetEpisodeOfCare	GetEpisodeOfCare	1624545622223	1624545622852	OK	 
GROUP	StarAPI,GetEpisodeOfCare	1624545622223	1624545622852	629	OK
REQUEST	StarAPI,ChatTranscript	ChatTranscript	1624545622643	1624545622930	OK	 
GROUP	StarAPI,ChatTranscript	1624545622643	1624545622930	287	OK
REQUEST	StarAPI,GetEpisodeOfCare	GetEpisodeOfCare	1624545622572	1624545623234	OK	 
GROUP	StarAPI,GetEpisodeOfCare	1624545622571	1624545623235	662	OK
REQUEST	StarAPI,GetEpisodeOfCare	GetEpisodeOfCare	1624545622478	1624545623239	OK	 
GROUP	StarAPI,GetEpisodeOfCare	1624545622478	1624545623240	761	OK
REQUEST	StarAPI,GetEpisodeOfCare	GetEpisodeOfCare	1624545622657	1624545623467	OK	 
GROUP	StarAPI,GetEpisodeOfCare	1624545622656	1624545623468	810	OK
REQUEST	StarAPI,GetEpisodeOfCare	GetEpisodeOfCare	1624545622912	1624545623640	OK	 
GROUP	StarAPI,GetEpisodeOfCare	1624545622912	1624545623641	728	OK
REQUEST	StarAPI,GetStarUIMemberList	GetStarUIMemberList	1624545622833	1624545623875	OK	 
GROUP	StarAPI,GetStarUIMemberList	1624545622833	1624545623875	1042	OK
GROUP	StarAPI	1624545611992	1624545624063	2386	OK
REQUEST	StarAPI,LOGIN	LOGIN	1624545624064	1624545624124	OK	 
GROUP	StarAPI,LOGIN	1624545624064	1624545624125	60	OK
GROUP	StarAPI	1624545613309	1624545624673	2359	OK
REQUEST	StarAPI,ChatTranscript	ChatTranscript	1624545624457	1624545624727	OK	 
GROUP	StarAPI,ChatTranscript	1624545624457	1624545624727	270	OK
REQUEST	StarAPI,LOGIN	LOGIN	1624545624674	1624545624734	OK	 
GROUP	StarAPI,LOGIN	1624545624673	1624545624734	60	OK
REQUEST	StarAPI,GetStarUIMemberList	GetStarUIMemberList	1624545624308	1624545625011	OK	 
GROUP	StarAPI,GetStarUIMemberList	1624545624307	1624545625011	703	OK
REQUEST	StarAPI,GetStarUIMemberList	GetStarUIMemberList	1624545624362	1624545625271	OK	 
GROUP	StarAPI,GetStarUIMemberList	1624545624361	1624545625271	909	OK
REQUEST	StarAPI,GetEpisodeOfCare	GetEpisodeOfCare	1624545624566	1624545625293	OK	 
GROUP	StarAPI,GetEpisodeOfCare	1624545624566	1624545625294	727	OK
REQUEST	StarAPI,GetStarUIMemberDetail	GetStarUIMemberDetail	1624545624959	1624545625533	OK	 
GROUP	StarAPI,GetStarUIMemberDetail	1624545624959	1624545625534	574	OK
REQUEST	StarAPI,GetStarUIMemberList	GetStarUIMemberList	1624545624764	1624545625720	OK	 
GROUP	StarAPI,GetStarUIMemberList	1624545624764	1624545625720	956	OK
REQUEST	StarAPI,GetStarUIMemberList	GetStarUIMemberList	1624545624980	1624545625847	OK	 
GROUP	StarAPI,GetStarUIMemberList	1624545624980	1624545625848	867	OK
REQUEST	StarAPI,GetStarNote	GetStarNote	1624545625673	1624545625999	OK	 
GROUP	StarAPI,GetStarNote	1624545625672	1624545626000	326	OK
REQUEST	StarAPI,GetStarUIMemberList	GetStarUIMemberList	1624545625437	1624545626127	OK	 
GROUP	StarAPI,GetStarUIMemberList	1624545625437	1624545626128	690	OK
REQUEST	StarAPI,GetStarNote	GetStarNote	1624545626208	1624545626359	OK	 
GROUP	StarAPI,GetStarNote	1624545626208	1624545626360	151	OK
GROUP	StarAPI	1624545614324	1624545626558	2681	OK
REQUEST	StarAPI,LOGIN	LOGIN	1624545626559	1624545626628	OK	 
GROUP	StarAPI,LOGIN	1624545626559	1624545626628	69	OK
REQUEST	StarAPI,GetStarUIMemberDetail	GetStarUIMemberDetail	1624545626615	1624545627324	OK	 
GROUP	StarAPI,GetStarUIMemberDetail	1624545626615	1624545627324	709	OK
REQUEST	StarAPI,ChatTranscript	ChatTranscript	1624545626617	1624545627491	OK	 
GROUP	StarAPI,ChatTranscript	1624545626617	1624545627492	874	OK
REQUEST	StarAPI,GetStarUIMemberDetail	GetStarUIMemberDetail	1624545626696	1624545627558	OK	 
GROUP	StarAPI,GetStarUIMemberDetail	1624545626696	1624545627558	862	OK
REQUEST	StarAPI,GetStarUIMemberDetail	GetStarUIMemberDetail	1624545626916	1624545627606	OK	 
GROUP	StarAPI,GetStarUIMemberDetail	1624545626915	1624545627606	690	OK
REQUEST	StarAPI,GetStarUIMemberDetail	GetStarUIMemberDetail	1624545627529	1624545628047	OK	 
GROUP	StarAPI,GetStarUIMemberDetail	1624545627528	1624545628047	518	OK
REQUEST	StarAPI,GetEpisodeOfCare	GetEpisodeOfCare	1624545627504	1624545628054	OK	 
GROUP	StarAPI,GetEpisodeOfCare	1624545627503	1624545628054	550	OK
REQUEST	StarAPI,GetStarNote	GetStarNote	1624545627893	1624545628106	OK	 
GROUP	StarAPI,GetStarNote	1624545627893	1624545628106	213	OK
REQUEST	StarAPI,GetStarUIMemberList	GetStarUIMemberList	1624545626897	1624545628268	OK	 
GROUP	StarAPI,GetStarUIMemberList	1624545626897	1624545628268	1371	OK
REQUEST	StarAPI,GetStarUIMemberDetail	GetStarUIMemberDetail	1624545628001	1624545628392	OK	 
GROUP	StarAPI,GetStarUIMemberDetail	1624545628001	1624545628392	391	OK
REQUEST	StarAPI,GetEpisodeOfCare	GetEpisodeOfCare	1624545628166	1624545628557	OK	 
GROUP	StarAPI,GetEpisodeOfCare	1624545628166	1624545628558	391	OK
REQUEST	StarAPI,ChatTranscript	ChatTranscript	1624545628902	1624545628981	OK	 
GROUP	StarAPI,ChatTranscript	1624545628902	1624545628981	79	OK
GROUP	StarAPI	1624545616751	1624545629224	3475	OK
REQUEST	StarAPI,LOGIN	LOGIN	1624545629224	1624545629291	OK	 
GROUP	StarAPI,LOGIN	1624545629224	1624545629292	67	OK
REQUEST	StarAPI,ChatTranscript	ChatTranscript	1624545629321	1624545629393	OK	 
GROUP	StarAPI,ChatTranscript	1624545629321	1624545629393	72	OK
REQUEST	StarAPI,ChatTranscript	ChatTranscript	1624545629600	1624545629675	OK	 
GROUP	StarAPI,ChatTranscript	1624545629600	1624545629676	75	OK
REQUEST	StarAPI,GetEpisodeOfCare	GetEpisodeOfCare	1624545629406	1624545629787	OK	 
GROUP	StarAPI,GetEpisodeOfCare	1624545629405	1624545629787	381	OK
REQUEST	StarAPI,ChatTranscript	ChatTranscript	1624545629745	1624545629816	OK	 
GROUP	StarAPI,ChatTranscript	1624545629744	1624545629816	71	OK
REQUEST	StarAPI,ChatTranscript	ChatTranscript	1624545629914	1624545629991	OK	 
GROUP	StarAPI,ChatTranscript	1624545629914	1624545629991	77	OK
REQUEST	StarAPI,GetStarUIMemberDetail	GetStarUIMemberDetail	1624545629908	1624545630705	OK	 
GROUP	StarAPI,GetStarUIMemberDetail	1624545629907	1624545630705	797	OK
GROUP	StarAPI	1624545618884	1624545630765	2337	OK
REQUEST	StarAPI,GetStarUIMemberList	GetStarUIMemberList	1624545629767	1624545630768	OK	 
GROUP	StarAPI,GetStarUIMemberList	1624545629767	1624545630769	1001	OK
REQUEST	StarAPI,LOGIN	LOGIN	1624545630765	1624545630829	OK	 
GROUP	StarAPI,LOGIN	1624545630765	1624545630829	64	OK
REQUEST	StarAPI,GetStarNote	GetStarNote	1624545630776	1624545630922	OK	 
GROUP	StarAPI,GetStarNote	1624545630776	1624545630922	146	OK
REQUEST	StarAPI,GetStarUIMemberList	GetStarUIMemberList	1624545630011	1624545630928	OK	 
GROUP	StarAPI,GetStarUIMemberList	1624545630011	1624545630928	917	OK
GROUP	StarAPI	1624545619533	1624545630981	2171	OK
GROUP	StarAPI	1624545619257	1624545630985	2712	OK
REQUEST	StarAPI,LOGIN	LOGIN	1624545630982	1624545631042	OK	 
GROUP	StarAPI,LOGIN	1624545630982	1624545631042	60	OK
REQUEST	StarAPI,LOGIN	LOGIN	1624545630986	1624545631047	OK	 
GROUP	StarAPI,LOGIN	1624545630986	1624545631048	61	OK
GROUP	StarAPI	1624545618762	1624545631217	2946	OK
REQUEST	StarAPI,LOGIN	LOGIN	1624545631218	1624545631282	OK	 
GROUP	StarAPI,LOGIN	1624545631218	1624545631282	64	OK
REQUEST	StarAPI,GetStarUIMemberList	GetStarUIMemberList	1624545630834	1624545631524	OK	 
GROUP	StarAPI,GetStarUIMemberList	1624545630834	1624545631524	690	OK
GROUP	StarAPI	1624545618329	1624545631866	2891	OK
REQUEST	StarAPI,LOGIN	LOGIN	1624545631867	1624545631930	OK	 
GROUP	StarAPI,LOGIN	1624545631866	1624545631931	63	OK
REQUEST	StarAPI,GetStarNote	GetStarNote	1624545632108	1624545632277	OK	 
GROUP	StarAPI,GetStarNote	1624545632108	1624545632278	169	OK
REQUEST	StarAPI,ChatTranscript	ChatTranscript	1624545632345	1624545632440	OK	 
GROUP	StarAPI,ChatTranscript	1624545632345	1624545632440	95	OK
REQUEST	StarAPI,GetStarUIMemberDetail	GetStarUIMemberDetail	1624545632181	1624545632913	OK	 
GROUP	StarAPI,GetStarUIMemberDetail	1624545632181	1624545632913	732	OK
REQUEST	StarAPI,GetStarNote	GetStarNote	1624545632288	1624545632919	OK	 
GROUP	StarAPI,GetStarNote	1624545632287	1624545632919	631	OK
REQUEST	StarAPI,GetStarUIMemberDetail	GetStarUIMemberDetail	1624545632221	1624545632938	OK	 
GROUP	StarAPI,GetStarUIMemberDetail	1624545632220	1624545632938	717	OK
REQUEST	StarAPI,GetEpisodeOfCare	GetEpisodeOfCare	1624545632389	1624545632955	OK	 
GROUP	StarAPI,GetEpisodeOfCare	1624545632388	1624545632955	566	OK
REQUEST	StarAPI,GetStarNote	GetStarNote	1624545632868	1624545633046	OK	 
GROUP	StarAPI,GetStarNote	1624545632867	1624545633047	178	OK
REQUEST	StarAPI,GetStarUIMemberDetail	GetStarUIMemberDetail	1624545633359	1624545633761	OK	 
GROUP	StarAPI,GetStarUIMemberDetail	1624545633359	1624545633761	402	OK
REQUEST	StarAPI,GetStarNote	GetStarNote	1624545633750	1624545633899	OK	 
GROUP	StarAPI,GetStarNote	1624545633749	1624545633899	149	OK
GROUP	StarAPI	1624545620590	1624545634149	3411	OK
REQUEST	StarAPI,ChatTranscript	ChatTranscript	1624545634226	1624545634300	OK	 
GROUP	StarAPI,ChatTranscript	1624545634226	1624545634301	74	OK
REQUEST	StarAPI,LOGIN	LOGIN	1624545634149	1624545634411	OK	 
GROUP	StarAPI,LOGIN	1624545634149	1624545634411	262	OK
REQUEST	StarAPI,GetEpisodeOfCare	GetEpisodeOfCare	1624545634109	1624545634487	OK	 
GROUP	StarAPI,GetEpisodeOfCare	1624545634108	1624545634487	378	OK
REQUEST	StarAPI,GetEpisodeOfCare	GetEpisodeOfCare	1624545634086	1624545634542	OK	 
GROUP	StarAPI,GetEpisodeOfCare	1624545634086	1624545634542	456	OK
REQUEST	StarAPI,ChatTranscript	ChatTranscript	1624545634573	1624545634649	OK	 
GROUP	StarAPI,ChatTranscript	1624545634572	1624545634649	76	OK
REQUEST	StarAPI,GetStarUIMemberList	GetStarUIMemberList	1624545634250	1624545635026	OK	 
GROUP	StarAPI,GetStarUIMemberList	1624545634250	1624545635027	776	OK
REQUEST	StarAPI,GetEpisodeOfCare	GetEpisodeOfCare	1624545634863	1624545635234	OK	 
GROUP	StarAPI,GetEpisodeOfCare	1624545634862	1624545635235	371	OK
REQUEST	StarAPI,ChatTranscript	ChatTranscript	1624545635475	1624545635557	OK	 
GROUP	StarAPI,ChatTranscript	1624545635474	1624545635557	82	OK
REQUEST	StarAPI,GetEpisodeOfCare	GetEpisodeOfCare	1624545635401	1624545635770	OK	 
GROUP	StarAPI,GetEpisodeOfCare	1624545635400	1624545635770	369	OK
GROUP	StarAPI	1624545624673	1624545635983	2411	OK
GROUP	StarAPI	1624545624064	1624545636093	2644	OK
REQUEST	StarAPI,LOGIN	LOGIN	1624545635984	1624545636285	OK	 
GROUP	StarAPI,LOGIN	1624545635984	1624545636286	301	OK
REQUEST	StarAPI,GetStarUIMemberList	GetStarUIMemberList	1624545635664	1624545636335	OK	 
GROUP	StarAPI,GetStarUIMemberList	1624545635663	1624545636336	671	OK
REQUEST	StarAPI,LOGIN	LOGIN	1624545636094	1624545636361	OK	 
GROUP	StarAPI,LOGIN	1624545636093	1624545636361	267	OK
REQUEST	StarAPI,GetStarUIMemberDetail	GetStarUIMemberDetail	1624545636405	1624545636847	OK	 
GROUP	StarAPI,GetStarUIMemberDetail	1624545636404	1624545636848	442	OK
REQUEST	StarAPI,GetStarUIMemberList	GetStarUIMemberList	1624545636240	1624545636967	OK	 
GROUP	StarAPI,GetStarUIMemberList	1624545636239	1624545636967	727	OK
GROUP	StarAPI	1624545626559	1624545637359	1837	OK
REQUEST	StarAPI,LOGIN	LOGIN	1624545637360	1624545637692	OK	 
GROUP	StarAPI,LOGIN	1624545637360	1624545637693	332	OK
REQUEST	StarAPI,GetStarNote	GetStarNote	1624545632388	1624545637739	OK	 
GROUP	StarAPI,GetStarNote	1624545632387	1624545637740	5351	OK
REQUEST	StarAPI,GetStarUIMemberList	GetStarUIMemberList	1624545637013	1624545637749	OK	 
GROUP	StarAPI,GetStarUIMemberList	1624545637012	1624545637750	736	OK
REQUEST	StarAPI,GetStarNote	GetStarNote	1624545635715	1624545637804	OK	 
GROUP	StarAPI,GetStarNote	1624545635715	1624545637813	2089	OK
REQUEST	StarAPI,GetStarUIMemberDetail	GetStarUIMemberDetail	1624545637474	1624545637865	OK	 
GROUP	StarAPI,GetStarUIMemberDetail	1624545637474	1624545637865	391	OK
REQUEST	StarAPI,GetStarNote	GetStarNote	1624545637997	1624545638283	OK	 
GROUP	StarAPI,GetStarNote	1624545637996	1624545638283	286	OK
REQUEST	StarAPI,GetStarUIMemberList	GetStarUIMemberList	1624545637733	1624545638407	OK	 
GROUP	StarAPI,GetStarUIMemberList	1624545637733	1624545638408	674	OK
REQUEST	StarAPI,GetStarNote	GetStarNote	1624545638314	1624545638492	OK	 
GROUP	StarAPI,GetStarNote	1624545638314	1624545638493	178	OK
REQUEST	StarAPI,ChatTranscript	ChatTranscript	1624545638770	1624545638842	OK	 
GROUP	StarAPI,ChatTranscript	1624545638770	1624545638843	72	OK
REQUEST	StarAPI,ChatTranscript	ChatTranscript	1624545639052	1624545639125	OK	 
GROUP	StarAPI,ChatTranscript	1624545639052	1624545639125	73	OK
REQUEST	StarAPI,GetStarUIMemberDetail	GetStarUIMemberDetail	1624545638579	1624545639171	OK	 
GROUP	StarAPI,GetStarUIMemberDetail	1624545638579	1624545639172	592	OK
REQUEST	StarAPI,GetStarUIMemberDetail	GetStarUIMemberDetail	1624545638977	1624545639439	OK	 
GROUP	StarAPI,GetStarUIMemberDetail	1624545638976	1624545639439	462	OK
REQUEST	StarAPI,GetEpisodeOfCare	GetEpisodeOfCare	1624545638946	1624545639450	OK	 
GROUP	StarAPI,GetEpisodeOfCare	1624545638945	1624545639450	504	OK
REQUEST	StarAPI,GetStarNote	GetStarNote	1624545639374	1624545639559	OK	 
GROUP	StarAPI,GetStarNote	1624545639374	1624545639559	185	OK
REQUEST	StarAPI,GetEpisodeOfCare	GetEpisodeOfCare	1624545639325	1624545639706	OK	 
GROUP	StarAPI,GetEpisodeOfCare	1624545639325	1624545639706	381	OK
GROUP	StarAPI	1624545629224	1624545640001	2069	OK
REQUEST	StarAPI,GetEpisodeOfCare	GetEpisodeOfCare	1624545639541	1624545640012	OK	 
GROUP	StarAPI,GetEpisodeOfCare	1624545639540	1624545640012	471	OK
REQUEST	StarAPI,GetStarUIMemberDetail	GetStarUIMemberDetail	1624545639627	1624545640012	OK	 
GROUP	StarAPI,GetStarUIMemberDetail	1624545639627	1624545640012	385	OK
GROUP	StarAPI	1624545631217	1624545640207	1755	OK
REQUEST	StarAPI,LOGIN	LOGIN	1624545640002	1624545640289	OK	 
GROUP	StarAPI,LOGIN	1624545640001	1624545640289	287	OK
REQUEST	StarAPI,LOGIN	LOGIN	1624545640207	1624545640466	OK	 
GROUP	StarAPI,LOGIN	1624545640207	1624545640466	259	OK
REQUEST	StarAPI,GetEpisodeOfCare	GetEpisodeOfCare	1624545640157	1624545640628	OK	 
GROUP	StarAPI,GetEpisodeOfCare	1624545640157	1624545640628	471	OK
REQUEST	StarAPI,ChatTranscript	ChatTranscript	1624545640595	1624545640668	OK	 
GROUP	StarAPI,ChatTranscript	1624545640595	1624545640668	73	OK
REQUEST	StarAPI,ChatTranscript	ChatTranscript	1624545640703	1624545640776	OK	 
GROUP	StarAPI,ChatTranscript	1624545640703	1624545640776	73	OK
REQUEST	StarAPI,GetStarUIMemberList	GetStarUIMemberList	1624545640567	1624545641300	OK	 
GROUP	StarAPI,GetStarUIMemberList	1624545640567	1624545641301	733	OK
REQUEST	StarAPI,ChatTranscript	ChatTranscript	1624545641697	1624545641769	OK	 
GROUP	StarAPI,ChatTranscript	1624545641697	1624545641769	72	OK
REQUEST	StarAPI,GetEpisodeOfCare	GetEpisodeOfCare	1624545641325	1624545641787	OK	 
GROUP	StarAPI,GetEpisodeOfCare	1624545641324	1624545641788	462	OK
REQUEST	StarAPI,GetStarNote	GetStarNote	1624545641553	1624545641801	OK	 
GROUP	StarAPI,GetStarNote	1624545641552	1624545641802	248	OK
REQUEST	StarAPI,GetStarUIMemberList	GetStarUIMemberList	1624545641153	1624545641886	OK	 
GROUP	StarAPI,GetStarUIMemberList	1624545641153	1624545641886	733	OK
GROUP	StarAPI	1624545630765	1624545642029	2081	OK
GROUP	StarAPI	1624545630981	1624545642149	2333	OK
REQUEST	StarAPI,GetStarUIMemberList	GetStarUIMemberList	1624545641425	1624545642177	OK	 
GROUP	StarAPI,GetStarUIMemberList	1624545641424	1624545642177	752	OK
REQUEST	StarAPI,LOGIN	LOGIN	1624545642029	1624545642328	OK	 
GROUP	StarAPI,LOGIN	1624545642029	1624545642328	299	OK
REQUEST	StarAPI,GetStarNote	GetStarNote	1624545642160	1624545642334	OK	 
GROUP	StarAPI,GetStarNote	1624545642160	1624545642334	174	OK
REQUEST	StarAPI,LOGIN	LOGIN	1624545642150	1624545642411	OK	 
GROUP	StarAPI,LOGIN	1624545642149	1624545642411	261	OK
REQUEST	StarAPI,GetStarUIMemberDetail	GetStarUIMemberDetail	1624545642375	1624545642786	OK	 
GROUP	StarAPI,GetStarUIMemberDetail	1624545642374	1624545642787	411	OK
GROUP	StarAPI	1624545631866	1624545642856	1712	OK
REQUEST	StarAPI,GetStarUIMemberList	GetStarUIMemberList	1624545642269	1624545642964	OK	 
GROUP	StarAPI,GetStarUIMemberList	1624545642268	1624545642964	695	OK
REQUEST	StarAPI,LOGIN	LOGIN	1624545642856	1624545643256	OK	 
GROUP	StarAPI,LOGIN	1624545642856	1624545643257	400	OK
REQUEST	StarAPI,GetStarNote	GetStarNote	1624545643429	1624545643813	OK	 
GROUP	StarAPI,GetStarNote	1624545643429	1624545643813	384	OK
REQUEST	StarAPI,GetStarUIMemberDetail	GetStarUIMemberDetail	1624545643255	1624545643969	OK	 
GROUP	StarAPI,GetStarUIMemberDetail	1624545643255	1624545643970	714	OK
REQUEST	StarAPI,GetEpisodeOfCare	GetEpisodeOfCare	1624545643359	1624545644193	OK	 
GROUP	StarAPI,GetEpisodeOfCare	1624545643359	1624545644193	834	OK
REQUEST	StarAPI,GetStarUIMemberDetail	GetStarUIMemberDetail	1624545643189	1624545644193	OK	 
GROUP	StarAPI,GetStarUIMemberDetail	1624545643189	1624545644193	1004	OK
REQUEST	StarAPI,GetStarNote	GetStarNote	1624545643827	1624545644193	OK	 
GROUP	StarAPI,GetStarNote	1624545643827	1624545644193	366	OK
REQUEST	StarAPI,GetEpisodeOfCare	GetEpisodeOfCare	1624545643227	1624545644218	OK	 
GROUP	StarAPI,GetEpisodeOfCare	1624545643226	1624545644218	991	OK
REQUEST	StarAPI,ChatTranscript	ChatTranscript	1624545644181	1624545644269	OK	 
GROUP	StarAPI,ChatTranscript	1624545644180	1624545644269	88	OK
REQUEST	StarAPI,GetStarUIMemberList	GetStarUIMemberList	1624545643225	1624545644295	OK	 
GROUP	StarAPI,GetStarUIMemberList	1624545643225	1624545644295	1070	OK
REQUEST	StarAPI,GetStarNote	GetStarNote	1624545644567	1624545644715	OK	 
GROUP	StarAPI,GetStarNote	1624545644567	1624545644715	148	OK
REQUEST	StarAPI,GetStarUIMemberDetail	GetStarUIMemberDetail	1624545644771	1624545645244	OK	 
GROUP	StarAPI,GetStarUIMemberDetail	1624545644770	1624545645244	473	OK
REQUEST	StarAPI,ChatTranscript	ChatTranscript	1624545645255	1624545645328	OK	 
GROUP	StarAPI,ChatTranscript	1624545645254	1624545645328	73	OK
GROUP	StarAPI	1624545634149	1624545645436	4087	OK
REQUEST	StarAPI,LOGIN	LOGIN	1624545645437	1624545645498	OK	 
GROUP	StarAPI,LOGIN	1624545645437	1624545645498	61	OK
REQUEST	StarAPI,GetEpisodeOfCare	GetEpisodeOfCare	1624545645457	1624545645856	OK	 
GROUP	StarAPI,GetEpisodeOfCare	1624545645457	1624545645856	399	OK
REQUEST	StarAPI,ChatTranscript	ChatTranscript	1624545645987	1624545646059	OK	 
GROUP	StarAPI,ChatTranscript	1624545645987	1624545646059	72	OK
REQUEST	StarAPI,GetStarUIMemberDetail	GetStarUIMemberDetail	1624545645725	1624545646140	OK	 
GROUP	StarAPI,GetStarUIMemberDetail	1624545645724	1624545646140	415	OK
REQUEST	StarAPI,GetStarUIMemberList	GetStarUIMemberList	1624545645283	1624545646186	OK	 
GROUP	StarAPI,GetStarUIMemberList	1624545645282	1624545646187	903	OK
REQUEST	StarAPI,GetEpisodeOfCare	GetEpisodeOfCare	1624545646038	1624545646416	OK	 
GROUP	StarAPI,GetEpisodeOfCare	1624545646038	1624545646416	378	OK
REQUEST	StarAPI,GetStarUIMemberList	GetStarUIMemberList	1624545645525	1624545646448	OK	 
GROUP	StarAPI,GetStarUIMemberList	1624545645525	1624545646449	923	OK
GROUP	StarAPI	1624545630985	1624545646689	7422	OK
REQUEST	StarAPI,GetEpisodeOfCare	GetEpisodeOfCare	1624545646326	1624545646705	OK	 
GROUP	StarAPI,GetEpisodeOfCare	1624545646325	1624545646705	379	OK
REQUEST	StarAPI,LOGIN	LOGIN	1624545646690	1624545646983	OK	 
GROUP	StarAPI,LOGIN	1624545646689	1624545646983	293	OK
REQUEST	StarAPI,GetStarNote	GetStarNote	1624545646831	1624545647001	OK	 
GROUP	StarAPI,GetStarNote	1624545646831	1624545647001	170	OK
REQUEST	StarAPI,ChatTranscript	ChatTranscript	1624545647009	1624545647105	OK	 
GROUP	StarAPI,ChatTranscript	1624545647009	1624545647106	96	OK
REQUEST	StarAPI,ChatTranscript	ChatTranscript	1624545647335	1624545647443	OK	 
GROUP	StarAPI,ChatTranscript	1624545647334	1624545647444	108	OK
GROUP	StarAPI	1624545635983	1624545647466	2777	OK
REQUEST	StarAPI,LOGIN	LOGIN	1624545647467	1624545647529	OK	 
GROUP	StarAPI,LOGIN	1624545647467	1624545647530	62	OK
REQUEST	StarAPI,GetStarUIMemberList	GetStarUIMemberList	1624545646880	1624545647572	OK	 
GROUP	StarAPI,GetStarUIMemberList	1624545646880	1624545647572	692	OK
REQUEST	StarAPI,GetStarUIMemberDetail	GetStarUIMemberDetail	1624545647226	1624545647697	OK	 
GROUP	StarAPI,GetStarUIMemberDetail	1624545647225	1624545647697	471	OK
GROUP	StarAPI	1624545636093	1624545648401	2180	OK
REQUEST	StarAPI,GetStarUIMemberDetail	GetStarUIMemberDetail	1624545648042	1624545648420	OK	 
GROUP	StarAPI,GetStarUIMemberDetail	1624545648042	1624545648421	378	OK
REQUEST	StarAPI,LOGIN	LOGIN	1624545648402	1624545648465	OK	 
GROUP	StarAPI,LOGIN	1624545648401	1624545648466	63	OK
REQUEST	StarAPI,GetStarUIMemberList	GetStarUIMemberList	1624545648079	1624545648783	OK	 
GROUP	StarAPI,GetStarUIMemberList	1624545648078	1624545648784	704	OK
REQUEST	StarAPI,GetStarNote	GetStarNote	1624545648646	1624545648786	OK	 
GROUP	StarAPI,GetStarNote	1624545648646	1624545648786	140	OK
REQUEST	StarAPI,GetStarUIMemberList	GetStarUIMemberList	1624545648378	1624545649073	OK	 
GROUP	StarAPI,GetStarUIMemberList	1624545648378	1624545649073	695	OK
REQUEST	StarAPI,ChatTranscript	ChatTranscript	1624545649115	1624545649202	OK	 
GROUP	StarAPI,ChatTranscript	1624545649115	1624545649202	87	OK
REQUEST	StarAPI,GetEpisodeOfCare	GetEpisodeOfCare	1624545648831	1624545649217	OK	 
GROUP	StarAPI,GetEpisodeOfCare	1624545648831	1624545649217	386	OK
REQUEST	StarAPI,GetStarNote	GetStarNote	1624545648956	1624545649257	OK	 
GROUP	StarAPI,GetStarNote	1624545648956	1624545649257	301	OK
GROUP	StarAPI	1624545637360	1624545649265	2572	OK
REQUEST	StarAPI,GetStarUIMemberDetail	GetStarUIMemberDetail	1624545648875	1624545649283	OK	 
GROUP	StarAPI,GetStarUIMemberDetail	1624545648875	1624545649284	408	OK
REQUEST	StarAPI,LOGIN	LOGIN	1624545649266	1624545649330	OK	 
GROUP	StarAPI,LOGIN	1624545649265	1624545649330	64	OK
REQUEST	StarAPI,ChatTranscript	ChatTranscript	1624545649608	1624545649950	OK	 
GROUP	StarAPI,ChatTranscript	1624545649607	1624545649950	342	OK
GROUP	StarAPI	1624545640207	1624545650408	2728	OK
REQUEST	StarAPI,LOGIN	LOGIN	1624545650408	1624545650471	OK	 
GROUP	StarAPI,LOGIN	1624545650408	1624545650471	63	OK
REQUEST	StarAPI,GetStarNote	GetStarNote	1624545650178	1624545650533	OK	 
GROUP	StarAPI,GetStarNote	1624545650178	1624545650534	355	OK
REQUEST	StarAPI,GetStarUIMemberDetail	GetStarUIMemberDetail	1624545650264	1624545650816	OK	 
GROUP	StarAPI,GetStarUIMemberDetail	1624545650264	1624545650816	552	OK
REQUEST	StarAPI,GetEpisodeOfCare	GetEpisodeOfCare	1624545650420	1624545650976	OK	 
GROUP	StarAPI,GetEpisodeOfCare	1624545650420	1624545650977	556	OK
REQUEST	StarAPI,ChatTranscript	ChatTranscript	1624545650760	1624545651021	OK	 
GROUP	StarAPI,ChatTranscript	1624545650760	1624545651022	261	OK
REQUEST	StarAPI,GetStarUIMemberDetail	GetStarUIMemberDetail	1624545650539	1624545651118	OK	 
GROUP	StarAPI,GetStarUIMemberDetail	1624545650539	1624545651118	579	OK
REQUEST	StarAPI,GetEpisodeOfCare	GetEpisodeOfCare	1624545650789	1624545651381	OK	 
GROUP	StarAPI,GetEpisodeOfCare	1624545650789	1624545651381	592	OK
REQUEST	StarAPI,GetStarNote	GetStarNote	1624545651030	1624545651431	OK	 
GROUP	StarAPI,GetStarNote	1624545651030	1624545651432	401	OK
GROUP	StarAPI	1624545640001	1624545651435	3169	OK
REQUEST	StarAPI,LOGIN	LOGIN	1624545651435	1624545651498	OK	 
GROUP	StarAPI,LOGIN	1624545651435	1624545651498	63	OK
REQUEST	StarAPI,GetStarUIMemberList	GetStarUIMemberList	1624545651079	1624545651961	OK	 
GROUP	StarAPI,GetStarUIMemberList	1624545651078	1624545651961	882	OK
REQUEST	StarAPI,GetStarNote	GetStarNote	1624545652018	1624545652391	OK	 
GROUP	StarAPI,GetStarNote	1624545652017	1624545652391	373	OK
REQUEST	StarAPI,ChatTranscript	ChatTranscript	1624545652662	1624545652736	OK	 
GROUP	StarAPI,ChatTranscript	1624545652662	1624545652737	74	OK
GROUP	StarAPI	1624545642029	1624545652751	2443	OK
REQUEST	StarAPI,ChatTranscript	ChatTranscript	1624545652723	1624545652808	OK	 
GROUP	StarAPI,ChatTranscript	1624545652722	1624545652808	85	OK
REQUEST	StarAPI,LOGIN	LOGIN	1624545652752	1624545652814	OK	 
GROUP	StarAPI,LOGIN	1624545652752	1624545652814	62	OK
REQUEST	StarAPI,GetEpisodeOfCare	GetEpisodeOfCare	1624545652384	1624545652982	OK	 
GROUP	StarAPI,GetEpisodeOfCare	1624545652384	1624545652982	598	OK
REQUEST	StarAPI,GetStarUIMemberList	GetStarUIMemberList	1624545652492	1624545653319	OK	 
GROUP	StarAPI,GetStarUIMemberList	1624545652492	1624545653320	827	OK
REQUEST	StarAPI,GetStarUIMemberList	GetStarUIMemberList	1624545652645	1624545653521	OK	 
GROUP	StarAPI,GetStarUIMemberList	1624545652645	1624545653521	876	OK
REQUEST	StarAPI,GetEpisodeOfCare	GetEpisodeOfCare	1624545653247	1624545653639	OK	 
GROUP	StarAPI,GetEpisodeOfCare	1624545653246	1624545653639	392	OK
REQUEST	StarAPI,GetStarNote	GetStarNote	1624545653485	1624545653689	OK	 
GROUP	StarAPI,GetStarNote	1624545653485	1624545653689	204	OK
REQUEST	StarAPI,GetStarUIMemberDetail	GetStarUIMemberDetail	1624545653548	1624545653920	OK	 
GROUP	StarAPI,GetStarUIMemberDetail	1624545653547	1624545653920	372	OK
REQUEST	StarAPI,GetStarNote	GetStarNote	1624545653877	1624545654019	OK	 
GROUP	StarAPI,GetStarNote	1624545653877	1624545654020	142	OK
REQUEST	StarAPI,GetEpisodeOfCare	GetEpisodeOfCare	1624545653813	1624545654336	OK	 
GROUP	StarAPI,GetEpisodeOfCare	1624545653813	1624545654336	523	OK
GROUP	StarAPI	1624545642856	1624545654634	2275	OK
GROUP	StarAPI	1624545642149	1624545654660	2346	OK
REQUEST	StarAPI,LOGIN	LOGIN	1624545654635	1624545654703	OK	 
GROUP	StarAPI,LOGIN	1624545654634	1624545654704	68	OK
REQUEST	StarAPI,LOGIN	LOGIN	1624545654661	1624545654724	OK	 
GROUP	StarAPI,LOGIN	1624545654660	1624545654725	63	OK
REQUEST	StarAPI,ChatTranscript	ChatTranscript	1624545654927	1624545655100	OK	 
GROUP	StarAPI,ChatTranscript	1624545654926	1624545655100	173	OK
REQUEST	StarAPI,GetStarUIMemberList	GetStarUIMemberList	1624545654132	1624545655115	OK	 
GROUP	StarAPI,GetStarUIMemberList	1624545654132	1624545655115	983	OK
REQUEST	StarAPI,GetStarUIMemberDetail	GetStarUIMemberDetail	1624545655172	1624545655690	OK	 
GROUP	StarAPI,GetStarUIMemberDetail	1624545655171	1624545655690	518	OK
REQUEST	StarAPI,GetStarUIMemberList	GetStarUIMemberList	1624545654936	1624545655819	OK	 
GROUP	StarAPI,GetStarUIMemberList	1624545654936	1624545655819	883	OK
REQUEST	StarAPI,GetEpisodeOfCare	GetEpisodeOfCare	1624545655205	1624545655848	OK	 
GROUP	StarAPI,GetEpisodeOfCare	1624545655205	1624545655849	643	OK
REQUEST	StarAPI,GetStarUIMemberDetail	GetStarUIMemberDetail	1624545655404	1624545656001	OK	 
GROUP	StarAPI,GetStarUIMemberDetail	1624545655403	1624545656001	597	OK
REQUEST	StarAPI,GetEpisodeOfCare	GetEpisodeOfCare	1624545655595	1624545656056	OK	 
GROUP	StarAPI,GetEpisodeOfCare	1624545655594	1624545656056	461	OK
REQUEST	StarAPI,GetStarNote	GetStarNote	1624545655908	1624545656070	OK	 
GROUP	StarAPI,GetStarNote	1624545655907	1624545656070	162	OK
GROUP	StarAPI	1624545645436	1624545656410	2044	OK
REQUEST	StarAPI,LOGIN	LOGIN	1624545656411	1624545656472	OK	 
GROUP	StarAPI,LOGIN	1624545656410	1624545656473	61	OK
REQUEST	StarAPI,GetStarUIMemberDetail	GetStarUIMemberDetail	1624545656295	1624545656685	OK	 
GROUP	StarAPI,GetStarUIMemberDetail	1624545656294	1624545656686	390	OK
REQUEST	StarAPI,GetStarNote	GetStarNote	1624545656410	1624545656728	OK	 
GROUP	StarAPI,GetStarNote	1624545656410	1624545656729	318	OK
REQUEST	StarAPI,GetStarUIMemberList	GetStarUIMemberList	1624545656314	1624545657002	OK	 
GROUP	StarAPI,GetStarUIMemberList	1624545656314	1624545657002	688	OK
REQUEST	StarAPI,ChatTranscript	ChatTranscript	1624545657191	1624545657265	OK	 
GROUP	StarAPI,ChatTranscript	1624545657191	1624545657265	74	OK
REQUEST	StarAPI,GetStarUIMemberDetail	GetStarUIMemberDetail	1624545657275	1624545657643	OK	 
GROUP	StarAPI,GetStarUIMemberDetail	1624545657274	1624545657644	368	OK
REQUEST	StarAPI,ChatTranscript	ChatTranscript	1624545657612	1624545657693	OK	 
GROUP	StarAPI,ChatTranscript	1624545657611	1624545657694	81	OK
REQUEST	StarAPI,GetStarUIMemberList	GetStarUIMemberList	1624545657194	1624545657874	OK	 
GROUP	StarAPI,GetStarUIMemberList	1624545657194	1624545657875	680	OK
REQUEST	StarAPI,ChatTranscript	ChatTranscript	1624545658069	1624545658155	OK	 
GROUP	StarAPI,ChatTranscript	1624545658068	1624545658155	86	OK
REQUEST	StarAPI,GetEpisodeOfCare	GetEpisodeOfCare	1624545657829	1624545658296	OK	 
GROUP	StarAPI,GetEpisodeOfCare	1624545657829	1624545658296	467	OK
REQUEST	StarAPI,GetStarUIMemberList	GetStarUIMemberList	1624545657653	1624545658348	OK	 
GROUP	StarAPI,GetStarUIMemberList	1624545657653	1624545658348	695	OK
REQUEST	StarAPI,GetEpisodeOfCare	GetEpisodeOfCare	1624545657931	1624545658404	OK	 
GROUP	StarAPI,GetEpisodeOfCare	1624545657930	1624545658405	473	OK
REQUEST	StarAPI,GetStarNote	GetStarNote	1624545658423	1624545658572	OK	 
GROUP	StarAPI,GetStarNote	1624545658423	1624545658573	149	OK
REQUEST	StarAPI,GetStarUIMemberDetail	GetStarUIMemberDetail	1624545658368	1624545658751	OK	 
GROUP	StarAPI,GetStarUIMemberDetail	1624545658367	1624545658752	383	OK
GROUP	StarAPI	1624545647466	1624545658924	2341	OK
REQUEST	StarAPI,ChatTranscript	ChatTranscript	1624545659008	1624545659091	OK	 
GROUP	StarAPI,ChatTranscript	1624545659007	1624545659092	83	OK
REQUEST	StarAPI,LOGIN	LOGIN	1624545658924	1624545659226	OK	 
GROUP	StarAPI,LOGIN	1624545658924	1624545659226	302	OK
GROUP	StarAPI	1624545646689	1624545659627	2576	OK
REQUEST	StarAPI,LOGIN	LOGIN	1624545659627	1624545659690	OK	 
GROUP	StarAPI,LOGIN	1624545659627	1624545659690	63	OK
GROUP	StarAPI	1624545648401	1624545659841	2475	OK
REQUEST	StarAPI,ChatTranscript	ChatTranscript	1624545659839	1624545659941	OK	 
GROUP	StarAPI,ChatTranscript	1624545659839	1624545659942	102	OK
REQUEST	StarAPI,LOGIN	LOGIN	1624545659841	1624545660383	OK	 
GROUP	StarAPI,LOGIN	1624545659841	1624545660383	542	OK
REQUEST	StarAPI,GetStarUIMemberDetail	GetStarUIMemberDetail	1624545659874	1624545660539	OK	 
GROUP	StarAPI,GetStarUIMemberDetail	1624545659873	1624545660539	665	OK
GROUP	StarAPI	1624545649265	1624545660677	2191	OK
REQUEST	StarAPI,LOGIN	LOGIN	1624545660677	1624545660953	OK	 
GROUP	StarAPI,LOGIN	1624545660677	1624545660953	276	OK
REQUEST	StarAPI,GetStarUIMemberDetail	GetStarUIMemberDetail	1624545660103	1624545661088	OK	 
GROUP	StarAPI,GetStarUIMemberDetail	1624545660102	1624545661089	985	OK
REQUEST	StarAPI,GetEpisodeOfCare	GetEpisodeOfCare	1624545660253	1624545661107	OK	 
GROUP	StarAPI,GetEpisodeOfCare	1624545660253	1624545661107	854	OK
GROUP	StarAPI	1624545650408	1624545661181	2132	OK
REQUEST	StarAPI,GetStarNote	GetStarNote	1624545661162	1624545661419	OK	 
GROUP	StarAPI,GetStarNote	1624545661162	1624545661420	257	OK
REQUEST	StarAPI,GetStarUIMemberList	GetStarUIMemberList	1624545659981	1624545661420	OK	 
GROUP	StarAPI,GetStarUIMemberList	1624545659980	1624545661420	1439	OK
REQUEST	StarAPI,LOGIN	LOGIN	1624545661182	1624545661436	OK	 
GROUP	StarAPI,LOGIN	1624545661181	1624545661437	254	OK
REQUEST	StarAPI,GetStarUIMemberList	GetStarUIMemberList	1624545659989	1624545661500	OK	 
GROUP	StarAPI,GetStarUIMemberList	1624545659989	1624545661501	1511	OK
REQUEST	StarAPI,GetStarNote	GetStarNote	1624545661328	1624545661519	OK	 
GROUP	StarAPI,GetStarNote	1624545661328	1624545661520	191	OK
REQUEST	StarAPI,ChatTranscript	ChatTranscript	1624545661834	1624545661911	OK	 
GROUP	StarAPI,ChatTranscript	1624545661834	1624545661911	77	OK
REQUEST	StarAPI,GetStarNote	GetStarNote	1624545662122	1624545662261	OK	 
GROUP	StarAPI,GetStarNote	1624545662122	1624545662261	139	OK
REQUEST	StarAPI,ChatTranscript	ChatTranscript	1624545662190	1624545662265	OK	 
GROUP	StarAPI,ChatTranscript	1624545662189	1624545662265	75	OK
REQUEST	StarAPI,GetStarNote	GetStarNote	1624545662143	1624545662307	OK	 
GROUP	StarAPI,GetStarNote	1624545662142	1624545662307	164	OK
REQUEST	StarAPI,GetStarUIMemberDetail	GetStarUIMemberDetail	1624545662474	1624545662861	OK	 
GROUP	StarAPI,GetStarUIMemberDetail	1624545662474	1624545662861	387	OK
GROUP	StarAPI	1624545651435	1624545663028	2150	OK
REQUEST	StarAPI,GetStarUIMemberDetail	GetStarUIMemberDetail	1624545662847	1624545663271	OK	 
GROUP	StarAPI,GetStarUIMemberDetail	1624545662846	1624545663271	424	OK
REQUEST	StarAPI,LOGIN	LOGIN	1624545663029	1624545663278	OK	 
GROUP	StarAPI,LOGIN	1624545663029	1624545663278	249	OK
REQUEST	StarAPI,GetEpisodeOfCare	GetEpisodeOfCare	1624545662920	1624545663599	OK	 
GROUP	StarAPI,GetEpisodeOfCare	1624545662919	1624545663600	679	OK
REQUEST	StarAPI,GetStarNote	GetStarNote	1624545663354	1624545663643	OK	 
GROUP	StarAPI,GetStarNote	1624545663353	1624545663643	289	OK
REQUEST	StarAPI,GetEpisodeOfCare	GetEpisodeOfCare	1624545663207	1624545663783	OK	 
GROUP	StarAPI,GetEpisodeOfCare	1624545663206	1624545663783	576	OK
REQUEST	StarAPI,GetStarUIMemberList	GetStarUIMemberList	1624545662939	1624545663819	OK	 
GROUP	StarAPI,GetStarUIMemberList	1624545662938	1624545663820	880	OK
REQUEST	StarAPI,GetEpisodeOfCare	GetEpisodeOfCare	1624545663438	1624545663911	OK	 
GROUP	StarAPI,GetEpisodeOfCare	1624545663438	1624545663911	473	OK
GROUP	StarAPI	1624545652752	1624545663985	2602	OK
REQUEST	StarAPI,GetEpisodeOfCare	GetEpisodeOfCare	1624545663641	1624545664056	OK	 
GROUP	StarAPI,GetEpisodeOfCare	1624545663641	1624545664057	415	OK
REQUEST	StarAPI,LOGIN	LOGIN	1624545663985	1624545664253	OK	 
GROUP	StarAPI,LOGIN	1624545663985	1624545664253	268	OK
REQUEST	StarAPI,ChatTranscript	ChatTranscript	1624545664393	1624545664492	OK	 
GROUP	StarAPI,ChatTranscript	1624545664393	1624545664492	99	OK
REQUEST	StarAPI,ChatTranscript	ChatTranscript	1624545665160	1624545665255	OK	 
GROUP	StarAPI,ChatTranscript	1624545665159	1624545665256	95	OK
REQUEST	StarAPI,GetStarUIMemberList	GetStarUIMemberList	1624545664700	1624545665487	OK	 
GROUP	StarAPI,GetStarUIMemberList	1624545664700	1624545665488	787	OK
REQUEST	StarAPI,GetStarNote	GetStarNote	1624545665280	1624545665802	OK	 
GROUP	StarAPI,GetStarNote	1624545665280	1624545665802	522	OK
REQUEST	StarAPI,GetStarNote	GetStarNote	1624545665495	1624545665883	OK	 
GROUP	StarAPI,GetStarNote	1624545665494	1624545665884	388	OK
GROUP	StarAPI	1624545654660	1624545665897	2779	OK
REQUEST	StarAPI,GetEpisodeOfCare	GetEpisodeOfCare	1624545665271	1624545666038	OK	 
GROUP	StarAPI,GetEpisodeOfCare	1624545665271	1624545666039	767	OK
REQUEST	StarAPI,GetStarUIMemberDetail	GetStarUIMemberDetail	1624545665274	1624545666123	OK	 
GROUP	StarAPI,GetStarUIMemberDetail	1624545665274	1624545666124	849	OK
REQUEST	StarAPI,LOGIN	LOGIN	1624545665897	1624545666146	OK	 
GROUP	StarAPI,LOGIN	1624545665897	1624545666146	249	OK
GROUP	StarAPI	1624545654634	1624545666390	2727	OK
REQUEST	StarAPI,GetStarUIMemberList	GetStarUIMemberList	1624545665374	1624545666599	OK	 
GROUP	StarAPI,GetStarUIMemberList	1624545665374	1624545666599	1225	OK
REQUEST	StarAPI,LOGIN	LOGIN	1624545666390	1624545666667	OK	 
GROUP	StarAPI,LOGIN	1624545666390	1624545666667	277	OK
REQUEST	StarAPI,GetStarUIMemberList	GetStarUIMemberList	1624545665590	1624545666792	OK	 
GROUP	StarAPI,GetStarUIMemberList	1624545665590	1624545666792	1202	OK
REQUEST	StarAPI,GetStarUIMemberList	GetStarUIMemberList	1624545665580	1624545666811	OK	 
GROUP	StarAPI,GetStarUIMemberList	1624545665579	1624545666811	1231	OK
REQUEST	StarAPI,GetStarUIMemberDetail	GetStarUIMemberDetail	1624545666690	1624545667159	OK	 
GROUP	StarAPI,GetStarUIMemberDetail	1624545666690	1624545667160	469	OK
REQUEST	StarAPI,GetEpisodeOfCare	GetEpisodeOfCare	1624545667213	1624545667581	OK	 
GROUP	StarAPI,GetEpisodeOfCare	1624545667212	1624545667582	368	OK
REQUEST	StarAPI,GetStarNote	GetStarNote	1624545667596	1624545667741	OK	 
GROUP	StarAPI,GetStarNote	1624545667595	1624545667742	145	OK
REQUEST	StarAPI,ChatTranscript	ChatTranscript	1624545667788	1624545667864	OK	 
GROUP	StarAPI,ChatTranscript	1624545667788	1624545667864	76	OK
REQUEST	StarAPI,GetStarNote	GetStarNote	1624545667916	1624545668118	OK	 
GROUP	StarAPI,GetStarNote	1624545667915	1624545668118	202	OK
REQUEST	StarAPI,GetEpisodeOfCare	GetEpisodeOfCare	1624545667821	1624545668186	OK	 
GROUP	StarAPI,GetEpisodeOfCare	1624545667820	1624545668187	365	OK
REQUEST	StarAPI,GetStarUIMemberDetail	GetStarUIMemberDetail	1624545668167	1624545668588	OK	 
GROUP	StarAPI,GetStarUIMemberDetail	1624545668166	1624545668589	421	OK
REQUEST	StarAPI,GetStarUIMemberDetail	GetStarUIMemberDetail	1624545668185	1624545668709	OK	 
GROUP	StarAPI,GetStarUIMemberDetail	1624545668185	1624545668709	524	OK
REQUEST	StarAPI,GetStarUIMemberList	GetStarUIMemberList	1624545667949	1624545668802	OK	 
GROUP	StarAPI,GetStarUIMemberList	1624545667949	1624545668803	853	OK
REQUEST	StarAPI,GetStarUIMemberDetail	GetStarUIMemberDetail	1624545668800	1624545669174	OK	 
GROUP	StarAPI,GetStarUIMemberDetail	1624545668799	1624545669174	374	OK
GROUP	StarAPI	1624545656410	1624545669416	2869	OK
REQUEST	StarAPI,GetEpisodeOfCare	GetEpisodeOfCare	1624545669391	1624545669797	OK	 
GROUP	StarAPI,GetEpisodeOfCare	1624545669391	1624545669797	406	OK
REQUEST	StarAPI,LOGIN	LOGIN	1624545669416	1624545669839	OK	 
GROUP	StarAPI,LOGIN	1624545669416	1624545669840	423	OK
REQUEST	StarAPI,ChatTranscript	ChatTranscript	1624545669770	1624545669874	OK	 
GROUP	StarAPI,ChatTranscript	1624545669770	1624545669875	104	OK
REQUEST	StarAPI,GetStarUIMemberList	GetStarUIMemberList	1624545669169	1624545670007	OK	 
GROUP	StarAPI,GetStarUIMemberList	1624545669169	1624545670008	838	OK
REQUEST	StarAPI,GetEpisodeOfCare	GetEpisodeOfCare	1624545669658	1624545670069	OK	 
GROUP	StarAPI,GetEpisodeOfCare	1624545669658	1624545670070	411	OK
REQUEST	StarAPI,ChatTranscript	ChatTranscript	1624545670225	1624545670318	OK	 
GROUP	StarAPI,ChatTranscript	1624545670225	1624545670319	93	OK
REQUEST	StarAPI,ChatTranscript	ChatTranscript	1624545670449	1624545670545	OK	 
GROUP	StarAPI,ChatTranscript	1624545670449	1624545670545	96	OK
REQUEST	StarAPI,GetStarUIMemberList	GetStarUIMemberList	1624545669874	1624545670690	OK	 
GROUP	StarAPI,GetStarUIMemberList	1624545669873	1624545670690	816	OK
REQUEST	StarAPI,ChatTranscript	ChatTranscript	1624545668900	1624545670820	OK	 
GROUP	StarAPI,ChatTranscript	1624545668900	1624545670820	1920	OK
REQUEST	StarAPI,GetStarUIMemberDetail	GetStarUIMemberDetail	1624545670544	1624545670911	OK	 
GROUP	StarAPI,GetStarUIMemberDetail	1624545670543	1624545670911	367	OK
GROUP	StarAPI	1624545659627	1624545671083	2580	OK
REQUEST	StarAPI,GetStarUIMemberDetail	GetStarUIMemberDetail	1624545671113	1624545671494	OK	 
GROUP	StarAPI,GetStarUIMemberDetail	1624545671113	1624545671494	381	OK
GROUP	StarAPI	1624545659841	1624545671613	2943	OK
REQUEST	StarAPI,LOGIN	LOGIN	1624545671613	1624545671677	OK	 
GROUP	StarAPI,LOGIN	1624545671613	1624545671677	64	OK
REQUEST	StarAPI,GetStarUIMemberList	GetStarUIMemberList	1624545670936	1624545671774	OK	 
GROUP	StarAPI,GetStarUIMemberList	1624545670936	1624545671774	838	OK
REQUEST	StarAPI,LOGIN	LOGIN	1624545671084	1624545671832	OK	 
GROUP	StarAPI,LOGIN	1624545671083	1624545671833	748	OK
REQUEST	StarAPI,GetStarUIMemberList	GetStarUIMemberList	1624545671164	1624545671979	OK	 
GROUP	StarAPI,GetStarUIMemberList	1624545671163	1624545671980	815	OK
GROUP	StarAPI	1624545658924	1624545672039	4414	OK
REQUEST	StarAPI,LOGIN	LOGIN	1624545672039	1624545672105	OK	 
GROUP	StarAPI,LOGIN	1624545672039	1624545672105	66	OK
GROUP	StarAPI	1624545660677	1624545672131	2586	OK
REQUEST	StarAPI,LOGIN	LOGIN	1624545672131	1624545672191	OK	 
GROUP	StarAPI,LOGIN	1624545672131	1624545672191	60	OK
REQUEST	StarAPI,ChatTranscript	ChatTranscript	1624545672416	1624545672509	OK	 
GROUP	StarAPI,ChatTranscript	1624545672416	1624545672509	93	OK
REQUEST	StarAPI,GetStarUIMemberDetail	GetStarUIMemberDetail	1624545672453	1624545672824	OK	 
GROUP	StarAPI,GetStarUIMemberDetail	1624545672453	1624545672825	371	OK
REQUEST	StarAPI,GetStarNote	GetStarNote	1624545672996	1624545673142	OK	 
GROUP	StarAPI,GetStarNote	1624545672996	1624545673142	146	OK
REQUEST	StarAPI,GetStarUIMemberDetail	GetStarUIMemberDetail	1624545672843	1624545673227	OK	 
GROUP	StarAPI,GetStarUIMemberDetail	1624545672842	1624545673227	384	OK
REQUEST	StarAPI,ChatTranscript	ChatTranscript	1624545673356	1624545673432	OK	 
GROUP	StarAPI,ChatTranscript	1624545673356	1624545673433	76	OK
REQUEST	StarAPI,GetStarNote	GetStarNote	1624545673359	1624545673506	OK	 
GROUP	StarAPI,GetStarNote	1624545673359	1624545673506	147	OK
REQUEST	StarAPI,GetStarUIMemberDetail	GetStarUIMemberDetail	1624545673402	1624545673774	OK	 
GROUP	StarAPI,GetStarUIMemberDetail	1624545673402	1624545673774	372	OK
GROUP	StarAPI	1624545661181	1624545674117	2623	OK
REQUEST	StarAPI,LOGIN	LOGIN	1624545674117	1624545674184	OK	 
GROUP	StarAPI,LOGIN	1624545674117	1624545674184	67	OK
REQUEST	StarAPI,ChatTranscript	ChatTranscript	1624545674353	1624545674573	OK	 
GROUP	StarAPI,ChatTranscript	1624545674353	1624545674573	220	OK
REQUEST	StarAPI,ChatTranscript	ChatTranscript	1624545674532	1624545674833	OK	 
GROUP	StarAPI,ChatTranscript	1624545674532	1624545674833	301	OK
REQUEST	StarAPI,GetEpisodeOfCare	GetEpisodeOfCare	1624545674522	1624545674900	OK	 
GROUP	StarAPI,GetEpisodeOfCare	1624545674522	1624545674900	378	OK
GROUP	StarAPI	1624545663029	1624545674980	2434	OK
REQUEST	StarAPI,LOGIN	LOGIN	1624545674981	1624545675065	OK	 
GROUP	StarAPI,LOGIN	1624545674981	1624545675065	84	OK
REQUEST	StarAPI,GetEpisodeOfCare	GetEpisodeOfCare	1624545675259	1624545675641	OK	 
GROUP	StarAPI,GetEpisodeOfCare	1624545675258	1624545675641	382	OK
REQUEST	StarAPI,ChatTranscript	ChatTranscript	1624545675493	1624545675651	OK	 
GROUP	StarAPI,ChatTranscript	1624545675493	1624545675651	158	OK
REQUEST	StarAPI,GetStarNote	GetStarNote	1624545675611	1624545675749	OK	 
GROUP	StarAPI,GetStarNote	1624545675610	1624545675749	138	OK
REQUEST	StarAPI,GetStarNote	GetStarNote	1624545670877	1624545676064	OK	 
GROUP	StarAPI,GetStarNote	1624545670876	1624545676064	5187	OK
REQUEST	StarAPI,GetStarNote	GetStarNote	1624545672950	1624545676069	OK	 
GROUP	StarAPI,GetStarNote	1624545672950	1624545676069	3119	OK
REQUEST	StarAPI,GetStarNote	GetStarNote	1624545673504	1624545676069	OK	 
GROUP	StarAPI,GetStarNote	1624545673504	1624545676069	2565	OK
GROUP	StarAPI	1624545663985	1624545676285	2428	OK
GROUP	StarAPI	1624545665897	1624545676325	2323	OK
USER	Users_1	END	1624545676328
REQUEST	StarAPI,LOGIN	LOGIN	1624545676286	1624545676346	OK	 
GROUP	StarAPI,LOGIN	1624545676285	1624545676347	60	OK
GROUP	StarAPI	1624545666390	1624545676965	2235	OK
REQUEST	StarAPI,LOGIN	LOGIN	1624545676966	1624545677034	OK	 
GROUP	StarAPI,LOGIN	1624545676965	1624545677035	68	OK
REQUEST	StarAPI,GetEpisodeOfCare	GetEpisodeOfCare	1624545676823	1624545677225	OK	 
GROUP	StarAPI,GetEpisodeOfCare	1624545676823	1624545677225	402	OK
REQUEST	StarAPI,GetStarUIMemberList	GetStarUIMemberList	1624545676800	1624545677553	OK	 
GROUP	StarAPI,GetStarUIMemberList	1624545676799	1624545677553	753	OK
REQUEST	StarAPI,GetEpisodeOfCare	GetEpisodeOfCare	1624545677360	1624545677743	OK	 
GROUP	StarAPI,GetEpisodeOfCare	1624545677359	1624545677744	383	OK
REQUEST	StarAPI,GetEpisodeOfCare	GetEpisodeOfCare	1624545677708	1624545678077	OK	 
GROUP	StarAPI,GetEpisodeOfCare	1624545677707	1624545678078	369	OK
REQUEST	StarAPI,GetStarNote	GetStarNote	1624545677941	1624545678081	OK	 
GROUP	StarAPI,GetStarNote	1624545677940	1624545678081	140	OK
REQUEST	StarAPI,GetStarUIMemberList	GetStarUIMemberList	1624545677323	1624545678098	OK	 
GROUP	StarAPI,GetStarUIMemberList	1624545677323	1624545678099	775	OK
REQUEST	StarAPI,GetEpisodeOfCare	GetEpisodeOfCare	1624545678000	1624545678375	OK	 
GROUP	StarAPI,GetEpisodeOfCare	1624545677999	1624545678375	375	OK
REQUEST	StarAPI,GetStarNote	GetStarNote	1624545676682	1624545678764	OK	 
GROUP	StarAPI,GetStarNote	1624545676681	1624545678764	2082	OK
REQUEST	StarAPI,GetStarNote	GetStarNote	1624545678865	1624545679090	OK	 
GROUP	StarAPI,GetStarNote	1624545678864	1624545679090	225	OK
REQUEST	StarAPI,GetStarUIMemberDetail	GetStarUIMemberDetail	1624545678671	1624545679271	OK	 
GROUP	StarAPI,GetStarUIMemberDetail	1624545678671	1624545679271	600	OK
REQUEST	StarAPI,GetStarUIMemberList	GetStarUIMemberList	1624545678675	1624545679589	OK	 
GROUP	StarAPI,GetStarUIMemberList	1624545678675	1624545679589	914	OK
REQUEST	StarAPI,GetStarUIMemberList	GetStarUIMemberList	1624545679031	1624545679920	OK	 
GROUP	StarAPI,GetStarUIMemberList	1624545679030	1624545679921	889	OK
REQUEST	StarAPI,GetStarUIMemberList	GetStarUIMemberList	1624545679568	1624545680734	OK	 
GROUP	StarAPI,GetStarUIMemberList	1624545679567	1624545680735	1166	OK
REQUEST	StarAPI,GetEpisodeOfCare	GetEpisodeOfCare	1624545679854	1624545680767	OK	 
GROUP	StarAPI,GetEpisodeOfCare	1624545679854	1624545680767	913	OK
REQUEST	StarAPI,ChatTranscript	ChatTranscript	1624545680602	1624545680885	OK	 
GROUP	StarAPI,ChatTranscript	1624545680602	1624545680885	283	OK
REQUEST	StarAPI,GetStarUIMemberDetail	GetStarUIMemberDetail	1624545680010	1624545680914	OK	 
GROUP	StarAPI,GetStarUIMemberDetail	1624545680010	1624545680914	904	OK
REQUEST	StarAPI,GetEpisodeOfCare	GetEpisodeOfCare	1624545679869	1624545680979	OK	 
GROUP	StarAPI,GetEpisodeOfCare	1624545679869	1624545680980	1110	OK
REQUEST	StarAPI,GetStarUIMemberList	GetStarUIMemberList	1624545679875	1624545681312	OK	 
GROUP	StarAPI,GetStarUIMemberList	1624545679875	1624545681313	1437	OK
REQUEST	StarAPI,GetStarUIMemberDetail	GetStarUIMemberDetail	1624545681078	1624545681612	OK	 
GROUP	StarAPI,GetStarUIMemberDetail	1624545681078	1624545681612	534	OK
REQUEST	StarAPI,GetStarUIMemberDetail	GetStarUIMemberDetail	1624545681237	1624545681622	OK	 
GROUP	StarAPI,GetStarUIMemberDetail	1624545681237	1624545681622	385	OK
REQUEST	StarAPI,GetEpisodeOfCare	GetEpisodeOfCare	1624545681029	1624545681769	OK	 
GROUP	StarAPI,GetEpisodeOfCare	1624545681029	1624545681770	740	OK
REQUEST	StarAPI,ChatTranscript	ChatTranscript	1624545681932	1624545682009	OK	 
GROUP	StarAPI,ChatTranscript	1624545681932	1624545682009	77	OK
REQUEST	StarAPI,GetStarUIMemberDetail	GetStarUIMemberDetail	1624545681877	1624545682262	OK	 
GROUP	StarAPI,GetStarUIMemberDetail	1624545681876	1624545682262	385	OK
GROUP	StarAPI	1624545671083	1624545682553	2908	OK
REQUEST	StarAPI,LOGIN	LOGIN	1624545682554	1624545682616	OK	 
GROUP	StarAPI,LOGIN	1624545682553	1624545682617	62	OK
REQUEST	StarAPI,GetStarUIMemberList	GetStarUIMemberList	1624545682000	1624545682710	OK	 
GROUP	StarAPI,GetStarUIMemberList	1624545681999	1624545682710	710	OK
REQUEST	StarAPI,GetStarUIMemberList	GetStarUIMemberList	1624545682133	1624545682840	OK	 
GROUP	StarAPI,GetStarUIMemberList	1624545682132	1624545682840	707	OK
REQUEST	StarAPI,GetStarUIMemberDetail	GetStarUIMemberDetail	1624545682581	1624545682980	OK	 
GROUP	StarAPI,GetStarUIMemberDetail	1624545682581	1624545682981	399	OK
GROUP	StarAPI	1624545672039	1624545683870	2351	OK
USER	Users_1	END	1624545683872
REQUEST	StarAPI,ChatTranscript	ChatTranscript	1624545683271	1624545683972	OK	 
GROUP	StarAPI,ChatTranscript	1624545683270	1624545683973	701	OK
REQUEST	StarAPI,ChatTranscript	ChatTranscript	1624545683464	1624545684052	OK	 
GROUP	StarAPI,ChatTranscript	1624545683464	1624545684052	588	OK
REQUEST	StarAPI,ChatTranscript	ChatTranscript	1624545683299	1624545684052	OK	 
GROUP	StarAPI,ChatTranscript	1624545683299	1624545684053	753	OK
REQUEST	StarAPI,GetStarUIMemberList	GetStarUIMemberList	1624545683228	1624545684110	OK	 
GROUP	StarAPI,GetStarUIMemberList	1624545683228	1624545684111	882	OK
REQUEST	StarAPI,GetStarNote	GetStarNote	1624545684269	1624545684438	OK	 
GROUP	StarAPI,GetStarNote	1624545684269	1624545684439	169	OK
REQUEST	StarAPI,GetStarUIMemberDetail	GetStarUIMemberDetail	1624545684430	1624545684812	OK	 
GROUP	StarAPI,GetStarUIMemberDetail	1624545684430	1624545684812	382	OK
REQUEST	StarAPI,ChatTranscript	ChatTranscript	1624545684900	1624545684978	OK	 
GROUP	StarAPI,ChatTranscript	1624545684900	1624545684979	78	OK
REQUEST	StarAPI,GetStarUIMemberDetail	GetStarUIMemberDetail	1624545684694	1624545685065	OK	 
GROUP	StarAPI,GetStarUIMemberDetail	1624545684693	1624545685065	371	OK
GROUP	StarAPI	1624545672131	1624545685328	5132	OK
USER	Users_1	END	1624545685330
GROUP	StarAPI	1624545674117	1624545685591	2659	OK
USER	Users_1	END	1624545685592
REQUEST	StarAPI,GetStarUIMemberDetail	GetStarUIMemberDetail	1624545685292	1624545685661	OK	 
GROUP	StarAPI,GetStarUIMemberDetail	1624545685292	1624545685661	369	OK
GROUP	StarAPI	1624545669416	1624545685877	8124	OK
USER	Users_1	END	1624545685878
GROUP	StarAPI	1624545671613	1624545686299	5466	OK
USER	Users_1	END	1624545686300
REQUEST	StarAPI,ChatTranscript	ChatTranscript	1624545686457	1624545686532	OK	 
GROUP	StarAPI,ChatTranscript	1624545686457	1624545686532	75	OK
REQUEST	StarAPI,GetEpisodeOfCare	GetEpisodeOfCare	1624545686393	1624545686778	OK	 
GROUP	StarAPI,GetEpisodeOfCare	1624545686393	1624545686778	385	OK
REQUEST	StarAPI,ChatTranscript	ChatTranscript	1624545686735	1624545686807	OK	 
GROUP	StarAPI,ChatTranscript	1624545686735	1624545686807	72	OK
REQUEST	StarAPI,ChatTranscript	ChatTranscript	1624545687312	1624545687385	OK	 
GROUP	StarAPI,ChatTranscript	1624545687312	1624545687385	73	OK
GROUP	StarAPI	1624545676285	1624545688315	2269	OK
USER	Users_1	END	1624545688316
GROUP	StarAPI	1624545674980	1624545688454	4437	OK
USER	Users_1	END	1624545688455
GROUP	StarAPI	1624545676965	1624545689153	2357	OK
USER	Users_1	END	1624545689154
REQUEST	StarAPI,GetStarUIMemberList	GetStarUIMemberList	1624545688713	1624545689439	OK	 
GROUP	StarAPI,GetStarUIMemberList	1624545688713	1624545689440	726	OK
REQUEST	StarAPI,GetStarUIMemberDetail	GetStarUIMemberDetail	1624545690847	1624545691211	OK	 
GROUP	StarAPI,GetStarUIMemberDetail	1624545690847	1624545691212	364	OK
REQUEST	StarAPI,ChatTranscript	ChatTranscript	1624545692691	1624545692777	OK	 
GROUP	StarAPI,ChatTranscript	1624545692690	1624545692777	86	OK
GROUP	StarAPI	1624545682553	1624545694616	1792	OK
USER	Users_1	END	1624545694617
