RUN	PE	pe	1623769200956	 	3.5.1
USER	PE	START	1623769202468
REQUEST		request_0	1623769202480	1623769202887	OK	 
REQUEST		request_2	1623769203229	1623769203498	OK	 
REQUEST		request_8	1623769203500	1623769203590	OK	 
REQUEST		request_3	1623769203230	1623769203787	OK	 
REQUEST		request_4	1623769203231	1623769203789	OK	 
REQUEST		request_6	1623769203231	1623769203791	OK	 
REQUEST		request_9	1623769203350	1623769203793	OK	 
REQUEST		request_5	1623769203231	1623769203795	OK	 
REQUEST		request_1	1623769203153	1623769203796	OK	 
REQUEST		request_15	1623769203001	1623769203815	OK	 
REQUEST		request_7	1623769203232	1623769203849	OK	 
REQUEST		request_30	1623769203228	1623769203852	OK	 
REQUEST		request_34	1623769203228	1623769203854	OK	 
REQUEST		request_22	1623769203225	1623769203855	OK	 
REQUEST		request_14	1623769203001	1623769203928	OK	 
REQUEST		request_11	1623769202999	1623769203932	OK	 
REQUEST		request_12	1623769203000	1623769203935	OK	 
REQUEST		request_10	1623769202917	1623769203942	OK	 
REQUEST		request_13	1623769203000	1623769203943	OK	 
REQUEST		request_9	1623769203816	1623769204020	OK	 
REQUEST		request_20	1623769203002	1623769204040	OK	 
REQUEST		request_18	1623769203940	1623769204104	OK	 
REQUEST		request_21	1623769203944	1623769204108	OK	 
REQUEST		request_37	1623769203151	1623769204156	OK	 
REQUEST		request_40	1623769203153	1623769204163	OK	 
REQUEST		request_49	1623769203417	1623769204165	OK	 
REQUEST		request_38	1623769203152	1623769204167	OK	 
REQUEST		request_52	1623769203494	1623769204169	OK	 
REQUEST		request_23	1623769204105	1623769204185	OK	 
REQUEST		request_16	1623769203931	1623769204212	OK	 
REQUEST		request_35	1623769203150	1623769204229	OK	 
REQUEST		request_39	1623769203152	1623769204232	OK	 
REQUEST		request_9	1623769204021	1623769204261	OK	 
REQUEST		request_42	1623769204164	1623769204282	OK	 
REQUEST		request_49	1623769204166	1623769204285	OK	 
REQUEST		request_43	1623769204168	1623769204287	OK	 
REQUEST		request_25	1623769204186	1623769204289	OK	 
REQUEST		request_50	1623769203493	1623769204291	OK	 
REQUEST		request_24	1623769204109	1623769204303	OK	 
REQUEST		request_26	1623769204224	1623769204321	OK	 
REQUEST		request_41	1623769204157	1623769204344	OK	 
REQUEST		request_45	1623769204233	1623769204348	OK	 
REQUEST		request_27	1623769204290	1623769204354	OK	 
REQUEST		request_44	1623769204231	1623769204397	OK	 
REQUEST		request_46	1623769204283	1623769204406	OK	 
REQUEST		request_47	1623769204288	1623769204408	OK	 
REQUEST		request_24	1623769204304	1623769204410	OK	 
REQUEST		request_28	1623769204322	1623769204417	OK	 
REQUEST		request_27	1623769204355	1623769204452	OK	 
REQUEST		request_9	1623769204262	1623769204455	OK	 
REQUEST		request_19	1623769203943	1623769204487	OK	 
REQUEST		request_53	1623769204398	1623769204513	OK	 
REQUEST		request_29	1623769204411	1623769204515	OK	 
REQUEST		request_48	1623769204345	1623769204521	OK	 
REQUEST		request_33	1623769204456	1623769204524	OK	 
REQUEST		request_56	1623769204409	1623769204525	OK	 
REQUEST		request_54	1623769204407	1623769204526	OK	 
REQUEST		request_36	1623769203150	1623769204541	OK	 
REQUEST		request_32	1623769204453	1623769204547	OK	 
REQUEST		request_17	1623769203933	1623769204551	OK	 
REQUEST		request_31	1623769204417	1623769204573	OK	 
REQUEST		request_51	1623769204349	1623769204588	OK	 
REQUEST		request_55	1623769203232	1623769204702	OK	 
REQUEST		request_57	1623769205709	1623769205835	OK	 
REQUEST		request_59	1623769205837	1623769205956	OK	 
REQUEST		request_58	1623769205836	1623769205957	OK	 
REQUEST		request_60	1623769208962	1623769209814	OK	 
REQUEST		request_61	1623769210818	1623769210937	OK	 
REQUEST		request_62	1623769210938	1623769211054	OK	 
REQUEST		request_63	1623769210939	1623769211734	OK	 
REQUEST		request_64	1623769214736	1623769215547	OK	 
REQUEST		request_65	1623769216550	1623769217133	OK	 
REQUEST		request_69	1623769217145	1623769217518	OK	 
REQUEST		request_66	1623769217144	1623769217521	OK	 
REQUEST		request_67	1623769217144	1623769217523	OK	 
REQUEST		request_71	1623769217145	1623769217523	OK	 
REQUEST		request_68	1623769217426	1623769217524	OK	 
REQUEST		request_75	1623769217424	1623769218056	OK	 
REQUEST		request_72	1623769217423	1623769218058	OK	 
REQUEST		request_74	1623769217424	1623769218059	OK	 
REQUEST		request_77	1623769217425	1623769218061	OK	 
REQUEST		request_73	1623769217423	1623769218062	OK	 
REQUEST		request_106	1623769217516	1623769218064	OK	 
REQUEST		request_104	1623769217513	1623769218237	OK	 
REQUEST		request_76	1623769217425	1623769218240	OK	 
REQUEST		request_113	1623769217146	1623769218242	OK	 
REQUEST		request_71	1623769218057	1623769218243	OK	 
REQUEST		request_78	1623769218059	1623769218245	OK	 
REQUEST		request_81	1623769218063	1623769218247	OK	 
REQUEST		request_110	1623769218064	1623769218250	OK	 
REQUEST		request_108	1623769217516	1623769218416	OK	 
REQUEST		request_79	1623769218060	1623769218420	OK	 
REQUEST		request_85	1623769218246	1623769218422	OK	 
REQUEST		request_109	1623769217517	1623769218424	OK	 
REQUEST		request_82	1623769218241	1623769218424	OK	 
REQUEST		request_84	1623769218244	1623769218426	OK	 
REQUEST		request_86	1623769218247	1623769218427	OK	 
REQUEST		request_111	1623769218239	1623769218428	OK	 
REQUEST		request_112	1623769218250	1623769218429	OK	 
REQUEST		request_80	1623769218061	1623769218598	OK	 
REQUEST		request_103	1623769217426	1623769218602	OK	 
REQUEST		request_89	1623769218425	1623769218604	OK	 
REQUEST		request_91	1623769218427	1623769218605	OK	 
REQUEST		request_87	1623769218421	1623769218607	OK	 
REQUEST		request_88	1623769218423	1623769218608	OK	 
REQUEST		request_90	1623769218426	1623769218609	OK	 
REQUEST		request_107	1623769217516	1623769218751	OK	 
REQUEST		request_95	1623769218607	1623769218753	OK	 
REQUEST		request_97	1623769218609	1623769218755	OK	 
REQUEST		request_92	1623769218600	1623769218756	OK	 
REQUEST		request_94	1623769218606	1623769218757	OK	 
REQUEST		request_96	1623769218608	1623769218758	OK	 
REQUEST		request_81	1623769218247	1623769218758	OK	 
REQUEST		request_100	1623769218755	1623769218932	OK	 
REQUEST		request_102	1623769218757	1623769218933	OK	 
REQUEST		request_101	1623769218756	1623769218934	OK	 
REQUEST		request_81	1623769218759	1623769218935	OK	 
REQUEST		request_105	1623769217515	1623769219803	OK	 
REQUEST		request_93	1623769218605	1623769220702	OK	 
REQUEST		request_98	1623769218753	1623769221756	OK	 
REQUEST		request_114	1623769230765	1623769231044	OK	 
REQUEST		request_114 Redirect 1	1623769231045	1623769231224	OK	 
REQUEST		request_114 Redirect 2	1623769231225	1623769231373	OK	 
REQUEST		request_114 Redirect 3	1623769231374	1623769231578	OK	 
REQUEST		global-app-config.js	1623769231604	1623769231704	OK	 
REQUEST		request_150	1623769231609	1623769231759	OK	 
REQUEST		request_144	1623769231609	1623769231768	OK	 
REQUEST		request_115	1623769231606	1623769231773	OK	 
REQUEST		request_143	1623769231608	1623769231779	OK	 
REQUEST		request_149	1623769231609	1623769231804	OK	 
REQUEST		{{favIconPath}}	1623769231604	1623769231806	OK	 
REQUEST		request_119	1623769231607	1623769231891	OK	 
REQUEST		request_118	1623769231607	1623769231900	OK	 
REQUEST		request_117	1623769231607	1623769231905	OK	 
REQUEST		request_116	1623769231606	1623769231915	OK	 
REQUEST		request_123	1623769231777	1623769231939	OK	 
REQUEST		uitk-req-min-945fd9447c.js	1623769231605	1623769231951	OK	 
REQUEST		request_120	1623769231608	1623769231958	OK	 
REQUEST		request_128	1623769231892	1623769231992	OK	 
REQUEST		newrelic.js	1623769231807	1623769232031	OK	 
REQUEST		summer.js	1623769231603	1623769232086	OK	 
REQUEST		uitk-req-min-948de8930b.css	1623769231603	1623769232200	OK	 
REQUEST		prelogin-f85aab9ec4.min.js	1623769231705	1623769232350	OK	 
REQUEST		request_142	1623769231902	1623769232586	OK	 
REQUEST		lib-min-7e6d84b497.js	1623769231605	1623769232688	OK	 
REQUEST		request_154	1623769236707	1623769236778	KO	status.find.in(200,201,202,203,204,205,206,207,208,209,304), found 401
USER	PE	END	1623769236787
