RUN	MarsTest.Framework.MarsSim	marssim	1626797415656	MarsTest.Framework.MarsSim-SIMULATION_1_10:SIMULATION_2_0:SIMULATION_3_0:Iterations_10	3.5.1
USER	MarsTestALL	START	1626797417145
USER	MarsTestALL	START	1626797418143
REQUEST	MarsTestALL / APIs,GetDocumentById		1626797417163	1626797418282	OK	 
GROUP	MarsTestALL / APIs,GetDocumentById	1626797417149	1626797418293	1119	OK
USER	MarsTestALL	START	1626797419145
REQUEST	MarsTestALL / APIs,GetDocumentById		1626797418143	1626797419256	OK	 
GROUP	MarsTestALL / APIs,GetDocumentById	1626797418143	1626797419257	1113	OK
REQUEST	MarsTestALL / APIs,FindAllStates		1626797419298	1626797419402	OK	 
GROUP	MarsTestALL / APIs,FindAllStates	1626797419295	1626797419403	104	OK
REQUEST	MarsTestALL / APIs,GetDocumentById		1626797419145	1626797419611	OK	 
GROUP	MarsTestALL / APIs,GetDocumentById	1626797419145	1626797419612	466	OK
USER	MarsTestALL	START	1626797420139
REQUEST	MarsTestALL / APIs,FindAllStates		1626797420262	1626797420377	OK	 
GROUP	MarsTestALL / APIs,FindAllStates	1626797420261	1626797420377	115	OK
REQUEST	MarsTestALL / APIs,GetDocumentById		1626797420140	1626797420582	OK	 
GROUP	MarsTestALL / APIs,GetDocumentById	1626797420139	1626797420582	442	OK
REQUEST	MarsTestALL / APIs,GetClusterByProviderType		1626797420404	1626797420635	OK	 
GROUP	MarsTestALL / APIs,GetClusterByProviderType	1626797420404	1626797420636	231	OK
REQUEST	MarsTestALL / APIs,FindAllStates		1626797420613	1626797420717	OK	 
GROUP	MarsTestALL / APIs,FindAllStates	1626797420613	1626797420718	104	OK
USER	MarsTestALL	START	1626797421139
REQUEST	MarsTestALL / APIs,GetDocumentById		1626797421139	1626797421596	OK	 
GROUP	MarsTestALL / APIs,GetDocumentById	1626797421139	1626797421597	457	OK
REQUEST	MarsTestALL / APIs,GetClusterByProviderType		1626797421384	1626797421600	OK	 
GROUP	MarsTestALL / APIs,GetClusterByProviderType	1626797421383	1626797421600	216	OK
REQUEST	MarsTestALL / APIs,FindAllStates		1626797421584	1626797421703	OK	 
GROUP	MarsTestALL / APIs,FindAllStates	1626797421583	1626797421703	119	OK
REQUEST	MarsTestALL / APIs,GetProviderAddress		1626797421638	1626797421733	OK	 
GROUP	MarsTestALL / APIs,GetProviderAddress	1626797421638	1626797421733	95	OK
REQUEST	MarsTestALL / APIs,GetClusterByProviderType		1626797421721	1626797421862	OK	 
GROUP	MarsTestALL / APIs,GetClusterByProviderType	1626797421721	1626797421862	141	OK
USER	MarsTestALL	START	1626797422138
REQUEST	MarsTestALL / APIs,GetDocumentById		1626797422139	1626797422624	OK	 
GROUP	MarsTestALL / APIs,GetDocumentById	1626797422138	1626797422624	485	OK
REQUEST	MarsTestALL / APIs,FindAllStates		1626797422599	1626797422707	OK	 
GROUP	MarsTestALL / APIs,FindAllStates	1626797422598	1626797422708	108	OK
REQUEST	MarsTestALL / APIs,GetProviderAddress		1626797422607	1626797422827	OK	 
GROUP	MarsTestALL / APIs,GetProviderAddress	1626797422606	1626797422828	220	OK
USER	MarsTestALL	START	1626797423138
REQUEST	MarsTestALL / APIs,GetClusterByProviderType		1626797422707	1626797423236	OK	 
GROUP	MarsTestALL / APIs,GetClusterByProviderType	1626797422706	1626797423236	529	OK
REQUEST	MarsTestALL / APIs,GetProviderName		1626797422739	1626797423237	OK	 
GROUP	MarsTestALL / APIs,GetProviderName	1626797422738	1626797423237	498	OK
REQUEST	MarsTestALL / APIs,GetProviderAddress		1626797422864	1626797423240	OK	 
GROUP	MarsTestALL / APIs,GetProviderAddress	1626797422864	1626797423241	376	OK
REQUEST	MarsTestALL / APIs,FindAllStates		1626797423631	1626797423745	OK	 
GROUP	MarsTestALL / APIs,FindAllStates	1626797423630	1626797423745	114	OK
REQUEST	MarsTestALL / APIs,GetClusterByProviderType		1626797423709	1626797423827	OK	 
GROUP	MarsTestALL / APIs,GetClusterByProviderType	1626797423708	1626797423828	118	OK
USER	MarsTestALL	START	1626797424136
REQUEST	MarsTestALL / APIs,GetProviderAddress		1626797424238	1626797424319	OK	 
GROUP	MarsTestALL / APIs,GetProviderAddress	1626797424237	1626797424319	81	OK
REQUEST	MarsTestALL / APIs,GetProviderName		1626797424242	1626797424326	OK	 
GROUP	MarsTestALL / APIs,GetProviderName	1626797424242	1626797424327	84	OK
REQUEST	MarsTestALL / APIs,GetDocumentById		1626797423138	1626797424404	OK	 
GROUP	MarsTestALL / APIs,GetDocumentById	1626797423138	1626797424404	1266	OK
REQUEST	MarsTestALL / APIs,GetProviderName		1626797423832	1626797424577	OK	 
GROUP	MarsTestALL / APIs,GetProviderName	1626797423831	1626797424578	745	OK
REQUEST	MarsTestALL / APIs,GetDocumentById		1626797424137	1626797424601	OK	 
GROUP	MarsTestALL / APIs,GetDocumentById	1626797424137	1626797424601	464	OK
REQUEST	MarsTestALL / APIs,GetProviderAddress		1626797424832	1626797424914	OK	 
GROUP	MarsTestALL / APIs,GetProviderAddress	1626797424832	1626797424915	82	OK
USER	MarsTestALL	START	1626797425135
REQUEST	MarsTestALL / APIs,GetCensus		1626797424239	1626797425307	OK	 
GROUP	MarsTestALL / APIs,GetCensus	1626797424238	1626797425307	1068	OK
REQUEST	MarsTestALL / APIs,GetProviderName		1626797425322	1626797425405	OK	 
GROUP	MarsTestALL / APIs,GetProviderName	1626797425321	1626797425405	83	OK
REQUEST	MarsTestALL / APIs,GetClusterByProviderType		1626797424748	1626797425537	OK	 
GROUP	MarsTestALL / APIs,GetClusterByProviderType	1626797424747	1626797425538	789	OK
REQUEST	MarsTestALL / APIs,GetDocumentById		1626797425136	1626797425608	OK	 
GROUP	MarsTestALL / APIs,GetDocumentById	1626797425136	1626797425608	472	OK
REQUEST	MarsTestALL / APIs,FindAllStates		1626797425409	1626797425651	OK	 
GROUP	MarsTestALL / APIs,FindAllStates	1626797425408	1626797425651	242	OK
REQUEST	MarsTestALL / APIs,FindAllStates		1626797425605	1626797425784	OK	 
GROUP	MarsTestALL / APIs,FindAllStates	1626797425604	1626797425784	179	OK
REQUEST	MarsTestALL / APIs,GetProviderName		1626797425919	1626797426002	OK	 
GROUP	MarsTestALL / APIs,GetProviderName	1626797425918	1626797426002	83	OK
USER	MarsTestALL	START	1626797426136
REQUEST	MarsTestALL / APIs,GetDocumentById		1626797426137	1626797426603	OK	 
GROUP	MarsTestALL / APIs,GetDocumentById	1626797426136	1626797426604	466	OK
REQUEST	MarsTestALL / APIs,GetProviderAddress		1626797426540	1626797426621	OK	 
GROUP	MarsTestALL / APIs,GetProviderAddress	1626797426539	1626797426621	81	OK
REQUEST	MarsTestALL / APIs,GetCensus		1626797425332	1626797426642	OK	 
GROUP	MarsTestALL / APIs,GetCensus	1626797425332	1626797426642	1310	OK
REQUEST	MarsTestALL / APIs,GetCensus		1626797425580	1626797426705	OK	 
GROUP	MarsTestALL / APIs,GetCensus	1626797425579	1626797426705	1125	OK
REQUEST	MarsTestALL / APIs,findMemberLinxById		1626797426309	1626797426753	OK	 
GROUP	MarsTestALL / APIs,findMemberLinxById	1626797426308	1626797426753	444	OK
REQUEST	MarsTestALL / APIs,GetClusterByProviderType		1626797426653	1626797426793	OK	 
GROUP	MarsTestALL / APIs,GetClusterByProviderType	1626797426653	1626797426793	140	OK
REQUEST	MarsTestALL / APIs,FindAllStates		1626797426614	1626797426796	OK	 
GROUP	MarsTestALL / APIs,FindAllStates	1626797426613	1626797426796	182	OK
REQUEST	MarsTestALL / APIs,GetClusterByProviderType		1626797426785	1626797426894	OK	 
GROUP	MarsTestALL / APIs,GetClusterByProviderType	1626797426785	1626797426894	109	OK
REQUEST	MarsTestALL / APIs,GetCensus		1626797426410	1626797427432	OK	 
GROUP	MarsTestALL / APIs,GetCensus	1626797426409	1626797427433	1022	OK
REQUEST	MarsTestALL / APIs,GetProviderName		1626797427628	1626797427709	OK	 
GROUP	MarsTestALL / APIs,GetProviderName	1626797427627	1626797427709	81	OK
REQUEST	MarsTestALL / APIs,FindAllStates		1626797427610	1626797427743	OK	 
GROUP	MarsTestALL / APIs,FindAllStates	1626797427609	1626797427744	133	OK
GROUP	MarsTestALL / APIs	1626797417148	1626797427754	3559	OK
REQUEST	MarsTestALL / APIs,GetProviderAddress		1626797427794	1626797427883	OK	 
GROUP	MarsTestALL / APIs,GetProviderAddress	1626797427794	1626797427883	89	OK
REQUEST	MarsTestALL / APIs,GetProviderAddress		1626797427896	1626797427986	OK	 
GROUP	MarsTestALL / APIs,GetProviderAddress	1626797427896	1626797427987	90	OK
REQUEST	MarsTestALL / APIs,GetDocumentById		1626797427756	1626797427995	OK	 
GROUP	MarsTestALL / APIs,GetDocumentById	1626797427755	1626797427995	239	OK
REQUEST	MarsTestALL / APIs,GetCensus		1626797427004	1626797428043	OK	 
GROUP	MarsTestALL / APIs,GetCensus	1626797427004	1626797428043	1039	OK
REQUEST	MarsTestALL / APIs,GetClusterByProviderType		1626797427797	1626797428043	OK	 
GROUP	MarsTestALL / APIs,GetClusterByProviderType	1626797427797	1626797428043	246	OK
REQUEST	MarsTestALL / APIs,findMemberLinxById		1626797427647	1626797428207	OK	 
GROUP	MarsTestALL / APIs,findMemberLinxById	1626797427647	1626797428207	560	OK
REQUEST	MarsTestALL / APIs,findMemberLinxById		1626797427708	1626797428369	OK	 
GROUP	MarsTestALL / APIs,findMemberLinxById	1626797427708	1626797428369	661	OK
REQUEST	MarsTestALL / APIs,GetClusterByProviderType		1626797428747	1626797428898	OK	 
GROUP	MarsTestALL / APIs,GetClusterByProviderType	1626797428747	1626797428898	151	OK
REQUEST	MarsTestALL / APIs,findMemberLinxById		1626797428439	1626797428919	OK	 
GROUP	MarsTestALL / APIs,findMemberLinxById	1626797428438	1626797428920	480	OK
REQUEST	MarsTestALL / APIs,GetProviderName		1626797428885	1626797429032	OK	 
GROUP	MarsTestALL / APIs,GetProviderName	1626797428885	1626797429032	147	OK
REQUEST	MarsTestALL / APIs,GetProviderName		1626797428989	1626797429111	OK	 
GROUP	MarsTestALL / APIs,GetProviderName	1626797428988	1626797429111	122	OK
REQUEST	MarsTestALL / APIs,GetProviderAddress		1626797429044	1626797429132	OK	 
GROUP	MarsTestALL / APIs,GetProviderAddress	1626797429044	1626797429133	88	OK
REQUEST	MarsTestALL / APIs,FindAllStates		1626797428998	1626797429137	OK	 
GROUP	MarsTestALL / APIs,FindAllStates	1626797428997	1626797429137	139	OK
GROUP	MarsTestALL / APIs	1626797419145	1626797429208	3041	OK
GROUP	MarsTestALL / APIs	1626797418143	1626797429371	4195	OK
REQUEST	MarsTestALL / APIs,GetDocumentById		1626797429209	1626797429436	OK	 
GROUP	MarsTestALL / APIs,GetDocumentById	1626797429208	1626797429436	227	OK
REQUEST	MarsTestALL / APIs,findMemberLinxById		1626797429044	1626797429513	OK	 
GROUP	MarsTestALL / APIs,findMemberLinxById	1626797429043	1626797429513	469	OK
REQUEST	MarsTestALL / APIs,GetCensus		1626797428715	1626797429709	OK	 
GROUP	MarsTestALL / APIs,GetCensus	1626797428714	1626797429709	994	OK
REQUEST	MarsTestALL / APIs,GetDocumentById		1626797429372	1626797429785	OK	 
GROUP	MarsTestALL / APIs,GetDocumentById	1626797429372	1626797429786	413	OK
GROUP	MarsTestALL / APIs	1626797420139	1626797429922	2756	OK
REQUEST	MarsTestALL / APIs,GetProviderAddress		1626797429905	1626797429995	OK	 
GROUP	MarsTestALL / APIs,GetProviderAddress	1626797429904	1626797429995	90	OK
REQUEST	MarsTestALL / APIs,GetDocumentById		1626797429923	1626797430217	OK	 
GROUP	MarsTestALL / APIs,GetDocumentById	1626797429922	1626797430217	294	OK
REQUEST	MarsTestALL / APIs,GetProviderName		1626797430139	1626797430221	OK	 
GROUP	MarsTestALL / APIs,GetProviderName	1626797430138	1626797430221	82	OK
REQUEST	MarsTestALL / APIs,GetClusterByProviderType		1626797430142	1626797430342	OK	 
GROUP	MarsTestALL / APIs,GetClusterByProviderType	1626797430142	1626797430343	200	OK
GROUP	MarsTestALL / APIs	1626797421139	1626797430514	2356	OK
REQUEST	MarsTestALL / APIs,FindAllStates		1626797430439	1626797430620	OK	 
GROUP	MarsTestALL / APIs,FindAllStates	1626797430438	1626797430620	181	OK
REQUEST	MarsTestALL / APIs,GetDocumentById		1626797430515	1626797430721	OK	 
GROUP	MarsTestALL / APIs,GetDocumentById	1626797430514	1626797430721	206	OK
REQUEST	MarsTestALL / APIs,FindAllStates		1626797430789	1626797430919	OK	 
GROUP	MarsTestALL / APIs,FindAllStates	1626797430789	1626797430920	130	OK
REQUEST	MarsTestALL / APIs,GetProviderName		1626797430997	1626797431078	OK	 
GROUP	MarsTestALL / APIs,GetProviderName	1626797430996	1626797431078	81	OK
REQUEST	MarsTestALL / APIs,findMemberLinxById		1626797430710	1626797431085	OK	 
GROUP	MarsTestALL / APIs,findMemberLinxById	1626797430710	1626797431085	375	OK
REQUEST	MarsTestALL / APIs,FindAllStates		1626797431221	1626797431348	OK	 
GROUP	MarsTestALL / APIs,FindAllStates	1626797431221	1626797431349	127	OK
REQUEST	MarsTestALL / APIs,GetProviderAddress		1626797431344	1626797431424	OK	 
GROUP	MarsTestALL / APIs,GetProviderAddress	1626797431343	1626797431424	80	OK
REQUEST	MarsTestALL / APIs,GetCensus		1626797430114	1626797431511	OK	 
GROUP	MarsTestALL / APIs,GetCensus	1626797430113	1626797431511	1397	OK
REQUEST	MarsTestALL / APIs,GetCensus		1626797430034	1626797431514	OK	 
GROUP	MarsTestALL / APIs,GetCensus	1626797430033	1626797431515	1480	OK
REQUEST	MarsTestALL / APIs,GetClusterByProviderType		1626797431622	1626797431728	OK	 
GROUP	MarsTestALL / APIs,GetClusterByProviderType	1626797431621	1626797431728	106	OK
REQUEST	MarsTestALL / APIs,FindAllStates		1626797431722	1626797431839	OK	 
GROUP	MarsTestALL / APIs,FindAllStates	1626797431722	1626797431839	117	OK
REQUEST	MarsTestALL / APIs,GetClusterByProviderType		1626797431923	1626797432025	OK	 
GROUP	MarsTestALL / APIs,GetClusterByProviderType	1626797431923	1626797432026	102	OK
GROUP	MarsTestALL / APIs	1626797422138	1626797432088	2919	OK
REQUEST	MarsTestALL / APIs,GetDocumentById		1626797432088	1626797432271	OK	 
GROUP	MarsTestALL / APIs,GetDocumentById	1626797432088	1626797432271	183	OK
REQUEST	MarsTestALL / APIs,GetCensus		1626797431223	1626797432285	OK	 
GROUP	MarsTestALL / APIs,GetCensus	1626797431223	1626797432285	1062	OK
REQUEST	MarsTestALL / APIs,GetClusterByProviderType		1626797432350	1626797432454	OK	 
GROUP	MarsTestALL / APIs,GetClusterByProviderType	1626797432349	1626797432454	104	OK
REQUEST	MarsTestALL / APIs,GetProviderName		1626797432430	1626797432508	OK	 
GROUP	MarsTestALL / APIs,GetProviderName	1626797432429	1626797432508	78	OK
REQUEST	MarsTestALL / APIs,GetProviderAddress		1626797432730	1626797432821	OK	 
GROUP	MarsTestALL / APIs,GetProviderAddress	1626797432729	1626797432822	91	OK
REQUEST	MarsTestALL / APIs,findMemberLinxById		1626797432518	1626797432868	OK	 
GROUP	MarsTestALL / APIs,findMemberLinxById	1626797432517	1626797432868	350	OK
REQUEST	MarsTestALL / APIs,findMemberLinxById		1626797432513	1626797432936	OK	 
GROUP	MarsTestALL / APIs,findMemberLinxById	1626797432513	1626797432936	423	OK
REQUEST	MarsTestALL / APIs,GetClusterByProviderType		1626797432841	1626797432943	OK	 
GROUP	MarsTestALL / APIs,GetClusterByProviderType	1626797432841	1626797432944	102	OK
REQUEST	MarsTestALL / APIs,GetCensus		1626797432080	1626797433041	OK	 
GROUP	MarsTestALL / APIs,GetCensus	1626797432079	1626797433042	961	OK
REQUEST	MarsTestALL / APIs,GetProviderAddress		1626797433028	1626797433106	OK	 
GROUP	MarsTestALL / APIs,GetProviderAddress	1626797433027	1626797433107	78	OK
REQUEST	MarsTestALL / APIs,FindAllStates		1626797433276	1626797433383	OK	 
GROUP	MarsTestALL / APIs,FindAllStates	1626797433275	1626797433383	107	OK
REQUEST	MarsTestALL / APIs,GetProviderAddress		1626797433456	1626797433539	OK	 
GROUP	MarsTestALL / APIs,GetProviderAddress	1626797433455	1626797433540	83	OK
REQUEST	MarsTestALL / APIs,findMemberLinxById		1626797433288	1626797433626	OK	 
GROUP	MarsTestALL / APIs,findMemberLinxById	1626797433287	1626797433626	338	OK
GROUP	MarsTestALL / APIs	1626797423138	1626797433873	3714	OK
REQUEST	MarsTestALL / APIs,GetProviderName		1626797433826	1626797433926	OK	 
GROUP	MarsTestALL / APIs,GetProviderName	1626797433826	1626797433926	100	OK
GROUP	MarsTestALL / APIs	1626797424136	1626797433940	2784	OK
REQUEST	MarsTestALL / APIs,GetProviderAddress		1626797433950	1626797434039	OK	 
GROUP	MarsTestALL / APIs,GetProviderAddress	1626797433950	1626797434040	89	OK
REQUEST	MarsTestALL / APIs,GetDocumentById		1626797433874	1626797434081	OK	 
GROUP	MarsTestALL / APIs,GetDocumentById	1626797433873	1626797434082	207	OK
REQUEST	MarsTestALL / APIs,GetDocumentById		1626797433941	1626797434174	OK	 
GROUP	MarsTestALL / APIs,GetDocumentById	1626797433941	1626797434174	233	OK
REQUEST	MarsTestALL / APIs,GetProviderName		1626797434109	1626797434252	OK	 
GROUP	MarsTestALL / APIs,GetProviderName	1626797434109	1626797434252	143	OK
REQUEST	MarsTestALL / APIs,findMemberLinxById		1626797434044	1626797434464	OK	 
GROUP	MarsTestALL / APIs,findMemberLinxById	1626797434043	1626797434465	420	OK
REQUEST	MarsTestALL / APIs,GetClusterByProviderType		1626797434385	1626797434542	OK	 
GROUP	MarsTestALL / APIs,GetClusterByProviderType	1626797434384	1626797434542	157	OK
REQUEST	MarsTestALL / APIs,GetCensus		1626797433510	1626797434551	OK	 
GROUP	MarsTestALL / APIs,GetCensus	1626797433509	1626797434551	1041	OK
GROUP	MarsTestALL / APIs	1626797425136	1626797434630	2470	OK
REQUEST	MarsTestALL / APIs,GetProviderName		1626797434542	1626797434640	OK	 
GROUP	MarsTestALL / APIs,GetProviderName	1626797434541	1626797434640	98	OK
REQUEST	MarsTestALL / APIs,GetDocumentById		1626797434631	1626797434854	OK	 
GROUP	MarsTestALL / APIs,GetDocumentById	1626797434630	1626797434854	223	OK
REQUEST	MarsTestALL / APIs,GetProviderName		1626797435042	1626797435143	OK	 
GROUP	MarsTestALL / APIs,GetProviderName	1626797435042	1626797435143	101	OK
REQUEST	MarsTestALL / APIs,FindAllStates		1626797435084	1626797435262	OK	 
GROUP	MarsTestALL / APIs,FindAllStates	1626797435083	1626797435262	178	OK
REQUEST	MarsTestALL / APIs,FindAllStates		1626797435176	1626797435345	OK	 
GROUP	MarsTestALL / APIs,FindAllStates	1626797435175	1626797435346	169	OK
GROUP	MarsTestALL / APIs	1626797426136	1626797435466	2302	OK
REQUEST	MarsTestALL / APIs,GetProviderAddress		1626797435544	1626797435632	OK	 
GROUP	MarsTestALL / APIs,GetProviderAddress	1626797435543	1626797435633	88	OK
REQUEST	MarsTestALL / APIs,GetDocumentById		1626797435467	1626797435664	OK	 
GROUP	MarsTestALL / APIs,GetDocumentById	1626797435466	1626797435665	197	OK
REQUEST	MarsTestALL / APIs,findMemberLinxById		1626797435554	1626797435940	OK	 
GROUP	MarsTestALL / APIs,findMemberLinxById	1626797435554	1626797435940	386	OK
REQUEST	MarsTestALL / APIs,FindAllStates		1626797435855	1626797436035	OK	 
GROUP	MarsTestALL / APIs,FindAllStates	1626797435854	1626797436035	180	OK
REQUEST	MarsTestALL / APIs,GetCensus		1626797434931	1626797436102	OK	 
GROUP	MarsTestALL / APIs,GetCensus	1626797434930	1626797436102	1171	OK
REQUEST	MarsTestALL / APIs,GetCensus		1626797435255	1626797436281	OK	 
GROUP	MarsTestALL / APIs,GetCensus	1626797435254	1626797436281	1026	OK
REQUEST	MarsTestALL / APIs,GetClusterByProviderType		1626797436267	1626797436396	OK	 
GROUP	MarsTestALL / APIs,GetClusterByProviderType	1626797436266	1626797436397	129	OK
REQUEST	MarsTestALL / APIs,GetClusterByProviderType		1626797436352	1626797436475	OK	 
GROUP	MarsTestALL / APIs,GetClusterByProviderType	1626797436351	1626797436475	123	OK
REQUEST	MarsTestALL / APIs,GetCensus		1626797435642	1626797436554	OK	 
GROUP	MarsTestALL / APIs,GetCensus	1626797435642	1626797436554	912	OK
REQUEST	MarsTestALL / APIs,GetProviderName		1626797436636	1626797436717	OK	 
GROUP	MarsTestALL / APIs,GetProviderName	1626797436635	1626797436717	81	OK
REQUEST	MarsTestALL / APIs,FindAllStates		1626797436667	1626797436770	OK	 
GROUP	MarsTestALL / APIs,FindAllStates	1626797436667	1626797436770	103	OK
GROUP	MarsTestALL / APIs	1626797427755	1626797436941	2163	OK
REQUEST	MarsTestALL / APIs,GetClusterByProviderType		1626797437036	1626797437155	OK	 
GROUP	MarsTestALL / APIs,GetClusterByProviderType	1626797437036	1626797437155	119	OK
REQUEST	MarsTestALL / APIs,GetDocumentById		1626797436942	1626797437159	OK	 
GROUP	MarsTestALL / APIs,GetDocumentById	1626797436941	1626797437159	217	OK
REQUEST	MarsTestALL / APIs,GetCensus		1626797436145	1626797437183	OK	 
GROUP	MarsTestALL / APIs,GetCensus	1626797436144	1626797437183	1038	OK
REQUEST	MarsTestALL / APIs,findMemberLinxById		1626797437108	1626797437459	OK	 
GROUP	MarsTestALL / APIs,findMemberLinxById	1626797437107	1626797437460	351	OK
REQUEST	MarsTestALL / APIs,GetProviderAddress		1626797437399	1626797437486	OK	 
GROUP	MarsTestALL / APIs,GetProviderAddress	1626797437398	1626797437487	87	OK
REQUEST	MarsTestALL / APIs,GetProviderAddress		1626797437477	1626797437572	OK	 
GROUP	MarsTestALL / APIs,GetProviderAddress	1626797437476	1626797437572	95	OK
REQUEST	MarsTestALL / APIs,findMemberLinxById		1626797437283	1626797437588	OK	 
GROUP	MarsTestALL / APIs,findMemberLinxById	1626797437283	1626797437588	305	OK
REQUEST	MarsTestALL / APIs,GetClusterByProviderType		1626797437774	1626797437892	OK	 
GROUP	MarsTestALL / APIs,GetClusterByProviderType	1626797437773	1626797437892	118	OK
REQUEST	MarsTestALL / APIs,findMemberLinxById		1626797437557	1626797438006	OK	 
GROUP	MarsTestALL / APIs,findMemberLinxById	1626797437557	1626797438007	449	OK
REQUEST	MarsTestALL / APIs,GetProviderAddress		1626797438160	1626797438248	OK	 
GROUP	MarsTestALL / APIs,GetProviderAddress	1626797438160	1626797438249	88	OK
REQUEST	MarsTestALL / APIs,FindAllStates		1626797438161	1626797438313	OK	 
GROUP	MarsTestALL / APIs,FindAllStates	1626797438160	1626797438313	152	OK
GROUP	MarsTestALL / APIs	1626797429208	1626797438463	2227	OK
REQUEST	MarsTestALL / APIs,findMemberLinxById		1626797438185	1626797438531	OK	 
GROUP	MarsTestALL / APIs,findMemberLinxById	1626797438184	1626797438531	346	OK
REQUEST	MarsTestALL / APIs,GetProviderName		1626797438488	1626797438568	OK	 
GROUP	MarsTestALL / APIs,GetProviderName	1626797438487	1626797438569	80	OK
GROUP	MarsTestALL / APIs	1626797429372	1626797438592	2197	OK
REQUEST	MarsTestALL / APIs,GetCensus		1626797437722	1626797438641	OK	 
GROUP	MarsTestALL / APIs,GetCensus	1626797437721	1626797438641	919	OK
REQUEST	MarsTestALL / APIs,GetProviderName		1626797438573	1626797438654	OK	 
GROUP	MarsTestALL / APIs,GetProviderName	1626797438573	1626797438654	81	OK
REQUEST	MarsTestALL / APIs,GetDocumentById		1626797438464	1626797438686	OK	 
GROUP	MarsTestALL / APIs,GetDocumentById	1626797438463	1626797438687	222	OK
REQUEST	MarsTestALL / APIs,GetDocumentById		1626797438593	1626797438784	OK	 
GROUP	MarsTestALL / APIs,GetDocumentById	1626797438593	1626797438785	191	OK
REQUEST	MarsTestALL / APIs,GetProviderAddress		1626797438895	1626797438999	OK	 
GROUP	MarsTestALL / APIs,GetProviderAddress	1626797438894	1626797438999	104	OK
GROUP	MarsTestALL / APIs	1626797429922	1626797439007	2067	OK
REQUEST	MarsTestALL / APIs,GetDocumentById		1626797439008	1626797439198	OK	 
GROUP	MarsTestALL / APIs,GetDocumentById	1626797439008	1626797439199	190	OK
REQUEST	MarsTestALL / APIs,GetClusterByProviderType		1626797439315	1626797439457	OK	 
GROUP	MarsTestALL / APIs,GetClusterByProviderType	1626797439314	1626797439458	142	OK
GROUP	MarsTestALL / APIs	1626797430514	1626797439537	1999	OK
REQUEST	MarsTestALL / APIs,FindAllStates		1626797439688	1626797439869	OK	 
GROUP	MarsTestALL / APIs,FindAllStates	1626797439687	1626797439869	181	OK
REQUEST	MarsTestALL / APIs,FindAllStates		1626797439786	1626797439992	OK	 
GROUP	MarsTestALL / APIs,FindAllStates	1626797439785	1626797439992	206	OK
REQUEST	MarsTestALL / APIs,findMemberLinxById		1626797439643	1626797440062	OK	 
GROUP	MarsTestALL / APIs,findMemberLinxById	1626797439643	1626797440062	419	OK
REQUEST	MarsTestALL / APIs,GetProviderName		1626797440004	1626797440240	OK	 
GROUP	MarsTestALL / APIs,GetProviderName	1626797440004	1626797440240	236	OK
REQUEST	MarsTestALL / APIs,FindAllStates		1626797440201	1626797440531	OK	 
GROUP	MarsTestALL / APIs,FindAllStates	1626797440200	1626797440531	330	OK
REQUEST	MarsTestALL / APIs,GetProviderAddress		1626797440462	1626797440621	OK	 
GROUP	MarsTestALL / APIs,GetProviderAddress	1626797440461	1626797440621	159	OK
REQUEST	MarsTestALL / APIs,GetProviderName		1626797439254	1626797440813	OK	 
GROUP	MarsTestALL / APIs,GetProviderName	1626797439254	1626797440813	1559	OK
REQUEST	MarsTestALL / APIs,GetDocumentById		1626797439538	1626797440857	OK	 
GROUP	MarsTestALL / APIs,GetDocumentById	1626797439537	1626797440858	1319	OK
REQUEST	MarsTestALL / APIs,GetClusterByProviderType		1626797440871	1626797440985	OK	 
GROUP	MarsTestALL / APIs,GetClusterByProviderType	1626797440871	1626797440986	114	OK
GROUP	MarsTestALL / APIs	1626797432088	1626797441063	1954	OK
REQUEST	MarsTestALL / APIs,GetClusterByProviderType		1626797440997	1626797441171	OK	 
GROUP	MarsTestALL / APIs,GetClusterByProviderType	1626797440996	1626797441172	174	OK
REQUEST	MarsTestALL / APIs,GetCensus		1626797439659	1626797441354	OK	 
GROUP	MarsTestALL / APIs,GetCensus	1626797439659	1626797441354	1695	OK
REQUEST	MarsTestALL / APIs,GetCensus		1626797439571	1626797441355	OK	 
GROUP	MarsTestALL / APIs,GetCensus	1626797439571	1626797441355	1784	OK
REQUEST	MarsTestALL / APIs,GetDocumentById		1626797441064	1626797441360	OK	 
GROUP	MarsTestALL / APIs,GetDocumentById	1626797441063	1626797441360	296	OK
REQUEST	MarsTestALL / APIs,GetClusterByProviderType		1626797441534	1626797441710	OK	 
GROUP	MarsTestALL / APIs,GetClusterByProviderType	1626797441533	1626797441711	176	OK
REQUEST	MarsTestALL / APIs,GetProviderName		1626797441627	1626797441863	OK	 
GROUP	MarsTestALL / APIs,GetProviderName	1626797441627	1626797441864	236	OK
REQUEST	MarsTestALL / APIs,GetProviderAddress		1626797441991	1626797442223	OK	 
GROUP	MarsTestALL / APIs,GetProviderAddress	1626797441990	1626797442223	232	OK
REQUEST	MarsTestALL / APIs,GetProviderAddress		1626797442178	1626797442406	OK	 
GROUP	MarsTestALL / APIs,GetProviderAddress	1626797442177	1626797442406	228	OK
REQUEST	MarsTestALL / APIs,FindAllStates		1626797442360	1626797442585	OK	 
GROUP	MarsTestALL / APIs,FindAllStates	1626797442360	1626797442585	225	OK
REQUEST	MarsTestALL / APIs,FindAllStates		1626797441863	1626797442586	OK	 
GROUP	MarsTestALL / APIs,FindAllStates	1626797441863	1626797442586	723	OK
REQUEST	MarsTestALL / APIs,findMemberLinxById		1626797442356	1626797442776	OK	 
GROUP	MarsTestALL / APIs,findMemberLinxById	1626797442356	1626797442776	420	OK
REQUEST	MarsTestALL / APIs,findMemberLinxById		1626797442357	1626797442919	OK	 
GROUP	MarsTestALL / APIs,findMemberLinxById	1626797442357	1626797442920	562	OK
REQUEST	MarsTestALL / APIs,GetProviderAddress		1626797442712	1626797442920	OK	 
GROUP	MarsTestALL / APIs,GetProviderAddress	1626797442712	1626797442920	208	OK
REQUEST	MarsTestALL / APIs,GetProviderName		1626797443229	1626797443464	OK	 
GROUP	MarsTestALL / APIs,GetProviderName	1626797443229	1626797443464	235	OK
REQUEST	MarsTestALL / APIs,GetProviderName		1626797443408	1626797443642	OK	 
GROUP	MarsTestALL / APIs,GetProviderName	1626797443407	1626797443642	234	OK
GROUP	MarsTestALL / APIs	1626797433873	1626797443777	2885	OK
REQUEST	MarsTestALL / APIs,GetClusterByProviderType		1626797443588	1626797443836	OK	 
REQUEST	MarsTestALL / APIs,GetClusterByProviderType		1626797443589	1626797443836	OK	 
GROUP	MarsTestALL / APIs,GetClusterByProviderType	1626797443587	1626797443836	248	OK
GROUP	MarsTestALL / APIs,GetClusterByProviderType	1626797443588	1626797443836	247	OK
GROUP	MarsTestALL / APIs	1626797433941	1626797443921	2958	OK
REQUEST	MarsTestALL / APIs,GetCensus		1626797441815	1626797443978	OK	 
GROUP	MarsTestALL / APIs,GetCensus	1626797441814	1626797443978	2163	OK
REQUEST	MarsTestALL / APIs,GetDocumentById		1626797443778	1626797444156	OK	 
GROUP	MarsTestALL / APIs,GetDocumentById	1626797443777	1626797444156	378	OK
REQUEST	MarsTestALL / APIs,GetProviderName		1626797443922	1626797444157	OK	 
GROUP	MarsTestALL / APIs,GetProviderName	1626797443921	1626797444157	235	OK
REQUEST	MarsTestALL / APIs,GetDocumentById		1626797443922	1626797444183	OK	 
GROUP	MarsTestALL / APIs,GetDocumentById	1626797443921	1626797444183	261	OK
REQUEST	MarsTestALL / APIs,GetCensus		1626797442865	1626797444333	OK	 
GROUP	MarsTestALL / APIs,GetCensus	1626797442864	1626797444333	1468	OK
REQUEST	MarsTestALL / APIs,GetCensus		1626797441242	1626797444706	OK	 
GROUP	MarsTestALL / APIs,GetCensus	1626797441241	1626797444706	3464	OK
REQUEST	MarsTestALL / APIs,GetProviderAddress		1626797444839	1626797444922	OK	 
GROUP	MarsTestALL / APIs,GetProviderAddress	1626797444838	1626797444922	83	OK
REQUEST	MarsTestALL / APIs,GetProviderAddress		1626797444839	1626797444930	OK	 
GROUP	MarsTestALL / APIs,GetProviderAddress	1626797444838	1626797444930	91	OK
REQUEST	MarsTestALL / APIs,findMemberLinxById		1626797444981	1626797445263	OK	 
GROUP	MarsTestALL / APIs,findMemberLinxById	1626797444981	1626797445263	282	OK
REQUEST	MarsTestALL / APIs,FindAllStates		1626797445159	1626797445327	OK	 
GROUP	MarsTestALL / APIs,FindAllStates	1626797445158	1626797445327	168	OK
REQUEST	MarsTestALL / APIs,FindAllStates		1626797445185	1626797445373	OK	 
GROUP	MarsTestALL / APIs,FindAllStates	1626797445185	1626797445374	188	OK
REQUEST	MarsTestALL / APIs,findMemberLinxById		1626797445334	1626797445604	OK	 
GROUP	MarsTestALL / APIs,findMemberLinxById	1626797445334	1626797445604	270	OK
REQUEST	MarsTestALL / APIs,GetCensus		1626797444645	1626797445956	OK	 
GROUP	MarsTestALL / APIs,GetCensus	1626797444644	1626797445956	1311	OK
REQUEST	MarsTestALL / APIs,GetProviderName		1626797445925	1626797446013	OK	 
GROUP	MarsTestALL / APIs,GetProviderName	1626797445925	1626797446014	88	OK
REQUEST	MarsTestALL / APIs,GetProviderName		1626797445934	1626797446019	OK	 
GROUP	MarsTestALL / APIs,GetProviderName	1626797445934	1626797446019	85	OK
REQUEST	MarsTestALL / APIs,findMemberLinxById		1626797445708	1626797446048	OK	 
GROUP	MarsTestALL / APIs,findMemberLinxById	1626797445708	1626797446048	340	OK
REQUEST	MarsTestALL / APIs,GetCensus		1626797444468	1626797446246	OK	 
GROUP	MarsTestALL / APIs,GetCensus	1626797444467	1626797446246	1778	OK
GROUP	MarsTestALL / APIs	1626797434630	1626797446267	4614	OK
REQUEST	MarsTestALL / APIs,GetClusterByProviderType		1626797446328	1626797446443	OK	 
GROUP	MarsTestALL / APIs,GetClusterByProviderType	1626797446328	1626797446444	115	OK
REQUEST	MarsTestALL / APIs,GetClusterByProviderType		1626797446376	1626797446488	OK	 
GROUP	MarsTestALL / APIs,GetClusterByProviderType	1626797446375	1626797446488	112	OK
GROUP	MarsTestALL / APIs	1626797436941	1626797446605	2644	OK
REQUEST	MarsTestALL / APIs,GetCensus		1626797445159	1626797446629	OK	 
GROUP	MarsTestALL / APIs,GetCensus	1626797445158	1626797446629	1470	OK
REQUEST	MarsTestALL / APIs,GetDocumentById		1626797446606	1626797446807	OK	 
GROUP	MarsTestALL / APIs,GetDocumentById	1626797446605	1626797446807	201	OK
REQUEST	MarsTestALL / APIs,GetDocumentById		1626797446268	1626797446982	OK	 
GROUP	MarsTestALL / APIs,GetDocumentById	1626797446267	1626797446983	714	OK
GROUP	MarsTestALL / APIs	1626797435466	1626797447053	4562	OK
REQUEST	MarsTestALL / APIs,GetDocumentById		1626797447053	1626797447240	OK	 
GROUP	MarsTestALL / APIs,GetDocumentById	1626797447053	1626797447240	187	OK
REQUEST	MarsTestALL / APIs,findMemberLinxById		1626797446959	1626797447346	OK	 
GROUP	MarsTestALL / APIs,findMemberLinxById	1626797446958	1626797447347	387	OK
REQUEST	MarsTestALL / APIs,GetProviderAddress		1626797447449	1626797447538	OK	 
GROUP	MarsTestALL / APIs,GetProviderAddress	1626797447449	1626797447538	89	OK
REQUEST	MarsTestALL / APIs,GetProviderAddress		1626797447492	1626797447573	OK	 
GROUP	MarsTestALL / APIs,GetProviderAddress	1626797447492	1626797447574	81	OK
REQUEST	MarsTestALL / APIs,findMemberLinxById		1626797447253	1626797447699	OK	 
GROUP	MarsTestALL / APIs,findMemberLinxById	1626797447252	1626797447699	446	OK
REQUEST	MarsTestALL / APIs,FindAllStates		1626797447809	1626797447923	OK	 
GROUP	MarsTestALL / APIs,FindAllStates	1626797447808	1626797447923	114	OK
REQUEST	MarsTestALL / APIs,findMemberLinxById		1626797447634	1626797448023	OK	 
GROUP	MarsTestALL / APIs,findMemberLinxById	1626797447634	1626797448024	389	OK
REQUEST	MarsTestALL / APIs,FindAllStates		1626797447984	1626797448086	OK	 
GROUP	MarsTestALL / APIs,FindAllStates	1626797447984	1626797448086	102	OK
REQUEST	MarsTestALL / APIs,GetCensus		1626797447025	1626797448301	OK	 
GROUP	MarsTestALL / APIs,GetCensus	1626797447025	1626797448301	1276	OK
REQUEST	MarsTestALL / APIs,GetCensus		1626797447019	1626797448336	OK	 
GROUP	MarsTestALL / APIs,GetCensus	1626797447018	1626797448337	1317	OK
GROUP	MarsTestALL / APIs	1626797438593	1626797448347	2731	OK
REQUEST	MarsTestALL / APIs,FindAllStates		1626797448241	1626797448411	OK	 
GROUP	MarsTestALL / APIs,FindAllStates	1626797448241	1626797448411	170	OK
REQUEST	MarsTestALL / APIs,GetDocumentById		1626797448348	1626797448599	OK	 
GROUP	MarsTestALL / APIs,GetDocumentById	1626797448347	1626797448599	251	OK
REQUEST	MarsTestALL / APIs,GetProviderName		1626797448542	1626797448640	OK	 
GROUP	MarsTestALL / APIs,GetProviderName	1626797448542	1626797448641	98	OK
REQUEST	MarsTestALL / APIs,GetProviderName		1626797448575	1626797448657	OK	 
GROUP	MarsTestALL / APIs,GetProviderName	1626797448574	1626797448657	82	OK
GROUP	MarsTestALL / APIs	1626797438463	1626797448704	3208	OK
REQUEST	MarsTestALL / APIs,GetDocumentById		1626797448705	1626797448904	OK	 
GROUP	MarsTestALL / APIs,GetDocumentById	1626797448705	1626797448904	199	OK
GROUP	MarsTestALL / APIs	1626797439008	1626797449025	2998	OK
REQUEST	MarsTestALL / APIs,GetClusterByProviderType		1626797448927	1626797449050	OK	 
GROUP	MarsTestALL / APIs,GetClusterByProviderType	1626797448927	1626797449051	123	OK
REQUEST	MarsTestALL / APIs,GetClusterByProviderType		1626797449090	1626797449219	OK	 
GROUP	MarsTestALL / APIs,GetClusterByProviderType	1626797449089	1626797449219	129	OK
REQUEST	MarsTestALL / APIs,GetDocumentById		1626797449025	1626797449232	OK	 
GROUP	MarsTestALL / APIs,GetDocumentById	1626797449025	1626797449233	207	OK
REQUEST	MarsTestALL / APIs,findMemberLinxById		1626797449340	1626797449689	OK	 
GROUP	MarsTestALL / APIs,findMemberLinxById	1626797449339	1626797449690	349	OK
REQUEST	MarsTestALL / APIs,findMemberLinxById		1626797449305	1626797449728	OK	 
GROUP	MarsTestALL / APIs,findMemberLinxById	1626797449305	1626797449728	423	OK
REQUEST	MarsTestALL / APIs,GetClusterByProviderType		1626797449413	1626797449758	OK	 
GROUP	MarsTestALL / APIs,GetClusterByProviderType	1626797449412	1626797449759	345	OK
REQUEST	MarsTestALL / APIs,FindAllStates		1626797449605	1626797449950	OK	 
GROUP	MarsTestALL / APIs,FindAllStates	1626797449605	1626797449950	345	OK
REQUEST	MarsTestALL / APIs,GetProviderAddress		1626797450056	1626797450149	OK	 
GROUP	MarsTestALL / APIs,GetProviderAddress	1626797450056	1626797450149	93	OK
REQUEST	MarsTestALL / APIs,FindAllStates		1626797449906	1626797450219	OK	 
GROUP	MarsTestALL / APIs,FindAllStates	1626797449905	1626797450219	313	OK
REQUEST	MarsTestALL / APIs,GetProviderAddress		1626797450220	1626797450309	OK	 
GROUP	MarsTestALL / APIs,GetProviderAddress	1626797450220	1626797450310	89	OK
REQUEST	MarsTestALL / APIs,FindAllStates		1626797450238	1626797450410	OK	 
GROUP	MarsTestALL / APIs,FindAllStates	1626797450237	1626797450410	172	OK
GROUP	MarsTestALL / APIs	1626797441063	1626797450691	2605	OK
GROUP	MarsTestALL / APIs	1626797439537	1626797450729	4165	OK
REQUEST	MarsTestALL / APIs,GetProviderAddress		1626797450763	1626797450860	OK	 
GROUP	MarsTestALL / APIs,GetProviderAddress	1626797450762	1626797450860	97	OK
REQUEST	MarsTestALL / APIs,GetDocumentById		1626797450729	1626797450907	OK	 
GROUP	MarsTestALL / APIs,GetDocumentById	1626797450729	1626797450908	178	OK
REQUEST	MarsTestALL / APIs,GetDocumentById		1626797450691	1626797450918	OK	 
GROUP	MarsTestALL / APIs,GetDocumentById	1626797450691	1626797450918	227	OK
REQUEST	MarsTestALL / APIs,GetClusterByProviderType		1626797450952	1626797451116	OK	 
GROUP	MarsTestALL / APIs,GetClusterByProviderType	1626797450952	1626797451116	164	OK
REQUEST	MarsTestALL / APIs,GetCensus		1626797449660	1626797451165	OK	 
GROUP	MarsTestALL / APIs,GetCensus	1626797449660	1626797451165	1505	OK
REQUEST	MarsTestALL / APIs,GetCensus		1626797449642	1626797451193	OK	 
GROUP	MarsTestALL / APIs,GetCensus	1626797449642	1626797451193	1551	OK
REQUEST	MarsTestALL / APIs,GetProviderName		1626797451151	1626797451238	OK	 
GROUP	MarsTestALL / APIs,GetProviderName	1626797451151	1626797451238	87	OK
REQUEST	MarsTestALL / APIs,GetClusterByProviderType		1626797451220	1626797451339	OK	 
GROUP	MarsTestALL / APIs,GetClusterByProviderType	1626797451220	1626797451339	119	OK
REQUEST	MarsTestALL / APIs,GetProviderName		1626797451311	1626797451391	OK	 
GROUP	MarsTestALL / APIs,GetProviderName	1626797451311	1626797451391	80	OK
REQUEST	MarsTestALL / APIs,GetClusterByProviderType		1626797451411	1626797451532	OK	 
GROUP	MarsTestALL / APIs,GetClusterByProviderType	1626797451411	1626797451532	121	OK
REQUEST	MarsTestALL / APIs,FindAllStates		1626797451923	1626797452026	OK	 
GROUP	MarsTestALL / APIs,FindAllStates	1626797451923	1626797452026	103	OK
REQUEST	MarsTestALL / APIs,GetProviderName		1626797451863	1626797452068	OK	 
GROUP	MarsTestALL / APIs,GetProviderName	1626797451862	1626797452068	205	OK
REQUEST	MarsTestALL / APIs,FindAllStates		1626797451914	1626797452140	OK	 
GROUP	MarsTestALL / APIs,FindAllStates	1626797451913	1626797452140	226	OK
REQUEST	MarsTestALL / APIs,GetProviderAddress		1626797452118	1626797452217	OK	 
GROUP	MarsTestALL / APIs,GetProviderAddress	1626797452117	1626797452217	99	OK
REQUEST	MarsTestALL / APIs,GetProviderAddress		1626797452340	1626797452430	OK	 
GROUP	MarsTestALL / APIs,GetProviderAddress	1626797452340	1626797452430	90	OK
REQUEST	MarsTestALL / APIs,findMemberLinxById		1626797452171	1626797452507	OK	 
GROUP	MarsTestALL / APIs,findMemberLinxById	1626797452170	1626797452507	336	OK
REQUEST	MarsTestALL / APIs,findMemberLinxById		1626797452196	1626797452531	OK	 
GROUP	MarsTestALL / APIs,findMemberLinxById	1626797452196	1626797452531	335	OK
REQUEST	MarsTestALL / APIs,GetProviderAddress		1626797452535	1626797452628	OK	 
GROUP	MarsTestALL / APIs,GetProviderAddress	1626797452534	1626797452629	93	OK
REQUEST	MarsTestALL / APIs,GetClusterByProviderType		1626797453027	1626797453174	OK	 
GROUP	MarsTestALL / APIs,GetClusterByProviderType	1626797453027	1626797453174	147	OK
REQUEST	MarsTestALL / APIs,GetClusterByProviderType		1626797453142	1626797453273	OK	 
GROUP	MarsTestALL / APIs,GetClusterByProviderType	1626797453142	1626797453273	131	OK
REQUEST	MarsTestALL / APIs,GetProviderName		1626797453218	1626797453323	OK	 
GROUP	MarsTestALL / APIs,GetProviderName	1626797453218	1626797453323	105	OK
REQUEST	MarsTestALL / APIs,GetCensus		1626797452239	1626797453506	OK	 
GROUP	MarsTestALL / APIs,GetCensus	1626797452239	1626797453506	1267	OK
GROUP	MarsTestALL / APIs	1626797443921	1626797453508	2565	OK
REQUEST	MarsTestALL / APIs,GetProviderName		1626797453433	1626797453523	OK	 
GROUP	MarsTestALL / APIs,GetProviderName	1626797453433	1626797453523	90	OK
GROUP	MarsTestALL / APIs	1626797443777	1626797453533	2734	OK
REQUEST	MarsTestALL / APIs,GetCensus		1626797452396	1626797453592	OK	 
GROUP	MarsTestALL / APIs,GetCensus	1626797452396	1626797453592	1196	OK
REQUEST	MarsTestALL / APIs,GetDocumentById		1626797453508	1626797453710	OK	 
GROUP	MarsTestALL / APIs,GetDocumentById	1626797453508	1626797453710	202	OK
REQUEST	MarsTestALL / APIs,GetProviderName		1626797453635	1626797453715	OK	 
GROUP	MarsTestALL / APIs,GetProviderName	1626797453634	1626797453715	80	OK
REQUEST	MarsTestALL / APIs,GetDocumentById		1626797453534	1626797453755	OK	 
GROUP	MarsTestALL / APIs,GetDocumentById	1626797453533	1626797453755	221	OK
REQUEST	MarsTestALL / APIs,GetCensus		1626797453070	1626797454236	OK	 
GROUP	MarsTestALL / APIs,GetCensus	1626797453069	1626797454236	1166	OK
REQUEST	MarsTestALL / APIs,GetProviderAddress		1626797454176	1626797454256	OK	 
GROUP	MarsTestALL / APIs,GetProviderAddress	1626797454175	1626797454256	80	OK
REQUEST	MarsTestALL / APIs,GetProviderAddress		1626797454274	1626797454354	OK	 
GROUP	MarsTestALL / APIs,GetProviderAddress	1626797454274	1626797454354	80	OK
REQUEST	MarsTestALL / APIs,findMemberLinxById		1626797454508	1626797454771	OK	 
GROUP	MarsTestALL / APIs,findMemberLinxById	1626797454507	1626797454771	263	OK
REQUEST	MarsTestALL / APIs,findMemberLinxById		1626797454594	1626797454866	OK	 
GROUP	MarsTestALL / APIs,findMemberLinxById	1626797454594	1626797454866	272	OK
REQUEST	MarsTestALL / APIs,FindAllStates		1626797454713	1626797454905	OK	 
GROUP	MarsTestALL / APIs,FindAllStates	1626797454712	1626797454905	192	OK
REQUEST	MarsTestALL / APIs,FindAllStates		1626797454761	1626797455016	OK	 
GROUP	MarsTestALL / APIs,FindAllStates	1626797454761	1626797455016	255	OK
REQUEST	MarsTestALL / APIs,GetProviderName		1626797455257	1626797455352	OK	 
GROUP	MarsTestALL / APIs,GetProviderName	1626797455257	1626797455352	95	OK
REQUEST	MarsTestALL / APIs,GetProviderName		1626797455355	1626797455441	OK	 
GROUP	MarsTestALL / APIs,GetProviderName	1626797455355	1626797455442	86	OK
REQUEST	MarsTestALL / APIs,findMemberLinxById		1626797455237	1626797455607	OK	 
GROUP	MarsTestALL / APIs,findMemberLinxById	1626797455237	1626797455608	370	OK
GROUP	MarsTestALL / APIs	1626797446605	1626797455775	2148	OK
REQUEST	MarsTestALL / APIs,GetCensus		1626797454329	1626797455794	OK	 
GROUP	MarsTestALL / APIs,GetCensus	1626797454329	1626797455794	1465	OK
GROUP	MarsTestALL / APIs	1626797446267	1626797455866	2582	OK
REQUEST	MarsTestALL / APIs,GetCensus		1626797454721	1626797455949	OK	 
GROUP	MarsTestALL / APIs,GetCensus	1626797454720	1626797455950	1228	OK
REQUEST	MarsTestALL / APIs,GetCensus		1626797454524	1626797455978	OK	 
GROUP	MarsTestALL / APIs,GetCensus	1626797454524	1626797455978	1454	OK
REQUEST	MarsTestALL / APIs,GetDocumentById		1626797455776	1626797456005	OK	 
GROUP	MarsTestALL / APIs,GetDocumentById	1626797455775	1626797456005	229	OK
REQUEST	MarsTestALL / APIs,GetClusterByProviderType		1626797455909	1626797456015	OK	 
GROUP	MarsTestALL / APIs,GetClusterByProviderType	1626797455909	1626797456016	106	OK
REQUEST	MarsTestALL / APIs,GetDocumentById		1626797455867	1626797456052	OK	 
GROUP	MarsTestALL / APIs,GetDocumentById	1626797455866	1626797456052	185	OK
REQUEST	MarsTestALL / APIs,GetClusterByProviderType		1626797456021	1626797456150	OK	 
GROUP	MarsTestALL / APIs,GetClusterByProviderType	1626797456020	1626797456150	129	OK
GROUP	MarsTestALL / APIs	1626797447053	1626797456610	2540	OK
REQUEST	MarsTestALL / APIs,GetDocumentById		1626797456611	1626797456827	OK	 
GROUP	MarsTestALL / APIs,GetDocumentById	1626797456610	1626797456827	216	OK
REQUEST	MarsTestALL / APIs,findMemberLinxById		1626797456799	1626797457066	OK	 
GROUP	MarsTestALL / APIs,findMemberLinxById	1626797456799	1626797457066	267	OK
REQUEST	MarsTestALL / APIs,GetProviderAddress		1626797457017	1626797457109	OK	 
GROUP	MarsTestALL / APIs,GetProviderAddress	1626797457017	1626797457109	92	OK
REQUEST	MarsTestALL / APIs,FindAllStates		1626797457006	1626797457138	OK	 
GROUP	MarsTestALL / APIs,FindAllStates	1626797457006	1626797457139	132	OK
REQUEST	MarsTestALL / APIs,FindAllStates		1626797457054	1626797457241	OK	 
GROUP	MarsTestALL / APIs,FindAllStates	1626797457054	1626797457241	187	OK
REQUEST	MarsTestALL / APIs,GetProviderAddress		1626797457152	1626797457256	OK	 
GROUP	MarsTestALL / APIs,GetProviderAddress	1626797457151	1626797457256	104	OK
REQUEST	MarsTestALL / APIs,findMemberLinxById		1626797456951	1626797457317	OK	 
GROUP	MarsTestALL / APIs,findMemberLinxById	1626797456950	1626797457317	366	OK
REQUEST	MarsTestALL / APIs,findMemberLinxById		1626797456979	1626797457327	OK	 
GROUP	MarsTestALL / APIs,findMemberLinxById	1626797456979	1626797457327	348	OK
REQUEST	MarsTestALL / APIs,GetCensus		1626797456443	1626797457586	OK	 
GROUP	MarsTestALL / APIs,GetCensus	1626797456443	1626797457586	1143	OK
REQUEST	MarsTestALL / APIs,GetCensus		1626797456354	1626797457608	OK	 
GROUP	MarsTestALL / APIs,GetCensus	1626797456353	1626797457608	1254	OK
REQUEST	MarsTestALL / APIs,FindAllStates		1626797457833	1626797457965	OK	 
GROUP	MarsTestALL / APIs,FindAllStates	1626797457833	1626797457965	132	OK
GROUP	MarsTestALL / APIs	1626797448347	1626797458069	2696	OK
REQUEST	MarsTestALL / APIs,GetProviderName		1626797458116	1626797458221	OK	 
GROUP	MarsTestALL / APIs,GetProviderName	1626797458115	1626797458221	105	OK
GROUP	MarsTestALL / APIs	1626797449025	1626797458320	2267	OK
GROUP	MarsTestALL / APIs	1626797448705	1626797458331	2613	OK
REQUEST	MarsTestALL / APIs,GetClusterByProviderType		1626797458143	1626797458343	OK	 
GROUP	MarsTestALL / APIs,GetClusterByProviderType	1626797458142	1626797458343	200	OK
REQUEST	MarsTestALL / APIs,GetClusterByProviderType		1626797458242	1626797458362	OK	 
GROUP	MarsTestALL / APIs,GetClusterByProviderType	1626797458242	1626797458363	120	OK
REQUEST	MarsTestALL / APIs,GetDocumentById		1626797458069	1626797458378	OK	 
GROUP	MarsTestALL / APIs,GetDocumentById	1626797458069	1626797458379	309	OK
REQUEST	MarsTestALL / APIs,GetDocumentById		1626797458331	1626797458495	OK	 
GROUP	MarsTestALL / APIs,GetDocumentById	1626797458331	1626797458495	164	OK
REQUEST	MarsTestALL / APIs,GetDocumentById		1626797458320	1626797458498	OK	 
GROUP	MarsTestALL / APIs,GetDocumentById	1626797458320	1626797458499	178	OK
REQUEST	MarsTestALL / APIs,GetProviderName		1626797458260	1626797458533	OK	 
GROUP	MarsTestALL / APIs,GetProviderName	1626797458260	1626797458533	273	OK
REQUEST	MarsTestALL / APIs,findMemberLinxById		1626797458588	1626797458927	OK	 
GROUP	MarsTestALL / APIs,findMemberLinxById	1626797458587	1626797458927	339	OK
REQUEST	MarsTestALL / APIs,findMemberLinxById		1626797458613	1626797458964	OK	 
GROUP	MarsTestALL / APIs,findMemberLinxById	1626797458613	1626797458964	351	OK
REQUEST	MarsTestALL / APIs,GetClusterByProviderType		1626797458966	1626797459172	OK	 
GROUP	MarsTestALL / APIs,GetClusterByProviderType	1626797458966	1626797459172	206	OK
REQUEST	MarsTestALL / APIs,GetProviderAddress		1626797459349	1626797459428	OK	 
GROUP	MarsTestALL / APIs,GetProviderAddress	1626797459348	1626797459428	79	OK
REQUEST	MarsTestALL / APIs,GetProviderAddress		1626797459364	1626797459443	OK	 
GROUP	MarsTestALL / APIs,GetProviderAddress	1626797459364	1626797459443	79	OK
REQUEST	MarsTestALL / APIs,FindAllStates		1626797459503	1626797459622	OK	 
GROUP	MarsTestALL / APIs,FindAllStates	1626797459503	1626797459622	119	OK
REQUEST	MarsTestALL / APIs,FindAllStates		1626797459498	1626797459623	OK	 
GROUP	MarsTestALL / APIs,FindAllStates	1626797459497	1626797459623	125	OK
REQUEST	MarsTestALL / APIs,FindAllStates		1626797459381	1626797459857	OK	 
GROUP	MarsTestALL / APIs,FindAllStates	1626797459381	1626797459857	476	OK
GROUP	MarsTestALL / APIs	1626797450729	1626797459930	2183	OK
GROUP	MarsTestALL / APIs	1626797450691	1626797459969	2257	OK
REQUEST	MarsTestALL / APIs,GetDocumentById		1626797459930	1626797460270	OK	 
GROUP	MarsTestALL / APIs,GetDocumentById	1626797459930	1626797460270	340	OK
REQUEST	MarsTestALL / APIs,GetProviderAddress		1626797460177	1626797460288	OK	 
GROUP	MarsTestALL / APIs,GetProviderAddress	1626797460176	1626797460288	111	OK
REQUEST	MarsTestALL / APIs,GetDocumentById		1626797459970	1626797460301	OK	 
GROUP	MarsTestALL / APIs,GetDocumentById	1626797459969	1626797460301	331	OK
REQUEST	MarsTestALL / APIs,GetCensus		1626797459226	1626797460415	OK	 
GROUP	MarsTestALL / APIs,GetCensus	1626797459226	1626797460415	1189	OK
REQUEST	MarsTestALL / APIs,GetProviderName		1626797460430	1626797460512	OK	 
GROUP	MarsTestALL / APIs,GetProviderName	1626797460430	1626797460513	82	OK
REQUEST	MarsTestALL / APIs,GetProviderName		1626797460448	1626797460537	OK	 
GROUP	MarsTestALL / APIs,GetProviderName	1626797460447	1626797460537	89	OK
REQUEST	MarsTestALL / APIs,GetCensus		1626797459537	1626797460670	OK	 
GROUP	MarsTestALL / APIs,GetCensus	1626797459536	1626797460670	1133	OK
REQUEST	MarsTestALL / APIs,GetClusterByProviderType		1626797460628	1626797460752	OK	 
GROUP	MarsTestALL / APIs,GetClusterByProviderType	1626797460627	1626797460752	124	OK
REQUEST	MarsTestALL / APIs,GetClusterByProviderType		1626797460628	1626797460799	OK	 
GROUP	MarsTestALL / APIs,GetClusterByProviderType	1626797460627	1626797460799	171	OK
REQUEST	MarsTestALL / APIs,GetClusterByProviderType		1626797460858	1626797460981	OK	 
GROUP	MarsTestALL / APIs,GetClusterByProviderType	1626797460857	1626797460981	123	OK
REQUEST	MarsTestALL / APIs,GetProviderName		1626797461290	1626797461373	OK	 
GROUP	MarsTestALL / APIs,GetProviderName	1626797461289	1626797461373	83	OK
REQUEST	MarsTestALL / APIs,FindAllStates		1626797461276	1626797461409	OK	 
GROUP	MarsTestALL / APIs,FindAllStates	1626797461275	1626797461409	133	OK
REQUEST	MarsTestALL / APIs,FindAllStates		1626797461307	1626797461410	OK	 
GROUP	MarsTestALL / APIs,FindAllStates	1626797461306	1626797461410	103	OK
REQUEST	MarsTestALL / APIs,findMemberLinxById		1626797461421	1626797461763	OK	 
GROUP	MarsTestALL / APIs,findMemberLinxById	1626797461421	1626797461763	342	OK
REQUEST	MarsTestALL / APIs,GetProviderAddress		1626797461753	1626797461834	OK	 
GROUP	MarsTestALL / APIs,GetProviderAddress	1626797461753	1626797461835	81	OK
REQUEST	MarsTestALL / APIs,GetProviderAddress		1626797461800	1626797461882	OK	 
GROUP	MarsTestALL / APIs,GetProviderAddress	1626797461800	1626797461882	82	OK
REQUEST	MarsTestALL / APIs,findMemberLinxById		1626797461673	1626797461974	OK	 
GROUP	MarsTestALL / APIs,findMemberLinxById	1626797461672	1626797461974	301	OK
REQUEST	MarsTestALL / APIs,GetProviderAddress		1626797461985	1626797462067	OK	 
GROUP	MarsTestALL / APIs,GetProviderAddress	1626797461985	1626797462067	82	OK
REQUEST	MarsTestALL / APIs,GetClusterByProviderType		1626797462412	1626797462531	OK	 
GROUP	MarsTestALL / APIs,GetClusterByProviderType	1626797462412	1626797462531	119	OK
REQUEST	MarsTestALL / APIs,GetClusterByProviderType		1626797462411	1626797462532	OK	 
GROUP	MarsTestALL / APIs,GetClusterByProviderType	1626797462411	1626797462532	121	OK
GROUP	MarsTestALL / APIs	1626797453508	1626797462764	2228	OK
REQUEST	MarsTestALL / APIs,GetCensus		1626797461518	1626797462778	OK	 
GROUP	MarsTestALL / APIs,GetCensus	1626797461518	1626797462778	1260	OK
REQUEST	MarsTestALL / APIs,GetCensus		1626797461538	1626797462870	OK	 
GROUP	MarsTestALL / APIs,GetCensus	1626797461537	1626797462871	1332	OK
REQUEST	MarsTestALL / APIs,GetProviderName		1626797462839	1626797462921	OK	 
GROUP	MarsTestALL / APIs,GetProviderName	1626797462839	1626797462921	82	OK
REQUEST	MarsTestALL / APIs,GetProviderName		1626797462888	1626797462970	OK	 
GROUP	MarsTestALL / APIs,GetProviderName	1626797462887	1626797462971	82	OK
GROUP	MarsTestALL / APIs	1626797453533	1626797462975	2416	OK
REQUEST	MarsTestALL / APIs,GetDocumentById		1626797462764	1626797463009	OK	 
GROUP	MarsTestALL / APIs,GetDocumentById	1626797462764	1626797463010	245	OK
REQUEST	MarsTestALL / APIs,GetProviderName		1626797463068	1626797463162	OK	 
GROUP	MarsTestALL / APIs,GetProviderName	1626797463068	1626797463162	94	OK
REQUEST	MarsTestALL / APIs,GetDocumentById		1626797462976	1626797463171	OK	 
GROUP	MarsTestALL / APIs,GetDocumentById	1626797462975	1626797463171	195	OK
REQUEST	MarsTestALL / APIs,GetCensus		1626797462374	1626797463450	OK	 
GROUP	MarsTestALL / APIs,GetCensus	1626797462374	1626797463451	1076	OK
REQUEST	MarsTestALL / APIs,GetProviderAddress		1626797463534	1626797463623	OK	 
GROUP	MarsTestALL / APIs,GetProviderAddress	1626797463534	1626797463623	89	OK
REQUEST	MarsTestALL / APIs,GetProviderAddress		1626797463534	1626797463625	OK	 
GROUP	MarsTestALL / APIs,GetProviderAddress	1626797463534	1626797463625	91	OK
REQUEST	MarsTestALL / APIs,findMemberLinxById		1626797463780	1626797464071	OK	 
GROUP	MarsTestALL / APIs,findMemberLinxById	1626797463779	1626797464071	291	OK
REQUEST	MarsTestALL / APIs,FindAllStates		1626797464011	1626797464193	OK	 
GROUP	MarsTestALL / APIs,FindAllStates	1626797464010	1626797464193	182	OK
REQUEST	MarsTestALL / APIs,findMemberLinxById		1626797463875	1626797464200	OK	 
GROUP	MarsTestALL / APIs,findMemberLinxById	1626797463875	1626797464200	325	OK
REQUEST	MarsTestALL / APIs,FindAllStates		1626797464173	1626797464354	OK	 
GROUP	MarsTestALL / APIs,FindAllStates	1626797464173	1626797464354	181	OK
REQUEST	MarsTestALL / APIs,GetProviderName		1626797464626	1626797464710	OK	 
GROUP	MarsTestALL / APIs,GetProviderName	1626797464626	1626797464710	84	OK
REQUEST	MarsTestALL / APIs,GetProviderName		1626797464627	1626797464711	OK	 
GROUP	MarsTestALL / APIs,GetProviderName	1626797464627	1626797464711	84	OK
REQUEST	MarsTestALL / APIs,findMemberLinxById		1626797464452	1626797464785	OK	 
GROUP	MarsTestALL / APIs,findMemberLinxById	1626797464451	1626797464785	333	OK
GROUP	MarsTestALL / APIs	1626797455775	1626797465075	2273	OK
GROUP	MarsTestALL / APIs	1626797455866	1626797465201	2317	OK
REQUEST	MarsTestALL / APIs,GetDocumentById		1626797465075	1626797465286	OK	 
GROUP	MarsTestALL / APIs,GetDocumentById	1626797465075	1626797465287	211	OK
REQUEST	MarsTestALL / APIs,GetClusterByProviderType		1626797465199	1626797465354	OK	 
GROUP	MarsTestALL / APIs,GetClusterByProviderType	1626797465198	1626797465354	155	OK
REQUEST	MarsTestALL / APIs,GetDocumentById		1626797465202	1626797465375	OK	 
GROUP	MarsTestALL / APIs,GetDocumentById	1626797465201	1626797465376	173	OK
REQUEST	MarsTestALL / APIs,GetClusterByProviderType		1626797465359	1626797465492	OK	 
GROUP	MarsTestALL / APIs,GetClusterByProviderType	1626797465358	1626797465492	133	OK
REQUEST	MarsTestALL / APIs,GetCensus		1626797463925	1626797465537	OK	 
GROUP	MarsTestALL / APIs,GetCensus	1626797463925	1626797465537	1612	OK
REQUEST	MarsTestALL / APIs,GetCensus		1626797464167	1626797465547	OK	 
GROUP	MarsTestALL / APIs,GetCensus	1626797464167	1626797465548	1380	OK
REQUEST	MarsTestALL / APIs,GetCensus		1626797463976	1626797465631	OK	 
GROUP	MarsTestALL / APIs,GetCensus	1626797463976	1626797465631	1655	OK
GROUP	MarsTestALL / APIs	1626797456610	1626797465787	2157	OK
REQUEST	MarsTestALL / APIs,GetDocumentById		1626797465788	1626797466016	OK	 
GROUP	MarsTestALL / APIs,GetDocumentById	1626797465787	1626797466016	228	OK
REQUEST	MarsTestALL / APIs,GetProviderAddress		1626797466359	1626797466449	OK	 
GROUP	MarsTestALL / APIs,GetProviderAddress	1626797466358	1626797466449	90	OK
REQUEST	MarsTestALL / APIs,FindAllStates		1626797466292	1626797466466	OK	 
GROUP	MarsTestALL / APIs,FindAllStates	1626797466291	1626797466466	174	OK
REQUEST	MarsTestALL / APIs,FindAllStates		1626797466381	1626797466536	OK	 
GROUP	MarsTestALL / APIs,FindAllStates	1626797466381	1626797466537	155	OK
REQUEST	MarsTestALL / APIs,GetProviderAddress		1626797466498	1626797466577	OK	 
GROUP	MarsTestALL / APIs,GetProviderAddress	1626797466497	1626797466577	79	OK
REQUEST	MarsTestALL / APIs,GetCensus		1626797465713	1626797467033	OK	 
GROUP	MarsTestALL / APIs,GetCensus	1626797465713	1626797467033	1320	OK
REQUEST	MarsTestALL / APIs,findMemberLinxById		1626797466552	1626797467066	OK	 
GROUP	MarsTestALL / APIs,findMemberLinxById	1626797466552	1626797467066	514	OK
REQUEST	MarsTestALL / APIs,findMemberLinxById		1626797466538	1626797467073	OK	 
GROUP	MarsTestALL / APIs,findMemberLinxById	1626797466537	1626797467073	535	OK
REQUEST	MarsTestALL / APIs,findMemberLinxById		1626797466636	1626797467081	OK	 
GROUP	MarsTestALL / APIs,findMemberLinxById	1626797466636	1626797467081	445	OK
REQUEST	MarsTestALL / APIs,FindAllStates		1626797467018	1626797467123	OK	 
GROUP	MarsTestALL / APIs,FindAllStates	1626797467017	1626797467123	105	OK
REQUEST	MarsTestALL / APIs,GetCensus		1626797465711	1626797467142	OK	 
GROUP	MarsTestALL / APIs,GetCensus	1626797465711	1626797467142	1431	OK
REQUEST	MarsTestALL / APIs,GetProviderName		1626797467452	1626797467544	OK	 
GROUP	MarsTestALL / APIs,GetProviderName	1626797467452	1626797467544	92	OK
REQUEST	MarsTestALL / APIs,GetClusterByProviderType		1626797467469	1626797467583	OK	 
GROUP	MarsTestALL / APIs,GetClusterByProviderType	1626797467468	1626797467583	114	OK
REQUEST	MarsTestALL / APIs,GetClusterByProviderType		1626797467539	1626797467645	OK	 
GROUP	MarsTestALL / APIs,GetClusterByProviderType	1626797467538	1626797467645	106	OK
REQUEST	MarsTestALL / APIs,GetProviderName		1626797467580	1626797467664	OK	 
GROUP	MarsTestALL / APIs,GetProviderName	1626797467579	1626797467664	84	OK
GROUP	MarsTestALL / APIs	1626797458069	1626797468068	2978	OK
GROUP	MarsTestALL / APIs	1626797458320	1626797468074	2731	OK
GROUP	MarsTestALL / APIs	1626797458331	1626797468085	2724	OK
REQUEST	MarsTestALL / APIs,GetDocumentById		1626797468068	1626797468273	OK	 
GROUP	MarsTestALL / APIs,GetDocumentById	1626797468068	1626797468273	205	OK
REQUEST	MarsTestALL / APIs,GetClusterByProviderType		1626797468126	1626797468275	OK	 
GROUP	MarsTestALL / APIs,GetClusterByProviderType	1626797468126	1626797468275	149	OK
REQUEST	MarsTestALL / APIs,GetDocumentById		1626797468075	1626797468279	OK	 
GROUP	MarsTestALL / APIs,GetDocumentById	1626797468074	1626797468279	204	OK
REQUEST	MarsTestALL / APIs,GetDocumentById		1626797468086	1626797468307	OK	 
GROUP	MarsTestALL / APIs,GetDocumentById	1626797468085	1626797468307	221	OK
REQUEST	MarsTestALL / APIs,findMemberLinxById		1626797468035	1626797468429	OK	 
GROUP	MarsTestALL / APIs,findMemberLinxById	1626797468035	1626797468430	394	OK
REQUEST	MarsTestALL / APIs,findMemberLinxById		1626797468147	1626797468599	OK	 
GROUP	MarsTestALL / APIs,findMemberLinxById	1626797468147	1626797468599	452	OK
REQUEST	MarsTestALL / APIs,GetProviderAddress		1626797468586	1626797468666	OK	 
GROUP	MarsTestALL / APIs,GetProviderAddress	1626797468585	1626797468667	80	OK
REQUEST	MarsTestALL / APIs,GetProviderAddress		1626797468648	1626797468734	OK	 
GROUP	MarsTestALL / APIs,GetProviderAddress	1626797468648	1626797468734	86	OK
REQUEST	MarsTestALL / APIs,GetProviderAddress		1626797469281	1626797469365	OK	 
GROUP	MarsTestALL / APIs,GetProviderAddress	1626797469281	1626797469365	84	OK
REQUEST	MarsTestALL / APIs,FindAllStates		1626797469282	1626797469385	OK	 
GROUP	MarsTestALL / APIs,FindAllStates	1626797469281	1626797469385	103	OK
REQUEST	MarsTestALL / APIs,FindAllStates		1626797469274	1626797469396	OK	 
GROUP	MarsTestALL / APIs,FindAllStates	1626797469274	1626797469396	122	OK
REQUEST	MarsTestALL / APIs,FindAllStates		1626797469314	1626797469432	OK	 
GROUP	MarsTestALL / APIs,FindAllStates	1626797469313	1626797469432	118	OK
GROUP	MarsTestALL / APIs	1626797459930	1626797469432	2479	OK
GROUP	MarsTestALL / APIs	1626797459969	1626797469600	2613	OK
REQUEST	MarsTestALL / APIs,GetDocumentById		1626797469433	1626797469645	OK	 
GROUP	MarsTestALL / APIs,GetDocumentById	1626797469433	1626797469645	212	OK
REQUEST	MarsTestALL / APIs,GetProviderName		1626797469671	1626797469763	OK	 
GROUP	MarsTestALL / APIs,GetProviderName	1626797469671	1626797469763	92	OK
REQUEST	MarsTestALL / APIs,GetDocumentById		1626797469601	1626797469789	OK	 
GROUP	MarsTestALL / APIs,GetDocumentById	1626797469600	1626797469789	188	OK
REQUEST	MarsTestALL / APIs,GetCensus		1626797468669	1626797469801	OK	 
GROUP	MarsTestALL / APIs,GetCensus	1626797468669	1626797469802	1132	OK
REQUEST	MarsTestALL / APIs,GetProviderName		1626797469737	1626797469815	OK	 
GROUP	MarsTestALL / APIs,GetProviderName	1626797469736	1626797469815	78	OK
REQUEST	MarsTestALL / APIs,GetCensus		1626797468549	1626797469828	OK	 
GROUP	MarsTestALL / APIs,GetCensus	1626797468549	1626797469828	1279	OK
REQUEST	MarsTestALL / APIs,GetProviderName		1626797470369	1626797470451	OK	 
GROUP	MarsTestALL / APIs,GetProviderName	1626797470369	1626797470451	82	OK
REQUEST	MarsTestALL / APIs,GetClusterByProviderType		1626797470389	1626797470507	OK	 
GROUP	MarsTestALL / APIs,GetClusterByProviderType	1626797470389	1626797470507	118	OK
REQUEST	MarsTestALL / APIs,GetClusterByProviderType		1626797470403	1626797470545	OK	 
GROUP	MarsTestALL / APIs,GetClusterByProviderType	1626797470402	1626797470545	142	OK
REQUEST	MarsTestALL / APIs,GetClusterByProviderType		1626797470437	1626797470553	OK	 
GROUP	MarsTestALL / APIs,GetClusterByProviderType	1626797470436	1626797470553	116	OK
REQUEST	MarsTestALL / APIs,FindAllStates		1626797470646	1626797470765	OK	 
GROUP	MarsTestALL / APIs,FindAllStates	1626797470646	1626797470765	119	OK
REQUEST	MarsTestALL / APIs,FindAllStates		1626797470792	1626797470993	OK	 
GROUP	MarsTestALL / APIs,FindAllStates	1626797470792	1626797470993	201	OK
REQUEST	MarsTestALL / APIs,findMemberLinxById		1626797470805	1626797471216	OK	 
GROUP	MarsTestALL / APIs,findMemberLinxById	1626797470804	1626797471216	411	OK
REQUEST	MarsTestALL / APIs,findMemberLinxById		1626797470829	1626797471220	OK	 
GROUP	MarsTestALL / APIs,findMemberLinxById	1626797470829	1626797471220	391	OK
REQUEST	MarsTestALL / APIs,GetProviderAddress		1626797471508	1626797471587	OK	 
GROUP	MarsTestALL / APIs,GetProviderAddress	1626797471508	1626797471587	79	OK
REQUEST	MarsTestALL / APIs,GetProviderAddress		1626797471546	1626797471631	OK	 
GROUP	MarsTestALL / APIs,GetProviderAddress	1626797471546	1626797471632	85	OK
REQUEST	MarsTestALL / APIs,GetProviderAddress		1626797471555	1626797471634	OK	 
GROUP	MarsTestALL / APIs,GetProviderAddress	1626797471555	1626797471635	79	OK
REQUEST	MarsTestALL / APIs,GetCensus		1626797470764	1626797471933	OK	 
GROUP	MarsTestALL / APIs,GetCensus	1626797470763	1626797471933	1169	OK
REQUEST	MarsTestALL / APIs,GetCensus		1626797470820	1626797471969	OK	 
GROUP	MarsTestALL / APIs,GetCensus	1626797470819	1626797471969	1149	OK
REQUEST	MarsTestALL / APIs,GetClusterByProviderType		1626797471770	1626797472036	OK	 
GROUP	MarsTestALL / APIs,GetClusterByProviderType	1626797471769	1626797472036	266	OK
GROUP	MarsTestALL / APIs	1626797462975	1626797472217	2215	OK
GROUP	MarsTestALL / APIs	1626797462764	1626797472220	2434	OK
REQUEST	MarsTestALL / APIs,GetClusterByProviderType		1626797471996	1626797472381	OK	 
GROUP	MarsTestALL / APIs,GetClusterByProviderType	1626797471996	1626797472381	385	OK
REQUEST	MarsTestALL / APIs,GetDocumentById		1626797472221	1626797472441	OK	 
GROUP	MarsTestALL / APIs,GetDocumentById	1626797472221	1626797472442	220	OK
REQUEST	MarsTestALL / APIs,GetDocumentById		1626797472217	1626797472444	OK	 
GROUP	MarsTestALL / APIs,GetDocumentById	1626797472217	1626797472445	227	OK
REQUEST	MarsTestALL / APIs,GetCensus		1626797471456	1626797472470	OK	 
GROUP	MarsTestALL / APIs,GetCensus	1626797471456	1626797472470	1014	OK
REQUEST	MarsTestALL / APIs,GetProviderName		1626797472589	1626797472688	OK	 
GROUP	MarsTestALL / APIs,GetProviderName	1626797472589	1626797472688	99	OK
REQUEST	MarsTestALL / APIs,GetProviderName		1626797472636	1626797472730	OK	 
GROUP	MarsTestALL / APIs,GetProviderName	1626797472636	1626797472730	94	OK
REQUEST	MarsTestALL / APIs,GetProviderName		1626797472638	1626797472739	OK	 
GROUP	MarsTestALL / APIs,GetProviderName	1626797472638	1626797472739	101	OK
REQUEST	MarsTestALL / APIs,GetProviderAddress		1626797473038	1626797473119	OK	 
GROUP	MarsTestALL / APIs,GetProviderAddress	1626797473038	1626797473119	81	OK
REQUEST	MarsTestALL / APIs,findMemberLinxById		1626797472935	1626797473258	OK	 
GROUP	MarsTestALL / APIs,findMemberLinxById	1626797472934	1626797473258	323	OK
REQUEST	MarsTestALL / APIs,findMemberLinxById		1626797472972	1626797473376	OK	 
GROUP	MarsTestALL / APIs,findMemberLinxById	1626797472971	1626797473376	404	OK
REQUEST	MarsTestALL / APIs,GetProviderAddress		1626797473386	1626797473465	OK	 
GROUP	MarsTestALL / APIs,GetProviderAddress	1626797473386	1626797473465	79	OK
REQUEST	MarsTestALL / APIs,FindAllStates		1626797473445	1626797473553	OK	 
GROUP	MarsTestALL / APIs,FindAllStates	1626797473445	1626797473554	108	OK
REQUEST	MarsTestALL / APIs,FindAllStates		1626797473443	1626797473560	OK	 
GROUP	MarsTestALL / APIs,FindAllStates	1626797473443	1626797473560	117	OK
REQUEST	MarsTestALL / APIs,findMemberLinxById		1626797473476	1626797473837	OK	 
GROUP	MarsTestALL / APIs,findMemberLinxById	1626797473475	1626797473838	361	OK
REQUEST	MarsTestALL / APIs,GetProviderName		1626797474120	1626797474213	OK	 
GROUP	MarsTestALL / APIs,GetProviderName	1626797474120	1626797474214	93	OK
GROUP	MarsTestALL / APIs	1626797465075	1626797474260	2163	OK
GROUP	MarsTestALL / APIs	1626797465201	1626797474377	2151	OK
REQUEST	MarsTestALL / APIs,GetDocumentById		1626797474261	1626797474462	OK	 
GROUP	MarsTestALL / APIs,GetDocumentById	1626797474260	1626797474462	201	OK
REQUEST	MarsTestALL / APIs,GetDocumentById		1626797474377	1626797474544	OK	 
GROUP	MarsTestALL / APIs,GetDocumentById	1626797474377	1626797474545	167	OK
REQUEST	MarsTestALL / APIs,GetProviderName		1626797474469	1626797474553	OK	 
GROUP	MarsTestALL / APIs,GetProviderName	1626797474469	1626797474553	84	OK
REQUEST	MarsTestALL / APIs,GetClusterByProviderType		1626797474566	1626797474669	OK	 
GROUP	MarsTestALL / APIs,GetClusterByProviderType	1626797474565	1626797474669	103	OK
REQUEST	MarsTestALL / APIs,GetClusterByProviderType		1626797474555	1626797474682	OK	 
GROUP	MarsTestALL / APIs,GetClusterByProviderType	1626797474554	1626797474682	127	OK
GROUP	MarsTestALL / APIs	1626797465787	1626797474839	2023	OK
REQUEST	MarsTestALL / APIs,GetDocumentById		1626797474839	1626797475184	OK	 
GROUP	MarsTestALL / APIs,GetDocumentById	1626797474839	1626797475185	345	OK
REQUEST	MarsTestALL / APIs,GetCensus		1626797473693	1626797475441	OK	 
GROUP	MarsTestALL / APIs,GetCensus	1626797473693	1626797475441	1748	OK
REQUEST	MarsTestALL / APIs,GetCensus		1626797473746	1626797475585	OK	 
GROUP	MarsTestALL / APIs,GetCensus	1626797473745	1626797475585	1839	OK
REQUEST	MarsTestALL / APIs,FindAllStates		1626797475467	1626797475631	OK	 
GROUP	MarsTestALL / APIs,FindAllStates	1626797475467	1626797475631	164	OK
REQUEST	MarsTestALL / APIs,FindAllStates		1626797475549	1626797475689	OK	 
GROUP	MarsTestALL / APIs,FindAllStates	1626797475548	1626797475690	140	OK
REQUEST	MarsTestALL / APIs,GetProviderAddress		1626797475670	1626797475752	OK	 
GROUP	MarsTestALL / APIs,GetProviderAddress	1626797475670	1626797475752	82	OK
REQUEST	MarsTestALL / APIs,GetProviderAddress		1626797475684	1626797475769	OK	 
GROUP	MarsTestALL / APIs,GetProviderAddress	1626797475684	1626797475769	85	OK
REQUEST	MarsTestALL / APIs,FindAllStates		1626797476190	1626797476290	OK	 
GROUP	MarsTestALL / APIs,FindAllStates	1626797476189	1626797476291	100	OK
REQUEST	MarsTestALL / APIs,GetCensus		1626797475220	1626797476425	OK	 
GROUP	MarsTestALL / APIs,GetCensus	1626797475219	1626797476425	1205	OK
REQUEST	MarsTestALL / APIs,GetCensus		1626797473734	1626797476637	OK	 
GROUP	MarsTestALL / APIs,GetCensus	1626797473733	1626797476637	2903	OK
REQUEST	MarsTestALL / APIs,GetCensus		1626797475555	1626797476639	OK	 
GROUP	MarsTestALL / APIs,GetCensus	1626797475554	1626797476639	1084	OK
REQUEST	MarsTestALL / APIs,GetClusterByProviderType		1626797476632	1626797476758	OK	 
GROUP	MarsTestALL / APIs,GetClusterByProviderType	1626797476631	1626797476759	126	OK
REQUEST	MarsTestALL / APIs,findMemberLinxById		1626797476443	1626797476809	OK	 
GROUP	MarsTestALL / APIs,findMemberLinxById	1626797476443	1626797476810	366	OK
REQUEST	MarsTestALL / APIs,GetProviderName		1626797476753	1626797476840	OK	 
GROUP	MarsTestALL / APIs,GetProviderName	1626797476753	1626797476841	87	OK
REQUEST	MarsTestALL / APIs,GetProviderName		1626797476776	1626797476857	OK	 
GROUP	MarsTestALL / APIs,GetProviderName	1626797476775	1626797476857	81	OK
REQUEST	MarsTestALL / APIs,GetClusterByProviderType		1626797476694	1626797476878	OK	 
GROUP	MarsTestALL / APIs,GetClusterByProviderType	1626797476694	1626797476879	184	OK
REQUEST	MarsTestALL / APIs,findMemberLinxById		1626797476587	1626797476918	OK	 
GROUP	MarsTestALL / APIs,findMemberLinxById	1626797476586	1626797476918	331	OK
REQUEST	MarsTestALL / APIs,findMemberLinxById		1626797477428	1626797477736	OK	 
GROUP	MarsTestALL / APIs,findMemberLinxById	1626797477428	1626797477736	308	OK
GROUP	MarsTestALL / APIs	1626797468074	1626797477810	2717	OK
REQUEST	MarsTestALL / APIs,GetProviderAddress		1626797477761	1626797477850	OK	 
GROUP	MarsTestALL / APIs,GetProviderAddress	1626797477761	1626797477851	89	OK
GROUP	MarsTestALL / APIs	1626797468085	1626797477919	2805	OK
REQUEST	MarsTestALL / APIs,GetProviderAddress		1626797477884	1626797477962	OK	 
GROUP	MarsTestALL / APIs,GetProviderAddress	1626797477883	1626797477963	78	OK
REQUEST	MarsTestALL / APIs,findMemberLinxById		1626797477642	1626797478028	OK	 
GROUP	MarsTestALL / APIs,findMemberLinxById	1626797477642	1626797478028	386	OK
REQUEST	MarsTestALL / APIs,GetDocumentById		1626797477810	1626797478041	OK	 
GROUP	MarsTestALL / APIs,GetDocumentById	1626797477810	1626797478041	231	OK
REQUEST	MarsTestALL / APIs,GetClusterByProviderType		1626797477294	1626797478049	OK	 
GROUP	MarsTestALL / APIs,GetClusterByProviderType	1626797477294	1626797478049	755	OK
REQUEST	MarsTestALL / APIs,findMemberLinxById		1626797477642	1626797478114	OK	 
GROUP	MarsTestALL / APIs,findMemberLinxById	1626797477642	1626797478114	472	OK
REQUEST	MarsTestALL / APIs,GetDocumentById		1626797477919	1626797478186	OK	 
GROUP	MarsTestALL / APIs,GetDocumentById	1626797477919	1626797478186	267	OK
GROUP	MarsTestALL / APIs	1626797469433	1626797478736	2284	OK
REQUEST	MarsTestALL / APIs,GetProviderName		1626797478854	1626797478939	OK	 
GROUP	MarsTestALL / APIs,GetProviderName	1626797478854	1626797478940	85	OK
REQUEST	MarsTestALL / APIs,GetDocumentById		1626797478737	1626797478978	OK	 
GROUP	MarsTestALL / APIs,GetDocumentById	1626797478736	1626797478979	241	OK
GROUP	MarsTestALL / APIs	1626797469600	1626797479030	2407	OK
REQUEST	MarsTestALL / APIs,GetProviderName		1626797478963	1626797479048	OK	 
GROUP	MarsTestALL / APIs,GetProviderName	1626797478963	1626797479049	85	OK
GROUP	MarsTestALL / APIs	1626797468068	1626797479117	4023	OK
REQUEST	MarsTestALL / APIs,GetCensus		1626797477859	1626797479137	OK	 
GROUP	MarsTestALL / APIs,GetCensus	1626797477858	1626797479137	1278	OK
REQUEST	MarsTestALL / APIs,FindAllStates		1626797479047	1626797479150	OK	 
GROUP	MarsTestALL / APIs,FindAllStates	1626797479047	1626797479151	103	OK
REQUEST	MarsTestALL / APIs,GetProviderAddress		1626797479054	1626797479161	OK	 
GROUP	MarsTestALL / APIs,GetProviderAddress	1626797479054	1626797479161	107	OK
REQUEST	MarsTestALL / APIs,GetCensus		1626797477842	1626797479176	OK	 
GROUP	MarsTestALL / APIs,GetCensus	1626797477842	1626797479176	1334	OK
REQUEST	MarsTestALL / APIs,FindAllStates		1626797479188	1626797479287	OK	 
GROUP	MarsTestALL / APIs,FindAllStates	1626797479187	1626797479288	99	OK
REQUEST	MarsTestALL / APIs,GetDocumentById		1626797479118	1626797479321	OK	 
GROUP	MarsTestALL / APIs,GetDocumentById	1626797479117	1626797479322	203	OK
REQUEST	MarsTestALL / APIs,GetDocumentById		1626797479030	1626797479455	OK	 
GROUP	MarsTestALL / APIs,GetDocumentById	1626797479030	1626797479455	425	OK
REQUEST	MarsTestALL / APIs,FindAllStates		1626797479984	1626797480280	OK	 
GROUP	MarsTestALL / APIs,FindAllStates	1626797479984	1626797480280	296	OK
REQUEST	MarsTestALL / APIs,GetProviderName		1626797480163	1626797480353	OK	 
GROUP	MarsTestALL / APIs,GetProviderName	1626797480163	1626797480353	190	OK
REQUEST	MarsTestALL / APIs,GetClusterByProviderType		1626797480154	1626797480376	OK	 
GROUP	MarsTestALL / APIs,GetClusterByProviderType	1626797480154	1626797480376	222	OK
REQUEST	MarsTestALL / APIs,FindAllStates		1626797480325	1626797480540	OK	 
GROUP	MarsTestALL / APIs,FindAllStates	1626797480324	1626797480541	215	OK
REQUEST	MarsTestALL / APIs,findMemberLinxById		1626797480179	1626797480607	OK	 
GROUP	MarsTestALL / APIs,findMemberLinxById	1626797480179	1626797480608	428	OK
REQUEST	MarsTestALL / APIs,findMemberLinxById		1626797480143	1626797480618	OK	 
GROUP	MarsTestALL / APIs,findMemberLinxById	1626797480143	1626797480618	475	OK
REQUEST	MarsTestALL / APIs,FindAllStates		1626797480456	1626797480638	OK	 
GROUP	MarsTestALL / APIs,FindAllStates	1626797480455	1626797480638	182	OK
REQUEST	MarsTestALL / APIs,GetClusterByProviderType		1626797480294	1626797481176	OK	 
GROUP	MarsTestALL / APIs,GetClusterByProviderType	1626797480293	1626797481176	882	OK
REQUEST	MarsTestALL / APIs,GetClusterByProviderType		1626797481281	1626797481419	OK	 
GROUP	MarsTestALL / APIs,GetClusterByProviderType	1626797481281	1626797481419	138	OK
REQUEST	MarsTestALL / APIs,GetProviderAddress		1626797481381	1626797481461	OK	 
GROUP	MarsTestALL / APIs,GetProviderAddress	1626797481381	1626797481462	80	OK
REQUEST	MarsTestALL / APIs,GetCensus		1626797480052	1626797481528	OK	 
GROUP	MarsTestALL / APIs,GetCensus	1626797480051	1626797481528	1476	OK
GROUP	MarsTestALL / APIs	1626797472221	1626797481613	2371	OK
GROUP	MarsTestALL / APIs	1626797472217	1626797481621	2381	OK
REQUEST	MarsTestALL / APIs,GetCensus		1626797479946	1626797481629	OK	 
GROUP	MarsTestALL / APIs,GetCensus	1626797479945	1626797481630	1683	OK
REQUEST	MarsTestALL / APIs,GetClusterByProviderType		1626797481542	1626797481658	OK	 
GROUP	MarsTestALL / APIs,GetClusterByProviderType	1626797481541	1626797481659	116	OK
REQUEST	MarsTestALL / APIs,GetClusterByProviderType		1626797481640	1626797481764	OK	 
GROUP	MarsTestALL / APIs,GetClusterByProviderType	1626797481639	1626797481764	124	OK
REQUEST	MarsTestALL / APIs,GetDocumentById		1626797481613	1626797481819	OK	 
GROUP	MarsTestALL / APIs,GetDocumentById	1626797481613	1626797481819	206	OK
REQUEST	MarsTestALL / APIs,GetDocumentById		1626797481621	1626797481852	OK	 
GROUP	MarsTestALL / APIs,GetDocumentById	1626797481621	1626797481852	231	OK
REQUEST	MarsTestALL / APIs,GetProviderAddress		1626797482180	1626797482290	OK	 
GROUP	MarsTestALL / APIs,GetProviderAddress	1626797482180	1626797482291	110	OK
REQUEST	MarsTestALL / APIs,GetCensus		1626797481354	1626797482323	OK	 
GROUP	MarsTestALL / APIs,GetCensus	1626797481354	1626797482324	969	OK
REQUEST	MarsTestALL / APIs,GetProviderAddress		1626797482421	1626797482500	OK	 
GROUP	MarsTestALL / APIs,GetProviderAddress	1626797482421	1626797482500	79	OK
REQUEST	MarsTestALL / APIs,GetProviderName		1626797482466	1626797482555	OK	 
GROUP	MarsTestALL / APIs,GetProviderName	1626797482466	1626797482555	89	OK
REQUEST	MarsTestALL / APIs,GetProviderAddress		1626797482663	1626797482747	OK	 
GROUP	MarsTestALL / APIs,GetProviderAddress	1626797482663	1626797482747	84	OK
REQUEST	MarsTestALL / APIs,GetProviderAddress		1626797482767	1626797482849	OK	 
GROUP	MarsTestALL / APIs,