RUN	Optum.Framework.OptumSim	optumsim	1623783753711	Optum.Framework.OptumSim-SIMULATION_1_1:SIMULATION_2_0:SIMULATION_3_0:Iterations_1	3.5.1
USER	Users_1	START	1623783755268
REQUEST	Scen_1,Login	BasePage	1623783755283	1623783755638	KO	status.find.in(200,201,202,203,204,205,206,207,208,209,304), found 404
REQUEST	Scen_1,Login	BasePage_1	1623783755660	1623783755941	OK	 
REQUEST	Scen_1,Login	BasePage_2	1623783755946	1623783756019	OK	 
REQUEST	Scen_1,Login	BasePage_3	1623783756021	1623783756084	OK	 
REQUEST	Scen_1,Login	BasePage_4	1623783756087	1623783756150	OK	 
REQUEST	Scen_1,Login	BasePage_5	1623783756152	1623783758039	OK	 
GROUP	Scen_1,Login	1623783755271	1623783758042	2722	KO
REQUEST	Scen_1,SearchByActiveMember	Select_SearchByActiveMember	1623783759046	1623783759183	OK	 
GROUP	Scen_1,SearchByActiveMember	1623783759045	1623783759184	137	OK
REQUEST	Scen_1,SearchName_Name	Search_1	1623783760366	1623783761784	OK	 
REQUEST	Scen_1,SearchName_Name	Search_503328028	1623783761791	1623783762851	OK	 
GROUP	Scen_1,SearchName_Name	1623783760365	1623783762852	2478	OK
REQUEST	Scen_1,S_503328028	Select_Smith	1623783764803	1623783764896	OK	 
REQUEST	Scen_1,S_503328028	request_1	1623783764901	1623783766843	OK	 
REQUEST	Scen_1,S_503328028	request_503328028	1623783766845	1623783769508	OK	 
GROUP	Scen_1,S_503328028	1623783764802	1623783769509	4698	OK
REQUEST	Scen_1,DrillDown_Smith	68946	1623783771059	1623783771243	OK	 
GROUP	Scen_1,DrillDown_Smith	1623783771058	1623783771244	184	OK
GROUP	Scen_1	1623783755270	1623783772884	10219	KO
USER	Users_1	END	1623783772886
