RUN	Optum.Framework.OptumSim	optumsim	1625597328514	Optum.Framework.OptumSim-SIMULATION_1_10:SIMULATION_2_0:SIMULATION_3_0:Iterations_10	3.5.1
USER	Users_1	START	1625597329883
REQUEST	Scen_1,Login		1625597329900	1625597330253	OK	 
REQUEST	Scen_1,Login	icon?family=Material+Icons	1625597330306	1625597330611	OK	 
REQUEST	Scen_1,Login	favicon.ico	1625597330303	1625597330933	OK	 
REQUEST	Scen_1,Login	runtime-es2015.a02b527030695c21acab.js	1625597330304	1625597330949	OK	 
REQUEST	Scen_1,Login	styles-es2015.8dcb7b1cdd5d944ad068.js	1625597330306	1625597331006	OK	 
REQUEST	Scen_1,Login	runtime-es5.a02b527030695c21acab.js	1625597330304	1625597331014	OK	 
REQUEST	Scen_1,Login	polyfills-es2015.08b3d487343e8bcb5f4b.js	1625597330305	1625597331075	OK	 
REQUEST	Scen_1,Login	polyfills-es5.7951a9b6d5d3faf73072.js	1625597330305	1625597331267	OK	 
REQUEST	Scen_1,Login	styles-es5.8dcb7b1cdd5d944ad068.js	1625597330936	1625597331270	OK	 
REQUEST	Scen_1,Login	main-es2015.8a12e6f1e5b08471ce36.js	1625597330950	1625597331956	OK	 
REQUEST	Scen_1,Login	main-es5.8a12e6f1e5b08471ce36.js	1625597331012	1625597332215	OK	 
REQUEST	Scen_1,Login		1625597332229	1625597332300	OK	 
REQUEST	Scen_1,Login		1625597332302	1625597332374	OK	 
REQUEST	Scen_1,Login		1625597332376	1625597332440	OK	 
REQUEST	Scen_1,Login	favicon.ico	1625597332447	1625597332510	OK	 
REQUEST	Scen_1,Login	runtime-es2015.a02b527030695c21acab.js	1625597332447	1625597332512	OK	 
REQUEST	Scen_1,Login	polyfills-es5.7951a9b6d5d3faf73072.js	1625597332448	1625597332516	OK	 
REQUEST	Scen_1,Login	styles-es2015.8dcb7b1cdd5d944ad068.js	1625597332449	1625597332517	OK	 
REQUEST	Scen_1,Login	runtime-es5.a02b527030695c21acab.js	1625597332448	1625597332520	OK	 
REQUEST	Scen_1,Login	polyfills-es2015.08b3d487343e8bcb5f4b.js	1625597332449	1625597332521	OK	 
REQUEST	Scen_1,Login		1625597332522	1625597332762	OK	 
REQUEST	Scen_1,Login		1625597332764	1625597333169	OK	 
GROUP	Scen_1,Login	1625597329886	1625597333170	3206	OK
REQUEST	Scen_1,SearchByActiveMember	Select_SearchByActiveMember	1625597334178	1625597334364	OK	 
GROUP	Scen_1,SearchByActiveMember	1625597334177	1625597334365	186	OK
REQUEST	Scen_1,SearchName_Name	Search_1	1625597336361	1625597336650	OK	 
REQUEST	Scen_1,SearchName_Name	Search_3231359	1625597336653	1625597337044	OK	 
GROUP	Scen_1,SearchName_Name	1625597336360	1625597337044	680	OK
REQUEST	Scen_1,S_3231359	Select_Smith	1625597338432	1625597338518	OK	 
REQUEST	Scen_1,S_3231359	request_1	1625597338523	1625597339521	OK	 
REQUEST	Scen_1,S_3231359	request_3231359	1625597339524	1625597339827	OK	 
GROUP	Scen_1,S_3231359	1625597338431	1625597339828	1387	OK
REQUEST	Scen_1,DrillDown_Smith	70078	1625597341715	1625597341875	OK	 
GROUP	Scen_1,DrillDown_Smith	1625597341713	1625597341876	160	OK
GROUP	Scen_1	1625597329886	1625597343336	5619	OK
USER	Users_1	END	1625597343339
