RUN	Optum.Framework.OptumSim	optumsim	1620925939722	 	3.5.1
USER	Users_1	START	1620925941185
REQUEST	Scen_1,Login	BasePage	1620925941200	1620925941544	OK	 
REQUEST	Scen_1,Login	BasePage_1	1620925941570	1620925941665	OK	 
REQUEST	Scen_1,Login	BasePage_2	1620925941671	1620925941748	OK	 
REQUEST	Scen_1,Login	BasePage_3	1620925941749	1620925941827	OK	 
REQUEST	Scen_1,Login	BasePage_4	1620925941829	1620925941908	OK	 
REQUEST	Scen_1,Login	BasePage_5	1620925941909	1620925943697	OK	 
GROUP	Scen_1,Login	1620925941188	1620925943699	2461	OK
REQUEST	Scen_1,SearchByActiveMember	Select_SearchByActiveMember	1620925944707	1620925944861	OK	 
GROUP	Scen_1,SearchByActiveMember	1620925944706	1620925944862	154	OK
REQUEST	Scen_1,SearchName_douglas	Search_1	1620925946532	1620925947076	OK	 
REQUEST	Scen_1,SearchName_douglas	Search_2003330312	1620925947082	1620925947585	OK	 
GROUP	Scen_1,SearchName_douglas	1620925946528	1620925947586	1047	OK
REQUEST	Scen_1,S_2003330312	Select_douglas	1620925948910	1620925949013	OK	 
REQUEST	Scen_1,S_2003330312	request_1	1620925949015	1620925951579	OK	 
REQUEST	Scen_1,S_2003330312	request_2003330312	1620925951581	1620925953632	OK	 
GROUP	Scen_1,S_2003330312	1620925948909	1620925953634	4718	OK
ERROR	request_3: Failed to build request: No attribute named 'p_clinicalReviewId' is defined 	1620925954855
GROUP	Scen_1,DrillDown_douglas	1620925954854	1620925954856	0	KO
GROUP	Scen_1	1620925941188	1620925956822	8380	KO
USER	Users_1	END	1620925956825
