RUN	Optum.Framework.OptumSim	optumsim	1620841845122	 	3.5.1
USER	Users_1	START	1620841846553
REQUEST	Scen_1,Login	BasePage	1620841846571	1620841846913	OK	 
REQUEST	Scen_1,Login	BasePage_1	1620841846928	1620841847020	OK	 
REQUEST	Scen_1,Login	BasePage_2	1620841847022	1620841847104	OK	 
REQUEST	Scen_1,Login	BasePage_3	1620841847105	1620841847177	OK	 
REQUEST	Scen_1,Login	BasePage_4	1620841847178	1620841847246	OK	 
REQUEST	Scen_1,Login	BasePage_5	1620841847247	1620841849001	OK	 
GROUP	Scen_1,Login	1620841846556	1620841849002	2410	OK
REQUEST	Scen_1,Search1	Search_1	1620841850005	1620841850399	OK	 
GROUP	Scen_1,Search1	1620841850005	1620841850400	394	OK
REQUEST	Scen_1,Search2	Search_2	1620841852797	1620841854429	OK	 
GROUP	Scen_1,Search2	1620841852796	1620841854429	1632	OK
REQUEST	Scen_1,Search3	Search_3	1620841856937	1620841858011	OK	 
GROUP	Scen_1,Search3	1620841856937	1620841858012	1074	OK
REQUEST	Scen_1,Search1	Search_1	1620841860783	1620841861014	OK	 
GROUP	Scen_1,Search1	1620841860783	1620841861014	231	OK
REQUEST	Scen_1,Search2	Search_2	1620841863334	1620841865077	OK	 
GROUP	Scen_1,Search2	1620841863333	1620841865078	1743	OK
REQUEST	Scen_1,Search3	Search_3	1620841868028	1620841868557	OK	 
GROUP	Scen_1,Search3	1620841868027	1620841868558	529	OK
REQUEST	Scen_1,Search1	Search_1	1620841871520	1620841871863	OK	 
GROUP	Scen_1,Search1	1620841871520	1620841871863	343	OK
REQUEST	Scen_1,Search2	Search_2	1620841874836	1620841876587	OK	 
GROUP	Scen_1,Search2	1620841874836	1620841876587	1751	OK
REQUEST	Scen_1,Search3	Search_3	1620841879542	1620841879987	OK	 
GROUP	Scen_1,Search3	1620841879541	1620841879988	445	OK
REQUEST	Scen_1,Search3	Search_3	1620841882886	1620841883563	OK	 
GROUP	Scen_1,Search3	1620841882885	1620841883564	677	OK
GROUP	Scen_1	1620841846556	1620841884568	11229	OK
USER	Users_1	END	1620841884571
