RUN	Optum.Framework.OptumSim	optumsim	1621270384960	 	3.5.1
USER	Users_1	START	1621270386527
REQUEST	Scen_1,Login	BasePage	1621270386543	1621270387092	OK	 
REQUEST	Scen_1,Login	BasePage_1	1621270387115	1621270387192	OK	 
REQUEST	Scen_1,Login	BasePage_2	1621270387200	1621270387259	OK	 
REQUEST	Scen_1,Login	BasePage_3	1621270387261	1621270387326	OK	 
REQUEST	Scen_1,Login	BasePage_4	1621270387328	1621270387392	OK	 
REQUEST	Scen_1,Login	BasePage_5	1621270387393	1621270404165	OK	 
GROUP	Scen_1,Login	1621270386529	1621270404167	17586	OK
REQUEST	Scen_1,SearchByActiveMember	Select_SearchByActiveMember	1621270405173	1621270405492	OK	 
GROUP	Scen_1,SearchByActiveMember	1621270405172	1621270405493	319	OK
REQUEST	Scen_1,SearchName_douglas	Search_1	1621270407062	1621270407748	OK	 
REQUEST	Scen_1,SearchName_douglas	Search_2003330312	1621270407754	1621270408464	OK	 
GROUP	Scen_1,SearchName_douglas	1621270407058	1621270408465	1396	OK
REQUEST	Scen_1,S_2003330312	Select_douglas	1621270410000	1621270410193	OK	 
REQUEST	Scen_1,S_2003330312	request_1	1621270410194	1621270412767	OK	 
REQUEST	Scen_1,S_2003330312	request_2003330312	1621270412769	1621270415120	OK	 
GROUP	Scen_1,S_2003330312	1621270409999	1621270415122	5117	OK
REQUEST	Scen_1,DrillDown_douglas	64881	1621270416237	1621270416658	OK	 
GROUP	Scen_1,DrillDown_douglas	1621270416236	1621270416659	421	OK
REQUEST	Scen_1,SearchByActiveMember	Select_SearchByActiveMember	1621270418434	1621270419012	OK	 
GROUP	Scen_1,SearchByActiveMember	1621270418433	1621270419013	578	OK
REQUEST	Scen_1,SearchName_thomas	Search_1	1621270420522	1621270422289	OK	 
REQUEST	Scen_1,SearchName_thomas	Search_1503326775	1621270422291	1621270424132	OK	 
GROUP	Scen_1,SearchName_thomas	1621270420521	1621270424133	3608	OK
REQUEST	Scen_1,S_1503326775	Select_thomas	1621270426073	1621270426162	OK	 
REQUEST	Scen_1,S_1503326775	request_1	1621270426164	1621270428740	OK	 
REQUEST	Scen_1,S_1503326775	request_1503326775	1621270428741	1621270431607	OK	 
GROUP	Scen_1,S_1503326775	1621270426072	1621270431608	5531	OK
REQUEST	Scen_1,DrillDown_thomas	68055	1621270432933	1621270433050	OK	 
GROUP	Scen_1,DrillDown_thomas	1621270432932	1621270433051	117	OK
REQUEST	Scen_1,SearchByActiveMember	Select_SearchByActiveMember	1621270434303	1621270434677	OK	 
GROUP	Scen_1,SearchByActiveMember	1621270434302	1621270434678	374	OK
REQUEST	Scen_1,SearchName_smith	Search_1	1621270436596	1621270438570	OK	 
REQUEST	Scen_1,SearchName_smith	Search_2003327496	1621270438572	1621270440619	OK	 
GROUP	Scen_1,SearchName_smith	1621270436596	1621270440620	4021	OK
REQUEST	Scen_1,S_2003327496	Select_smith	1621270442236	1621270442571	OK	 
REQUEST	Scen_1,S_2003327496	request_1	1621270442573	1621270444918	OK	 
REQUEST	Scen_1,S_2003327496	request_2003327496	1621270444919	1621270448501	OK	 
GROUP	Scen_1,S_2003327496	1621270442235	1621270448502	6262	OK
REQUEST	Scen_1,DrillDown_smith	67992	1621270450390	1621270450551	OK	 
GROUP	Scen_1,DrillDown_smith	1621270450389	1621270450552	161	OK
GROUP	Scen_1	1621270386529	1621270452129	45491	OK
REQUEST	Scen_1,Login	BasePage	1621270452130	1621270452192	OK	 
REQUEST	Scen_1,Login	BasePage_1	1621270452194	1621270452257	OK	 
REQUEST	Scen_1,Login	BasePage_2	1621270452258	1621270452320	OK	 
REQUEST	Scen_1,Login	BasePage_3	1621270452322	1621270452385	OK	 
REQUEST	Scen_1,Login	BasePage_4	1621270452386	1621270452451	OK	 
REQUEST	Scen_1,Login	BasePage_5	1621270452453	1621270454644	OK	 
GROUP	Scen_1,Login	1621270452130	1621270454645	2506	OK
REQUEST	Scen_1,SearchByActiveMember	Select_SearchByActiveMember	1621270455648	1621270455775	OK	 
GROUP	Scen_1,SearchByActiveMember	1621270455647	1621270455775	127	OK
REQUEST	Scen_1,SearchName_roger	Search_1	1621270457662	1621270458743	OK	 
REQUEST	Scen_1,SearchName_roger	Search_403328329	1621270458745	1621270459559	OK	 
GROUP	Scen_1,SearchName_roger	1621270457661	1621270459560	1895	OK
REQUEST	Scen_1,S_403328329	Select_roger	1621270460664	1621270460745	OK	 
REQUEST	Scen_1,S_403328329	request_1	1621270460746	1621270461508	OK	 
REQUEST	Scen_1,S_403328329	request_403328329	1621270461509	1621270465502	OK	 
GROUP	Scen_1,S_403328329	1621270460663	1621270465502	4836	OK
REQUEST	Scen_1,DrillDown_roger	63702	1621270467357	1621270468410	OK	 
GROUP	Scen_1,DrillDown_roger	1621270467356	1621270468412	1053	OK
REQUEST	Scen_1,SearchByActiveMember	Select_SearchByActiveMember	1621270469879	1621270470212	OK	 
GROUP	Scen_1,SearchByActiveMember	1621270469878	1621270470212	333	OK
REQUEST	Scen_1,SearchName_baker	Search_1	1621270471740	1621270473591	OK	 
REQUEST	Scen_1,SearchName_baker	Search_1803327625	1621270473593	1621270474397	OK	 
GROUP	Scen_1,SearchName_baker	1621270471739	1621270474398	2655	OK
REQUEST	Scen_1,S_1803327625	Select_baker	1621270475495	1621270475585	OK	 
REQUEST	Scen_1,S_1803327625	request_1	1621270475586	1621270476255	OK	 
REQUEST	Scen_1,S_1803327625	request_1803327625	1621270476257	1621270478913	OK	 
GROUP	Scen_1,S_1803327625	1621270475494	1621270478914	3415	OK
REQUEST	Scen_1,DrillDown_baker	68082	1621270480290	1621270480438	OK	 
GROUP	Scen_1,DrillDown_baker	1621270480289	1621270480439	148	OK
REQUEST	Scen_1,SearchByActiveMember	Select_SearchByActiveMember	1621270481637	1621270482399	OK	 
GROUP	Scen_1,SearchByActiveMember	1621270481636	1621270482399	762	OK
REQUEST	Scen_1,SearchName_douglas	Search_1	1621270483580	1621270484240	OK	 
REQUEST	Scen_1,SearchName_douglas	Search_2003330312	1621270484242	1621270484749	OK	 
GROUP	Scen_1,SearchName_douglas	1621270483579	1621270484750	1167	OK
REQUEST	Scen_1,S_2003330312	Select_douglas	1621270486563	1621270486700	OK	 
REQUEST	Scen_1,S_2003330312	request_1	1621270486702	1621270489156	OK	 
REQUEST	Scen_1,S_2003330312	request_2003330312	1621270489157	1621270493351	OK	 
GROUP	Scen_1,S_2003330312	1621270486562	1621270493352	6785	OK
REQUEST	Scen_1,DrillDown_douglas	64881	1621270495232	1621270495430	OK	 
GROUP	Scen_1,DrillDown_douglas	1621270495232	1621270495431	198	OK
GROUP	Scen_1	1621270452130	1621270497367	25880	OK
REQUEST	Scen_1,Login	BasePage	1621270497367	1621270497712	OK	 
REQUEST	Scen_1,Login	BasePage_1	1621270497713	1621270497786	OK	 
REQUEST	Scen_1,Login	BasePage_2	1621270497787	1621270497854	OK	 
REQUEST	Scen_1,Login	BasePage_3	1621270497855	1621270497920	OK	 
REQUEST	Scen_1,Login	BasePage_4	1621270497922	1621270497998	OK	 
REQUEST	Scen_1,Login	BasePage_5	1621270497999	1621270499604	OK	 
GROUP	Scen_1,Login	1621270497367	1621270499605	2231	OK
REQUEST	Scen_1,SearchByActiveMember	Select_SearchByActiveMember	1621270500611	1621270500801	OK	 
GROUP	Scen_1,SearchByActiveMember	1621270500610	1621270500801	190	OK
REQUEST	Scen_1,SearchName_thomas	Search_1	1621270501896	1621270503098	OK	 
REQUEST	Scen_1,SearchName_thomas	Search_1503326775	1621270503100	1621270504004	OK	 
GROUP	Scen_1,SearchName_thomas	1621270501895	1621270504004	2106	OK
REQUEST	Scen_1,S_1503326775	Select_thomas	1621270505474	1621270505586	OK	 
REQUEST	Scen_1,S_1503326775	request_1	1621270505588	1621270508202	OK	 
REQUEST	Scen_1,S_1503326775	request_1503326775	1621270508203	1621270511376	OK	 
GROUP	Scen_1,S_1503326775	1621270505473	1621270511377	5899	OK
REQUEST	Scen_1,DrillDown_thomas	68055	1621270512940	1621270513097	OK	 
GROUP	Scen_1,DrillDown_thomas	1621270512940	1621270513097	157	OK
REQUEST	Scen_1,SearchByActiveMember	Select_SearchByActiveMember	1621270514666	1621270514863	OK	 
GROUP	Scen_1,SearchByActiveMember	1621270514665	1621270514863	197	OK
REQUEST	Scen_1,SearchName_smith	Search_1	1621270516640	1621270518135	OK	 
REQUEST	Scen_1,SearchName_smith	Search_2003327496	1621270518136	1621270519671	OK	 
GROUP	Scen_1,SearchName_smith	1621270516639	1621270519672	3030	OK
REQUEST	Scen_1,S_2003327496	Select_smith	1621270520847	1621270520970	OK	 
REQUEST	Scen_1,S_2003327496	request_1	1621270520971	1621270523370	OK	 
REQUEST	Scen_1,S_2003327496	request_2003327496	1621270523371	1621270526098	OK	 
GROUP	Scen_1,S_2003327496	1621270520847	1621270526099	5249	OK
REQUEST	Scen_1,DrillDown_smith	67992	1621270527108	1621270527435	OK	 
GROUP	Scen_1,DrillDown_smith	1621270527107	1621270527436	327	OK
REQUEST	Scen_1,SearchByActiveMember	Select_SearchByActiveMember	1621270528765	1621270529294	OK	 
GROUP	Scen_1,SearchByActiveMember	1621270528765	1621270529295	529	OK
REQUEST	Scen_1,SearchName_roger	Search_1	1621270531205	1621270533287	OK	 
REQUEST	Scen_1,SearchName_roger	Search_403328329	1621270533289	1621270535863	OK	 
GROUP	Scen_1,SearchName_roger	1621270531204	1621270535864	4656	OK
REQUEST	Scen_1,S_403328329	Select_roger	1621270537507	1621270538002	OK	 
REQUEST	Scen_1,S_403328329	request_1	1621270538003	1621270539591	OK	 
REQUEST	Scen_1,S_403328329	request_403328329	1621270539592	1621270542914	OK	 
GROUP	Scen_1,S_403328329	1621270537506	1621270542914	5405	OK
REQUEST	Scen_1,DrillDown_roger	63702	1621270543998	1621270544253	OK	 
GROUP	Scen_1,DrillDown_roger	1621270543997	1621270544254	255	OK
GROUP	Scen_1	1621270497367	1621270545610	30231	OK
USER	Users_1	END	1621270545612
