RUN	PE	pe	1623767876016	 	3.5.1
USER	PE	START	1623767877556
REQUEST		request_0	1623767877568	1623767877902	OK	 
ERROR	request_30: Failed to build request: Resource /pe/0030_request.txt not found 	1623767877922
ERROR	request_34: Failed to build request: Resource /pe/0034_request.txt not found 	1623767877923
REQUEST		request_2	1623767878169	1623767878438	OK	 
REQUEST		request_8	1623767878440	1623767878519	OK	 
REQUEST		request_4	1623767878171	1623767878715	OK	 
REQUEST		request_3	1623767878170	1623767878719	OK	 
REQUEST		request_5	1623767878171	1623767878722	OK	 
REQUEST		request_9	1623767878291	1623767878723	OK	 
REQUEST		request_6	1623767878172	1623767878726	OK	 
REQUEST		request_1	1623767878095	1623767878728	OK	 
REQUEST		request_7	1623767878172	1623767878781	OK	 
REQUEST		request_15	1623767878023	1623767878784	OK	 
REQUEST		request_14	1623767878022	1623767878884	OK	 
REQUEST		request_10	1623767877932	1623767878893	OK	 
REQUEST		request_13	1623767878022	1623767878896	OK	 
REQUEST		request_12	1623767878021	1623767878908	OK	 
REQUEST		request_9	1623767878785	1623767878960	OK	 
REQUEST		request_11	1623767878021	1623767879010	OK	 
REQUEST		request_18	1623767878897	1623767879073	OK	 
REQUEST		request_49	1623767878352	1623767879086	OK	 
REQUEST		request_38	1623767878094	1623767879090	OK	 
REQUEST		request_40	1623767878095	1623767879092	OK	 
REQUEST		request_52	1623767878434	1623767879093	OK	 
REQUEST		request_9	1623767878961	1623767879096	OK	 
REQUEST		request_37	1623767878093	1623767879098	OK	 
REQUEST		request_20	1623767878023	1623767879111	OK	 
REQUEST		request_22	1623767878168	1623767879114	OK	 
REQUEST		request_21	1623767879011	1623767879137	OK	 
REQUEST		request_35	1623767878092	1623767879159	OK	 
REQUEST		request_23	1623767879074	1623767879168	OK	 
REQUEST		request_16	1623767878888	1623767879171	OK	 
REQUEST		request_39	1623767878094	1623767879186	OK	 
REQUEST		request_49	1623767879089	1623767879202	OK	 
REQUEST		request_42	1623767879092	1623767879214	OK	 
REQUEST		request_43	1623767879099	1623767879221	OK	 
REQUEST		request_50	1623767878434	1623767879232	OK	 
REQUEST		request_25	1623767879169	1623767879267	OK	 
REQUEST		request_41	1623767879090	1623767879272	OK	 
REQUEST		request_26	1623767879183	1623767879278	OK	 
REQUEST		request_9	1623767879097	1623767879309	OK	 
REQUEST		request_45	1623767879188	1623767879330	OK	 
REQUEST		request_24	1623767879138	1623767879337	OK	 
REQUEST		request_44	1623767879161	1623767879346	OK	 
REQUEST		request_46	1623767879215	1623767879348	OK	 
REQUEST		request_47	1623767879221	1623767879350	OK	 
REQUEST		request_27	1623767879268	1623767879359	OK	 
REQUEST		request_28	1623767879278	1623767879389	OK	 
REQUEST		request_29	1623767879310	1623767879422	OK	 
REQUEST		request_24	1623767879337	1623767879442	OK	 
REQUEST		request_27	1623767879360	1623767879460	OK	 
REQUEST		request_53	1623767879347	1623767879466	OK	 
REQUEST		request_54	1623767879348	1623767879467	OK	 
REQUEST		request_48	1623767879273	1623767879470	OK	 
REQUEST		request_56	1623767879350	1623767879476	OK	 
REQUEST		request_36	1623767878093	1623767879492	OK	 
REQUEST		request_31	1623767879390	1623767879510	OK	 
REQUEST		request_33	1623767879442	1623767879511	OK	 
REQUEST		request_32	1623767879423	1623767879521	OK	 
REQUEST		request_17	1623767878894	1623767879569	OK	 
REQUEST		request_51	1623767879330	1623767879585	OK	 
REQUEST		request_55	1623767878173	1623767879805	OK	 
REQUEST		request_19	1623767878913	1623767879817	OK	 
REQUEST		request_57	1623767880825	1623767880949	OK	 
REQUEST		request_59	1623767880951	1623767881066	OK	 
REQUEST		request_58	1623767880950	1623767881068	OK	 
REQUEST		request_60	1623767884071	1623767884868	OK	 
REQUEST		request_61	1623767885874	1623767885991	OK	 
REQUEST		request_62	1623767885992	1623767886107	OK	 
REQUEST		request_63	1623767885992	1623767886781	OK	 
REQUEST		request_64	1623767889783	1623767890587	OK	 
ERROR	request_65: Failed to build request: Resource /pe/0065_request.json not found 	1623767891592
REQUEST		request_114	1623767900599	1623767900882	OK	 
REQUEST		request_114 Redirect 1	1623767900882	1623767901025	OK	 
REQUEST		request_114 Redirect 2	1623767901026	1623767901149	OK	 
REQUEST		request_114 Redirect 3	1623767901149	1623767901405	OK	 
REQUEST		global-app-config.js	1623767901432	1623767901538	OK	 
REQUEST		{{favIconPath}}	1623767901432	1623767901615	OK	 
REQUEST		uitk-req-min-948de8930b.css	1623767901431	1623767901653	OK	 
REQUEST		request_116	1623767901496	1623767901767	OK	 
REQUEST		newrelic.js	1623767901616	1623767901773	OK	 
REQUEST		request_117	1623767901497	1623767901780	OK	 
REQUEST		request_118	1623767901497	1623767901782	OK	 
REQUEST		request_115	1623767901496	1623767901813	OK	 
REQUEST		request_152	1623767901433	1623767901822	OK	 
REQUEST		uitk-req-min-945fd9447c.js	1623767901433	1623767901839	OK	 
REQUEST		request_120	1623767901498	1623767901842	OK	 
REQUEST		request_119	1623767901498	1623767901844	OK	 
REQUEST		request_121	1623767901769	1623767901900	OK	 
REQUEST		request_125	1623767901843	1623767901910	OK	 
REQUEST		request_126	1623767901845	1623767901916	OK	 
REQUEST		request_146	1623767901502	1623767901921	OK	 
REQUEST		request_123	1623767901783	1623767901941	OK	 
REQUEST		request_149	1623767901503	1623767901957	OK	 
REQUEST		request_144	1623767901500	1623767901977	OK	 
REQUEST		request_122	1623767901781	1623767901987	OK	 
REQUEST		request_129	1623767901917	1623767901989	OK	 
REQUEST		request_128	1623767901911	1623767901994	OK	 
REQUEST		request_130	1623767901943	1623767902013	OK	 
REQUEST		request_148	1623767901503	1623767902038	OK	 
REQUEST		request_143	1623767901498	1623767902055	OK	 
REQUEST		request_131	1623767901988	1623767902058	OK	 
REQUEST		request_132	1623767901990	1623767902059	OK	 
REQUEST		request_133	1623767901995	1623767902065	OK	 
REQUEST		request_151	1623767901958	1623767902071	OK	 
REQUEST		request_150	1623767901922	1623767902082	OK	 
REQUEST		request_134	1623767902014	1623767902083	OK	 
REQUEST		request_153	1623767901978	1623767902096	OK	 
REQUEST		request_124	1623767901819	1623767902107	OK	 
REQUEST		request_135	1623767902058	1623767902128	OK	 
REQUEST		request_136	1623767902060	1623767902129	OK	 
REQUEST		request_147	1623767901502	1623767902132	OK	 
REQUEST		request_138	1623767902084	1623767902154	OK	 
REQUEST		request_139	1623767902108	1623767902181	OK	 
REQUEST		prelogin-f85aab9ec4.min.js	1623767901539	1623767902189	OK	 
REQUEST		request_140	1623767902129	1623767902204	OK	 
REQUEST		summer.js	1623767901431	1623767902216	OK	 
REQUEST		request_145	1623767901502	1623767902344	OK	 
REQUEST		request_127	1623767901901	1623767902535	OK	 
REQUEST		lib-min-7e6d84b497.js	1623767901432	1623767902769	OK	 
REQUEST		request_142	1623767902130	1623767903167	OK	 
REQUEST		request_137	1623767902066	1623767903330	OK	 
ERROR	request_154: Failed to build request: Resource /pe/0154_request.json not found 	1623767907342
USER	PE	END	1623767907348
