RUN	ocmlogin	ocmlogin	1630257713009	 	3.5.1
USER	ocmlogin	START	1630257716579
REQUEST		Authenticate	1630257716604	1630257717443	OK	 
REQUEST		request_0	1630257717472	1630257718265	OK	 
REQUEST		request_1	1630257718269	1630257718344	OK	 
REQUEST		request_2	1630257718350	1630257718438	OK	 
REQUEST		request_2 Redirect 1	1630257718442	1630257718526	OK	 
REQUEST		request_2 Redirect 2	1630257718528	1630257718615	OK	 
REQUEST		bootstrap.min.css	1630257718683	1630257718942	OK	 
REQUEST		msidpassword.js	1630257718685	1630257720426	OK	 
REQUEST		common.js	1630257718686	1630257720437	OK	 
REQUEST		UHG_Header_Logo.png	1630257718684	1630257720446	OK	 
REQUEST		common.css	1630257718684	1630257721034	OK	 
REQUEST		request_3	1630257721039	1630257721653	OK	 
REQUEST		icon?family=Material+Icons	1630257721837	1630257724711	OK	 
REQUEST		css2?family=Roboto:wght@300;400;500&display=swap	1630257721748	1630257724770	OK	 
REQUEST		omni-chat-widget-settings.js	1630257722160	1630257724795	OK	 
REQUEST		zone.min.js	1630257721901	1630257724956	OK	 
REQUEST		omni-chat-widget.css	1630257724351	1630257724973	OK	 
REQUEST		amd.min.js	1630257724958	1630257725032	OK	 
REQUEST		named-exports.min.js	1630257725034	1630257725103	OK	 
REQUEST		jquery-3.3.1.slim.min.js	1630257721662	1630257725218	OK	 
REQUEST		zone-patch-user-media.js	1630257722024	1630257725329	OK	 
REQUEST		webapis-rtc-peer-connection.min.js	1630257722023	1630257725332	OK	 
REQUEST		jquery-2.2.4.min.js	1630257721747	1630257725337	OK	 
REQUEST		system.min.js	1630257722026	1630257725419	OK	 
REQUEST		omni-chat-widget.js	1630257724350	1630257725521	OK	 
REQUEST		minified.min.js	1630257725105	1630257725554	OK	 
REQUEST		runtime.min.js	1630257722025	1630257725968	OK	 
REQUEST		bootstrap.min.js	1630257721837	1630257726025	OK	 
REQUEST		d3.v3.min.js	1630257724352	1630257726089	OK	 
REQUEST		global-this	1630257722095	1630257726126	OK	 
REQUEST		global-this	1630257726127	1630257726207	OK	 
REQUEST		popper.min.js	1630257722027	1630257726279	OK	 
REQUEST		global-this	1630257726208	1630257726509	OK	 
REQUEST		import-map-overrides.js	1630257722025	1630257729571	OK	 
REQUEST		request_21	1630257729579	1630257729649	OK	 
REQUEST		request_22	1630257729651	1630257729726	OK	 
REQUEST		request_23	1630257729727	1630257729801	OK	 
REQUEST		request_24	1630257729802	1630257757188	OK	 
REQUEST		request_25	1630257757190	1630257760074	OK	 
REQUEST		request_26	1630257760076	1630257767251	OK	 
REQUEST		request_27	1630257767302	1630257767574	OK	 
REQUEST		request_28	1630257767575	1630257774552	OK	 
REQUEST		request_29	1630257774554	1630257774948	OK	 
REQUEST		request_30	1630257774950	1630257776267	OK	 
REQUEST		request_31	1630257776269	1630257776345	OK	 
REQUEST		request_32	1630257776349	1630257776474	OK	 
REQUEST		request_33	1630257776476	1630257776546	KO	status.find.in(200,201,202,203,204,205,206,207,208,209,304), found 400
REQUEST		request_34	1630257776549	1630257778077	OK	 
REQUEST		request_35	1630257778078	1630257778236	OK	 
REQUEST		request_36	1630257778237	1630257778402	KO	status.find.in(200,201,202,203,204,205,206,207,208,209,304), found 400
REQUEST		request_37	1630257778404	1630257778490	OK	 
REQUEST		request_38	1630257778491	1630257778615	OK	 
REQUEST		request_39	1630257778616	1630257778723	OK	 
REQUEST		request_40	1630257778724	1630257779165	OK	 
REQUEST		request_41	1630257779166	1630257779246	OK	 
REQUEST		request_42	1630257779247	1630257779328	OK	 
REQUEST		request_43	1630257779329	1630257779412	OK	 
REQUEST		request_44	1630257779413	1630257779583	OK	 
REQUEST		request_45	1630257779584	1630257779701	OK	 
USER	ocmlogin	END	1630257779709
