RUN	JJ.Framework.JJSim	jjsim	1622664743878	JJ.Framework.JJSim-SIMULATION_1_1:SIMULATION_2_1:SIMULATION_3_0:SIMULATION_4_0:Iterations_10	3.5.1
USER	Users_1	START	1622664746477
USER	Users_2	START	1622664746477
REQUEST	NPI,NPI	NPI_1245318229	1622664746501	1622664754441	OK	 
GROUP	NPI,NPI	1622664746481	1622664754478	7940	OK
REQUEST	TIN,TIN	TIN_391139101	1622664746501	1622664754742	KO	status.find.in(200,201,202,203,204,205,206,207,208,209,304), found 500
GROUP	TIN,TIN	1622664746481	1622664754744	8241	KO
GROUP	TIN	1622664746480	1622664755918	8241	KO
GROUP	NPI	1622664746480	1622664756337	7940	OK
REQUEST	NPI,NPI	NPI_1821049651	1622664756339	1622664756534	OK	 
GROUP	NPI,NPI	1622664756338	1622664756534	195	OK
REQUEST	TIN,TIN	TIN_391139101	1622664755923	1622664756668	KO	status.find.in(200,201,202,203,204,205,206,207,208,209,304), found 500
GROUP	TIN,TIN	1622664755920	1622664756668	745	KO
GROUP	NPI	1622664756338	1622664758077	195	OK
REQUEST	NPI,NPI	NPI_1114976883	1622664758078	1622664758307	OK	 
GROUP	NPI,NPI	1622664758078	1622664758308	229	OK
GROUP	TIN	1622664755919	1622664758385	745	KO
REQUEST	TIN,TIN	TIN_391139101	1622664758387	1622664758481	KO	status.find.in(200,201,202,203,204,205,206,207,208,209,304), found 500
GROUP	TIN,TIN	1622664758386	1622664758482	94	KO
GROUP	TIN	1622664758386	1622664760090	94	KO
GROUP	NPI	1622664758077	1622664760096	229	OK
REQUEST	TIN,TIN	TIN_391139101	1622664760091	1622664760201	KO	status.find.in(200,201,202,203,204,205,206,207,208,209,304), found 500
GROUP	TIN,TIN	1622664760090	1622664760202	110	KO
REQUEST	NPI,NPI	NPI_1740270032	1622664760098	1622664760271	OK	 
GROUP	NPI,NPI	1622664760097	1622664760272	173	OK
GROUP	NPI	1622664760097	1622664761823	173	OK
REQUEST	NPI,NPI	NPI_1245419696	1622664761824	1622664761992	OK	 
GROUP	NPI,NPI	1622664761824	1622664761993	168	OK
GROUP	TIN	1622664760090	1622664762039	110	KO
REQUEST	TIN,TIN	TIN_391139101	1622664762040	1622664762527	KO	status.find.in(200,201,202,203,204,205,206,207,208,209,304), found 500
GROUP	TIN,TIN	1622664762040	1622664762527	487	KO
GROUP	NPI	1622664761823	1622664763246	168	OK
REQUEST	NPI,NPI	NPI_1942331400	1622664763248	1622664763438	OK	 
GROUP	NPI,NPI	1622664763247	1622664763439	190	OK
GROUP	TIN	1622664762039	1622664763897	487	KO
REQUEST	TIN,TIN	TIN_391139101	1622664763899	1622664763997	KO	status.find.in(200,201,202,203,204,205,206,207,208,209,304), found 500
GROUP	TIN,TIN	1622664763898	1622664763998	98	KO
GROUP	NPI	1622664763247	1622664765006	190	OK
REQUEST	NPI,NPI	NPI_1144239955	1622664765007	1622664765195	OK	 
GROUP	NPI,NPI	1622664765007	1622664765196	188	OK
GROUP	TIN	1622664763898	1622664765675	98	KO
REQUEST	TIN,TIN	TIN_391139101	1622664765677	1622664765767	KO	status.find.in(200,201,202,203,204,205,206,207,208,209,304), found 500
GROUP	TIN,TIN	1622664765676	1622664765767	90	KO
GROUP	NPI	1622664765006	1622664766958	188	OK
REQUEST	NPI,NPI	NPI_1538137419	1622664766959	1622664767315	OK	 
GROUP	NPI,NPI	1622664766958	1622664767315	356	OK
GROUP	TIN	1622664765676	1622664767325	90	KO
REQUEST	TIN,TIN	TIN_391139101	1622664767326	1622664767612	KO	status.find.in(200,201,202,203,204,205,206,207,208,209,304), found 500
GROUP	TIN,TIN	1622664767326	1622664767613	286	KO
GROUP	NPI	1622664766958	1622664768748	356	OK
REQUEST	NPI,NPI	NPI_1306830377	1622664768750	1622664768939	OK	 
GROUP	NPI,NPI	1622664768749	1622664768940	189	OK
GROUP	TIN	1622664767325	1622664769087	286	KO
REQUEST	TIN,TIN	TIN_391139101	1622664769088	1622664770102	KO	status.find.in(200,201,202,203,204,205,206,207,208,209,304), found 500
GROUP	TIN,TIN	1622664769087	1622664770103	1014	KO
GROUP	NPI	1622664768749	1622664770536	189	OK
REQUEST	NPI,NPI	NPI_1962487256	1622664770538	1622664770710	OK	 
GROUP	NPI,NPI	1622664770537	1622664770712	172	OK
GROUP	TIN	1622664769087	1622664771619	1014	KO
GROUP	NPI	1622664770537	1622664772411	172	OK
USER	Users_1	END	1622664772413
REQUEST	TIN,TIN	TIN_391139101	1622664771621	1622664772767	KO	status.find.in(200,201,202,203,204,205,206,207,208,209,304), found 500
GROUP	TIN,TIN	1622664771620	1622664772767	1146	KO
GROUP	TIN	1622664771619	1622664773781	1146	KO
USER	Users_2	END	1622664773782
