RUN	Optum.Framework.OptumSim	optumsim	1620844028993	 	3.5.1
USER	Users_1	START	1620844030541
REQUEST	Scen_1,Login	BasePage	1620844030558	1620844030837	OK	 
REQUEST	Scen_1,Login	BasePage_1	1620844030853	1620844030937	OK	 
REQUEST	Scen_1,Login	BasePage_2	1620844030938	1620844031007	OK	 
REQUEST	Scen_1,Login	BasePage_3	1620844031008	1620844031073	OK	 
REQUEST	Scen_1,Login	BasePage_4	1620844031074	1620844031140	OK	 
REQUEST	Scen_1,Login	BasePage_5	1620844031141	1620844032911	OK	 
GROUP	Scen_1,Login	1620844030544	1620844032912	2333	OK
REQUEST	Scen_1,SearchByActiveMember	Select_SearchByActiveMember	1620844033917	1620844034066	OK	 
GROUP	Scen_1,SearchByActiveMember	1620844033917	1620844034066	149	OK
REQUEST	Scen_1,SearchMembers	request_2	1620844036686	1620844037522	OK	 
REQUEST	Scen_1,SearchMembers	request_3	1620844037523	1620844038851	OK	 
GROUP	Scen_1,SearchMembers	1620844036686	1620844038851	2164	OK
REQUEST	Scen_1,Search3	Search_3	1620844041837	1620844042434	OK	 
GROUP	Scen_1,Search3	1620844041836	1620844042435	597	OK
REQUEST	Scen_1,SearchByActiveMember	Select_SearchByActiveMember	1620844045167	1620844045319	OK	 
GROUP	Scen_1,SearchByActiveMember	1620844045167	1620844045320	152	OK
REQUEST	Scen_1,SearchMembers	request_2	1620844047956	1620844048784	OK	 
REQUEST	Scen_1,SearchMembers	request_3	1620844048785	1620844049706	OK	 
GROUP	Scen_1,SearchMembers	1620844047955	1620844049706	1749	OK
REQUEST	Scen_1,Search3	Search_3	1620844052098	1620844052551	OK	 
GROUP	Scen_1,Search3	1620844052097	1620844052551	453	OK
REQUEST	Scen_1,SearchByActiveMember	Select_SearchByActiveMember	1620844055299	1620844055648	OK	 
GROUP	Scen_1,SearchByActiveMember	1620844055299	1620844055649	349	OK
REQUEST	Scen_1,SearchMembers	request_2	1620844058272	1620844059126	OK	 
REQUEST	Scen_1,SearchMembers	request_3	1620844059127	1620844060049	OK	 
GROUP	Scen_1,SearchMembers	1620844058271	1620844060049	1776	OK
REQUEST	Scen_1,Search3	Search_3	1620844062686	1620844063220	OK	 
GROUP	Scen_1,Search3	1620844062685	1620844063221	534	OK
REQUEST	Scen_1,Search3	Search_3	1620844065617	1620844066194	OK	 
GROUP	Scen_1,Search3	1620844065616	1620844066194	577	OK
GROUP	Scen_1	1620844030543	1620844067196	10833	OK
USER	Users_1	END	1620844067198
