RUN	JJ.Framework.JJSim	jjsim	1622655565481	JJ.Framework.JJSim-SIMULATION_1_0:SIMULATION_2_0:SIMULATION_3_1:SIMULATION_4_0:Iterations_10	3.5.1
USER	Users_3	START	1622655567032
REQUEST	LName,LN	LName_Smith	1622655567058	1622655580615	OK	 
GROUP	LName,LN	1622655567038	1622655580677	13557	OK
GROUP	LName	1622655567035	1622655582415	13557	OK
REQUEST	LName,LN	LName_Jones	1622655582419	1622655585723	OK	 
GROUP	LName,LN	1622655582417	1622655585726	3304	OK
GROUP	LName	1622655582416	1622655586983	3304	OK
REQUEST	LName,LN	LName_Rogers	1622655586984	1622655587962	OK	 
GROUP	LName,LN	1622655586983	1622655587964	978	OK
GROUP	LName	1622655586983	1622655589867	978	OK
REQUEST	LName,LN	LName_Smith	1622655589868	1622655598682	OK	 
GROUP	LName,LN	1622655589867	1622655598687	8814	OK
GROUP	LName	1622655589867	1622655600111	8814	OK
REQUEST	LName,LN	LName_Smith	1622655600112	1622655608048	OK	 
GROUP	LName,LN	1622655600111	1622655608054	7936	OK
GROUP	LName	1622655600111	1622655609764	7936	OK
REQUEST	LName,LN	LName_Jones	1622655609765	1622655613991	OK	 
GROUP	LName,LN	1622655609764	1622655613993	4226	OK
GROUP	LName	1622655609764	1622655615496	4226	OK
REQUEST	LName,LN	LName_Rogers	1622655615497	1622655616483	OK	 
GROUP	LName,LN	1622655615496	1622655616484	986	OK
GROUP	LName	1622655615496	1622655617979	986	OK
REQUEST	LName,LN	LName_Smith	1622655617980	1622655626215	OK	 
GROUP	LName,LN	1622655617979	1622655626219	8235	OK
GROUP	LName	1622655617979	1622655627901	8235	OK
REQUEST	LName,LN	LName_Jones	1622655627901	1622655631396	OK	 
GROUP	LName,LN	1622655627901	1622655631399	3495	OK
GROUP	LName	1622655627901	1622655633121	3495	OK
REQUEST	LName,LN	LName_Rogers	1622655633122	1622655634044	OK	 
GROUP	LName,LN	1622655633121	1622655634046	922	OK
GROUP	LName	1622655633121	1622655635921	922	OK
USER	Users_3	END	1622655635922
