RUN	FOO	foo	1623277492334	 	3.5.1
USER	FOO	START	1623277493840
REQUEST		request_0	1623277493854	1623277494585	OK	 
REQUEST		request_1	1623277494603	1623277494774	OK	 
REQUEST		request_2	1623277494604	1623277495308	OK	 
REQUEST		request_3	1623277498315	1623277499049	OK	 
REQUEST		request_4	1623277499051	1623277499169	OK	 
REQUEST		request_5	1623277499052	1623277499694	OK	 
REQUEST		request_6	1623277500698	1623277500870	OK	 
REQUEST		request_7	1623277501874	1623277501989	OK	 
REQUEST		request_8	1623277504994	1623277505712	OK	 
REQUEST		request_9	1623277505713	1623277505829	OK	 
REQUEST		request_10	1623277507837	1623277508790	OK	 
REQUEST		request_11	1623277508814	1623277509094	OK	 
REQUEST		request_23	1623277508948	1623277509319	OK	 
REQUEST		request_14	1623277508816	1623277509324	OK	 
REQUEST		request_20	1623277508947	1623277509326	OK	 
REQUEST		request_21	1623277508947	1623277509331	OK	 
REQUEST		request_22	1623277508948	1623277509345	OK	 
REQUEST		request_54	1623277509026	1623277509349	OK	 
REQUEST		request_15	1623277508816	1623277509354	OK	 
REQUEST		request_12	1623277508815	1623277509358	OK	 
REQUEST		request_52	1623277509023	1623277509391	OK	 
REQUEST		request_24	1623277508949	1623277509394	OK	 
REQUEST		request_25	1623277509322	1623277509398	OK	 
REQUEST		request_56	1623277509027	1623277509402	OK	 
REQUEST		request_26	1623277509329	1623277509404	OK	 
REQUEST		request_27	1623277509344	1623277509417	OK	 
REQUEST		request_57	1623277509028	1623277509430	OK	 
REQUEST		request_14	1623277509325	1623277509446	OK	 
REQUEST		request_30	1623277509400	1623277509467	OK	 
REQUEST		request_31	1623277509404	1623277509469	OK	 
REQUEST		request_28	1623277509346	1623277509482	OK	 
REQUEST		request_51	1623277508951	1623277509485	OK	 
REQUEST		request_32	1623277509418	1623277509486	OK	 
REQUEST		request_59	1623277509393	1623277509488	OK	 
REQUEST		request_16	1623277508817	1623277509499	OK	 
REQUEST		request_23	1623277509323	1623277509501	OK	 
REQUEST		request_61	1623277508818	1623277509503	OK	 
REQUEST		request_60	1623277509403	1623277509511	OK	 
REQUEST		request_55	1623277509027	1623277509519	OK	 
REQUEST		request_58	1623277509350	1623277509525	OK	 
REQUEST		request_35	1623277509469	1623277509538	OK	 
REQUEST		request_34	1623277509468	1623277509539	OK	 
REQUEST		request_19	1623277508887	1623277509541	OK	 
REQUEST		request_13	1623277508949	1623277509550	OK	 
REQUEST		request_37	1623277509487	1623277509552	OK	 
REQUEST		request_36	1623277509483	1623277509554	OK	 
REQUEST		request_29	1623277509397	1623277509591	OK	 
REQUEST		request_39	1623277509540	1623277509611	OK	 
REQUEST		request_40	1623277509542	1623277509613	OK	 
REQUEST		request_16	1623277509539	1623277509615	OK	 
REQUEST		request_41	1623277509552	1623277509621	OK	 
REQUEST		request_42	1623277509555	1623277509624	OK	 
REQUEST		request_23	1623277509501	1623277509629	OK	 
REQUEST		request_43	1623277509592	1623277509660	OK	 
REQUEST		request_44	1623277509612	1623277509682	OK	 
REQUEST		request_48	1623277509622	1623277509690	OK	 
REQUEST		request_49	1623277509624	1623277509698	OK	 
REQUEST		request_17	1623277508817	1623277509699	OK	 
REQUEST		request_50	1623277509661	1623277509727	OK	 
REQUEST		request_18	1623277508818	1623277509762	OK	 
REQUEST		request_53	1623277509026	1623277509764	OK	 
REQUEST		request_23	1623277509630	1623277509843	OK	 
REQUEST		request_45	1623277509614	1623277509994	OK	 
REQUEST		request_46	1623277509616	1623277510130	OK	 
REQUEST		LoggedIn	1623277515140	1623277515576	OK	 
REQUEST		request_63	1623277515583	1623277515654	OK	 
REQUEST		request_69	1623277515655	1623277515723	OK	 
REQUEST		request_99	1623277515587	1623277515741	OK	 
REQUEST		request_93	1623277515586	1623277515750	OK	 
REQUEST		request_92	1623277515585	1623277515752	OK	 
REQUEST		request_98	1623277515586	1623277515758	OK	 
REQUEST		request_70	1623277515724	1623277515794	OK	 
REQUEST		request_65	1623277515584	1623277515855	OK	 
REQUEST		request_66	1623277515584	1623277515859	OK	 
REQUEST		request_67	1623277515585	1623277515861	OK	 
REQUEST		request_64	1623277515583	1623277515869	OK	 
REQUEST		request_71	1623277515795	1623277515871	OK	 
REQUEST		request_68	1623277515585	1623277515872	OK	 
REQUEST		request_72	1623277515856	1623277515928	OK	 
REQUEST		request_73	1623277515860	1623277515933	OK	 
REQUEST		request_75	1623277515870	1623277515938	OK	 
REQUEST		request_77	1623277515873	1623277515945	OK	 
REQUEST		request_76	1623277515871	1623277515956	OK	 
REQUEST		request_78	1623277515929	1623277515998	OK	 
REQUEST		request_74	1623277515861	1623277516000	OK	 
REQUEST		request_65	1623277515857	1623277516008	OK	 
REQUEST		request_80	1623277515938	1623277516016	OK	 
REQUEST		request_81	1623277515945	1623277516018	OK	 
REQUEST		request_82	1623277515957	1623277516040	OK	 
REQUEST		request_83	1623277515999	1623277516078	OK	 
REQUEST		request_84	1623277516002	1623277516080	OK	 
REQUEST		request_86	1623277516018	1623277516089	OK	 
REQUEST		request_85	1623277516017	1623277516090	OK	 
REQUEST		request_87	1623277516041	1623277516111	OK	 
REQUEST		request_65	1623277516009	1623277516136	OK	 
REQUEST		request_88	1623277516079	1623277516153	OK	 
REQUEST		request_79	1623277515933	1623277516199	OK	 
REQUEST		request_89	1623277516080	1623277516422	OK	 
REQUEST		request_90	1623277516090	1623277517037	OK	 
USER	FOO	END	1623277517071
