RUN	Optum.Framework.OptumSim	optumsim	1625757047008	Optum.Framework.OptumSim-SIMULATION_1_2:SIMULATION_2_0:SIMULATION_3_0:Iterations_100	3.5.1
USER	Users_1	START	1625757048532
REQUEST	,Login		1625757048549	1625757048895	OK	 
REQUEST	,Login	favicon.ico	1625757048950	1625757049188	OK	 
REQUEST	,Login	styles-es5.8dcb7b1cdd5d944ad068.js	1625757049190	1625757049291	OK	 
REQUEST	,Login	runtime-es5.a02b527030695c21acab.js	1625757048951	1625757049381	OK	 
REQUEST	,Login	runtime-es2015.a02b527030695c21acab.js	1625757048950	1625757049383	OK	 
REQUEST	,Login	icon?family=Material+Icons	1625757048952	1625757049403	OK	 
REQUEST	,Login	styles-es2015.8dcb7b1cdd5d944ad068.js	1625757048952	1625757049545	OK	 
REQUEST	,Login	polyfills-es2015.08b3d487343e8bcb5f4b.js	1625757048951	1625757049707	OK	 
REQUEST	,Login	polyfills-es5.7951a9b6d5d3faf73072.js	1625757048951	1625757049782	OK	 
REQUEST	,Login	main-es2015.8a12e6f1e5b08471ce36.js	1625757049292	1625757050075	OK	 
REQUEST	,Login	main-es5.8a12e6f1e5b08471ce36.js	1625757049382	1625757051392	OK	 
REQUEST	,Login		1625757051393	1625757051475	OK	 
REQUEST	,Login		1625757051477	1625757051557	OK	 
REQUEST	,Login		1625757051558	1625757051696	OK	 
REQUEST	,Login	runtime-es2015.a02b527030695c21acab.js	1625757051702	1625757051780	OK	 
REQUEST	,Login	favicon.ico	1625757051702	1625757051782	OK	 
REQUEST	,Login	styles-es2015.8dcb7b1cdd5d944ad068.js	1625757051704	1625757051786	OK	 
REQUEST	,Login	polyfills-es2015.08b3d487343e8bcb5f4b.js	1625757051704	1625757051786	OK	 
REQUEST	,Login	runtime-es5.a02b527030695c21acab.js	1625757051703	1625757051787	OK	 
REQUEST	,Login	polyfills-es5.7951a9b6d5d3faf73072.js	1625757051703	1625757051787	OK	 
REQUEST	,Login		1625757051788	1625757052097	OK	 
REQUEST	,Login		1625757052098	1625757055720	OK	 
GROUP	,Login	1625757048536	1625757055721	7108	OK
REQUEST	,SearchByActiveMember	Select_SearchByActiveMember	1625757056724	1625757056925	OK	 
GROUP	,SearchByActiveMember	1625757056724	1625757056926	201	OK
REQUEST	,SearchName_Name	Search_1	1625757058872	1625757059309	OK	 
REQUEST	,SearchName_Name	Search_3231359	1625757059313	1625757059716	OK	 
GROUP	,SearchName_Name	1625757058871	1625757059716	840	OK
REQUEST	,S_3231359	Select_Smith	1625757060879	1625757062380	OK	 
REQUEST	,S_3231359	request_1	1625757062384	1625757062995	OK	 
REQUEST	,S_3231359	request_3231359	1625757062997	1625757063607	OK	 
GROUP	,S_3231359	1625757060878	1625757063608	2722	OK
REQUEST	,DrillDown_Smith	70078	1625757065586	1625757066374	OK	 
GROUP	,DrillDown_Smith	1625757065585	1625757066374	788	OK
GROUP		1625757048535	1625757067902	11659	OK
USER	Users_1	END	1625757067906
