RUN	JJ.Framework.JJSim	jjsim	1622656769164	JJ.Framework.JJSim-SIMULATION_1_1:SIMULATION_2_0:SIMULATION_3_0:SIMULATION_4_0:Iterations_10	3.5.1
USER	Users_1	START	1622656770754
REQUEST	NPI,NPI	NPI_1245318229	1622656770772	1622656776571	OK	 
GROUP	NPI,NPI	1622656770758	1622656776607	5799	OK
GROUP	NPI	1622656770756	1622656778553	5799	OK
REQUEST	NPI,NPI	NPI_1821049651	1622656778557	1622656778755	OK	 
GROUP	NPI,NPI	1622656778555	1622656778757	198	OK
GROUP	NPI	1622656778554	1622656780542	198	OK
REQUEST	NPI,NPI	NPI_1114976883	1622656780544	1622656780750	OK	 
GROUP	NPI,NPI	1622656780543	1622656780752	206	OK
GROUP	NPI	1622656780542	1622656782694	206	OK
REQUEST	NPI,NPI	NPI_1740270032	1622656782695	1622656782836	OK	 
GROUP	NPI,NPI	1622656782695	1622656782837	141	OK
GROUP	NPI	1622656782695	1622656784323	141	OK
REQUEST	NPI,NPI	NPI_1245419696	1622656784324	1622656784495	OK	 
GROUP	NPI,NPI	1622656784324	1622656784496	171	OK
GROUP	NPI	1622656784323	1622656785904	171	OK
REQUEST	NPI,NPI	NPI_1942331400	1622656785906	1622656786114	OK	 
GROUP	NPI,NPI	1622656785905	1622656786115	208	OK
GROUP	NPI	1622656785905	1622656787990	208	OK
REQUEST	NPI,NPI	NPI_1144239955	1622656787991	1622656788427	OK	 
GROUP	NPI,NPI	1622656787990	1622656788428	436	OK
GROUP	NPI	1622656787990	1622656789560	436	OK
REQUEST	NPI,NPI	NPI_1538137419	1622656789561	1622656789721	OK	 
GROUP	NPI,NPI	1622656789561	1622656789722	160	OK
GROUP	NPI	1622656789560	1622656791590	160	OK
REQUEST	NPI,NPI	NPI_1306830377	1622656791592	1622656792234	OK	 
GROUP	NPI,NPI	1622656791591	1622656792235	642	OK
GROUP	NPI	1622656791591	1622656793757	642	OK
REQUEST	NPI,NPI	NPI_1962487256	1622656793758	1622656793973	OK	 
GROUP	NPI,NPI	1622656793758	1622656793975	215	OK
GROUP	NPI	1622656793757	1622656795728	215	OK
USER	Users_1	END	1622656795730
