RUN	MarsTest.Framework.MarsSim	marssim	1623879389466	MarsTest.Framework.MarsSim-SIMULATION_1_2:SIMULATION_2_0:SIMULATION_3_0:Iterations_10	3.5.1
USER	MarsTestApi5	START	1623879390924
REQUEST	MarsTestApi / API,GetProviderAddress		1623879390939	1623879391267	OK	 
GROUP	MarsTestApi / API,GetProviderAddress	1623879390927	1623879391285	328	OK
GROUP	MarsTestApi / API	1623879390926	1623879391285	328	OK
REQUEST	MarsTestApi / API,GetProviderAddress		1623879391287	1623879391361	OK	 
GROUP	MarsTestApi / API,GetProviderAddress	1623879391286	1623879391362	74	OK
GROUP	MarsTestApi / API	1623879391285	1623879391362	74	OK
USER	MarsTestApi5	START	1623879391419
REQUEST	MarsTestApi / API,GetProviderAddress		1623879391362	1623879391430	OK	 
GROUP	MarsTestApi / API,GetProviderAddress	1623879391362	1623879391431	68	OK
GROUP	MarsTestApi / API	1623879391362	1623879391431	68	OK
REQUEST	MarsTestApi / API,GetProviderAddress		1623879391431	1623879391494	OK	 
GROUP	MarsTestApi / API,GetProviderAddress	1623879391431	1623879391494	63	OK
GROUP	MarsTestApi / API	1623879391431	1623879391494	63	OK
REQUEST	MarsTestApi / API,GetProviderAddress		1623879391495	1623879391565	OK	 
GROUP	MarsTestApi / API,GetProviderAddress	1623879391495	1623879391566	70	OK
GROUP	MarsTestApi / API	1623879391495	1623879391566	70	OK
REQUEST	MarsTestApi / API,GetProviderAddress		1623879391566	1623879391633	OK	 
GROUP	MarsTestApi / API,GetProviderAddress	1623879391566	1623879391634	67	OK
GROUP	MarsTestApi / API	1623879391566	1623879391634	67	OK
REQUEST	MarsTestApi / API,GetProviderAddress		1623879391419	1623879391688	OK	 
GROUP	MarsTestApi / API,GetProviderAddress	1623879391419	1623879391689	269	OK
GROUP	MarsTestApi / API	1623879391419	1623879391689	269	OK
REQUEST	MarsTestApi / API,GetProviderAddress		1623879391634	1623879391697	OK	 
GROUP	MarsTestApi / API,GetProviderAddress	1623879391634	1623879391698	63	OK
GROUP	MarsTestApi / API	1623879391634	1623879391698	63	OK
REQUEST	MarsTestApi / API,GetProviderAddress		1623879391690	1623879391758	OK	 
GROUP	MarsTestApi / API,GetProviderAddress	1623879391689	1623879391759	68	OK
GROUP	MarsTestApi / API	1623879391689	1623879391759	68	OK
REQUEST	MarsTestApi / API,GetProviderAddress		1623879391698	1623879391764	OK	 
GROUP	MarsTestApi / API,GetProviderAddress	1623879391698	1623879391765	66	OK
GROUP	MarsTestApi / API	1623879391698	1623879391765	66	OK
REQUEST	MarsTestApi / API,GetProviderAddress		1623879391760	1623879391828	OK	 
GROUP	MarsTestApi / API,GetProviderAddress	1623879391760	1623879391829	68	OK
GROUP	MarsTestApi / API	1623879391760	1623879391829	68	OK
REQUEST	MarsTestApi / API,GetProviderAddress		1623879391766	1623879391830	OK	 
GROUP	MarsTestApi / API,GetProviderAddress	1623879391765	1623879391831	64	OK
GROUP	MarsTestApi / API	1623879391765	1623879391831	64	OK
REQUEST	MarsTestApi / API,GetProviderAddress		1623879391829	1623879391896	OK	 
GROUP	MarsTestApi / API,GetProviderAddress	1623879391829	1623879391897	67	OK
GROUP	MarsTestApi / API	1623879391829	1623879391897	67	OK
REQUEST	MarsTestApi / API,GetProviderAddress		1623879391831	1623879391897	OK	 
GROUP	MarsTestApi / API,GetProviderAddress	1623879391831	1623879391897	66	OK
GROUP	MarsTestApi / API	1623879391831	1623879391897	66	OK
USER	MarsTestApi5	END	1623879391900
REQUEST	MarsTestApi / API,GetProviderAddress		1623879391898	1623879391962	OK	 
GROUP	MarsTestApi / API,GetProviderAddress	1623879391898	1623879391963	64	OK
GROUP	MarsTestApi / API	1623879391898	1623879391963	64	OK
REQUEST	MarsTestApi / API,GetProviderAddress		1623879391964	1623879392032	OK	 
GROUP	MarsTestApi / API,GetProviderAddress	1623879391963	1623879392032	68	OK
GROUP	MarsTestApi / API	1623879391963	1623879392032	68	OK
REQUEST	MarsTestApi / API,GetProviderAddress		1623879392033	1623879392097	OK	 
GROUP	MarsTestApi / API,GetProviderAddress	1623879392033	1623879392098	64	OK
GROUP	MarsTestApi / API	1623879392033	1623879392098	64	OK
REQUEST	MarsTestApi / API,GetProviderAddress		1623879392098	1623879392161	OK	 
GROUP	MarsTestApi / API,GetProviderAddress	1623879392098	1623879392161	63	OK
GROUP	MarsTestApi / API	1623879392098	1623879392162	63	OK
REQUEST	MarsTestApi / API,GetProviderAddress		1623879392162	1623879392225	OK	 
GROUP	MarsTestApi / API,GetProviderAddress	1623879392162	1623879392226	63	OK
GROUP	MarsTestApi / API	1623879392162	1623879392226	63	OK
REQUEST	MarsTestApi / API,GetProviderAddress		1623879392226	1623879392289	OK	 
GROUP	MarsTestApi / API,GetProviderAddress	1623879392226	1623879392290	63	OK
GROUP	MarsTestApi / API	1623879392226	1623879392290	63	OK
USER	MarsTestApi5	END	1623879392291
