RUN	GOO.Framework.GOO	goo	1623258805076	GOO.Framework.GOO-SIMULATION_1_1:SIMULATION_2_1:SIMULATION_3_1:SIMULATION_4_:Iterations_2	3.5.1
USER	Users_1	START	1623258806570
USER	Users_3	START	1623258806570
USER	Users_2	START	1623258806570
REQUEST	NPI,NPI	NPI_1245318229	1623258806590	1623258812221	OK	 
GROUP	NPI,NPI	1623258806576	1623258812244	5631	OK
GROUP	NPI	1623258806573	1623258814219	5631	OK
REQUEST	NPI,NPI	NPI_1821049651	1623258814225	1623258814454	OK	 
GROUP	NPI,NPI	1623258814222	1623258814456	229	OK
GROUP	NPI	1623258814220	1623258815827	229	OK
USER	Users_1	END	1623258815830
REQUEST	TIN,TIN	TIN_391139101	1623258806590	1623258816306	OK	 
GROUP	TIN,TIN	1623258806576	1623258816310	9716	OK
GROUP	TIN	1623258806573	1623258817745	9716	OK
REQUEST	LName,LN	LName_Smith_WI	1623258806590	1623258819883	OK	 
GROUP	LName,LN	1623258806576	1623258819887	13293	OK
GROUP	LName	1623258806573	1623258821039	13293	OK
REQUEST	TIN,TIN	TIN_391139101	1623258817747	1623258822215	OK	 
GROUP	TIN,TIN	1623258817746	1623258822217	4468	OK
GROUP	TIN	1623258817746	1623258823226	4468	OK
USER	Users_2	END	1623258823227
REQUEST	LName,LN	LName_Smith_WI	1623258821041	1623258828908	OK	 
GROUP	LName,LN	1623258821040	1623258828910	7867	OK
GROUP	LName	1623258821039	1623258830037	7867	OK
USER	Users_3	END	1623258830038
