RUN	JJ.Framework.JJSim	jjsim	1622665440632	JJ.Framework.JJSim-SIMULATION_1_1:SIMULATION_2_0:SIMULATION_3_0:SIMULATION_4_0:Iterations_10	3.5.1
USER	Users_1	START	1622665442503
REQUEST	NPI,NPI	NPI_1245318229	1622665442525	1622665448209	OK	 
GROUP	NPI,NPI	1622665442507	1622665448247	5684	OK
GROUP	NPI	1622665442506	1622665449469	5684	OK
REQUEST	NPI,NPI	NPI_1821049651	1622665449474	1622665449713	OK	 
GROUP	NPI,NPI	1622665449471	1622665449715	239	OK
GROUP	NPI	1622665449470	1622665451092	239	OK
REQUEST	NPI,NPI	NPI_1114976883	1622665451093	1622665451281	OK	 
GROUP	NPI,NPI	1622665451093	1622665451282	188	OK
GROUP	NPI	1622665451092	1622665452645	188	OK
REQUEST	NPI,NPI	NPI_1740270032	1622665452646	1622665452792	OK	 
GROUP	NPI,NPI	1622665452645	1622665452793	146	OK
GROUP	NPI	1622665452645	1622665454262	146	OK
REQUEST	NPI,NPI	NPI_1245419696	1622665454263	1622665454659	OK	 
GROUP	NPI,NPI	1622665454263	1622665454660	396	OK
GROUP	NPI	1622665454263	1622665455719	396	OK
REQUEST	NPI,NPI	NPI_1942331400	1622665455720	1622665456460	OK	 
GROUP	NPI,NPI	1622665455719	1622665456461	740	OK
GROUP	NPI	1622665455719	1622665458394	740	OK
REQUEST	NPI,NPI	NPI_1144239955	1622665458395	1622665458607	OK	 
GROUP	NPI,NPI	1622665458395	1622665458608	212	OK
GROUP	NPI	1622665458395	1622665460138	212	OK
REQUEST	NPI,NPI	NPI_1538137419	1622665460139	1622665460354	OK	 
GROUP	NPI,NPI	1622665460138	1622665460354	215	OK
GROUP	NPI	1622665460138	1622665462198	215	OK
REQUEST	NPI,NPI	NPI_1306830377	1622665462198	1622665462421	OK	 
GROUP	NPI,NPI	1622665462198	1622665462422	223	OK
GROUP	NPI	1622665462198	1622665464321	223	OK
REQUEST	NPI,NPI	NPI_1962487256	1622665464322	1622665464549	OK	 
GROUP	NPI,NPI	1622665464322	1622665464550	227	OK
GROUP	NPI	1622665464321	1622665466125	227	OK
USER	Users_1	END	1622665466127
