RUN	JJ.Framework.JJSim	jjsim	1622745113802	JJ.Framework.JJSim-SIMULATION_1_1:SIMULATION_2_0:SIMULATION_3_0:SIMULATION_4_:Iterations_10	3.5.1
USER	Users_1	START	1622745115191
REQUEST	NPI_Variable,NPI_1245318229	NPI_1245318229	1622745115213	1622745115557	KO	status.find.in(200,201,202,203,204,205,206,207,208,209,304), found 503
GROUP	NPI_Variable,NPI_1245318229	1622745115198	1622745115580	344	KO
GROUP	NPI_Variable	1622745115194	1622745116927	344	KO
REQUEST	NPI_Variable,NPI_1821049651	NPI_1821049651	1622745116930	1622745117262	KO	status.find.in(200,201,202,203,204,205,206,207,208,209,304), found 503
GROUP	NPI_Variable,NPI_1821049651	1622745116929	1622745117264	332	KO
GROUP	NPI_Variable	1622745116928	1622745118450	332	KO
REQUEST	NPI_Variable,NPI_1114976883	NPI_1114976883	1622745118451	1622745118824	KO	status.find.in(200,201,202,203,204,205,206,207,208,209,304), found 503
GROUP	NPI_Variable,NPI_1114976883	1622745118450	1622745118825	373	KO
GROUP	NPI_Variable	1622745118450	1622745120805	373	KO
REQUEST	NPI_Variable,NPI_1740270032	NPI_1740270032	1622745120806	1622745121376	KO	status.find.in(200,201,202,203,204,205,206,207,208,209,304), found 503
GROUP	NPI_Variable,NPI_1740270032	1622745120806	1622745121377	570	KO
GROUP	NPI_Variable	1622745120805	1622745123323	570	KO
REQUEST	NPI_Variable,NPI_1245419696	NPI_1245419696	1622745123324	1622745124118	KO	status.find.in(200,201,202,203,204,205,206,207,208,209,304), found 503
GROUP	NPI_Variable,NPI_1245419696	1622745123323	1622745124119	794	KO
GROUP	NPI_Variable	1622745123323	1622745125718	794	KO
REQUEST	NPI_Variable,NPI_1942331400	NPI_1942331400	1622745125719	1622745126054	KO	status.find.in(200,201,202,203,204,205,206,207,208,209,304), found 503
GROUP	NPI_Variable,NPI_1942331400	1622745125718	1622745126055	335	KO
GROUP	NPI_Variable	1622745125718	1622745127343	335	KO
REQUEST	NPI_Variable,NPI_1144239955	NPI_1144239955	1622745127344	1622745127678	KO	status.find.in(200,201,202,203,204,205,206,207,208,209,304), found 503
GROUP	NPI_Variable,NPI_1144239955	1622745127343	1622745127679	334	KO
GROUP	NPI_Variable	1622745127343	1622745129412	334	KO
REQUEST	NPI_Variable,NPI_1538137419	NPI_1538137419	1622745129413	1622745130233	KO	status.find.in(200,201,202,203,204,205,206,207,208,209,304), found 503
GROUP	NPI_Variable,NPI_1538137419	1622745129413	1622745130234	820	KO
GROUP	NPI_Variable	1622745129412	1622745132199	820	KO
REQUEST	NPI_Variable,NPI_1306830377	NPI_1306830377	1622745132200	1622745132548	KO	status.find.in(200,201,202,203,204,205,206,207,208,209,304), found 503
GROUP	NPI_Variable,NPI_1306830377	1622745132200	1622745132550	348	KO
GROUP	NPI_Variable	1622745132199	1622745134319	348	KO
REQUEST	NPI_Variable,NPI_1962487256	NPI_1962487256	1622745134321	1622745134677	KO	status.find.in(200,201,202,203,204,205,206,207,208,209,304), found 503
GROUP	NPI_Variable,NPI_1962487256	1622745134320	1622745134678	356	KO
GROUP	NPI_Variable	1622745134320	1622745136140	356	KO
USER	Users_1	END	1622745136143
