RUN	MarsTest.Framework.MarsSim	marssim	1625962754435	MarsTest.Framework.MarsSim-SIMULATION_1_2:SIMULATION_2_0:SIMULATION_3_0:Iterations_10	3.5.1
USER	MarsTestALL	START	1625962755925
REQUEST	MarsTestALL / APIs,STAR1		1625962755941	1625962756270	KO	status.find.in(200,201,202,203,204,205,206,207,208,209,304), found 404
GROUP	MarsTestALL / APIs,STAR1	1625962755928	1625962756281	329	KO
REQUEST	MarsTestALL / APIs,GetDocumentById		1625962757289	1625962757669	OK	 
GROUP	MarsTestALL / APIs,GetDocumentById	1625962757286	1625962757671	380	OK
REQUEST	MarsTestALL / APIs,FindAllStates		1625962758672	1625962758807	OK	 
GROUP	MarsTestALL / APIs,FindAllStates	1625962758672	1625962758807	135	OK
REQUEST	MarsTestALL / APIs,GetClusterByProviderType		1625962759813	1625962759972	OK	 
GROUP	MarsTestALL / APIs,GetClusterByProviderType	1625962759813	1625962759972	159	OK
REQUEST	MarsTestALL / APIs,GetProviderAddress		1625962760975	1625962762070	OK	 
GROUP	MarsTestALL / APIs,GetProviderAddress	1625962760975	1625962762070	1095	OK
REQUEST	MarsTestALL / APIs,GetProviderName		1625962763072	1625962763275	OK	 
GROUP	MarsTestALL / APIs,GetProviderName	1625962763072	1625962763276	203	OK
USER	MarsTestALL	START	1625962765918
REQUEST	MarsTestALL / APIs,GetCensus		1625962764280	1625962766049	OK	 
GROUP	MarsTestALL / APIs,GetCensus	1625962764279	1625962766049	1769	OK
REQUEST	MarsTestALL / APIs,STAR1		1625962765919	1625962766259	KO	status.find.in(200,201,202,203,204,205,206,207,208,209,304), found 404
GROUP	MarsTestALL / APIs,STAR1	1625962765919	1625962766259	340	KO
REQUEST	MarsTestALL / APIs,GetDocumentById		1625962767265	1625962767463	OK	 
GROUP	MarsTestALL / APIs,GetDocumentById	1625962767265	1625962767464	198	OK
REQUEST	MarsTestALL / APIs,findMemberLinxById		1625962767056	1625962768022	OK	 
GROUP	MarsTestALL / APIs,findMemberLinxById	1625962767055	1625962768022	966	OK
REQUEST	MarsTestALL / APIs,FindAllStates		1625962768466	1625962768568	OK	 
GROUP	MarsTestALL / APIs,FindAllStates	1625962768466	1625962768569	102	OK
GROUP	MarsTestALL / APIs	1625962755927	1625962769028	5036	KO
REQUEST	MarsTestALL / APIs,STAR1		1625962769030	1625962769108	KO	status.find.in(200,201,202,203,204,205,206,207,208,209,304), found 404
GROUP	MarsTestALL / APIs,STAR1	1625962769029	1625962769109	78	KO
REQUEST	MarsTestALL / APIs,GetClusterByProviderType		1625962769574	1625962769682	OK	 
GROUP	MarsTestALL / APIs,GetClusterByProviderType	1625962769574	1625962769682	108	OK
REQUEST	MarsTestALL / APIs,GetDocumentById		1625962770114	1625962770312	OK	 
GROUP	MarsTestALL / APIs,GetDocumentById	1625962770114	1625962770312	198	OK
REQUEST	MarsTestALL / APIs,GetProviderAddress		1625962770684	1625962770756	OK	 
GROUP	MarsTestALL / APIs,GetProviderAddress	1625962770683	1625962770756	72	OK
REQUEST	MarsTestALL / APIs,FindAllStates		1625962771315	1625962771398	OK	 
GROUP	MarsTestALL / APIs,FindAllStates	1625962771314	1625962771398	83	OK
REQUEST	MarsTestALL / APIs,GetProviderName		1625962771762	1625962771836	OK	 
GROUP	MarsTestALL / APIs,GetProviderName	1625962771762	1625962771836	74	OK
REQUEST	MarsTestALL / APIs,GetClusterByProviderType		1625962772402	1625962772490	OK	 
GROUP	MarsTestALL / APIs,GetClusterByProviderType	1625962772401	1625962772490	88	OK
REQUEST	MarsTestALL / APIs,GetProviderAddress		1625962773493	1625962773569	OK	 
GROUP	MarsTestALL / APIs,GetProviderAddress	1625962773492	1625962773570	76	OK
REQUEST	MarsTestALL / APIs,GetCensus		1625962772838	1625962773723	OK	 
GROUP	MarsTestALL / APIs,GetCensus	1625962772838	1625962773723	885	OK
REQUEST	MarsTestALL / APIs,GetProviderName		1625962774572	1625962774638	OK	 
GROUP	MarsTestALL / APIs,GetProviderName	1625962774572	1625962774638	66	OK
REQUEST	MarsTestALL / APIs,findMemberLinxById		1625962774729	1625962775006	OK	 
GROUP	MarsTestALL / APIs,findMemberLinxById	1625962774728	1625962775007	277	OK
GROUP	MarsTestALL / APIs	1625962765919	1625962776011	2056	KO
REQUEST	MarsTestALL / APIs,STAR1		1625962776012	1625962776162	KO	status.find.in(200,201,202,203,204,205,206,207,208,209,304), found 404
GROUP	MarsTestALL / APIs,STAR1	1625962776012	1625962776162	150	KO
REQUEST	MarsTestALL / APIs,GetCensus		1625962775640	1625962776763	OK	 
GROUP	MarsTestALL / APIs,GetCensus	1625962775640	1625962776764	1123	OK
REQUEST	MarsTestALL / APIs,GetDocumentById		1625962777165	1625962777370	OK	 
GROUP	MarsTestALL / APIs,GetDocumentById	1625962777164	1625962777370	205	OK
REQUEST	MarsTestALL / APIs,findMemberLinxById		1625962777766	1625962778093	OK	 
GROUP	MarsTestALL / APIs,findMemberLinxById	1625962777766	1625962778094	327	OK
REQUEST	MarsTestALL / APIs,FindAllStates		1625962778372	1625962778458	OK	 
GROUP	MarsTestALL / APIs,FindAllStates	1625962778371	1625962778458	86	OK
GROUP	MarsTestALL / APIs	1625962769029	1625962779099	2039	KO
REQUEST	MarsTestALL / APIs,STAR1		1625962779100	1625962779175	KO	status.find.in(200,201,202,203,204,205,206,207,208,209,304), found 404
GROUP	MarsTestALL / APIs,STAR1	1625962779099	1625962779175	75	KO
REQUEST	MarsTestALL / APIs,GetClusterByProviderType		1625962779460	1625962779573	OK	 
GROUP	MarsTestALL / APIs,GetClusterByProviderType	1625962779459	1625962779573	113	OK
REQUEST	MarsTestALL / APIs,GetDocumentById		1625962780182	1625962780361	OK	 
GROUP	MarsTestALL / APIs,GetDocumentById	1625962780181	1625962780362	179	OK
REQUEST	MarsTestALL / APIs,GetProviderAddress		1625962780575	1625962780639	OK	 
GROUP	MarsTestALL / APIs,GetProviderAddress	1625962780574	1625962780639	64	OK
REQUEST	MarsTestALL / APIs,FindAllStates		1625962781366	1625962781447	OK	 
GROUP	MarsTestALL / APIs,FindAllStates	1625962781365	1625962781447	81	OK
REQUEST	MarsTestALL / APIs,GetProviderName		1625962781645	1625962781707	OK	 
GROUP	MarsTestALL / APIs,GetProviderName	1625962781644	1625962781707	62	OK
REQUEST	MarsTestALL / APIs,GetClusterByProviderType		1625962782449	1625962782539	OK	 
GROUP	MarsTestALL / APIs,GetClusterByProviderType	1625962782448	1625962782539	90	OK
REQUEST	MarsTestALL / APIs,GetCensus		1625962782712	1625962783567	OK	 
GROUP	MarsTestALL / APIs,GetCensus	1625962782712	1625962783568	855	OK
REQUEST	MarsTestALL / APIs,GetProviderAddress		1625962783541	1625962783612	OK	 
GROUP	MarsTestALL / APIs,GetProviderAddress	1625962783541	1625962783612	71	OK
REQUEST	MarsTestALL / APIs,GetProviderName		1625962784616	1625962784683	OK	 
GROUP	MarsTestALL / APIs,GetProviderName	1625962784615	1625962784684	67	OK
REQUEST	MarsTestALL / APIs,findMemberLinxById		1625962784573	1625962784834	OK	 
GROUP	MarsTestALL / APIs,findMemberLinxById	1625962784573	1625962784834	261	OK
GROUP	MarsTestALL / APIs	1625962776012	1625962785836	1796	KO
REQUEST	MarsTestALL / APIs,STAR1		1625962785837	1625962785975	KO	status.find.in(200,201,202,203,204,205,206,207,208,209,304), found 404
GROUP	MarsTestALL / APIs,STAR1	1625962785836	1625962785975	138	KO
REQUEST	MarsTestALL / APIs,GetCensus		1625962785687	1625962786659	OK	 
GROUP	MarsTestALL / APIs,GetCensus	1625962785686	1625962786659	972	OK
REQUEST	MarsTestALL / APIs,GetDocumentById		1625962786979	1625962787164	OK	 
GROUP	MarsTestALL / APIs,GetDocumentById	1625962786978	1625962787165	185	OK
REQUEST	MarsTestALL / APIs,findMemberLinxById		1625962787661	1625962788035	OK	 
GROUP	MarsTestALL / APIs,findMemberLinxById	1625962787661	1625962788036	374	OK
REQUEST	MarsTestALL / APIs,FindAllStates		1625962788166	1625962788251	OK	 
GROUP	MarsTestALL / APIs,FindAllStates	1625962788166	1625962788251	85	OK
GROUP	MarsTestALL / APIs	1625962779099	1625962789038	1909	KO
REQUEST	MarsTestALL / APIs,STAR1		1625962789039	1625962789110	KO	status.find.in(200,201,202,203,204,205,206,207,208,209,304), found 404
GROUP	MarsTestALL / APIs,STAR1	1625962789039	1625962789110	71	KO
REQUEST	MarsTestALL / APIs,GetClusterByProviderType		1625962789257	1625962789520	OK	 
GROUP	MarsTestALL / APIs,GetClusterByProviderType	1625962789257	1625962789520	263	OK
REQUEST	MarsTestALL / APIs,GetDocumentById		1625962790117	1625962790336	OK	 
GROUP	MarsTestALL / APIs,GetDocumentById	1625962790116	1625962790337	219	OK
REQUEST	MarsTestALL / APIs,GetProviderAddress		1625962790524	1625962790587	OK	 
GROUP	MarsTestALL / APIs,GetProviderAddress	1625962790524	1625962790588	63	OK
REQUEST	MarsTestALL / APIs,FindAllStates		1625962791339	1625962791428	OK	 
GROUP	MarsTestALL / APIs,FindAllStates	1625962791338	1625962791429	89	OK
REQUEST	MarsTestALL / APIs,GetProviderName		1625962791591	1625962791651	OK	 
GROUP	MarsTestALL / APIs,GetProviderName	1625962791590	1625962791652	60	OK
REQUEST	MarsTestALL / APIs,GetClusterByProviderType		1625962792432	1625962792531	OK	 
GROUP	MarsTestALL / APIs,GetClusterByProviderType	1625962792432	1625962792531	99	OK
REQUEST	MarsTestALL / APIs,GetProviderAddress		1625962793535	1625962793603	OK	 
REQUEST	MarsTestALL / APIs,GetCensus		1625962792653	1625962793603	OK	 
GROUP	MarsTestALL / APIs,GetCensus	1625962792653	1625962793603	950	OK
GROUP	MarsTestALL / APIs,GetProviderAddress	1625962793534	1625962793603	68	OK
REQUEST	MarsTestALL / APIs,GetProviderName		1625962794605	1625962794671	OK	 
GROUP	MarsTestALL / APIs,GetProviderName	1625962794604	1625962794672	66	OK
REQUEST	MarsTestALL / APIs,findMemberLinxById		1625962794605	1625962795003	OK	 
GROUP	MarsTestALL / APIs,findMemberLinxById	1625962794605	1625962795003	398	OK
GROUP	MarsTestALL / APIs	1625962785836	1625962796004	2142	KO
REQUEST	MarsTestALL / APIs,STAR1		1625962796005	1625962796177	KO	status.find.in(200,201,202,203,204,205,206,207,208,209,304), found 404
GROUP	MarsTestALL / APIs,STAR1	1625962796005	1625962796178	172	KO
REQUEST	MarsTestALL / APIs,GetCensus		1625962795675	1625962796569	OK	 
GROUP	MarsTestALL / APIs,GetCensus	1625962795674	1625962796569	894	OK
REQUEST	MarsTestALL / APIs,GetDocumentById		1625962797185	1625962797394	OK	 
GROUP	MarsTestALL / APIs,GetDocumentById	1625962797184	1625962797394	209	OK
REQUEST	MarsTestALL / APIs,findMemberLinxById		1625962797574	1625962798217	OK	 
GROUP	MarsTestALL / APIs,findMemberLinxById	1625962797574	1625962798217	643	OK
REQUEST	MarsTestALL / APIs,FindAllStates		1625962798401	1625962798486	OK	 
GROUP	MarsTestALL / APIs,FindAllStates	1625962798400	1625962798486	85	OK
GROUP	MarsTestALL / APIs	1625962789039	1625962799223	2149	KO
REQUEST	MarsTestALL / APIs,STAR1		1625962799224	1625962799294	KO	status.find.in(200,201,202,203,204,205,206,207,208,209,304), found 404
GROUP	MarsTestALL / APIs,STAR1	1625962799223	1625962799294	70	KO
REQUEST	MarsTestALL / APIs,GetClusterByProviderType		1625962799491	1625962799619	OK	 
GROUP	MarsTestALL / APIs,GetClusterByProviderType	1625962799490	1625962799619	128	OK
REQUEST	MarsTestALL / APIs,GetDocumentById		1625962800298	1625962800458	OK	 
GROUP	MarsTestALL / APIs,GetDocumentById	1625962800297	1625962800459	160	OK
REQUEST	MarsTestALL / APIs,GetProviderAddress		1625962800625	1625962800686	OK	 
GROUP	MarsTestALL / APIs,GetProviderAddress	1625962800624	1625962800687	61	OK
REQUEST	MarsTestALL / APIs,FindAllStates		1625962801460	1625962801556	OK	 
GROUP	MarsTestALL / APIs,FindAllStates	1625962801460	1625962801556	96	OK
REQUEST	MarsTestALL / APIs,GetProviderName		1625962801693	1625962801760	OK	 
GROUP	MarsTestALL / APIs,GetProviderName	1625962801692	1625962801760	67	OK
REQUEST	MarsTestALL / APIs,GetClusterByProviderType		1625962802562	1625962802694	OK	 
GROUP	MarsTestALL / APIs,GetClusterByProviderType	1625962802561	1625962802694	132	OK
REQUEST	MarsTestALL / APIs,GetCensus		1625962802762	1625962803693	OK	 
GROUP	MarsTestALL / APIs,GetCensus	1625962802761	1625962803694	931	OK
REQUEST	MarsTestALL / APIs,GetProviderAddress		1625962803696	1625962803760	OK	 
GROUP	MarsTestALL / APIs,GetProviderAddress	1625962803696	1625962803760	64	OK
REQUEST	MarsTestALL / APIs,GetProviderName		1625962804762	1625962804822	OK	 
GROUP	MarsTestALL / APIs,GetProviderName	1625962804761	1625962804823	60	OK
REQUEST	MarsTestALL / APIs,findMemberLinxById		1625962804695	1625962805016	OK	 
GROUP	MarsTestALL / APIs,findMemberLinxById	1625962804694	1625962805017	321	OK
GROUP	MarsTestALL / APIs	1625962796005	1625962806023	1974	KO
REQUEST	MarsTestALL / APIs,STAR1		1625962806024	1625962806149	KO	status.find.in(200,201,202,203,204,205,206,207,208,209,304), found 404
GROUP	MarsTestALL / APIs,STAR1	1625962806023	1625962806149	125	KO
REQUEST	MarsTestALL / APIs,GetCensus		1625962805826	1625962806812	OK	 
GROUP	MarsTestALL / APIs,GetCensus	1625962805826	1625962806812	986	OK
REQUEST	MarsTestALL / APIs,GetDocumentById		1625962807154	1625962807360	OK	 
GROUP	MarsTestALL / APIs,GetDocumentById	1625962807153	1625962807360	206	OK
REQUEST	MarsTestALL / APIs,findMemberLinxById		1625962807815	1625962808102	OK	 
GROUP	MarsTestALL / APIs,findMemberLinxById	1625962807814	1625962808102	287	OK
REQUEST	MarsTestALL / APIs,FindAllStates		1625962808362	1625962808451	OK	 
GROUP	MarsTestALL / APIs,FindAllStates	1625962808362	1625962808451	89	OK
GROUP	MarsTestALL / APIs	1625962799223	1625962809106	1855	KO
REQUEST	MarsTestALL / APIs,STAR1		1625962809107	1625962809179	KO	status.find.in(200,201,202,203,204,205,206,207,208,209,304), found 404
GROUP	MarsTestALL / APIs,STAR1	1625962809106	1625962809180	72	KO
REQUEST	MarsTestALL / APIs,GetClusterByProviderType		1625962809454	1625962809594	OK	 
GROUP	MarsTestALL / APIs,GetClusterByProviderType	1625962809453	1625962809594	140	OK
REQUEST	MarsTestALL / APIs,GetDocumentById		1625962810181	1625962810403	OK	 
GROUP	MarsTestALL / APIs,GetDocumentById	1625962810181	1625962810403	222	OK
REQUEST	MarsTestALL / APIs,GetProviderAddress		1625962810596	1625962810665	OK	 
GROUP	MarsTestALL / APIs,GetProviderAddress	1625962810596	1625962810666	69	OK
REQUEST	MarsTestALL / APIs,FindAllStates		1625962811406	1625962811494	OK	 
GROUP	MarsTestALL / APIs,FindAllStates	1625962811406	1625962811494	88	OK
REQUEST	MarsTestALL / APIs,GetProviderName		1625962811666	1625962811731	OK	 
GROUP	MarsTestALL / APIs,GetProviderName	1625962811666	1625962811731	65	OK
REQUEST	MarsTestALL / APIs,GetClusterByProviderType		1625962812496	1625962812598	OK	 
GROUP	MarsTestALL / APIs,GetClusterByProviderType	1625962812496	1625962812599	102	OK
REQUEST	MarsTestALL / APIs,GetProviderAddress		1625962813601	1625962813663	OK	 
GROUP	MarsTestALL / APIs,GetProviderAddress	1625962813600	1625962813663	62	OK
REQUEST	MarsTestALL / APIs,GetCensus		1625962812733	1625962813742	OK	 
GROUP	MarsTestALL / APIs,GetCensus	1625962812732	1625962813742	1009	OK
REQUEST	MarsTestALL / APIs,GetProviderName		1625962814665	1625962814732	OK	 
GROUP	MarsTestALL / APIs,GetProviderName	1625962814664	1625962814732	67	OK
REQUEST	MarsTestALL / APIs,findMemberLinxById		1625962814746	1625962814980	OK	 
GROUP	MarsTestALL / APIs,findMemberLinxById	1625962814746	1625962814981	234	OK
GROUP	MarsTestALL / APIs	1625962806023	1625962815984	1937	KO
REQUEST	MarsTestALL / APIs,STAR1		1625962815985	1625962816111	KO	status.find.in(200,201,202,203,204,205,206,207,208,209,304), found 404
GROUP	MarsTestALL / APIs,STAR1	1625962815984	1625962816111	126	KO
REQUEST	MarsTestALL / APIs,GetCensus		1625962815734	1625962816695	OK	 
GROUP	MarsTestALL / APIs,GetCensus	1625962815733	1625962816695	961	OK
REQUEST	MarsTestALL / APIs,GetDocumentById		1625962817115	1625962817281	OK	 
GROUP	MarsTestALL / APIs,GetDocumentById	1625962817114	1625962817282	166	OK
REQUEST	MarsTestALL / APIs,findMemberLinxById		1625962817696	1625962818041	OK	 
GROUP	MarsTestALL / APIs,findMemberLinxById	1625962817696	1625962818041	345	OK
REQUEST	MarsTestALL / APIs,FindAllStates		1625962818286	1625962818370	OK	 
GROUP	MarsTestALL / APIs,FindAllStates	1625962818285	1625962818371	84	OK
GROUP	MarsTestALL / APIs	1625962809106	1625962819042	1919	KO
REQUEST	MarsTestALL / APIs,STAR1		1625962819043	1625962819125	KO	status.find.in(200,201,202,203,204,205,206,207,208,209,304), found 404
GROUP	MarsTestALL / APIs,STAR1	1625962819042	1625962819125	82	KO
REQUEST	MarsTestALL / APIs,GetDocumentById		1625962820126	1625962820369	OK	 
GROUP	MarsTestALL / APIs,GetDocumentById	1625962820125	1625962820370	243	OK
REQUEST	MarsTestALL / APIs,FindAllStates		1625962821376	1625962821464	OK	 
GROUP	MarsTestALL / APIs,FindAllStates	1625962821375	1625962821464	88	OK
REQUEST	MarsTestALL / APIs,GetClusterByProviderType		1625962819377	1625962822482	OK	 
GROUP	MarsTestALL / APIs,GetClusterByProviderType	1625962819377	1625962822482	3105	OK
REQUEST	MarsTestALL / APIs,GetClusterByProviderType		1625962822468	1625962822576	OK	 
GROUP	