RUN	JJ.Framework.JJSim	jjsim	1622594034279	JJ.Framework.JJSim-SIMULATION_1_1:SIMULATION_2_:SIMULATION_3_:SIMULATION_4_0:Iterations_10	3.5.1
USER	Users_1	START	1622594035619
REQUEST	Scen_1,LN	LName	1622594035635	1622594046652	OK	 
GROUP	Scen_1,LN	1622594035622	1622594046695	11017	OK
GROUP	Scen_1	1622594035621	1622594046695	11017	OK
REQUEST	Scen_1,LN	LName	1622594046698	1622594052531	OK	 
GROUP	Scen_1,LN	1622594046696	1622594052537	5833	OK
GROUP	Scen_1	1622594046696	1622594052537	5833	OK
REQUEST	Scen_1,LN	LName	1622594052538	1622594058778	OK	 
GROUP	Scen_1,LN	1622594052538	1622594058787	6240	OK
GROUP	Scen_1	1622594052538	1622594058787	6240	OK
REQUEST	Scen_1,LN	LName	1622594058788	1622594064622	OK	 
GROUP	Scen_1,LN	1622594058788	1622594064626	5834	OK
GROUP	Scen_1	1622594058787	1622594064626	5834	OK
REQUEST	Scen_1,LN	LName	1622594064626	1622594070386	OK	 
GROUP	Scen_1,LN	1622594064626	1622594070390	5760	OK
GROUP	Scen_1	1622594064626	1622594070390	5760	OK
REQUEST	Scen_1,LN	LName	1622594070390	1622594076184	OK	 
GROUP	Scen_1,LN	1622594070390	1622594076189	5794	OK
GROUP	Scen_1	1622594070390	1622594076189	5794	OK
REQUEST	Scen_1,LN	LName	1622594076190	1622594082230	OK	 
GROUP	Scen_1,LN	1622594076190	1622594082236	6040	OK
GROUP	Scen_1	1622594076190	1622594082236	6040	OK
REQUEST	Scen_1,LN	LName	1622594082236	1622594087959	OK	 
GROUP	Scen_1,LN	1622594082236	1622594087964	5723	OK
GROUP	Scen_1	1622594082236	1622594087964	5723	OK
REQUEST	Scen_1,LN	LName	1622594087964	1622594095467	OK	 
GROUP	Scen_1,LN	1622594087964	1622594095474	7503	OK
GROUP	Scen_1	1622594087964	1622594095474	7503	OK
REQUEST	Scen_1,LN	LName	1622594095474	1622594101988	OK	 
GROUP	Scen_1,LN	1622594095474	1622594101994	6514	OK
GROUP	Scen_1	1622594095474	1622594101994	6514	OK
USER	Users_1	END	1622594101996
