RUN	signin	signin	1623690944151	 	3.5.1
USER	signin	START	1623690945844
REQUEST		request_0	1623690945859	1623690946238	OK	 
REQUEST		request_0 Redirect 1	1623690946250	1623690946653	OK	 
REQUEST		publicSector.js	1623690946767	1623690946848	OK	 
REQUEST		providerExpress_logo.gif	1623690946853	1623690946930	OK	 
REQUEST		loading.gif	1623690946931	1623690947005	OK	 
REQUEST		request_41	1623690946702	1623690947062	OK	 
REQUEST		sso.js	1623690946768	1623690947069	OK	 
REQUEST		tabs.css	1623690946769	1623690947072	OK	 
REQUEST		request_34	1623690946776	1623690947084	OK	 
REQUEST		home-bar.css	1623690946770	1623690947087	OK	 
REQUEST		space.gif	1623690947005	1623690947096	OK	 
REQUEST		request_32	1623690946773	1623690947138	OK	 
REQUEST		uolStyle.css	1623690946769	1623690947140	OK	 
REQUEST		request_1	1623690947070	1623690947152	OK	 
REQUEST		request_2	1623690947082	1623690947160	OK	 
REQUEST		request_3	1623690947089	1623690947162	OK	 
REQUEST		request_6	1623690947098	1623690947192	OK	 
REQUEST		request_35	1623690946776	1623690947210	OK	 
REQUEST		request_7	1623690947142	1623690947214	OK	 
REQUEST		request_8	1623690947153	1623690947229	OK	 
REQUEST		request_31	1623690946771	1623690947233	OK	 
REQUEST		request_39	1623690947139	1623690947239	OK	 
REQUEST		request_33	1623690946775	1623690947250	OK	 
REQUEST		request_36	1623690946776	1623690947261	OK	 
REQUEST		jquery-3.3.1.slim.min.js	1623690946770	1623690947268	OK	 
REQUEST		request_13	1623690947215	1623690947293	OK	 
REQUEST		request_9	1623690947161	1623690947301	OK	 
REQUEST		request_12	1623690947194	1623690947304	OK	 
REQUEST		request_14	1623690947230	1623690947310	OK	 
REQUEST		request_38	1623690947085	1623690947312	OK	 
REQUEST		request_40	1623690947212	1623690947326	OK	 
REQUEST		request_16	1623690947269	1623690947338	OK	 
REQUEST		request_10	1623690947164	1623690947364	OK	 
REQUEST		request_37	1623690946777	1623690947366	OK	 
REQUEST		request_17	1623690947294	1623690947367	OK	 
REQUEST		request_18	1623690947303	1623690947383	OK	 
REQUEST		request_20	1623690947311	1623690947384	OK	 
REQUEST		request_19	1623690947305	1623690947389	OK	 
REQUEST		request_21	1623690947339	1623690947413	OK	 
REQUEST		request_22	1623690947365	1623690947445	OK	 
REQUEST		request_25	1623690947385	1623690947453	OK	 
REQUEST		request_24	1623690947384	1623690947462	OK	 
REQUEST		request_28	1623690947414	1623690947487	OK	 
REQUEST		request_29	1623690947446	1623690947518	OK	 
REQUEST		request_30	1623690947454	1623690947531	OK	 
REQUEST		request_23	1623690947367	1623690947759	OK	 
REQUEST		request_26	1623690947389	1623690947827	OK	 
USER	signin	END	1623690947841
