RUN	Optum.Framework.OptumSim	optumsim	1620854193974	 	3.5.1
USER	Users_1	START	1620854195496
REQUEST	Scen_1,Login	BasePage	1620854195512	1620854195823	OK	 
REQUEST	Scen_1,Login	BasePage_1	1620854195838	1620854195929	OK	 
REQUEST	Scen_1,Login	BasePage_2	1620854195931	1620854196015	OK	 
REQUEST	Scen_1,Login	BasePage_3	1620854196016	1620854196124	OK	 
REQUEST	Scen_1,Login	BasePage_4	1620854196125	1620854196213	OK	 
REQUEST	Scen_1,Login	BasePage_5	1620854196215	1620854197973	OK	 
GROUP	Scen_1,Login	1620854195499	1620854197974	2440	OK
REQUEST	Scen_1,SearchByActiveMember	Select_SearchByActiveMember	1620854198983	1620854199156	OK	 
GROUP	Scen_1,SearchByActiveMember	1620854198982	1620854199156	173	OK
REQUEST	Scen_1,SearchMembers	request_2	1620854201197	1620854202068	OK	 
REQUEST	Scen_1,SearchMembers	request_3	1620854202069	1620854203093	OK	 
GROUP	Scen_1,SearchMembers	1620854201195	1620854203094	1895	OK
REQUEST	Scen_1,Search3	Search_3	1620854205745	1620854206471	OK	 
GROUP	Scen_1,Search3	1620854205744	1620854206471	726	OK
REQUEST	Scen_1,SearchByActiveMember	Select_SearchByActiveMember	1620854209123	1620854209484	OK	 
GROUP	Scen_1,SearchByActiveMember	1620854209123	1620854209484	361	OK
REQUEST	Scen_1,SearchMembers	request_2	1620854211914	1620854212717	OK	 
REQUEST	Scen_1,SearchMembers	request_3	1620854212717	1620854213731	OK	 
GROUP	Scen_1,SearchMembers	1620854211913	1620854213731	1817	OK
REQUEST	Scen_1,Search3	Search_3	1620854216230	1620854216726	OK	 
GROUP	Scen_1,Search3	1620854216229	1620854216727	496	OK
REQUEST	Scen_1,SearchByActiveMember	Select_SearchByActiveMember	1620854219083	1620854219460	OK	 
GROUP	Scen_1,SearchByActiveMember	1620854219082	1620854219460	377	OK
REQUEST	Scen_1,SearchMembers	request_2	1620854221471	1620854222260	OK	 
REQUEST	Scen_1,SearchMembers	request_3	1620854222261	1620854223470	OK	 
GROUP	Scen_1,SearchMembers	1620854221470	1620854223470	1998	OK
REQUEST	Scen_1,Search3	Search_3	1620854226006	1620854226543	OK	 
GROUP	Scen_1,Search3	1620854226005	1620854226543	537	OK
REQUEST	Scen_1,SearchByActiveMember	Select_SearchByActiveMember	1620854229512	1620854229917	OK	 
GROUP	Scen_1,SearchByActiveMember	1620854229511	1620854229917	405	OK
REQUEST	Scen_1,SearchMembers	request_2	1620854232429	1620854233300	OK	 
REQUEST	Scen_1,SearchMembers	request_3	1620854233301	1620854234426	OK	 
GROUP	Scen_1,SearchMembers	1620854232428	1620854234426	1996	OK
REQUEST	Scen_1,Search3	Search_3	1620854236510	1620854237088	OK	 
GROUP	Scen_1,Search3	1620854236509	1620854237088	578	OK
REQUEST	Scen_1,SearchByActiveMember	Select_SearchByActiveMember	1620854239279	1620854239414	OK	 
GROUP	Scen_1,SearchByActiveMember	1620854239278	1620854239414	135	OK
REQUEST	Scen_1,SearchMembers	request_2	1620854241524	1620854242610	OK	 
REQUEST	Scen_1,SearchMembers	request_3	1620854242611	1620854243425	OK	 
GROUP	Scen_1,SearchMembers	1620854241523	1620854243425	1900	OK
REQUEST	Scen_1,Search3	Search_3	1620854246386	1620854247124	OK	 
GROUP	Scen_1,Search3	1620854246386	1620854247125	738	OK
REQUEST	Scen_1,SearchByActiveMember	Select_SearchByActiveMember	1620854250073	1620854250502	OK	 
GROUP	Scen_1,SearchByActiveMember	1620854250072	1620854250503	429	OK
REQUEST	Scen_1,SearchMembers	request_2	1620854252879	1620854253782	OK	 
REQUEST	Scen_1,SearchMembers	request_3	1620854253783	1620854254850	OK	 
GROUP	Scen_1,SearchMembers	1620854252878	1620854254851	1970	OK
REQUEST	Scen_1,Search3	Search_3	1620854257769	1620854258384	OK	 
GROUP	Scen_1,Search3	1620854257768	1620854258385	615	OK
REQUEST	Scen_1,SearchByActiveMember	Select_SearchByActiveMember	1620854261195	1620854261594	OK	 
GROUP	Scen_1,SearchByActiveMember	1620854261194	1620854261594	399	OK
REQUEST	Scen_1,SearchMembers	request_2	1620854263928	1620854264742	OK	 
REQUEST	Scen_1,SearchMembers	request_3	1620854264743	1620854265658	OK	 
GROUP	Scen_1,SearchMembers	1620854263927	1620854265658	1729	OK
REQUEST	Scen_1,Search3	Search_3	1620854268156	1620854268628	OK	 
GROUP	Scen_1,Search3	1620854268155	1620854268628	472	OK
REQUEST	Scen_1,SearchByActiveMember	Select_SearchByActiveMember	1620854271255	1620854271437	OK	 
GROUP	Scen_1,SearchByActiveMember	1620854271254	1620854271437	182	OK
REQUEST	Scen_1,SearchMembers	request_2	1620854273702	1620854274567	OK	 
REQUEST	Scen_1,SearchMembers	request_3	1620854274568	1620854275386	OK	 
GROUP	Scen_1,SearchMembers	1620854273701	1620854275386	1683	OK
REQUEST	Scen_1,Search3	Search_3	1620854278102	1620854278560	OK	 
GROUP	Scen_1,Search3	1620854278101	1620854278561	458	OK
REQUEST	Scen_1,SearchByActiveMember	Select_SearchByActiveMember	1620854280895	1620854281427	OK	 
GROUP	Scen_1,SearchByActiveMember	1620854280894	1620854281427	532	OK
REQUEST	Scen_1,SearchMembers	request_2	1620854283506	1620854284258	OK	 
REQUEST	Scen_1,SearchMembers	request_3	1620854284259	1620854285114	OK	 
GROUP	Scen_1,SearchMembers	1620854283505	1620854285114	1607	OK
REQUEST	Scen_1,Search3	Search_3	1620854287571	1620854288049	OK	 
GROUP	Scen_1,Search3	1620854287570	1620854288049	478	OK
REQUEST	Scen_1,SearchByActiveMember	Select_SearchByActiveMember	1620854290579	1620854291291	OK	 
GROUP	Scen_1,SearchByActiveMember	1620854290579	1620854291291	712	OK
REQUEST	Scen_1,SearchMembers	request_2	1620854293891	1620854294941	OK	 
REQUEST	Scen_1,SearchMembers	request_3	1620854294942	1620854295765	OK	 
GROUP	Scen_1,SearchMembers	1620854293890	1620854295765	1873	OK
REQUEST	Scen_1,Search3	Search_3	1620854298520	1620854298954	OK	 
GROUP	Scen_1,Search3	1620854298519	1620854298954	434	OK
REQUEST	Scen_1,Search3	Search_3	1620854301791	1620854302522	OK	 
GROUP	Scen_1,Search3	1620854301790	1620854302522	731	OK
GROUP	Scen_1	1620854195499	1620854303527	30876	OK
USER	Users_1	END	1620854303530
