RUN	JJ.Framework.JJSim	jjsim	1622661079653	JJ.Framework.JJSim-SIMULATION_1_1:SIMULATION_2_1:SIMULATION_3_1:SIMULATION_4_0:Iterations_3	3.5.1
USER	Users_1	START	1622661081055
USER	Users_2	START	1622661081055
USER	Users_3	START	1622661081055
REQUEST	TIN,TIN	TIN_391139101	1622661081080	1622661086444	KO	status.find.in(200,201,202,203,204,205,206,207,208,209,304), found 500
GROUP	TIN,TIN	1622661081061	1622661086463	5364	KO
REQUEST	NPI,NPI	NPI_1245318229	1622661081080	1622661086614	OK	 
GROUP	NPI,NPI	1622661081061	1622661086630	5534	OK
REQUEST	LName,LN	LName_Smith	1622661081080	1622661086941	KO	status.find.in(200,201,202,203,204,205,206,207,208,209,304), found 500
GROUP	LName,LN	1622661081061	1622661086941	5861	KO
GROUP	TIN	1622661081058	1622661087469	5364	KO
GROUP	NPI	1622661081058	1622661088000	5534	OK
GROUP	LName	1622661081058	1622661088115	5861	KO
REQUEST	TIN,TIN	TIN_391139101	1622661087474	1622661088344	KO	status.find.in(200,201,202,203,204,205,206,207,208,209,304), found 500
GROUP	TIN,TIN	1622661087472	1622661088345	870	KO
REQUEST	NPI,NPI	NPI_1821049651	1622661088001	1622661088414	OK	 
GROUP	NPI,NPI	1622661088000	1622661088415	413	OK
REQUEST	LName,LN	LName_Jones	1622661088116	1622661088783	KO	status.find.in(200,201,202,203,204,205,206,207,208,209,304), found 500
GROUP	LName,LN	1622661088116	1622661088783	667	KO
GROUP	TIN	1622661087470	1622661089787	870	KO
GROUP	NPI	1622661088000	1622661089850	413	OK
REQUEST	NPI,NPI	NPI_1114976883	1622661089851	1622661090122	KO	status.find.in(200,201,202,203,204,205,206,207,208,209,304), found 500
GROUP	NPI,NPI	1622661089850	1622661090123	271	KO
REQUEST	TIN,TIN	TIN_391139101	1622661089789	1622661090422	KO	status.find.in(200,201,202,203,204,205,206,207,208,209,304), found 500
GROUP	TIN,TIN	1622661089788	1622661090423	633	KO
GROUP	LName	1622661088116	1622661090459	667	KO
REQUEST	LName,LN	LName_Rogers	1622661090461	1622661090745	KO	status.find.in(200,201,202,203,204,205,206,207,208,209,304), found 500
GROUP	LName,LN	1622661090460	1622661090746	284	KO
GROUP	NPI	1622661089850	1622661091171	271	KO
USER	Users_1	END	1622661091174
GROUP	TIN	1622661089788	1622661091624	633	KO
USER	Users_2	END	1622661091625
GROUP	LName	1622661090459	1622661092382	284	KO
USER	Users_3	END	1622661092383
