RUN	Optum.Framework.OptumSim	optumsim	1620856128387	 	3.5.1
USER	Users_1	START	1620856129866
REQUEST	Scen_1,Login	BasePage	1620856129885	1620856130189	OK	 
REQUEST	Scen_1,Login	BasePage_1	1620856130206	1620856130298	OK	 
REQUEST	Scen_1,Login	BasePage_2	1620856130305	1620856130425	OK	 
REQUEST	Scen_1,Login	BasePage_3	1620856130426	1620856130931	OK	 
REQUEST	Scen_1,Login	BasePage_4	1620856130932	1620856131005	OK	 
REQUEST	Scen_1,Login	BasePage_5	1620856131006	1620856132733	OK	 
GROUP	Scen_1,Login	1620856129870	1620856132735	2821	OK
REQUEST	Scen_1,SearchByActiveMember	Select_SearchByActiveMember	1620856133738	1620856134780	OK	 
GROUP	Scen_1,SearchByActiveMember	1620856133738	1620856134781	1042	OK
REQUEST	Scen_1,SearchMembers	request_2	1620856137329	1620856138158	OK	 
REQUEST	Scen_1,SearchMembers	request_3	1620856138159	1620856139203	OK	 
GROUP	Scen_1,SearchMembers	1620856137328	1620856139203	1873	OK
REQUEST	Scen_1,Search3	Search_3	1620856141346	1620856141846	OK	 
GROUP	Scen_1,Search3	1620856141346	1620856141847	500	OK
REQUEST	Scen_1,SearchByActiveMember	Select_SearchByActiveMember	1620856144639	1620856144902	OK	 
GROUP	Scen_1,SearchByActiveMember	1620856144639	1620856144903	263	OK
REQUEST	Scen_1,SearchMembers	request_2	1620856146984	1620856147753	OK	 
REQUEST	Scen_1,SearchMembers	request_3	1620856147754	1620856148708	OK	 
GROUP	Scen_1,SearchMembers	1620856146984	1620856148709	1723	OK
REQUEST	Scen_1,Search3	Search_3	1620856151388	1620856151980	OK	 
GROUP	Scen_1,Search3	1620856151387	1620856151980	592	OK
REQUEST	Scen_1,SearchByActiveMember	Select_SearchByActiveMember	1620856154060	1620856154202	OK	 
GROUP	Scen_1,SearchByActiveMember	1620856154060	1620856154203	142	OK
REQUEST	Scen_1,SearchMembers	request_2	1620856156832	1620856157718	OK	 
REQUEST	Scen_1,SearchMembers	request_3	1620856157720	1620856158530	OK	 
GROUP	Scen_1,SearchMembers	1620856156832	1620856158531	1696	OK
REQUEST	Scen_1,Search3	Search_3	1620856160943	1620856161712	OK	 
GROUP	Scen_1,Search3	1620856160942	1620856161713	769	OK
REQUEST	Scen_1,SearchByActiveMember	Select_SearchByActiveMember	1620856164056	1620856164433	OK	 
GROUP	Scen_1,SearchByActiveMember	1620856164055	1620856164433	377	OK
REQUEST	Scen_1,SearchMembers	request_2	1620856166612	1620856167386	OK	 
REQUEST	Scen_1,SearchMembers	request_3	1620856167387	1620856168368	OK	 
GROUP	Scen_1,SearchMembers	1620856166611	1620856168369	1755	OK
REQUEST	Scen_1,Search3	Search_3	1620856170422	1620856170852	OK	 
GROUP	Scen_1,Search3	1620856170421	1620856170852	430	OK
REQUEST	Scen_1,SearchByActiveMember	Select_SearchByActiveMember	1620856173750	1620856173901	OK	 
GROUP	Scen_1,SearchByActiveMember	1620856173749	1620856173901	151	OK
REQUEST	Scen_1,SearchMembers	request_2	1620856176403	1620856177380	OK	 
REQUEST	Scen_1,SearchMembers	request_3	1620856177381	1620856178199	OK	 
GROUP	Scen_1,SearchMembers	1620856176402	1620856178199	1795	OK
REQUEST	Scen_1,Search3	Search_3	1620856180299	1620856180799	OK	 
GROUP	Scen_1,Search3	1620856180298	1620856180800	500	OK
REQUEST	Scen_1,SearchByActiveMember	Select_SearchByActiveMember	1620856183757	1620856184125	OK	 
GROUP	Scen_1,SearchByActiveMember	1620856183756	1620856184125	368	OK
REQUEST	Scen_1,SearchMembers	request_2	1620856186966	1620856187827	OK	 
REQUEST	Scen_1,SearchMembers	request_3	1620856187828	1620856188645	OK	 
GROUP	Scen_1,SearchMembers	1620856186965	1620856188646	1678	OK
REQUEST	Scen_1,Search3	Search_3	1620856191043	1620856191718	OK	 
GROUP	Scen_1,Search3	1620856191042	1620856191719	675	OK
REQUEST	Scen_1,SearchByActiveMember	Select_SearchByActiveMember	1620856194448	1620856194610	OK	 
GROUP	Scen_1,SearchByActiveMember	1620856194448	1620856194611	162	OK
REQUEST	Scen_1,SearchMembers	request_2	1620856197546	1620856198522	OK	 
REQUEST	Scen_1,SearchMembers	request_3	1620856198523	1620856199300	OK	 
GROUP	Scen_1,SearchMembers	1620856197545	1620856199301	1753	OK
REQUEST	Scen_1,Search3	Search_3	1620856201789	1620856202262	OK	 
GROUP	Scen_1,Search3	1620856201789	1620856202263	473	OK
REQUEST	Scen_1,SearchByActiveMember	Select_SearchByActiveMember	1620856205077	1620856205224	OK	 
GROUP	Scen_1,SearchByActiveMember	1620856205077	1620856205225	147	OK
REQUEST	Scen_1,SearchMembers	request_2	1620856208150	1620856209021	OK	 
REQUEST	Scen_1,SearchMembers	request_3	1620856209022	1620856209840	OK	 
GROUP	Scen_1,SearchMembers	1620856208150	1620856209840	1689	OK
REQUEST	Scen_1,Search3	Search_3	1620856211998	1620856212501	OK	 
GROUP	Scen_1,Search3	1620856211998	1620856212501	503	OK
REQUEST	Scen_1,SearchByActiveMember	Select_SearchByActiveMember	1620856214828	1620856214972	OK	 
GROUP	Scen_1,SearchByActiveMember	1620856214827	1620856214973	144	OK
REQUEST	Scen_1,SearchMembers	request_2	1620856217477	1620856218545	OK	 
REQUEST	Scen_1,SearchMembers	request_3	1620856218546	1620856219367	OK	 
GROUP	Scen_1,SearchMembers	1620856217477	1620856219368	1889	OK
REQUEST	Scen_1,Search3	Search_3	1620856221634	1620856222082	OK	 
GROUP	Scen_1,Search3	1620856221634	1620856222082	448	OK
REQUEST	Scen_1,SearchByActiveMember	Select_SearchByActiveMember	1620856224648	1620856224783	OK	 
GROUP	Scen_1,SearchByActiveMember	1620856224648	1620856224783	135	OK
REQUEST	Scen_1,SearchMembers	request_2	1620856226871	1620856227964	OK	 
REQUEST	Scen_1,SearchMembers	request_3	1620856227965	1620856228781	OK	 
GROUP	Scen_1,SearchMembers	1620856226870	1620856228782	1909	OK
REQUEST	Scen_1,Search3	Search_3	1620856231211	1620856231756	OK	 
GROUP	Scen_1,Search3	1620856231210	1620856231757	545	OK
REQUEST	Scen_1,Search3	Search_3	1620856234265	1620856235030	OK	 
GROUP	Scen_1,Search3	1620856234264	1620856235031	765	OK
GROUP	Scen_1	1620856129869	1620856236035	29712	OK
USER	Users_1	END	1620856236037
