RUN	JJ.Framework.JJSim	jjsim	1622755377214	JJ.Framework.JJSim-SIMULATION_1_0:SIMULATION_2_2:SIMULATION_3_0:SIMULATION_4_:Iterations_150	3.5.1
USER	Users_2	START	1622755378782
USER	Users_2	START	1622755378782
REQUEST	TIN_Control,TIN	TIN_391139101	1622755378805	1622755388189	OK	 
GROUP	TIN_Control,TIN	1622755378787	1622755388215	9384	OK
REQUEST	TIN_Control,TIN	TIN_391139101	1622755378805	1622755388466	OK	 
GROUP	TIN_Control,TIN	1622755378787	1622755388469	9661	OK
GROUP	TIN_Control	1622755378785	1622755389222	9384	OK
GROUP	TIN_Control	1622755378785	1622755389474	9661	OK
REQUEST	TIN_Control,TIN	TIN_391139101	1622755389227	1622755393107	OK	 
GROUP	TIN_Control,TIN	1622755389224	1622755393109	3880	OK
REQUEST	TIN_Control,TIN	TIN_391139101	1622755389475	1622755393831	OK	 
GROUP	TIN_Control,TIN	1622755389474	1622755393833	4356	OK
GROUP	TIN_Control	1622755389223	1622755394114	3880	OK
GROUP	TIN_Control	1622755389474	1622755394837	4356	OK
REQUEST	TIN_Control,TIN	TIN_391139101	1622755394115	1622755398437	OK	 
GROUP	TIN_Control,TIN	1622755394114	1622755398439	4322	OK
REQUEST	TIN_Control,TIN	TIN_391139101	1622755394839	1622755399213	OK	 
GROUP	TIN_Control,TIN	1622755394838	1622755399214	4374	OK
GROUP	TIN_Control	1622755394114	1622755399445	4322	OK
GROUP	TIN_Control	1622755394837	1622755400217	4374	OK
REQUEST	TIN_Control,TIN	TIN_391139101	1622755399447	1622755403243	OK	 
GROUP	TIN_Control,TIN	1622755399446	1622755403244	3796	OK
GROUP	TIN_Control	1622755399445	1622755404249	3796	OK
REQUEST	TIN_Control,TIN	TIN_391139101	1622755400218	1622755404638	OK	 
GROUP	TIN_Control,TIN	1622755400218	1622755404642	4420	OK
GROUP	TIN_Control	1622755400217	1622755405643	4420	OK
REQUEST	TIN_Control,TIN	TIN_391139101	1622755404250	1622755408143	OK	 
GROUP	TIN_Control,TIN	1622755404249	1622755408145	3893	OK
GROUP	TIN_Control	1622755404249	1622755409151	3893	OK
REQUEST	TIN_Control,TIN	TIN_391139101	1622755405644	1622755410264	OK	 
GROUP	TIN_Control,TIN	1622755405644	1622755410266	4620	OK
GROUP	TIN_Control	1622755405643	1622755411268	4620	OK
REQUEST	TIN_Control,TIN	TIN_391139101	1622755409152	1622755413163	OK	 
GROUP	TIN_Control,TIN	1622755409151	1622755413165	4011	OK
GROUP	TIN_Control	1622755409151	1622755414170	4011	OK
REQUEST	TIN_Control,TIN	TIN_391139101	1622755411269	1622755414788	OK	 
GROUP	TIN_Control,TIN	1622755411268	1622755414791	3519	OK
GROUP	TIN_Control	1622755411268	1622755415794	3519	OK
REQUEST	TIN_Control,TIN	TIN_391139101	1622755414171	1622755417684	OK	 
GROUP	TIN_Control,TIN	1622755414171	1622755417686	3513	OK
GROUP	TIN_Control	1622755414170	1622755418690	3513	OK
REQUEST	TIN_Control,TIN	TIN_391139101	1622755415796	1622755420147	OK	 
GROUP	TIN_Control,TIN	1622755415795	1622755420149	4351	OK
GROUP	TIN_Control	1622755415795	1622755421156	4351	OK
REQUEST	TIN_Control,TIN	TIN_391139101	1622755418691	1622755422284	OK	 
GROUP	TIN_Control,TIN	1622755418690	1622755422286	3593	OK
GROUP	TIN_Control	1622755418690	1622755423291	3593	OK
REQUEST	TIN_Control,TIN	TIN_391139101	1622755421157	1622755424454	OK	 
GROUP	TIN_Control,TIN	1622755421156	1622755424457	3297	OK
GROUP	TIN_Control	1622755421156	1622755425462	3297	OK
REQUEST	TIN_Control,TIN	TIN_391139101	1622755423293	1622755426696	OK	 
GROUP	TIN_Control,TIN	1622755423292	1622755426698	3403	OK
GROUP	TIN_Control	1622755423292	1622755427703	3403	OK
REQUEST	TIN_Control,TIN	TIN_391139101	1622755425464	1622755429152	OK	 
GROUP	TIN_Control,TIN	1622755425463	1622755429154	3688	OK
GROUP	TIN_Control	1622755425462	1622755430155	3688	OK
REQUEST	TIN_Control,TIN	TIN_391139101	1622755427705	1622755430894	OK	 
GROUP	TIN_Control,TIN	1622755427704	1622755430896	3189	OK
GROUP	TIN_Control	1622755427703	1622755431901	3189	OK
REQUEST	TIN_Control,TIN	TIN_391139101	1622755430156	1622755433448	OK	 
GROUP	TIN_Control,TIN	1622755430156	1622755433450	3292	OK
GROUP	TIN_Control	1622755430155	1622755434456	3292	OK
REQUEST	TIN_Control,TIN	TIN_391139101	1622755431902	1622755434993	OK	 
GROUP	TIN_Control,TIN	1622755431902	1622755434995	3091	OK
REQUEST	TIN_Control,TIN	TIN_396005720	1622755434457	1622755435824	OK	 
GROUP	TIN_Control,TIN	1622755434456	1622755435825	1367	OK
GROUP	TIN_Control	1622755431901	1622755435998	3091	OK
GROUP	TIN_Control	1622755434456	1622755436831	1367	OK
REQUEST	TIN_Control,TIN	TIN_391139101	1622755436000	1622755439402	OK	 
GROUP	TIN_Control,TIN	1622755435999	1622755439403	3402	OK
GROUP	TIN_Control	1622755435998	1622755440405	3402	OK
REQUEST	TIN_Control,TIN	TIN_201801426	1622755440407	1622755441054	OK	 
GROUP	TIN_Control,TIN	1622755440406	1622755441057	647	OK
REQUEST	TIN_Control,TIN	TIN_391139101	1622755436832	1622755441081	OK	 
GROUP	TIN_Control,TIN	1622755436831	1622755441082	4249	OK
GROUP	TIN_Control	1622755440405	1622755442062	647	OK
GROUP	TIN_Control	1622755436831	1622755442084	4249	OK
REQUEST	TIN_Control,TIN	TIN_391139101	1622755442085	1622755445231	OK	 
GROUP	TIN_Control,TIN	1622755442084	1622755445233	3146	OK
REQUEST	TIN_Control,TIN	TIN_391139101	1622755442064	1622755445842	OK	 
GROUP	TIN_Control,TIN	1622755442063	1622755445844	3778	OK
GROUP	TIN_Control	1622755442084	1622755446234	3146	OK
GROUP	TIN_Control	1622755442063	1622755446845	3778	OK
REQUEST	TIN_Control,TIN	TIN_391139101	1622755446235	1622755449732	OK	 
GROUP	TIN_Control,TIN	1622755446234	1622755449733	3497	OK
REQUEST	TIN_Control,TIN	TIN_391139101	1622755446847	1622755449735	OK	 
GROUP	TIN_Control,TIN	1622755446846	1622755449736	2888	OK
GROUP	TIN_Control	1622755446234	1622755450735	3497	OK
GROUP	TIN_Control	1622755446846	1622755450737	2888	OK
REQUEST	TIN_Control,TIN	TIN_391139101	1622755450737	1622755453822	OK	 
GROUP	TIN_Control,TIN	1622755450736	1622755453825	3085	OK
REQUEST	TIN_Control,TIN	TIN_391139101	1622755450738	1622755454449	OK	 
GROUP	TIN_Control,TIN	1622755450737	1622755454451	3711	OK
GROUP	TIN_Control	1622755450736	1622755454827	3085	OK
GROUP	TIN_Control	1622755450737	1622755455453	3711	OK
REQUEST	TIN_Control,TIN	TIN_391139101	1622755454828	1622755457897	OK	 
GROUP	TIN_Control,TIN	1622755454828	1622755457899	3069	OK
REQUEST	TIN_Control,TIN	TIN_391139101	1622755455454	1622755458395	OK	 
GROUP	TIN_Control,TIN	1622755455454	1622755458397	2941	OK
GROUP	TIN_Control	1622755454827	1622755458904	3069	OK
GROUP	TIN_Control	1622755455453	1622755459403	2941	OK
REQUEST	TIN_Control,TIN	TIN_391139101	1622755458905	1622755462840	OK	 
GROUP	TIN_Control,TIN	1622755458904	1622755462842	3935	OK
REQUEST	TIN_Control,TIN	TIN_391139101	1622755459404	1622755462930	OK	 
GROUP	TIN_Control,TIN	1622755459403	1622755462932	3526	OK
GROUP	TIN_Control	1622755458904	1622755463843	3935	OK
GROUP	TIN_Control	1622755459403	1622755463932	3526	OK
REQUEST	TIN_Control,TIN	TIN_391139101	1622755463933	1622755467145	OK	 
GROUP	TIN_Control,TIN	1622755463933	1622755467146	3212	OK
REQUEST	TIN_Control,TIN	TIN_391139101	1622755463845	1622755467523	OK	 
GROUP	TIN_Control,TIN	1622755463844	1622755467524	3678	OK
GROUP	TIN_Control	1622755463932	1622755468152	3212	OK
GROUP	TIN_Control	1622755463844	1622755468526	3678	OK
REQUEST	TIN_Control,TIN	TIN_391139101	1622755468153	1622755471948	OK	 
GROUP	TIN_Control,TIN	1622755468152	1622755471950	3795	OK
GROUP	TIN_Control	1622755468152	1622755472955	3795	OK
REQUEST	TIN_Control,TIN	TIN_391139101	1622755468527	1622755473188	OK	 
GROUP	TIN_Control,TIN	1622755468526	1622755473190	4661	OK
GROUP	TIN_Control	1622755468526	1622755474192	4661	OK
REQUEST	TIN_Control,TIN	TIN_391139101	1622755472956	1622755476249	OK	 
GROUP	TIN_Control,TIN	1622755472955	1622755476251	3293	OK
GROUP	TIN_Control	1622755472955	1622755477254	3293	OK
REQUEST	TIN_Control,TIN	TIN_391139101	1622755474193	1622755477590	OK	 
GROUP	TIN_Control,TIN	1622755474193	1622755477591	3397	OK
GROUP	TIN_Control	1622755474192	1622755478592	3397	OK
REQUEST	TIN_Control,TIN	TIN_391139101	1622755477255	1622755480658	OK	 
GROUP	TIN_Control,TIN	1622755477255	1622755480659	3403	OK
GROUP	TIN_Control	1622755477254	1622755481660	3403	OK
REQUEST	TIN_Control,TIN	TIN_391139101	1622755478593	1622755481982	OK	 
GROUP	TIN_Control,TIN	1622755478593	1622755481983	3389	OK
GROUP	TIN_Control	1622755478592	1622755482984	3389	OK
REQUEST	TIN_Control,TIN	TIN_391139101	1622755481661	1622755484651	OK	 
GROUP	TIN_Control,TIN	1622755481660	1622755484653	2990	OK
GROUP	TIN_Control	1622755481660	1622755485657	2990	OK
REQUEST	TIN_Control,TIN	TIN_391139101	1622755482985	1622755486096	OK	 
GROUP	TIN_Control,TIN	1622755482985	1622755486099	3111	OK
GROUP	TIN_Control	1622755482984	1622755487099	3111	OK
REQUEST	TIN_Control,TIN	TIN_391139101	1622755485658	1622755488649	OK	 
GROUP	TIN_Control,TIN	1622755485657	1622755488650	2991	OK
GROUP	TIN_Control	1622755485657	1622755489655	2991	OK
REQUEST	TIN_Control,TIN	TIN_391139101	1622755487100	1622755490066	OK	 
GROUP	TIN_Control,TIN	1622755487100	1622755490068	2966	OK
GROUP	TIN_Control	1622755487100	1622755491070	2966	OK
REQUEST	TIN_Control,TIN	TIN_391139101	1622755489656	1622755492743	OK	 
GROUP	TIN_Control,TIN	1622755489655	1622755492745	3087	OK
GROUP	TIN_Control	1622755489655	1622755493746	3087	OK
REQUEST	TIN_Control,TIN	TIN_396005720	1622755491072	1622755494712	OK	 
GROUP	TIN_Control,TIN	1622755491071	1622755494713	3640	OK
GROUP	TIN_Control	1622755491070	1622755495714	3640	OK
REQUEST	TIN_Control,TIN	TIN_391139101	1622755493747	1622755498914	OK	 
GROUP	TIN_Control,TIN	1622755493746	1622755498915	5167	OK
REQUEST	TIN_Control,TIN	TIN_391139101	1622755495715	1622755499037	OK	 
GROUP	TIN_Control,TIN	1622755495714	1622755499038	3322	OK
GROUP	TIN_Control	1622755493746	1622755499919	5167	OK
GROUP	TIN_Control	1622755495714	1622755500044	3322	OK
REQUEST	TIN_Control,TIN	TIN_201801426	1622755499920	1622755500256	OK	 
GROUP	TIN_Control,TIN	1622755499920	1622755500257	336	OK
GROUP	TIN_Control	1622755499919	1622755501259	336	OK
REQUEST	TIN_Control,TIN	TIN_391139101	1622755500045	1622755503318	OK	 
GROUP	TIN_Control,TIN	1622755500044	1622755503319	3273	OK
GROUP	TIN_Control	1622755500044	1622755504324	3273	OK
REQUEST	TIN_Control,TIN	TIN_391139101	1622755501261	1622755505020	OK	 
GROUP	TIN_Control,TIN	1622755501260	1622755505021	3759	OK
GROUP	TIN_Control	1622755501259	1622755506022	3759	OK
REQUEST	TIN_Control,TIN	TIN_391139101	1622755504326	1622755507388	OK	 
GROUP	TIN_Control,TIN	1622755504325	1622755507390	3062	OK
GROUP	TIN_Control	1622755504325	1622755508392	3062	OK
REQUEST	TIN_Control,TIN	TIN_391139101	1622755506024	1622755510133	OK	 
GROUP	TIN_Control,TIN	1622755506023	1622755510135	4109	OK
GROUP	TIN_Control	1622755506023	1622755511138	4109	OK
REQUEST	TIN_Control,TIN	TIN_391139101	1622755508393	1622755511571	OK	 
GROUP	TIN_Control,TIN	1622755508392	1622755511572	3178	OK
GROUP	TIN_Control	1622755508392	1622755512576	3178	OK
REQUEST	TIN_Control,TIN	TIN_391139101	1622755511139	1622755514696	OK	 
GROUP	TIN_Control,TIN	1622755511139	1622755514698	3557	OK
GROUP	TIN_Control	1622755511138	1622755515701	3557	OK
REQUEST	TIN_Control,TIN	TIN_391139101	1622755512578	1622755515985	OK	 
GROUP	TIN_Control,TIN	1622755512577	1622755515987	3407	OK
GROUP	TIN_Control	1622755512576	1622755516988	3407	OK
REQUEST	TIN_Control,TIN	TIN_391139101	1622755516989	1622755520127	OK	 
GROUP	TIN_Control,TIN	1622755516989	1622755520128	3138	OK
REQUEST	TIN_Control,TIN	TIN_391139101	1622755515702	1622755520213	OK	 
GROUP	TIN_Control,TIN	1622755515701	1622755520214	4511	OK
GROUP	TIN_Control	1622755516988	1622755521130	3138	OK
GROUP	TIN_Control	1622755515701	1622755521215	4511	OK
REQUEST	TIN_Control,TIN	TIN_391139101	1622755521216	1622755524610	OK	 
GROUP	TIN_Control,TIN	1622755521215	1622755524612	3394	OK
GROUP	TIN_Control	1622755521215	1622755525615	3394	OK
REQUEST	TIN_Control,TIN	TIN_391139101	1622755521132	1622755525821	OK	 
GROUP	TIN_Control,TIN	1622755521131	1622755525822	4689	OK
GROUP	TIN_Control	1622755521131	1622755526824	4689	OK
REQUEST	TIN_Control,TIN	TIN_391139101	1622755525616	1622755529690	OK	 
GROUP	TIN_Control,TIN	1622755525616	1622755529692	4074	OK
REQUEST	TIN_Control,TIN	TIN_391139101	1622755526825	1622755530563	OK	 
GROUP	TIN_Control,TIN	1622755526824	1622755530566	3738	OK
GROUP	TIN_Control	1622755525615	1622755530693	4074	OK
GROUP	TIN_Control	1622755526824	1622755531571	3738	OK
REQUEST	TIN_Control,TIN	TIN_391139101	1622755530694	1622755533788	OK	 
GROUP	TIN_Control,TIN	1622755530693	1622755533790	3094	OK
GROUP	TIN_Control	1622755530693	1622755534796	3094	OK
REQUEST	TIN_Control,TIN	TIN_391139101	1622755531572	1622755534833	OK	 
GROUP	TIN_Control,TIN	1622755531571	1622755534834	3261	OK
GROUP	TIN_Control	1622755531571	1622755535836	3261	OK
REQUEST	TIN_Control,TIN	TIN_391139101	1622755534797	1622755538303	OK	 
GROUP	TIN_Control,TIN	1622755534796	1622755538305	3506	OK
REQUEST	TIN_Control,TIN	TIN_391139101	1622755535837	1622755538934	OK	 
GROUP	TIN_Control,TIN	1622755535837	1622755538935	3097	OK
GROUP	TIN_Control	1622755534796	1622755539310	3506	OK
GROUP	TIN_Control	1622755535836	1622755539937	3097	OK
REQUEST	TIN_Control,TIN	TIN_391139101	1622755539310	1622755543002	OK	 
GROUP	TIN_Control,TIN	1622755539310	1622755543004	3692	OK
REQUEST	TIN_Control,TIN	TIN_391139101	1622755539938	1622755543752	OK	 
GROUP	TIN_Control,TIN	1622755539937	1622755543754	3814	OK
GROUP	TIN_Control	1622755539310	1622755544005	3692	OK
GROUP	TIN_Control	1622755539937	1622755544755	3814	OK
REQUEST	TIN_Control,TIN	TIN_391139101	1622755544006	1622755547610	OK	 
GROUP	TIN_Control,TIN	1622755544005	1622755547612	3604	OK
REQUEST	TIN_Control,TIN	TIN_391139101	1622755544757	1622755547757	OK	 
GROUP	TIN_Control,TIN	1622755544756	1622755547758	3000	OK
GROUP	TIN_Control	1622755544005	1622755548615	3604	OK
GROUP	TIN_Control	1622755544756	1622755548763	3000	OK
REQUEST	TIN_Control,TIN	TIN_391139101	1622755548617	1622755553571	OK	 
GROUP	TIN_Control,TIN	1622755548616	1622755553574	4954	OK
REQUEST	TIN_Control,TIN	TIN_391139101	1622755548764	1622755553779	OK	 
GROUP	TIN_Control,TIN	1622755548764	1622755553781	5015	OK
GROUP	TIN_Control	1622755548616	1622755554580	4954	OK
GROUP	TIN_Control	1622755548764	1622755554784	5015	OK
REQUEST	TIN_Control,TIN	TIN_396005720	1622755554581	1622755556000	OK	 
GROUP	TIN_Control,TIN	1622755554580	1622755556001	1419	OK
GROUP	TIN_Control	1622755554580	1622755557002	1419	OK
REQUEST	TIN_Control,TIN	TIN_391139101	1622755554786	1622755558542	OK	 
GROUP	TIN_Control,TIN	1622755554785	1622755558543	3756	OK
GROUP	TIN_Control	1622755554785	1622755559547	3756	OK
REQUEST	TIN_Control,TIN	TIN_201801426	1622755559548	1622755559915	OK	 
GROUP	TIN_Control,TIN	1622755559547	1622755559916	367	OK
REQUEST	TIN_Control,TIN	TIN_391139101	1622755557003	1622755560809	OK	 
GROUP	TIN_Control,TIN	1622755557002	1622755560810	3806	OK
GROUP	TIN_Control	1622755559547	1622755560917	367	OK
GROUP	TIN_Control	1622755557002	1622755561815	3806	OK
REQUEST	TIN_Control,TIN	TIN_391139101	1622755560918	1622755564719	OK	 
GROUP	TIN_Control,TIN	1622755560917	1622755564721	3801	OK
REQUEST	TIN_Control,TIN	TIN_391139101	1622755561816	1622755565046	OK	 
GROUP	TIN_Control,TIN	1622755561816	1622755565047	3230	OK
GROUP	TIN_Control	1622755560917	1622755565722	3801	OK
GROUP	TIN_Control	1622755561815	1622755566053	3230	OK
REQUEST	TIN_Control,TIN	TIN_391139101	1622755565723	1622755568911	OK	 
GROUP	TIN_Control,TIN	1622755565722	1622755568912	3188	OK
GROUP	TIN_Control	1622755565722	1622755569916	3188	OK
REQUEST	TIN_Control,TIN	TIN_391139101	1622755566054	1622755569959	OK	 
GROUP	TIN_Control,TIN	1622755566054	1622755569961	3905	OK
GROUP	TIN_Control	1622755566053	1622755570966	3905	OK
REQUEST	TIN_Control,TIN	TIN_391139101	1622755569918	1622755573632	OK	 
GROUP	TIN_Control,TIN	1622755569917	1622755573634	3714	OK
REQUEST	TIN_Control,TIN	TIN_391139101	1622755570967	1622755574124	OK	 
GROUP	TIN_Control,TIN	1622755570967	1622755574126	3157	OK
GROUP	TIN_Control	1622755569917	1622755574637	3714	OK
GROUP	TIN_Control	1622755570966	1622755575130	3157	OK
REQUEST	TIN_Control,TIN	TIN_391139101	1622755574638	1622755578662	OK	 
GROUP	TIN_Control,TIN	1622755574637	1622755578664	4024	OK
REQUEST	TIN_Control,TIN	TIN_391139101	1622755575131	1622755579169	OK	 
GROUP	TIN_Control,TIN	1622755575130	1622755579170	4038	OK
GROUP	TIN_Control	1622755574637	1622755579665	4024	OK
GROUP	TIN_Control	1622755575130	1622755580171	4038	OK
REQUEST	TIN_Control,TIN	TIN_391139101	1622755579667	1622755583256	OK	 
GROUP	TIN_Control,TIN	1622755579666	1622755583257	3589	OK
REQUEST	TIN_Control,TIN	TIN_391139101	1622755580173	1622755584187	OK	 
GROUP	