RUN	BO.Framework.BOSim	bosim	1623697404414	 	3.5.1
USER	Users_1	START	1623697405873
REQUEST	LOGIN,LOGIN	LOGIN	1623697405902	1623697406623	OK	 
REQUEST	LOGIN,LOGIN	request_11	1623697406641	1623697406916	OK	 
REQUEST	LOGIN,LOGIN	request_12	1623697406921	1623697407023	OK	 
REQUEST	LOGIN,LOGIN	request_13	1623697407023	1623697407621	OK	 
REQUEST	LOGIN,LOGIN	request_14	1623697407622	1623697407687	OK	 
REQUEST	LOGIN,LOGIN	request_14 Redirect 1	1623697407689	1623697407788	OK	 
REQUEST	LOGIN,LOGIN	error-63062f7857.min.js	1623697407819	1623697408124	OK	 
REQUEST	LOGIN,LOGIN	favicon.ico	1623697407821	1623697408133	OK	 
REQUEST	LOGIN,LOGIN	consumer-optum3-b35069f230.css	1623697407820	1623697408134	OK	 
REQUEST	LOGIN,LOGIN	consumer-7acd47889c.css	1623697407820	1623697408200	OK	 
REQUEST	LOGIN,LOGIN	uitk-req-min-948de8930b.css	1623697407820	1623697408246	OK	 
REQUEST	LOGIN,LOGIN	lib-min-7e6d84b497.js	1623697407818	1623697408396	OK	 
REQUEST	LOGIN,LOGIN	request_19	1623697408399	1623697408889	OK	 
REQUEST	LOGIN,LOGIN	publicSector.js	1623697408895	1623697408968	OK	 
REQUEST	LOGIN,LOGIN	providerExpress_logo.gif	1623697408969	1623697409044	OK	 
REQUEST	LOGIN,LOGIN	loading.gif	1623697409044	1623697409124	OK	 
REQUEST	LOGIN,LOGIN	tabs.css	1623697408896	1623697409184	OK	 
REQUEST	LOGIN,LOGIN	space.gif	1623697409125	1623697409194	OK	 
REQUEST	LOGIN,LOGIN	home-bar.css	1623697408896	1623697409635	OK	 
REQUEST	LOGIN,LOGIN	sso.js	1623697408895	1623697409713	OK	 
REQUEST	LOGIN,LOGIN	uolStyle.css	1623697408896	1623697409893	OK	 
REQUEST	LOGIN,LOGIN	jquery-3.3.1.slim.min.js	1623697408897	1623697410081	OK	 
REQUEST	LOGIN,LOGIN	request_20	1623697410082	1623697410410	OK	 
REQUEST	LOGIN,LOGIN	request_22	1623697410411	1623697410490	OK	 
REQUEST	LOGIN,LOGIN	request_23	1623697410490	1623697410593	OK	 
REQUEST	LOGIN,LOGIN	request_23 Redirect 1	1623697410594	1623697410741	OK	 
REQUEST	LOGIN,LOGIN	request_23 Redirect 2	1623697410742	1623697410869	OK	 
REQUEST	LOGIN,LOGIN	request_23 Redirect 3	1623697410869	1623697411125	OK	 
REQUEST	LOGIN,LOGIN	global-app-config.js	1623697411130	1623697411232	OK	 
REQUEST	LOGIN,LOGIN	newrelic.js	1623697411131	1623697411287	OK	 
REQUEST	LOGIN,LOGIN	{{favIconPath}}	1623697411129	1623697411306	OK	 
REQUEST	LOGIN,LOGIN	uitk-req-min-945fd9447c.js	1623697411130	1623697411348	OK	 
REQUEST	LOGIN,LOGIN	prelogin-f85aab9ec4.min.js	1623697411130	1623697411511	OK	 
REQUEST	LOGIN,LOGIN	summer.js	1623697411129	1623697411728	OK	 
REQUEST	LOGIN,LOGIN	request_25	1623697411728	1623697411811	OK	 
REQUEST	LOGIN,LOGIN	request_26	1623697411811	1623697411891	OK	 
REQUEST	LOGIN,LOGIN	request_27	1623697411892	1623697412038	OK	 
REQUEST	LOGIN,LOGIN	request_28	1623697412038	1623697412188	OK	 
REQUEST	LOGIN,LOGIN	request_29	1623697412188	1623697412264	OK	 
REQUEST	LOGIN,LOGIN	request_45	1623697412265	1623697413265	OK	 
REQUEST	LOGIN,LOGIN	request_46	1623697413265	1623697413848	OK	 
REQUEST	LOGIN,LOGIN	request_51	1623697413848	1623697414416	OK	 
REQUEST	LOGIN,LOGIN	request_52	1623697414419	1623697414915	OK	 
REQUEST	LOGIN,LOGIN	request_53	1623697414915	1623697415191	OK	 
REQUEST	LOGIN,LOGIN	request_54	1623697415192	1623697415296	OK	 
REQUEST	LOGIN,LOGIN	request_55	1623697415296	1623697415397	OK	 
REQUEST	LOGIN,LOGIN	request_56	1623697415397	1623697415503	OK	 
REQUEST	LOGIN,LOGIN	request_57	1623697415504	1623697415744	OK	 
REQUEST	LOGIN,LOGIN	request_58	1623697415745	1623697415974	OK	 
REQUEST	LOGIN,LOGIN	request_60	1623697415974	1623697416071	OK	 
REQUEST	LOGIN,LOGIN	request_61	1623697416072	1623697416439	OK	 
GROUP	LOGIN,LOGIN	1623697405879	1623697416439	10462	OK
REQUEST	LOGIN,LOGGED_IN	LOGGEDIn	1623697417533	1623697417695	OK	 
REQUEST	LOGIN,LOGGED_IN	request_63	1623697417696	1623697417842	OK	 
REQUEST	LOGIN,LOGGED_IN	request_65	1623697417843	1623697417939	OK	 
REQUEST	LOGIN,LOGGED_IN	request_65 Redirect 1	1623697417940	1623697418113	OK	 
REQUEST	LOGIN,LOGGED_IN	request_65 Redirect 2	1623697418113	1623697418236	OK	 
REQUEST	LOGIN,LOGGED_IN	request_65 Redirect 3	1623697418237	1623697418429	OK	 
REQUEST	LOGIN,LOGGED_IN	{{favIconPath}}	1623697418430	1623697418623	OK	 
REQUEST	LOGIN,LOGGED_IN	summer.js	1623697418429	1623697419084	OK	 
REQUEST	LOGIN,LOGGED_IN	request_68	1623697419084	1623697419170	OK	 
REQUEST	LOGIN,LOGGED_IN	request_70	1623697419170	1623697419259	OK	 
REQUEST	LOGIN,LOGGED_IN	request_71	1623697419260	1623697419348	OK	 
REQUEST	LOGIN,LOGGED_IN	request_74	1623697419348	1623697419937	OK	 
REQUEST	LOGIN,LOGGED_IN	request_76	1623697419937	1623697420713	OK	 
REQUEST	LOGIN,LOGGED_IN	request_77	1623697420714	1623697420801	OK	 
REQUEST	LOGIN,LOGGED_IN	request_79	1623697420801	1623697421053	OK	 
REQUEST	LOGIN,LOGGED_IN	request_89	1623697421054	1623697425352	OK	 
REQUEST	LOGIN,LOGGED_IN	request_90	1623697425352	1623697426431	OK	 
REQUEST	LOGIN,LOGGED_IN	request_92	1623697426432	1623697426588	OK	 
REQUEST	LOGIN,LOGGED_IN	request_93	1623697426589	1623697427065	OK	 
REQUEST	LOGIN,LOGGED_IN	request_98	1623697427066	1623697427272	OK	 
REQUEST	LOGIN,LOGGED_IN	request_99	1623697427273	1623697427537	OK	 
GROUP	LOGIN,LOGGED_IN	1623697417532	1623697427538	9994	OK
GROUP	LOGIN	1623697405876	1623697428750	20456	OK
USER	Users_1	END	1623697428755
