RUN	StarTest.Framework.StarSim	starsim	1624462727942	StarTest.Framework.StarSim-SIMULATION_1_1:SIMULATION_2_0:SIMULATION_3_0:Iterations_10	3.5.1
USER	StarTestALL	START	1624462729277
REQUEST	StarTestALL / APIs,GetStarNote	LOGIN	1624462729298	1624462729556	OK	 
REQUEST	StarTestALL / APIs,GetStarNote		1624462729585	1624462729970	OK	 
GROUP	StarTestALL / APIs,GetStarNote	1624462729280	1624462729972	643	OK
REQUEST	StarTestALL / APIs,GetEpisodeOfCare		1624462730980	1624462731463	OK	 
GROUP	StarTestALL / APIs,GetEpisodeOfCare	1624462730979	1624462731464	483	OK
REQUEST	StarTestALL / APIs,GetStarUIMemberList		1624462732468	1624462733269	OK	 
GROUP	StarTestALL / APIs,GetStarUIMemberList	1624462732468	1624462733270	801	OK
REQUEST	StarTestALL / APIs,GetStarUIMemberDetail		1624462734276	1624462734844	OK	 
GROUP	StarTestALL / APIs,GetStarUIMemberDetail	1624462734275	1624462734845	568	OK
REQUEST	StarTestALL / APIs,ChatTranscript		1624462735851	1624462736082	OK	 
GROUP	StarTestALL / APIs,ChatTranscript	1624462735850	1624462736082	231	OK
GROUP	StarTestALL / APIs	1624462729280	1624462736082	2726	OK
REQUEST	StarTestALL / APIs,GetStarNote	LOGIN	1624462736083	1624462736145	OK	 
REQUEST	StarTestALL / APIs,GetStarNote		1624462736146	1624462736329	OK	 
GROUP	StarTestALL / APIs,GetStarNote	1624462736083	1624462736330	245	OK
REQUEST	StarTestALL / APIs,GetEpisodeOfCare		1624462737331	1624462737725	OK	 
GROUP	StarTestALL / APIs,GetEpisodeOfCare	1624462737330	1624462737726	394	OK
REQUEST	StarTestALL / APIs,GetStarUIMemberList		1624462738730	1624462739716	OK	 
GROUP	StarTestALL / APIs,GetStarUIMemberList	1624462738729	1624462739717	986	OK
REQUEST	StarTestALL / APIs,GetStarUIMemberDetail		1624462740722	1624462741193	OK	 
GROUP	StarTestALL / APIs,GetStarUIMemberDetail	1624462740722	1624462741194	471	OK
REQUEST	StarTestALL / APIs,ChatTranscript		1624462742199	1624462742295	OK	 
GROUP	StarTestALL / APIs,ChatTranscript	1624462742199	1624462742296	96	OK
GROUP	StarTestALL / APIs	1624462736083	1624462742296	2192	OK
REQUEST	StarTestALL / APIs,GetStarNote	LOGIN	1624462742296	1624462742358	OK	 
REQUEST	StarTestALL / APIs,GetStarNote		1624462742360	1624462742544	OK	 
GROUP	StarTestALL / APIs,GetStarNote	1624462742296	1624462742545	246	OK
REQUEST	StarTestALL / APIs,GetEpisodeOfCare		1624462743550	1624462744057	OK	 
GROUP	StarTestALL / APIs,GetEpisodeOfCare	1624462743549	1624462744057	507	OK
REQUEST	StarTestALL / APIs,GetStarUIMemberList		1624462745059	1624462745857	OK	 
GROUP	StarTestALL / APIs,GetStarUIMemberList	1624462745059	1624462745858	798	OK
REQUEST	StarTestALL / APIs,GetStarUIMemberDetail		1624462746862	1624462747336	OK	 
GROUP	StarTestALL / APIs,GetStarUIMemberDetail	1624462746861	1624462747337	474	OK
REQUEST	StarTestALL / APIs,ChatTranscript		1624462748340	1624462749487	OK	 
GROUP	StarTestALL / APIs,ChatTranscript	1624462748339	1624462749488	1147	OK
GROUP	StarTestALL / APIs	1624462742296	1624462749488	3172	OK
REQUEST	StarTestALL / APIs,GetStarNote	LOGIN	1624462749488	1624462749554	OK	 
REQUEST	StarTestALL / APIs,GetStarNote		1624462749556	1624462749958	OK	 
GROUP	StarTestALL / APIs,GetStarNote	1624462749488	1624462749959	468	OK
REQUEST	StarTestALL / APIs,GetEpisodeOfCare		1624462750963	1624462751535	OK	 
GROUP	StarTestALL / APIs,GetEpisodeOfCare	1624462750962	1624462751535	572	OK
REQUEST	StarTestALL / APIs,GetStarUIMemberList		1624462752541	1624462753335	OK	 
GROUP	StarTestALL / APIs,GetStarUIMemberList	1624462752540	1624462753335	794	OK
REQUEST	StarTestALL / APIs,GetStarUIMemberDetail		1624462754339	1624462755324	OK	 
GROUP	StarTestALL / APIs,GetStarUIMemberDetail	1624462754339	1624462755325	985	OK
REQUEST	StarTestALL / APIs,ChatTranscript		1624462756327	1624462756419	OK	 
GROUP	StarTestALL / APIs,ChatTranscript	1624462756326	1624462756420	92	OK
GROUP	StarTestALL / APIs	1624462749488	1624462756420	2911	OK
REQUEST	StarTestALL / APIs,GetStarNote	LOGIN	1624462756420	1624462756690	OK	 
REQUEST	StarTestALL / APIs,GetStarNote		1624462756691	1624462756886	OK	 
GROUP	StarTestALL / APIs,GetStarNote	1624462756420	1624462756887	465	OK
REQUEST	StarTestALL / APIs,GetEpisodeOfCare		1624462757888	1624462758293	OK	 
GROUP	StarTestALL / APIs,GetEpisodeOfCare	1624462757887	1624462758294	405	OK
REQUEST	StarTestALL / APIs,GetStarUIMemberList		1624462759299	1624462760090	OK	 
GROUP	StarTestALL / APIs,GetStarUIMemberList	1624462759298	1624462760090	791	OK
REQUEST	StarTestALL / APIs,GetStarUIMemberDetail		1624462761095	1624462761571	OK	 
GROUP	StarTestALL / APIs,GetStarUIMemberDetail	1624462761095	1624462761572	476	OK
REQUEST	StarTestALL / APIs,ChatTranscript		1624462762573	1624462762669	OK	 
GROUP	StarTestALL / APIs,ChatTranscript	1624462762573	1624462762669	96	OK
GROUP	StarTestALL / APIs	1624462756420	1624462762669	2233	OK
REQUEST	StarTestALL / APIs,GetStarNote	LOGIN	1624462762670	1624462762731	OK	 
REQUEST	StarTestALL / APIs,GetStarNote		1624462762732	1624462762909	OK	 
GROUP	StarTestALL / APIs,GetStarNote	1624462762670	1624462762910	238	OK
REQUEST	StarTestALL / APIs,GetEpisodeOfCare		1624462763913	1624462764332	OK	 
GROUP	StarTestALL / APIs,GetEpisodeOfCare	1624462763913	1624462764332	419	OK
REQUEST	StarTestALL / APIs,GetStarUIMemberList		1624462765338	1624462766143	OK	 
GROUP	StarTestALL / APIs,GetStarUIMemberList	1624462765338	1624462766143	805	OK
REQUEST	StarTestALL / APIs,GetStarUIMemberDetail		1624462767146	1624462767612	OK	 
GROUP	StarTestALL / APIs,GetStarUIMemberDetail	1624462767145	1624462767613	466	OK
REQUEST	StarTestALL / APIs,ChatTranscript		1624462768618	1624462768719	OK	 
GROUP	StarTestALL / APIs,ChatTranscript	1624462768618	1624462768719	101	OK
GROUP	StarTestALL / APIs	1624462762670	1624462768719	2029	OK
REQUEST	StarTestALL / APIs,GetStarNote	LOGIN	1624462768720	1624462768788	OK	 
REQUEST	StarTestALL / APIs,GetStarNote		1624462768790	1624462768981	OK	 
GROUP	StarTestALL / APIs,GetStarNote	1624462768720	1624462768982	259	OK
REQUEST	StarTestALL / APIs,GetEpisodeOfCare		1624462769988	1624462770478	OK	 
GROUP	StarTestALL / APIs,GetEpisodeOfCare	1624462769988	1624462770478	490	OK
REQUEST	StarTestALL / APIs,GetStarUIMemberList		1624462771484	1624462772338	OK	 
GROUP	StarTestALL / APIs,GetStarUIMemberList	1624462771484	1624462772339	854	OK
REQUEST	StarTestALL / APIs,GetStarUIMemberDetail		1624462773342	1624462773755	OK	 
GROUP	StarTestALL / APIs,GetStarUIMemberDetail	1624462773342	1624462773756	413	OK
REQUEST	StarTestALL / APIs,ChatTranscript		1624462774762	1624462775625	OK	 
GROUP	StarTestALL / APIs,ChatTranscript	1624462774761	1624462775626	863	OK
GROUP	StarTestALL / APIs	1624462768720	1624462775626	2879	OK
REQUEST	StarTestALL / APIs,GetStarNote	LOGIN	1624462775626	1624462775692	OK	 
REQUEST	StarTestALL / APIs,GetStarNote		1624462775693	1624462776148	OK	 
GROUP	StarTestALL / APIs,GetStarNote	1624462775626	1624462776149	521	OK
REQUEST	StarTestALL / APIs,GetEpisodeOfCare		1624462777151	1624462777647	OK	 
GROUP	StarTestALL / APIs,GetEpisodeOfCare	1624462777150	1624462777647	496	OK
REQUEST	StarTestALL / APIs,GetStarUIMemberList		1624462778652	1624462779449	OK	 
GROUP	StarTestALL / APIs,GetStarUIMemberList	1624462778651	1624462779450	797	OK
REQUEST	StarTestALL / APIs,GetStarUIMemberDetail		1624462780455	1624462781435	OK	 
GROUP	StarTestALL / APIs,GetStarUIMemberDetail	1624462780455	1624462781436	980	OK
REQUEST	StarTestALL / APIs,ChatTranscript		1624462782438	1624462782536	OK	 
GROUP	StarTestALL / APIs,ChatTranscript	1624462782438	1624462782536	98	OK
GROUP	StarTestALL / APIs	1624462775626	1624462782536	2892	OK
REQUEST	StarTestALL / APIs,GetStarNote	LOGIN	1624462782536	1624462782796	OK	 
REQUEST	StarTestALL / APIs,GetStarNote		1624462782796	1624462782956	OK	 
GROUP	StarTestALL / APIs,GetStarNote	1624462782536	1624462782957	420	OK
REQUEST	StarTestALL / APIs,GetEpisodeOfCare		1624462783960	1624462784406	OK	 
GROUP	StarTestALL / APIs,GetEpisodeOfCare	1624462783960	1624462784407	446	OK
REQUEST	StarTestALL / APIs,GetStarUIMemberList		1624462785410	1624462786113	OK	 
GROUP	StarTestALL / APIs,GetStarUIMemberList	1624462785410	1624462786113	703	OK
REQUEST	StarTestALL / APIs,GetStarUIMemberDetail		1624462787118	1624462787682	OK	 
GROUP	StarTestALL / APIs,GetStarUIMemberDetail	1624462787117	1624462787683	564	OK
REQUEST	StarTestALL / APIs,ChatTranscript		1624462788684	1624462788784	OK	 
GROUP	StarTestALL / APIs,ChatTranscript	1624462788684	1624462788784	100	OK
GROUP	StarTestALL / APIs	1624462782536	1624462788784	2233	OK
REQUEST	StarTestALL / APIs,GetStarNote	LOGIN	1624462788785	1624462788848	OK	 
REQUEST	StarTestALL / APIs,GetStarNote		1624462788848	1624462789013	OK	 
GROUP	StarTestALL / APIs,GetStarNote	1624462788784	1624462789014	228	OK
REQUEST	StarTestALL / APIs,GetEpisodeOfCare		1624462790018	1624462790550	OK	 
GROUP	StarTestALL / APIs,GetEpisodeOfCare	1624462790017	1624462790550	532	OK
REQUEST	StarTestALL / APIs,GetStarUIMemberList		1624462791555	1624462792456	OK	 
GROUP	StarTestALL / APIs,GetStarUIMemberList	1624462791554	1624462792457	901	OK
REQUEST	StarTestALL / APIs,GetStarUIMemberDetail		1624462793462	1624462793844	OK	 
GROUP	StarTestALL / APIs,GetStarUIMemberDetail	1624462793461	1624462793845	382	OK
REQUEST	StarTestALL / APIs,ChatTranscript		1624462794847	1624462794958	OK	 
GROUP	StarTestALL / APIs,ChatTranscript	1624462794847	1624462794958	111	OK
GROUP	StarTestALL / APIs	1624462788784	1624462794958	2154	OK
USER	StarTestALL	END	1624462794961
