RUN	Optum.Framework.OptumSim	optumsim	1621613827936	 	3.5.1
USER	Users_1	START	1621613829545
REQUEST	Scen_1,Login	BasePage	1621613829564	1621613829853	OK	 
REQUEST	Scen_1,Login	BasePage_1	1621613829876	1621613829959	OK	 
REQUEST	Scen_1,Login	BasePage_2	1621613829966	1621613830027	OK	 
REQUEST	Scen_1,Login	BasePage_3	1621613830028	1621613830093	OK	 
REQUEST	Scen_1,Login	BasePage_4	1621613830094	1621613830159	OK	 
REQUEST	Scen_1,Login	BasePage_5	1621613830160	1621613832535	OK	 
GROUP	Scen_1,Login	1621613829548	1621613832536	2938	OK
REQUEST	Scen_1,SearchByActiveMember	Select_SearchByActiveMember	1621613833543	1621613833673	OK	 
GROUP	Scen_1,SearchByActiveMember	1621613833542	1621613833674	130	OK
USER	Users_1	START	1621613834535
REQUEST	Scen_1,Login	BasePage	1621613834536	1621613834811	OK	 
REQUEST	Scen_1,Login	BasePage_1	1621613834813	1621613834883	OK	 
REQUEST	Scen_1,Login	BasePage_2	1621613834884	1621613834949	OK	 
REQUEST	Scen_1,Login	BasePage_3	1621613834951	1621613835013	OK	 
REQUEST	Scen_1,Login	BasePage_4	1621613835014	1621613835078	OK	 
REQUEST	Scen_1,SearchName_douglas	Search_1	1621613835410	1621613836350	OK	 
REQUEST	Scen_1,SearchName_douglas	Search_2003330312	1621613836356	1621613837450	OK	 
GROUP	Scen_1,SearchName_douglas	1621613835407	1621613837451	2034	OK
REQUEST	Scen_1,Login	BasePage_5	1621613835079	1621613837859	OK	 
GROUP	Scen_1,Login	1621613834535	1621613837860	3316	OK
REQUEST	Scen_1,SearchByActiveMember	Select_SearchByActiveMember	1621613838867	1621613838991	OK	 
GROUP	Scen_1,SearchByActiveMember	1621613838866	1621613838992	124	OK
REQUEST	Scen_1,S_2003330312	Select_douglas	1621613839314	1621613839610	OK	 
REQUEST	Scen_1,SearchName_thomas	Search_1	1621613840190	1621613841444	OK	 
REQUEST	Scen_1,SearchName_thomas	Search_1503326775	1621613841446	1621613842570	OK	 
GROUP	Scen_1,SearchName_thomas	1621613840189	1621613842571	2378	OK
REQUEST	Scen_1,S_2003330312	request_1	1621613839611	1621613842606	OK	 
REQUEST	Scen_1,S_1503326775	Select_thomas	1621613843619	1621613843785	OK	 
REQUEST	Scen_1,S_2003330312	request_2003330312	1621613842608	1621613844674	OK	 
GROUP	Scen_1,S_2003330312	1621613839313	1621613844675	5357	OK
REQUEST	Scen_1,DrillDown_douglas	64881	1621613846152	1621613846624	OK	 
GROUP	Scen_1,DrillDown_douglas	1621613846150	1621613846625	472	OK
REQUEST	Scen_1,S_1503326775	request_1	1621613843787	1621613847379	OK	 
REQUEST	Scen_1,SearchByActiveMember	Select_SearchByActiveMember	1621613848074	1621613848267	OK	 
GROUP	Scen_1,SearchByActiveMember	1621613848073	1621613848268	193	OK
REQUEST	Scen_1,S_1503326775	request_1503326775	1621613847381	1621613850016	OK	 
GROUP	Scen_1,S_1503326775	1621613843618	1621613850017	6393	OK
REQUEST	Scen_1,SearchName_smith	Search_1	1621613850005	1621613851372	OK	 
REQUEST	Scen_1,DrillDown_thomas	68055	1621613851611	1621613852295	OK	 
GROUP	Scen_1,DrillDown_thomas	1621613851609	1621613852295	684	OK
REQUEST	Scen_1,SearchName_smith	Search_2003327496	1621613851374	1621613852446	OK	 
GROUP	Scen_1,SearchName_smith	1621613850004	1621613852447	2439	OK
REQUEST	Scen_1,SearchByActiveMember	Select_SearchByActiveMember	1621613854052	1621613854217	OK	 
GROUP	Scen_1,SearchByActiveMember	1621613854051	1621613854218	165	OK
REQUEST	Scen_1,S_2003327496	Select_smith	1621613854091	1621613854235	OK	 
REQUEST	Scen_1,SearchName_roger	Search_1	1621613855601	1621613856596	OK	 
REQUEST	Scen_1,S_2003327496	request_1	1621613854237	1621613857516	OK	 
REQUEST	Scen_1,SearchName_roger	Search_403328329	1621613856597	1621613858236	OK	 
GROUP	Scen_1,SearchName_roger	1621613855599	1621613858237	2634	OK
REQUEST	Scen_1,S_403328329	Select_roger	1621613859777	1621613859939	OK	 
REQUEST	Scen_1,S_2003327496	request_2003327496	1621613857518	1621613861001	OK	 
GROUP	Scen_1,S_2003327496	1621613854090	1621613861002	6906	OK
REQUEST	Scen_1,S_403328329	request_1	1621613859940	1621613861017	OK	 
REQUEST	Scen_1,DrillDown_smith	67992	1621613862783	1621613863354	OK	 
GROUP	Scen_1,DrillDown_smith	1621613862782	1621613863355	571	OK
REQUEST	Scen_1,S_403328329	request_403328329	1621613861018	1621613864380	OK	 
GROUP	Scen_1,S_403328329	1621613859776	1621613864381	4601	OK
GROUP	Scen_1	1621613829547	1621613864882	21040	OK
REQUEST	Scen_1,Login	BasePage	1621613864883	1621613864946	OK	 
REQUEST	Scen_1,Login	BasePage_1	1621613864948	1621613865016	OK	 
REQUEST	Scen_1,Login	BasePage_2	1621613865017	1621613865079	OK	 
REQUEST	Scen_1,Login	BasePage_3	1621613865080	1621613865149	OK	 
REQUEST	Scen_1,Login	BasePage_4	1621613865151	1621613865216	OK	 
REQUEST	Scen_1,DrillDown_roger	63702	1621613865675	1621613866528	OK	 
GROUP	Scen_1,DrillDown_roger	1621613865675	1621613866529	853	OK
GROUP	Scen_1	1621613834535	1621613867639	21148	OK
REQUEST	Scen_1,Login	BasePage	1621613867640	1621613867707	OK	 
REQUEST	Scen_1,Login	BasePage_1	1621613867709	1621613867781	OK	 
REQUEST	Scen_1,Login	BasePage_2	1621613867782	1621613867846	OK	 
REQUEST	Scen_1,Login	BasePage_3	1621613867848	1621613867911	OK	 
REQUEST	Scen_1,Login	BasePage_4	1621613867912	1621613867983	OK	 
REQUEST	Scen_1,Login	BasePage_5	1621613865218	1621613868576	OK	 
GROUP	Scen_1,Login	1621613864882	1621613868577	3685	OK
REQUEST	Scen_1,SearchByActiveMember	Select_SearchByActiveMember	1621613869581	1621613869786	OK	 
GROUP	Scen_1,SearchByActiveMember	1621613869580	1621613869787	205	OK
REQUEST	Scen_1,Login	BasePage_5	1621613867984	1621613870504	OK	 
GROUP	Scen_1,Login	1621613867639	1621613870504	2857	OK
REQUEST	Scen_1,SearchByActiveMember	Select_SearchByActiveMember	1621613871509	1621613872169	OK	 
GROUP	Scen_1,SearchByActiveMember	1621613871508	1621613872169	660	OK
REQUEST	Scen_1,SearchName_baker	Search_1	1621613871243	1621613872315	OK	 
REQUEST	Scen_1,SearchName_baker	Search_1803327625	1621613872317	1621613873228	OK	 
GROUP	Scen_1,SearchName_baker	1621613871242	1621613873229	1983	OK
REQUEST	Scen_1,SearchName_douglas	Search_1	1621613874048	1621613874920	OK	 
REQUEST	Scen_1,S_1803327625	Select_baker	1621613874878	1621613875054	OK	 
REQUEST	Scen_1,SearchName_douglas	Search_2003330312	1621613874921	1621613875953	OK	 
GROUP	Scen_1,SearchName_douglas	1621613874047	1621613875953	1904	OK
REQUEST	Scen_1,S_1803327625	request_1	1621613875055	1621613875953	OK	 
REQUEST	Scen_1,S_2003330312	Select_douglas	1621613877570	1621613877743	OK	 
REQUEST	Scen_1,S_1803327625	request_1803327625	1621613875955	1621613879433	OK	 
GROUP	Scen_1,S_1803327625	1621613874878	1621613879434	4552	OK
REQUEST	Scen_1,S_2003330312	request_1	1621613877744	1621613880457	OK	 
REQUEST	Scen_1,DrillDown_baker	68321	1621613881200	1621613881696	OK	 
GROUP	Scen_1,DrillDown_baker	1621613881199	1621613881697	496	OK
REQUEST	Scen_1,SearchByActiveMember	Select_SearchByActiveMember	1621613883167	1621613883549	OK	 
GROUP	Scen_1,SearchByActiveMember	1621613883167	1621613883550	382	OK
REQUEST	Scen_1,S_2003330312	request_2003330312	1621613880458	1621613883560	OK	 
GROUP	Scen_1,S_2003330312	1621613877569	1621613883561	5988	OK
REQUEST	Scen_1,DrillDown_douglas	64881	1621613884699	1621613885128	OK	 
GROUP	Scen_1,DrillDown_douglas	1621613884698	1621613885129	429	OK
REQUEST	Scen_1,SearchName_thomas	Search_1	1621613885219	1621613886194	OK	 
REQUEST	Scen_1,SearchByActiveMember	Select_SearchByActiveMember	1621613886599	1621613886729	OK	 
GROUP	Scen_1,SearchByActiveMember	1621613886598	1621613886729	130	OK
REQUEST	Scen_1,SearchName_thomas	Search_1503326775	1621613886195	1621613887420	OK	 
GROUP	Scen_1,SearchName_thomas	1621613885218	1621613887421	2200	OK
REQUEST	Scen_1,S_1503326775	Select_thomas	1621613888796	1621613888937	OK	 
REQUEST	Scen_1,SearchName_smith	Search_1	1621613888700	1621613890083	OK	 
REQUEST	Scen_1,SearchName_smith	Search_2003327496	1621613890084	1621613891618	OK	 
GROUP	Scen_1,SearchName_smith	1621613888699	1621613891618	2917	OK
REQUEST	Scen_1,S_1503326775	request_1	1621613888939	1621613891658	OK	 
REQUEST	Scen_1,S_2003327496	Select_smith	1621613892841	1621613892968	OK	 
REQUEST	Scen_1,S_2003327496	request_1	1621613892970	1621613895302	OK	 
REQUEST	Scen_1,S_1503326775	request_1503326775	1621613891659	1621613895817	OK	 
GROUP	Scen_1,S_1503326775	1621613888796	1621613895818	7018	OK
REQUEST	Scen_1,DrillDown_thomas	68055	1621613897002	1621613897453	OK	 
GROUP	Scen_1,DrillDown_thomas	1621613897001	1621613897454	451	OK
REQUEST	Scen_1,S_2003327496	request_2003327496	1621613895303	1621613898070	OK	 
GROUP	Scen_1,S_2003327496	1621613892840	1621613898071	5226	OK
GROUP	Scen_1	1621613864882	1621613898586	20972	OK
REQUEST	Scen_1,Login	BasePage	1621613898587	1621613898665	OK	 
REQUEST	Scen_1,Login	BasePage_1	1621613898667	1621613898730	OK	 
REQUEST	Scen_1,Login	BasePage_2	1621613898731	1621613898793	OK	 
REQUEST	Scen_1,Login	BasePage_3	1621613898794	1621613898858	OK	 
REQUEST	Scen_1,Login	BasePage_4	1621613898859	1621613898934	OK	 
REQUEST	Scen_1,DrillDown_smith	67992	1621613899821	1621613900325	OK	 
GROUP	Scen_1,DrillDown_smith	1621613899820	1621613900326	504	OK
GROUP	Scen_1	1621613867639	1621613901661	20615	OK
REQUEST	Scen_1,Login	BasePage	1621613901662	1621613901930	OK	 
REQUEST	Scen_1,Login	BasePage_1	1621613901931	1621613902002	OK	 
REQUEST	Scen_1,Login	BasePage_5	1621613898936	1621613902033	OK	 
GROUP	Scen_1,Login	1621613898587	1621613902034	3439	OK
REQUEST	Scen_1,Login	BasePage_2	1621613902004	1621613902090	OK	 
REQUEST	Scen_1,Login	BasePage_3	1621613902091	1621613902165	OK	 
REQUEST	Scen_1,Login	BasePage_4	1621613902166	1621613902231	OK	 
REQUEST	Scen_1,SearchByActiveMember	Select_SearchByActiveMember	1621613903041	1621613903198	OK	 
GROUP	Scen_1,SearchByActiveMember	1621613903040	1621613903198	157	OK
REQUEST	Scen_1,Login	BasePage_5	1621613902232	1621613905341	OK	 
GROUP	Scen_1,Login	1621613901661	1621613905341	3673	OK
REQUEST	Scen_1,SearchName_roger	Search_1	1621613904227	1621613905751	OK	 
REQUEST	Scen_1,SearchByActiveMember	Select_SearchByActiveMember	1621613906347	1621613906512	OK	 
GROUP	Scen_1,SearchByActiveMember	1621613906346	1621613906513	165	OK
REQUEST	Scen_1,SearchName_roger	Search_403328329	1621613905753	1621613906683	OK	 
GROUP	Scen_1,SearchName_roger	1621613904227	1621613906684	2454	OK
REQUEST	Scen_1,S_403328329	Select_roger	1621613908326	1621613908456	OK	 
REQUEST	Scen_1,SearchName_baker	Search_1	1621613908045	1621613909027	OK	 
REQUEST	Scen_1,S_403328329	request_1	1621613908457	1621613909031	OK	 
REQUEST	Scen_1,SearchName_baker	Search_1803327625	1621613909028	1621613910048	OK	 
GROUP	Scen_1,SearchName_baker	1621613908044	1621613910049	2002	OK
REQUEST	Scen_1,S_1803327625	Select_baker	1621613911979	1621613912320	OK	 
REQUEST	Scen_1,S_1803327625	request_1	1621613912322	1621613912713	OK	 
REQUEST	Scen_1,S_403328329	request_403328329	1621613909032	1621613913120	OK	 
GROUP	Scen_1,S_403328329	1621613908325	1621613913121	4792	OK
REQUEST	Scen_1,DrillDown_roger	63702	1621613914423	1621613915376	OK	 
GROUP	Scen_1,DrillDown_roger	1621613914422	1621613915377	953	OK
REQUEST	Scen_1,S_1803327625	request_1803327625	1621613912714	1621613915580	OK	 
GROUP	Scen_1,S_1803327625	1621613911978	1621613915581	3598	OK
REQUEST	Scen_1,SearchByActiveMember	Select_SearchByActiveMember	1621613917363	1621613917538	OK	 
GROUP	Scen_1,SearchByActiveMember	1621613917363	1621613917539	175	OK
REQUEST	Scen_1,DrillDown_baker	68321	1621613917317	1621613917597	OK	 
GROUP	Scen_1,DrillDown_baker	1621613917316	1621613917599	280	OK
REQUEST	Scen_1,SearchByActiveMember	Select_SearchByActiveMember	1621613919438	1621613919817	OK	 
GROUP	Scen_1,SearchByActiveMember	1621613919438	1621613919818	379	OK
REQUEST	Scen_1,SearchName_douglas	Search_1	1621613918906	1621613920291	OK	 
REQUEST	Scen_1,SearchName_douglas	Search_2003330312	1621613920292	1621613920977	OK	 
GROUP	Scen_1,SearchName_douglas	1621613918905	1621613920978	2070	OK
REQUEST	Scen_1,SearchName_thomas	Search_1	1621613920835	1621613922136	OK	 
REQUEST	Scen_1,S_2003330312	Select_douglas	1621613922842	1621613922987	OK	 
REQUEST	Scen_1,SearchName_thomas	Search_1503326775	1621613922137	1621613923136	OK	 
GROUP	Scen_1,SearchName_thomas	1621613920834	1621613923137	2300	OK
REQUEST	Scen_1,S_1503326775	Select_thomas	1621613924974	1621613925054	OK	 
REQUEST	Scen_1,S_2003330312	request_1	1621613922988	1621613925244	OK	 
REQUEST	Scen_1,S_2003330312	request_2003330312	1621613925245	1621613927766	OK	 
GROUP	Scen_1,S_2003330312	1621613922841	1621613927767	4922	OK
REQUEST	Scen_1,S_1503326775	request_1	1621613925055	1621613927773	OK	 
REQUEST	Scen_1,DrillDown_douglas	64881	1621613929353	1621613930021	OK	 
GROUP	Scen_1,DrillDown_douglas	1621613929352	1621613930021	668	OK
REQUEST	Scen_1,S_1503326775	request_1503326775	1621613927774	1621613930775	OK	 
GROUP	Scen_1,S_1503326775	1621613924973	1621613930776	5799	OK
GROUP	Scen_1	1621613898586	1621613931051	19630	OK
REQUEST	Scen_1,Login	BasePage	1621613931052	1621613931118	OK	 
REQUEST	Scen_1,Login	BasePage_1	1621613931119	1621613931216	OK	 
REQUEST	Scen_1,Login	BasePage_2	1621613931217	1621613931280	OK	 
REQUEST	Scen_1,Login	BasePage_3	1621613931281	1621613931349	OK	 
REQUEST	Scen_1,Login	BasePage_4	1621613931350	1621613931415	OK	 
REQUEST	Scen_1,DrillDown_thomas	68055	1621613932219	1621613932582	OK	 
GROUP	Scen_1,DrillDown_thomas	1621613932218	1621613932582	363	OK
REQUEST	Scen_1,Login	BasePage_5	1621613931416	1621613933808	OK	 
GROUP	Scen_1,Login	1621613931051	1621613933809	2751	OK
GROUP	Scen_1	1621613901661	1621613933821	18559	OK
REQUEST	Scen_1,Login	BasePage	1621613933822	1621613933882	OK	 
REQUEST	Scen_1,Login	BasePage_1	1621613933883	1621613933948	OK	 
REQUEST	Scen_1,Login	BasePage_2	1621613933949	1621613934021	OK	 
REQUEST	Scen_1,Login	BasePage_3	1621613934022	1621613934086	OK	 
REQUEST	Scen_1,Login	BasePage_4	1621613934088	1621613934148	OK	 
REQUEST	Scen_1,SearchByActiveMember	Select_SearchByActiveMember	1621613934814	1621613935651	OK	 
GROUP	Scen_1,SearchByActiveMember	1621613934814	1621613935652	837	OK
REQUEST	Scen_1,Login	BasePage_5	1621613934149	1621613936126	OK	 
GROUP	Scen_1,Login	1621613933821	1621613936126	2298	OK
REQUEST	Scen_1,SearchByActiveMember	Select_SearchByActiveMember	1621613937129	1621613937287	OK	 
GROUP	Scen_1,SearchByActiveMember	1621613937128	1621613937288	158	OK
REQUEST	Scen_1,SearchName_smith	Search_1	1621613937144	1621613938230	OK	 
REQUEST	Scen_1,SearchName_smith	Search_2003327496	1621613938231	1621613939539	OK	 
GROUP	Scen_1,SearchName_smith	1621613937144	1621613939540	2394	OK
REQUEST	Scen_1,SearchName_roger	Search_1	1621613938866	1621613940361	OK	 
REQUEST	Scen_1,S_2003327496	Select_smith	1621613940573	1621613940744	OK	 
REQUEST	Scen_1,SearchName_roger	Search_403328329	1621613940362	1621613941592	OK	 
GROUP	Scen_1,SearchName_roger	1621613938865	1621613941592	2725	OK
REQUEST	Scen_1,S_2003327496	request_1	1621613940745	1621613943331	OK	 
REQUEST	Scen_1,S_403328329	Select_roger	1621613943383	1621613943561	OK	 
REQUEST	Scen_1,S_403328329	request_1	1621613943562	1621613944150	OK	 
REQUEST	Scen_1,S_2003327496	request_2003327496	1621613943332	1621613947736	OK	 
GROUP	Scen_1,S_2003327496	1621613940572	1621613947737	7161	OK
REQUEST	Scen_1,S_403328329	request_403328329	1621613944151	1621613948410	OK	 
GROUP	Scen_1,S_403328329	1621613943383	1621613948411	5025	OK
REQUEST	Scen_1,DrillDown_smith	67992	1621613949264	1621613949386	OK	 
GROUP	Scen_1,DrillDown_smith	1621613949263	1621613949386	122	OK
REQUEST	Scen_1,DrillDown_roger	63702	1621613949766	1621613949948	OK	 
GROUP	Scen_1,DrillDown_roger	1621613949765	1621613949949	182	OK
REQUEST	Scen_1,SearchByActiveMember	Select_SearchByActiveMember	1621613951289	1621613951495	OK	 
GROUP	Scen_1,SearchByActiveMember	1621613951288	1621613951495	206	OK
REQUEST	Scen_1,SearchByActiveMember	Select_SearchByActiveMember	1621613951382	1621613951589	OK	 
GROUP	Scen_1,SearchByActiveMember	1621613951381	1621613951590	207	OK
REQUEST	Scen_1,SearchName_baker	Search_1	1621613953083	1621613954185	OK	 
REQUEST	Scen_1,SearchName_douglas	Search_1	1621613953513	1621613954698	OK	 
REQUEST	Scen_1,SearchName_baker	Search_1803327625	1621613954187	1621613955312	OK	 
GROUP	Scen_1,SearchName_baker	1621613953082	1621613955313	2227	OK
REQUEST	Scen_1,SearchName_douglas	Search_2003330312	1621613954699	1621613955821	OK	 
GROUP	Scen_1,SearchName_douglas	1621613953512	1621613955822	2307	OK
REQUEST	Scen_1,S_1803327625	Select_baker	1621613956504	1621613956644	OK	 
REQUEST	Scen_1,S_1803327625	request_1	1621613956645	1621613957299	OK	 
REQUEST	Scen_1,S_2003330312	Select_douglas	1621613957292	1621613957373	OK	 
REQUEST	Scen_1,S_2003330312	request_1	1621613957374	1621613959919	OK	 
REQUEST	Scen_1,S_1803327625	request_1803327625	1621613957300	1621613959920	OK	 
GROUP	Scen_1,S_1803327625	1621613956503	1621613959920	3414	OK
REQUEST	Scen_1,DrillDown_baker	68321	1621613961040	1621613961867	OK	 
GROUP	Scen_1,DrillDown_baker	1621613961040	1621613961867	827	OK
REQUEST	Scen_1,S_2003330312	request_2003330312	1621613959920	1621613962378	OK	 
GROUP	Scen_1,S_2003330312	1621613957291	1621613962378	5084	OK
GROUP	Scen_1	1621613933821	1621613963695	17062	OK
REQUEST	Scen_1,Login	BasePage	1621613963696	1621613963759	OK	 
REQUEST	Scen_1,DrillDown_douglas	64881	1621613963563	1621613963774	OK	 
GROUP	Scen_1,DrillDown_douglas	1621613963562	1621613963775	211	OK
REQUEST	Scen_1,Login	BasePage_1	1621613963760	1621613963823	OK	 
REQUEST	Scen_1,Login	BasePage_2	1621613963824	1621613963887	OK	 
REQUEST	Scen_1,Login	BasePage_3	1621613963888	1621613963952	OK	 
REQUEST	Scen_1,Login	BasePage_4	1621613963953	1621613964017	OK	 
GROUP	Scen_1	1621613931051	1621613965624	21074	OK
REQUEST	Scen_1,Login	BasePage	1621613965625	1621613965883	OK	 
REQUEST	Scen_1,Login	BasePage_1	1621613965884	1621613965987	OK	 
REQUEST	Scen_1,Login	BasePage_5	1621613964018	1621613966010	OK	 
GROUP	Scen_1,Login	1621613963695	1621613966011	2309	OK
REQUEST	Scen_1,Login	BasePage_2	1621613965988	1621613966246	OK	 
REQUEST	Scen_1,Login	BasePage_3	1621613966247	1621613966313	OK	 
REQUEST	Scen_1,Login	BasePage_4	1621613966314	1621613966379	OK	 
REQUEST	Scen_1,SearchByActiveMember	Select_SearchByActiveMember	1621613967013	1621613967187	OK	 
GROUP	Scen_1,SearchByActiveMember	1621613967012	1621613967187	174	OK
REQUEST	Scen_1,Login	BasePage_5	1621613966380	1621613968931	OK	 
GROUP	Scen_1,Login	1621613965624	1621613968932	3301	OK
REQUEST	Scen_1,SearchByActiveMember	Select_SearchByActiveMember	1621613969933	1621613970253	OK	 
GROUP	Scen_1,SearchByActiveMember	1621613969933	1621613970254	320	OK
REQUEST	Scen_1,SearchName_thomas	Search_1	1621613969027	1621613971336	OK	 
REQUEST	Scen_1,SearchName_smith	Search_1	1621613971263	1621613973639	OK	 
REQUEST	Scen_1,SearchName_thomas	Search_1503326775	1621613971338	1621613973676	OK	 
GROUP	Scen_1,SearchName_thomas	1621613969027	1621613973677	4647	OK
REQUEST	Scen_1,S_1503326775	Select_thomas	1621613975012	1621613975180	OK	 
REQUEST	Scen_1,SearchName_smith	Search_2003327496	1621613973640	1621613975296	OK	 
GROUP	Scen_1,SearchName_smith	1621613971262	1621613975297	4032	OK
REQUEST	Scen_1,S_2003327496	Select_smith	1621613977100	1621613977267	OK	 
REQUEST	Scen_1,S_1503326775	request_1	1621613975181	1621613977473	OK	 
REQUEST	Scen_1,S_2003327496	request_1	1621613977268	1621613979879	OK	 
REQUEST	Scen_1,S_1503326775	request_1503326775	1621613977475	1621613980504	OK	 
GROUP	Scen_1,S_1503326775	1621613975011	1621613980504	5489	OK
REQUEST	Scen_1,DrillDown_thomas	68055	1621613981529	1621613982141	OK	 
GROUP	Scen_1,DrillDown_thomas	1621613981528	1621613982142	612	OK
REQUEST	Scen_1,S_2003327496	request_2003327496	1621613979880	1621613983165	OK	 
GROUP	Scen_1,S_2003327496	1621613977099	1621613983166	6063	OK
REQUEST	Scen_1,SearchByActiveMember	Select_SearchByActiveMember	1621613983314	1621613983779	OK	 
GROUP	Scen_1,SearchByActiveMember	1621613983314	1621613983780	465	OK
REQUEST	Scen_1,DrillDown_smith	67992	1621613984273	1621613984425	OK	 
GROUP	Scen_1,DrillDown_smith	1621613984272	1621613984426	152	OK
REQUEST	Scen_1,SearchByActiveMember	Select_SearchByActiveMember	1621613985575	1621613985757	OK	 
GROUP	Scen_1,SearchByActiveMember	1621613985574	1621613985757	182	OK
REQUEST	Scen_1,SearchName_roger	Search_1	1621613985554	1621613986849	OK	 
REQUEST	Scen_1,SearchName_baker	Search_1	1621613987220	1621613988592	OK	 
REQUEST	Scen_1,SearchName_roger	Search_403328329	1621613986850	1621613989106	OK	 
GROUP	Scen_1,SearchName_roger	1621613985553	1621613989107	3551	OK
REQUEST	Scen_1,SearchName_baker	Search_1803327625	1621613988593	1621613989616	OK	 
GROUP	Scen_1,SearchName_baker	1621613987219	1621613989616	2395	OK
REQUEST	Scen_1,S_403328329	Select_roger	1621613990459	1621613990609	OK	 
REQUEST	Scen_1,S_403328329	request_1	1621613990611	1621613991352	OK	 
REQUEST	Scen_1,S_1803327625	Select_baker	1621613991204	1621613991388	OK	 
REQUEST	Scen_1,S_1803327625	request_1	1621613991389	1621613991939	OK	 
REQUEST	Scen_1,S_403328329	request_403328329	1621613991353	1621613997194	OK	 
GROUP	Scen_1,S_403328329	1621613990458	1621613997195	6732	OK
REQUEST	Scen_1,S_1803327625	request_1803327625	1621613991940	1621613998423	OK	 
GROUP	Scen_1,S_1803327625	1621613991204	1621613998423	7217	OK
REQUEST	Scen_1,DrillDown_roger	63702	1621613998533	1621613998715	OK	 
GROUP	Scen_1,DrillDown_roger	1621613998532	1621613998715	182	OK
GROUP	Scen_1	1621613963695	1621614000150	24161	OK
USER	Users_1	END	1621614000152
REQUEST	Scen_1,DrillDown_baker	68321	1621613999457	1621614000267	OK	 
GROUP	Scen_1,DrillDown_baker	1621613999456	1621614000267	810	OK
GROUP	Scen_1	1621613965624	1621614001859	24472	OK
USER	Users_1	END	1621614001859
