RUN	ocmlogin	ocmlogin	1630185278835	 	3.5.1
USER	ocmlogin	START	1630185282556
REQUEST		request_0	1630185282576	1630185288080	OK	 
REQUEST		request_1	1630185288310	1630185292248	OK	 
REQUEST		request_11	1630185289507	1630185292577	OK	 
REQUEST		request_9	1630185292239	1630185292613	OK	 
REQUEST		request_20	1630185288309	1630185292657	OK	 
REQUEST		request_29	1630185289715	1630185292691	OK	 
REQUEST		request_16	1630185292241	1630185292699	OK	 
REQUEST		request_12	1630185292240	1630185292702	OK	 
REQUEST		request_22	1630185292057	1630185292705	OK	 
REQUEST		request_31	1630185288312	1630185292706	OK	 
REQUEST		request_28	1630185288312	1630185292710	OK	 
REQUEST		request_45	1630185292153	1630185292721	OK	 
REQUEST		request_17	1630185292615	1630185292729	OK	 
REQUEST		request_2	1630185288311	1630185292736	OK	 
REQUEST		request_33	1630185288313	1630185292742	KO	status.find.in(200,201,202,203,204,205,206,207,208,209,304), found 400
REQUEST		request_14	1630185288228	1630185292744	OK	 
REQUEST		request_5	1630185289415	1630185292761	OK	 
REQUEST		request_18	1630185292700	1630185292814	OK	 
REQUEST		request_37	1630185289796	1630185292828	OK	 
REQUEST		request_39	1630185289715	1630185292848	OK	 
REQUEST		request_3	1630185289594	1630185292861	OK	 
REQUEST		request_15	1630185292240	1630185292875	OK	 
REQUEST		request_40	1630185289796	1630185292883	OK	 
REQUEST		request_21	1630185289798	1630185292887	OK	 
REQUEST		request_34	1630185289793	1630185292900	OK	 
REQUEST		request_7	1630185292154	1630185292920	OK	 
REQUEST		request_43	1630185292829	1630185292951	OK	 
REQUEST		request_23	1630185292058	1630185292970	OK	 
REQUEST		request_25	1630185292730	1630185293017	OK	 
REQUEST		request_38	1630185289714	1630185293019	OK	 
REQUEST		request_8	1630185292238	1630185293036	OK	 
REQUEST		request_35	1630185292152	1630185293061	OK	 
REQUEST		request_44	1630185292152	1630185293086	OK	 
REQUEST		request_32	1630185292151	1630185293118	OK	 
REQUEST		request_13	1630185288227	1630185293188	OK	 
REQUEST		request_42	1630185289798	1630185293209	OK	 
REQUEST		request_2	1630185292740	1630185293256	KO	status.find.in(200,201,202,203,204,205,206,207,208,209,304), found 401
REQUEST		request_30	1630185292148	1630185293287	OK	 
REQUEST		request_36	1630185289795	1630185293349	OK	 
REQUEST		request_24	1630185289712	1630185293513	OK	 
REQUEST		request_4	1630185288126	1630185293729	OK	 
REQUEST		request_41	1630185289797	1630185293763	OK	 
REQUEST		request_27	1630185289714	1630185293835	OK	 
REQUEST		request_19	1630185292703	1630185294336	OK	 
REQUEST		request_10	1630185292058	1630185295620	OK	 
REQUEST		request_26	1630185289713	1630185295985	OK	 
REQUEST		request_6	1630185288313	1630185296392	OK	 
USER	ocmlogin	END	1630185296407
