RUN	IQStage	iqstage	1630329941750	 	3.5.1
USER	IQStage	START	1630329945571
REQUEST		request_0	1630329945589	1630329947315	OK	 
REQUEST		request_20	1630329947762	1630329952463	OK	 
REQUEST		request_19	1630329950034	1630329952784	OK	 
REQUEST		request_11	1630329950033	1630329952794	OK	 
REQUEST		omni-chat-widget-settings.js	1630329947834	1630329952806	OK	 
REQUEST		request_16	1630329947761	1630329952850	OK	 
REQUEST		webapis-rtc-peer-connection.min.js	1630329952448	1630329952878	OK	 
REQUEST		request_6	1630329947760	1630329952881	OK	 
REQUEST		omni-chat-widget.css	1630329950033	1630329952929	OK	 
REQUEST		icon?family=Material+Icons	1630329947557	1630329952935	OK	 
REQUEST		request_2	1630329947558	1630329952939	OK	 
REQUEST		request_33	1630329947559	1630329952940	OK	 
REQUEST		request_51	1630329947761	1630329952952	OK	 
REQUEST		request_63	1630329952384	1630329952996	OK	 
REQUEST		request_72	1630329952385	1630329953010	OK	 
REQUEST		runtime.min.js	1630329952449	1630329953021	OK	 
REQUEST		request_60	1630329952383	1630329953026	OK	 
REQUEST		request_32	1630329947558	1630329953057	OK	 
REQUEST		request_64	1630329947829	1630329953060	OK	 
REQUEST		request_68	1630329947833	1630329953063	OK	 
REQUEST		request_65	1630329947832	1630329953065	KO	status.find.in(200,201,202,203,204,205,206,207,208,209,304), found 400
REQUEST		request_59	1630329952383	1630329953073	OK	 
REQUEST		request_51	1630329952953	1630329953084	OK	 
REQUEST		request_31	1630329952379	1630329953085	OK	 
REQUEST		named-exports.min.js	1630329953023	1630329953145	OK	 
REQUEST		request_35	1630329947691	1630329953153	OK	 
REQUEST		popper.min.js	1630329947631	1630329953160	OK	 
REQUEST		request_57	1630329952282	1630329953180	OK	 
REQUEST		request_21	1630329950035	1630329953189	OK	 
REQUEST		request_28	1630329952279	1630329953194	OK	 
REQUEST		request_71	1630329953062	1630329953195	OK	 
REQUEST		request_30	1630329952280	1630329953198	OK	 
REQUEST		request_27	1630329950106	1630329953203	OK	 
REQUEST		request_56	1630329952281	1630329953204	OK	 
REQUEST		request_61	1630329952283	1630329953205	KO	status.find.in(200,201,202,203,204,205,206,207,208,209,304), found 400
REQUEST		request_77	1630329953068	1630329953206	OK	 
REQUEST		zone.min.js	1630329952386	1630329953243	OK	 
REQUEST		request_30	1630329953202	1630329953278	KO	status.find.in(200,201,202,203,204,205,206,207,208,209,304), found 401
REQUEST		request_15	1630329947495	1630329953305	OK	 
REQUEST		request_76	1630329953064	1630329953328	OK	 
REQUEST		request_78	1630329953196	1630329953330	OK	 
REQUEST		global-this	1630329947695	1630329953339	OK	 
REQUEST		request_79	1630329953207	1630329953341	OK	 
REQUEST		jquery-3.3.1.slim.min.js	1630329947412	1630329953394	OK	 
REQUEST		zone-patch-user-media.js	1630329952449	1630329953405	OK	 
REQUEST		amd.min.js	1630329952880	1630329953411	OK	 
REQUEST		request_81	1630329952283	1630329953440	OK	 
REQUEST		request_82	1630329953330	1630329953462	OK	 
REQUEST		global-this	1630329953340	1630329953468	OK	 
REQUEST		request_1	1630329947557	1630329953475	OK	 
REQUEST		request_83	1630329953342	1630329953479	OK	 
REQUEST		request_13	1630329953412	1630329953540	OK	 
REQUEST		request_7	1630329953405	1630329953543	OK	 
REQUEST		omni-chat-widget.js	1630329950032	1630329953545	OK	 
REQUEST		request_40	1630329950105	1630329953577	OK	 
REQUEST		css2?family=Roboto:wght@300;400;500&display=swap	1630329947497	1630329953598	OK	 
REQUEST		system.min.js	1630329952451	1630329953621	OK	 
REQUEST		minified.min.js	1630329953146	1630329953628	OK	 
REQUEST		request_52	1630329947766	1630329953644	OK	 
REQUEST		request_69	1630329947834	1630329953664	OK	 
REQUEST		request_22	1630329953544	1630329953680	OK	 
REQUEST		import-map-overrides.js	1630329952450	1630329953757	OK	 
REQUEST		request_53	1630329953642	1630329953773	OK	 
REQUEST		request_74	1630329953681	1630329953817	OK	 
REQUEST		request_5	1630329947759	1630329953832	OK	 
REQUEST		request_46	1630329953625	1630329953871	OK	 
REQUEST		request_5	1630329953832	1630329953960	OK	 
REQUEST		request_84	1630329947692	1630329954034	OK	 
REQUEST		request_29	1630329947766	1630329954041	OK	 
REQUEST		request_58	1630329947829	1630329954049	OK	 
REQUEST		request_3	1630329953245	1630329954089	OK	 
REQUEST		request_67	1630329947833	1630329954099	OK	 
REQUEST		request_25	1630329947765	1630329954108	OK	 
REQUEST		request_85	1630329947695	1630329954211	OK	 
REQUEST		request_62	1630329954109	1630329954288	OK	 
REQUEST		request_75	1630329953760	1630329954343	OK	 
REQUEST		request_24	1630329947764	1630329954353	OK	 
REQUEST		request_17	1630329950104	1630329954385	OK	 
REQUEST		request_70	1630329954289	1630329954441	OK	 
REQUEST		request_80	1630329953329	1630329954489	KO	status.find.in(200,201,202,203,204,205,206,207,208,209,304), found 401
REQUEST		request_55	1630329953647	1630329954491	OK	 
REQUEST		request_18	1630329953542	1630329954854	OK	 
REQUEST		request_42	1630329947497	1630329955020	OK	 
REQUEST		request_36	1630329947630	1630329955159	OK	 
REQUEST		request_10	1630329947494	1630329955162	OK	 
REQUEST		jquery-2.2.4.min.js	1630329947493	1630329955206	OK	 
REQUEST		request_9	1630329947629	1630329955290	OK	 
REQUEST		bootstrap.min.js	1630329947560	1630329955398	OK	 
REQUEST		request_66	1630329947832	1630329955723	OK	 
REQUEST		request_34	1630329947496	1630329956779	OK	 
REQUEST		request_26	1630329947765	1630329957098	OK	 
REQUEST		request_73	1630329954354	1630329957675	OK	 
REQUEST		d3.v3.min.js	1630329950035	1630329958104	OK	 
REQUEST		request_44	1630329952786	1630329960544	OK	 
REQUEST		request_23	1630329947763	1630329960599	OK	 
REQUEST		request_54	1630329952468	1630329961362	OK	 
USER	IQStage	END	1630329961402
