RUN	MarsTest.Framework.MarsSim	marssim	1623879122865	MarsTest.Framework.MarsSim-SIMULATION_1_2:SIMULATION_2_0:SIMULATION_3_0:Iterations_10	3.5.1
USER	MarsTestApi5	START	1623879124354
REQUEST	MarsTestApi / API,GetProviderAddress		1623879124372	1623879124648	OK	 
GROUP	MarsTestApi / API,GetProviderAddress	1623879124357	1623879124660	276	OK
GROUP	MarsTestApi / API	1623879124357	1623879124661	276	OK
REQUEST	MarsTestApi / API,GetProviderAddress		1623879124663	1623879124726	OK	 
GROUP	MarsTestApi / API,GetProviderAddress	1623879124661	1623879124726	63	OK
GROUP	MarsTestApi / API	1623879124661	1623879124726	63	OK
REQUEST	MarsTestApi / API,GetProviderAddress		1623879124727	1623879124791	OK	 
GROUP	MarsTestApi / API,GetProviderAddress	1623879124727	1623879124791	64	OK
GROUP	MarsTestApi / API	1623879124727	1623879124791	64	OK
REQUEST	MarsTestApi / API,GetProviderAddress		1623879124792	1623879124856	OK	 
GROUP	MarsTestApi / API,GetProviderAddress	1623879124791	1623879124857	64	OK
GROUP	MarsTestApi / API	1623879124791	1623879124857	64	OK
REQUEST	MarsTestApi / API,GetProviderAddress		1623879124857	1623879124934	OK	 
GROUP	MarsTestApi / API,GetProviderAddress	1623879124857	1623879124934	77	OK
GROUP	MarsTestApi / API	1623879124857	1623879124934	77	OK
REQUEST	MarsTestApi / API,GetProviderAddress		1623879124934	1623879125004	OK	 
GROUP	MarsTestApi / API,GetProviderAddress	1623879124934	1623879125004	70	OK
GROUP	MarsTestApi / API	1623879124934	1623879125004	70	OK
REQUEST	MarsTestApi / API,GetProviderAddress		1623879125005	1623879125087	OK	 
GROUP	MarsTestApi / API,GetProviderAddress	1623879125004	1623879125087	82	OK
GROUP	MarsTestApi / API	1623879125004	1623879125088	82	OK
REQUEST	MarsTestApi / API,GetProviderAddress		1623879125088	1623879125153	OK	 
GROUP	MarsTestApi / API,GetProviderAddress	1623879125088	1623879125154	65	OK
GROUP	MarsTestApi / API	1623879125088	1623879125154	65	OK
REQUEST	MarsTestApi / API,GetProviderAddress		1623879125154	1623879125240	OK	 
GROUP	MarsTestApi / API,GetProviderAddress	1623879125154	1623879125241	86	OK
GROUP	MarsTestApi / API	1623879125154	1623879125241	86	OK
REQUEST	MarsTestApi / API,GetProviderAddress		1623879125241	1623879125312	OK	 
GROUP	MarsTestApi / API,GetProviderAddress	1623879125241	1623879125312	71	OK
GROUP	MarsTestApi / API	1623879125241	1623879125312	71	OK
USER	MarsTestApi5	END	1623879125315
USER	MarsTestApi5	START	1623879125351
REQUEST	MarsTestApi / API,GetProviderAddress		1623879125352	1623879125633	OK	 
GROUP	MarsTestApi / API,GetProviderAddress	1623879125351	1623879125633	281	OK
GROUP	MarsTestApi / API	1623879125351	1623879125633	281	OK
REQUEST	MarsTestApi / API,GetProviderAddress		1623879125634	1623879125704	OK	 
GROUP	MarsTestApi / API,GetProviderAddress	1623879125634	1623879125704	70	OK
GROUP	MarsTestApi / API	1623879125634	1623879125704	70	OK
REQUEST	MarsTestApi / API,GetProviderAddress		1623879125705	1623879125768	OK	 
GROUP	MarsTestApi / API,GetProviderAddress	1623879125704	1623879125768	63	OK
GROUP	MarsTestApi / API	1623879125704	1623879125768	63	OK
REQUEST	MarsTestApi / API,GetProviderAddress		1623879125769	1623879125833	OK	 
GROUP	MarsTestApi / API,GetProviderAddress	1623879125768	1623879125834	64	OK
GROUP	MarsTestApi / API	1623879125768	1623879125834	64	OK
REQUEST	MarsTestApi / API,GetProviderAddress		1623879125834	1623879125897	OK	 
GROUP	MarsTestApi / API,GetProviderAddress	1623879125834	1623879125898	63	OK
GROUP	MarsTestApi / API	1623879125834	1623879125898	63	OK
REQUEST	MarsTestApi / API,GetProviderAddress		1623879125898	1623879125962	OK	 
GROUP	MarsTestApi / API,GetProviderAddress	1623879125898	1623879125963	64	OK
GROUP	MarsTestApi / API	1623879125898	1623879125963	64	OK
REQUEST	MarsTestApi / API,GetProviderAddress		1623879125963	1623879126036	OK	 
GROUP	MarsTestApi / API,GetProviderAddress	1623879125963	1623879126037	73	OK
GROUP	MarsTestApi / API	1623879125963	1623879126037	73	OK
REQUEST	MarsTestApi / API,GetProviderAddress		1623879126037	1623879126097	OK	 
GROUP	MarsTestApi / API,GetProviderAddress	1623879126037	1623879126097	60	OK
GROUP	MarsTestApi / API	1623879126037	1623879126097	60	OK
REQUEST	MarsTestApi / API,GetProviderAddress		1623879126098	1623879126161	OK	 
GROUP	MarsTestApi / API,GetProviderAddress	1623879126097	1623879126162	63	OK
GROUP	MarsTestApi / API	1623879126097	1623879126162	63	OK
REQUEST	MarsTestApi / API,GetProviderAddress		1623879126163	1623879126225	OK	 
GROUP	MarsTestApi / API,GetProviderAddress	1623879126162	1623879126226	62	OK
GROUP	MarsTestApi / API	1623879126162	1623879126226	62	OK
USER	MarsTestApi5	END	1623879126227
