RUN	BO.Framework.BOSim	bosim	1626807271833	BO.Framework.BOSim-SIMULATION_1_5:SIMULATION_2_0:SIMULATION_3_0:Iterations_10	3.5.1
USER	Users_1	START	1626807273429
REQUEST	LOGIN,LOGIN	LOGIN	1626807273450	1626807274118	KO	status.find.in(200,201,202,203,204,205,206,207,208,209,304), found 400
REQUEST	LOGIN,LOGIN	request_11	1626807274127	1626807274476	OK	 
REQUEST	LOGIN,LOGIN	request_12	1626807274482	1626807274624	OK	 
REQUEST	LOGIN,LOGIN	request_13	1626807274624	1626807275123	OK	 
REQUEST	LOGIN,LOGIN	request_15	1626807275123	1626807275347	OK	 
REQUEST	LOGIN,LOGIN	lib-min-7e6d84b497.js	1626807275376	1626807275673	OK	 
REQUEST	LOGIN,LOGIN	consumer-f4de93c8c0.css	1626807275378	1626807275847	OK	 
REQUEST	LOGIN,LOGIN	favicon.ico	1626807275378	1626807275855	OK	 
REQUEST	LOGIN,LOGIN	consumer-optum3-b35069f230.css	1626807275378	1626807275856	OK	 
REQUEST	LOGIN,LOGIN	error-63062f7857.min.js	1626807275377	1626807275858	OK	 
REQUEST	LOGIN,LOGIN	uitk-req-min-d9a14967e2.css	1626807275378	1626807275929	OK	 
REQUEST	LOGIN,LOGIN	request_19	1626807275937	1626807276678	OK	 
REQUEST	LOGIN,LOGIN	publicSector.js	1626807276690	1626807276846	OK	 
REQUEST	LOGIN,LOGIN	providerExpress_logo.gif	1626807276846	1626807276934	OK	 
REQUEST	LOGIN,LOGIN	loading.gif	1626807276934	1626807277016	OK	 
REQUEST	LOGIN,LOGIN	home-bar.css	1626807276692	1626807277018	OK	 
REQUEST	LOGIN,LOGIN	sso.js	1626807276690	1626807277019	OK	 
REQUEST	LOGIN,LOGIN	tabs.css	1626807276691	1626807277023	OK	 
REQUEST	LOGIN,LOGIN	uolStyle.css	1626807276691	1626807277097	OK	 
REQUEST	LOGIN,LOGIN	space.gif	1626807277016	1626807277100	OK	 
REQUEST	LOGIN,LOGIN	jquery-3.3.1.slim.min.js	1626807276692	1626807277269	OK	 
REQUEST	LOGIN,LOGIN	request_23	1626807277270	1626807277355	OK	 
REQUEST	LOGIN,LOGIN	request_23 Redirect 1	1626807277358	1626807277538	OK	 
REQUEST	LOGIN,LOGIN	request_23 Redirect 2	1626807277539	1626807277700	OK	 
REQUEST	LOGIN,LOGIN	request_23 Redirect 3	1626807277701	1626807277953	OK	 
REQUEST	LOGIN,LOGIN	global-app-config.js	1626807277962	1626807278101	OK	 
REQUEST	LOGIN,LOGIN	uitk-req-min-945fd9447c.js	1626807277962	1626807278185	OK	 
REQUEST	LOGIN,LOGIN	uitk-req-min-d9a14967e2.css	1626807277961	1626807278187	OK	 
REQUEST	LOGIN,LOGIN	summer.js	1626807277960	1626807278188	OK	 
REQUEST	LOGIN,LOGIN	{{favIconPath}}	1626807277961	1626807278193	OK	 
REQUEST	LOGIN,LOGIN	prelogin-d014c3e614.min.js	1626807278102	1626807278246	OK	 
REQUEST	LOGIN,LOGIN	summer.js	1626807278188	1626807278321	OK	 
REQUEST	LOGIN,LOGIN	newrelic.js	1626807278186	1626807278324	OK	 
REQUEST	LOGIN,LOGIN	{{favIconPath}}	1626807278193	1626807278329	OK	 
REQUEST	LOGIN,LOGIN	lib-min-7e6d84b497.js	1626807277962	1626807278344	OK	 
REQUEST	LOGIN,LOGIN	request_51	1626807278345	1626807278900	OK	 
REQUEST	LOGIN,LOGIN	request_52	1626807278903	1626807279360	OK	 
REQUEST	LOGIN,LOGIN	request_53	1626807279361	1626807279555	OK	 
REQUEST	LOGIN,LOGIN	request_54	1626807279556	1626807279665	OK	 
REQUEST	LOGIN,LOGIN	request_55	1626807279666	1626807279794	OK	 
REQUEST	LOGIN,LOGIN	request_56	1626807279795	1626807279922	OK	 
REQUEST	LOGIN,LOGIN	request_57	1626807279922	1626807280157	OK	 
REQUEST	LOGIN,LOGIN	request_58	1626807280158	1626807280443	OK	 
REQUEST	LOGIN,LOGIN	request_60	1626807280444	1626807280570	OK	 
REQUEST	LOGIN,LOGIN	request_61	1626807280571	1626807281086	OK	 
GROUP	LOGIN,LOGIN	1626807273433	1626807281086	7559	KO
REQUEST	LOGIN,LOGGED_IN	request_65	1626807314479	1626807314810	OK	 
REQUEST	LOGIN,LOGGED_IN	request_65 Redirect 1	1626807314811	1626807314996	OK	 
REQUEST	LOGIN,LOGGED_IN	request_65 Redirect 2	1626807314997	1626807315162	OK	 
REQUEST	LOGIN,LOGGED_IN	request_65 Redirect 3	1626807315163	1626807315425	OK	 
REQUEST	LOGIN,LOGGED_IN	summer.js	1626807315427	1626807315650	OK	 
REQUEST	LOGIN,LOGGED_IN	{{favIconPath}}	1626807315427	1626807315698	OK	 
REQUEST	LOGIN,LOGGED_IN	request_68	1626807315699	1626807315876	OK	 
REQUEST	LOGIN,LOGGED_IN	request_70	1626807315877	1626807316037	OK	 
REQUEST	LOGIN,LOGGED_IN	request_71	1626807316038	1626807316144	OK	 
REQUEST	LOGIN,LOGGED_IN	request_74	1626807316145	1626807316540	OK	 
REQUEST	LOGIN,LOGGED_IN	request_76	1626807316541	1626807316784	OK	 
REQUEST	LOGIN,LOGGED_IN	request_79	1626807316785	1626807317657	OK	 
REQUEST	LOGIN,LOGGED_IN	request_89	1626807317658	1626807318882	OK	 
REQUEST	LOGIN,LOGGED_IN	request_90	1626807318883	1626807320421	OK	 
REQUEST	LOGIN,LOGGED_IN	request_92	1626807320422	1626807320550	OK	 
REQUEST	LOGIN,LOGGED_IN	request_93	1626807320551	1626807320749	OK	 
REQUEST	LOGIN,LOGGED_IN	request_98	1626807320752	1626807321038	OK	 
REQUEST	LOGIN,LOGGED_IN	request_99	1626807321039	1626807321331	OK	 
REQUEST	LOGIN,LOGGED_IN	request_101	1626807321332	1626807321428	OK	 
GROUP	LOGIN,LOGGED_IN	1626807314479	1626807321430	6930	OK
REQUEST	LOGIN,SEARCH	request_3	1626807325752	1626807326078	OK	 
REQUEST	LOGIN,SEARCH	request_4	1626807326079	1626807326164	OK	 
REQUEST	LOGIN,SEARCH	request_4 Redirect 1	1626807326165	1626807326353	OK	 
REQUEST	LOGIN,SEARCH	request_4 Redirect 2	1626807326353	1626807326517	OK	 
REQUEST	LOGIN,SEARCH	request_4 Redirect 3	1626807326517	1626807326698	OK	 
REQUEST	LOGIN,SEARCH	{{favIconPath}}	1626807326700	1626807326935	OK	 
REQUEST	LOGIN,SEARCH	summer.js	1626807326700	1626807327013	OK	 
REQUEST	LOGIN,SEARCH	request_6	1626807327014	1626807327170	OK	 
REQUEST	LOGIN,SEARCH	request_7	1626807327172	1626807327255	OK	 
REQUEST	LOGIN,SEARCH	request_8	1626807327256	1626807327363	OK	 
REQUEST	LOGIN,SEARCH	request_11	1626807327364	1626807327443	OK	 
REQUEST	LOGIN,SEARCH	request_12	1626807327444	1626807327579	OK	 
REQUEST	LOGIN,SEARCH	request_18	1626807327580	1626807327666	OK	 
REQUEST	LOGIN,SEARCH	request_26	1626807327667	1626807329230	OK	 
REQUEST	LOGIN,SEARCH	request_27	1626807329231	1626807329312	OK	 
REQUEST	LOGIN,SEARCH	request_29	1626807329313	1626807329464	OK	 
REQUEST	LOGIN,SEARCH	request_30	1626807329464	1626807329616	OK	 
REQUEST	LOGIN,SEARCH	request_35	1626807329618	1626807329904	OK	 
REQUEST	LOGIN,SEARCH	request_36	1626807329904	1626807330254	OK	 
GROUP	LOGIN,SEARCH	1626807325751	1626807330255	4487	OK
GROUP	LOGIN	1626807273431	1626807334106	18976	KO
USER	Users_1	END	1626807334111
