RUN	JJ.Framework.JJSim	jjsim	1622676441585	JJ.Framework.JJSim-SIMULATION_1_1:SIMULATION_2_0:SIMULATION_3_0:SIMULATION_4_0:Iterations_13	3.5.1
USER	Users_1	START	1622676443035
REQUEST	NPI,NPI	NPI_1245318229	1622676443055	1622676449209	OK	 
GROUP	NPI,NPI	1622676443040	1622676449250	6154	OK
GROUP	NPI	1622676443038	1622676450760	6154	OK
REQUEST	NPI,NPI	NPI_1821049651	1622676450765	1622676450936	OK	 
GROUP	NPI,NPI	1622676450762	1622676450938	171	OK
GROUP	NPI	1622676450761	1622676452227	171	OK
REQUEST	NPI,NPI	NPI_1114976883	1622676452229	1622676452418	OK	 
GROUP	NPI,NPI	1622676452228	1622676452420	189	OK
GROUP	NPI	1622676452227	1622676453536	189	OK
REQUEST	NPI,NPI	NPI_1740270032	1622676453538	1622676453694	OK	 
GROUP	NPI,NPI	1622676453537	1622676453696	156	OK
GROUP	NPI	1622676453536	1622676454898	156	OK
REQUEST	NPI,NPI	NPI_1245419696	1622676454900	1622676455063	OK	 
GROUP	NPI,NPI	1622676454899	1622676455064	163	OK
GROUP	NPI	1622676454898	1622676456661	163	OK
REQUEST	NPI,NPI	NPI_1942331400	1622676456663	1622676456877	OK	 
GROUP	NPI,NPI	1622676456662	1622676456879	214	OK
GROUP	NPI	1622676456662	1622676458659	214	OK
REQUEST	NPI,NPI	NPI_1144239955	1622676458661	1622676459037	OK	 
GROUP	NPI,NPI	1622676458660	1622676459039	376	OK
GROUP	NPI	1622676458659	1622676460630	376	OK
REQUEST	NPI,NPI	NPI_1538137419	1622676460632	1622676460821	OK	 
GROUP	NPI,NPI	1622676460631	1622676460822	189	OK
GROUP	NPI	1622676460630	1622676462546	189	OK
REQUEST	NPI,NPI	NPI_1306830377	1622676462548	1622676462703	OK	 
GROUP	NPI,NPI	1622676462547	1622676462705	155	OK
GROUP	NPI	1622676462546	1622676463913	155	OK
REQUEST	NPI,NPI	NPI_1962487256	1622676463914	1622676464463	OK	 
GROUP	NPI,NPI	1622676463913	1622676464464	549	OK
GROUP	NPI	1622676463913	1622676466383	549	OK
REQUEST	NPI,NPI	NPI_1902890692	1622676466384	1622676466563	OK	 
GROUP	NPI,NPI	1622676466383	1622676466565	179	OK
GROUP	NPI	1622676466383	1622676468340	179	OK
REQUEST	NPI,NPI	NPI_1932411584	1622676468342	1622676469174	OK	 
GROUP	NPI,NPI	1622676468341	1622676469176	832	OK
GROUP	NPI	1622676468341	1622676470717	832	OK
REQUEST	NPI,NPI	NPI_1275929051	1622676470718	1622676470881	OK	 
GROUP	NPI,NPI	1622676470717	1622676470883	163	OK
GROUP	NPI	1622676470717	1622676472840	163	OK
USER	Users_1	END	1622676472844
