RUN	JJ.Framework.JJSim	jjsim	1622664998110	JJ.Framework.JJSim-SIMULATION_1_0:SIMULATION_2_0:SIMULATION_3_1:SIMULATION_4_0:Iterations_10	3.5.1
USER	Users_3	START	1622664999569
REQUEST	LName,LN	LName_Smith	1622664999591	1622665007891	KO	status.find.in(200,201,202,203,204,205,206,207,208,209,304), found 500
GROUP	LName,LN	1622664999574	1622665007912	8300	KO
GROUP	LName	1622664999572	1622665009738	8300	KO
REQUEST	LName,LN	LName_Jones	1622665009743	1622665010917	KO	status.find.in(200,201,202,203,204,205,206,207,208,209,304), found 500
GROUP	LName,LN	1622665009740	1622665010918	1174	KO
GROUP	LName	1622665009739	1622665012891	1174	KO
REQUEST	LName,LN	LName_Rogers	1622665012893	1622665013386	KO	status.find.in(200,201,202,203,204,205,206,207,208,209,304), found 500
GROUP	LName,LN	1622665012892	1622665013387	493	KO
GROUP	LName	1622665012892	1622665014640	493	KO
REQUEST	LName,LN	LName_Smith	1622665014642	1622665014943	KO	status.find.in(200,201,202,203,204,205,206,207,208,209,304), found 500
GROUP	LName,LN	1622665014641	1622665014944	301	KO
GROUP	LName	1622665014641	1622665016492	301	KO
REQUEST	LName,LN	LName_Smith	1622665016494	1622665016893	KO	status.find.in(200,201,202,203,204,205,206,207,208,209,304), found 500
GROUP	LName,LN	1622665016493	1622665016894	399	KO
GROUP	LName	1622665016493	1622665018478	399	KO
REQUEST	LName,LN	LName_Jones	1622665018480	1622665018803	KO	status.find.in(200,201,202,203,204,205,206,207,208,209,304), found 500
GROUP	LName,LN	1622665018479	1622665018803	323	KO
GROUP	LName	1622665018479	1622665020061	323	KO
REQUEST	LName,LN	LName_Rogers	1622665020062	1622665020680	KO	status.find.in(200,201,202,203,204,205,206,207,208,209,304), found 500
GROUP	LName,LN	1622665020062	1622665020681	618	KO
GROUP	LName	1622665020061	1622665022435	618	KO
REQUEST	LName,LN	LName_Smith	1622665022436	1622665022832	KO	status.find.in(200,201,202,203,204,205,206,207,208,209,304), found 500
GROUP	LName,LN	1622665022435	1622665022832	396	KO
GROUP	LName	1622665022435	1622665023962	396	KO
REQUEST	LName,LN	LName_Jones	1622665023963	1622665024572	KO	status.find.in(200,201,202,203,204,205,206,207,208,209,304), found 500
GROUP	LName,LN	1622665023962	1622665024573	609	KO
GROUP	LName	1622665023962	1622665026081	609	KO
REQUEST	LName,LN	LName_Rogers	1622665026082	1622665026444	KO	status.find.in(200,201,202,203,204,205,206,207,208,209,304), found 500
GROUP	LName,LN	1622665026082	1622665026445	362	KO
GROUP	LName	1622665026081	1622665027762	362	KO
USER	Users_3	END	1622665027764
