RUN	Boo2.Framework.Boo2	boo2	1623338233007	 	3.5.1
USER	Boo2	START	1623338235116
REQUEST		LOGIN	1623338235130	1623338235803	OK	 
REQUEST		request_1	1623338235832	1623338236281	OK	 
REQUEST		request_4	1623338235834	1623338236544	OK	 
REQUEST		request_12	1623338236145	1623338236549	OK	 
REQUEST		request_15	1623338236146	1623338236561	OK	 
REQUEST		request_14	1623338236146	1623338236564	OK	 
REQUEST		request_45	1623338236260	1623338236568	OK	 
REQUEST		request_2	1623338235833	1623338236576	OK	 
REQUEST		request_5	1623338235835	1623338236578	OK	 
REQUEST		request_11	1623338236144	1623338236603	OK	 
REQUEST		request_3	1623338236147	1623338236614	OK	 
REQUEST		request_48	1623338236262	1623338236622	OK	 
REQUEST		request_16	1623338236560	1623338236628	OK	 
REQUEST		request_52	1623338236019	1623338236630	OK	 
REQUEST		request_43	1623338236257	1623338236644	OK	 
REQUEST		request_4	1623338236547	1623338236648	OK	 
REQUEST		request_6	1623338235835	1623338236666	OK	 
REQUEST		request_42	1623338236149	1623338236673	OK	 
REQUEST		request_46	1623338236261	1623338236676	OK	 
REQUEST		request_19	1623338236607	1623338236677	OK	 
REQUEST		request_47	1623338236262	1623338236687	OK	 
REQUEST		request_20	1623338236629	1623338236696	OK	 
REQUEST		request_17	1623338236562	1623338236698	OK	 
REQUEST		request_18	1623338236566	1623338236704	OK	 
REQUEST		request_13	1623338236145	1623338236710	OK	 
REQUEST		request_50	1623338236624	1623338236712	OK	 
REQUEST		request_10	1623338236143	1623338236726	OK	 
REQUEST		request_6	1623338236678	1623338236751	OK	 
REQUEST		request_51	1623338236645	1623338236753	OK	 
REQUEST		request_23	1623338236699	1623338236766	OK	 
REQUEST		request_22	1623338236697	1623338236768	OK	 
REQUEST		request_44	1623338236260	1623338236771	OK	 
REQUEST		request_24	1623338236705	1623338236780	OK	 
REQUEST		request_26	1623338236727	1623338236796	OK	 
REQUEST		request_49	1623338236569	1623338236813	OK	 
REQUEST		request_29	1623338236769	1623338236836	OK	 
REQUEST		request_28	1623338236767	1623338236838	OK	 
REQUEST		request_30	1623338236781	1623338236849	OK	 
REQUEST		request_31	1623338236797	1623338236864	OK	 
REQUEST		request_32	1623338236837	1623338236909	OK	 
REQUEST		request_9	1623338235836	1623338236913	OK	 
REQUEST		request_25	1623338236711	1623338236916	OK	 
REQUEST		request_35	1623338236850	1623338236925	OK	 
REQUEST		request_36	1623338236865	1623338236935	OK	 
REQUEST		request_37	1623338236910	1623338236981	OK	 
REQUEST		request_39	1623338236918	1623338236983	OK	 
REQUEST		request_41	1623338236936	1623338237001	OK	 
REQUEST		request_40	1623338236926	1623338237016	OK	 
REQUEST		request_27	1623338236752	1623338237157	OK	 
REQUEST		request_33	1623338236839	1623338237416	OK	 
REQUEST		SEARCHPAGE	1623338242425	1623338242700	OK	 
REQUEST		SEARCH_MEMBER	1623338247703	1623338248262	OK	 
REQUEST		request_83	1623338248273	1623338248380	OK	 
REQUEST		request_55	1623338248270	1623338248476	OK	 
REQUEST		request_89	1623338248274	1623338248479	OK	 
REQUEST		request_90	1623338248275	1623338248495	OK	 
REQUEST		request_68	1623338248476	1623338248544	OK	 
REQUEST		request_67	1623338248273	1623338248546	OK	 
REQUEST		request_63	1623338248271	1623338248557	OK	 
REQUEST		request_65	1623338248272	1623338248560	OK	 
REQUEST		request_69	1623338248545	1623338248612	OK	 
REQUEST		request_66	1623338248273	1623338248626	OK	 
REQUEST		request_71	1623338248558	1623338248629	OK	 
REQUEST		request_72	1623338248561	1623338248631	OK	 
REQUEST		request_55	1623338248477	1623338248635	OK	 
REQUEST		request_70	1623338248547	1623338248679	OK	 
REQUEST		request_73	1623338248613	1623338248683	OK	 
REQUEST		request_75	1623338248630	1623338248695	OK	 
REQUEST		request_76	1623338248631	1623338248701	OK	 
REQUEST		request_74	1623338248627	1623338248709	OK	 
REQUEST		request_64	1623338248272	1623338248728	OK	 
REQUEST		request_77	1623338248680	1623338248747	OK	 
REQUEST		request_55	1623338248636	1623338248756	OK	 
REQUEST		request_78	1623338248684	1623338248762	OK	 
REQUEST		request_84	1623338248274	1623338248824	OK	 
REQUEST		request_55	1623338248756	1623338248963	OK	 
REQUEST		request_80	1623338248701	1623338249136	OK	 
REQUEST		request_81	1623338248710	1623338249338	OK	 
REQUEST		request_79	1623338248697	1623338249425	OK	 
USER	Boo2	END	1623338249463
