RUN	StarTest.Framework.StarSim	starsim	1625964059540	StarTest.Framework.StarSim-SIMULATION_1_20:SIMULATION_2_0:SIMULATION_3_0:Iterations_100	3.5.1
USER	Users_1	START	1625964060958
REQUEST	Authenticate	Authenticate	1625964060982	1625964061250	OK	 
GROUP	Authenticate	1625964060960	1625964061268	268	OK
REQUEST	GetStarNote	GetStarNote	1625964061274	1625964061606	OK	 
GROUP	GetStarNote	1625964061270	1625964061609	332	OK
REQUEST	GetEpisodeOfCare	GetEpisodeOfCare	1625964063203	1625964063689	OK	 
GROUP	GetEpisodeOfCare	1625964063201	1625964063690	486	OK
REQUEST	GetStarUIMemberList	GetStarUIMemberList	1625964065678	1625964066410	OK	 
GROUP	GetStarUIMemberList	1625964065677	1625964066412	732	OK
USER	Users_1	START	1625964066953
REQUEST	Authenticate	Authenticate	1625964066954	1625964067220	OK	 
GROUP	Authenticate	1625964066953	1625964067222	266	OK
REQUEST	GetStarNote	GetStarNote	1625964067223	1625964067586	OK	 
GROUP	GetStarNote	1625964067222	1625964067587	363	OK
REQUEST	GetEpisodeOfCare	GetEpisodeOfCare	1625964069470	1625964069935	OK	 
GROUP	GetEpisodeOfCare	1625964069469	1625964069936	465	OK
REQUEST	GetStarUIMemberDetail	GetStarUIMemberDetail	1625964069399	1625964069935	OK	 
GROUP	GetStarUIMemberDetail	1625964069398	1625964069936	536	OK
REQUEST	GetStarUIMemberList	GetStarUIMemberList	1625964071117	1625964071836	OK	 
GROUP	GetStarUIMemberList	1625964071116	1625964071837	719	OK
REQUEST	ChatTranscript	ChatTranscript	1625964072165	1625964072266	OK	 
GROUP	ChatTranscript	1625964072164	1625964072267	101	OK
USER	Users_1	START	1625964072948
REQUEST	Authenticate	Authenticate	1625964072949	1625964073234	OK	 
GROUP	Authenticate	1625964072948	1625964073235	285	OK
USER	Users_1	START	1625964078948
REQUEST	GetStarNote	GetStarNote	1625964073236	1625964083318	KO	i.n.h.s.SslHandshakeTimeoutException: handshake timed out after 10000ms
GROUP	GetStarNote	1625964073235	1625964083322	10082	KO
USER	Users_1	START	1625964084949
REQUEST	Authenticate	Authenticate	1625964078948	1625964088952	KO	i.n.c.ConnectTimeoutException: connection timed out: pike-api-star-stg.origin-ctc-core.optum.com/10.223.193.236:443
GROUP	Authenticate	1625964078948	1625964088953	10004	KO
ERROR	GetStarNote: Failed to build request: No attribute named 'auth_token' is defined 	1625964088954
GROUP	GetStarNote	1625964088953	1625964088954	0	KO
ERROR	GetEpisodeOfCare: Failed to build request: No attribute named 'auth_token' is defined 	1625964090827
GROUP	GetEpisodeOfCare	1625964090827	1625964090828	0	KO
USER	Users_1	START	1625964090949
ERROR	GetStarUIMemberList: Failed to build request: No attribute named 'auth_token' is defined 	1625964093247
GROUP	GetStarUIMemberList	1625964093247	1625964093247	0	KO
REQUEST	Authenticate	Authenticate	1625964084949	1625964094953	KO	i.n.c.ConnectTimeoutException: connection timed out: pike-api-star-stg.origin-ctc-core.optum.com/10.223.193.236:443
GROUP	Authenticate	1625964084949	1625964094954	10004	KO
ERROR	GetStarNote: Failed to build request: No attribute named 'auth_token' is defined 	1625964094955
GROUP	GetStarNote	1625964094955	1625964094955	0	KO
REQUEST	GetEpisodeOfCare	GetEpisodeOfCare	1625964085298	1625964095300	KO	i.n.c.ConnectTimeoutException: connection timed out: coho-api-star-stg.origin-ctc-core.optum.com/10.223.193.236:443
GROUP	GetEpisodeOfCare	1625964085297	1625964095301	10002	KO
ERROR	GetStarUIMemberDetail: Failed to build request: No attribute named 'auth_token' is defined 	1625964096104
GROUP	GetStarUIMemberDetail	1625964096104	1625964096105	0	KO
ERROR	GetEpisodeOfCare: Failed to build request: No attribute named 'auth_token' is defined 	1625964096254
GROUP	GetEpisodeOfCare	1625964096253	1625964096254	0	KO
USER	Users_1	START	1625964096952
ERROR	ChatTranscript: Failed to build request: No attribute named 'auth_token' is defined 	1625964097509
GROUP	ChatTranscript	1625964097509	1625964097509	0	KO
ERROR	GetStarUIMemberList: Failed to build request: No attribute named 'auth_token' is defined 	1625964098381
GROUP	GetStarUIMemberList	1625964098381	1625964098382	0	KO
ERROR	GetStarNote: Failed to build request: No attribute named 'auth_token' is defined 	1625964098757
GROUP	GetStarNote	1625964098756	1625964098757	0	KO
ERROR	GetStarUIMemberDetail: Failed to build request: No attribute named 'auth_token' is defined 	1625964100617
GROUP	GetStarUIMemberDetail	1625964100617	1625964100618	0	KO
REQUEST	Authenticate	Authenticate	1625964090949	1625964100952	KO	i.n.c.ConnectTimeoutException: connection timed out: pike-api-star-stg.origin-ctc-core.optum.com/10.223.193.236:443
GROUP	Authenticate	1625964090949	1625964100952	10003	KO
ERROR	GetStarNote: Failed to build request: No attribute named 'auth_token' is defined 	1625964100953
GROUP	GetStarNote	1625964100953	1625964100953	0	KO
ERROR	GetEpisodeOfCare: Failed to build request: No attribute named 'auth_token' is defined 	1625964101102
GROUP	GetEpisodeOfCare	1625964101102	1625964101103	0	KO
ERROR	ChatTranscript: Failed to build request: No attribute named 'auth_token' is defined 	1625964101809
GROUP	ChatTranscript	1625964101808	1625964101809	0	KO
USER	Users_1	START	1625964102952
ERROR	GetEpisodeOfCare: Failed to build request: No attribute named 'auth_token' is defined 	1625964103017
GROUP	GetEpisodeOfCare	1625964103017	1625964103017	0	KO
ERROR	GetStarUIMemberList: Failed to build request: No attribute named 'auth_token' is defined 	1625964103039
GROUP	GetStarUIMemberList	1625964103039	1625964103040	0	KO
ERROR	GetStarUIMemberList: Failed to build request: No attribute named 'auth_token' is defined 	1625964104322
GROUP	GetStarUIMemberList	1625964104321	1625964104322	0	KO
ERROR	GetStarUIMemberDetail: Failed to build request: No attribute named 'auth_token' is defined 	1625964104373
GROUP	GetStarUIMemberDetail	1625964104373	1625964104373	0	KO
ERROR	GetStarNote: Failed to build request: No attribute named 'auth_token' is defined 	1625964104448
GROUP	GetStarNote	1625964104447	1625964104448	0	KO
ERROR	GetStarUIMemberDetail: Failed to build request: No attribute named 'auth_token' is defined 	1625964105741
GROUP	GetStarUIMemberDetail	1625964105740	1625964105741	0	KO
ERROR	ChatTranscript: Failed to build request: No attribute named 'auth_token' is defined 	1625964106091
GROUP	ChatTranscript	1625964106091	1625964106092	0	KO
ERROR	GetEpisodeOfCare: Failed to build request: No attribute named 'auth_token' is defined 	1625964106449
GROUP	GetEpisodeOfCare	1625964106449	1625964106450	0	KO
REQUEST	Authenticate	Authenticate	1625964096954	1625964106961	KO	i.n.c.ConnectTimeoutException: connection timed out: pike-api-star-stg.origin-ctc-core.optum.com/10.223.193.236:443
GROUP	Authenticate	1625964096953	1625964106961	10007	KO
ERROR	GetStarNote: Failed to build request: No attribute named 'auth_token' is defined 	1625964106962
GROUP	GetStarNote	1625964106962	1625964106962	0	KO
ERROR	ChatTranscript: Failed to build request: No attribute named 'auth_token' is defined 	1625964107338
GROUP	ChatTranscript	1625964107338	1625964107338	0	KO
REQUEST	GetStarUIMemberList	GetStarUIMemberList	1625964097530	1625964107535	KO	i.n.c.ConnectTimeoutException: connection timed out: coho-api-star-stg.origin-ctc-core.optum.com/10.223.193.236:443
GROUP	GetStarUIMemberList	1625964097530	1625964107536	10005	KO
ERROR	GetStarNote: Failed to build request: No attribute named 'auth_token' is defined 	1625964108604
GROUP	GetStarNote	1625964108604	1625964108604	0	KO
USER	Users_1	START	1625964108952
ERROR	GetStarUIMemberList: Failed to build request: No attribute named 'auth_token' is defined 	1625964109067
GROUP	GetStarUIMemberList	1625964109067	1625964109067	0	KO
ERROR	GetEpisodeOfCare: Failed to build request: No attribute named 'auth_token' is defined 	1625964109385
GROUP	GetEpisodeOfCare	1625964109385	1625964109386	0	KO
ERROR	GetStarNote: Failed to build request: No attribute named 'auth_token' is defined 	1625964109501
GROUP	GetStarNote	1625964109501	1625964109502	0	KO
ERROR	GetEpisodeOfCare: Failed to build request: No attribute named 'auth_token' is defined 	1625964110869
GROUP	GetEpisodeOfCare	1625964110869	1625964110869	0	KO
ERROR	GetStarUIMemberDetail: Failed to build request: No attribute named 'auth_token' is defined 	1625964110909
GROUP	GetStarUIMemberDetail	1625964110908	1625964110909	0	KO
ERROR	GetStarUIMemberList: Failed to build request: No attribute named 'auth_token' is defined 	1625964111003
GROUP	GetStarUIMemberList	1625964111003	1625964111004	0	KO
ERROR	GetEpisodeOfCare: Failed to build request: No attribute named 'auth_token' is defined 	1625964111569
GROUP	GetEpisodeOfCare	1625964111568	1625964111569	0	KO
REQUEST	Authenticate	Authenticate	1625964102953	1625964112959	KO	i.n.c.ConnectTimeoutException: connection timed out: pike-api-star-stg.origin-ctc-core.optum.com/10.223.193.236:443
GROUP	Authenticate	1625964102953	1625964112959	10006	KO
ERROR	GetStarNote: Failed to build request: No attribute named 'auth_token' is defined 	1625964112960
GROUP	GetStarNote	1625964112960	1625964112960	0	KO
ERROR	GetStarUIMemberDetail: Failed to build request: No attribute named 'auth_token' is defined 	1625964113321
GROUP	GetStarUIMemberDetail	1625964113320	1625964113321	0	KO
ERROR	ChatTranscript: Failed to build request: No attribute named 'auth_token' is defined 	1625964113344
GROUP	ChatTranscript	1625964113344	1625964113344	0	KO
ERROR	GetStarUIMemberList: Failed to build request: No attribute named 'auth_token' is defined 	1625964113387
GROUP	GetStarUIMemberList	1625964113387	1625964113387	0	KO
ERROR	GetEpisodeOfCare: Failed to build request: No attribute named 'auth_token' is defined 	1625964114062
GROUP	GetEpisodeOfCare	1625964114062	1625964114062	0	KO
ERROR	GetStarUIMemberList: Failed to build request: No attribute named 'auth_token' is defined 	1625964114389
GROUP	GetStarUIMemberList	1625964114389	1625964114390	0	KO
USER	Users_1	START	1625964114948
ERROR	ChatTranscript: Failed to build request: No attribute named 'auth_token' is defined 	1625964115570
GROUP	ChatTranscript	1625964115570	1625964115571	0	KO
ERROR	GetStarUIMemberDetail: Failed to build request: No attribute named 'auth_token' is defined 	1625964116022
GROUP	GetStarUIMemberDetail	1625964116021	1625964116022	0	KO
ERROR	GetStarNote: Failed to build request: No attribute named 'auth_token' is defined 	1625964116104
GROUP	GetStarNote	1625964116104	1625964116104	0	KO
ERROR	GetStarUIMemberList: Failed to build request: No attribute named 'auth_token' is defined 	1625964116411
GROUP	GetStarUIMemberList	1625964116411	1625964116411	0	KO
ERROR	GetStarUIMemberDetail: Failed to build request: No attribute named 'auth_token' is defined 	1625964116930
GROUP	GetStarUIMemberDetail	1625964116930	1625964116931	0	KO
ERROR	GetEpisodeOfCare: Failed to build request: No attribute named 'auth_token' is defined 	1625964117557
GROUP	GetEpisodeOfCare	1625964117557	1625964117558	0	KO
ERROR	GetStarUIMemberDetail: Failed to build request: No attribute named 'auth_token' is defined 	1625964117988
GROUP	GetStarUIMemberDetail	1625964117987	1625964117988	0	KO
ERROR	GetStarNote: Failed to build request: No attribute named 'auth_token' is defined 	1625964118031
GROUP	GetStarNote	1625964118031	1625964118032	0	KO
REQUEST	Authenticate	Authenticate	1625964108953	1625964118957	KO	i.n.c.ConnectTimeoutException: connection timed out: pike-api-star-stg.origin-ctc-core.optum.com/10.223.193.236:443
GROUP	Authenticate	1625964108953	1625964118958	10004	KO
ERROR	GetStarNote: Failed to build request: No attribute named 'auth_token' is defined 	1625964118959
GROUP	GetStarNote	1625964118958	1625964118959	0	KO
ERROR	ChatTranscript: Failed to build request: No attribute named 'auth_token' is defined 	1625964119008
GROUP	ChatTranscript	1625964119007	1625964119008	0	KO
ERROR	ChatTranscript: Failed to build request: No attribute named 'auth_token' is defined 	1625964119171
GROUP	ChatTranscript	1625964119171	1625964119172	0	KO
REQUEST	GetStarUIMemberDetail	GetStarUIMemberDetail	1625964109288	1625964119291	KO	i.n.c.ConnectTimeoutException: connection timed out: coho-api-star-stg.origin-ctc-core.optum.com/10.223.193.236:443
GROUP	GetStarUIMemberDetail	1625964109287	1625964119292	10003	KO
ERROR	ChatTranscript: Failed to build request: No attribute named 'auth_token' is defined 	1625964119430
GROUP	ChatTranscript	1625964119430	1625964119430	0	KO
ERROR	GetEpisodeOfCare: Failed to build request: No attribute named 'auth_token' is defined 	1625964120083
GROUP	GetEpisodeOfCare	1625964120083	1625964120083	0	KO
ERROR	GetStarNote: Failed to build request: No attribute named 'auth_token' is defined 	1625964120097
GROUP	GetStarNote	1625964120097	1625964120098	0	KO
ERROR	GetStarUIMemberList: Failed to build request: No attribute named 'auth_token' is defined 	1625964120124
GROUP	GetStarUIMemberList	1625964120124	1625964120124	0	KO
ERROR	GetStarNote: Failed to build request: No attribute named 'auth_token' is defined 	1625964120491
GROUP	GetStarNote	1625964120491	1625964120492	0	KO
USER	Users_1	START	1625964120950
ERROR	GetEpisodeOfCare: Failed to build request: No attribute named 'auth_token' is defined 	1625964120974
GROUP	GetEpisodeOfCare	1625964120974	1625964120974	0	KO
ERROR	GetStarNote: Failed to build request: No attribute named 'auth_token' is defined 	1625964121069
GROUP	GetStarNote	1625964121068	1625964121069	0	KO
ERROR	GetEpisodeOfCare: Failed to build request: No attribute named 'auth_token' is defined 	1625964121392
GROUP	GetEpisodeOfCare	1625964121392	1625964121393	0	KO
ERROR	GetStarUIMemberDetail: Failed to build request: No attribute named 'auth_token' is defined 	1625964121521
GROUP	GetStarUIMemberDetail	1625964121521	1625964121521	0	KO
ERROR	GetStarUIMemberList: Failed to build request: No attribute named 'auth_token' is defined 	1625964122143
GROUP	GetStarUIMemberList	1625964122143	1625964122143	0	KO
ERROR	GetEpisodeOfCare: Failed to build request: No attribute named 'auth_token' is defined 	1625964122541
GROUP	GetEpisodeOfCare	1625964122541	1625964122542	0	KO
ERROR	GetStarUIMemberList: Failed to build request: No attribute named 'auth_token' is defined 	1625964122611
GROUP	GetStarUIMemberList	1625964122611	1625964122612	0	KO
ERROR	ChatTranscript: Failed to build request: No attribute named 'auth_token' is defined 	1625964123016
GROUP	ChatTranscript	1625964123016	1625964123017	0	KO
ERROR	GetEpisodeOfCare: Failed to build request: No attribute named 'auth_token' is defined 	1625964123271
GROUP	GetEpisodeOfCare	1625964123271	1625964123271	0	KO
ERROR	GetStarUIMemberDetail: Failed to build request: No attribute named 'auth_token' is defined 	1625964123720
GROUP	GetStarUIMemberDetail	1625964123720	1625964123721	0	KO
ERROR	GetStarUIMemberList: Failed to build request: No attribute named 'auth_token' is defined 	1625964123968
GROUP	GetStarUIMemberList	1625964123968	1625964123968	0	KO
ERROR	GetStarUIMemberList: Failed to build request: No attribute named 'auth_token' is defined 	1625964124183
GROUP	GetStarUIMemberList	1625964124183	1625964124183	0	KO
ERROR	GetStarNote: Failed to build request: No attribute named 'auth_token' is defined 	1625964124374
GROUP	GetStarNote	1625964124373	1625964124374	0	KO
ERROR	GetStarUIMemberDetail: Failed to build request: No attribute named 'auth_token' is defined 	1625964124798
GROUP	GetStarUIMemberDetail	1625964124798	1625964124798	0	KO
REQUEST	Authenticate	Authenticate	1625964114949	1625964124952	KO	i.n.c.ConnectTimeoutException: connection timed out: pike-api-star-stg.origin-ctc-core.optum.com/10.223.193.236:443
GROUP	Authenticate	1625964114948	1625964124953	10003	KO
ERROR	GetStarNote: Failed to build request: No attribute named 'auth_token' is defined 	1625964124954
GROUP	GetStarNote	1625964124954	1625964124954	0	KO
ERROR	ChatTranscript: Failed to build request: No attribute named 'auth_token' is defined 	1625964125112
GROUP	ChatTranscript	1625964125111	1625964125112	0	KO
ERROR	GetStarUIMemberDetail: Failed to build request: No attribute named 'auth_token' is defined 	1625964125436
GROUP	GetStarUIMemberDetail	1625964125435	1625964125436	0	KO
ERROR	GetStarUIMemberList: Failed to build request: No attribute named 'auth_token' is defined 	1625964125691
GROUP	GetStarUIMemberList	1625964125691	1625964125692	0	KO
ERROR	GetStarUIMemberDetail: Failed to build request: No attribute named 'auth_token' is defined 	1625964125857
GROUP	GetStarUIMemberDetail	1625964125857	1625964125857	0	KO
ERROR	GetEpisodeOfCare: Failed to build request: No attribute named 'auth_token' is defined 	1625964125955
GROUP	GetEpisodeOfCare	1625964125955	1625964125956	0	KO
ERROR	GetEpisodeOfCare: Failed to build request: No attribute named 'auth_token' is defined 	1625964125968
GROUP	GetEpisodeOfCare	1625964125967	1625964125968	0	KO
ERROR	GetStarUIMemberDetail: Failed to build request: No attribute named 'auth_token' is defined 	1625964126724
GROUP	GetStarUIMemberDetail	1625964126724	1625964126725	0	KO
USER	Users_1	START	1625964126952
ERROR	ChatTranscript: Failed to build request: No attribute named 'auth_token' is defined 	1625964127334
GROUP	ChatTranscript	1625964127334	1625964127334	0	KO
ERROR	ChatTranscript: Failed to build request: No attribute named 'auth_token' is defined 	1625964127427
GROUP	ChatTranscript	1625964127427	1625964127427	0	KO
ERROR	GetStarNote: Failed to build request: No attribute named 'auth_token' is defined 	1625964127703
GROUP	GetStarNote	1625964127703	1625964127704	0	KO
ERROR	GetStarUIMemberList: Failed to build request: No attribute named 'auth_token' is defined 	1625964127799
GROUP	GetStarUIMemberList	1625964127799	1625964127799	0	KO
ERROR	GetStarUIMemberList: Failed to build request: No attribute named 'auth_token' is defined 	1625964127973
GROUP	GetStarUIMemberList	1625964127972	1625964127973	0	KO
ERROR	ChatTranscript: Failed to build request: No attribute named 'auth_token' is defined 	1625964128424
GROUP	ChatTranscript	1625964128423	1625964128424	0	KO
ERROR	GetEpisodeOfCare: Failed to build request: No attribute named 'auth_token' is defined 	1625964129352
GROUP	GetEpisodeOfCare	1625964129352	1625964129353	0	KO
ERROR	GetStarNote: Failed to build request: No attribute named 'auth_token' is defined 	1625964129647
GROUP	GetStarNote	1625964129646	1625964129647	0	KO
ERROR	ChatTranscript: Failed to build request: No attribute named 'auth_token' is defined 	1625964129713
GROUP	ChatTranscript	1625964129713	1625964129713	0	KO
ERROR	GetStarUIMemberDetail: Failed to build request: No attribute named 'auth_token' is defined 	1625964130013
GROUP	GetStarUIMemberDetail	1625964130013	1625964130013	0	KO
ERROR	GetStarNote: Failed to build request: No attribute named 'auth_token' is defined 	1625964130013
GROUP	GetStarNote	1625964130013	1625964130013	0	KO
ERROR	GetStarNote: Failed to build request: No attribute named 'auth_token' is defined 	1625964130431
GROUP	GetStarNote	1625964130431	1625964130431	0	KO
ERROR	GetStarUIMemberList: Failed to build request: No attribute named 'auth_token' is defined 	1625964130446
GROUP	GetStarUIMemberList	1625964130446	1625964130447	0	KO
ERROR	GetStarUIMemberDetail: Failed to build request: No attribute named 'auth_token' is defined 	1625964130709
GROUP	GetStarUIMemberDetail	1625964130709	1625964130709	0	KO
REQUEST	Authenticate	Authenticate	1625964120950	1625964130957	KO	i.n.c.ConnectTimeoutException: connection timed out: pike-api-star-stg.origin-ctc-core.optum.com/10.223.193.236:443
GROUP	Authenticate	1625964120950	1625964130958	10007	KO
ERROR	GetStarNote: Failed to build request: No attribute named 'auth_token' is defined 	1625964130958
GROUP	GetStarNote	1625964130958	1625964130958	0	KO
REQUEST	ChatTranscript	ChatTranscript	1625964121311	1625964131314	KO	i.n.c.ConnectTimeoutException: connection timed out: coho-api-star-stg.origin-ctc-core.optum.com/10.223.193.236:443
GROUP	ChatTranscript	1625964121311	1625964131315	10003	KO
ERROR	ChatTranscript: Failed to build request: No attribute named 'auth_token' is defined 	1625964131689
GROUP	ChatTranscript	1625964131689	1625964131690	0	KO
ERROR	GetEpisodeOfCare: Failed to build request: No attribute named 'auth_token' is defined 	1625964131812
GROUP	GetEpisodeOfCare	1625964131811	1625964131812	0	KO
ERROR	GetEpisodeOfCare: Failed to build request: No attribute named 'auth_token' is defined 	1625964131922
GROUP	GetEpisodeOfCare	1625964131922	1625964131922	0	KO
ERROR	GetStarNote: Failed to build request: No attribute named 'auth_token' is defined 	1625964132155
GROUP	GetStarNote	1625964132155	1625964132156	0	KO
ERROR	GetStarUIMemberDetail: Failed to build request: No attribute named 'auth_token' is defined 	1625964132533
GROUP	GetStarUIMemberDetail	1625964132532	1625964132533	0	KO
ERROR	GetEpisodeOfCare: Failed to build request: No attribute named 'auth_token' is defined 	1625964132654
GROUP	GetEpisodeOfCare	1625964132653	1625964132654	0	KO
ERROR	ChatTranscript: Failed to build request: No attribute named 'auth_token' is defined 	1625964132828
GROUP	ChatTranscript	1625964132827	1625964132828	0	KO
ERROR	GetEpisodeOfCare: Failed to build request: No attribute named 'auth_token' is defined 	1625964132842
GROUP	GetEpisodeOfCare	1625964132842	1625964132843	0	KO
USER	Users_1	START	1625964132949
ERROR	GetEpisodeOfCare: Failed to build request: No attribute named 'auth_token' is defined 	1625964133563
GROUP	GetEpisodeOfCare	1625964133563	1625964133563	0	KO
ERROR	ChatTranscript: Failed to build request: No attribute named 'auth_token' is defined 	1625964133684
GROUP	ChatTranscript	1625964133683	1625964133684	0	KO
ERROR	GetStarUIMemberList: Failed to build request: No attribute named 'auth_token' is defined 	1625964133735
GROUP	GetStarUIMemberList	1625964133735	1625964133735	0	KO
ERROR	GetStarUIMemberList: Failed to build request: No attribute named 'auth_token' is defined 	1625964133785
GROUP	GetStarUIMemberList	1625964133785	1625964133785	0	KO
ERROR	GetStarNote: Failed to build request: No attribute named 'auth_token' is defined 	1625964133898
GROUP	GetStarNote	1625964133897	1625964133898	0	KO
REQUEST	GetStarUIMemberDetail	GetStarUIMemberDetail	1625964074357	1625964134362	KO	i.g.h.c.i.RequestTimeoutException: Request timeout to coho-api-star-stg.origin-ctc-core.optum.com/10.223.193.236:443 after 60000 ms
GROUP	GetStarUIMemberDetail	1625964074356	1625964134362	60005	KO
ERROR	GetStarUIMemberList: Failed to build request: No attribute named 'auth_token' is defined 	1625964134384
GROUP	GetStarUIMemberList	1625964134384	1625964134384	0	KO
ERROR	GetStarUIMemberDetail: Failed to build request: No attribute named 'auth_token' is defined 	1625964134814
GROUP	GetStarUIMemberDetail	1625964134814	1625964134814	0	KO
ERROR	GetEpisodeOfCare: Failed to build request: No attribute named 'auth_token' is defined 	1625964135045
GROUP	GetEpisodeOfCare	1625964135044	1625964135045	0	KO
REQUEST	GetStarNote	GetStarNote	1625964075059	1625964135065	KO	i.g.h.c.i.RequestTimeoutException: Request timeout to coho-api-star-stg.origin-ctc-core.optum.com/10.223.193.236:443 after 60000 ms
GROUP	GetStarNote	1625964075058	1625964135065	60006	KO
ERROR	GetStarUIMemberList: Failed to build request: No attribute named 'auth_token' is defined 	1625964135087
GROUP	GetStarUIMemberList	1625964135086	1625964135087	0	KO
ERROR	GetStarUIMemberList: Failed to build request: No attribute named 'auth_token' is defined 	1625964135234
GROUP	GetStarUIMemberList	1625964135233	1625964135234	0	KO
ERROR	GetStarNote: Failed to build request: No attribute named 'auth_token' is defined 	1625964135422
GROUP	GetStarNote	1625964135422	1625964135423	0	KO
ERROR	GetStarNote: Failed to build request: No attribute named 'auth_token' is defined 	1625964135460
GROUP	GetStarNote	1625964135460	1625964135460	0	KO
ERROR	GetStarUIMemberDetail: Failed to build request: No attribute named 'auth_token' is defined 	1625964135829
GROUP	GetStarUIMemberDetail	1625964135828	1625964135829	0	KO
ERROR	