RUN	StarTest.Framework.StarSim	starsim	1625963733647	StarTest.Framework.StarSim-SIMULATION_1_20:SIMULATION_2_0:SIMULATION_3_0:Iterations_100	3.5.1
USER	Users_1	START	1625963755056
REQUEST	Authenticate	Authenticate	1625963755074	1625963755542	OK	 
GROUP	Authenticate	1625963755059	1625963755564	468	OK
REQUEST	GetStarNote	GetStarNote	1625963755572	1625963755944	OK	 
GROUP	GetStarNote	1625963755566	1625963755947	372	OK
REQUEST	GetEpisodeOfCare	GetEpisodeOfCare	1625963758581	1625963759628	OK	 
GROUP	GetEpisodeOfCare	1625963758578	1625963759629	1047	OK
USER	Users_1	START	1625963761048
REQUEST	Authenticate	Authenticate	1625963761049	1625963761316	OK	 
GROUP	Authenticate	1625963761048	1625963761317	267	OK
REQUEST	GetStarUIMemberList	GetStarUIMemberList	1625963760752	1625963761472	OK	 
GROUP	GetStarUIMemberList	1625963760751	1625963761473	720	OK
REQUEST	GetStarNote	GetStarNote	1625963761318	1625963761673	OK	 
GROUP	GetStarNote	1625963761318	1625963761674	355	OK
REQUEST	GetStarUIMemberDetail	GetStarUIMemberDetail	1625963763422	1625963763855	OK	 
GROUP	GetStarUIMemberDetail	1625963763421	1625963763856	433	OK
REQUEST	GetEpisodeOfCare	GetEpisodeOfCare	1625963764272	1625963765189	OK	 
GROUP	GetEpisodeOfCare	1625963764271	1625963765190	917	OK
USER	Users_1	START	1625963767052
REQUEST	Authenticate	Authenticate	1625963767053	1625963767313	OK	 
GROUP	Authenticate	1625963767052	1625963767314	260	OK
REQUEST	GetStarUIMemberList	GetStarUIMemberList	1625963766968	1625963767636	OK	 
GROUP	GetStarUIMemberList	1625963766967	1625963767637	668	OK
REQUEST	GetStarNote	GetStarNote	1625963767315	1625963767655	OK	 
GROUP	GetStarNote	1625963767315	1625963767656	340	OK
REQUEST	GetStarUIMemberDetail	GetStarUIMemberDetail	1625963769748	1625963770617	OK	 
GROUP	GetStarUIMemberDetail	1625963769747	1625963770618	869	OK
REQUEST	GetEpisodeOfCare	GetEpisodeOfCare	1625963769864	1625963770617	OK	 
GROUP	GetEpisodeOfCare	1625963769863	1625963770618	753	OK
REQUEST	ChatTranscript	ChatTranscript	1625963765517	1625963770629	OK	 
GROUP	ChatTranscript	1625963765516	1625963770629	5112	OK
REQUEST	ChatTranscript	ChatTranscript	1625963772578	1625963772659	OK	 
GROUP	ChatTranscript	1625963772577	1625963772660	81	OK
USER	Users_1	START	1625963773050
REQUEST	Authenticate	Authenticate	1625963773051	1625963773311	OK	 
GROUP	Authenticate	1625963773050	1625963773312	260	OK
REQUEST	GetStarUIMemberList	GetStarUIMemberList	1625963772921	1625963773618	OK	 
GROUP	GetStarUIMemberList	1625963772919	1625963773619	697	OK
REQUEST	GetStarNote	GetStarNote	1625963773313	1625963773670	OK	 
GROUP	GetStarNote	1625963773312	1625963773671	357	OK
REQUEST	GetStarNote	GetStarNote	1625963775207	1625963775598	OK	 
GROUP	GetStarNote	1625963775206	1625963775600	391	OK
REQUEST	GetEpisodeOfCare	GetEpisodeOfCare	1625963775209	1625963775625	OK	 
GROUP	GetEpisodeOfCare	1625963775208	1625963775626	416	OK
REQUEST	GetStarUIMemberDetail	GetStarUIMemberDetail	1625963775397	1625963775788	OK	 
GROUP	GetStarUIMemberDetail	1625963775396	1625963775789	391	OK
REQUEST	ChatTranscript	ChatTranscript	1625963776964	1625963777197	OK	 
GROUP	ChatTranscript	1625963776963	1625963777198	233	OK
REQUEST	GetStarNote	GetStarNote	1625963772065	1625963777532	OK	 
GROUP	GetStarNote	1625963772064	1625963777533	5467	OK
REQUEST	GetStarUIMemberList	GetStarUIMemberList	1625963777131	1625963778072	OK	 
GROUP	GetStarUIMemberList	1625963777130	1625963778073	941	OK
REQUEST	GetEpisodeOfCare	GetEpisodeOfCare	1625963777580	1625963778252	OK	 
GROUP	GetEpisodeOfCare	1625963777580	1625963778253	672	OK
USER	Users_1	START	1625963779048
REQUEST	GetEpisodeOfCare	GetEpisodeOfCare	1625963778827	1625963779518	OK	 
GROUP	GetEpisodeOfCare	1625963778826	1625963779519	691	OK
REQUEST	GetStarUIMemberDetail	GetStarUIMemberDetail	1625963779585	1625963779959	OK	 
GROUP	GetStarUIMemberDetail	1625963779584	1625963779960	374	OK
REQUEST	GetStarUIMemberList	GetStarUIMemberList	1625963779261	1625963780050	OK	 
GROUP	GetStarUIMemberList	1625963779260	1625963780051	789	OK
REQUEST	GetStarNote	GetStarNote	1625963778297	1625963780357	OK	 
GROUP	GetStarNote	1625963778296	1625963780358	2060	OK
REQUEST	Authenticate	Authenticate	1625963779049	1625963780471	OK	 
GROUP	Authenticate	1625963779049	1625963780472	1422	OK
REQUEST	GetStarNote	GetStarNote	1625963780473	1625963780817	OK	 
GROUP	GetStarNote	1625963780473	1625963780818	344	OK
REQUEST	ChatTranscript	ChatTranscript	1625963781033	1625963781362	OK	 
GROUP	ChatTranscript	1625963781032	1625963781363	329	OK
REQUEST	GetEpisodeOfCare	GetEpisodeOfCare	1625963782302	1625963782737	OK	 
GROUP	GetEpisodeOfCare	1625963782301	1625963782738	435	OK
REQUEST	GetStarUIMemberList	GetStarUIMemberList	1625963781999	1625963782967	OK	 
GROUP	GetStarUIMemberList	1625963781998	1625963782968	968	OK
REQUEST	GetEpisodeOfCare	GetEpisodeOfCare	1625963782545	1625963782975	OK	 
GROUP	GetEpisodeOfCare	1625963782544	1625963782976	430	OK
REQUEST	GetStarUIMemberDetail	GetStarUIMemberDetail	1625963782810	1625963783515	OK	 
GROUP	GetStarUIMemberDetail	1625963782809	1625963783516	705	OK
REQUEST	GetStarNote	GetStarNote	1625963784129	1625963784347	OK	 
GROUP	GetStarNote	1625963784128	1625963784348	218	OK
USER	Users_1	START	1625963785048
REQUEST	GetStarUIMemberList	GetStarUIMemberList	1625963784295	1625963785132	OK	 
GROUP	GetStarUIMemberList	1625963784294	1625963785133	837	OK
REQUEST	GetStarUIMemberDetail	GetStarUIMemberDetail	1625963785027	1625963785934	OK	 
GROUP	GetStarUIMemberDetail	1625963785026	1625963785934	907	OK
REQUEST	Authenticate	Authenticate	1625963785049	1625963785995	OK	 
GROUP	Authenticate	1625963785049	1625963785996	946	OK
REQUEST	GetStarUIMemberList	GetStarUIMemberList	1625963784712	1625963786067	OK	 
GROUP	GetStarUIMemberList	1625963784711	1625963786068	1355	OK
REQUEST	ChatTranscript	ChatTranscript	1625963786078	1625963786155	OK	 
GROUP	ChatTranscript	1625963786077	1625963786155	77	OK
REQUEST	GetEpisodeOfCare	GetEpisodeOfCare	1625963785628	1625963786180	OK	 
GROUP	GetEpisodeOfCare	1625963785627	1625963786180	552	OK
REQUEST	GetStarNote	GetStarNote	1625963785996	1625963786352	OK	 
GROUP	GetStarNote	1625963785996	1625963786353	356	OK
REQUEST	ChatTranscript	ChatTranscript	1625963786972	1625963787051	OK	 
GROUP	ChatTranscript	1625963786972	1625963787052	79	OK
REQUEST	GetStarNote	GetStarNote	1625963787201	1625963787339	OK	 
GROUP	GetStarNote	1625963787200	1625963787340	138	OK
REQUEST	GetStarUIMemberDetail	GetStarUIMemberDetail	1625963787248	1625963787657	OK	 
GROUP	GetStarUIMemberDetail	1625963787247	1625963787658	409	OK
REQUEST	GetStarUIMemberDetail	GetStarUIMemberDetail	1625963787813	1625963788331	OK	 
GROUP	GetStarUIMemberDetail	1625963787812	1625963788332	518	OK
REQUEST	GetStarUIMemberList	GetStarUIMemberList	1625963787597	1625963788394	OK	 
GROUP	GetStarUIMemberList	1625963787596	1625963788395	797	OK
REQUEST	GetStarNote	GetStarNote	1625963788893	1625963789038	OK	 
GROUP	GetStarNote	1625963788892	1625963789039	145	OK
REQUEST	ChatTranscript	ChatTranscript	1625963789240	1625963789314	OK	 
GROUP	ChatTranscript	1625963789239	1625963789315	74	OK
REQUEST	GetEpisodeOfCare	GetEpisodeOfCare	1625963789194	1625963789583	OK	 
GROUP	GetEpisodeOfCare	1625963789194	1625963789584	389	OK
REQUEST	GetEpisodeOfCare	GetEpisodeOfCare	1625963789407	1625963789824	OK	 
GROUP	GetEpisodeOfCare	1625963789406	1625963789825	417	OK
REQUEST	GetStarUIMemberDetail	GetStarUIMemberDetail	1625963789802	1625963790361	OK	 
GROUP	GetStarUIMemberDetail	1625963789801	1625963790362	559	OK
REQUEST	GetEpisodeOfCare	GetEpisodeOfCare	1625963790097	1625963790512	OK	 
GROUP	GetEpisodeOfCare	1625963790096	1625963790513	415	OK
REQUEST	ChatTranscript	ChatTranscript	1625963790470	1625963790558	OK	 
GROUP	ChatTranscript	1625963790469	1625963790559	88	OK
REQUEST	GetStarNote	GetStarNote	1625963790386	1625963790656	OK	 
GROUP	GetStarNote	1625963790385	1625963790657	270	OK
USER	Users_1	START	1625963791048
REQUEST	Authenticate	Authenticate	1625963791049	1625963791445	OK	 
GROUP	Authenticate	1625963791048	1625963791446	396	OK
REQUEST	GetStarNote	GetStarNote	1625963791447	1625963791844	OK	 
GROUP	GetStarNote	1625963791447	1625963791845	397	OK
REQUEST	GetStarUIMemberList	GetStarUIMemberList	1625963791257	1625963791932	OK	 
GROUP	GetStarUIMemberList	1625963791256	1625963791933	675	OK
REQUEST	GetEpisodeOfCare	GetEpisodeOfCare	1625963792086	1625963792494	OK	 
GROUP	GetEpisodeOfCare	1625963792086	1625963792495	408	OK
REQUEST	GetStarUIMemberList	GetStarUIMemberList	1625963791787	1625963792553	OK	 
GROUP	GetStarUIMemberList	1625963791787	1625963792553	766	OK
REQUEST	GetStarNote	GetStarNote	1625963792481	1625963792629	OK	 
GROUP	GetStarNote	1625963792481	1625963792630	148	OK
REQUEST	ChatTranscript	ChatTranscript	1625963792990	1625963793075	OK	 
GROUP	ChatTranscript	1625963792989	1625963793076	85	OK
REQUEST	GetStarUIMemberDetail	GetStarUIMemberDetail	1625963793258	1625963793758	OK	 
GROUP	GetStarUIMemberDetail	1625963793258	1625963793759	500	OK
REQUEST	GetStarUIMemberList	GetStarUIMemberList	1625963793030	1625963793822	OK	 
GROUP	GetStarUIMemberList	1625963793029	1625963793823	792	OK
REQUEST	GetStarUIMemberList	GetStarUIMemberList	1625963793788	1625963794539	OK	 
GROUP	GetStarUIMemberList	1625963793788	1625963794540	751	OK
REQUEST	GetStarUIMemberDetail	GetStarUIMemberDetail	1625963794606	1625963795090	OK	 
GROUP	GetStarUIMemberDetail	1625963794605	1625963795091	484	OK
REQUEST	GetEpisodeOfCare	GetEpisodeOfCare	1625963794626	1625963795090	OK	 
GROUP	GetEpisodeOfCare	1625963794626	1625963795091	464	OK
REQUEST	ChatTranscript	ChatTranscript	1625963795870	1625963795952	OK	 
GROUP	ChatTranscript	1625963795870	1625963795952	82	OK
REQUEST	GetEpisodeOfCare	GetEpisodeOfCare	1625963795572	1625963796010	OK	 
GROUP	GetEpisodeOfCare	1625963795572	1625963796011	438	OK
REQUEST	GetStarNote	GetStarNote	1625963796056	1625963796548	OK	 
GROUP	GetStarNote	1625963796056	1625963796549	492	OK
REQUEST	GetStarUIMemberList	GetStarUIMemberList	1625963796143	1625963796837	OK	 
GROUP	GetStarUIMemberList	1625963796142	1625963796838	694	OK
REQUEST	GetStarUIMemberDetail	GetStarUIMemberDetail	1625963796371	1625963796888	OK	 
GROUP	GetStarUIMemberDetail	1625963796370	1625963796889	517	OK
REQUEST	GetStarUIMemberDetail	GetStarUIMemberDetail	1625963796517	1625963796957	OK	 
GROUP	GetStarUIMemberDetail	1625963796517	1625963796958	440	OK
USER	Users_1	START	1625963797050
REQUEST	Authenticate	Authenticate	1625963797051	1625963797305	OK	 
GROUP	Authenticate	1625963797050	1625963797306	254	OK
REQUEST	GetStarNote	GetStarNote	1625963797307	1625963797683	OK	 
GROUP	GetStarNote	1625963797307	1625963797683	376	OK
REQUEST	ChatTranscript	ChatTranscript	1625963797910	1625963797988	OK	 
GROUP	ChatTranscript	1625963797909	1625963797989	78	OK
REQUEST	GetStarNote	GetStarNote	1625963798190	1625963798334	OK	 
GROUP	GetStarNote	1625963798190	1625963798334	144	OK
REQUEST	ChatTranscript	ChatTranscript	1625963799072	1625963799184	OK	 
GROUP	ChatTranscript	1625963799072	1625963799184	112	OK
REQUEST	ChatTranscript	ChatTranscript	1625963799158	1625963799232	OK	 
GROUP	ChatTranscript	1625963799157	1625963799233	74	OK
REQUEST	GetEpisodeOfCare	GetEpisodeOfCare	1625963798857	1625963799273	OK	 
GROUP	GetEpisodeOfCare	1625963798856	1625963799274	416	OK
REQUEST	GetStarUIMemberList	GetStarUIMemberList	1625963798773	1625963799485	OK	 
GROUP	GetStarUIMemberList	1625963798773	1625963799485	712	OK
REQUEST	GetStarUIMemberDetail	GetStarUIMemberDetail	1625963799175	1625963799571	OK	 
GROUP	GetStarUIMemberDetail	1625963799174	1625963799572	396	OK
REQUEST	GetStarNote	GetStarNote	1625963800353	1625963800588	OK	 
GROUP	GetStarNote	1625963800353	1625963800589	235	OK
REQUEST	GetStarUIMemberDetail	GetStarUIMemberDetail	1625963800553	1625963800926	OK	 
GROUP	GetStarUIMemberDetail	1625963800552	1625963800927	373	OK
REQUEST	GetEpisodeOfCare	GetEpisodeOfCare	1625963800648	1625963801033	OK	 
GROUP	GetEpisodeOfCare	1625963800647	1625963801033	385	OK
REQUEST	GetStarNote	GetStarNote	1625963800784	1625963801034	OK	 
GROUP	GetStarNote	1625963800783	1625963801034	250	OK
REQUEST	GetEpisodeOfCare	GetEpisodeOfCare	1625963801248	1625963801678	OK	 
GROUP	GetEpisodeOfCare	1625963801248	1625963801679	430	OK
REQUEST	ChatTranscript	ChatTranscript	1625963801930	1625963801998	OK	 
GROUP	ChatTranscript	1625963801929	1625963801999	68	OK
REQUEST	GetStarNote	GetStarNote	1625963801902	1625963802067	OK	 
GROUP	GetStarNote	1625963801901	1625963802068	165	OK
REQUEST	GetStarUIMemberList	GetStarUIMemberList	1625963801526	1625963802292	OK	 
GROUP	GetStarUIMemberList	1625963801526	1625963802293	766	OK
REQUEST	ChatTranscript	ChatTranscript	1625963802221	1625963802317	OK	 
GROUP	ChatTranscript	1625963802220	1625963802317	96	OK
REQUEST	GetEpisodeOfCare	GetEpisodeOfCare	1625963802347	1625963802771	OK	 
GROUP	GetEpisodeOfCare	1625963802346	1625963802772	424	OK
REQUEST	GetStarUIMemberList	GetStarUIMemberList	1625963802045	1625963802832	OK	 
GROUP	GetStarUIMemberList	1625963802045	1625963802832	787	OK
USER	Users_1	START	1625963803047
REQUEST	Authenticate	Authenticate	1625963803048	1625963803307	OK	 
GROUP	Authenticate	1625963803047	1625963803308	259	OK
REQUEST	GetStarNote	GetStarNote	1625963803308	1625963803716	OK	 
GROUP	GetStarNote	1625963803308	1625963803717	408	OK
REQUEST	GetEpisodeOfCare	GetEpisodeOfCare	1625963803538	1625963803974	OK	 
GROUP	GetEpisodeOfCare	1625963803537	1625963803978	436	OK
REQUEST	GetEpisodeOfCare	GetEpisodeOfCare	1625963803964	1625963804614	OK	 
GROUP	GetEpisodeOfCare	1625963803963	1625963804615	650	OK
REQUEST	GetStarUIMemberDetail	GetStarUIMemberDetail	1625963804268	1625963804796	OK	 
GROUP	GetStarUIMemberDetail	1625963804267	1625963804797	528	OK
REQUEST	GetStarNote	GetStarNote	1625963804708	1625963804874	OK	 
GROUP	GetStarNote	1625963804707	1625963804875	166	OK
REQUEST	GetStarUIMemberList	GetStarUIMemberList	1625963803968	1625963804994	OK	 
GROUP	GetStarUIMemberList	1625963803967	1625963804995	1026	OK
REQUEST	GetStarUIMemberList	GetStarUIMemberList	1625963804114	1625963805065	OK	 
GROUP	GetStarUIMemberList	1625963804113	1625963805066	951	OK
REQUEST	GetStarNote	GetStarNote	1625963804916	1625963805070	OK	 
GROUP	GetStarNote	1625963804915	1625963805071	154	OK
REQUEST	ChatTranscript	ChatTranscript	1625963805906	1625963805984	OK	 
GROUP	ChatTranscript	1625963805905	1625963805984	78	OK
REQUEST	GetStarUIMemberList	GetStarUIMemberList	1625963805563	1625963806312	OK	 
GROUP	GetStarUIMemberList	1625963805563	1625963806312	749	OK
REQUEST	GetStarUIMemberDetail	GetStarUIMemberDetail	1625963805220	1625963806408	OK	 
GROUP	GetStarUIMemberDetail	1625963805219	1625963806408	1188	OK
REQUEST	GetEpisodeOfCare	GetEpisodeOfCare	1625963806405	1625963806784	OK	 
GROUP	GetEpisodeOfCare	1625963806404	1625963806784	379	OK
REQUEST	GetEpisodeOfCare	GetEpisodeOfCare	1625963806683	1625963807071	OK	 
GROUP	GetEpisodeOfCare	1625963806682	1625963807072	388	OK
REQUEST	GetStarUIMemberList	GetStarUIMemberList	1625963806809	1625963807542	OK	 
GROUP	GetStarUIMemberList	1625963806809	1625963807543	733	OK
REQUEST	GetStarUIMemberDetail	GetStarUIMemberDetail	1625963807576	1625963808121	OK	 
REQUEST	GetStarUIMemberDetail	GetStarUIMemberDetail	1625963807593	1625963808122	OK	 
GROUP	GetStarUIMemberDetail	1625963807575	1625963808122	545	OK
GROUP	GetStarUIMemberDetail	1625963807592	1625963808122	529	OK
REQUEST	ChatTranscript	ChatTranscript	1625963808109	1625963808187	OK	 
GROUP	ChatTranscript	1625963808108	1625963808188	78	OK
REQUEST	GetEpisodeOfCare	GetEpisodeOfCare	1625963807767	1625963808282	OK	 
GROUP	GetEpisodeOfCare	1625963807766	1625963808282	515	OK
REQUEST	GetStarUIMemberDetail	GetStarUIMemberDetail	1625963807616	1625963808313	OK	 
GROUP	GetStarUIMemberDetail	1625963807615	1625963808314	697	OK
USER	Users_1	START	1625963809050
REQUEST	GetStarUIMemberDetail	GetStarUIMemberDetail	1625963808675	1625963809255	OK	 
GROUP	GetStarUIMemberDetail	1625963808674	1625963809256	580	OK
REQUEST	Authenticate	Authenticate	1625963809050	1625963809308	OK	 
GROUP	Authenticate	1625963809050	1625963809309	258	OK
REQUEST	ChatTranscript	ChatTranscript	1625963809351	1625963809615	OK	 
GROUP	ChatTranscript	1625963809350	1625963809616	264	OK
REQUEST	GetStarNote	GetStarNote	1625963809310	1625963809639	OK	 
GROUP	GetStarNote	1625963809309	1625963809640	329	OK
REQUEST	ChatTranscript	ChatTranscript	1625963810126	1625963810444	OK	 
GROUP	ChatTranscript	1625963810125	1625963810445	318	OK
REQUEST	GetStarUIMemberList	GetStarUIMemberList	1625963809407	1625963810507	OK	 
GROUP	GetStarUIMemberList	1625963809406	1625963810508	1100	OK
REQUEST	GetStarUIMemberList	GetStarUIMemberList	1625963809367	1625963810556	OK	 
GROUP	GetStarUIMemberList	1625963809366	1625963810557	1189	OK
REQUEST	GetStarUIMemberList	GetStarUIMemberList	1625963810101	1625963810982	OK	 
GROUP	GetStarUIMemberList	1625963810100	1625963810983	881	OK
REQUEST	ChatTranscript	ChatTranscript	1625963811251	1625963811337	OK	 
GROUP	ChatTranscript	1625963811250	1625963811337	86	OK
REQUEST	GetEpisodeOfCare	GetEpisodeOfCare	1625963810963	1625963811352	OK	 
GROUP	GetEpisodeOfCare	1625963810962	1625963811352	389	OK
REQUEST	ChatTranscript	ChatTranscript	1625963811946	1625963812729	OK	 
GROUP	ChatTranscript	1625963811945	1625963812730	783	OK
REQUEST	GetStarUIMemberDetail	GetStarUIMemberDetail	1625963812088	1625963813038	OK	 
GROUP	GetStarUIMemberDetail	1625963812087	1625963813038	950	OK
REQUEST	GetStarNote	GetStarNote	1625963813259	1625963813622	OK	 
GROUP	GetStarNote	1625963813259	1625963813623	363	OK
REQUEST	GetStarUIMemberDetail	GetStarUIMemberDetail	1625963813190	1625963813626	OK	 
GROUP	GetStarUIMemberDetail	1625963813189	1625963813626	436	OK
REQUEST	GetStarUIMemberDetail	GetStarUIMemberDetail	1625963813065	1625963813653	OK	 
GROUP	GetStarUIMemberDetail	1625963813065	1625963813654	588	OK
REQUEST	GetStarNote	GetStarNote	1625963812671	1625963813961	OK	 
GROUP	GetStarNote	1625963812670	1625963813962	1290	OK
REQUEST	GetStarUIMemberList	GetStarUIMemberList	1625963813027	1625963813990	OK	 
GROUP	GetStarUIMemberList	1625963813026	1625963813991	963	OK
REQUEST	GetStarNote	GetStarNote	1625963808531	1625963814017	OK	 
GROUP	GetStarNote	1625963808530	1625963814017	5486	OK
REQUEST	GetStarNote	GetStarNote	1625963809868	1625963814041	OK	 
GROUP	GetStarNote	1625963809868	1625963814041	4173	OK
REQUEST	GetStarNote	GetStarNote	1625963812311	1625963814094	OK	 
GROUP	GetStarNote	1625963812311	1625963814094	1783	OK
REQUEST	GetStarNote	GetStarNote	1625963814429	1625963814567	OK	 
GROUP	GetStarNote	1625963814428	1625963814567	138	OK
USER	Users_1	START	1625963815048
REQUEST	ChatTranscript	ChatTranscript	1625963815148	1625963815223	OK	 
GROUP	ChatTranscript	1625963815147	1625963815224	75	OK
REQUEST	Authenticate	Authenticate	1625963815049	1625963815326	OK	 
GROUP	Authenticate	1625963815048	1625963815327	277	OK
REQUEST	ChatTranscript	ChatTranscript	1625963815311	1625963815380	OK	 
GROUP	ChatTranscript	1625963815310	1625963815381	69	OK
REQUEST	GetEpisodeOfCare	GetEpisodeOfCare	1625963815026	1625963815492	OK	 
GROUP	GetEpisodeOfCare	1625963815026	1625963815492	466	OK
REQUEST	GetStarNote	GetStarNote	1625963815328	1625963815682	OK	 
GROUP	GetStarNote	1625963815328	1625963815683	354	OK
REQUEST	ChatTranscript	ChatTranscript	1625963815671	1625963815745	OK	 
GROUP	ChatTranscript	1625963815670	1625963815746	74	OK
REQUEST	GetEpisodeOfCare	GetEpisodeOfCare	1625963815882	1625963816521	OK	 
GROUP	GetEpisodeOfCare	1625963815881	1625963816522	639	OK
REQUEST	GetEpisodeOfCare	GetEpisodeOfCare	1625963815840	1625963816522	OK	 
GROUP	GetEpisodeOfCare	1625963815839	1625963816523	682	OK
REQUEST	GetEpisodeOfCare	GetEpisodeOfCare	1625963815895	1625963816620	OK	 
GROUP	GetEpisodeOfCare	1625963815895	1625963816620	725	OK
REQUEST	GetEpisodeOfCare	GetEpisodeOfCare	1625963815997	1625963816677	OK	 
GROUP	GetEpisodeOfCare	1625963815996	1625963816677	680	OK
REQUEST	GetStarUIMemberDetail	GetStarUIMemberDetail	1625963816162	1625963816765	OK	 
GROUP	GetStarUIMemberDetail	1625963816161	1625963816765	603	OK
REQUEST	GetEpisodeOfCare	GetEpisodeOfCare	1625963816931	1625963817416	OK	 
GROUP	GetEpisodeOfCare	1625963816931	1625963817417	485	OK
REQUEST	GetStarNote	GetStarNote	1625963817377	1625963817589	OK	 
GROUP	GetStarNote	1625963817377	1625963817590	212	OK
REQUEST	GetStarNote	GetStarNote	1625963817622	1625963818174	OK	 
GROUP	GetStarNote	1625963817621	1625963818175	552	OK
REQUEST	ChatTranscript	ChatTranscript	1625963818105	1625963818215	OK	 
GROUP	ChatTranscript	1625963818104	1625963818215	110	OK
REQUEST	GetStarNote	GetStarNote	1625963817949	1625963818402	OK	 
GROUP	GetStarNote	1625963817949	1625963818403	453	OK
REQUEST	GetEpisodeOfCare	GetEpisodeOfCare	1625963817928	1625963818555	OK	 
GROUP	GetEpisodeOfCare	1625963817928	1625963818555	627	OK
REQUEST	GetStarUIMemberList	GetStarUIMemberList	1625963818117	1625963819002	OK	 
GROUP	GetStarUIMemberList	1625963818116	1625963819003	885	OK
REQUEST	GetStarUIMemberList	GetStarUIMemberList	1625963818812	1625963820020	OK	 
GROUP	GetStarUIMemberList	1625963818812	1625963820021	1208	OK
REQUEST	GetStarUIMemberList	GetStarUIMemberList	1625963818853	1625963820107	OK	 
GROUP	GetStarUIMemberList	1625963818852	1625963820107	1254	OK
REQUEST	GetStarUIMemberList	GetStarUIMemberList	1625963819062	1625963820219	OK	 
GROUP	GetStarUIMemberList	1625963819061	1625963820220	1157	OK
REQUEST	GetStarNote	GetStarNote	1625963819944	1625963820347	OK	 
GROUP	GetStarNote	1625963819943	1625963820347	403	OK
REQUEST	GetStarUIMemberList	GetStarUIMemberList	1625963819115	1625963820347	OK	 
GROUP	GetStarUIMemberList	1625963819114	1625963820347	1232	OK
REQUEST	GetStarUIMemberList	GetStarUIMemberList	1625963819200	1625963820426	OK	 
GROUP	GetStarUIMemberList	1625963819200	1625963820427	1226	OK
REQUEST	GetEpisodeOfCare	GetEpisodeOfCare	1625963820582	1625963820963	OK	 
GROUP	GetEpisodeOfCare	1625963820581	1625963820964	381	OK
USER	Users_1	START	1625963821048
REQUEST	GetStarUIMemberDetail	GetStarUIMemberDetail	1625963820757	1625963821166	OK	 
GROUP	GetStarUIMemberDetail	1625963820757	1625963821167	409	OK
REQUEST	Authenticate	Authenticate	1625963821049	1625963821294	OK	 
GROUP	Authenticate	1625963821048	1625963821295	245	OK
REQUEST	GetEpisodeOfCare	GetEpisodeOfCare	1625963821118	1625963821561	OK	 
GROUP	GetEpisodeOfCare	1625963821117	1625963821561	443	OK
REQUEST	GetStarUIMemberList	GetStarUIMemberList	1625963820924	1625963821616	OK	 
GROUP	GetStarUIMemberList	1625963820923	1625963821616	692	OK
REQUEST	GetStarNote	GetStarNote	1625963821296	1625963821635	OK	 
GROUP	GetStarNote	1625963821296	1625963821636	339	OK
REQUEST	GetEpisodeOfCare	GetEpisodeOfCare	1625963821208	1625963821668	OK	 
GROUP	GetEpisodeOfCare	1625963821207	1625963821669	460	OK
REQUEST	GetStarUIMemberDetail	GetStarUIMemberDetail	1625963821924	1625963822373	OK	 
GROUP	GetStarUIMemberDetail	1625963821923	1625963822373	449	OK
REQUEST	ChatTranscript	ChatTranscript	1625963822309	1625963822423	OK	 
GROUP	ChatTranscript	1625963822309	1625963822424	114	OK
REQUEST	GetStarUIMemberDetail	GetStarUIMemberDetail	1625963821965	1625963822840	OK	 
GROUP	GetStarUIMemberDetail	1625963821964	1625963822840	875	OK
REQUEST	GetEpisodeOfCare	GetEpisodeOfCare	1625963822239	1625963823236	OK	 
GROUP	GetEpisodeOfCare	1625963822238	1625963823237	997	OK
REQUEST	GetStarUIMemberList	GetStarUIMemberList	1625963822074	1625963823365	OK	 
GROUP	GetStarUIMemberList	1625963822074	1625963823366	1291	OK
REQUEST	GetStarUIMemberDetail	GetStarUIMemberDetail	1625963822308	1625963823444	OK	 
GROUP	GetStarUIMemberDetail	1625963822308	1625963823444	1136	OK
REQUEST	GetStarUIMemberDetail	GetStarUIMemberDetail	1625963822338	1625963823452	OK	 
GROUP	GetStarUIMemberDetail	1625963822338	1625963823453	1114	OK
REQUEST	GetStarUIMemberDetail	GetStarUIMemberDetail	1625963822357	1625963823462	OK	 
GROUP	GetStarUIMemberDetail	1625963822356	1625963823463	1105	OK
REQUEST	GetStarUIMemberDetail	GetStarUIMemberDetail	1625963823415	1625963823967	OK	 
GROUP	GetStarUIMemberDetail	1625963823414	1625963823968	552	OK
REQUEST	GetEpisodeOfCare	GetEpisodeOfCare	1625963823226	1625963824009	OK	 
GROUP	GetEpisodeOfCare	1625963823225	1625963824009	783	OK
REQUEST	GetStarUIMemberList	GetStarUIMemberList	1625963823490	1625963824352	OK	 
GROUP	GetStarUIMemberList	1625963823490	1625963824352	862	OK
REQUEST	GetStarNote	GetStarNote	1625963824179	1625963824410	OK	 
GROUP	GetStarNote	1625963824179	1625963824411	231	OK
REQUEST	GetStarUIMemberList	GetStarUIMemberList	1625963823821	1625963824553	OK	 
GROUP	GetStarUIMemberList	1625963823821	1625963824554	732	OK
REQUEST	ChatTranscript	ChatTranscript	1625963824695	1625963824764	OK	 
GROUP	ChatTranscript	1625963824695	1625963824765	69	OK
REQUEST	ChatTranscript	ChatTranscript	1625963824718	1625963824788	OK	 
GROUP	ChatTranscript	1625963824717	1625963824789	70	OK
REQUEST	ChatTranscript	ChatTranscript	1625963824928	1625963825002	OK	 
GROUP	ChatTranscript	1625963824927	1625963825002	74	OK
REQUEST	ChatTranscript	ChatTranscript	1625963825058	1625963825128	OK	 
GROUP	ChatTranscript	1625963825058	1625963825128	70	OK
REQUEST	ChatTranscript	ChatTranscript	1625963825701	1625963825789	OK	 
GROUP	ChatTranscript	1625963825701	1625963825789	88	OK
REQUEST	ChatTranscript	ChatTranscript	1625963825894	1625963825964	OK	 
GROUP	ChatTranscript	1625963825894	1625963825965	70	OK
REQUEST	GetStarUIMemberDetail	GetStarUIMemberDetail	1625963825705	1625963826117	OK	 
GROUP	GetStarUIMemberDetail	1625963825704	1625963826117	412	OK
REQUEST	GetStarUIMemberList	GetStarUIMemberList	1625963825444	1625963826133	OK	 
GROUP	GetStarUIMemberList	1625963825443	1625963826133	689	OK
REQUEST	GetStarNote	GetStarNote	1625963826136	1625963826353	OK	 
GROUP	GetStarNote	1625963826136	1625963826353	217	OK
REQUEST	GetStarUIMemberDetail	GetStarUIMemberDetail	1625963826179	1625963826628	OK	 
GROUP	GetStarUIMemberDetail	1625963826179	1625963826629	449	OK
REQUEST	GetStarUIMemberList	GetStarUIMemberList	1625963826149	1625963826863	OK	 
GROUP	GetStarUIMemberList	1625963826149	1625963826864	714	OK
USER	Users_1	START	1625963827051
REQUEST	GetEpisodeOfCare	GetEpisodeOfCare	1625963826735	1625963827162	OK	 
GROUP	GetEpisodeOfCare	1625963826734	1625963827162	427	OK
REQUEST	GetStarNote	GetStarNote	1625963826807	1625963827163	OK	 
GROUP	GetStarNote	1625963826806	1625963827163	356	OK
REQUEST	GetStarNote	GetStarNote	1625963826942	1625963827169	OK	 
GROUP	GetStarNote	1625963826942	1625963827170	227	OK
REQUEST	GetStarUIMemberDetail	GetStarUIMemberDetail	1625963826795	1625963827208	OK	 
GROUP	GetStarUIMemberDetail	1625963826794	1625963827208	413	OK
REQUEST	Authenticate	Authenticate	1625963827051	1625963827301	OK	 
GROUP	Authenticate	1625963827051	1625963827302	250	OK
REQUEST	GetStarNote	GetStarNote	1625963827242	1625963827402	OK	 
GROUP	GetStarNote	1625963827241	1625963827403	160	OK
REQUEST	ChatTranscript	ChatTranscript	1625963827312	1625963827661	OK	 
GROUP	ChatTranscript	1625963827311	1625963827661	349	OK
REQUEST	GetStarNote	GetStarNote	1625963827303	1625963827676	OK	 
GROUP	GetStarNote	1625963827303	1625963827677	373	OK
REQUEST	GetStarNote	GetStarNote	1625963827971	1625963828114	OK	 
GROUP	GetStarNote	1625963827970	1625963828115	143	OK
REQUEST	GetStarUIMemberDetail	GetStarUIMemberDetail	1625963828106	1625963828627	OK	 
GROUP	GetStarUIMemberDetail	1625963828105	1625963828627	521	OK
REQUEST	GetStarNote	GetStarNote	1625963828505	1625963828827	OK	 
GROUP	GetStarNote	1625963828504	1625963828828	322	OK
REQUEST	GetStarUIMemberDetail	GetStarUIMemberDetail	1625963828634	1625963829102	OK	 
GROUP	GetStarUIMemberDetail	1625963828634	1625963829102	468	OK
REQUEST	ChatTranscript	ChatTranscript	1625963829037	1625963829114	OK	 
GROUP	ChatTranscript	1625963829036	1625963829115	77	OK
REQUEST	GetEpisodeOfCare	GetEpisodeOfCare	1625963828759	1625963829155	OK	 
GROUP	GetEpisodeOfCare	1625963828759	1625963829156	396	OK
REQUEST	ChatTranscript	ChatTranscript	1625963829487	1625963829571	OK	 
GROUP	ChatTranscript	1625963829486	1625963829572	84	OK
REQUEST	GetEpisodeOfCare	GetEpisodeOfCare	1625963829135	1625963829605	OK	 
GROUP	GetEpisodeOfCare	1625963829134	1625963829606	470	OK
REQUEST	GetEpisodeOfCare	GetEpisodeOfCare	1625963829402	1625963829965	OK	 
GROUP	GetEpisodeOfCare	1625963829402	1625963829965	563	OK
REQUEST	GetEpisodeOfCare	GetEpisodeOfCare	1625963829395	1625963830105	OK	 
GROUP	GetEpisodeOfCare	1625963829394	1625963830106	710	OK
REQUEST	GetEpisodeOfCare	GetEpisodeOfCare	1625963829632	1625963830349	OK	 
GROUP	GetEpisodeOfCare	1625963829631	1625963830350	717	OK
REQUEST	GetStarNote	GetStarNote	1625963830149	1625963830365	OK	 
GROUP	GetStarNote	1625963830148	1625963830366	216	OK
REQUEST	GetEpisodeOfCare	GetEpisodeOfCare	1625963829548	1625963830388	OK	 
GROUP	GetEpisodeOfCare	1625963829547	1625963830388	840	OK
REQUEST	GetStarUIMemberList	GetStarUIMemberList	1625963829760	1625963830886	OK	 
GROUP	GetStarUIMemberList	1625963829759	1625963830887	1126	OK
REQUEST	ChatTranscript	ChatTranscript	1625963830837	1625963830908	OK	 
GROUP	ChatTranscript	1625963830837	1625963830909	71	OK
REQUEST	ChatTranscript	ChatTranscript	1625963830993	1625963831062	OK	 
GROUP	ChatTranscript	1625963830992	1625963831066	69	OK
REQUEST	GetEpisodeOfCare	GetEpisodeOfCare	1625963830945	1625963831441	OK	 
GROUP	GetEpisodeOfCare	1625963830944	1625963831442	496	OK
REQUEST	GetStarUIMemberList	GetStarUIMemberList	1625963831075	1625963831764	OK	 
GROUP	GetStarUIMemberList	1625963831075	1625963831765	689	OK
REQUEST	GetStarNote	GetStarNote	1625963831496	1625963831778	OK	 
GROUP	GetStarNote	1625963831496	1625963831779	282	OK
REQUEST	GetStarNote	GetStarNote	1625963831547	1625963831895	OK	 
GROUP	GetStarNote	1625963831547	1625963831895	348	OK
REQUEST	GetStarUIMemberList	GetStarUIMemberList	1625963831496	1625963832728	OK	 
GROUP	GetStarUIMemberList	1625963831496	1625963832728	1232	OK
REQUEST	GetStarNote	GetStarNote	1625963832415	1625963832749	OK	 
GROUP	GetStarNote	1625963832415	1625963832750	334	OK
REQUEST	GetStarUIMemberList	GetStarUIMemberList	1625963831513	1625963833006	OK	 
GROUP	GetStarUIMemberList	1625963831512	1625963833007	1493	OK
USER	Users_1	START	1625963833048
REQUEST	GetStarUIMemberList	GetStarUIMemberList	1625963831616	1625963833117	OK	 
GROUP	GetStarUIMemberList	1625963831615	1625963833118	1501	OK
REQUEST	GetStarUIMemberList	GetStarUIMemberList	1625963831847	1625963833259	OK	 
GROUP	GetStarUIMemberList	1625963831846	1625963833260	1412	OK
REQUEST	GetEpisodeOfCare	GetEpisodeOfCare	1625963832877	1625963833272	OK	 
GROUP	GetEpisodeOfCare	1625963832877	1625963833272	395	OK
REQUEST	GetStarUIMemberList	GetStarUIMemberList	1625963831615	1625963833320	OK	 
GROUP	GetStarUIMemberList	1625963831614	1625963833321	1705	OK
REQUEST	GetStarUIMemberList	GetStarUIMemberList	1625963832909	1625963833590	OK	 
GROUP	GetStarUIMemberList	1625963832908	1625963833590	681	OK
REQUEST	GetStarNote	GetStarNote	1625963833592	1625963833732	OK	 
GROUP	GetStarNote	1625963833592	1625963833733	140	OK
REQUEST	GetStarUIMemberDetail	GetStarUIMemberDetail	1625963833388	1625963833769	OK	 
GROUP	GetStarUIMemberDetail	1625963833387	1625963833770	381	OK
REQUEST	Authenticate	Authenticate	1625963833048	1625963834078	OK	 
GROUP	Authenticate	1625963833048	1625963834079	1030	OK
REQUEST	GetStarNote	GetStarNote	1625963834080	1625963834607	OK	 
GROUP	GetStarNote	1625963834079	1625963834608	527	OK
REQUEST	GetEpisodeOfCare	GetEpisodeOfCare	1625963834147	1625963834611	OK	 
GROUP	GetEpisodeOfCare	1625963834147	1625963834612	464	OK
REQUEST	GetEpisodeOfCare	GetEpisodeOfCare	1625963834226	1625963834652	OK	 
GROUP	GetEpisodeOfCare	1625963834226	1625963834652	426	OK
REQUEST	GetStarUIMemberDetail	GetStarUIMemberDetail	1625963834446	1625963834909	OK	 
GROUP	GetStarUIMemberDetail	1625963834446	1625963834910	463	OK
REQUEST	GetEpisodeOfCare	GetEpisodeOfCare	1625963834483	1625963835057	OK	 
GROUP	GetEpisodeOfCare	1625963834482	1625963835058	574	OK
REQUEST	GetStarUIMemberDetail	GetStarUIMemberDetail	1625963834882	1625963835264	OK	 
GROUP	GetStarUIMemberDetail	1625963834881	1625963835265	382	OK
REQUEST	ChatTranscript	ChatTranscript	1625963835228	1625963835511	OK	 
GROUP	ChatTranscript	1625963835227	1625963835512	283	OK
REQUEST	GetStarUIMemberDetail	GetStarUIMemberDetail	1625963835145	1625963835652	OK	 
GROUP	GetStarUIMemberDetail	1625963835144	1625963835653	507	OK
REQUEST	GetStarUIMemberDetail	GetStarUIMemberDetail	1625963835365	1625963835776	OK	 
GROUP	GetStarUIMemberDetail	1625963835364	1625963835777	411	OK
REQUEST	GetStarUIMemberDetail	GetStarUIMemberDetail	1625963835567	1625963836042	OK	 
GROUP	GetStarUIMemberDetail	1625963835566	1625963836043	475	OK
REQUEST	GetEpisodeOfCare	GetEpisodeOfCare	1625963835477	1625963836396	OK	 
GROUP	GetEpisodeOfCare	1625963835476	1625963836397	919	OK
REQUEST	GetStarUIMemberDetail	GetStarUIMemberDetail	1625963835535	1625963836443	OK	 
GROUP	GetStarUIMemberDetail	1625963835534	1625963836444	908	OK
REQUEST	GetStarUIMemberDetail	GetStarUIMemberDetail	1625963835806	1625963836471	OK	 
GROUP	GetStarUIMemberDetail	1625963835806	1625963836472	665	OK
REQUEST	GetStarUIMemberList	GetStarUIMemberList	1625963835897	1625963837154	OK	 
GROUP	GetStarUIMemberList	1625963835896	1625963837155	1257	OK
REQUEST	ChatTranscript	ChatTranscript	1625963836909	1625963837179	OK	 
GROUP	ChatTranscript	1625963836909	1625963837179	270	OK
REQUEST	GetEpisodeOfCare	GetEpisodeOfCare	1625963836466	1625963837270	OK	 
GROUP	GetEpisodeOfCare	1625963836465	1625963837270	804	OK
REQUEST	GetStarUIMemberList	GetStarUIMemberList	1625963836224	1625963837476	OK	 
GROUP	GetStarUIMemberList	1625963836223	1625963837476	1252	OK
REQUEST	GetStarUIMemberList	GetStarUIMemberList	1625963836092	1625963837707	OK	 
GROUP	GetStarUIMemberList	1625963836091	1625963837708	1615	OK
REQUEST	GetStarUIMemberList	GetStarUIMemberList	1625963836382	1625963837724	OK	 
GROUP	GetStarUIMemberList	1625963836382	1625963837724	1342	OK
REQUEST	GetStarNote	GetStarNote	1625963837597	1625963837746	OK	 
GROUP	GetStarNote	1625963837596	1625963837746	149	OK
REQUEST	ChatTranscript	ChatTranscript	1625963837766	1625963838026	OK	 
GROUP	ChatTranscript	1625963837766	1625963838026	260	OK
REQUEST	ChatTranscript	ChatTranscript	1625963838047	1625963838321	OK	 
GROUP	ChatTranscript	1625963838046	1625963838321	274	OK
REQUEST	ChatTranscript	ChatTranscript	1625963838376	1625963838456	OK	 
GROUP	ChatTranscript	1625963838375	1625963838457	80	OK
REQUEST	GetStarNote	GetStarNote	1625963838517	1625963838907	OK	 
GROUP	GetStarNote	1625963838515	1625963838908	390	OK
USER	Users_1	START	1625963839046
REQUEST	GetStarUIMemberList	GetStarUIMemberList	1625963838717	1625963839705	OK	 
GROUP	GetStarUIMemberList	1625963838716	1625963839706	988	OK
REQUEST	Authenticate	Authenticate	1625963839047	1625963839792	OK	 
GROUP	Authenticate	1625963839047	1625963839793	745	OK
REQUEST	ChatTranscript	ChatTranscript	1625963838674	1625963839886	OK	 
GROUP	ChatTranscript	1625963838673	1625963839886	1212	OK
REQUEST	GetStarNote	GetStarNote	1625963839116	1625963839896	OK	 
GROUP	GetStarNote	1625963839115	1625963839896	780	OK
REQUEST	ChatTranscript	ChatTranscript	1625963838499	1625963839908	OK	 
GROUP	ChatTranscript	1625963838498	1625963839909	1409	OK
REQUEST	GetStarUIMemberDetail	GetStarUIMemberDetail	1625963839247	1625963840024	OK	 
GROUP	GetStarUIMemberDetail	1625963839247	1625963840025	777	OK
REQUEST	GetStarNote	GetStarNote	1625963839794	1625963840303	OK	 
GROUP	GetStarNote	1625963839794	1625963840304	509	OK
REQUEST	GetStarUIMemberDetail	GetStarUIMemberDetail	1625963839482	1625963840520	OK	 
GROUP	GetStarUIMemberDetail	1625963839481	1625963840521	1038	OK
REQUEST	GetStarNote	GetStarNote	1625963840287	1625963840560	OK	 
GROUP	GetStarNote	1625963840286	1625963840560	273	OK
REQUEST	GetStarNote	GetStarNote	1625963840317	1625963840624	OK	 
GROUP	GetStarNote	1625963840317	1625963840625	307	OK
REQUEST	GetStarUIMemberList	GetStarUIMemberList	1625963839060	1625963840675	OK	 
GROUP	GetStarUIMemberList	1625963839060	1625963840675	1615	OK
REQUEST	GetStarUIMemberDetail	GetStarUIMemberDetail	1625963839915	1625963840966	OK	 
GROUP	GetStarUIMemberDetail	1625963839915	1625963840966	1051	OK
REQUEST	GetStarUIMemberDetail	GetStarUIMemberDetail	1625963840368	1625963840966	OK	 
GROUP	GetStarUIMemberDetail	1625963840367	1625963840966	598	OK
REQUEST	GetEpisodeOfCare	GetEpisodeOfCare	1625963839944	1625963840966	OK	 
GROUP	GetEpisodeOfCare	1625963839943	1625963840966	1022	OK
REQUEST	GetEpisodeOfCare	GetEpisodeOfCare	1625963840619	1625963841109	OK	 
GROUP	GetEpisodeOfCare	1625963840619	1625963841110	490	OK
REQUEST	GetStarNote	GetStarNote	1625963841307	1625963841444	OK	 
GROUP	GetStarNote	1625963841307	1625963841444	137	OK
REQUEST	GetStarUIMemberDetail	GetStarUIMemberDetail	1625963841560	1625963842078	OK	 
GROUP	GetStarUIMemberDetail	1625963841559	1625963842079	518	OK
REQUEST	GetEpisodeOfCare	GetEpisodeOfCare	1625963841602	1625963842078	OK	 
GROUP	GetEpisodeOfCare	1625963841601	1625963842079	476	OK
REQUEST	ChatTranscript	ChatTranscript	1625963842066	1625963842146	OK	 
GROUP	ChatTranscript	1625963842066	1625963842147	80	OK
REQUEST	GetEpisodeOfCare	GetEpisodeOfCare	1625963842097	1625963842471	OK	 
GROUP	GetEpisodeOfCare	1625963842097	1625963842471	374	OK
REQUEST	ChatTranscript	ChatTranscript	1625963842429	1625963842501	OK	 
GROUP	ChatTranscript	1625963842428	1625963842501	72	OK
REQUEST	GetEpisodeOfCare	GetEpisodeOfCare	1625963842236	1625963842627	OK	 
GROUP	GetEpisodeOfCare	1625963842235	1625963842628	391	OK
REQUEST	ChatTranscript	ChatTranscript	1625963842626	1625963842696	OK	 
GROUP	ChatTranscript	1625963842626	1625963842697	70	OK
REQUEST	GetStarUIMemberDetail	GetStarUIMemberDetail	1625963842710	1625963843222	OK	 
GROUP	GetStarUIMemberDetail	1625963842709	1625963843222	512	OK
REQUEST	GetStarNote	GetStarNote	1625963842881	1625963843222	OK	 
GROUP	GetStarNote	1625963842880	1625963843222	341	OK
REQUEST	GetEpisodeOfCare	GetEpisodeOfCare	1625963842823	1625963843315	OK	 
GROUP	GetEpisodeOfCare	1625963842823	1625963843316	492	OK
REQUEST	GetStarUIMemberList	GetStarUIMemberList	1625963842658	1625963843440	OK	 
GROUP	GetStarUIMemberList	1625963842658	1625963843441	782	OK
REQUEST	GetStarNote	GetStarNote	1625963843446	1625963843594	OK	 
GROUP	GetStarNote	1625963843445	1625963843594	148	OK
REQUEST	ChatTranscript	ChatTranscript	1625963843535	1625963843609	OK	 
GROUP	ChatTranscript	1625963843534	1625963843610	74	OK
REQUEST	ChatTranscript	ChatTranscript	1625963843616	1625963843693	OK	 
GROUP	ChatTranscript	1625963843616	1625963843693	77	OK
REQUEST	GetEpisodeOfCare	GetEpisodeOfCare	1625963843820	1625963844223	OK	 
GROUP	GetEpisodeOfCare	1625963843819	1625963844223	403	OK
REQUEST	GetStarNote	GetStarNote	1625963844111	1625963844368	OK	 
GROUP	GetStarNote	1625963844111	1625963844369	257	OK
REQUEST	GetStarUIMemberList	GetStarUIMemberList	1625963844036	1625963844947	OK	 
GROUP	GetStarUIMemberList	1625963844036	1625963844948	911	OK
USER	Users_1	START	1625963845049
REQUEST	GetStarUIMemberList	GetStarUIMemberList	1625963844102	1625963845198	OK	 
GROUP	GetStarUIMemberList	1625963844101	1625963845199	1096	OK
REQUEST	ChatTranscript	ChatTranscript	1625963844867	1625963845218	OK	 
GROUP	ChatTranscript	1625963844866	1625963845218	351	OK
REQUEST	Authenticate	Authenticate	1625963845050	1625963845299	OK	 
GROUP	Authenticate	1625963845049	1625963845300	249	OK
REQUEST	GetStarNote	GetStarNote	1625963844805	1625963845324	OK	 
GROUP	GetStarNote	1625963844804	1625963845325	519	OK
REQUEST	GetStarNote	GetStarNote	1625963844948	1625963845367	OK	 
GROUP	GetStarNote	1625963844948	1625963845368	419	OK
REQUEST	GetEpisodeOfCare	GetEpisodeOfCare	1625963845012	1625963845500	OK	 
GROUP	GetEpisodeOfCare	1625963845012	1625963845500	488	OK
REQUEST	GetStarUIMemberList	GetStarUIMemberList	1625963844836	1625963845788	OK	 
GROUP	GetStarUIMemberList	1625963844835	1625963845788	952	OK
REQUEST	GetStarUIMemberList	GetStarUIMemberList	1625963845450	1625963846356	OK	 
GROUP	GetStarUIMemberList	1625963845450	1625963846356	906	OK
REQUEST	GetEpisodeOfCare	GetEpisodeOfCare	1625963845756	1625963846506	OK	 
GROUP	GetEpisodeOfCare	1625963845755	1625963846506	750	OK
REQUEST	GetStarUIMemberList	GetStarUIMemberList	1625963845500	1625963846506	OK	 
GROUP	GetStarUIMemberList	1625963845499	1625963846506	1006	OK
REQUEST	GetStarNote	GetStarNote	1625963846175	1625963846610	OK	 
GROUP	GetStarNote	1625963846174	1625963846610	435	OK
REQUEST	GetStarUIMemberDetail	GetStarUIMemberDetail	1625963845822	1625963846634	OK	 
GROUP	GetStarUIMemberDetail	1625963845822	1625963846634	812	OK
REQUEST	GetEpisodeOfCare	GetEpisodeOfCare	1625963846362	1625963846904	OK	 
GROUP	GetEpisodeOfCare	1625963846362	1625963846904	542	OK
REQUEST	ChatTranscript	ChatTranscript	1625963836932	1625963846938	KO	