RUN	Optum.Framework.OptumSim	optumsim	1621528085638	 	3.5.1
USER	Users_1	START	1621528087474
REQUEST	Scen_1,Login	BasePage	1621528087490	1621528087767	OK	 
REQUEST	Scen_1,Login	BasePage_1	1621528087790	1621528087870	OK	 
REQUEST	Scen_1,Login	BasePage_2	1621528087876	1621528087940	OK	 
REQUEST	Scen_1,Login	BasePage_3	1621528087942	1621528088003	OK	 
REQUEST	Scen_1,Login	BasePage_4	1621528088005	1621528088070	OK	 
REQUEST	Scen_1,Login	BasePage_5	1621528088071	1621528090269	OK	 
GROUP	Scen_1,Login	1621528087477	1621528090271	2745	OK
REQUEST	Scen_1,SearchByActiveMember	Select_SearchByActiveMember	1621528091278	1621528091461	OK	 
GROUP	Scen_1,SearchByActiveMember	1621528091277	1621528091461	183	OK
USER	Users_1	START	1621528092471
REQUEST	Scen_1,Login	BasePage	1621528092471	1621528092747	OK	 
REQUEST	Scen_1,Login	BasePage_1	1621528092748	1621528092820	OK	 
REQUEST	Scen_1,Login	BasePage_2	1621528092821	1621528092886	OK	 
REQUEST	Scen_1,Login	BasePage_3	1621528092888	1621528092954	OK	 
REQUEST	Scen_1,Login	BasePage_4	1621528092955	1621528093022	OK	 
REQUEST	Scen_1,SearchName_douglas	Search_1	1621528092893	1621528094628	OK	 
REQUEST	Scen_1,SearchName_douglas	Search_2003330312	1621528094634	1621528096887	OK	 
GROUP	Scen_1,SearchName_douglas	1621528092890	1621528096888	3988	OK
REQUEST	Scen_1,S_2003330312	Select_douglas	1621528098378	1621528098555	OK	 
REQUEST	Scen_1,Login	BasePage_5	1621528093024	1621528101101	OK	 
GROUP	Scen_1,Login	1621528092471	1621528101102	8623	OK
REQUEST	Scen_1,S_2003330312	request_1	1621528098556	1621528101196	OK	 
REQUEST	Scen_1,SearchByActiveMember	Select_SearchByActiveMember	1621528102110	1621528102278	OK	 
GROUP	Scen_1,SearchByActiveMember	1621528102109	1621528102279	168	OK
REQUEST	Scen_1,SearchName_thomas	Search_1	1621528103292	1621528107019	OK	 
REQUEST	Scen_1,S_2003330312	request_2003330312	1621528101199	1621528109168	OK	 
GROUP	Scen_1,S_2003330312	1621528098377	1621528109170	10786	OK
REQUEST	Scen_1,SearchName_thomas	Search_1503326775	1621528107021	1621528109473	OK	 
GROUP	Scen_1,SearchName_thomas	1621528103291	1621528109474	6179	OK
REQUEST	Scen_1,DrillDown_douglas	64881	1621528111155	1621528111482	OK	 
GROUP	Scen_1,DrillDown_douglas	1621528111153	1621528111483	327	OK
REQUEST	Scen_1,S_1503326775	Select_thomas	1621528111466	1621528111589	OK	 
REQUEST	Scen_1,SearchByActiveMember	Select_SearchByActiveMember	1621528113183	1621528113587	OK	 
GROUP	Scen_1,SearchByActiveMember	1621528113182	1621528113588	404	OK
REQUEST	Scen_1,SearchName_smith	Search_1	1621528115384	1621528116951	OK	 
REQUEST	Scen_1,SearchName_smith	Search_2003327496	1621528116952	1621528118590	OK	 
GROUP	Scen_1,SearchName_smith	1621528115383	1621528118591	3205	OK
REQUEST	Scen_1,S_2003327496	Select_smith	1621528120011	1621528120321	OK	 
REQUEST	Scen_1,S_1503326775	request_1	1621528111590	1621528120638	OK	 
REQUEST	Scen_1,S_1503326775	request_1503326775	1621528120639	1621528123298	OK	 
GROUP	Scen_1,S_1503326775	1621528111465	1621528123299	11830	OK
REQUEST	Scen_1,DrillDown_thomas	68055	1621528124914	1621528125274	OK	 
GROUP	Scen_1,DrillDown_thomas	1621528124913	1621528125274	360	OK
REQUEST	Scen_1,SearchByActiveMember	Select_SearchByActiveMember	1621528127041	1621528127314	OK	 
GROUP	Scen_1,SearchByActiveMember	1621528127040	1621528127315	273	OK
REQUEST	Scen_1,S_2003327496	request_1	1621528120322	1621528130363	OK	 
REQUEST	Scen_1,SearchName_roger	Search_1	1621528129248	1621528131284	OK	 
REQUEST	Scen_1,SearchName_roger	Search_403328329	1621528131286	1621528133233	OK	 
GROUP	Scen_1,SearchName_roger	1621528129247	1621528133234	3983	OK
REQUEST	Scen_1,S_2003327496	request_2003327496	1621528130364	1621528134674	OK	 
GROUP	Scen_1,S_2003327496	1621528120010	1621528134675	14661	OK
REQUEST	Scen_1,S_403328329	Select_roger	1621528134427	1621528134726	OK	 
REQUEST	Scen_1,S_403328329	request_1	1621528134727	1621528135428	OK	 
REQUEST	Scen_1,DrillDown_smith	67992	1621528136083	1621528136831	OK	 
GROUP	Scen_1,DrillDown_smith	1621528136082	1621528136832	748	OK
REQUEST	Scen_1,S_403328329	request_403328329	1621528135429	1621528137454	OK	 
GROUP	Scen_1,S_403328329	1621528134426	1621528137455	3025	OK
GROUP	Scen_1	1621528087476	1621528137958	37047	OK
REQUEST	Scen_1,Login	BasePage	1621528137959	1621528138034	OK	 
REQUEST	Scen_1,Login	BasePage_1	1621528138036	1621528138099	OK	 
REQUEST	Scen_1,Login	BasePage_2	1621528138100	1621528138161	OK	 
REQUEST	Scen_1,Login	BasePage_3	1621528138162	1621528138224	OK	 
REQUEST	Scen_1,Login	BasePage_4	1621528138225	1621528138288	OK	 
REQUEST	Scen_1,DrillDown_roger	63702	1621528139259	1621528140269	OK	 
GROUP	Scen_1,DrillDown_roger	1621528139258	1621528140270	1010	OK
REQUEST	Scen_1,Login	BasePage_5	1621528138289	1621528141322	OK	 
GROUP	Scen_1,Login	1621528137959	1621528141323	3357	OK
GROUP	Scen_1	1621528092471	1621528141879	35451	OK
REQUEST	Scen_1,Login	BasePage	1621528141880	1621528142142	OK	 
REQUEST	Scen_1,Login	BasePage_1	1621528142143	1621528142213	OK	 
REQUEST	Scen_1,Login	BasePage_2	1621528142215	1621528142279	OK	 
REQUEST	Scen_1,Login	BasePage_3	1621528142281	1621528142345	OK	 
REQUEST	Scen_1,Login	BasePage_4	1621528142347	1621528142420	OK	 
REQUEST	Scen_1,SearchByActiveMember	Select_SearchByActiveMember	1621528142325	1621528142479	OK	 
GROUP	Scen_1,SearchByActiveMember	1621528142324	1621528142480	154	OK
REQUEST	Scen_1,SearchName_baker	Search_1	1621528144426	1621528145930	OK	 
REQUEST	Scen_1,Login	BasePage_5	1621528142421	1621528146307	OK	 
GROUP	Scen_1,Login	1621528141879	1621528146308	4419	OK
REQUEST	Scen_1,SearchByActiveMember	Select_SearchByActiveMember	1621528147315	1621528147470	OK	 
GROUP	Scen_1,SearchByActiveMember	1621528147314	1621528147471	155	OK
REQUEST	Scen_1,SearchName_baker	Search_1803327625	1621528145931	1621528147872	OK	 
GROUP	Scen_1,SearchName_baker	1621528144425	1621528147873	3445	OK
REQUEST	Scen_1,S_1803327625	Select_baker	1621528149878	1621528149982	OK	 
REQUEST	Scen_1,SearchName_douglas	Search_1	1621528149380	1621528150062	OK	 
REQUEST	Scen_1,S_1803327625	request_1	1621528149983	1621528150554	OK	 
REQUEST	Scen_1,SearchName_douglas	Search_2003330312	1621528150063	1621528150723	OK	 
GROUP	Scen_1,SearchName_douglas	1621528149379	1621528150723	1342	OK
REQUEST	Scen_1,S_2003330312	Select_douglas	1621528152254	1621528152427	OK	 
REQUEST	Scen_1,S_1803327625	request_1803327625	1621528150555	1621528152893	OK	 
GROUP	Scen_1,S_1803327625	1621528149877	1621528152894	3013	OK
REQUEST	Scen_1,DrillDown_baker	68321	1621528154664	1621528154927	OK	 
GROUP	Scen_1,DrillDown_baker	1621528154663	1621528154928	263	OK
REQUEST	Scen_1,S_2003330312	request_1	1621528152428	1621528155762	OK	 
REQUEST	Scen_1,SearchByActiveMember	Select_SearchByActiveMember	1621528156091	1621528156482	OK	 
GROUP	Scen_1,SearchByActiveMember	1621528156090	1621528156483	391	OK
REQUEST	Scen_1,S_2003330312	request_2003330312	1621528155763	1621528158525	OK	 
GROUP	Scen_1,S_2003330312	1621528152253	1621528158526	6269	OK
REQUEST	Scen_1,SearchName_thomas	Search_1	1621528157931	1621528159793	OK	 
REQUEST	Scen_1,DrillDown_douglas	64881	1621528160154	1621528160965	OK	 
GROUP	Scen_1,DrillDown_douglas	1621528160151	1621528160966	811	OK
REQUEST	Scen_1,SearchName_thomas	Search_1503326775	1621528159795	1621528161148	OK	 
GROUP	Scen_1,SearchName_thomas	1621528157930	1621528161149	3215	OK
REQUEST	Scen_1,S_1503326775	Select_thomas	1621528162504	1621528162624	OK	 
REQUEST	Scen_1,SearchByActiveMember	Select_SearchByActiveMember	1621528162425	1621528162802	OK	 
GROUP	Scen_1,SearchByActiveMember	1621528162424	1621528162802	377	OK
REQUEST	Scen_1,S_1503326775	request_1	1621528162625	1621528165079	OK	 
REQUEST	Scen_1,SearchName_smith	Search_1	1621528163911	1621528165179	OK	 
REQUEST	Scen_1,SearchName_smith	Search_2003327496	1621528165180	1621528167197	OK	 
GROUP	Scen_1,SearchName_smith	1621528163910	1621528167198	3285	OK
REQUEST	Scen_1,S_2003327496	Select_smith	1621528168354	1621528168517	OK	 
REQUEST	Scen_1,S_1503326775	request_1503326775	1621528165080	1621528169585	OK	 
GROUP	Scen_1,S_1503326775	1621528162504	1621528169586	7079	OK
REQUEST	Scen_1,S_2003327496	request_1	1621528168518	1621528171478	OK	 
REQUEST	Scen_1,DrillDown_thomas	68055	1621528171129	1621528171540	OK	 
GROUP	Scen_1,DrillDown_thomas	1621528171128	1621528171541	411	OK
GROUP	Scen_1	1621528137959	1621528173079	21328	OK
REQUEST	Scen_1,Login	BasePage	1621528173080	1621528173148	OK	 
REQUEST	Scen_1,Login	BasePage_1	1621528173149	1621528173399	OK	 
REQUEST	Scen_1,Login	BasePage_2	1621528173400	1621528173465	OK	 
REQUEST	Scen_1,S_2003327496	request_2003327496	1621528171479	1621528173561	OK	 
GROUP	Scen_1,S_2003327496	1621528168353	1621528173562	5205	OK
REQUEST	Scen_1,Login	BasePage_3	1621528173466	1621528173684	OK	 
REQUEST	Scen_1,Login	BasePage_4	1621528173685	1621528173744	OK	 
REQUEST	Scen_1,Login	BasePage_5	1621528173745	1621528175444	OK	 
GROUP	Scen_1,Login	1621528173079	1621528175445	2359	OK
REQUEST	Scen_1,DrillDown_smith	67992	1621528175192	1621528175877	OK	 
GROUP	Scen_1,DrillDown_smith	1621528175192	1621528175878	685	OK
REQUEST	Scen_1,SearchByActiveMember	Select_SearchByActiveMember	1621528176450	1621528176574	OK	 
GROUP	Scen_1,SearchByActiveMember	1621528176449	1621528176574	124	OK
GROUP	Scen_1	1621528141879	1621528177256	22548	OK
REQUEST	Scen_1,Login	BasePage	1621528177257	1621528177614	OK	 
REQUEST	Scen_1,Login	BasePage_1	1621528177615	1621528177683	OK	 
REQUEST	Scen_1,Login	BasePage_2	1621528177684	1621528177748	OK	 
REQUEST	Scen_1,Login	BasePage_3	1621528177750	1621528177815	OK	 
REQUEST	Scen_1,Login	BasePage_4	1621528177816	1621528177881	OK	 
REQUEST	Scen_1,SearchName_roger	Search_1	1621528178505	1621528181720	OK	 
REQUEST	Scen_1,Login	BasePage_5	1621528177882	1621528183001	OK	 
GROUP	Scen_1,Login	1621528177256	1621528183001	5738	OK
REQUEST	Scen_1,SearchName_roger	Search_403328329	1621528181721	1621528183306	OK	 
GROUP	Scen_1,SearchName_roger	1621528178504	1621528183306	4800	OK
REQUEST	Scen_1,SearchByActiveMember	Select_SearchByActiveMember	1621528184008	1621528184402	OK	 
GROUP	Scen_1,SearchByActiveMember	1621528184007	1621528184403	394	OK
REQUEST	Scen_1,S_403328329	Select_roger	1621528184497	1621528184614	OK	 
REQUEST	Scen_1,S_403328329	request_1	1621528184615	1621528185351	OK	 
REQUEST	Scen_1,SearchName_baker	Search_1	1621528185873	1621528186992	OK	 
REQUEST	Scen_1,SearchName_baker	Search_1803327625	1621528186993	1621528188012	OK	 
GROUP	Scen_1,SearchName_baker	1621528185873	1621528188013	2138	OK
REQUEST	Scen_1,S_403328329	request_403328329	1621528185352	1621528189187	OK	 
GROUP	Scen_1,S_403328329	1621528184497	1621528189187	4688	OK
REQUEST	Scen_1,S_1803327625	Select_baker	1621528189296	1621528189376	OK	 
REQUEST	Scen_1,S_1803327625	request_1	1621528189377	1621528190519	OK	 
REQUEST	Scen_1,DrillDown_roger	63702	1621528190789	1621528191703	OK	 
GROUP	Scen_1,DrillDown_roger	1621528190788	1621528191704	914	OK
REQUEST	Scen_1,S_1803327625	request_1803327625	1621528190520	1621528192727	OK	 
GROUP	Scen_1,S_1803327625	1621528189295	1621528192728	3429	OK
REQUEST	Scen_1,SearchByActiveMember	Select_SearchByActiveMember	1621528193297	1621528193550	OK	 
GROUP	Scen_1,SearchByActiveMember	1621528193296	1621528193551	253	OK
REQUEST	Scen_1,DrillDown_baker	68321	1621528194663	1621528195289	OK	 
GROUP	Scen_1,DrillDown_baker	1621528194662	1621528195290	626	OK
REQUEST	Scen_1,SearchName_douglas	Search_1	1621528194771	1621528195697	OK	 
REQUEST	Scen_1,SearchByActiveMember	Select_SearchByActiveMember	1621528196674	1621528197071	OK	 
GROUP	Scen_1,SearchByActiveMember	1621528196673	1621528197072	397	OK
REQUEST	Scen_1,SearchName_douglas	Search_2003330312	1621528195698	1621528197437	OK	 
GROUP	Scen_1,SearchName_douglas	1621528194770	1621528197437	2665	OK
REQUEST	Scen_1,S_2003330312	Select_douglas	1621528199231	1621528199628	OK	 
REQUEST	Scen_1,SearchName_thomas	Search_1	1621528198610	1621528200715	OK	 
REQUEST	Scen_1,S_2003330312	request_1	1621528199629	1621528202147	OK	 
REQUEST	Scen_1,SearchName_thomas	Search_1503326775	1621528200716	1621528202527	OK	 
GROUP	Scen_1,SearchName_thomas	1621528198609	1621528202528	3916	OK
REQUEST	Scen_1,S_1503326775	Select_thomas	1621528203558	1621528204270	OK	 
REQUEST	Scen_1,S_2003330312	request_2003330312	1621528202148	1621528205834	OK	 
GROUP	Scen_1,S_2003330312	1621528199230	1621528205835	6601	OK
REQUEST	Scen_1,S_1503326775	request_1	1621528204271	1621528207165	OK	 
REQUEST	Scen_1,DrillDown_douglas	64881	1621528207830	1621528209011	OK	 
GROUP	Scen_1,DrillDown_douglas	1621528207829	1621528209012	1181	OK
REQUEST	Scen_1,S_1503326775	request_1503326775	1621528207166	1621528209313	OK	 
GROUP	Scen_1,S_1503326775	1621528203557	1621528209314	5753	OK
GROUP	Scen_1	1621528173079	1621528210439	23585	OK
REQUEST	Scen_1,Login	BasePage	1621528210440	1621528210719	OK	 
REQUEST	Scen_1,Login	BasePage_1	1621528210720	1621528210784	OK	 
REQUEST	Scen_1,Login	BasePage_2	1621528210785	1621528210851	OK	 
REQUEST	Scen_1,Login	BasePage_3	1621528210852	1621528210917	OK	 
REQUEST	Scen_1,Login	BasePage_4	1621528210918	1621528210983	OK	 
REQUEST	Scen_1,DrillDown_thomas	68055	1621528211197	1621528211979	OK	 
GROUP	Scen_1,DrillDown_thomas	1621528211196	1621528211980	782	OK
GROUP	Scen_1	1621528177256	1621528213097	23173	OK
REQUEST	Scen_1,Login	BasePage	1621528213098	1621528213168	OK	 
REQUEST	Scen_1,Login	BasePage_1	1621528213169	1621528213234	OK	 
REQUEST	Scen_1,Login	BasePage_2	1621528213235	1621528213293	OK	 
REQUEST	Scen_1,Login	BasePage_3	1621528213294	1621528213354	OK	 
REQUEST	Scen_1,Login	BasePage_4	1621528213354	1621528213420	OK	 
REQUEST	Scen_1,Login	BasePage_5	1621528210984	1621528214333	OK	 
GROUP	Scen_1,Login	1621528210439	1621528214334	3888	OK
REQUEST	Scen_1,SearchByActiveMember	Select_SearchByActiveMember	1621528215336	1621528215529	OK	 
GROUP	Scen_1,SearchByActiveMember	1621528215336	1621528215529	193	OK
REQUEST	Scen_1,Login	BasePage_5	1621528213421	1621528216378	OK	 
GROUP	Scen_1,Login	1621528213098	1621528216379	3276	OK
REQUEST	Scen_1,SearchByActiveMember	Select_SearchByActiveMember	1621528217385	1621528217581	OK	 
GROUP	Scen_1,SearchByActiveMember	1621528217384	1621528217582	196	OK
REQUEST	Scen_1,SearchName_smith	Search_1	1621528216784	1621528218978	OK	 
REQUEST	Scen_1,SearchName_roger	Search_1	1621528218815	1621528221706	OK	 
REQUEST	Scen_1,SearchName_smith	Search_2003327496	1621528218979	1621528221723	OK	 
GROUP	Scen_1,SearchName_smith	1621528216783	1621528221723	4938	OK
REQUEST	Scen_1,SearchName_roger	Search_403328329	1621528221707	1621528222937	OK	 
GROUP	Scen_1,SearchName_roger	1621528218814	1621528222937	4121	OK
REQUEST	Scen_1,S_2003327496	Select_smith	1621528223324	1621528223411	OK	 
REQUEST	Scen_1,S_403328329	Select_roger	1621528224893	1621528225166	OK	 
REQUEST	Scen_1,S_403328329	request_1	1621528225167	1621528225699	OK	 
REQUEST	Scen_1,S_2003327496	request_1	1621528223412	1621528227236	OK	 
REQUEST	Scen_1,S_403328329	request_403328329	1621528225700	1621528228360	OK	 
GROUP	Scen_1,S_403328329	1621528224892	1621528228361	3465	OK
REQUEST	Scen_1,S_2003327496	request_2003327496	1621528227237	1621528229896	OK	 
GROUP	Scen_1,S_2003327496	1621528223323	1621528229896	6570	OK
REQUEST	Scen_1,DrillDown_roger	63702	1621528229410	1621528231096	OK	 
GROUP	Scen_1,DrillDown_roger	1621528229410	1621528231096	1686	OK
REQUEST	Scen_1,DrillDown_smith	67992	1621528231501	1621528231826	OK	 
GROUP	Scen_1,DrillDown_smith	1621528231501	1621528231827	325	OK
REQUEST	Scen_1,SearchByActiveMember	Select_SearchByActiveMember	1621528232555	1621528232729	OK	 
GROUP	Scen_1,SearchByActiveMember	1621528232554	1621528232730	174	OK
REQUEST	Scen_1,SearchByActiveMember	Select_SearchByActiveMember	1621528232887	1621528233090	OK	 
GROUP	Scen_1,SearchByActiveMember	1621528232886	1621528233090	203	OK
REQUEST	Scen_1,SearchName_baker	Search_1	1621528234228	1621528235632	OK	 
REQUEST	Scen_1,SearchName_douglas	Search_1	1621528234514	1621528235940	OK	 
REQUEST	Scen_1,SearchName_douglas	Search_2003330312	1621528235941	1621528237066	OK	 
GROUP	Scen_1,SearchName_douglas	1621528234513	1621528237067	2551	OK
REQUEST	Scen_1,SearchName_baker	Search_1803327625	1621528235634	1621528237066	OK	 
GROUP	Scen_1,SearchName_baker	1621528234227	1621528237067	2836	OK
REQUEST	Scen_1,S_2003330312	Select_douglas	1621528238132	1621528238279	OK	 
REQUEST	Scen_1,S_1803327625	Select_baker	1621528238660	1621528238833	OK	 
REQUEST	Scen_1,S_1803327625	request_1	1621528238834	1621528239216	OK	 
REQUEST	Scen_1,S_2003330312	request_1	1621528238280	1621528241469	OK	 
REQUEST	Scen_1,S_1803327625	request_1803327625	1621528239217	1621528243615	OK	 
GROUP	Scen_1,S_1803327625	1621528238659	1621528243616	4953	OK
REQUEST	Scen_1,S_2003330312	request_2003330312	1621528241470	1621528244849	OK	 
GROUP	Scen_1,S_2003330312	1621528238131	1621528244850	6715	OK
REQUEST	Scen_1,DrillDown_baker	68321	1621528245056	1621528245209	OK	 
GROUP	Scen_1,DrillDown_baker	1621528245055	1621528245209	153	OK
GROUP	Scen_1	1621528213098	1621528246552	20860	OK
REQUEST	Scen_1,DrillDown_douglas	64881	1621528246852	1621528247266	OK	 
GROUP	Scen_1,DrillDown_douglas	1621528246851	1621528247267	414	OK
REQUEST	Scen_1,Login	BasePage	1621528246553	1621528248821	OK	 
REQUEST	Scen_1,Login	BasePage_1	1621528248822	1621528248888	OK	 
REQUEST	Scen_1,Login	BasePage_2	1621528248889	1621528248955	OK	 
GROUP	Scen_1	1621528210439	1621528248972	25797	OK
REQUEST	Scen_1,Login	BasePage_3	1621528248956	1621528249018	OK	 
REQUEST	Scen_1,Login	BasePage	1621528248973	1621528249033	OK	 
REQUEST	Scen_1,Login	BasePage_4	1621528249019	1621528249084	OK	 
REQUEST	Scen_1,Login	BasePage_1	1621528249034	1621528249099	OK	 
REQUEST	Scen_1,Login	BasePage_2	1621528249100	1621528249362	OK	 
REQUEST	Scen_1,Login	BasePage_3	1621528249363	1621528249425	OK	 
REQUEST	Scen_1,Login	BasePage_4	1621528249426	1621528249494	OK	 
REQUEST	Scen_1,Login	BasePage_5	1621528249085	1621528253143	OK	 
GROUP	Scen_1,Login	1621528246552	1621528253144	6585	OK
REQUEST	Scen_1,Login	BasePage_5	1621528249495	1621528254065	OK	 
GROUP	Scen_1,Login	1621528248973	1621528254065	5087	OK
REQUEST	Scen_1,SearchByActiveMember	Select_SearchByActiveMember	1621528254150	1621528254325	OK	 
GROUP	Scen_1,SearchByActiveMember	1621528254149	1621528254326	175	OK
REQUEST	Scen_1,SearchByActiveMember	Select_SearchByActiveMember	1621528255071	1621528255216	OK	 
GROUP	Scen_1,SearchByActiveMember	1621528255071	1621528255217	145	OK
REQUEST	Scen_1,SearchName_thomas	Search_1	1621528255650	1621528257436	OK	 
REQUEST	Scen_1,SearchName_smith	Search_1	1621528256542	1621528258593	OK	 
REQUEST	Scen_1,SearchName_thomas	Search_1503326775	1621528257437	1621528259493	OK	 
GROUP	Scen_1,SearchName_thomas	1621528255649	1621528259493	3842	OK
REQUEST	Scen_1,SearchName_smith	Search_2003327496	1621528258595	1621528260721	OK	 
GROUP	Scen_1,SearchName_smith	1621528256541	1621528260722	4177	OK
REQUEST	Scen_1,S_1503326775	Select_thomas	1621528261459	1621528261792	OK	 
REQUEST	Scen_1,S_2003327496	Select_smith	1621528262169	1621528262256	OK	 
REQUEST	Scen_1,S_1503326775	request_1	1621528261793	1621528264302	OK	 
REQUEST	Scen_1,S_2003327496	request_1	1621528262257	1621528264828	OK	 
REQUEST	Scen_1,S_1503326775	request_1503326775	1621528264303	1621528268503	OK	 
GROUP	Scen_1,S_1503326775	1621528261459	1621528268504	7042	OK
REQUEST	Scen_1,S_2003327496	request_2003327496	1621528264829	1621528269117	OK	 
GROUP	Scen_1,S_2003327496	1621528262168	1621528269118	6946	OK
REQUEST	Scen_1,DrillDown_smith	67992	1621528270329	1621528270465	OK	 
GROUP	Scen_1,DrillDown_smith	1621528270328	1621528270465	136	OK
REQUEST	Scen_1,DrillDown_thomas	68055	1621528270383	1621528270494	OK	 
GROUP	Scen_1,DrillDown_thomas	1621528270382	1621528270494	111	OK
REQUEST	Scen_1,SearchByActiveMember	Select_SearchByActiveMember	1621528271894	1621528272507	OK	 
GROUP	Scen_1,SearchByActiveMember	1621528271893	1621528272507	613	OK
REQUEST	Scen_1,SearchByActiveMember	Select_SearchByActiveMember	1621528272161	1621528272547	OK	 
GROUP	Scen_1,SearchByActiveMember	1621528272161	1621528272548	386	OK
REQUEST	Scen_1,SearchName_baker	Search_1	1621528274070	1621528275262	OK	 
REQUEST	Scen_1,SearchName_baker	Search_1803327625	1621528275263	1621528276592	OK	 
GROUP	Scen_1,SearchName_baker	1621528274070	1621528276592	2521	OK
REQUEST	Scen_1,SearchName_roger	Search_1	1621528274387	1621528276662	OK	 
REQUEST	Scen_1,SearchName_roger	Search_403328329	1621528276663	1621528278262	OK	 
GROUP	Scen_1,SearchName_roger	1621528274386	1621528278262	3874	OK
REQUEST	Scen_1,S_1803327625	Select_baker	1621528278250	1621528278395	OK	 
REQUEST	Scen_1,S_1803327625	request_1	1621528278396	1621528278962	OK	 
REQUEST	Scen_1,S_403328329	Select_roger	1621528280227	1621528280991	OK	 
REQUEST	Scen_1,S_403328329	request_1	1621528280992	1621528281713	OK	 
REQUEST	Scen_1,S_1803327625	request_1803327625	1621528278963	1621528281713	OK	 
GROUP	Scen_1,S_1803327625	1621528278250	1621528281713	3461	OK
REQUEST	Scen_1,DrillDown_baker	68321	1621528282952	1621528283509	OK	 
GROUP	Scen_1,DrillDown_baker	1621528282951	1621528283510	557	OK
REQUEST	Scen_1,S_403328329	request_403328329	1621528281714	1621528283839	OK	 
GROUP	Scen_1,S_403328329	1621528280226	1621528283840	3610	OK
GROUP	Scen_1	1621528248972	1621528284572	23416	OK
USER	Users_1	END	1621528284574
REQUEST	Scen_1,DrillDown_roger	63702	1621528284874	1621528285052	OK	 
GROUP	Scen_1,DrillDown_roger	1621528284873	1621528285053	178	OK
GROUP	Scen_1	1621528246552	1621528286307	26030	OK
USER	Users_1	END	1621528286308
