RUN	Optum.Framework.OptumSim	optumsim	1626805490508	Optum.Framework.OptumSim-SIMULATION_1_10:SIMULATION_2_0:SIMULATION_3_0:Iterations_10	3.5.1
USER	Users_1	START	1626805492026
REQUEST	,Login		1626805492041	1626805492401	OK	 
REQUEST	,Login	icon?family=Material+Icons	1626805492449	1626805492867	OK	 
REQUEST	,Login	runtime-es5.a02b527030695c21acab.js	1626805492448	1626805492875	OK	 
REQUEST	,Login	runtime-es2015.a02b527030695c21acab.js	1626805492447	1626805492879	OK	 
REQUEST	,Login	styles-es2015.8dcb7b1cdd5d944ad068.js	1626805492449	1626805492956	OK	 
REQUEST	,Login	favicon.ico	1626805492447	1626805492991	OK	 
USER	Users_1	START	1626805493022
REQUEST	,Login	polyfills-es5.7951a9b6d5d3faf73072.js	1626805492448	1626805493099	OK	 
REQUEST	,Login	styles-es5.8dcb7b1cdd5d944ad068.js	1626805492876	1626805493135	OK	 
REQUEST	,Login	polyfills-es2015.08b3d487343e8bcb5f4b.js	1626805492449	1626805493199	OK	 
REQUEST	,Login		1626805493022	1626805493360	OK	 
REQUEST	,Login	icon?family=Material+Icons	1626805493363	1626805493672	OK	 
REQUEST	,Login	runtime-es2015.a02b527030695c21acab.js	1626805493362	1626805493692	OK	 
REQUEST	,Login	runtime-es5.a02b527030695c21acab.js	1626805493363	1626805493700	OK	 
REQUEST	,Login	main-es2015.8a12e6f1e5b08471ce36.js	1626805492879	1626805493784	OK	 
REQUEST	,Login	main-es5.8a12e6f1e5b08471ce36.js	1626805492957	1626805493786	OK	 
REQUEST	,Login	styles-es5.8dcb7b1cdd5d944ad068.js	1626805493693	1626805493869	OK	 
REQUEST	,Login	styles-es2015.8dcb7b1cdd5d944ad068.js	1626805493363	1626805493871	OK	 
REQUEST	,Login		1626805493786	1626805493873	OK	 
REQUEST	,Login	favicon.ico	1626805493361	1626805493919	OK	 
REQUEST	,Login	polyfills-es2015.08b3d487343e8bcb5f4b.js	1626805493363	1626805493950	OK	 
REQUEST	,Login	polyfills-es5.7951a9b6d5d3faf73072.js	1626805493363	1626805493952	OK	 
REQUEST	,Login		1626805493875	1626805493963	OK	 
USER	Users_1	START	1626805494022
REQUEST	,Login		1626805493964	1626805494341	OK	 
GROUP	,Login	1626805492029	1626805494341	2254	OK
REQUEST	,Login		1626805494023	1626805494367	OK	 
REQUEST	,Login	main-es2015.8a12e6f1e5b08471ce36.js	1626805493700	1626805494591	OK	 
REQUEST	,Login	favicon.ico	1626805494368	1626805494613	OK	 
REQUEST	,Login	main-es5.8a12e6f1e5b08471ce36.js	1626805493869	1626805494679	OK	 
REQUEST	,SearchByActiveMember	Select_SearchByActiveMember	1626805494345	1626805494685	OK	 
GROUP	,SearchByActiveMember	1626805494344	1626805494685	340	OK
REQUEST	,Login	icon?family=Material+Icons	1626805494369	1626805494694	OK	 
REQUEST	,Login	styles-es5.8dcb7b1cdd5d944ad068.js	1626805494614	1626805494711	OK	 
REQUEST	,Login	runtime-es5.a02b527030695c21acab.js	1626805494368	1626805494713	OK	 
REQUEST	,Login	runtime-es2015.a02b527030695c21acab.js	1626805494368	1626805494745	OK	 
REQUEST	,Login		1626805494679	1626805494763	OK	 
REQUEST	,Login	styles-es2015.8dcb7b1cdd5d944ad068.js	1626805494369	1626805494901	OK	 
REQUEST	,Login	polyfills-es2015.08b3d487343e8bcb5f4b.js	1626805494368	1626805494902	OK	 
REQUEST	,Login		1626805494764	1626805494914	OK	 
USER	Users_1	START	1626805495019
REQUEST	,Login	polyfills-es5.7951a9b6d5d3faf73072.js	1626805494368	1626805495081	OK	 
REQUEST	,Login		1626805494915	1626805495252	OK	 
GROUP	,Login	1626805493022	1626805495252	2227	OK
REQUEST	,Login		1626805495019	1626805495342	OK	 
REQUEST	,SearchByActiveMember	Select_SearchByActiveMember	1626805495253	1626805495459	OK	 
GROUP	,SearchByActiveMember	1626805495253	1626805495459	206	OK
REQUEST	,Login	main-es2015.8a12e6f1e5b08471ce36.js	1626805494711	1626805495469	OK	 
REQUEST	,Login	icon?family=Material+Icons	1626805495345	1626805495663	OK	 
REQUEST	,Login	runtime-es5.a02b527030695c21acab.js	1626805495344	1626805495672	OK	 
REQUEST	,Login	runtime-es2015.a02b527030695c21acab.js	1626805495344	1626805495683	OK	 
REQUEST	,Login	styles-es2015.8dcb7b1cdd5d944ad068.js	1626805495345	1626805495774	OK	 
REQUEST	,Login	favicon.ico	1626805495343	1626805495891	OK	 
REQUEST	,Login	styles-es5.8dcb7b1cdd5d944ad068.js	1626805495672	1626805495919	OK	 
REQUEST	,Login	polyfills-es2015.08b3d487343e8bcb5f4b.js	1626805495345	1626805495999	OK	 
USER	Users_1	START	1626805496018
REQUEST	,Login	polyfills-es5.7951a9b6d5d3faf73072.js	1626805495345	1626805496083	OK	 
REQUEST	,Login		1626805496019	1626805496355	OK	 
REQUEST	,Login	favicon.ico	1626805496356	1626805496596	OK	 
REQUEST	,Login	icon?family=Material+Icons	1626805496358	1626805496667	OK	 
REQUEST	,Login	styles-es5.8dcb7b1cdd5d944ad068.js	1626805496597	1626805496686	OK	 
REQUEST	,Login	runtime-es5.a02b527030695c21acab.js	1626805496357	1626805496706	OK	 
REQUEST	,Login	runtime-es2015.a02b527030695c21acab.js	1626805496357	1626805496708	OK	 
REQUEST	,Login	main-es5.8a12e6f1e5b08471ce36.js	1626805494713	1626805496799	OK	 
REQUEST	,Login	polyfills-es5.7951a9b6d5d3faf73072.js	1626805496357	1626805496859	OK	 
REQUEST	,Login	polyfills-es2015.08b3d487343e8bcb5f4b.js	1626805496357	1626805496868	OK	 
REQUEST	,Login	styles-es2015.8dcb7b1cdd5d944ad068.js	1626805496357	1626805496869	OK	 
REQUEST	,Login		1626805496800	1626805496899	OK	 
REQUEST	,Login		1626805496900	1626805496980	OK	 
REQUEST	,Login	main-es5.8a12e6f1e5b08471ce36.js	1626805495774	1626805496989	OK	 
USER	Users_1	START	1626805497020
REQUEST	,SearchName_thomas	Search_1	1626805496903	1626805497062	OK	 
REQUEST	,Login		1626805496981	1626805497263	OK	 
GROUP	,Login	1626805494022	1626805497263	3238	OK
REQUEST	,SearchName_thomas	Search_2003326739	1626805497065	1626805497292	OK	 
GROUP	,SearchName_thomas	1626805496899	1626805497292	386	OK
REQUEST	,SearchByActiveMember	Select_SearchByActiveMember	1626805497264	1626805497412	OK	 
GROUP	,SearchByActiveMember	1626805497263	1626805497412	148	OK
REQUEST	,Login	main-es2015.8a12e6f1e5b08471ce36.js	1626805496687	1626805497427	OK	 
REQUEST	,Login		1626805497020	1626805497431	OK	 
REQUEST	,Login	main-es2015.8a12e6f1e5b08471ce36.js	1626805495683	1626805497686	OK	 
REQUEST	,Login	icon?family=Material+Icons	1626805497433	1626805497738	OK	 
REQUEST	,Login	runtime-es5.a02b527030695c21acab.js	1626805497433	1626805497754	OK	 
REQUEST	,Login	runtime-es2015.a02b527030695c21acab.js	1626805497433	1626805497759	OK	 
REQUEST	,Login		1626805497687	1626805497771	OK	 
REQUEST	,Login		1626805497772	1626805497907	OK	 
REQUEST	,Login	polyfills-es5.7951a9b6d5d3faf73072.js	1626805497433	1626805497926	OK	 
REQUEST	,Login	polyfills-es2015.08b3d487343e8bcb5f4b.js	1626805497433	1626805497929	OK	 
REQUEST	,Login	favicon.ico	1626805497432	1626805497976	OK	 
REQUEST	,Login	styles-es5.8dcb7b1cdd5d944ad068.js	1626805497755	1626805497998	OK	 
REQUEST	,Login	styles-es2015.8dcb7b1cdd5d944ad068.js	1626805497433	1626805498005	OK	 
USER	Users_1	START	1626805498018
REQUEST	,Login		1626805497908	1626805498300	OK	 
GROUP	,Login	1626805495019	1626805498301	3277	OK
REQUEST	,Login		1626805498019	1626805498359	OK	 
REQUEST	,SearchByActiveMember	Select_SearchByActiveMember	1626805498302	1626805498434	OK	 
GROUP	,SearchByActiveMember	1626805498301	1626805498434	132	OK
REQUEST	,S_2003326739	Select_thomas	1626805498426	1626805498525	OK	 
REQUEST	,Login	main-es5.8a12e6f1e5b08471ce36.js	1626805497927	1626805498585	OK	 
REQUEST	,Login	icon?family=Material+Icons	1626805498361	1626805498672	OK	 
REQUEST	,Login	runtime-es2015.a02b527030695c21acab.js	1626805498360	1626805498695	OK	 
REQUEST	,Login	runtime-es5.a02b527030695c21acab.js	1626805498360	1626805498706	OK	 
REQUEST	,Login	main-es5.8a12e6f1e5b08471ce36.js	1626805496707	1626805498734	OK	 
REQUEST	,Login		1626805498735	1626805498818	OK	 
REQUEST	,Login	polyfills-es5.7951a9b6d5d3faf73072.js	1626805498361	1626805498874	OK	 
REQUEST	,Login	styles-es2015.8dcb7b1cdd5d944ad068.js	1626805498361	1626805498876	OK	 
REQUEST	,Login		1626805498819	1626805498899	OK	 
REQUEST	,Login	styles-es5.8dcb7b1cdd5d944ad068.js	1626805498696	1626805498938	OK	 
REQUEST	,Login	favicon.ico	1626805498360	1626805498958	OK	 
REQUEST	,Login	main-es2015.8a12e6f1e5b08471ce36.js	1626805497759	1626805498977	OK	 
USER	Users_1	START	1626805499018
REQUEST	,Login	polyfills-es2015.08b3d487343e8bcb5f4b.js	1626805498361	1626805499037	OK	 
REQUEST	,Login		1626805498978	1626805499057	OK	 
REQUEST	,Login		1626805499058	1626805499148	OK	 
REQUEST	,Login		1626805498899	1626805499232	OK	 
GROUP	,Login	1626805496018	1626805499232	3210	OK
REQUEST	,Login		1626805499019	1626805499347	OK	 
REQUEST	,SearchByActiveMember	Select_SearchByActiveMember	1626805499233	1626805499385	OK	 
GROUP	,SearchByActiveMember	1626805499233	1626805499385	152	OK
REQUEST	,Login		1626805499148	1626805499442	OK	 
GROUP	,Login	1626805497020	1626805499442	2419	OK
REQUEST	,SearchName_douglas	Search_1	1626805499267	1626805499474	OK	 
REQUEST	,SearchByActiveMember	Select_SearchByActiveMember	1626805499443	1626805499585	OK	 
GROUP	,SearchByActiveMember	1626805499443	1626805499585	142	OK
REQUEST	,Login	main-es5.8a12e6f1e5b08471ce36.js	1626805498875	1626805499606	OK	 
REQUEST	,SearchName_douglas	Search_3330526	1626805499476	1626805499658	OK	 
GROUP	,SearchName_douglas	1626805499267	1626805499658	389	OK
REQUEST	,Login	icon?family=Material+Icons	1626805499349	1626805499663	OK	 
REQUEST	,Login	runtime-es2015.a02b527030695c21acab.js	1626805499349	1626805499691	OK	 
REQUEST	,Login	runtime-es5.a02b527030695c21acab.js	1626805499349	1626805499692	OK	 
REQUEST	,Login	polyfills-es2015.08b3d487343e8bcb5f4b.js	1626805499349	1626805499864	OK	 
REQUEST	,Login	styles-es2015.8dcb7b1cdd5d944ad068.js	1626805499349	1626805499866	OK	 
REQUEST	,Login	polyfills-es5.7951a9b6d5d3faf73072.js	1626805499349	1626805499867	OK	 
REQUEST	,Login	favicon.ico	1626805499349	1626805499902	OK	 
REQUEST	,Login	styles-es5.8dcb7b1cdd5d944ad068.js	1626805499691	1626805499947	OK	 
USER	Users_1	START	1626805500022
REQUEST	,Login		1626805500023	1626805500366	OK	 
REQUEST	,Login	main-es5.8a12e6f1e5b08471ce36.js	1626805499864	1626805500674	OK	 
REQUEST	,Login	icon?family=Material+Icons	1626805500367	1626805500684	OK	 
REQUEST	,Login	runtime-es2015.a02b527030695c21acab.js	1626805500367	1626805500707	OK	 
REQUEST	,Login	runtime-es5.a02b527030695c21acab.js	1626805500367	1626805500717	OK	 
REQUEST	,SearchName_roger	Search_1	1626805500544	1626805500751	OK	 
REQUEST	,Login	main-es2015.8a12e6f1e5b08471ce36.js	1626805498707	1626805500908	OK	 
REQUEST	,SearchName_roger	Search_3328306	1626805500752	1626805500939	OK	 
GROUP	,SearchName_roger	1626805500543	1626805500939	394	OK
REQUEST	,Login	styles-es5.8dcb7b1cdd5d944ad068.js	1626805500707	1626805500953	OK	 
USER	Users_1	START	1626805501023
REQUEST	,Login	polyfills-es5.7951a9b6d5d3faf73072.js	1626805500367	1626805501031	OK	 
REQUEST	,Login	styles-es2015.8dcb7b1cdd5d944ad068.js	1626805500367	1626805501048	OK	 
REQUEST	,Login	polyfills-es2015.08b3d487343e8bcb5f4b.js	1626805500367	1626805501051	OK	 
REQUEST	,Login		1626805500909	1626805501121	OK	 
REQUEST	,Login	main-es2015.8a12e6f1e5b08471ce36.js	1626805499693	1626805501231	OK	 
REQUEST	,Login	favicon.ico	1626805500367	1626805501293	OK	 
REQUEST	,Login		1626805501122	1626805501333	OK	 
REQUEST	,SearchName_smith	Search_1	1626805500940	1626805501335	OK	 
REQUEST	,Login		1626805501231	1626805501337	OK	 
REQUEST	,S_3330526	Select_douglas	1626805501199	1626805501348	OK	 
REQUEST	,Login		1626805501024	1626805501354	OK	 
REQUEST	,Login		1626805501337	1626805501416	OK	 
REQUEST	,S_2003326739		1626805498526	1626805501479	OK	 
REQUEST	,Login	icon?family=Material+Icons	1626805501355	1626805501705	OK	 
REQUEST	,Login	runtime-es2015.a02b527030695c21acab.js	1626805501355	1626805501722	OK	 
REQUEST	,Login	runtime-es5.a02b527030695c21acab.js	1626805501355	1626805501723	OK	 
REQUEST	,SearchName_smith	Search_803330745	1626805501336	1626805501779	OK	 
GROUP	,SearchName_smith	1626805500939	1626805501779	838	OK
REQUEST	,Login		1626805501334	1626805501812	OK	 
GROUP	,Login	1626805498019	1626805501813	3791	OK
REQUEST	,Login	styles-es5.8dcb7b1cdd5d944ad068.js	1626805501722	1626805501941	OK	 
REQUEST	,Login		1626805501417	1626805502031	OK	 
GROUP	,Login	1626805499019	1626805502031	3010	OK
REQUEST	,S_3330526		1626805501349	1626805502031	OK	 
REQUEST	,S_2003326739	MemberId:2003326739	1626805501480	1626805502037	OK	 
GROUP	,S_2003326739	1626805498425	1626805502038	3609	OK
REQUEST	,Login	styles-es2015.8dcb7b1cdd5d944ad068.js	1626805501355	1626805502127	OK	 
REQUEST	,SearchByActiveMember	Select_SearchByActiveMember	1626805502032	1626805502166	OK	 
GROUP	,SearchByActiveMember	1626805502032	1626805502167	134	OK
REQUEST	,Login	favicon.ico	1626805501355	1626805502182	OK	 
REQUEST	,Login	polyfills-es5.7951a9b6d5d3faf73072.js	1626805501355	1626805502545	OK	 
REQUEST	,SearchByActiveMember	Select_SearchByActiveMember	1626805501813	1626805502546	OK	 
GROUP	,SearchByActiveMember	1626805501813	1626805502547	733	OK
REQUEST	,S_3330526	MemberId:3330526	1626805502032	1626805502553	OK	 
GROUP	,S_3330526	1626805501198	1626805502554	1352	OK
REQUEST	,Login	polyfills-es2015.08b3d487343e8bcb5f4b.js	1626805501355	1626805502618	OK	 
REQUEST	,SearchName_douglas	Search_1	1626805502573	1626805502786	OK	 
REQUEST	,SearchName_douglas	Search_3330526	1626805502787	1626805502953	OK	 
GROUP	,SearchName_douglas	1626805502572	1626805502954	379	OK
REQUEST	,Login	main-es2015.8a12e6f1e5b08471ce36.js	1626805500718	1626805502981	OK	 
REQUEST	,Login	main-es2015.8a12e6f1e5b08471ce36.js	1626805501723	1626805503109	OK	 
REQUEST	,Login	main-es5.8a12e6f1e5b08471ce36.js	1626805501942	1626805503474	OK	 
REQUEST	,Login	main-es5.8a12e6f1e5b08471ce36.js	1626805500954	1626805503523	OK	 
REQUEST	,Login		1626805503474	1626805503566	OK	 
REQUEST	,Login		1626805503523	1626805503608	OK	 
REQUEST	,Login		1626805503567	1626805503647	OK	 
REQUEST	,Login		1626805503609	1626805503706	OK	 
REQUEST	,Login		1626805503647	1626805503951	OK	 
GROUP	,Login	1626805501023	1626805503952	2926	OK
REQUEST	,Login		1626805503707	1626805504100	OK	 
GROUP	,Login	1626805500022	1626805504101	4075	OK
REQUEST	,SearchByActiveMember	Select_SearchByActiveMember	1626805503953	1626805504207	OK	 
GROUP	,SearchByActiveMember	1626805503952	1626805504208	254	OK
REQUEST	,SearchByActiveMember	Select_SearchByActiveMember	1626805504101	1626805504239	OK	 
GROUP	,SearchByActiveMember	1626805504101	1626805504239	138	OK
REQUEST	,SearchName_baker	Search_1	1626805504158	1626805504318	OK	 
REQUEST	,SearchName_baker	Search_1203330606	1626805504319	1626805504516	OK	 
GROUP	,SearchName_baker	1626805504157	1626805504516	357	OK
REQUEST	,S_3328306	Select_roger	1626805504463	1626805504800	OK	 
REQUEST	,SearchName_smith	Search_1	1626805504705	1626805504986	OK	 
REQUEST	,DrillDown_thomas	69195	1626805504880	1626805505089	OK	 
GROUP	,DrillDown_thomas	1626805504879	1626805505089	209	OK
REQUEST	,SearchName_smith	Search_803330745	1626805504987	1626805505208	OK	 
GROUP	,SearchName_smith	1626805504704	1626805505209	502	OK
REQUEST	,S_3328306		1626805504801	1626805505555	OK	 
REQUEST	,SearchName_roger	Search_1	1626805505414	1626805505583	OK	 
REQUEST	,S_3328306	MemberId:3328306	1626805505556	1626805505803	OK	 
GROUP	,S_3328306	1626805504462	1626805505804	1338	OK
REQUEST	,SearchName_roger	Search_3328306	1626805505584	1626805505918	OK	 
GROUP	,SearchName_roger	1626805505414	1626805505918	503	OK
REQUEST	,SearchName_baker	Search_1	1626805505834	1626805506132	OK	 
REQUEST	,SearchName_baker	Search_1203330606	1626805506133	1626805506310	OK	 
GROUP	,SearchName_baker	1626805505833	1626805506311	475	OK
REQUEST	,S_803330745	Select_smith	1626805506631	1626805506725	OK	 
REQUEST	,SearchName_thomas	Search_1	1626805506596	1626805506743	OK	 
REQUEST	,SearchName_thomas	Search_2003326739	1626805506744	1626805506899	OK	 
GROUP	,SearchName_thomas	1626805506595	1626805506899	302	OK
REQUEST	,DrillDown_douglas	67672	1626805506855	1626805506997	OK	 
GROUP	,DrillDown_douglas	1626805506854	1626805506998	142	OK
REQUEST	,S_803330745		1626805506726	1626805507169	OK	 
REQUEST	,DrillDown_roger	70075	1626805507260	1626805507388	OK	 
GROUP	,DrillDown_roger	1626805507259	1626805507388	128	OK
REQUEST	,S_803330745	MemberId:803330745	1626805507170	1626805507414	OK	 
GROUP	,S_803330745	1626805506630	1626805507414	781	OK
REQUEST	,S_3330526	Select_douglas	1626805507496	1626805507587	OK	 
REQUEST	,S_3330526		1626805507588	1626805508106	OK	 
REQUEST	,S_3330526	MemberId:3330526	1626805508107	1626805508414	OK	 
GROUP	,S_3330526	1626805507496	1626805508414	916	OK
REQUEST	,S_3328306	Select_roger	1626805508543	1626805508890	OK	 
REQUEST	,SearchByActiveMember	Select_SearchByActiveMember	1626805508799	1626805508935	OK	 
GROUP	,SearchByActiveMember	1626805508798	1626805508935	136	OK
REQUEST	,SearchByActiveMember	Select_SearchByActiveMember	1626805508985	1626805509348	OK	 
GROUP	,SearchByActiveMember	1626805508984	1626805509348	363	OK
REQUEST	,S_803330745	Select_smith	1626805509596	1626805509697	OK	 
REQUEST	,S_1203330606	Select_baker	1626805509389	1626805509719	OK	 
REQUEST	,S_1203330606	Select_baker	1626805509509	1626805509848	OK	 
REQUEST	,SearchByActiveMember	Select_SearchByActiveMember	1626805510066	1626805510307	OK	 
GROUP	,SearchByActiveMember	1626805510065	1626805510307	241	OK
REQUEST	,S_2003326739	Select_thomas	1626805510400	1626805510591	OK	 
REQUEST	,S_3328306		1626805508891	1626805510599	OK	 
REQUEST	,S_803330745		1626805509697	1626805510652	OK	 
REQUEST	,SearchName_douglas	Search_1	1626805510084	1626805510674	OK	 
REQUEST	,SearchName_douglas	Search_3330526	1626805510675	1626805510903	OK	 
GROUP	,SearchName_douglas	1626805510083	1626805510903	818	OK
REQUEST	,S_3328306	MemberId:3328306	1626805510600	1626805511075	OK	 
GROUP	,S_3328306	1626805508542	1626805511075	2530	OK
REQUEST	,S_803330745	MemberId:803330745	1626805510653	1626805511075	OK	 
GROUP	,S_803330745	1626805509595	1626805511075	1478	OK
REQUEST	,DrillDown_smith	70214	1626805511161	1626805511957	OK	 
GROUP	,DrillDown_smith	1626805511161	1626805511958	796	OK
REQUEST	,SearchName_thomas	Search_1	1626805512848	1626805513167	OK	 
REQUEST	,DrillDown_douglas	67672	1626805513035	1626805513194	OK	 
GROUP	,DrillDown_douglas	1626805513034	1626805513194	159	OK
REQUEST	,S_1203330606		1626805509720	1626805513427	OK	 
REQUEST	,SearchName_thomas	Search_2003326739	1626805513168	1626805513607	OK	 
GROUP	,SearchName_thomas	1626805512847	1626805513607	758	OK
REQUEST	,S_1203330606		1626805509849	1626805513687	OK	 
REQUEST	,S_1203330606	MemberId:1203330606	1626805513428	1626805513711	OK	 
GROUP	,S_1203330606	1626805509388	1626805513712	4320	OK
REQUEST	,SearchByActiveMember	Select_SearchByActiveMember	1626805513579	1626805513788	OK	 
GROUP	,SearchByActiveMember	1626805513578	1626805513788	209	OK
REQUEST	,S_1203330606	MemberId:1203330606	1626805513688	1626805513925	OK	 
GROUP	,S_1203330606	1626805509509	1626805513925	4414	OK
REQUEST	,DrillDown_roger	70075	1626805513586	1626805513930	OK	 
GROUP	,DrillDown_roger	1626805513585	1626805513930	344	OK
REQUEST	,S_3330526	Select_douglas	1626805513905	1626805513996	OK	 
REQUEST	,SearchName_smith	Search_1	1626805513532	1626805514203	OK	 
REQUEST	,S_2003326739		1626805510592	1626805514291	OK	 
REQUEST	,SearchName_smith	Search_803330745	1626805514204	1626805514439	OK	 
GROUP	,SearchName_smith	1626805513531	1626805514439	906	OK
REQUEST	,S_2003326739	MemberId:2003326739	1626805514292	1626805514524	OK	 
GROUP	,S_2003326739	1626805510400	1626805514524	4122	OK
REQUEST	,S_3330526		1626805513996	1626805514695	OK	 
REQUEST	,S_3330526	MemberId:3330526	1626805514696	1626805514934	OK	 
GROUP	,S_3330526	1626805513904	1626805514935	1028	OK
REQUEST	,SearchName_roger	Search_1	1626805514805	1626805515243	OK	 
REQUEST	,SearchName_roger	Search_3328306	1626805515244	1626805515411	OK	 
GROUP	,SearchName_roger	1626805514804	1626805515411	605	OK
REQUEST	,DrillDown_smith	70214	1626805516078	1626805516204	OK	 
GROUP	,DrillDown_smith	1626805516077	1626805516205	126	OK
REQUEST	,SearchByActiveMember	Select_SearchByActiveMember	1626805516139	1626805516499	OK	 
GROUP	,SearchByActiveMember	1626805516138	1626805516499	360	OK
REQUEST	,S_803330745	Select_smith	1626805516845	1626805516942	OK	 
REQUEST	,DrillDown_douglas	67672	1626805517183	1626805517360	OK	 
GROUP	,DrillDown_douglas	1626805517182	1626805517360	177	OK
REQUEST	,DrillDown_baker	68633	1626805517098	1626805517559	OK	 
GROUP	,DrillDown_baker	1626805517098	1626805517559	461	OK
REQUEST	,DrillDown_thomas	69195	1626805517259	1626805517567	OK	 
GROUP	,DrillDown_thomas	1626805517258	1626805517567	308	OK
REQUEST	,S_803330745		1626805516942	1626805517833	OK	 
REQUEST	,SearchByActiveMember	Select_SearchByActiveMember	1626805517549	1626805517918	OK	 
GROUP	,SearchByActiveMember	1626805517548	1626805517918	369	OK
REQUEST	,S_803330745	MemberId:803330745	1626805517834	1626805518070	OK	 
GROUP	,S_803330745	1626805516845	1626805518070	1224	OK
REQUEST	,S_3328306	Select_roger	1626805518045	1626805518142	OK	 
REQUEST	,S_2003326739	Select_thomas	1626805518497	1626805518598	OK	 
REQUEST	,DrillDown_baker	68633	1626805518365	1626805518796	OK	 
GROUP	,DrillDown_baker	1626805518365	1626805518796	431	OK
REQUEST	,S_3328306		1626805518143	1626805518938	OK	 
REQUEST	,S_3328306	MemberId:3328306	1626805518939	1626805519189	OK	 
GROUP	,S_3328306	1626805518044	1626805519190	1142	OK
REQUEST	,SearchByActiveMember	Select_SearchByActiveMember	1626805519130	1626805519257	OK	 
GROUP	,SearchByActiveMember	1626805519129	1626805519257	127	OK
REQUEST	,SearchByActiveMember	Select_SearchByActiveMember	1626805519184	1626805519332	OK	 
GROUP	,SearchByActiveMember	1626805519183	1626805519333	148	OK
REQUEST	,SearchName_thomas	Search_1	1626805520428	1626805521039	OK	 
REQUEST	,SearchByActiveMember	Select_SearchByActiveMember	1626805520337	1626805521110	OK	 
GROUP	,SearchByActiveMember	1626805520337	1626805521110	773	OK
REQUEST	,SearchName_baker	Search_1	1626805520744	1626805521140	OK	 
REQUEST	,SearchByActiveMember	Select_SearchByActiveMember	1626805520650	1626805521172	OK	 
GROUP	,SearchByActiveMember	1626805520650	1626805521172	522	OK
REQUEST	,S_2003326739		1626805518598	1626805521273	OK	 
REQUEST	,DrillDown_smith	70214	1626805520744	1626805521343	OK	 
GROUP	,DrillDown_smith	1626805520743	1626805521343	599	OK
REQUEST	,SearchName_thomas	Search_2003326739	1626805521040	1626805521351	OK	 
GROUP	,SearchName_thomas	1626805520428	1626805521351	922	OK
REQUEST	,SearchName_baker	Search_1203330606	1626805521141	1626805521755	OK	 
GROUP	,SearchName_baker	1626805520743	1626805521755	1010	OK
REQUEST	,S_2003326739	MemberId:2003326739	1626805521273	1626805521755	OK	 
GROUP	,S_2003326739	1626805518497	1626805521755	3258	OK
REQUEST	,SearchName_douglas	Search_1	1626805521744	1626805522154	OK	 
REQUEST	,SearchName_douglas	Search_3330526	1626805522155	1626805522319	OK	 
GROUP	,SearchName_douglas	1626805521743	1626805522319	574	OK
REQUEST	,DrillDown_roger	70075	1626805522287	1626805522428	OK	 
GROUP	,DrillDown_roger	1626805522287	1626805522428	141	OK
REQUEST	,SearchName_smith	Search_1	1626805522307	1626805522795	OK	 
REQUEST	,SearchName_smith	Search_803330745	1626805522796	1626805523028	OK	 
GROUP	,SearchName_smith	1626805522306	1626805523028	720	OK
REQUEST	,DrillDown_thomas	69195	1626805522989	1626805523144	OK	 
GROUP	,DrillDown_thomas	1626805522988	1626805523145	155	OK
REQUEST	,SearchByActiveMember	Select_SearchByActiveMember	1626805523142	1626805523313	OK	 
GROUP	,SearchByActiveMember	1626805523141	1626805523313	171	OK
REQUEST	,SearchByActiveMember	Select_SearchByActiveMember	1626805523470	1626805523604	OK	 
GROUP	,SearchByActiveMember	1626805523469	1626805523604	134	OK
REQUEST	,SearchName_baker	Search_1	1626805524332	1626805524498	OK	 
REQUEST	,SearchName_douglas	Search_1	1626805524438	1626805524863	OK	 
REQUEST	,SearchName_baker	Search_1203330606	1626805524499	1626805524897	OK	 
GROUP	,SearchName_baker	1626805524331	1626805524897	564	OK
REQUEST	,SearchName_douglas	Search_3330526	1626805524863	1626805525037	OK	 
GROUP	,SearchName_douglas	1626805524438	1626805525037	599	OK
REQUEST	,S_2003326739	Select_thomas	1626805525049	1626805525153	OK	 
REQUEST	,SearchName_roger	Search_1	1626805525013	1626805525215	OK	 
REQUEST	,S_3330526	Select_douglas	1626805525548	1626805525640	OK	 
REQUEST	,SearchName_roger	Search_3328306	1626805525216	1626805525652	OK	 
GROUP	,SearchName_roger	1626805525013	1626805525653	638	OK
REQUEST	,S_803330745	Select_smith	1626805525582	1626805525684	OK	 
REQUEST	,SearchByActiveMember	Select_SearchByActiveMember	1626805525429	1626805525823	OK	 
GROUP	,SearchByActiveMember	1626805525429	1626805525823	394	OK
REQUEST	,S_1203330606	Select_baker	1626805526123	1626805526214	OK	 
REQUEST	,S_3330526		1626805525641	1626805526446	OK	 
REQUEST	,S_1203330606	Select_baker	1626805526419	1626805526519	OK	 
REQUEST	,S_3330526	MemberId:3330526	1626805526447	1626805526703	OK	 
GROUP	,S_3330526	1626805525548	1626805526703	1153	OK
REQUEST	,SearchByActiveMember	Select_SearchByActiveMember	1626805526741	1626805527132	OK	 
GROUP	,SearchByActiveMember	1626805526740	1626805527132	391	OK
REQUEST	,S_803330745		1626805525685	1626805527174	OK	 
REQUEST	,S_803330745	MemberId:803330745	1626805527175	1626805527474	OK	 
GROUP	,S_803330745	1626805525582	1626805527474	1890	OK
REQUEST	,SearchName_thomas	Search_1	1626805527337	1626805527726	OK	 
REQUEST	,SearchName_thomas	Search_2003326739	1626805527727	1626805527910	OK	 
GROUP	,SearchName_thomas	1626805527337	1626805527910	572	OK
REQUEST	,S_3330526	Select_douglas	1626805528237	1626805528325	OK	 
REQUEST	,DrillDown_douglas	67672	1626805528178	1626805528370	OK	 
GROUP	,DrillDown_douglas	1626805528178	1626805528370	192	OK
REQUEST	,S_3330526		1626805528326	1626805529507	OK	 
REQUEST	,S_3330526	MemberId:3330526	1626805529508	1626805529817	OK	 
GROUP	,S_3330526	1626805528237	1626805529818	1578	OK
REQUEST	,S_2003326739		1626805525154	1626805529833	OK	 
REQUEST	,S_2003326739	MemberId:2003326739	1626805529834	1626805530210	OK	 
GROUP	,S_2003326739	1626805525049	1626805530211	5159	OK
REQUEST	,S_3328306	Select_roger	1626805530103	1626805530214	OK	 
REQUEST	,S_1203330606		1626805526520	1626805530258	OK	 
REQUEST	,SearchName_smith	Search_1	1626805529820	1626805530268	OK	 
REQUEST	,SearchName_roger	Search_1	1626805529951	1626805530336	OK	 
REQUEST	,S_1203330606	MemberId:1203330606	1626805530259	1626805530498	OK	 
GROUP	,S_1203330606	1626805526418	1626805530499	4077	OK
REQUEST	,S_1203330606		1626805526215	1626805530626	OK	 
REQUEST	,SearchName_smith	Search_803330745	1626805530269	1626805530899	OK	 
REQUEST	,S_3328306		1626805530215	1626805530899	OK	 
GROUP	,SearchName_smith	1626805529820	1626805530900	1078	OK
REQUEST	,S_1203330606	MemberId:1203330606	1626805530627	1626805531410	OK	 
GROUP	,S_1203330606	1626805526122	1626805531410	5285	OK
REQUEST	,SearchName_roger	Search_3328306	1626805530337	1626805531448	OK	 
GROUP	,SearchName_roger	1626805529951	1626805531449	1496	OK
REQUEST	,S_2003326739	Select_thomas	1626805531356	1626805531679	OK	 
REQUEST	,DrillDown_smith	70214	1626805531479	1626805531722	OK	 
GROUP	,DrillDown_smith	1626805531478	1626805531722	243	OK
REQUEST	,S_3328306	MemberId:3328306	1626805530900	1626805531984	OK	 
GROUP	,S_3328306	1626805530103	1626805531984	1879	OK
REQUEST	,SearchByActiveMember	Select_SearchByActiveMember	1626805531962	1626805532129	OK	 
GROUP	,SearchByActiveMember	1626805531961	1626805532130	167	OK
REQUEST	,S_803330745	Select_smith	1626805532231	1626805532324	OK	 
REQUEST	,S_803330745		1626805532324	1626805532888	OK	 
REQUEST	,S_803330745	MemberId:803330745	1626805532889	1626805533194	OK	 
GROUP	,S_803330745	1626805532231	1626805533194	962	OK
REQUEST	,DrillDown_baker	68633	1626805533631	1626805534127	OK	 
GROUP	,DrillDown_baker	1626805533631	1626805534127	496	OK
REQUEST	,DrillDown_douglas	67672	1626805533848	1626805534280	OK	 
GROUP	,DrillDown_douglas	1626805533848	1626805534280	432	OK
REQUEST	,DrillDown_roger	70075	1626805534428	1626805534547	OK	 
GROUP	,DrillDown_roger	1626805534427	1626805534547	119	OK
REQUEST	,DrillDown_smith	70214	1626805534557	1626805534687	OK	 
GROUP	,DrillDown_smith	1626805534557	1626805534687	130	OK
REQUEST	,S_2003326739		1626805531679	1626805534733	OK	 
REQUEST	,DrillDown_baker	68633	1626805534404	1626805534903	OK	 
GROUP	,DrillDown_baker	1626805534404	1626805534903	499	OK
REQUEST	,DrillDown_thomas	69195	1626805533761	1626805534919	OK	 
GROUP	,DrillDown_thomas	1626805533760	1626805534919	1158	OK
REQUEST	,S_2003326739	MemberId:2003326739	1626805534733	1626805534978	OK	 
GROUP	,S_2003326739	1626805531356	1626805534979	3622	OK
REQUEST	,S_3328306	Select_roger	1626805535942	1626805536032	OK	 
REQUEST	,SearchByActiveMember	Select_SearchByActiveMember	1626805535890	1626805536274	OK	 
GROUP	,SearchByActiveMember	1626805535890	1626805536274	384	OK
REQUEST	,SearchByActiveMember	Select_SearchByActiveMember	1626805536290	1626805536433	OK	 
GROUP	,SearchByActiveMember	1626805536290	1626805536433	143	OK
REQUEST	,S_3328306		1626805536033	1626805537240	OK	 
REQUEST	,SearchName_baker	Search_1	1626805536984	1626805537390	OK	 
REQUEST	,DrillDown_thomas	69195	1626805537161	1626805537470	OK	 
GROUP	,DrillDown_thomas	1626805537160	1626805537470	309	OK
REQUEST	,S_3328306	MemberId:3328306	1626805537241	1626805537493	OK	 
GROUP	,S_3328306	1626805535941	1626805537494	1549	OK
REQUEST	,SearchName_baker	Search_1203330606	1626805537391	1626805537565	OK	 
GROUP	,SearchName_baker	1626805536983	1626805537566	580	OK
REQUEST	,SearchByActiveMember	Select_SearchByActiveMember	1626805537777	1626805537921	OK	 
GROUP	,SearchByActiveMember	1626805537776	1626805537921	144	OK
REQUEST	,SearchByActiveMember	Select_SearchByActiveMember	1626805538229	1626805538361	OK	 
GROUP	,SearchByActiveMember	1626805538229	1626805538361	132	OK
REQUEST	,SearchByActiveMember	Select_SearchByActiveMember	1626805538517	1626805538644	OK	 
GROUP	,SearchByActiveMember	1626805538516	1626805538645	127	OK
REQUEST	,SearchName_thomas	Search_1	1626805538401	1626805538914	OK	 
REQUEST	,SearchByActiveMember	Select_SearchByActiveMember	1626805538852	1626805539002	OK	 
GROUP	,SearchByActiveMember	1626805538852	1626805539002	150	OK
REQUEST	,SearchName_thomas	Search_2003326739	1626805538915	1626805539073	OK	 
GROUP	,SearchName_thomas	1626805538400	1626805539073	671	OK
REQUEST	,SearchByActiveMember	Select_SearchByActiveMember	1626805539088	1626805539218	OK	 
GROUP	,SearchByActiveMember	1626805539087	1626805539218	130	OK
REQUEST	,SearchName_douglas	Search_1	1626805539616	1626805539894	OK	 
REQUEST	,SearchName_douglas	Search_3330526	1626805539894	1626805540421	OK	 
GROUP	,SearchName_douglas	1626805539616	1626805540421	805	OK
REQUEST	,SearchName_smith	Search_1	1626805540316	1626805540963	OK	 
REQUEST	,SearchName_smith	Search_803330745	1626805540964	1626805541201	OK	 
GROUP	,SearchName_smith	1626805540315	1626805541201	884	OK
REQUEST	,S_1203330606	Select_baker	1626805541087	1626805541360	OK	 
REQUEST	,SearchName_thomas	Search_1	1626805541077	1626805541482	OK	 
REQUEST	,S_3330526	Select_douglas	1626805541660	1626805541754	OK	 
REQUEST	,SearchName_thomas	Search_2003326739	1626805541483	1626805541824	OK	 
GROUP	,SearchName_thomas	1626805541076	1626805541824	746	OK
REQUEST	,DrillDown_roger	70075	1626805541646	1626805541870	OK	 
GROUP	,DrillDown_roger	1626805541646	1626805541870	224	OK
REQUEST	,SearchName_roger	Search_1	1626805541549	1626805542091	OK	 
REQUEST	,S_2003326739	Select_thomas	1626805541884	1626805542265	OK	 
REQUEST	,S_3330526		1626805541755	1626805542358	OK	 
REQUEST	,SearchName_roger	Search_3328306	1626805542092	1626805542393	OK	 
GROUP	,SearchName_roger	1626805541549	1626805542393	843	OK
REQUEST	,SearchName_baker	Search_1	1626805542154	1626805542605	OK	 
REQUEST	,SearchByActiveMember	Select_SearchByActiveMember	1626805542320	1626805542742	OK	 
GROUP	,SearchByActiveMember	1626805542320	1626805542742	422	OK
REQUEST	,SearchName_baker	Search_1203330606	1626805542606	1626805542805	OK	 
GROUP	,SearchName_baker	1626805542153	1626805542805	650	OK
REQUEST	,S_3330526	MemberId:3330526	1626805542358	1626805542838	OK	 
GROUP	,S_3330526	1626805541660	1626805542838	1177	OK
REQUEST	,S_2003326739	Select_thomas	1626805543254	1626805543355	OK	 
REQUEST	,SearchName_douglas	Search_1	1626805543321	1626805543722	OK	 
REQUEST	,SearchName_douglas	Search_3330526	1626805543723	1626805543883	OK	 
GROUP	,SearchName_douglas	1626805543320	1626805543883	561	OK
REQUEST	,S_1203330606		1626805541360	1626805544355	OK	 
REQUEST	,S_1203330606	MemberId:1203330606	1626805544356	1626805544594	OK	 
GROUP	,S_1203330606	1626805541087	1626805544594	3506	OK
REQUEST	,S_1203330606	Select_baker	1626805545088	1626805545209	OK	 
REQUEST	,S_2003326739		1626805542266	1626805545245	OK	 
REQUEST	,S_2003326739	MemberId:2003326739	1626805545246	1626805545505	OK	 
GROUP	,S_2003326739	1626805541883	1626805545505	3619	OK
REQUEST	,DrillDown_douglas	67672	1626805545450	1626805545599	OK	 
GROUP	,DrillDown_douglas	1626805545450	1626805545599	149	OK
REQUEST	,S_3330526	Select_douglas	1626805545698	1626805545792	OK	 
REQUEST	,S_2003326739		1626805543355	1626805545816	OK	 
REQUEST	,S_2003326739	MemberId:2003326739	1626805545817	1626805546046	OK	 
GROUP	,S_2003326739	1626805543253	1626805546046	2791	OK
REQUEST	,S_803330745	Select_smith	1626805546036	1626805546134	OK	 
REQUEST	,S_3328306	Select_roger	1626805546155	1626805546250	OK	 
REQUEST	,S_3330526		1626805545793	1626805546476	OK	 
REQUEST	,SearchByActiveMember	Select_SearchByActiveMember	1626805546249	1626805546687	OK	 
GROUP	,SearchByActiveMember	1626805546249	1626805546687	438	OK
REQUEST	,S_3330526	MemberId:3330526	1626805546476	1626805546733	OK	 
GROUP	,S_3330526	1626805545697	1626805546734	1034	OK
REQUEST	,S_803330745		1626805546134	1626805547002	OK	 
REQUEST	,S_3328306		1626805546250	1626805547143	OK	 
REQUEST	,S_803330745	MemberId:803330745	1626805547003	1626805547244	OK	 
GROUP	,S_803330745	1626805546036	1626805547244	1207	OK
REQUEST	,SearchName_smith	Search_1	1626805546992	1626805547256	OK	 
REQUEST	,S_3328306	MemberId:3328306	1626805547144	1626805547378	OK	 
GROUP	,S_3328306	1626805546154	1626805547379	1222	OK
REQUEST	,DrillDown_baker	68633	1626805547841	1626805548032	OK	 
GROUP	,DrillDown_baker	1626805547840	1626805548032	191	OK
REQUEST	,SearchName_smith	Search_803330745	1626805547256	1626805548094	OK	 
GROUP	,SearchName_smith	1626805546991	1626805548094	1102	OK
REQUEST	,DrillDown_thomas	69195	1626805547736	1626805548160	OK	 
GROUP	,DrillDown_thomas	1626805547735	1626805548161	424	OK
REQUEST	,S_1203330606		1626805545210	1626805548185	OK	 
REQUEST	,SearchByActiveMember	Select_SearchByActiveMember	1626805547980	1626805548384	OK	 
GROUP	,SearchByActiveMember	1626805547980	1626805548384	404	OK
REQUEST	,S_1203330606	MemberId:1203330606	1626805548186	1626805548444	OK	 
GROUP	,S_1203330606	1626805545088	1626805548444	3354	OK
REQUEST	,SearchName_roger	Search_1	1626805548310	1626805548474	OK	 
REQUEST	,SearchName_roger	Search_3328306	1626805548475	1626805548645	OK	 
GROUP	,SearchName_roger	1626805548310	1626805548645	334	OK
REQUEST	,DrillDown_thomas	69195	1626805548646	1626805549041	OK	 
GROUP	,DrillDown_thomas	1626805548646	1626805549041	395	OK
REQUEST	,DrillDown_smith	70214	1626805549531	1626805549670	OK	 
GROUP	,DrillDown_smith	1626805549531	1626805549670	139	OK
REQUEST	,DrillDown_douglas	67672	1626805550485	1626805550657	OK	 
GROUP	,DrillDown_douglas	1626805550485	1626805550657	172	OK
REQUEST	,S_3328306	Select_roger	1626805550852	1626805550944	OK	 
REQUEST	,DrillDown_baker	68633	1626805550837	1626805551038	OK	 
GROUP	,DrillDown_baker	1626805550836	1626805551039	201	OK
REQUEST	,SearchByActiveMember	Select_SearchByActiveMember	1626805551382	1626805551512	OK	 
GROUP	,SearchByActiveMember	1626805551382	1626805551512	130	OK
REQUEST	,SearchName_baker	Search_1	1626805551809	1626805551984	OK	 
REQUEST	,S_3328306		1626805550944	1626805552130	OK	 
REQUEST	,S_803330745	Select_smith	1626805552077	1626805552169	OK	 
REQUEST	,S_3328306	MemberId:3328306	1626805552131	1626805552365	OK	 
GROUP	,S_3328306	1626805550852	1626805552366	1512	OK
REQUEST	,SearchName_baker	Search_1203330606	1626805551985	1626805552450	OK	 
GROUP	,SearchName_baker	1626805551808	1626805552451	640	OK
REQUEST	,DrillDown_roger	70075	1626805552338	1626805552474	OK	 
GROUP	,DrillDown_roger	1626805552337	1626805552474	136	OK
REQUEST	,SearchByActiveMember	Select_SearchByActiveMember	1626805552117	1626805552495	OK	 
GROUP	,SearchByActiveMember	1626805552117	1626805552495	378	OK
REQUEST	,SearchByActiveMember	Select_SearchByActiveMember	1626805552148	1626805552573	OK	 
GROUP	,SearchByActiveMember	1626805552148	1626805552574	425	OK
REQUEST	,S_803330745		1626805552170	1626805553059	OK	 
REQUEST	,S_803330745	MemberId:803330745	1626805553060	1626805553334	OK	 
GROUP	,S_803330745	1626805552077	1626805553335	1255	OK
REQUEST	,SearchByActiveMember	Select_SearchByActiveMember	1626805553738	1626805553891	OK	 
GROUP	,SearchByActiveMember	1626805553738	1626805553891	153	OK
REQUEST	,S_1203330606	Select_baker	1626805554749	1626805554856	OK	 
REQUEST	,SearchByActiveMember	Select_SearchByActiveMember	1626805555123	1626805555590	OK	 
GROUP	,SearchByActiveMember	1626805555123	1626805555591	467	OK
REQUEST	,SearchName_roger	Search_1	1626805555191	1626805555601	OK	 
REQUEST	,SearchByActiveMember	Select_SearchByActiveMember	1626805555329	1626805555696	OK	 
GROUP	,SearchByActiveMember	1626805555328	1626805555697	367	OK
REQUEST	,SearchName_roger	Search_3328306	1626805555601	1626805555762	OK	 
GROUP	,SearchName_roger	1626805555191	1626805555762	571	OK
REQUEST	,SearchName_douglas	Search_1	1626805555469	1626805555863	OK	 
REQUEST	,SearchByActiveMember	Select_SearchByActiveMember	1626805555523	1626805555892	OK	 
GROUP	,SearchByActiveMember	1626805555523	1626805555892	369	OK
REQUEST	,SearchName_thomas	Search_1	1626805555697	1626805555910	OK	 
REQUEST	,SearchName_douglas	Search_3330526	1626805555864	1626805556020	OK	 
GROUP	,SearchName_douglas	1626805555468	1626805556021	550	OK
REQUEST	,DrillDown_smith	70214	1626805556080	1626805556207	OK	 
GROUP	,DrillDown_smith	1626805556079	1626805556207	127	OK
REQUEST	,SearchName_thomas	Search_2003326739	1626805555911	1626805556362	OK	 
GROUP	,SearchName_thomas	1626805555697	1626805556363	664	OK
REQUEST	,DrillDown_roger	70075	1626805556865	1626805557002	OK	 
GROUP	,DrillDown_roger	1626805556865	1626805557002	137	OK
REQUEST	,SearchName_smith	Search_1	1626805556686	1626805557002	OK	 
REQUEST	,S_1203330606		1626805554857	1626805557347	OK	 
REQUEST	,SearchName_smith	Search_803330745	1626805557002	1626805557516	OK	 
GROUP	,SearchName_smith	1626805556685	1626805557516	830	OK
REQUEST	,S_1203330606	MemberId:1203330606	1626805557348	1626805557594	OK	 
GROUP	,S_1203330606	1626805554748	1626805557595	2843	OK
REQUEST	,S_3330526	Select_douglas	1626805558141	1626805558234	OK	 
REQUEST	,SearchName_douglas	Search_1	1626805558356	1626805558534	OK	 
REQUEST	,SearchName_douglas	Search_3330526	1626805558535	1626805558714	OK	 
GROUP	,SearchName_douglas	1626805558356	1626805558714	357	OK
REQUEST	,S_3330526		1626805558234	1626805558723	OK	 
REQUEST	,S_3330526	MemberId:3330526	1626805558723	1626805558962	OK	 
GROUP	,S_3330526	1626805558141	1626805558962	821	OK
REQUEST	,SearchName_baker	Search_1	1626805558939	1626805559102	OK	 
REQUEST	,SearchByActiveMember	Select_SearchByActiveMember	1626805558939	1626805559373	OK	 
GROUP	,SearchByActiveMember	1626805558939	1626805559373	434	OK
REQUEST	,SearchName_baker	Search_1203330606	1626805559103	1626805559613	OK	 
GROUP	,SearchName_baker	1626805558938	1626805559613	673	OK
REQUEST	,S_2003326739	Select_thomas	1626805559689	1626805559793	OK	 
REQUEST	,DrillDown_baker	68633	1626805559550	1626805559793	OK	 
GROUP	,DrillDown_baker	1626805559549	1626805559794	243	OK
REQUEST	,S_3328306	Select_roger	1626805560103	1626805560252	OK	 
REQUEST	,SearchName_thomas	Search_1	1626805560358	1626805560594	OK	 
REQUEST	,SearchByActiveMember	Select_SearchByActiveMember	1626805559832	1626805560652	OK	 
GROUP	,SearchByActiveMember	1626805559831	1626805560652	820	OK
REQUEST	,SearchName_thomas	Search_2003326739	1626805560594	1626805561037	OK	 
GROUP	,SearchName_thomas	1626805560358	1626805561037	679	OK
REQUEST	,S_3328306		1626805560252	1626805561313	OK	 
REQUEST	,S_803330745	Select_smith	1626805561361	1626805561527	OK	 
REQUEST	,S_3328306	MemberId:3328306	1626805561313	1626805561557	OK	 
GROUP	,S_3328306	1626805560102	1626805561557	1454	OK
REQUEST	,SearchByActiveMember	Select_SearchByActiveMember	1626805561512	1626805562066	OK	 
GROUP	,SearchByActiveMember	1626805561512	1626805562067	554	OK
REQUEST	,SearchName_smith	Search_1	1626805562053	1626805562292	OK	 
REQUEST	,S_803330745		1626805561528	1626805562321	OK	 
REQUEST	,SearchName_smith	Search_803330745	1626805562293	1626805562586	OK	 
GROUP	,SearchName_smith	1626805562052	1626805562587	532	OK
REQUEST	,S_803330745	MemberId:803330745	1626805562321	1626805562586	OK	 
GROUP	,S_803330745	1626805561360	1626805562587	1224	OK
REQUEST	,DrillDown_douglas	67672	1626805562979	1626805563125	OK	 
GROUP	,DrillDown_douglas	1626805562978	1626805563125	146	OK
REQUEST	,S_3330526	Select_douglas	1626805563328	1626805563419	OK	 
REQUEST	,S_2003326739		1626805559794	1626805563642	OK	 
REQUEST	,DrillDown_smith	70214	1626805563633	1626805563893	OK	 
GROUP	,DrillDown_smith	1626805563633	1626805563893	260	OK
REQUEST	,S_2003326739	MemberId:2003326739	1626805563642	1626805563900	OK	 
GROUP	,S_2003326739	1626805559688	1626805563901	4210	OK
REQUEST	,S_1203330606	Select_baker	1626805564231	1626805564332	OK	 
REQUEST	,S_3330526		1626805563419	1626805564336	OK	 
REQUEST	,S_3330526	MemberId:3330526	1626805564337	1626805564580	OK	 
GROUP	,S_3330526	1626805563327	1626805564581	1251	OK
REQUEST	,S_803330745	Select_smith	1626805564524	1626805564616	OK	 
REQUEST	,S_803330745		1626805564616	1626805564988	OK	 
REQUEST	,S_2003326739	Select_thomas	1626805565015	1626805565123	OK	 
REQUEST	,DrillDown_roger	70075	1626805565031	1626805565163	OK	 
GROUP	,DrillDown_roger	1626805565031	1626805565163	132	OK
REQUEST	,S_803330745	MemberId:803330745	1626805564989	1626805565243	OK	 
GROUP	,S_803330745	1626805564524	1626805565243	718	OK
REQUEST	,SearchName_roger	Search_1	1626805565539	1626805565962	OK	 
REQUEST	,SearchName_roger	Search_3328306	1626805565963	1626805566401	OK	 
GROUP	,SearchName_roger	1626805565538	1626805566401	861	OK
REQUEST	,SearchName_baker	Search_1	1626805566398	1626805566562	OK	 
REQUEST	,DrillDown_thomas	69195	1626805566388	1626805566642	OK	 
GROUP	,DrillDown_thomas	1626805566388	1626805566642	254	OK
REQUEST	,S_1203330606		1626805564332	1626805566666	OK	 
REQUEST	,S_1203330606	MemberId:1203330606	1626805566666	1626805566916	OK	 
GROUP	,S_1203330606	1626805564231	1626805566917	2685	OK
REQUEST	,SearchName_baker	Search_1203330606	1626805566563	1626805566984	OK	 
GROUP	,SearchName_baker	1626805566398	1626805566985	585	OK
REQUEST	,S_2003326739		1626805565123	1626805567601	OK	 
REQUEST	,S_2003326739	MemberId:2003326739	1626805567602	1626805567836	OK	 
GROUP	,S_2003326739	1626805565015	1626805567837	2820	OK
REQUEST	,DrillDown_douglas	67672	1626805567738	1626805567883	OK	 
GROUP	,DrillDown_douglas	1626805567738	1626805567884	145	OK
REQUEST	,SearchByActiveMember	Select_SearchByActiveMember	1626805567615	1626805567988	OK	 
GROUP	,SearchByActiveMember	1626805567615	1626805567988	373	OK
REQUEST	,SearchByActiveMember	Select_SearchByActiveMember	1626805567716	1626805568083	OK	 
GROUP	,SearchByActiveMember	1626805567716	1626805568083	367	OK
REQUEST	,SearchByActiveMember	Select_SearchByActiveMember	1626805567718	1626805568105	OK	 
GROUP	,SearchByActiveMember	1626805567717	1626805568106	387	OK
REQUEST	,SearchByActiveMember	Select_SearchByActiveMember	1626805568159	1626805568292	OK	 
GROUP	,SearchByActiveMember	1626805568159	1626805568292	133	OK
REQUEST	,S_3328306	Select_roger	1626805568677	1626805568775	OK	 
REQUEST	,S_3328306		1626805568776	1626805569339	OK	 
REQUEST	,S_3328306	MemberId:3328306	1626805569340	1626805569633	OK	 
GROUP	,S_3328306	1626805568677	1626805569633	954	OK
REQUEST	,SearchName_douglas	Search_1	1626805569631	1626805569839	OK	 
REQUEST	,DrillDown_thomas	69195	1626805569789	1626805570013	OK	 
GROUP	,DrillDown_thomas	1626805569788	1626805570013	224	OK
REQUEST	,DrillDown_baker	68633	1626805569620	1626805570282	OK	 
GROUP	,DrillDown_baker	1626805569620	1626805570282	662	OK
REQUEST	,DrillDown_smith	70214	1626805569838	1626805570380	OK	 
GROUP	,DrillDown_smith	1626805569837	1626805570380	542	OK
REQUEST	,SearchName_douglas	Search_3330526	1626805569839	1626805570441	OK	 
GROUP	,SearchName_douglas	1626805569631	1626805570441	810	OK
REQUEST	,S_1203330606	Select_baker	1626805570443	1626805570554	OK	 
REQUEST	,SearchName_thomas	Search_1	1626805570761	1626805571109	OK	 
REQUEST	,SearchByActiveMember	Select_SearchByActiveMember	1626805570694	1626805571122	OK	 
GROUP	,SearchByActiveMember	1626805570694	1626805571123	428	OK
REQUEST	,SearchName_thomas	Search_2003326739	1626805571109	1626805571665	OK	 
GROUP	,SearchName_thomas	1626805570761	1626805571666	904	OK
REQUEST	,SearchByActiveMember	Select_SearchByActiveMember	1626805571493	1626805572109	OK	 
GROUP	,SearchByActiveMember	1626805571492	1626805572109	616	OK
REQUEST	,DrillDown_roger	70075	1626805571602	1626805572332	OK	 
GROUP	,DrillDown_roger	1626805571601	1626805572332	730	OK
REQUEST	,SearchName_smith	Search_1	1626805572517	1626805573200	OK	 
REQUEST	,S_2003326739	Select_thomas	1626805573109	1626805573222	OK	 
REQUEST	,SearchName_roger	Search_1	1626805573152	1626805573612	OK	 
REQUEST	,S_1203330606		1626805570554	1626805573650	OK	 
REQUEST	,SearchName_smith	Search_803330745	1626805573200	1626805573703	OK	 
GROUP	,SearchName_smith	1626805572516	1626805573703	1186	OK
REQUEST	,SearchName_roger	Search_3328306	1626805573612	1626805573783	OK	 
GROUP	,SearchName_roger	1626805573151	1626805573783	631	OK
REQUEST	,S_1203330606	MemberId:1203330606	1626805573651	1626805573887	OK	 
GROUP	,S_1203330606	1626805570443	1626805573887	3443	OK
REQUEST	,SearchByActiveMember	Select_SearchByActiveMember	1626805574003	1626805574125	OK	 
GROUP	,SearchByActiveMember	1626805574002	1626805574125	122	OK
REQUEST	,SearchByActiveMember	Select_SearchByActiveMember	1626805574079	1626805574491	OK	 
GROUP	,SearchByActiveMember	1626805574078	1626805574491	412	OK
REQUEST	,SearchName_douglas	Search_1	1626805574346	1626805574525	OK	 
REQUEST	,SearchName_douglas	Search_3330526	1626805574526	1626805574692	OK	 
GROUP	,SearchName_douglas	1626805574345	1626805574693	345	OK
REQUEST	,SearchByActiveMember	Select_SearchByActiveMember	1626805574667	1626805574868	OK	 
GROUP	,SearchByActiveMember	1626805574666	1626805574868	201	OK
REQUEST	,SearchName_baker	Search_1	1626805574929	1626805575094	OK	 
REQUEST	,S_3330526	Select_douglas	1626805575257	1626805575352	OK	 
REQUEST	,S_803330745	Select_smith	1626805575288	1626805575393	OK	 
REQUEST	,S_2003326739		1626805573223	1626805575566	OK	 
REQUEST	,S_3328306	Select_roger	1626805575339	1626805575665	OK	 
REQUEST	,SearchName_baker	Search_1203330606	1626805575095	1626805575707	OK	 
GROUP	,SearchName_baker	1626805574928	1626805575707	777	OK
REQUEST	,SearchName_smith	Search_1	1626805575554	1626805575800	OK	 
REQUEST	,S_2003326739	MemberId:2003326739	1626805575567	1626805575859	OK	 
GROUP	,S_2003326739	1626805573108	1626805575860	2748	OK
REQUEST	,S_3330526		1626805575353	1626805575962	OK	 
REQUEST	,S_803330745		1626805575394	1626805576021	OK	 
REQUEST	,S_803330745	MemberId:803330745	1626805576022	1626805576385	OK	 
REQUEST	,S_3330526	MemberId:3330526	1626805575962	1626805576385	OK	 
GROUP	,S_803330745	1626805575287	1626805576385	1095	OK
GROUP	,S_3330526	1626805575257	1626805576385	1127	OK
REQUEST	,SearchName_smith	Search_803330745	1626805575801	1626805576416	OK	 
GROUP	,SearchName_smith	1626805575554	1626805576417	861	OK
REQUEST	,S_3328306		1626805575666	1626805576437	OK	 
REQUEST	,S_3330526	Select_douglas	1626805576373	1626805576485	OK	 
REQUEST	,S_3328306	MemberId:3328306	1626805576438	1626805576686	OK	 
GROUP	,S_3328306	1626805575338	1626805576686	1345	OK
REQUEST	,DrillDown_baker	68633	1626805576433	1626805576718	OK	 
GROUP	,DrillDown_baker	1626805576432	1626805576718	285	OK
REQUEST	,SearchName_thomas	Search_1	1626805576789	1626805576963	OK	 
REQUEST	,S_3330526		1626805576486	1626805577290	OK	 
REQUEST	,SearchName_thomas	Search_2003326739	1626805576963	1626805577471	OK	 
GROUP	,SearchName_thomas	1626805576788	1626805577471	682	OK
REQUEST	,S_3330526	MemberId:3330526	1626805577291	1626805577542	OK	 
GROUP	,S_3330526	1626805576373	1626805577542	1167	OK
REQUEST	,SearchName_roger	Search_1	1626805577105	1626805577553	OK	 
REQUEST	,S_1203330606	Select_baker	1626805577565	1626805577681	OK	 
REQUEST	,SearchName_roger	Search_3328306	1626805577554	1626805577713	OK	 
GROUP	,SearchName_roger	1626805577104	1626805577714	607	OK
REQUEST	,DrillDown_roger	70075	1626805577878	1626805578016	OK	 
GROUP	,DrillDown_roger	1626805577878	1626805578017	138	OK
REQUEST	,S_803330745	Select_smith	1626805578146	1626805578247	OK	 
REQUEST	,S_803330745		1626805578247	1626805578762	OK	 
REQUEST	,S_803330745	MemberId:803330745	1626805578762	1626805579014	OK	 
GROUP	,S_803330745	1626805578146	1626805579015	868	OK
REQUEST	,SearchByActiveMember	Select_SearchByActiveMember	1626805578989	1626805579381	OK	 
GROUP	,SearchByActiveMember	1626805578989	1626805579381	392	OK
REQUEST	,SearchByActiveMember	Select_SearchByActiveMember	1626805579686	1626805579833	OK	 
GROUP	,SearchByActiveMember	1626805579686	1626805579834	147	OK
REQUEST	,DrillDown_douglas	67672	1626805580118	1626805580306	OK	 
GROUP	,DrillDown_douglas	1626805580118	1626805580306	188	OK
REQUEST	,DrillDown_douglas	67672	1626805580187	1626805580348	OK	 
GROUP	,DrillDown_douglas	1626805580187	1626805580348	161	OK
REQUEST	,S_1203330606		1626805577682	1626805580692	OK	 
REQUEST	,DrillDown_smith	70214	1626805580328	1626805580829	OK	 
GROUP	,DrillDown_smith	1626805580327	1626805580829	501	OK
REQUEST	,DrillDown_thomas	69195	1626805580480	1626805580983	OK	 
GROUP	,DrillDown_thomas	1626805580480	1626805580983	503	OK
REQUEST	,S_3328306	Select_roger	1626805580767	1626805581077	OK	 
REQUEST	,S_1203330606	MemberId:1203330606	1626805580693	1626805581077	OK	 
GROUP	,S_1203330606	1626805577565	1626805581078	3510	OK
REQUEST	,DrillDown_smith	70214	1626805581467	1626805581596	OK	 
GROUP	,DrillDown_smith	1626805581467	1626805581597	129	OK
REQUEST	,S_2003326739	Select_thomas	1626805581596	1626805581690	OK	 
REQUEST	,S_3328306		1626805581078	1626805581733	OK	 
REQUEST	,SearchName_douglas	Search_1	1626805581352	1626805581761	OK	 
REQUEST	,SearchName_douglas	Search_3330526	1626805581762	1626805581927	OK	 
GROUP	,SearchName_douglas	1626805581352	1626805581927	574	OK
REQUEST	,S_3328306	MemberId:3328306	1626805581734	1626805581973	OK	 
GROUP	,S_3328306	1626805580767	1626805581974	1204	OK
REQUEST	,SearchByActiveMember	Select_SearchByActiveMember	1626805581643	1626805582029	OK	 
GROUP	,SearchByActiveMember	1626805581643	1626805582029	386	OK
REQUEST	,SearchName_baker	Search_1	1626805582047	1626805582213	OK	 
REQUEST	,SearchName_baker	Search_1203330606	1626805582213	1626805582610	OK	 
GROUP	,SearchName_baker	1626805582047	1626805582610	563	OK
REQUEST	,SearchByActiveMember	Select_SearchByActiveMember	1626805582835	1626805583252	OK	 
GROUP	,SearchByActiveMember	1626805582835	1626805583253	417	OK
REQUEST	,SearchByActiveMember	Select_SearchByActiveMember	1626805583682	1626805583818	OK	 
GROUP	,SearchByActiveMember	1626805583681	1626805583818	136	OK
REQUEST	,S_2003326739		1626805581691	1626805584322	OK	 
REQUEST	,S_2003326739	MemberId:2003326739	1626805584323	1626805584567	OK	 
GROUP	,S_2003326739	1626805581595	1626805584567	2969	OK
REQUEST	,SearchByActiveMember	Select_SearchByActiveMember	1626805584167	1626805584598	OK	 
GROUP	,SearchByActiveMember	1626805584167	1626805584598	431	OK
REQUEST	,S_1203330606	Select_baker	1626805584516	1626805584609	OK	 
REQUEST	,SearchName_smith	Search_1	1626805584576	1626805584790	OK	 
REQUEST	,DrillDown_baker	68633	1626805584613	1626805585061	OK	 
GROUP	,DrillDown_baker	1626805584613	1626805585061	448	OK
REQUEST	,SearchName_smith	Search_803330745	1626805584791	1626805585292	OK	 
GROUP	,SearchName_smith	1626805584576	1626805585292	715	OK
REQUEST	,SearchByActiveMember	Select_SearchByActiveMember	1626805584929	1626805585371	OK	 
GROUP	,SearchByActiveMember	1626805584929	1626805585371	442	OK
REQUEST	,DrillDown_roger	70075	1626805585238	1626805585379	OK	 
GROUP	,DrillDown_roger	1626805585237	1626805585379	141	OK
REQUEST	,SearchName_thomas	Search_1	1626805586221	1626805586390	OK	 
REQUEST	,DrillDown_thomas	69195	1626805586212	1626805586613	OK	 
GROUP	,DrillDown_thomas	1626805586212	1626805586614	401	OK
REQUEST	,S_3330526	Select_douglas	1626805586538	1626805586637	OK	 
REQUEST	,SearchName_thomas	Search_2003326739	1626805586391	1626805586902	OK	 
GROUP	,SearchName_thomas	1626805586220	1626805586902	680	OK
REQUEST	,SearchByActiveMember	Select_SearchByActiveMember	1626805586828	1626805587026	OK	 
GROUP	,SearchByActiveMember	1626805586828	1626805587026	198	OK
REQUEST	,S_3330526		1626805586638	1626805587355	OK	 
REQUEST	,SearchName_douglas	Search_1	1626805587237	1626805587466	OK	 
REQUEST	,SearchName_roger	Search_1	1626805587298	1626805587498	OK	 
REQUEST	,S_803330745	Select_smith	1626805587448	1626805587594	OK	 
REQUEST	,S_3330526	MemberId:3330526	1626805587355	1626805587601	OK	 
GROUP	,S_3330526	1626805586537	1626805587601	1062	OK
REQUEST	,S_1203330606		1626805584609	1626805587611	OK	 
REQUEST	,SearchName_douglas	Search_3330526	1626805587466	1626805587659	OK	 
GROUP	,SearchName_douglas	1626805587237	1626805587659	422	OK
REQUEST	,S_1203330606	MemberId:1203330606	1626805587611	1626805587930	OK	 
GROUP	,S_1203330606	1626805584516	1626805587930	3414	OK
REQUEST	,SearchName_roger	Search_3328306	1626805587499	1626805587974	OK	 
GROUP	,SearchName_roger	1626805587298	1626805587974	675	OK
REQUEST	,S_803330745		1626805587595	1626805588090	OK	 
REQUEST	,S_803330745	MemberId:803330745	1626805588091	1626805588329	OK	 
GROUP	,S_803330745	1626805587448	1626805588329	879	OK
REQUEST	,SearchName_thomas	Search_1	1626805588384	1626805588540	OK	 
REQUEST	,SearchName_thomas	Search_2003326739	1626805588540	1626805588731	OK	 
GROUP	,SearchName_thomas	1626805588384	1626805588731	347	OK
REQUEST	,S_2003326739	Select_thomas	1626805589050	1626805589152	OK	 
REQUEST	,SearchName_baker	Search_1	1626805589438	1626805589597	OK	 
REQUEST	,SearchName_baker	Search_1203330606	1626805589597	1626805590182	OK	 
GROUP	,SearchName_baker	1626805589437	1626805590182	744	OK
REQUEST	,SearchByActiveMember	Select_SearchByActiveMember	1626805590018	1626805590541	OK	 
GROUP	,SearchByActiveMember	1626805590017	1626805590541	523	OK
REQUEST	,S_2003326739	Select_thomas	1626805590743	1626805590847	OK	 
REQUEST	,S_3328306	Select_roger	1626805590776	1626805590868	OK	 
REQUEST	,SearchByActiveMember	Select_SearchByActiveMember	1626805590929	1626805591079	OK	 
GROUP	,SearchByActiveMember	1626805590928	1626805591079	150	OK
REQUEST	,S_3330526	Select_douglas	1626805591327	1626805591447	OK	 
REQUEST	,DrillDown_douglas	67672	1626805591693	1626805591885	OK	 
GROUP	,DrillDown_douglas	1626805591693	1626805591886	192	OK
REQUEST	,S_3328306		1626805590868	1626805592064	OK	 
REQUEST	,S_2003326739		1626805589153	1626805592149	OK	 
REQUEST	,S_3328306	MemberId:3328306	1626805592064	1626805592341	OK	 
GROUP	,S_3328306	1626805590776	1626805592342	1565	OK
REQUEST	,DrillDown_baker	68633	1626805591917	1626805592382	OK	 
GROUP	,DrillDown_baker	1626805591916	1626805592382	465	OK
REQUEST	,S_2003326739	MemberId:2003326739	1626805592149	1626805592447	OK	 
GROUP	,S_2003326739	1626805589049	1626805592447	3396	OK
REQUEST	,S_3330526		1626805591447	1626805592460	OK	 
REQUEST	,SearchName_roger	Search_1	1626805592198	1626805592642	OK	 
REQUEST	,S_3330526	MemberId:3330526	1626805592460	1626805592751	OK	 
GROUP	,S_3330526	1626805591327	1626805592751	1424	OK
REQUEST	,SearchName_roger	Search_3328306	1626805592643	1626805592872	OK	 
GROUP	,SearchName_roger	1626805592198	1626805592872	673	OK
REQUEST	,SearchName_smith	Search_1	1626805593002	1626805593342	OK	 
REQUEST	,DrillDown_smith	70214	1626805593208	1626805593376	OK	 
GROUP	,DrillDown_smith	1626805593208	1626805593377	168	OK
REQUEST	,SearchName_smith	Search_803330745	1626805593343	1626805593573	OK	 
GROUP	,SearchName_smith	1626805593002	1626805593573	570	OK
REQUEST	,S_2003326739		1626805590848	1626805593735	OK	 
REQUEST	,S_1203330606	Select_baker	1626805593690	1626805593795	OK	 
REQUEST	,SearchByActiveMember	Select_SearchByActiveMember	1626805593441	1626805593801	OK	 
GROUP	,SearchByActiveMember	1626805593441	1626805593801	360	OK
REQUEST	,S_2003326739	MemberId:2003326739	1626805593736	1626805593977	OK	 
GROUP	,S_2003326739	1626805590743	1626805593977	3232	OK
REQUEST	,DrillDown_roger	70075	1626805593828	1626805594008	OK	 
GROUP	,DrillDown_roger	1626805593827	1626805594008	180	OK
REQUEST	,DrillDown_douglas	67672	1626805594165	1626805594306	OK	 
GROUP	,DrillDown_douglas	1626805594165	1626805594306	141	OK
REQUEST	,SearchByActiveMember	Select_SearchByActiveMember	1626805594192	1626805594553	OK	 
GROUP	,SearchByActiveMember	1626805594192	1626805594554	361	OK
REQUEST	,S_3328306	Select_roger	1626805595073	1626805595171	OK	 
REQUEST	,SearchByActiveMember	Select_SearchByActiveMember	1626805595589	1626805595758	OK	 
GROUP	,SearchByActiveMember	1626805595589	1626805595759	169	OK
REQUEST	,SearchName_douglas	Search_1	1626805595895	1626805596063	OK	 
REQUEST	,S_1203330606		1626805593795	1626805596174	OK	 
REQUEST	,SearchByActiveMember	Select_SearchByActiveMember	1626805595849	1626805596245	OK	 
GROUP	,SearchByActiveMember	1626805595849	1626805596245	396	OK
REQUEST	,S_3328306		1626805595171	1626805596338	OK	 
REQUEST	,S_803330745	Select_smith	1626805596357	1626805596495	OK	 
REQUEST	,S_1203330606	MemberId:1203330606	1626805596175	1626805596502	OK	 
GROUP	,S_1203330606	1626805593690	1626805596503	2811	OK
REQUEST	,SearchName_douglas	Search_3330526	1626805596063	1626805596533	OK	 
GROUP	,SearchName_douglas	1626805595895	1626805596533	638	OK
REQUEST	,S_3328306	MemberId:3328306	1626805596339	1626805596603	OK	 
GROUP	,S_3328306	1626805595073	1626805596603	1529	OK
REQUEST	,DrillDown_thomas	69195	1626805596299	1626805596612	OK	 
GROUP	,DrillDown_thomas	1626805596299	1626805596612	313	OK
REQUEST	,S_803330745		1626805596495	1626805597385	OK	 
REQUEST	,DrillDown_thomas	69195	1626805597109	1626805597633	OK	 
GROUP	,DrillDown_thomas	1626805597109	1626805597633	524	OK
REQUEST	,S_803330745	MemberId:803330745	1626805597385	1626805597633	OK	 
GROUP	,S_803330745	1626805596357	1626805597633	1276	OK
REQUEST	,S_3330526	Select_douglas	1626805597735	1626805597824	OK	 
REQUEST	,SearchName_baker	Search_1	1626805597664	1626805597825	OK	 
REQUEST	,SearchName_baker	Search_1203330606	1626805597825	1626805598256	OK	 
GROUP	,SearchName_baker	1626805597664	1626805598256	592	OK
REQUEST	,S_3330526		1626805597825	1626805598299	OK	 
REQUEST	,S_3330526	MemberId:3330526	1626805598300	1626805598531	OK	 
GROUP	,S_3330526	1626805597735	1626805598532	794	OK
REQUEST	,SearchName_thomas	Search_1	1626805598338	1626805598732	OK	 
REQUEST	,SearchName_thomas	Search_2003326739	1626805598732	1626805598906	OK	 
GROUP	,SearchName_thomas	1626805598337	1626805598906	568	OK
REQUEST	,SearchByActiveMember	Select_SearchByActiveMember	1626805598938	1626805599057	OK	 
GROUP	,SearchByActiveMember	1626805598937	1626805599057	119	OK
REQUEST	,DrillDown_baker	68633	1626805598735	1626805599209	OK	 
GROUP	,DrillDown_baker	1626805598735	1626805599209	474	OK
REQUEST	,SearchByActiveMember	Select_SearchByActiveMember	1626805599102	1626805599227	OK	 
GROUP	,SearchByActiveMember	1626805599102	1626805599227	125	OK
REQUEST	,SearchByActiveMember	Select_SearchByActiveMember	1626805600433	1626805600579	OK	 
GROUP	,SearchByActiveMember	1626805600432	1626805600579	146	OK
REQUEST	,DrillDown_roger	70075	1626805600589	1626805600713	OK	 
GROUP	,DrillDown_roger	1626805600589	1626805600713	124	OK
REQUEST	,SearchName_smith	Search_1	1626805600614	1626805600865	OK	 
REQUEST	,SearchName_smith	Search_803330745	1626805600866	1626805601331	OK	 
GROUP	,SearchName_smith	1626805600613	1626805601331	716	OK
REQUEST	,DrillDown_smith	70214	1626805601277	1626805601403	OK	 
GROUP	,DrillDown_smith	1626805601276	1626805601403	126	OK
REQUEST	,S_1203330606	Select_baker	1626805601318	1626805601426	OK	 
REQUEST	,DrillDown_douglas	67672	1626805601323	1626805601513	OK	 
GROUP	,DrillDown_douglas	1626805601323	1626805601513	190	OK
REQUEST	,SearchName_baker	Search_1	1626805600920	1626805601540	OK	 
REQUEST	,SearchByActiveMember	Select_SearchByActiveMember	1626805601031	1626805601946	OK	 
GROUP	,SearchByActiveMember	1626805601030	1626805601946	915	OK
REQUEST	,SearchName_baker	Search_1203330606	1626805601541	1626805602002	OK	 
GROUP	,SearchName_baker	1626805600919	1626805602002	1081	OK
REQUEST	,SearchName_roger	Search_1	1626805601974	1626805602158	OK	 
REQUEST	,SearchName_roger	Search_3328306	1626805602158	1626805602564	OK	 
GROUP	,SearchName_roger	1626805601974	1626805602564	590	OK
REQUEST	,SearchByActiveMember	Select_SearchByActiveMember	1626805602817	1626805603922	OK	 
GROUP	,SearchByActiveMember	1626805602816	1626805603922	1105	OK
REQUEST	,S_2003326739	Select_thomas	1626805603908	1626805604010	OK	 
REQUEST	,SearchName_thomas	Search_1	1626805603958	1626805604150	OK	 
REQUEST	,SearchName_thomas	Search_2003326739	1626805604150	1626805604587	OK	 
GROUP	,SearchName_thomas	1626805603958	1626805604588	629	OK
REQUEST	,S_1203330606		1626805601426	1626805604744	OK	 
REQUEST	,SearchName_douglas	Search_1	1626805604330	1626805604776	OK	 
REQUEST	,S_1203330606	MemberId:1203330606	1626805604744	1626805604994	OK	 
GROUP	,S_1203330606	1626805601317	1626805604994	3676	OK
REQUEST	,SearchName_douglas	Search_3330526	1626805604777	1626805605018	OK	 
GROUP	,SearchName_douglas	1626805604330	1626805605018	687	OK
REQUEST	,SearchByActiveMember	Select_SearchByActiveMember	1626805604707	1626805605149	OK	 
GROUP	,SearchByActiveMember	1626805604707	1626805605149	442	OK
REQUEST	,S_803330745	Select_smith	1626805605402	1626805605517	OK	 
REQUEST	,S_3328306	Select_roger	1626805605428	1626805605524	OK	 
REQUEST	,S_1203330606	Select_baker	1626805605506	1626805605600	OK	 
REQUEST	,S_803330745		1626805605517	1626805606449	OK	 
REQUEST	,S_3328306		1626805605524	1626805606463	OK	 
REQUEST	,SearchByActiveMember	Select_SearchByActiveMember	1626805606232	1626805606670	OK	 
GROUP	,SearchByActiveMember	1626805606232	1626805606670	438	OK
REQUEST	,S_3328306	MemberId:3328306	1626805606463	1626805606704	OK	 
REQUEST	,S_803330745	MemberId:803330745	1626805606450	1626805606704	OK	 
GROUP	,S_803330745	1626805605402	1626805606704	1301	OK
GROUP	,S_3328306	1626805605427	1626805606704	1276	OK
REQUEST	,S_2003326739		1626805604011	1626805606854	OK	 
REQUEST	,SearchName_smith	Search_1	1626805606687	1626805606961	OK	 
REQUEST	,S_2003326739	MemberId:2003326739	1626805606854	1626805607098	OK	 
GROUP	,S_2003326739	1626805603908	1626805607098	3189	OK
REQUEST	,S_2003326739	Select_thomas	1626805607098	1626805607194	OK	 
REQUEST	,SearchName_smith	Search_803330745	1626805606961	1626805607431	OK	 
GROUP	,SearchName_smith	1626805606686	1626805607431	744	OK
REQUEST	,SearchName_roger	Search_1	1626805607472	1626805608049	OK	 
REQUEST	,S_1203330606		1626805605600	1626805608458	OK	 
REQUEST	,SearchName_roger	Search_3328306	1626805608050	1626805608458	OK	 
GROUP	,SearchName_roger	1626805607472	1626805608459	985	OK
REQUEST	,S_1203330606	MemberId:1203330606	1626805608459	1626805608693	OK	 
GROUP	,S_1203330606	1626805605506	1626805608693	3186	OK
REQUEST	,S_3330526	Select_douglas	1626805608760	1626805609100	OK	 
REQUEST	,S_3330526		1626805609100	1626805609540	OK	 
REQUEST	,SearchName_baker	Search_1	1626805608560	1626805609604	OK	 
REQUEST	,SearchName_baker	Search_1203330606	1626805609605	1626805609781	OK	 
GROUP	,SearchName_baker	1626805608559	1626805609781	1220	OK
REQUEST	,S_3330526	MemberId:3330526	1626805609540	1626805609865	OK	 
GROUP	,S_3330526	1626805608759	1626805609865	1105	OK
REQUEST	,DrillDown_baker	68633	1626805609455	1626805609884	OK	 
GROUP	,DrillDown_baker	1626805609454	1626805609884	429	OK
REQUEST	,DrillDown_baker	68633	1626805610114	1626805610558	OK	 
GROUP	,DrillDown_baker	1626805610113	1626805610558	444	OK
REQUEST	,DrillDown_thomas	69195	1626805610247	1626805610663	OK	 
GROUP	,DrillDown_thomas	1626805610247	1626805610663	416	OK
REQUEST	,DrillDown_smith	70214	1626805610689	1626805610811	OK	 
GROUP	,DrillDown_smith	1626805610689	1626805610812	122	OK
REQUEST	,DrillDown_roger	70075	1626805610812	1626805610940	OK	 
GROUP	,DrillDown_roger	1626805610811	1626805610940	128	OK
REQUEST	,S_2003326739		1626805607195	1626805611060	OK	 
REQUEST	,S_3328306	Select_roger	1626805610919	1626805611073	OK	 
REQUEST	,S_2003326739	MemberId:2003326739	1626805611061	1626805611293	OK	 
GROUP	,S_2003326739	1626805607098	1626805611293	4193	OK
REQUEST	,S_3328306		1626805611073	1626805611475	OK	 
REQUEST	,S_3328306	MemberId:3328306	1626805611475	1626805611707	OK	 
GROUP	,S_3328306	1626805610918	1626805611707	788	OK
REQUEST	,SearchByActiveMember	Select_SearchByActiveMember	1626805611564	1626805611840	OK	 
GROUP	,SearchByActiveMember	1626805611564	1626805611840	276	OK
REQUEST	,SearchByActiveMember	Select_SearchByActiveMember	1626805611695	1626805611869	OK	 
GROUP	,SearchByActiveMember	1626805611695	1626805611870	174	OK
REQUEST	,S_803330745	Select_smith	1626805611795	1626805611883	OK	 
REQUEST	,SearchByActiveMember	Select_SearchByActiveMember	1626805611977	1626805612240	OK	 
GROUP	,SearchByActiveMember	1626805611977	1626805612240	263	OK
REQUEST	,SearchByActiveMember	Select_SearchByActiveMember	1626805612294	1626805612439	OK	 
GROUP	,SearchByActiveMember	1626805612293	1626805612439	145	OK
REQUEST	,S_803330745		1626805611884	1626805612640	OK	 
REQUEST	,S_1203330606	Select_baker	1626805612718	1626805612881	OK	 
REQUEST	,S_803330745	MemberId:803330745	1626805612640	1626805612891	OK	 
GROUP	,S_803330745	1626805611795	1626805612891	1095	OK
REQUEST	,DrillDown_roger	70075	1626805613037	1626805613160	OK	 
GROUP	,DrillDown_roger	1626805613036	1626805613160	123	OK
REQUEST	,SearchName_douglas	Search_1	1626805613103	1626805613275	OK	 
REQUEST	,SearchName_douglas	Search_3330526	1626805613275	1626805613465	OK	 
GROUP	,SearchName_douglas	1626805613102	1626805613466	362	OK
REQUEST	,DrillDown_thomas	69195	1626805613906	1626805614059	OK	 
GROUP	,DrillDown_thomas	1626805613906	1626805614059	153	OK
REQUEST	,SearchName_roger	Search_1	1626805613982	1626805614161	OK	 
REQUEST	,DrillDown_douglas	67672	1626805614096	1626805614234	OK	 
GROUP	,DrillDown_douglas	1626805614096	1626805614234	138	OK
REQUEST	,SearchName_roger	Search_3328306	1626805614162	1626805614418	OK	 
GROUP	,SearchName_roger	1626805613981	1626805614418	435	OK
REQUEST	,SearchName_smith	Search_1	1626805614272	1626805614873	OK	 
REQUEST	,SearchByActiveMember	Select_SearchByActiveMember	1626805614863	1626805615001	OK	 
GROUP	,SearchByActiveMember	1626805614862	1626805615001	138	OK
REQUEST	,SearchName_smith	Search_803330745	1626805614874	1626805615157	OK	 
GROUP	,SearchName_smith	1626805614272	1626805615157	884	OK
REQUEST	,S_3330526	Select_douglas	1626805615419	1626805615550	OK	 
REQUEST	,DrillDown_smith	70214	1626805615556	1626805615695	OK	 
GROUP	,DrillDown_smith	1626805615556	1626805615695	139	OK
REQUEST	,S_3328306	Select_roger	1626805615744	1626805615836	OK	 
REQUEST	,S_1203330606		1626805612881	1626805615876	OK	 
REQUEST	,S_3330526		1626805615551	1626805616080	OK	 
REQUEST	,SearchByActiveMember	Select_SearchByActiveMember	1626805615927	1626805616118	OK	 
GROUP	,SearchByActiveMember	1626805615927	1626805616118	191	OK
REQUEST	,S_1203330606	MemberId:1203330606	1626805615876	1626805616151	OK	 
GROUP	,S_1203330606	1626805612717	1626805616151	3433	OK
REQUEST	,S_3328306		1626805615837	1626805616205	OK	 
REQUEST	,SearchName_thomas	Search_1	1626805616091	1626805616290	OK	 
REQUEST	,S_3330526	MemberId:3330526	1626805616080	1626805616457	OK	 
GROUP	,S_3330526	1626805615418	1626805616458	1037	OK
REQUEST	,S_3328306	MemberId:3328306	1626805616206	1626805616483	OK	 
GROUP	,S_3328306	1626805615744	1626805616483	737	OK
REQUEST	,SearchName_thomas	Search_2003326739	1626805616291	1626805616490	OK	 
GROUP	,SearchName_thomas	1626805616091	1626805616490	398	OK
REQUEST	,SearchName_baker	Search_1	1626805616430	1626805616581	OK	 
REQUEST	,SearchName_baker	Search_1203330606	1626805616582	1626805616733	OK	 
GROUP	,SearchName_baker	1626805616430	1626805616733	302	OK
REQUEST	,SearchByActiveMember	Select_SearchByActiveMember	1626805617152	1626805617288	OK	 
GROUP	,SearchByActiveMember	1626805617151	1626805617288	136	OK
REQUEST	,S_1203330606	Select_baker	1626805617737	1626805617832	OK	 
REQUEST	,DrillDown_roger	70075	1626805618185	1626805618301	OK	 
GROUP	,DrillDown_roger	1626805618184	1626805618301	116	OK
REQUEST	,DrillDown_douglas	67672	1626805618291	1626805618460	OK	 
GROUP	,DrillDown_douglas	1626805618291	1626805618460	169	OK
REQUEST	,SearchName_thomas	Search_1	1626805618466	1626805618649	OK	 
REQUEST	,SearchName_thomas	Search_2003326739	1626805618649	1626805618864	OK	 
GROUP	,SearchName_thomas	1626805618466	1626805618864	398	OK
REQUEST	,SearchByActiveMember	Select_SearchByActiveMember	1626805619057	1626805619269	OK	 
GROUP	,SearchByActiveMember	1626805619057	1626805619270	212	OK
REQUEST	,S_803330745	Select_smith	1626805619585	1626805619769	OK	 
REQUEST	,SearchByActiveMember	Select_SearchByActiveMember	1626805619544	1626805619793	OK	 
GROUP	,SearchByActiveMember	1626805619544	1626805619793	249	OK
REQUEST	,S_1203330606		1626805617833	1626805619953	OK	 
REQUEST	,SearchByActiveMember	Select_SearchByActiveMember	1626805620106	1626805620349	OK	 
GROUP	,SearchByActiveMember	1626805620105	1626805620349	243	OK
REQUEST	,S_1203330606	MemberId:1203330606	1626805619953	1626805620389	OK	 
GROUP	,S_1203330606	1626805617737	1626805620389	2651	OK
REQUEST	,DrillDown_baker	68633	1626805620227	1626805620511	OK	 
GROUP	,DrillDown_baker	1626805620226	1626805620511	284	OK
REQUEST	,SearchByActiveMember	Select_SearchByActiveMember	1626805620441	1626805620595	OK	 
GROUP	,SearchByActiveMember	1626805620441	1626805620595	154	OK
REQUEST	,S_2003326739	Select_thomas	1626805620311	1626805620647	OK	 
REQUEST	,SearchName_douglas	Search_1	1626805620581	1626805620763	OK	 
REQUEST	,S_803330745		1626805619770	1626805620811	OK	 
REQUEST	,SearchName_smith	Search_1	1626805620749	1626805620977	OK	 
REQUEST	,S_803330745	MemberId:803330745	1626805620811	1626805621160	OK	 
GROUP	,S_803330745	1626805619584	1626805621160	1574	OK
REQUEST	,SearchName_douglas	Search_3330526	1626805620763	1626805621247	OK	 
GROUP	,SearchName_douglas	1626805620581	1626805621248	666	OK
REQUEST	,SearchName_smith	Search_803330745	1626805620977	1626805621533	OK	 
GROUP	,SearchName_smith	1626805620749	1626805621533	784	OK
REQUEST	,DrillDown_baker	68633	1626805622329	1626805622826	OK	 
GROUP	,DrillDown_baker	1626805622328	1626805622826	497	OK
REQUEST	,S_2003326739	Select_thomas	1626805623253	1626805623345	OK	 
REQUEST	,S_2003326739		1626805620648	1626805623383	OK	 
REQUEST	,SearchByActiveMember	Select_SearchByActiveMember	1626805623056	1626805623430	OK	 
GROUP	,SearchByActiveMember	1626805623055	1626805623430	374	OK
REQUEST	,DrillDown_smith	70214	1626805623343	1626805623477	OK	 
GROUP	,DrillDown_smith	1626805623342	1626805623477	134	OK
REQUEST	,S_803330745	Select_smith	1626805623514	1626805623617	OK	 
REQUEST	,S_2003326739	MemberId:2003326739	1626805623383	1626805623634	OK	 
GROUP	,S_2003326739	1626805620311	1626805623635	3322	OK
REQUEST	,SearchName_roger	Search_1	1626805623188	1626805623638	OK	 
REQUEST	,SearchName_roger	Search_3328306	1626805623638	1626805623824	OK	 
GROUP	,SearchName_roger	1626805623188	1626805623824	636	OK
REQUEST	,SearchByActiveMember	Select_SearchByActiveMember	1626805623847	1626805623970	OK	 
GROUP	,SearchByActiveMember	1626805623846	1626805623970	123	OK
REQUEST	,S_803330745		1626805623618	1626805624433	OK	 
REQUEST	,S_803330745	MemberId:803330745	1626805624433	1626805624668	OK	 
GROUP	,S_803330745	1626805623514	1626805624668	1153	OK
REQUEST	,SearchName_douglas	Search_1	1626805624797	1626805625238	OK	 
REQUEST	,S_3328306	Select_roger	1626805625167	1626805625267	OK	 
REQUEST	,DrillDown_thomas	69195	1626805625317	1626805625543	OK	 
GROUP	,DrillDown_thomas	1626805625317	1626805625543	226	OK
REQUEST	,SearchName_baker	Search_1	1626805625193	1626805625836	OK	 
REQUEST	,SearchName_douglas	Search_3330526	1626805625238	1626805625853	OK	 
GROUP	,SearchName_douglas	1626805624797	1626805625853	1056	OK
REQUEST	,SearchByActiveMember	Select_SearchByActiveMember	1626805625871	1626805626026	OK	 
GROUP	,SearchByActiveMember	1626805625871	1626805626026	155	OK
REQUEST	,SearchName_baker	Search_1203330606	1626805625837	1626805626075	OK	 
GROUP	,SearchName_baker	1626805625193	1626805626075	881	OK
REQUEST	,S_3330526	Select_douglas	1626805626189	1626805626279	OK	 
REQUEST	,S_2003326739		1626805623345	1626805626510	OK	 
REQUEST	,SearchName_smith	Search_1	1626805626378	1626805626597	OK	 
REQUEST	,S_3328306		1626805625267	1626805626649	OK	 
REQUEST	,S_2003326739	MemberId:2003326739	1626805626511	1626805626738	OK	 
GROUP	,S_2003326739	1626805623253	1626805626738	3484	OK
REQUEST	,S_3330526		1626805626280	1626805626865	OK	 
REQUEST	,S_3328306	MemberId:3328306	1626805626650	1626805626905	OK	 
GROUP	,S_3328306	1626805625166	1626805626906	1737	OK
REQUEST	,SearchName_smith	Search_803330745	1626805626597	1626805627053	OK	 
GROUP	,SearchName_smith	1626805626378	1626805627053	675	OK
REQUEST	,S_3330526	MemberId:3330526	1626805626865	1626805627124	OK	 
GROUP	,S_3330526	1626805626189	1626805627124	934	OK
REQUEST	,DrillDown_smith	70214	1626805627166	1626805627300	OK	 
GROUP	,DrillDown_smith	1626805627166	1626805627300	134	OK
REQUEST	,SearchName_thomas	Search_1	1626805627426	1626805627603	OK	 
REQUEST	,SearchName_thomas	Search_2003326739	1626805627604	1626805628014	OK	 
GROUP	,SearchName_thomas	1626805627426	1626805628014	587	OK
REQUEST	,SearchName_roger	Search_1	1626805627812	1626805628208	OK	 
REQUEST	,SearchName_roger	Search_3328306	1626805628208	1626805628366	OK	 
GROUP	,SearchName_roger	1626805627812	1626805628366	554	OK
REQUEST	,DrillDown_roger	70075	1626805628381	1626805628503	OK	 
GROUP	,DrillDown_roger	1626805628381	1626805628503	122	OK
REQUEST	,SearchByActiveMember	Select_SearchByActiveMember	1626805629069	1626805629524	OK	 
GROUP	,SearchByActiveMember	1626805629069	1626805629524	455	OK
REQUEST	,S_2003326739	Select_thomas	1626805629729	1626805629916	OK	 
REQUEST	,S_803330745	Select_smith	1626805630000	1626805630200	OK	 
REQUEST	,S_1203330606	Select_baker	1626805630050	1626805630235	OK	 
REQUEST	,S_803330745		1626805630200	1626805631041	OK	 
REQUEST	,SearchByActiveMember	Select_SearchByActiveMember	1626805630795	1626805631187	OK	 
GROUP	,SearchByActiveMember	1626805630795	1626805631187	392	OK
REQUEST	,S_3330526	Select_douglas	1626805630831	1626805631290	OK	 
REQUEST	,S_803330745	MemberId:803330745	1626805631042	1626805631295	OK	 
GROUP	,S_803330745	1626805630000	1626805631295	1294	OK
REQUEST	,DrillDown_thomas	69195	1626805630982	1626805631540	OK	 
GROUP	,DrillDown_thomas	1626805630981	1626805631540	558	OK
REQUEST	,DrillDown_douglas	67672	1626805631306	1626805631540	OK	 
GROUP	,DrillDown_douglas	1626805631306	1626805631540	234	OK
REQUEST	,SearchByActiveMember	Select_SearchByActiveMember	1626805631506	1626805631628	OK	 
GROUP	,SearchByActiveMember	1626805631506	1626805631628	122	OK
REQUEST	,S_3330526		1626805631290	1626805631628	OK	 
REQUEST	,S_3330526	MemberId:3330526	1626805631629	1626805631868	OK	 
GROUP	,S_3330526	1626805630830	1626805631869	1036	OK
REQUEST	,S_3328306	Select_roger	1626805632002	1626805632098	OK	 
REQUEST	,DrillDown_smith	70214	1626805632389	1626805632511	OK	 
GROUP	,DrillDown_smith	1626805632388	1626805632512	122	OK
REQUEST	,S_2003326739		1626805629916	1626805633453	OK	 
REQUEST	,S_3328306		1626805632098	1626805633664	OK	 
REQUEST	,SearchName_baker	Search_1	1626805633534	1626805633718	OK	 
REQUEST	,S_1203330606		1626805630236	1626805633737	OK	 
REQUEST	,S_2003326739	MemberId:2003326739	1626805633454	1626805633855	OK	 
GROUP	,S_2003326739	1626805629729	1626805633855	4125	OK
REQUEST	,SearchName_baker	Search_1203330606	1626805633719	1626805633930	OK	 
GROUP	,SearchName_baker	1626805633534	1626805633930	395	OK
REQUEST	,S_3328306	MemberId:3328306	1626805633665	1626805634047	OK	 
GROUP	,S_3328306	1626805632002	1626805634048	2044	OK
REQUEST	,S_1203330606	MemberId:1203330606	1626805633738	1626805634085	OK	 
GROUP	,S_1203330606	1626805630049	1626805634085	4033	OK
REQUEST	,SearchName_douglas	Search_1	1626805634676	1626805634845	OK	 
REQUEST	,SearchByActiveMember	Select_SearchByActiveMember	1626805634813	1626805634938	OK	 
GROUP	,SearchByActiveMember	1626805634813	1626805634938	125	OK
REQUEST	,SearchName_douglas	Search_3330526	1626805634846	1626805635146	OK	 
GROUP	,SearchName_douglas	1626805634676	1626805635147	469	OK
REQUEST	,SearchByActiveMember	Select_SearchByActiveMember	1626805634797	1626805635215	OK	 
GROUP	,SearchByActiveMember	1626805634797	1626805635215	418	OK
REQUEST	,DrillDown_baker	68633	1626805635404	1626805635597	OK	 
GROUP	,DrillDown_baker	1626805635404	1626805635597	193	OK
REQUEST	,DrillDown_douglas	67672	1626805636027	1626805636178	OK	 
GROUP	,DrillDown_douglas	1626805636026	1626805636178	151	OK
GROUP		1626805493022	1626805636343	30619	OK
USER	Users_1	END	1626805636346
REQUEST	,SearchName_smith	Search_1	1626805636297	1626805636525	OK	 
REQUEST	,SearchName_thomas	Search_1	1626805636327	1626805636741	OK	 
REQUEST	,SearchName_smith	Search_803330745	1626805636526	1626805636750	OK	 
GROUP	,SearchName_smith	1626805636297	1626805636750	452	OK
REQUEST	,SearchName_thomas	Search_2003326739	1626805636742	1626805636915	OK	 
GROUP	,SearchName_thomas	1626805636326	1626805636915	587	OK
REQUEST	,S_1203330606	Select_baker	1626805637780	1626805637869	OK	 
REQUEST	,DrillDown_thomas	69195	1626805637738	1626805637918	OK	 
GROUP	,DrillDown_thomas	1626805637738	1626805637918	180	OK
REQUEST	,DrillDown_roger	70075	1626805638072	1626805638192	OK	 
GROUP	,DrillDown_roger	1626805638072	1626805638192	120	OK
REQUEST	,SearchByActiveMember	Select_SearchByActiveMember	1626805638494	1626805638619	OK	 
GROUP	,SearchByActiveMember	1626805638494	1626805638620	125	OK
REQUEST	,S_803330745	Select_smith	1626805638558	1626805638660	OK	 
REQUEST	,S_803330745		1626805638660	1626805639271	OK	 
REQUEST	,S_3330526	Select_douglas	1626805639260	1626805639362	OK	 
REQUEST	,S_803330745	MemberId:803330745	1626805639271	1626805639510	OK	 
GROUP	,S_803330745	1626805638558	1626805639510	952	OK
REQUEST	,SearchName_roger	Search_1	1626805639729	1626805639896	OK	 
REQUEST	,S_2003326739	Select_thomas	1626805639851	1626805639942	OK	 
REQUEST	,S_3330526		1626805639363	1626805639947	OK	 
REQUEST	,S_3330526	MemberId:3330526	1626805639947	1626805640409	OK	 
GROUP	,S_3330526	1626805639260	1626805640410	1148	OK
REQUEST	,SearchName_roger	Search_3328306	1626805639897	1626805640601	OK	 
GROUP	,SearchName_roger	1626805639729	1626805640601	871	OK
REQUEST	,SearchByActiveMember	Select_SearchByActiveMember	1626805640418	1626805640677	OK	 
GROUP	,SearchByActiveMember	1626805640418	1626805640677	259	OK
REQUEST	,S_1203330606		1626805637869	1626805640772	OK	 
REQUEST	,S_1203330606	MemberId:1203330606	1626805640773	1626805641009	OK	 
GROUP	,S_1203330606	1626805637780	1626805641010	3228	OK
REQUEST	,SearchByActiveMember	Select_SearchByActiveMember	1626805641866	1626805642002	OK	 
GROUP	,SearchByActiveMember	1626805641866	1626805642002	136	OK
REQUEST	,S_2003326739		1626805639942	1626805642791	OK	 
REQUEST	,SearchName_baker	Search_1	1626805642755	1626805642937	OK	 
REQUEST	,S_2003326739	MemberId:2003326739	1626805642791	1626805643029	OK	 
GROUP	,S_2003326739	1626805639851	1626805643030	3178	OK
REQUEST	,SearchByActiveMember	Select_SearchByActiveMember	1626805643031	1626805643165	OK	 
GROUP	,SearchByActiveMember	1626805643031	1626805643165	134	OK
REQUEST	,SearchName_baker	Search_1203330606	1626805642938	1626805643368	OK	 
GROUP	,SearchName_baker	1626805642755	1626805643368	612	OK
REQUEST	,DrillDown_smith	70214	1626805643635	1626805643772	OK	 
GROUP	,DrillDown_smith	1626805643634	1626805643772	137	OK
REQUEST	,DrillDown_douglas	67672	1626805643690	1626805643855	OK	 
GROUP	,DrillDown_douglas	1626805643689	1626805643855	165	OK
REQUEST	,SearchName_douglas	Search_1	1626805644317	1626805644501	OK	 
REQUEST	,SearchName_douglas	Search_3330526	1626805644502	1626805644951	OK	 
GROUP	,SearchName_douglas	1626805644317	1626805644951	633	OK
REQUEST	,S_3328306	Select_roger	1626805644906	1626805645003	OK	 
REQUEST	,DrillDown_baker	68633	1626805645286	1626805645477	OK	 
GROUP	,DrillDown_baker	1626805645286	1626805645477	191	OK
REQUEST	,S_3328306		1626805645003	1626805645723	OK	 
REQUEST	,S_3328306	MemberId:3328306	1626805645723	1626805645963	OK	 
GROUP	,S_3328306	1626805644906	1626805645963	1057	OK
REQUEST	,SearchName_thomas	Search_1	1626805646582	1626805646749	OK	 
GROUP		1626805495019	1626805647072	38374	OK
USER	Users_1	END	1626805647072
REQUEST	,SearchName_thomas	Search_2003326739	1626805646749	1626805647276	OK	 
GROUP	,SearchName_thomas	1626805646582	1626805647276	694	OK
REQUEST	,S_1203330606	Select_baker	1626805647293	1626805647390	OK	 
GROUP		1626805492029	1626805647645	32241	OK
USER	Users_1	END	1626805647645
REQUEST	,DrillDown_thomas	69195	1626805647472	1626805647934	OK	 
GROUP	,DrillDown_thomas	1626805647472	1626805647934	462	OK
REQUEST	,SearchByActiveMember	Select_SearchByActiveMember	1626805647795	1626805648387	OK	 
GROUP	,SearchByActiveMember	1626805647795	1626805648387	592	OK
REQUEST	,SearchName_smith	Search_1	1626805647848	1626805648402	OK	 
REQUEST	,SearchName_smith	Search_803330745	1626805648402	1626805648653	OK	 
GROUP	,SearchName_smith	1626805647847	1626805648653	805	OK
REQUEST	,S_3330526	Select_douglas	1626805648860	1626805648957	OK	 
REQUEST	,DrillDown_roger	70075	1626805649617	1626805649745	OK	 
GROUP	,DrillDown_roger	1626805649616	1626805649745	128	OK
REQUEST	,SearchName_roger	Search_1	1626805649684	1626805649851	OK	 
REQUEST	,S_2003326739	Select_thomas	1626805649775	1626805649871	OK	 
REQUEST	,S_3330526		1626805648957	1626805650032	OK	 
REQUEST	,SearchName_roger	Search_3328306	1626805649852	1626805650037	OK	 
GROUP	,SearchName_roger	1626805649684	1626805650037	352	OK
REQUEST	,S_1203330606		1626805647391	1626805650221	OK	 
REQUEST	,S_3330526	MemberId:3330526	1626805650033	1626805650456	OK	 
GROUP	,S_3330526	1626805648859	1626805650456	1595	OK
REQUEST	,S_1203330606	MemberId:1203330606	1626805650222	1626805650493	OK	 
GROUP	,S_1203330606	1626805647292	1626805650493	3198	OK
GROUP		1626805501023	1626805650933	38756	OK
USER	Users_1	END	1626805650934
REQUEST	,S_3328306	Select_roger	1626805651053	1626805651149	OK	 
REQUEST	,S_3328306		1626805651150	1626805651978	OK	 
REQUEST	,S_3328306	MemberId:3328306	1626805651979	1626805652283	OK	 
GROUP	,S_3328306	1626805651053	1626805652283	1228	OK
REQUEST	,S_2003326739		1626805649872	1626805652591	OK	 
REQUEST	,S_2003326739	MemberId:2003326739	1626805652591	1626805652902	OK	 
GROUP	,S_2003326739	1626805649774	1626805652902	3126	OK
REQUEST	,S_803330745	Select_smith	1626805653206	1626805653299	OK	 
REQUEST	,DrillDown_baker	68633	1626805652937	1626805653368	OK	 
GROUP	,DrillDown_baker	1626805652937	1626805653369	431	OK
GROUP		1626805499019	1626805653551	37126	OK
USER	Users_1	END	1626805653551
REQUEST	,DrillDown_douglas	67672	1626805653673	1626805653820	OK	 
GROUP	,DrillDown_douglas	1626805653672	1626805653820	147	OK
REQUEST	,S_803330745		1626805653299	1626805653990	OK	 
REQUEST	,S_803330745	MemberId:803330745	1626805653991	1626805654336	OK	 
GROUP	,S_803330745	1626805653206	1626805654336	1129	OK
REQUEST	,DrillDown_roger	70075	1626805654342	1626805654461	OK	 
GROUP	,DrillDown_roger	1626805654342	1626805654461	119	OK
GROUP		1626805497020	1626805655505	38353	OK
USER	Users_1	END	1626805655505
REQUEST	,DrillDown_smith	70214	1626805655547	1626805655680	OK	 
GROUP	,DrillDown_smith	1626805655546	1626805655680	133	OK
GROUP		1626805494022	1626805656766	33922	OK
USER	Users_1	END	1626805656766
GROUP		1626805498019	1626805657098	33854	OK
USER	Users_1	END	1626805657099
REQUEST	,DrillDown_thomas	69195	1626805657364	1626805657529	OK	 
GROUP	,DrillDown_thomas	1626805657364	1626805657529	165	OK
GROUP		1626805500022	1626805658797	41896	OK
USER	Users_1	END	1626805658797
REQUEST	,SearchByActiveMember	Select_SearchByActiveMember	1626805658688	1626805659107	OK	 
GROUP	,SearchByActiveMember	1626805658688	1626805659107	419	OK
REQUEST	,SearchName_baker	Search_1	1626805662018	1626805662199	OK	 
REQUEST	,SearchName_baker	Search_1203330606	1626805662200	1626805662666	OK	 
GROUP	,SearchName_baker	1626805662017	1626805662667	647	OK
REQUEST	,S_1203330606	Select_baker	1626805665798	1626805665900	OK	 
REQUEST	,S_1203330606		1626805665900	1626805668465	OK	 
REQUEST	,S_1203330606	MemberId:1203330606	1626805668465	1626805668872	OK	 
GROUP	,S_1203330606	1626805665798	1626805668872	3074	OK
REQUEST	,DrillDown_baker	68633	1626805673006	1626805673458	OK	 
GROUP	,DrillDown_baker	1626805673005	1626805673458	452	OK
GROUP		1626805496018	1626805677232	43380	OK
USER	Users_1	END	1626805677233
