RUN	Optum.Framework.OptumSim	optumsim	1621614908478	 	3.5.1
USER	Users_1	START	1621614909901
REQUEST	Scen_1,Login	BasePage	1621614909918	1621614910215	OK	 
REQUEST	Scen_1,Login	BasePage_1	1621614910238	1621614910315	OK	 
REQUEST	Scen_1,Login	BasePage_2	1621614910321	1621614910386	OK	 
REQUEST	Scen_1,Login	BasePage_3	1621614910388	1621614910453	OK	 
REQUEST	Scen_1,Login	BasePage_4	1621614910454	1621614910521	OK	 
REQUEST	Scen_1,Login	BasePage_5	1621614910523	1621614912354	OK	 
GROUP	Scen_1,Login	1621614909904	1621614912356	2402	OK
REQUEST	Scen_1,SearchByActiveMember	Select_SearchByActiveMember	1621614913367	1621614913478	OK	 
GROUP	Scen_1,SearchByActiveMember	1621614913366	1621614913479	111	OK
USER	Users_1	START	1621614914897
REQUEST	Scen_1,Login	BasePage	1621614914898	1621614915157	OK	 
REQUEST	Scen_1,SearchName_douglas	Search_1	1621614914635	1621614915165	OK	 
REQUEST	Scen_1,Login	BasePage_1	1621614915158	1621614915228	OK	 
REQUEST	Scen_1,Login	BasePage_2	1621614915229	1621614915294	OK	 
REQUEST	Scen_1,Login	BasePage_3	1621614915295	1621614915358	OK	 
REQUEST	Scen_1,Login	BasePage_4	1621614915359	1621614915427	OK	 
REQUEST	Scen_1,SearchName_douglas	Search_2003330312	1621614915170	1621614915833	OK	 
GROUP	Scen_1,SearchName_douglas	1621614914631	1621614915834	1193	OK
REQUEST	Scen_1,Login	BasePage_5	1621614915428	1621614917205	OK	 
GROUP	Scen_1,Login	1621614914897	1621614917206	2302	OK
REQUEST	Scen_1,S_2003330312	Select_douglas	1621614917310	1621614917405	OK	 
REQUEST	Scen_1,SearchByActiveMember	Select_SearchByActiveMember	1621614918211	1621614918323	OK	 
GROUP	Scen_1,SearchByActiveMember	1621614918210	1621614918324	112	OK
REQUEST	Scen_1,S_2003330312	request_1	1621614917407	1621614919639	OK	 
REQUEST	Scen_1,SearchName_thomas	Search_1	1621614919409	1621614922698	OK	 
REQUEST	Scen_1,SearchName_thomas	Search_1503326775	1621614922701	1621614925356	OK	 
GROUP	Scen_1,SearchName_thomas	1621614919408	1621614925357	5944	OK
REQUEST	Scen_1,S_2003330312	request_2003330312	1621614919641	1621614925771	OK	 
GROUP	Scen_1,S_2003330312	1621614917309	1621614925772	8457	OK
REQUEST	Scen_1,S_1503326775	Select_thomas	1621614927299	1621614927381	OK	 
REQUEST	Scen_1,DrillDown_douglas	64881	1621614927252	1621614927691	OK	 
GROUP	Scen_1,DrillDown_douglas	1621614927250	1621614927692	439	OK
REQUEST	Scen_1,SearchByActiveMember	Select_SearchByActiveMember	1621614929171	1621614929288	OK	 
GROUP	Scen_1,SearchByActiveMember	1621614929170	1621614929289	117	OK
REQUEST	Scen_1,S_1503326775	request_1	1621614927382	1621614930376	OK	 
REQUEST	Scen_1,SearchName_smith	Search_1	1621614930805	1621614933129	OK	 
REQUEST	Scen_1,SearchName_smith	Search_2003327496	1621614933131	1621614935701	OK	 
GROUP	Scen_1,SearchName_smith	1621614930804	1621614935702	4894	OK
REQUEST	Scen_1,S_1503326775	request_1503326775	1621614930378	1621614936110	OK	 
GROUP	Scen_1,S_1503326775	1621614927298	1621614936111	8808	OK
REQUEST	Scen_1,S_2003327496	Select_smith	1621614937131	1621614937216	OK	 
REQUEST	Scen_1,DrillDown_thomas	68055	1621614938063	1621614938183	OK	 
GROUP	Scen_1,DrillDown_thomas	1621614938062	1621614938184	120	OK
REQUEST	Scen_1,S_2003327496	request_1	1621614937217	1621614939487	OK	 
REQUEST	Scen_1,SearchByActiveMember	Select_SearchByActiveMember	1621614940009	1621614940248	OK	 
GROUP	Scen_1,SearchByActiveMember	1621614940008	1621614940249	239	OK
REQUEST	Scen_1,SearchName_roger	Search_1	1621614941963	1621614945019	OK	 
REQUEST	Scen_1,S_2003327496	request_2003327496	1621614939489	1621614945052	OK	 
GROUP	Scen_1,S_2003327496	1621614937130	1621614945053	7918	OK
REQUEST	Scen_1,SearchName_roger	Search_403328329	1621614945020	1621614946136	OK	 
GROUP	Scen_1,SearchName_roger	1621614941962	1621614946137	4172	OK
REQUEST	Scen_1,DrillDown_smith	67992	1621614946390	1621614946775	OK	 
GROUP	Scen_1,DrillDown_smith	1621614946389	1621614946776	385	OK
REQUEST	Scen_1,S_403328329	Select_roger	1621614947770	1621614948056	OK	 
REQUEST	Scen_1,SearchByActiveMember	Select_SearchByActiveMember	1621614948387	1621614948508	OK	 
GROUP	Scen_1,SearchByActiveMember	1621614948386	1621614948509	121	OK
REQUEST	Scen_1,S_403328329	request_1	1621614948057	1621614949317	OK	 
REQUEST	Scen_1,SearchName_baker	Search_1	1621614949656	1621614951164	OK	 
REQUEST	Scen_1,SearchName_baker	Search_1803327625	1621614951165	1621614952598	OK	 
GROUP	Scen_1,SearchName_baker	1621614949655	1621614952599	2941	OK
REQUEST	Scen_1,S_403328329	request_403328329	1621614949318	1621614953725	OK	 
GROUP	Scen_1,S_403328329	1621614947769	1621614953726	5953	OK
REQUEST	Scen_1,S_1803327625	Select_baker	1621614953969	1621614954052	OK	 
REQUEST	Scen_1,S_1803327625	request_1	1621614954054	1621614954373	OK	 
REQUEST	Scen_1,DrillDown_roger	63702	1621614954973	1621614956180	OK	 
GROUP	Scen_1,DrillDown_roger	1621614954972	1621614956181	1207	OK
REQUEST	Scen_1,S_1803327625	request_1803327625	1621614954374	1621614956795	OK	 
GROUP	Scen_1,S_1803327625	1621614953968	1621614956796	2823	OK
REQUEST	Scen_1,SearchByActiveMember	Select_SearchByActiveMember	1621614957931	1621614958116	OK	 
GROUP	Scen_1,SearchByActiveMember	1621614957930	1621614958117	185	OK
REQUEST	Scen_1,DrillDown_baker	68321	1621614958220	1621614958430	OK	 
GROUP	Scen_1,DrillDown_baker	1621614958219	1621614958431	210	OK
REQUEST	Scen_1,SearchName_douglas	Search_1	1621614959258	1621614959756	OK	 
REQUEST	Scen_1,SearchByActiveMember	Select_SearchByActiveMember	1621614959657	1621614959816	OK	 
GROUP	Scen_1,SearchByActiveMember	1621614959656	1621614959816	159	OK
REQUEST	Scen_1,SearchName_douglas	Search_2003330312	1621614959757	1621614960892	OK	 
GROUP	Scen_1,SearchName_douglas	1621614959257	1621614960892	1633	OK
REQUEST	Scen_1,S_2003330312	Select_douglas	1621614962187	1621614962297	OK	 
REQUEST	Scen_1,SearchName_thomas	Search_1	1621614961566	1621614963179	OK	 
REQUEST	Scen_1,SearchName_thomas	Search_1503326775	1621614963180	1621614964783	OK	 
GROUP	Scen_1,SearchName_thomas	1621614961565	1621614964784	3216	OK
REQUEST	Scen_1,S_2003330312	request_1	1621614962298	1621614965090	OK	 
REQUEST	Scen_1,S_1503326775	Select_thomas	1621614966396	1621614966512	OK	 
REQUEST	Scen_1,S_2003330312	request_2003330312	1621614965091	1621614968056	OK	 
GROUP	Scen_1,S_2003330312	1621614962186	1621614968057	5867	OK
REQUEST	Scen_1,S_1503326775	request_1	1621614966513	1621614968674	OK	 
REQUEST	Scen_1,DrillDown_douglas	64881	1621614970045	1621614971151	OK	 
GROUP	Scen_1,DrillDown_douglas	1621614970044	1621614971152	1106	OK
REQUEST	Scen_1,S_1503326775	request_1503326775	1621614968675	1621614971950	OK	 
GROUP	Scen_1,S_1503326775	1621614966395	1621614971951	5552	OK
REQUEST	Scen_1,SearchByActiveMember	Select_SearchByActiveMember	1621614972591	1621614972735	OK	 
GROUP	Scen_1,SearchByActiveMember	1621614972590	1621614972735	144	OK
REQUEST	Scen_1,DrillDown_thomas	68055	1621614973857	1621614974408	OK	 
GROUP	Scen_1,DrillDown_thomas	1621614973856	1621614974409	551	OK
REQUEST	Scen_1,SearchName_smith	Search_1	1621614973868	1621614975024	OK	 
REQUEST	Scen_1,SearchByActiveMember	Select_SearchByActiveMember	1621614976081	1621614976559	OK	 
REQUEST	Scen_1,SearchName_smith	Search_2003327496	1621614975025	1621614976559	OK	 
GROUP	Scen_1,SearchName_smith	1621614973867	1621614976560	2690	OK
GROUP	Scen_1,SearchByActiveMember	1621614976080	1621614976560	478	OK
REQUEST	Scen_1,S_2003327496	Select_smith	1621614978327	1621614978494	OK	 
REQUEST	Scen_1,SearchName_roger	Search_1	1621614978544	1621614979836	OK	 
REQUEST	Scen_1,S_2003327496	request_1	1621614978496	1621614981167	OK	 
REQUEST	Scen_1,SearchName_roger	Search_403328329	1621614979837	1621614982907	OK	 
GROUP	Scen_1,SearchName_roger	1621614978543	1621614982908	4362	OK
REQUEST	Scen_1,S_403328329	Select_roger	1621614984759	1621614984933	OK	 
REQUEST	Scen_1,S_403328329	request_1	1621614984934	1621614985775	OK	 
REQUEST	Scen_1,S_2003327496	request_2003327496	1621614981169	1621614988640	OK	 
GROUP	Scen_1,S_2003327496	1621614978326	1621614988642	10309	OK
REQUEST	Scen_1,DrillDown_smith	67992	1621614990594	1621614991309	OK	 
GROUP	Scen_1,DrillDown_smith	1621614990593	1621614991309	715	OK
REQUEST	Scen_1,S_403328329	request_403328329	1621614985776	1621614991612	OK	 
GROUP	Scen_1,S_403328329	1621614984758	1621614991613	6851	OK
REQUEST	Scen_1,SearchByActiveMember	Select_SearchByActiveMember	1621614992935	1621614993353	OK	 
GROUP	Scen_1,SearchByActiveMember	1621614992935	1621614993354	418	OK
REQUEST	Scen_1,DrillDown_roger	63702	1621614993554	1621614994017	OK	 
GROUP	Scen_1,DrillDown_roger	1621614993553	1621614994017	463	OK
REQUEST	Scen_1,SearchByActiveMember	Select_SearchByActiveMember	1621614995111	1621614995312	OK	 
GROUP	Scen_1,SearchByActiveMember	1621614995110	1621614995313	201	OK
REQUEST	Scen_1,SearchName_baker	Search_1	1621614994725	1621614995811	OK	 
REQUEST	Scen_1,SearchName_baker	Search_1803327625	1621614995812	1621614996834	OK	 
GROUP	Scen_1,SearchName_baker	1621614994724	1621614996835	2108	OK
REQUEST	Scen_1,SearchName_douglas	Search_1	1621614996838	1621614998209	OK	 
REQUEST	Scen_1,S_1803327625	Select_baker	1621614997916	1621614998260	OK	 
REQUEST	Scen_1,S_1803327625	request_1	1621614998261	1621614998564	OK	 
REQUEST	Scen_1,SearchName_douglas	Search_2003330312	1621614998211	1621614999906	OK	 
GROUP	Scen_1,SearchName_douglas	1621614996837	1621614999907	3066	OK
REQUEST	Scen_1,S_2003330312	Select_douglas	1621615001468	1621615001639	OK	 
REQUEST	Scen_1,S_2003330312	request_1	1621615001640	1621615003899	OK	 
REQUEST	Scen_1,S_1803327625	request_1803327625	1621614998566	1621615005348	OK	 
GROUP	Scen_1,S_1803327625	1621614997915	1621615005348	7429	OK
REQUEST	Scen_1,DrillDown_baker	68321	1621615007183	1621615007692	OK	 
GROUP	Scen_1,DrillDown_baker	1621615007182	1621615007693	509	OK
REQUEST	Scen_1,S_2003330312	request_2003330312	1621615003900	1621615009166	OK	 
GROUP	Scen_1,S_2003330312	1621615001467	1621615009166	7696	OK
REQUEST	Scen_1,SearchByActiveMember	Select_SearchByActiveMember	1621615008830	1621615009196	OK	 
GROUP	Scen_1,SearchByActiveMember	1621615008830	1621615009196	366	OK
REQUEST	Scen_1,DrillDown_douglas	64881	1621615010717	1621615011043	OK	 
GROUP	Scen_1,DrillDown_douglas	1621615010716	1621615011044	326	OK
REQUEST	Scen_1,SearchName_thomas	Search_1	1621615011031	1621615012605	OK	 
REQUEST	Scen_1,SearchByActiveMember	Select_SearchByActiveMember	1621615012240	1621615012680	OK	 
GROUP	Scen_1,SearchByActiveMember	1621615012239	1621615012681	440	OK
REQUEST	Scen_1,SearchName_thomas	Search_1503326775	1621615012606	1621615014549	OK	 
GROUP	Scen_1,SearchName_thomas	1621615011030	1621615014550	3517	OK
REQUEST	Scen_1,SearchName_smith	Search_1	1621615013720	1621615015979	OK	 
REQUEST	Scen_1,S_1503326775	Select_thomas	1621615016352	1621615016477	OK	 
REQUEST	Scen_1,SearchName_smith	Search_2003327496	1621615015980	1621615017258	OK	 
GROUP	Scen_1,SearchName_smith	1621615013720	1621615017259	3537	OK
REQUEST	Scen_1,S_2003327496	Select_smith	1621615018887	1621615019212	OK	 
REQUEST	Scen_1,S_1503326775	request_1	1621615016478	1621615019288	OK	 
REQUEST	Scen_1,S_2003327496	request_1	1621615019213	1621615021295	OK	 
REQUEST	Scen_1,S_1503326775	request_1503326775	1621615019289	1621615027347	OK	 
GROUP	Scen_1,S_1503326775	1621615016351	1621615027348	10993	OK
REQUEST	Scen_1,S_2003327496	request_2003327496	1621615021296	1621615029581	OK	 
GROUP	Scen_1,S_2003327496	1621615018887	1621615029582	10692	OK
REQUEST	Scen_1,DrillDown_thomas	68055	1621615029319	1621615030012	OK	 
GROUP	Scen_1,DrillDown_thomas	1621615029318	1621615030012	693	OK
REQUEST	Scen_1,DrillDown_smith	67992	1621615031388	1621615031524	OK	 
GROUP	Scen_1,DrillDown_smith	1621615031388	1621615031524	136	OK
REQUEST	Scen_1,SearchByActiveMember	Select_SearchByActiveMember	1621615031519	1621615031668	OK	 
GROUP	Scen_1,SearchByActiveMember	1621615031518	1621615031668	149	OK
REQUEST	Scen_1,SearchByActiveMember	Select_SearchByActiveMember	1621615032834	1621615033260	OK	 
GROUP	Scen_1,SearchByActiveMember	1621615032833	1621615033261	426	OK
REQUEST	Scen_1,SearchName_roger	Search_1	1621615033512	1621615034620	OK	 
REQUEST	Scen_1,SearchName_baker	Search_1	1621615034971	1621615036053	OK	 
REQUEST	Scen_1,SearchName_roger	Search_403328329	1621615034621	1621615036104	OK	 
GROUP	Scen_1,SearchName_roger	1621615033511	1621615036104	2591	OK
REQUEST	Scen_1,SearchName_baker	Search_1803327625	1621615036054	1621615036562	OK	 
GROUP	Scen_1,SearchName_baker	1621615034970	1621615036563	1590	OK
REQUEST	Scen_1,S_403328329	Select_roger	1621615037178	1621615037262	OK	 
REQUEST	Scen_1,S_403328329	request_1	1621615037264	1621615038195	OK	 
REQUEST	Scen_1,S_1803327625	Select_baker	1621615038184	1621615038266	OK	 
REQUEST	Scen_1,S_1803327625	request_1	1621615038267	1621615039227	OK	 
REQUEST	Scen_1,S_403328329	request_403328329	1621615038196	1621615043321	OK	 
GROUP	Scen_1,S_403328329	1621615037177	1621615043322	6140	OK
REQUEST	Scen_1,S_1803327625	request_1803327625	1621615039227	1621615044245	OK	 
GROUP	Scen_1,S_1803327625	1621615038184	1621615044246	6060	OK
REQUEST	Scen_1,DrillDown_roger	63702	1621615044616	1621615044964	OK	 
GROUP	Scen_1,DrillDown_roger	1621615044615	1621615044964	348	OK
REQUEST	Scen_1,DrillDown_baker	68321	1621615045464	1621615045660	OK	 
GROUP	Scen_1,DrillDown_baker	1621615045463	1621615045660	196	OK
REQUEST	Scen_1,SearchByActiveMember	Select_SearchByActiveMember	1621615046825	1621615047727	OK	 
REQUEST	Scen_1,SearchByActiveMember	Select_SearchByActiveMember	1621615046920	1621615047727	OK	 
GROUP	Scen_1,SearchByActiveMember	1621615046824	1621615047727	902	OK
GROUP	Scen_1,SearchByActiveMember	1621615046919	1621615047727	807	OK
REQUEST	Scen_1,SearchName_douglas	Search_1	1621615048779	1621615049465	OK	 
REQUEST	Scen_1,SearchName_douglas	Search_2003330312	1621615049466	1621615050698	OK	 
GROUP	Scen_1,SearchName_douglas	1621615048778	1621615050698	1918	OK
REQUEST	Scen_1,SearchName_thomas	Search_1	1621615049100	1621615050774	OK	 
REQUEST	Scen_1,SearchName_thomas	Search_1503326775	1621615050775	1621615051722	OK	 
GROUP	Scen_1,SearchName_thomas	1621615049099	1621615051722	2621	OK
REQUEST	Scen_1,S_2003330312	Select_douglas	1621615052382	1621615052674	OK	 
REQUEST	Scen_1,S_1503326775	Select_thomas	1621615053159	1621615053252	OK	 
REQUEST	Scen_1,S_2003330312	request_1	1621615052675	1621615054894	OK	 
REQUEST	Scen_1,S_1503326775	request_1	1621615053254	1621615055714	OK	 
REQUEST	Scen_1,S_2003330312	request_2003330312	1621615054896	1621615060938	OK	 
GROUP	Scen_1,S_2003330312	1621615052381	1621615060939	8553	OK
REQUEST	Scen_1,S_1503326775	request_1503326775	1621615055715	1621615061859	OK	 
GROUP	Scen_1,S_1503326775	1621615053159	1621615061860	8697	OK
REQUEST	Scen_1,DrillDown_douglas	64881	1621615062767	1621615062961	OK	 
GROUP	Scen_1,DrillDown_douglas	1621615062767	1621615062961	194	OK
REQUEST	Scen_1,DrillDown_thomas	68055	1621615063523	1621615063650	OK	 
GROUP	Scen_1,DrillDown_thomas	1621615063522	1621615063651	127	OK
REQUEST	Scen_1,SearchByActiveMember	Select_SearchByActiveMember	1621615064764	1621615065131	OK	 
GROUP	Scen_1,SearchByActiveMember	1621615064764	1621615065131	367	OK
REQUEST	Scen_1,SearchByActiveMember	Select_SearchByActiveMember	1621615064757	1621615065143	OK	 
GROUP	Scen_1,SearchByActiveMember	1621615064757	1621615065144	386	OK
REQUEST	Scen_1,SearchName_roger	Search_1	1621615066240	1621615068617	OK	 
REQUEST	Scen_1,SearchName_smith	Search_1	1621615066942	1621615068649	OK	 
REQUEST	Scen_1,SearchName_roger	Search_403328329	1621615068618	1621615070154	OK	 
GROUP	Scen_1,SearchName_roger	1621615066239	1621615070155	3913	OK
REQUEST	Scen_1,SearchName_smith	Search_2003327496	1621615068651	1621615070461	OK	 
GROUP	Scen_1,SearchName_smith	1621615066941	1621615070461	3517	OK
REQUEST	Scen_1,S_403328329	Select_roger	1621615071386	1621615071475	OK	 
REQUEST	Scen_1,S_2003327496	Select_smith	1621615071830	1621615071913	OK	 
REQUEST	Scen_1,S_403328329	request_1	1621615071476	1621615072096	OK	 
REQUEST	Scen_1,S_2003327496	request_1	1621615071914	1621615074348	OK	 
REQUEST	Scen_1,S_403328329	request_403328329	1621615072097	1621615075384	OK	 
GROUP	Scen_1,S_403328329	1621615071386	1621615075385	3996	OK
REQUEST	Scen_1,S_2003327496	request_2003327496	1621615074349	1621615076916	OK	 
GROUP	Scen_1,S_2003327496	1621615071829	1621615076917	5084	OK
REQUEST	Scen_1,DrillDown_roger	63702	1621615076823	1621615077011	OK	 
GROUP	Scen_1,DrillDown_roger	1621615076822	1621615077012	188	OK
REQUEST	Scen_1,DrillDown_smith	67992	1621615078157	1621615078276	OK	 
GROUP	Scen_1,DrillDown_smith	1621615078156	1621615078277	119	OK
GROUP	Scen_1	1621614909904	1621615078766	108725	OK
REQUEST	Scen_1,Login	BasePage	1621615078767	1621615078840	OK	 
REQUEST	Scen_1,Login	BasePage_1	1621615078841	1621615078908	OK	 
REQUEST	Scen_1,Login	BasePage_2	1621615078909	1621615078973	OK	 
REQUEST	Scen_1,Login	BasePage_3	1621615078974	1621615079038	OK	 
REQUEST	Scen_1,Login	BasePage_4	1621615079039	1621615079105	OK	 
REQUEST	Scen_1,SearchByActiveMember	Select_SearchByActiveMember	1621615080067	1621615080235	OK	 
GROUP	Scen_1,SearchByActiveMember	1621615080067	1621615080236	168	OK
REQUEST	Scen_1,Login	BasePage_5	1621615079106	1621615081563	OK	 
GROUP	Scen_1,Login	1621615078766	1621615081563	2791	OK
REQUEST	Scen_1,SearchName_baker	Search_1	1621615081526	1621615082625	OK	 
REQUEST	Scen_1,SearchByActiveMember	Select_SearchByActiveMember	1621615082570	1621615082904	OK	 
GROUP	Scen_1,SearchByActiveMember	1621615082570	1621615082905	334	OK
REQUEST	Scen_1,SearchName_baker	Search_1803327625	1621615082627	1621615083263	OK	 
GROUP	Scen_1,SearchName_baker	1621615081525	1621615083264	1735	OK
REQUEST	Scen_1,SearchName_douglas	Search_1	1621615084132	1621615085017	OK	 
REQUEST	Scen_1,S_1803327625	Select_baker	1621615085086	1621615085377	OK	 
REQUEST	Scen_1,S_1803327625	request_1	1621615085378	1621615085740	OK	 
REQUEST	Scen_1,SearchName_douglas	Search_2003330312	1621615085018	1621615085740	OK	 
GROUP	Scen_1,SearchName_douglas	1621615084131	1621615085741	1607	OK
REQUEST	Scen_1,S_2003330312	Select_douglas	1621615087243	1621615087403	OK	 
REQUEST	Scen_1,S_1803327625	request_1803327625	1621615085741	1621615089507	OK	 
GROUP	Scen_1,S_1803327625	1621615085085	1621615089508	4419	OK
REQUEST	Scen_1,S_2003330312	request_1	1621615087404	1621615090324	OK	 
REQUEST	Scen_1,DrillDown_baker	68321	1621615090550	1621615091248	OK	 
GROUP	Scen_1,DrillDown_baker	1621615090549	1621615091249	698	OK
GROUP	Scen_1	1621614914897	1621615092756	114460	OK
REQUEST	Scen_1,Login	BasePage	1621615092757	1621615093035	OK	 
REQUEST	Scen_1,Login	BasePage_1	1621615093036	1621615093105	OK	 
REQUEST	Scen_1,Login	BasePage_2	1621615093106	1621615093171	OK	 
REQUEST	Scen_1,Login	BasePage_3	1621615093172	1621615093238	OK	 
REQUEST	Scen_1,Login	BasePage_4	1621615093239	1621615093305	OK	 
REQUEST	Scen_1,S_2003330312	request_2003330312	1621615090325	1621615094009	OK	 
GROUP	Scen_1,S_2003330312	1621615087242	1621615094009	6764	OK
REQUEST	Scen_1,Login	BasePage_5	1621615093306	1621615095265	OK	 
GROUP	Scen_1,Login	1621615092757	1621615095265	2503	OK
REQUEST	Scen_1,DrillDown_douglas	64881	1621615095769	1621615096165	OK	 
GROUP	Scen_1,DrillDown_douglas	1621615095768	1621615096165	396	OK
REQUEST	Scen_1,SearchByActiveMember	Select_SearchByActiveMember	1621615096268	1621615096374	OK	 
GROUP	Scen_1,SearchByActiveMember	1621615096267	1621615096375	106	OK
REQUEST	Scen_1,SearchByActiveMember	Select_SearchByActiveMember	1621615097877	1621615098310	OK	 
GROUP	Scen_1,SearchByActiveMember	1621615097877	1621615098311	433	OK
REQUEST	Scen_1,SearchName_thomas	Search_1	1621615097811	1621615099415	OK	 
REQUEST	Scen_1,SearchName_thomas	Search_1503326775	1621615099417	1621615101898	OK	 
GROUP	Scen_1,SearchName_thomas	1621615097810	1621615101899	4085	OK
REQUEST	Scen_1,SearchName_smith	Search_1	1621615099676	1621615102205	OK	 
REQUEST	Scen_1,S_1503326775	Select_thomas	1621615103622	1621615103984	OK	 
REQUEST	Scen_1,SearchName_smith	Search_2003327496	1621615102206	1621615104131	OK	 
GROUP	Scen_1,SearchName_smith	1621615099675	1621615104132	4454	OK
REQUEST	Scen_1,S_2003327496	Select_smith	1621615105575	1621615105794	OK	 
REQUEST	Scen_1,S_1503326775	request_1	1621615103985	1621615106402	OK	 
REQUEST	Scen_1,S_2003327496	request_1	1621615105795	1621615108448	OK	 
REQUEST	Scen_1,S_1503326775	request_1503326775	1621615106403	1621615110535	OK	 
GROUP	Scen_1,S_1503326775	1621615103622	1621615110536	6911	OK
REQUEST	Scen_1,S_2003327496	request_2003327496	1621615108449	1621615112241	OK	 
REQUEST	Scen_1,DrillDown_thomas	68055	1621615111655	1621615112241	OK	 
GROUP	Scen_1,S_2003327496	1621615105574	1621615112242	6664	OK
GROUP	Scen_1,DrillDown_thomas	1621615111654	1621615112242	586	OK
REQUEST	Scen_1,DrillDown_smith	67992	1621615113544	1621615113655	OK	 
GROUP	Scen_1,DrillDown_smith	1621615113543	1621615113656	111	OK
REQUEST	Scen_1,SearchByActiveMember	Select_SearchByActiveMember	1621615113854	1621615114034	OK	 
GROUP	Scen_1,SearchByActiveMember	1621615113854	1621615114034	180	OK
REQUEST	Scen_1,SearchByActiveMember	Select_SearchByActiveMember	1621615114958	1621615115221	OK	 
GROUP	Scen_1,SearchByActiveMember	1621615114957	1621615115221	263	OK
REQUEST	Scen_1,SearchName_roger	Search_1	1621615115417	1621615116540	OK	 
REQUEST	Scen_1,SearchName_roger	Search_403328329	1621615116542	1621615117667	OK	 
GROUP	Scen_1,SearchName_roger	1621615115416	1621615117667	2248	OK
REQUEST	Scen_1,SearchName_baker	Search_1	1621615116737	1621615117716	OK	 
REQUEST	Scen_1,SearchName_baker	Search_1803327625	1621615117717	1621615118278	OK	 
GROUP	Scen_1,SearchName_baker	1621615116736	1621615118278	1540	OK
REQUEST	Scen_1,S_403328329	Select_roger	1621615118993	1621615119077	OK	 
REQUEST	Scen_1,S_403328329	request_1	1621615119078	1621615120182	OK	 
REQUEST	Scen_1,S_1803327625	Select_baker	1621615119983	1621615120241	OK	 
REQUEST	Scen_1,S_1803327625	request_1	1621615120242	1621615121251	OK	 
REQUEST	Scen_1,S_403328329	request_403328329	1621615120183	1621615126388	OK	 
GROUP	Scen_1,S_403328329	1621615118992	1621615126389	7393	OK
REQUEST	Scen_1,S_1803327625	request_1803327625	1621615121252	1621615126985	OK	 
GROUP	Scen_1,S_1803327625	1621615119982	1621615126985	7000	OK
REQUEST	Scen_1,DrillDown_roger	63702	1621615128133	1621615128312	OK	 
GROUP	Scen_1,DrillDown_roger	1621615128132	1621615128313	179	OK
REQUEST	Scen_1,DrillDown_baker	68321	1621615128455	1621615128580	OK	 
GROUP	Scen_1,DrillDown_baker	1621615128454	1621615128581	125	OK
REQUEST	Scen_1,SearchByActiveMember	Select_SearchByActiveMember	1621615129752	1621615129914	OK	 
GROUP	Scen_1,SearchByActiveMember	1621615129752	1621615129914	162	OK
REQUEST	Scen_1,SearchByActiveMember	Select_SearchByActiveMember	1621615129988	1621615130242	OK	 
GROUP	Scen_1,SearchByActiveMember	1621615129987	1621615130243	254	OK
REQUEST	Scen_1,SearchName_douglas	Search_1	1621615131392	1621615132410	OK	 
REQUEST	Scen_1,SearchName_douglas	Search_2003330312	1621615132411	1621615133617	OK	 
GROUP	Scen_1,SearchName_douglas	1621615131391	1621615133618	2224	OK
REQUEST	Scen_1,SearchName_thomas	Search_1	1621615131859	1621615134051	OK	 
REQUEST	Scen_1,S_2003330312	Select_douglas	1621615134754	1621615134917	OK	 
REQUEST	Scen_1,SearchName_thomas	Search_1503326775	1621615134052	1621615135382	OK	 
GROUP	Scen_1,SearchName_thomas	1621615131859	1621615135382	3522	OK
REQUEST	Scen_1,S_1503326775	Select_thomas	1621615137292	1621615137464	OK	 
REQUEST	Scen_1,S_2003330312	request_1	1621615134918	1621615137841	OK	 
REQUEST	Scen_1,S_1503326775	request_1	1621615137465	1621615140093	OK	 
REQUEST	Scen_1,S_2003330312	request_2003330312	1621615137842	1621615142960	OK	 
GROUP	Scen_1,S_2003330312	1621615134753	1621615142961	8204	OK
REQUEST	Scen_1,S_1503326775	request_1503326775	1621615140093	1621615144805	OK	 
GROUP	Scen_1,S_1503326775	1621615137292	1621615144805	7512	OK
REQUEST	Scen_1,DrillDown_douglas	64881	1621615144257	1621615144805	OK	 
GROUP	Scen_1,DrillDown_douglas	1621615144256	1621615144805	548	OK
REQUEST	Scen_1,SearchByActiveMember	Select_SearchByActiveMember	1621615146061	1621615146242	OK	 
GROUP	Scen_1,SearchByActiveMember	1621615146060	1621615146243	181	OK
REQUEST	Scen_1,DrillDown_thomas	68055	1621615145970	1621615146648	OK	 
GROUP	Scen_1,DrillDown_thomas	1621615145969	1621615146649	678	OK
REQUEST	Scen_1,SearchByActiveMember	Select_SearchByActiveMember	1621615148353	1621615148718	OK	 
GROUP	Scen_1,SearchByActiveMember	1621615148353	1621615148719	365	OK
REQUEST	Scen_1,SearchName_smith	Search_1	1621615147999	1621615149412	OK	 
REQUEST	Scen_1,SearchName_smith	Search_2003327496	1621615149413	1621615151766	OK	 
GROUP	Scen_1,SearchName_smith	1621615147998	1621615151767	3766	OK
REQUEST	Scen_1,SearchName_roger	Search_1	1621615150234	1621615152448	OK	 
REQUEST	Scen_1,S_2003327496	Select_smith	1621615153119	1621615153242	OK	 
REQUEST	Scen_1,SearchName_roger	Search_403328329	1621615152449	1621615153321	OK	 
GROUP	Scen_1,SearchName_roger	1621615150231	1621615153321	3086	OK
REQUEST	Scen_1,S_403328329	Select_roger	1621615154910	1621615154985	OK	 
REQUEST	Scen_1,S_2003327496	request_1	1621615153243	1621615155658	OK	 
REQUEST	Scen_1,S_403328329	request_1	1621615154986	1621615156272	OK	 
REQUEST	Scen_1,S_2003327496	request_2003327496	1621615155659	1621615160777	OK	 
GROUP	Scen_1,S_2003327496	1621615153119	1621615160778	7656	OK
REQUEST	Scen_1,S_403328329	request_403328329	1621615156273	1621615161392	OK	 
GROUP	Scen_1,S_403328329	1621615154909	1621615161393	6480	OK
REQUEST	Scen_1,DrillDown_smith	67992	1621615162657	1621615162815	OK	 
GROUP	Scen_1,DrillDown_smith	1621615162656	1621615162815	158	OK
REQUEST	Scen_1,DrillDown_roger	63702	1621615162750	1621615163724	OK	 
GROUP	Scen_1,DrillDown_roger	1621615162749	1621615163725	974	OK
REQUEST	Scen_1,SearchByActiveMember	Select_SearchByActiveMember	1621615164297	1621615164812	OK	 
GROUP	Scen_1,SearchByActiveMember	1621615164296	1621615164812	515	OK
REQUEST	Scen_1,SearchByActiveMember	Select_SearchByActiveMember	1621615165214	1621615165390	OK	 
GROUP	Scen_1,SearchByActiveMember	1621615165214	1621615165391	176	OK
REQUEST	Scen_1,SearchName_douglas	Search_1	1621615166670	1621615167946	OK	 
REQUEST	Scen_1,SearchName_baker	Search_1	1621615166717	1621615167946	OK	 
REQUEST	Scen_1,SearchName_douglas	Search_2003330312	1621615167947	1621615169144	OK	 
GROUP	Scen_1,SearchName_douglas	1621615166669	1621615169144	2473	OK
REQUEST	Scen_1,SearchName_baker	Search_1803327625	1621615167947	1621615169164	OK	 
GROUP	Scen_1,SearchName_baker	1621615166716	1621615169164	2446	OK
REQUEST	Scen_1,S_2003330312	Select_douglas	1621615170740	1621615170880	OK	 
REQUEST	Scen_1,S_1803327625	Select_baker	1621615170969	1621615171043	OK	 
REQUEST	Scen_1,S_1803327625	request_1	1621615171044	1621615171424	OK	 
REQUEST	Scen_1,S_2003330312	request_1	1621615170880	1621615173475	OK	 
REQUEST	Scen_1,S_1803327625	request_1803327625	1621615171425	1621615175626	OK	 
GROUP	Scen_1,S_1803327625	1621615170968	1621615175627	4655	OK
REQUEST	Scen_1,S_2003330312	request_2003330312	1621615173476	1621615178084	OK	 
GROUP	Scen_1,S_2003330312	1621615170739	1621615178085	7343	OK
REQUEST	Scen_1,DrillDown_baker	68321	1621615177536	1621615178085	OK	 
GROUP	Scen_1,DrillDown_baker	1621615177536	1621615178086	549	OK
REQUEST	Scen_1,DrillDown_douglas	64881	1621615179500	1621615179970	OK	 
GROUP	Scen_1,DrillDown_douglas	1621615179499	1621615179970	470	OK
REQUEST	Scen_1,SearchByActiveMember	Select_SearchByActiveMember	1621615179649	1621615179988	OK	 
GROUP	Scen_1,SearchByActiveMember	1621615179648	1621615179989	339	OK
REQUEST	Scen_1,SearchByActiveMember	Select_SearchByActiveMember	1621615181212	1621615181673	OK	 
GROUP	Scen_1,SearchByActiveMember	1621615181211	1621615181674	461	OK
REQUEST	Scen_1,SearchName_thomas	Search_1	1621615181732	1621615183323	OK	 
REQUEST	Scen_1,SearchName_smith	Search_1	1621615183156	1621615185355	OK	 
REQUEST	Scen_1,SearchName_thomas	Search_1503326775	1621615183324	1621615185504	OK	 
GROUP	Scen_1,SearchName_thomas	1621615181731	1621615185504	3771	OK
REQUEST	Scen_1,SearchName_smith	Search_2003327496	1621615185356	1621615187298	OK	 
GROUP	Scen_1,SearchName_smith	1621615183155	1621615187299	4141	OK
REQUEST	Scen_1,S_1503326775	Select_thomas	1621615187010	1621615187328	OK	 
REQUEST	Scen_1,S_2003327496	Select_smith	1621615189154	1621615189240	OK	 
REQUEST	Scen_1,S_1503326775	request_1	1621615187329	1621615189962	OK	 
REQUEST	Scen_1,S_2003327496	request_1	1621615189241	1621615192014	OK	 
REQUEST	Scen_1,S_1503326775	request_1503326775	1621615189963	1621615193035	OK	 
GROUP	Scen_1,S_1503326775	1621615187009	1621615193036	6023	OK
REQUEST	Scen_1,S_2003327496	request_2003327496	1621615192015	1621615194571	OK	 
REQUEST	Scen_1,DrillDown_thomas	68055	1621615194161	1621615194571	OK	 
GROUP	Scen_1,S_2003327496	1621615189153	1621615194572	5415	OK
GROUP	Scen_1,DrillDown_thomas	1621615194160	1621615194572	410	OK
REQUEST	Scen_1,DrillDown_smith	67992	1621615195749	1621615195894	OK	 
GROUP	Scen_1,DrillDown_smith	1621615195749	1621615195895	145	OK
REQUEST	Scen_1,SearchByActiveMember	Select_SearchByActiveMember	1621615196013	1621615196167	OK	 
GROUP	Scen_1,SearchByActiveMember	1621615196012	1621615196167	154	OK
REQUEST	Scen_1,SearchByActiveMember	Select_SearchByActiveMember	1621615197554	1621615197691	OK	 
GROUP	Scen_1,SearchByActiveMember	1621615197553	1621615197691	137	OK
REQUEST	Scen_1,SearchName_roger	Search_1	1621615197680	1621615198666	OK	 
REQUEST	Scen_1,SearchName_baker	Search_1	1621615198791	1621615199997	OK	 
REQUEST	Scen_1,SearchName_roger	Search_403328329	1621615198667	1621615201328	OK	 
GROUP	Scen_1,SearchName_roger	1621615197679	1621615201328	3647	OK
REQUEST	Scen_1,SearchName_baker	Search_1803327625	1621615199998	1621615201530	OK	 
GROUP	Scen_1,SearchName_baker	1621615198790	1621615201530	2738	OK
REQUEST	Scen_1,S_403328329	Select_roger	1621615202670	1621615202815	OK	 
REQUEST	Scen_1,S_1803327625	Select_baker	1621615203248	1621615203324	OK	 
REQUEST	Scen_1,S_1803327625	request_1	1621615203325	1621615203785	OK	 
REQUEST	Scen_1,S_403328329	request_1	1621615202816	1621615203786	OK	 
REQUEST	Scen_1,S_403328329	request_403328329	1621615203786	1621615211261	OK	 
GROUP	Scen_1,S_403328329	1621615202670	1621615211262	8590	OK
REQUEST	Scen_1,S_1803327625	request_1803327625	1621615203786	1621615211261	OK	 
GROUP	Scen_1,S_1803327625	1621615203248	1621615211262	8011	OK
REQUEST	Scen_1,DrillDown_baker	68321	1621615212297	1621615212509	OK	 
GROUP	Scen_1,DrillDown_baker	1621615212296	1621615212509	212	OK
REQUEST	Scen_1,DrillDown_roger	63702	1621615212366	1621615212585	OK	 
GROUP	Scen_1,DrillDown_roger	1621615212366	1621615212586	219	OK
REQUEST	Scen_1,SearchByActiveMember	Select_SearchByActiveMember	1621615214262	1621615214453	OK	 
GROUP	Scen_1,SearchByActiveMember	1621615214262	1621615214454	191	OK
REQUEST	Scen_1,SearchByActiveMember	Select_SearchByActiveMember	1621615214411	1621615214591	OK	 
GROUP	Scen_1,SearchByActiveMember	1621615214410	1621615214591	180	OK
REQUEST	Scen_1,SearchName_douglas	Search_1	1621615215533	1621615216484	OK	 
REQUEST	Scen_1,SearchName_thomas	Search_1	1621615215733	1621615216839	OK	 
REQUEST	Scen_1,SearchName_douglas	Search_2003330312	1621615216484	1621615217139	OK	 
GROUP	Scen_1,SearchName_douglas	1621615215532	1621615217140	1606	OK
REQUEST	Scen_1,SearchName_thomas	Search_1503326775	1621615216840	1621615217917	OK	 
GROUP	Scen_1,SearchName_thomas	1621615215732	1621615217917	2183	OK
REQUEST	Scen_1,S_2003330312	Select_douglas	1621615218291	1621615218376	OK	 
REQUEST	Scen_1,S_1503326775	Select_thomas	1621615219016	1621615219101	OK	 
REQUEST	Scen_1,S_2003330312	request_1	1621615218377	1621615221603	OK	 
REQUEST	Scen_1,S_1503326775	request_1	1621615219101	1621615221911	OK	 
REQUEST	Scen_1,S_2003330312	request_2003330312	1621615221604	1621615226212	OK	 
GROUP	Scen_1,S_2003330312	1621615218291	1621615226212	7919	OK
REQUEST	Scen_1,S_1503326775	request_1503326775	1621615221912	1621615226519	OK	 
GROUP	Scen_1,S_1503326775	1621615219015	1621615226519	7502	OK
REQUEST	Scen_1,DrillDown_thomas	68055	1621615227603	1621615227760	OK	 
GROUP	Scen_1,DrillDown_thomas	1621615227602	1621615227761	157	OK
REQUEST	Scen_1,DrillDown_douglas	64881	1621615227737	1621615227946	OK	 
GROUP	Scen_1,DrillDown_douglas	1621615227737	1621615227947	209	OK
REQUEST	Scen_1,SearchByActiveMember	Select_SearchByActiveMember	1621615229327	1621615229883	OK	 
GROUP	Scen_1,SearchByActiveMember	1621615229327	1621615229883	556	OK
REQUEST	Scen_1,SearchByActiveMember	Select_SearchByActiveMember	1621615229861	1621615230054	OK	 
GROUP	Scen_1,SearchByActiveMember	1621615229861	1621615230054	193	OK
REQUEST	Scen_1,SearchName_smith	Search_1	1621615231274	1621615233585	OK	 
REQUEST	Scen_1,SearchName_roger	Search_1	1621615231664	1621615233992	OK	 
REQUEST	Scen_1,SearchName_smith	Search_2003327496	1621615233585	1621615235839	OK	 
GROUP	Scen_1,SearchName_smith	1621615231273	1621615235839	4565	OK
REQUEST	Scen_1,SearchName_roger	Search_403328329	1621615233993	1621615236145	OK	 
GROUP	Scen_1,SearchName_roger	1621615231663	1621615236145	4480	OK
REQUEST	Scen_1,S_2003327496	Select_smith	1621615237070	1621615237407	OK	 
REQUEST	Scen_1,S_403328329	Select_roger	1621615237943	1621615238231	OK	 
REQUEST	Scen_1,S_403328329	request_1	1621615238232	1621615238807	OK	 
REQUEST	Scen_1,S_2003327496	request_1	1621615237408	1621615240758	OK	 
REQUEST	Scen_1,S_403328329	request_403328329	1621615238808	1621615242187	OK	 
GROUP	Scen_1,S_403328329	1621615237942	1621615242188	4242	OK
REQUEST	Scen_1,S_2003327496	request_2003327496	1621615240759	1621615243620	OK	 
GROUP	Scen_1,S_2003327496	1621615237069	1621615243621	6548	OK
REQUEST	Scen_1,DrillDown_roger	63702	1621615244114	1621615244310	OK	 
GROUP	Scen_1,DrillDown_roger	1621615244113	1621615244311	196	OK
REQUEST	Scen_1,DrillDown_smith	67992	1621615244948	1621615245065	OK	 
GROUP	Scen_1,DrillDown_smith	1621615244948	1621615245066	117	OK
GROUP	Scen_1	1621615078766	1621615246217	105735	OK
REQUEST	Scen_1,Login	BasePage	1621615246217	1621615246283	OK	 
REQUEST	Scen_1,Login	BasePage_1	1621615246283	1621615246553	OK	 
REQUEST	Scen_1,Login	BasePage_2	1621615246554	1621615246619	OK	 
REQUEST	Scen_1,Login	BasePage_3	1621615246620	1621615246686	OK	 
REQUEST	Scen_1,Login	BasePage_4	1621615246687	1621615246768	OK	 
REQUEST	Scen_1,SearchByActiveMember	Select_SearchByActiveMember	1621615246931	1621615247094	OK	 
GROUP	Scen_1,SearchByActiveMember	1621615246930	1621615247094	163	OK
REQUEST	Scen_1,Login	BasePage_5	1621615246769	1621615248945	OK	 
GROUP	Scen_1,Login	1621615246217	1621615248945	2724	OK
REQUEST	Scen_1,SearchByActiveMember	Select_SearchByActiveMember	1621615249951	1621615250372	OK	 
GROUP	Scen_1,SearchByActiveMember	1621615249950	1621615250372	421	OK
REQUEST	Scen_1,SearchName_baker	Search_1	1621615249100	1621615250576	OK	 
REQUEST	Scen_1,SearchName_baker	Search_1803327625	1621615250577	1621615251542	OK	 
GROUP	Scen_1,SearchName_baker	1621615249099	1621615251543	2441	OK
REQUEST	Scen_1,SearchName_douglas	Search_1	1621615251769	1621615252631	OK	 
REQUEST	Scen_1,S_1803327625	Select_baker	1621615253056	1621615253234	OK	 
REQUEST	Scen_1,SearchName_douglas	Search_2003330312	1621615252632	1621615253651	OK	 
GROUP	Scen_1,SearchName_douglas	1621615251769	1621615253652	1881	OK
REQUEST	Scen_1,S_1803327625	request_1	1621615253235	1621615253820	OK	 
REQUEST	Scen_1,S_2003330312	Select_douglas	1621615255530	1621615255706	OK	 
REQUEST	Scen_1,S_1803327625	request_1803327625	1621615253821	1621615256625	OK	 
GROUP	Scen_1,S_1803327625	1621615253056	1621615256625	3567	OK
REQUEST	Scen_1,S_2003330312	request_1	1621615255707	1621615258362	OK	 
REQUEST	Scen_1,DrillDown_baker	68321	1621615258362	1621615258977	OK	 
GROUP	Scen_1,DrillDown_baker	1621615258361	1621615258977	615	OK
GROUP	Scen_1	1621615092756	1621615260007	107378	OK
REQUEST	Scen_1,Login	BasePage	1621615260008	1621615260278	OK	 
REQUEST	Scen_1,Login	BasePage_1	1621615260279	1621615260344	OK	 
REQUEST	Scen_1,Login	BasePage_2	1621615260345	1621615260410	OK	 
REQUEST	Scen_1,Login	BasePage_3	1621615260411	1621615260485	OK	 
REQUEST	Scen_1,Login	BasePage_4	1621615260485	1621615260553	OK	 
REQUEST	Scen_1,S_2003330312	request_2003330312	1621615258363	1621615261644	OK	 
GROUP	Scen_1,S_2003330312	1621615255530	1621615261644	6112	OK
REQUEST	Scen_1,Login	BasePage_5	1621615260554	1621615263022	OK	 
GROUP	Scen_1,Login	1621615260008	1621615263022	3010	OK
REQUEST	Scen_1,DrillDown_douglas	64881	1621615263010	1621615263794	OK	 
GROUP	Scen_1,DrillDown_douglas	1621615263009	1621615263795	784	OK
REQUEST	Scen_1,SearchByActiveMember	Select_SearchByActiveMember	1621615264034	1621615264172	OK	 
GROUP	Scen_1,SearchByActiveMember	1621615264033	1621615264173	138	OK
REQUEST	Scen_1,SearchByActiveMember	Select_SearchByActiveMember	1621615265719	1621615265877	OK	 
GROUP	Scen_1,SearchByActiveMember	1621615265719	1621615265878	158	OK
REQUEST	Scen_1,SearchName_thomas	Search_1	1621615266013	1621615268200	OK	 
REQUEST	Scen_1,SearchName_smith	Search_1	1621615266920	1621615269322	OK	 
REQUEST	Scen_1,SearchName_thomas	Search_1503326775	1621615268201	1621615270960	OK	 
GROUP	Scen_1,SearchName_thomas	1621615266013	1621615270960	4946	OK
REQUEST	Scen_1,SearchName_smith	Search_2003327496	1621615269323	1621615271884	OK	 
GROUP	Scen_1,SearchName_smith	1621615266920	1621615271884	4963	OK
REQUEST	Scen_1,S_1503326775	Select_thomas	1621615272282	1621615272643	OK	 
REQUEST	Scen_1,S_2003327496	Select_smith	1621615273316	1621615273599	OK	 
REQUEST	Scen_1,S_1503326775	request_1	1621615272643	1621615274956	OK	 
REQUEST	Scen_1,S_2003327496	request_1	1621615273600	1621615276271	OK	 
REQUEST	Scen_1,S_1503326775	request_1503326775	1621615274956	1621615278330	OK	 
GROUP	Scen_1,S_1503326775	1621615272281	1621615278331	6048	OK
REQUEST	Scen_1,S_2003327496	request_2003327496	1621615276272	1621615279460	OK	 
GROUP	Scen_1,S_2003327496	1621615273316	1621615279460	6142	OK
REQUEST	Scen_1,DrillDown_thomas	68055	1621615279467	1621615279577	OK	 
GROUP	Scen_1,DrillDown_thomas	1621615279466	1621615279578	110	OK
REQUEST	Scen_1,DrillDown_smith	67992	1621615280865	1621615280982	OK	 
GROUP	Scen_1,DrillDown_smith	1621615280864	1621615280982	117	OK
REQUEST	Scen_1,SearchByActiveMember	Select_SearchByActiveMember	1621615281197	1621615281374	OK	 
GROUP	Scen_1,SearchByActiveMember	1621615281196	1621615281375	177	OK
REQUEST	Scen_1,SearchByActiveMember	Select_SearchByActiveMember	1621615282697	1621615282831	OK	 
GROUP	Scen_1,SearchByActiveMember	1621615282696	1621615282832	134	OK
REQUEST	Scen_1,SearchName_roger	Search_1	1621615282849	1621615284439	OK	 
REQUEST	Scen_1,SearchName_baker	Search_1	1621615284496	1621615285425	OK	 
REQUEST	Scen_1,SearchName_roger	Search_403328329	1621615284440	1621615285732	OK	 
GROUP	Scen_1,SearchName_roger	1621615282849	1621615285732	2882	OK
REQUEST	Scen_1,SearchName_baker	Search_1803327625	1621615285426	1621615286317	OK	 
GROUP	Scen_1,SearchName_baker	1621615284496	1621615286318	1820	OK
REQUEST	Scen_1,S_403328329	Select_roger	1621615287217	1621615287495	OK	 
REQUEST	Scen_1,S_1803327625	Select_baker	1621615287868	1621615287951	OK	 
REQUEST	Scen_1,S_1803327625	request_1	1621615287952	1621615288468	OK	 
REQUEST	Scen_1,S_403328329	request_1	1621615287496	1621615288468	OK	 
REQUEST	Scen_1,S_403328329	request_403328329	1621615288469	1621615294820	OK	 
REQUEST	Scen_1,S_1803327625	request_1803327625	1621615288469	1621615294820	OK	 
GROUP	Scen_1,S_403328329	1621615287217	1621615294821	7601	OK
GROUP	Scen_1,S_1803327625	1621615287868	1621615294821	6950	OK
REQUEST	Scen_1,DrillDown_roger	63702	1621615295842	1621615296043	OK	 
GROUP	Scen_1,DrillDown_roger	1621615295841	1621615296043	201	OK
REQUEST	Scen_1,DrillDown_baker	68321	1621615296025	1621615296202	OK	 
GROUP	Scen_1,DrillDown_baker	1621615296025	1621615296203	177	OK
REQUEST	Scen_1,SearchByActiveMember	Select_SearchByActiveMember	1621615297114	1621615297523	OK	 
GROUP	Scen_1,SearchByActiveMember	1621615297114	1621615297524	409	OK
REQUEST	Scen_1,SearchByActiveMember	Select_SearchByActiveMember	1621615297673	1621615298033	OK	 
GROUP	Scen_1,SearchByActiveMember	1621615297673	1621615298033	360	OK
REQUEST	Scen_1,SearchName_douglas	Search_1	1621615299292	1621615300964	OK	 
REQUEST	Scen_1,SearchName_thomas	Search_1	1621615299106	1621615301682	OK	 
REQUEST	Scen_1,SearchName_douglas	Search_2003330312	1621615300965	1621615302193	OK	 
GROUP	Scen_1,SearchName_douglas	1621615299292	1621615302193	2900	OK
REQUEST	Scen_1,S_2003330312	Select_douglas	1621615303426	1621615303569	OK	 
REQUEST	Scen_1,SearchName_thomas	Search_1503326775	1621615301682	1621615303652	OK	 
GROUP	Scen_1,SearchName_thomas	1621615299106	1621615303653	4546	OK
REQUEST	Scen_1,S_1503326775	Select_thomas	1621615305262	1621615305433	OK	 
REQUEST	Scen_1,S_2003330312	request_1	1621615303570	1621615305879	OK	 
REQUEST	Scen_1,S_1503326775	request_1	1621615305434	1621615308234	OK	 
REQUEST	Scen_1,S_2003330312	request_2003330312	1621615305880	1621615310466	OK	 
GROUP	Scen_1,S_2003330312	1621615303426	1621615310466	7038	OK
REQUEST	Scen_1,S_1503326775	request_1503326775	1621615308235	1621615312235	OK	 
GROUP	Scen_1,S_1503326775	1621615305261	1621615312235	6971	OK
REQUEST	Scen_1,DrillDown_douglas	64881	1621615311799	1621615312249	OK	 
GROUP	Scen_1,DrillDown_douglas	1621615311799	1621615312249	450	OK
REQUEST	Scen_1,DrillDown_thomas	68055	1621615313809	1621615313958	OK	 
GROUP	Scen_1,DrillDown_thomas	1621615313808	1621615313959	149	OK
REQUEST	Scen_1,SearchByActiveMember	Select_SearchByActiveMember	1621615314224	1621615314381	OK	 
GROUP	Scen_1,SearchByActiveMember	1621615314224	1621615314381	157	OK
REQUEST	Scen_1,SearchByActiveMember	Select_SearchByActiveMember	1621615315609	1621615316491	OK	 
GROUP	Scen_1,SearchByActiveMember	1621615315609	1621615316492	882	OK
REQUEST	Scen_1,SearchName_smith	Search_1	1621615315685	1621615316836	OK	 
REQUEST	Scen_1,SearchName_smith	Search_2003327496	1621615316837	1621615319396	OK	 
GROUP	Scen_1,SearchName_smith	1621615315685	1621615319396	3710	OK
REQUEST	Scen_1,SearchName_roger	Search_1	1621615317564	1621615320117	OK	 
REQUEST	Scen_1,S_2003327496	Select_smith	1621615321182	1621615321332	OK	 
REQUEST	Scen_1,SearchName_roger	Search_403328329	1621615320118	1621615322064	OK	 
GROUP	Scen_1,SearchName_roger	1621615317563	1621615322064	4499	OK
REQUEST	Scen_1,S_403328329	Select_roger	1621615323481	1621615323587	OK	 
REQUEST	Scen_1,S_2003327496	request_1	1621615321333	1621615324411	OK	 
REQUEST	Scen_1,S_403328329	request_1	1621615323588	1621615324525	OK	 
REQUEST	Scen_1,S_2003327496	request_2003327496	1621615324411	1621615330149	OK	 
GROUP	Scen_1,S_2003327496	1621615321182	1621615330149	8966	OK
REQUEST	Scen_1,S_403328329	request_403328329	1621615324526	1621615330660	OK	 
GROUP	Scen_1,S_403328329	1621615323480	1621615330661	7177	OK
REQUEST	Scen_1,DrillDown_smith	67992	1621615331270	1621615331389	OK	 
GROUP	Scen_1,DrillDown_smith	1621615331269	1621615331389	119	OK
REQUEST	Scen_1,DrillDown_roger	63702	1621615332195	1621615332987	OK	 
GROUP	Scen_1,DrillDown_roger	1621615332194	1621615332988	792	OK
REQUEST	Scen_1,SearchByActiveMember	Select_SearchByActiveMember	1621615332698	1621615333085	OK	 
GROUP	Scen_1,SearchByActiveMember	1621615332698	1621615333085	387	OK
REQUEST	Scen_1,SearchName_baker	Search_1	1621615334489	1621615335164	OK	 
REQUEST	Scen_1,SearchByActiveMember	Select_SearchByActiveMember	1621615334822	1621615335180	OK	 
GROUP	Scen_1,SearchByActiveMember	1621615334821	1621615335180	358	OK
REQUEST	Scen_1,SearchName_baker	Search_1803327625	1621615335165	1621615335985	OK	 
GROUP	Scen_1,SearchName_baker	1621615334488	1621615335986	1495	OK
REQUEST	Scen_1,SearchName_douglas	Search_1	1621615336199	1621615337092	OK	 
REQUEST	Scen_1,S_1803327625	Select_baker	1621615337081	1621615337266	OK	 
REQUEST	Scen_1,S_1803327625	request_1	1621615337266	1621615337828	OK	 
REQUEST	Scen_1,SearchName_douglas	Search_2003330312	1621615337093	1621615337829	OK	 
GROUP	Scen_1,SearchName_douglas	1621615336198	1621615337829	1629	OK
REQUEST	Scen_1,S_2003330312	Select_douglas	1621615339018	1621615339399	OK	 
REQUEST	Scen_1,S_2003330312	request_1	1621615339400	1621615341922	OK	 
REQUEST	Scen_1,S_1803327625	request_1803327625	1621615337829	1621615342436	OK	 
GROUP	Scen_1,S_1803327625	1621615337080	1621615342437	5354	OK
REQUEST	Scen_1,DrillDown_baker	68321	1621615344335	1621615344994	OK	 
GROUP	Scen_1,DrillDown_baker	1621615344334	1621615344994	659	OK
REQUEST	Scen_1,S_2003330312	request_2003330312	1621615341922	1621615345300	OK	 
GROUP	Scen_1,S_2003330312	1621615339017	1621615345301	6281	OK
REQUEST	Scen_1,DrillDown_douglas	64881	1621615346449	1621615346660	OK	 
GROUP	Scen_1,DrillDown_douglas	1621615346448	1621615346660	211	OK
REQUEST	Scen_1,SearchByActiveMember	Select_SearchByActiveMember	1621615346014	1621615346861	OK	 
GROUP	Scen_1,SearchByActiveMember	1621615346013	1621615346861	847	OK
REQUEST	Scen_1,SearchByActiveMember	Select_SearchByActiveMember	1621615347861	1621615348336	OK	 
GROUP	Scen_1,SearchByActiveMember	1621615347861	1621615348337	475	OK
REQUEST	Scen_1,SearchName_thomas	Search_1	1621615348158	1621615349081	OK	 
REQUEST	Scen_1,SearchName_thomas	Search_1503326775	1621615349082	1621615350523	OK	 
GROUP	Scen_1,SearchName_thomas	1621615348157	1621615350523	2364	OK
REQUEST	Scen_1,SearchName_smith	Search_1	1621615349742	1621615351140	OK	 
REQUEST	Scen_1,S_1503326775	Select_thomas	1621615351908	1621615351991	OK	 
REQUEST	Scen_1,SearchName_smith	Search_2003327496	1621615351141	1621615352102	OK	 
GROUP	Scen_1,SearchName_smith	1621615349742	1621615352103	2359	OK
REQUEST	Scen_1,S_2003327496	Select_smith	1621615353133	1621615353225	OK	 
REQUEST	Scen_1,S_1503326775	request_1	1621615351991	1621615354828	OK	 
REQUEST	Scen_1,S_2003327496	request_1	1621615353226	1621615355543	OK	 
REQUEST	Scen_1,S_1503326775	request_1503326775	1621615354829	1621615360049	OK	 
GROUP	Scen_1,S_1503326775	1621615351907	1621615360049	8140	OK
REQUEST	Scen_1,S_2003327496	request_2003327496	1621615355544	1621615360973	OK	 
GROUP	Scen_1,S_2003327496	1621615353133	1621615360973	7838	OK
REQUEST	Scen_1,DrillDown_thomas	68055	1621615361108	1621615361222	OK	 
GROUP	Scen_1,DrillDown_thomas	1621615361107	1621615361223	114	OK
REQUEST	Scen_1,DrillDown_smith	67992	1621615362231	1621615362368	OK	 
GROUP	Scen_1,DrillDown_smith	1621615362231	1621615362370	137	OK
REQUEST	Scen_1,SearchByActiveMember	Select_SearchByActiveMember	1621615363056	1621615363255	OK	 
GROUP	Scen_1,SearchByActiveMember	1621615363056	1621615363256	199	OK
REQUEST	Scen_1,SearchByActiveMember	Select_SearchByActiveMember	1621615363691	1621615363821	OK	 
GROUP	Scen_1,SearchByActiveMember	1621615363691	1621615363822	130	OK
REQUEST	Scen_1,SearchName_roger	Search_1	1621615364708	1621615366603	OK	 
REQUEST	Scen_1,SearchName_baker	Search_1	1621615365618	1621615366717	OK	 
REQUEST	Scen_1,SearchName_baker	Search_1803327625	1621615366718	1621615368241	OK	 
GROUP	Scen_1,SearchName_baker	1621615365617	1621615368241	2622	OK
REQUEST	Scen_1,SearchName_roger	Search_403328329	1621615366604	1621615368549	OK	 
GROUP	Scen_1,SearchName_roger	1621615364708	1621615368549	3840	OK
REQUEST	Scen_1,S_1803327625	Select_baker	1621615369948	1621615370192	OK	 
REQUEST	Scen_1,S_403328329	Select_roger	1621615369978	1621615370286	OK	 
REQUEST	Scen_1,S_1803327625	request_1	1621615370193	1621615371237	OK	 
REQUEST	Scen_1,S_403328329	request_1	1621615370286	1621615371528	OK	 
REQUEST	Scen_1,S_1803327625	request_1803327625	1621615371238	1621615376946	OK	 
GROUP	Scen_1,S_1803327625	1621615369947	1621615376946	6996	OK
REQUEST	Scen_1,S_403328329	request_403328329	1621615371529	1621615377150	OK	 
GROUP	Scen_1,S_403328329	1621615369978	1621615377151	7171	OK
REQUEST	Scen_1,DrillDown_baker	68321	1621615378870	1621615379086	OK	 
GROUP	Scen_1,DrillDown_baker	1621615378870	1621615379086	216	OK
REQUEST	Scen_1,DrillDown_roger	63702	1621615378896	1621615379152	OK	 
GROUP	Scen_1,DrillDown_roger	1621615378896	1621615379152	256	OK
REQUEST	Scen_1,SearchByActiveMember	Select_SearchByActiveMember	1621615380780	1621615381156	OK	 
GROUP	Scen_1,SearchByActiveMember	1621615380780	1621615381157	376	OK
REQUEST	Scen_1,SearchByActiveMember	Select_SearchByActiveMember	1621615381052	1621615381402	OK	 
GROUP	Scen_1,SearchByActiveMember	1621615381051	1621615381402	350	OK
REQUEST	Scen_1,SearchName_douglas	Search_1	1621615382751	1621615383283	OK	 
REQUEST	Scen_1,SearchName_thomas	Search_1	1621615383193	1621615384265	OK	 
REQUEST	Scen_1,SearchName_douglas	Search_2003330312	1621615383283	1621615384445	OK	 
GROUP	Scen_1,SearchName_douglas	1621615382750	1621615384445	1694	OK
REQUEST	Scen_1,SearchName_thomas	Search_1503326775	1621615384266	1621615385863	OK	 
GROUP	Scen_1,SearchName_thomas	1621615383192	1621615385863	2669	OK
REQUEST	Scen_1,S_2003330312	Select_douglas	1621615386069	1621615386221	OK	 
REQUEST	Scen_1,S_1503326775	Select_thomas	1621615387165	1621615387249	OK	 
REQUEST	Scen_1,S_2003330312	request_1	1621615386222	1621615388557	OK	 
REQUEST	Scen_1,S_1503326775	request_1	1621615387250	1621615390483	OK	 
REQUEST	Scen_1,S_2003330312	request_2003330312	1621615388558	1621615392917	OK	 
GROUP	Scen_1,S_2003330312	1621615386069	1621615392918	6846	OK
REQUEST	Scen_1,S_1503326775	request_1503326775	1621615390484	1621615394620	OK	 
GROUP	Scen_1,S_1503326775	1621615387165	1621615394621	7453	OK
REQUEST	Scen_1,DrillDown_douglas	64881	1621615394591	1621615394759	OK	 
GROUP	Scen_1,DrillDown_douglas	1621615394590	1621615394759	168	OK
REQUEST	Scen_1,SearchByActiveMember	Select_SearchByActiveMember	1621615396150	1621615396300	OK	 
GROUP	Scen_1,SearchByActiveMember	1621615396149	1621615396300	150	OK
REQUEST	Scen_1,DrillDown_thomas	68055	1621615396293	1621615396404	OK	 
GROUP	Scen_1,DrillDown_thomas	1621615396292	1621615396405	111	OK
REQUEST	Scen_1,SearchByActiveMember	Select_SearchByActiveMember	1621615397507	1621615397660	OK	 
GROUP	Scen_1,SearchByActiveMember	1621615397507	1621615397660	153	OK
REQUEST	Scen_1,SearchName_smith	Search_1	1621615398278	1621615399473	OK	 
REQUEST	Scen_1,SearchName_roger	Search_1	1621615399116	1621615401009	OK	 
REQUEST	Scen_1,SearchName_smith	Search_2003327496	1621615399474	1621615401419	OK	 
GROUP	Scen_1,SearchName_smith	1621615398277	1621615401419	3140	OK
REQUEST	Scen_1,SearchName_roger	Search_403328329	1621615401010	1621615402136	OK	 
GROUP	Scen_1,SearchName_roger	1621615399116	1621615402137	3019	OK
REQUEST	Scen_1,S_2003327496	Select_smith	1621615403209	1621615403292	OK	 
REQUEST	Scen_1,S_403328329	Select_roger	1621615403270	1621615403345	OK	 
REQUEST	Scen_1,S_403328329	request_1	1621615403345	1621615403838	OK	 
REQUEST	Scen_1,S_2003327496	request_1	1621615403293	1621615405596	OK	 
REQUEST	Scen_1,S_403328329	request_403328329	1621615403838	1621615406428	OK	 
GROUP	Scen_1,S_403328329	1621615403270	1621615406429	3158	OK
REQUEST	Scen_1,DrillDown_roger	63702	1621615407707	1621615408691	OK	 
GROUP	Scen_1,DrillDown_roger	1621615407706	1621615408692	984	OK
REQUEST	Scen_1,S_2003327496	request_2003327496	1621615405596	1621615408778	OK	 
GROUP	Scen_1,S_2003327496	1621615403208	1621615408778	5568	OK
GROUP	Scen_1	1621615246217	1621615410665	104908	OK
REQUEST	Scen_1,DrillDown_smith	67992	1621615410098	1621615410726	OK	 
GROUP	Scen_1,DrillDown_smith	1621615410097	1621615410726	628	OK
REQUEST	Scen_1,Login	BasePage	1621615410665	1621615410951	OK	 
REQUEST	Scen_1,Login	BasePage_1	1621615410951	1621615411023	OK	 
REQUEST	Scen_1,Login	BasePage_2	1621615411023	1621615411089	OK	 
REQUEST	Scen_1,Login	BasePage_3	1621615411090	1621615411155	OK	 
REQUEST	Scen_1,Login	BasePage_4	1621615411156	1621615411230	OK	 
REQUEST	Scen_1,SearchByActiveMember	Select_SearchByActiveMember	1621615412352	1621615412785	OK	 
GROUP	Scen_1,SearchByActiveMember	1621615412351	1621615412786	433	OK
REQUEST	Scen_1,Login	BasePage_5	1621615411231	1621615413193	OK	 
GROUP	Scen_1,Login	1621615410665	1621615413193	2525	OK
REQUEST	Scen_1,SearchName_baker	Search_1	1621615413850	1621615414320	OK	 
REQUEST	Scen_1,SearchByActiveMember	Select_SearchByActiveMember	1621615414205	1621615414372	OK	 
GROUP	Scen_1,SearchByActiveMember	1621615414204	1621615414373	167	OK
REQUEST	Scen_1,SearchName_baker	Search_1803327625	1621615414320	1621615414936	OK	 
GROUP	Scen_1,SearchName_baker	1621615413849	1621615414937	1086	OK
REQUEST	Scen_1,S_1803327625	Select_baker	1621615416586	1621615416669	OK	 
REQUEST	Scen_1,S_1803327625	request_1	1621615416670	1621615417701	OK	 
REQUEST	Scen_1,SearchName_douglas	Search_1	1621615415801	1621615417751	OK	 
REQUEST	Scen_1,SearchName_douglas	Search_2003330312	1621615417752	1621615418930	OK	 
GROUP	Scen_1,SearchName_douglas	1621615415800	1621615418930	3128	OK
REQUEST	Scen_1,S_2003330312	Select_douglas	1621615420917	1621615421097	OK	 
REQUEST	Scen_1,S_1803327625	request_1803327625	1621615417702	1621615422226	OK	 
GROUP	Scen_1,S_1803327625	1621615416585	1621615422226	5638	OK
REQUEST	Scen_1,S_2003330312	request_1	1621615421098	1621615423744	OK	 
REQUEST	Scen_1,DrillDown_baker	68321	1621615423237	1621615423745	OK	 
GROUP	Scen_1,DrillDown_baker	1621615423236	1621615423745	508	OK
GROUP	Scen_1	1621615260008	1621615425673	105923	OK
REQUEST	Scen_1,Login	BasePage	1621615425673	1621615425982	OK	 
REQUEST	Scen_1,Login	BasePage_1	1621615425983	1621615426087	OK	 
REQUEST	Scen_1,Login	BasePage_2	1621615426087	1621615426149	OK	 
REQUEST	Scen_1,Login	BasePage_3	1621615426149	1621615426217	OK	 
REQUEST	Scen_1,Login	BasePage_4	1621615426218	1621615426283	OK	 
REQUEST	Scen_1,S_2003330312	request_2003330312	1621615423745	1621615426712	OK	 
GROUP	Scen_1,S_2003330312	1621615420916	1621615426713	5793	OK
REQUEST	Scen_1,DrillDown_douglas	64881	1621615427728	1621615428658	OK	 
GROUP	Scen_1,DrillDown_douglas	1621615427728	1621615428659	930	OK
REQUEST	Scen_1,Login	BasePage_5	1621615426284	1621615428769	OK	 
GROUP	Scen_1,Login	1621615425673	1621615428769	3093	OK
REQUEST	Scen_1,SearchByActiveMember	Select_SearchByActiveMember	1621615429781	1621615429931	OK	 
GROUP	Scen_1,SearchByActiveMember	1621615429780	1621615429931	150	OK
REQUEST	Scen_1,SearchByActiveMember	Select_SearchByActiveMember	1621615429992	1621615430361	OK	 
GROUP	Scen_1,SearchByActiveMember	1621615429992	1621615430361	369	OK
REQUEST	Scen_1,SearchName_smith	Search_1	1621615431576	1621615433777	OK	 
REQUEST	Scen_1,SearchName_thomas	Search_1	1621615431545	1621615433831	OK	 
REQUEST	Scen_1,SearchName_smith	Search_2003327496	1621615433778	1621615435418	OK	 
GROUP	Scen_1,SearchName_smith	1621615431576	1621615435418	3841	OK
REQUEST	Scen_1,SearchName_thomas	Search_1503326775	1621615433831	1621615435500	OK	 
GROUP	Scen_1,SearchName_thomas	1621615431545	1621615435500	3955	OK
REQUEST	Scen_1,S_2003327496	Select_smith	1621615436907	1621615437181	OK	 
REQUEST	Scen_1,S_1503326775	Select_thomas	1621615436937	1621615437215	OK	 
REQUEST	Scen_1,S_2003327496	request_1	1621615437181	1621615440513	OK	 
REQUEST	Scen_1,S_1503326775	request_1	1621615437216	1621615440841	OK	 
REQUEST	Scen_1,S_2003327496	request_2003327496	1621615440513	1621615447292	OK	 
GROUP	Scen_1,S_2003327496	1621615436907	1621615447293	10385	OK
REQUEST	Scen_1,S_1503326775	request_1503326775	1621615440841	1621615447368	OK	 
GROUP	Scen_1,S_1503326775	1621615436937	1621615447369	10430	OK
REQUEST	Scen_1,DrillDown_smith	67992	1621615448494	1621615448920	OK	 
GROUP	Scen_1,DrillDown_smith	1621615448493	1621615448920	426	OK
REQUEST	Scen_1,DrillDown_thomas	68055	1621615448994	1621615449307	OK	 
GROUP	Scen_1,DrillDown_thomas	1621615448993	1621615449308	313	OK
REQUEST	Scen_1,SearchByActiveMember	Select_SearchByActiveMember	1621615450806	1621615451000	OK	 
GROUP	Scen_1,SearchByActiveMember	1621615450806	1621615451000	194	OK
REQUEST	Scen_1,SearchByActiveMember	Select_SearchByActiveMember	1621615450925	1621615451079	OK	 
GROUP	Scen_1,SearchByActiveMember	1621615450925	1621615451080	154	OK
REQUEST	Scen_1,SearchName_roger	Search_1	1621615452107	1621615453039	OK	 
REQUEST	Scen_1,SearchName_baker	Search_1	1621615453007	1621615454463	OK	 
REQUEST	Scen_1,SearchName_roger	Search_403328329	1621615453040	1621615455385	OK	 
GROUP	Scen_1,SearchName_roger	1621615452107	1621615455385	3277	OK
REQUEST	Scen_1,SearchName_baker	Search_1803327625	1621615454464	1621615455794	OK	 
GROUP	Scen_1,SearchName_baker	1621615453007	1621615455794	2786	OK
REQUEST	Scen_1,S_1803327625	Select_baker	1621615456897	1621615457041	OK	 
REQUEST	Scen_1,S_403328329	Select_roger	1621615457174	1621615457566	OK	 
REQUEST	Scen_1,S_1803327625	request_1	1621615457042	1621615457807	OK	 
REQUEST	Scen_1,S_403328329	request_1	1621615457567	1621615459071	OK	 
REQUEST	Scen_1,S_1803327625	request_1803327625	1621615457808	1621615463065	OK	 
GROUP	Scen_1,S_1803327625	1621615456897	1621615463065	6166	OK
REQUEST	Scen_1,S_403328329	request_403328329	1621615459072	1621615463781	OK	 
GROUP	Scen_1,S_403328329	1621615457174	1621615463781	6605	OK
REQUEST	Scen_1,DrillDown_roger	63702	1621615465081	1621615465281	OK	 
GROUP	Scen_1,DrillDown_roger	1621615465080	1621615465281	200	OK
REQUEST	Scen_1,DrillDown_baker	68321	1621615464976	1621615465334	OK	 
GROUP	Scen_1,DrillDown_baker	1621615464976	1621615465334	358	OK
REQUEST	Scen_1,SearchByActiveMember	Select_SearchByActiveMember	1621615466469	1621615466680	OK	 
GROUP	Scen_1,SearchByActiveMember	1621615466468	1621615466681	211	OK
REQUEST	Scen_1,SearchByActiveMember	Select_SearchByActiveMember	1621615466379	1621615466723	OK	 
GROUP	Scen_1,SearchByActiveMember	1621615466378	1621615466723	344	OK
REQUEST	Scen_1,SearchName_douglas	Search_1	1621615468239	1621615469209	OK	 
REQUEST	Scen_1,SearchName_thomas	Search_1	1621615467923	1621615469258	OK	 
REQUEST	Scen_1,SearchName_douglas	Search_2003330312	1621615469210	1621615470479	OK	 
GROUP	Scen_1,SearchName_douglas	1621615468239	1621615470479	2239	OK
REQUEST	Scen_1,SearchName_thomas	Search_1503326775	1621615469259	1621615471052	OK	 
GROUP	Scen_1,SearchName_thomas	1621615467923	1621615471052	3128	OK
REQUEST	Scen_1,S_2003330312	Select_douglas	1621615472282	1621615472368	OK	 
REQUEST	Scen_1,S_1503326775	Select_thomas	1621615472489	1621615472570	OK	 
REQUEST	Scen_1,S_2003330312	request_1	1621615472368	1621615475148	OK	 
REQUEST	Scen_1,S_1503326775	request_1	1621615472571	1621615475762	OK	 
REQUEST	Scen_1,S_2003330312	request_2003330312	1621615475149	1621615479758	OK	 
GROUP	Scen_1,S_2003330312	1621615472281	1621615479758	7475	OK
REQUEST	Scen_1,S_1503326775	request_1503326775	1621615475763	1621615481174	OK	 
GROUP	Scen_1,S_1503326775	1621615472487	1621615481175	8683	OK
REQUEST	Scen_1,DrillDown_douglas	64881	1621615481161	1621615481571	OK	 
GROUP	Scen_1,DrillDown_douglas	1621615481160	1621615481571	410	OK
REQUEST	Scen_1,DrillDown_thomas	68055	1621615482523	1621615482841	OK	 
GROUP	Scen_1,DrillDown_thomas	1621615482523	1621615482842	318	OK
REQUEST	Scen_1,SearchByActiveMember	Select_SearchByActiveMember	1621615483318	1621615483458	OK	 
GROUP	Scen_1,SearchByActiveMember	1621615483318	1621615483459	140	OK
REQUEST	Scen_1,SearchByActiveMember	Select_SearchByActiveMember	1621615484151	1621615484315	OK	 
GROUP	Scen_1,SearchByActiveMember	1621615484151	1621615484316	164	OK
REQUEST	Scen_1,SearchName_smith	Search_1	1621615484694	1621615485695	OK	 
REQUEST	Scen_1,SearchName_smith	Search_2003327496	1621615485696	1621615487951	OK	 
GROUP	Scen_1,SearchName_smith	1621615484694	1621615487952	3256	OK
REQUEST	Scen_1,SearchName_roger	Search_1	1621615485703	1621615487951	OK	 
REQUEST	Scen_1,SearchName_roger	Search_403328329	1621615487952	1621615489379	OK	 
GROUP	Scen_1,SearchName_roger	1621615485702	1621615489379	3675	OK
REQUEST	Scen_1,S_2003327496	Select_smith	1621615489818	1621615490205	OK	 
REQUEST	Scen_1,S_403328329	Select_roger	1621615490748	1621615490832	OK	 
REQUEST	Scen_1,S_403328329	request_1	1621615490833	1621615491430	OK	 
REQUEST	Scen_1,S_2003327496	request_1	1621615490206	1621615492760	OK	 
REQUEST	Scen_1,S_403328329	request_403328329	1621615491430	1621615497980	OK	 
GROUP	Scen_1,S_403328329	1621615490748	1621615497981	7231	OK
REQUEST	Scen_1,S_2003327496	request_2003327496	1621615492760	1621615498902	OK	 
GROUP	Scen_1,S_2003327496	1621615489817	1621615498903	9083	OK
REQUEST	Scen_1,DrillDown_roger	63702	1621615499957	1621615500447	OK	 
GROUP	Scen_1,DrillDown_roger	1621615499957	1621615500448	490	OK
REQUEST	Scen_1,DrillDown_smith	67992	1621615500520	1621615500860	OK	 
GROUP	Scen_1,DrillDown_smith	1621615500520	1621615500861	340	OK
REQUEST	Scen_1,SearchByActiveMember	Select_SearchByActiveMember	1621615501991	1621615502190	OK	 
GROUP	Scen_1,SearchByActiveMember	1621615501990	1621615502191	199	OK
REQUEST	Scen_1,SearchByActiveMember	Select_SearchByActiveMember	1621615502757	1621615502898	OK	 
GROUP	Scen_1,SearchByActiveMember	1621615502757	1621615502899	141	OK
REQUEST	Scen_1,SearchName_baker	Search_1	1621615503804	1621615505151	OK	 
REQUEST	Scen_1,SearchName_douglas	Search_1	1621615504329	1621615505740	OK	 
REQUEST	Scen_1,SearchName_baker	Search_1803327625	1621615505152	1621615506484	OK	 
GROUP	Scen_1,SearchName_baker	1621615503804	1621615506484	2679	OK
REQUEST	Scen_1,SearchName_douglas	Search_2003330312	1621615505740	1621615507248	OK	 
GROUP	Scen_1,SearchName_douglas	1621615504328	1621615507249	2919	OK
REQUEST	Scen_1,S_1803327625	Select_baker	1621615507841	1621615508168	OK	 
REQUEST	Scen_1,S_1803327625	request_1	1621615508169	1621615508939	OK	 
REQUEST	Scen_1,S_2003330312	Select_douglas	1621615509165	1621615509352	OK	 
REQUEST	Scen_1,S_2003330312	request_1	1621615509353	1621615513036	OK	 
REQUEST	Scen_1,S_1803327625	request_1803327625	1621615508939	1621615514061	OK	 
GROUP	Scen_1,S_1803327625	1621615507840	1621615514061	6219	OK
REQUEST	Scen_1,S_2003330312	request_2003330312	1621615513037	1621615515915	OK	 
GROUP	Scen_1,S_2003330312	1621615509165	1621615515916	6748	OK
REQUEST	Scen_1,DrillDown_baker	68321	1621615515377	1621615515973	OK	 
GROUP	Scen_1,DrillDown_baker	1621615515377	1621615515974	596	OK
REQUEST	Scen_1,SearchByActiveMember	Select_SearchByActiveMember	1621615517938	1621615518193	OK	 
GROUP	Scen_1,SearchByActiveMember	1621615517938	1621615518194	255	OK
REQUEST	Scen_1,DrillDown_douglas	64881	1621615517409	1621615518297	OK	 
GROUP	Scen_1,DrillDown_douglas	1621615517408	1621615518297	888	OK
REQUEST	Scen_1,SearchName_thomas	Search_1	1621615519277	1621615520918	OK	 
REQUEST	Scen_1,SearchByActiveMember	Select_SearchByActiveMember	1621615519800	1621615520988	OK	 
GROUP	Scen_1,SearchByActiveMember	1621615519800	1621615520988	1188	OK
REQUEST	Scen_1,SearchName_thomas	Search_1503326775	1621615520918	1621615522577	OK	 
GROUP	Scen_1,SearchName_thomas	1621615519276	1621615522577	3300	OK
REQUEST	Scen_1,S_1503326775	Select_thomas	1621615524097	1621615524245	OK	 
REQUEST	Scen_1,SearchName_smith	Search_1	1621615522565	1621615524277	OK	 
REQUEST	Scen_1,SearchName_smith	Search_2003327496	1621615524278	1621615526144	OK	 
GROUP	Scen_1,SearchName_smith	1621615522565	1621615526144	3578	OK
REQUEST	Scen_1,S_1503326775	request_1	1621615524246	1621615527200	OK	 
REQUEST	Scen_1,S_2003327496	Select_smith	1621615527795	1621615528210	OK	 
REQUEST	Scen_1,S_2003327496	request_1	1621615528211	1621615530751	OK	 
REQUEST	Scen_1,S_1503326775	request_1503326775	1621615527200	1621615530790	OK	 
GROUP	Scen_1,S_1503326775	1621615524097	1621615530791	6692	OK
REQUEST	Scen_1,DrillDown_thomas	68055	1621615532393	1621615533119	OK	 
GROUP	Scen_1,DrillDown_thomas	1621615532392	1621615533119	726	OK
REQUEST	Scen_1,S_2003327496	request_2003327496	1621615530752	1621615534336	OK	 
GROUP	Scen_1,S_2003327496	1621615527795	1621615534336	6539	OK
REQUEST	Scen_1,SearchByActiveMember	Select_SearchByActiveMember	1621615534621	1621615534813	OK	 
GROUP	Scen_1,SearchByActiveMember	1621615534621	1621615534813	192	OK
REQUEST	Scen_1,DrillDown_smith	67992	1621615535796	1621615535908	OK	 
GROUP	Scen_1,DrillDown_smith	1621615535795	1621615535908	112	OK
REQUEST	Scen_1,SearchName_roger	Search_1	1621615535902	1621615536793	OK	 
REQUEST	Scen_1,SearchName_roger	Search_403328329	1621615536794	1621615537633	OK	 
GROUP	Scen_1,SearchName_roger	1621615535901	1621615537633	1730	OK
REQUEST	Scen_1,SearchByActiveMember	Select_SearchByActiveMember	1621615537620	1621615537941	OK	 
GROUP	Scen_1,SearchByActiveMember	1621615537620	1621615537941	321	OK
REQUEST	Scen_1,S_403328329	Select_roger	1621615538838	1621615538922	OK	 
REQUEST	Scen_1,S_403328329	request_1	1621615538923	1621615540479	OK	 
REQUEST	Scen_1,SearchName_baker	Search_1	1621615539532	1621615542732	OK	 
REQUEST	Scen_1,S_403328329	request_403328329	1621615540479	1621615543039	OK	 
GROUP	Scen_1,S_403328329	1621615538837	1621615543040	4200	OK
REQUEST	Scen_1,SearchName_baker	Search_1803327625	1621615542733	1621615543447	OK	 
GROUP	Scen_1,SearchName_baker	1621615539532	1621615543447	3914	OK
REQUEST	Scen_1,S_1803327625	Select_baker	1621615544899	1621615544974	OK	 
REQUEST	Scen_1,DrillDown_roger	63702	1621615544806	1621615545033	OK	 
GROUP	Scen_1,DrillDown_roger	1621615544806	1621615545034	227	OK
REQUEST	Scen_1,S_1803327625	request_1	1621615544974	1621615545394	OK	 
REQUEST	Scen_1,SearchByActiveMember	Select_SearchByActiveMember	1621615546169	1621615546368	OK	 
GROUP	Scen_1,SearchByActiveMember	1621615546169	1621615546368	199	OK
REQUEST	Scen_1,S_1803327625	request_1803327625	1621615545395	1621615547954	OK	 
GROUP	Scen_1,S_1803327625	1621615544899	1621615547955	3054	OK
REQUEST	Scen_1,SearchName_douglas	Search_1	1621615547404	1621615548262	OK	 
REQUEST	Scen_1,SearchName_douglas	Search_2003330312	1621615548263	1621615549081	OK	 
GROUP	Scen_1,SearchName_douglas	1621615547404	1621615549081	1676	OK
REQUEST	Scen_1,DrillDown_baker	68321	1621615549638	1621615549827	OK	 
GROUP	Scen_1,DrillDown_baker	1621615549637	1621615549827	189	OK
REQUEST	Scen_1,S_2003330312	Select_douglas	1621615550990	1621615551081	OK	 
REQUEST	Scen_1,SearchByActiveMember	Select_SearchByActiveMember	1621615551502	1621615551893	OK	 
GROUP	Scen_1,SearchByActiveMember	1621615551501	1621615551893	391	OK
REQUEST	Scen_1,S_2003330312	request_1	1621615551082	1621615553791	OK	 
REQUEST	Scen_1,SearchName_thomas	Search_1	1621615553440	1621615554527	OK	 
REQUEST	Scen_1,SearchName_thomas	Search_1503326775	1621615554528	1621615556849	OK	 
GROUP	Scen_1,SearchName_thomas	1621615553439	1621615556849	3408	OK
REQUEST	Scen_1,S_1503326775	Select_thomas	1621615557975	1621615558140	OK	 
REQUEST	Scen_1,S_2003330312	request_2003330312	1621615553792	1621615558378	OK	 
GROUP	Scen_1,S_2003330312	1621615550990	1621615558379	7386	OK
REQUEST	Scen_1,DrillDown_douglas	64881	1621615559814	1621615560403	OK	 
GROUP	Scen_1,DrillDown_douglas	1621615559813	1621615560404	589	OK
REQUEST	Scen_1,S_1503326775	request_1	1621615558141	1621615561369	OK	 
REQUEST	Scen_1,SearchByActiveMember	Select_SearchByActiveMember	1621615562251	1621615562470	OK	 
GROUP	Scen_1,SearchByActiveMember	1621615562251	1621615562471	219	OK
REQUEST	Scen_1,S_1503326775	request_1503326775	1621615561370	1621615565094	OK	 
GROUP	Scen_1,S_1503326775	1621615557974	1621615565094	7117	OK
REQUEST	Scen_1,SearchName_smith	Search_1	1621615563488	1621615565567	OK	 
REQUEST	Scen_1,SearchName_smith	Search_2003327496	1621615565568	1621615566771	OK	 
GROUP	Scen_1,SearchName_smith	1621615563488	1621615566771	3282	OK
REQUEST	Scen_1,DrillDown_thomas	68055	1621615566657	1621615566812	OK	 
GROUP	Scen_1,DrillDown_thomas	1621615566657	1621615566812	155	OK
REQUEST	Scen_1,SearchByActiveMember	Select_SearchByActiveMember	1621615568448	1621615568817	OK	 
GROUP	Scen_1,SearchByActiveMember	1621615568448	1621615568817	369	OK
REQUEST	Scen_1,S_2003327496	Select_smith	1621615568734	1621615569060	OK	 
REQUEST	Scen_1,S_2003327496	request_1	1621615569061	1621615571610	OK	 
REQUEST	Scen_1,SearchName_roger	Search_1	1621615570083	1621615572323	OK	 
REQUEST	Scen_1,SearchName_roger	Search_403328329	1621615572324	1621615574374	OK	 
GROUP	Scen_1,SearchName_roger	1621615570083	1621615574375	4290	OK
REQUEST	Scen_1,S_403328329	Select_roger	1621615575931	1621615576088	OK	 
REQUEST	Scen_1,S_2003327496	request_2003327496	1621615571610	1621615576178	OK	 
GROUP	Scen_1,S_2003327496	1621615568734	1621615576178	7443	OK
REQUEST	Scen_1,S_403328329	request_1	1621615576089	1621615576729	OK	 
REQUEST	Scen_1,DrillDown_smith	67992	1621615577405	1621615577958	OK	 
GROUP	Scen_1,DrillDown_smith	1621615577404	1621615577958	553	OK
REQUEST	Scen_1,S_403328329	request_403328329	1621615576730	1621615578879	OK	 
GROUP	Scen_1,S_403328329	1621615575930	1621615578879	2946	OK
GROUP	Scen_1	1621615410665	1621615579911	109290	OK
REQUEST	Scen_1,Login	BasePage	1621615579912	1621615579974	OK	 
REQUEST	Scen_1,Login	BasePage_1	1621615579974	1621615580258	OK	 
REQUEST	Scen_1,Login	BasePage_2	1621615580258	1621615580343	OK	 
REQUEST	Scen_1,Login	BasePage_3	1621615580344	1621615580408	OK	 
REQUEST	Scen_1,Login	BasePage_4	1621615580409	1621615580472	OK	 
REQUEST	Scen_1,DrillDown_roger	63702	1621615580268	1621615581339	OK	 
GROUP	Scen_1,DrillDown_roger	1621615580267	1621615581339	1071	OK
REQUEST	Scen_1,SearchByActiveMember	Select_SearchByActiveMember	1621615582708	1621615583126	OK	 
GROUP	Scen_1,SearchByActiveMember	1621615582708	1621615583126	418	OK
REQUEST	Scen_1,Login	BasePage_5	1621615580473	1621615584304	OK	 
GROUP	Scen_1,Login	1621615579911	1621615584305	4389	OK
REQUEST	Scen_1,SearchByActiveMember	Select_SearchByActiveMember	1621615585307	1621615585483	OK	 
GROUP	Scen_1,SearchByActiveMember	1621615585307	1621615585484	176	OK
REQUEST	Scen_1,SearchName_baker	Search_1	1621615585107	1621615586150	OK	 
REQUEST	Scen_1,SearchName_baker	Search_1803327625	1621615586151	1621615587278	OK	 
GROUP	Scen_1,SearchName_baker	1621615585106	1621615587278	2170	OK
REQUEST	Scen_1,SearchName_douglas	Search_1	1621615586934	1621615588608	OK	 
REQUEST	Scen_1,S_1803327625	Select_baker	1621615589133	1621615589286	OK	 
REQUEST	Scen_1,SearchName_douglas	Search_2003330312	1621615588608	1621615589458	OK	 
GROUP	Scen_1,SearchName_douglas	1621615586934	1621615589458	2524	OK
REQUEST	Scen_1,S_1803327625	request_1	1621615589286	1621615589734	OK	 
REQUEST	Scen_1,S_2003330312	Select_douglas	1621615590713	1621615590878	OK	 
REQUEST	Scen_1,S_2003330312	request_1	1621615590878	1621615593827	OK	 
REQUEST	Scen_1,S_1803327625	request_1803327625	1621615589734	1621615594342	OK	 
GROUP	Scen_1,S_1803327625	1621615589132	1621615594342	5209	OK
REQUEST	Scen_1,DrillDown_baker	68321	1621615595492	1621615597109	OK	 
REQUEST	Scen_1,S_2003330312	request_2003330312	1621615593828	1621615597109	OK	 
GROUP	Scen_1,DrillDown_baker	1621615595492	1621615597109	1617	OK
GROUP	Scen_1,S_2003330312	1621615590713	1621615597109	6395	OK
GROUP	Scen_1	1621615425673	1621615598483	110256	OK
REQUEST	Scen_1,Login	BasePage	1621615598484	1621615598553	OK	 
REQUEST	Scen_1,DrillDown_douglas	64881	1621615598583	1621615598764	OK	 
GROUP	Scen_1,DrillDown_douglas	1621615598583	1621615598765	181	OK
REQUEST	Scen_1,Login	BasePage_1	1621615598553	1621615598816	OK	 
REQUEST	Scen_1,Login	BasePage_2	1621615598817	1621615598881	OK	 
REQUEST	Scen_1,Login	BasePage_3	1621615598882	1621615598947	OK	 
REQUEST	Scen_1,Login	BasePage_4	1621615598947	1621615599010	OK	 
REQUEST	Scen_1,SearchByActiveMember	Select_SearchByActiveMember	1621615600448	1621615600839	OK	 
GROUP	Scen_1,SearchByActiveMember	1621615600448	1621615600840	391	OK
REQUEST	Scen_1,Login	BasePage_5	1621615599011	1621615601614	OK	 
GROUP	Scen_1,Login	1621615598483	1621615601615	3127	OK
REQUEST	Scen_1,SearchByActiveMember	Select_SearchByActiveMember	1621615602626	1621615602815	OK	 
GROUP	Scen_1,SearchByActiveMember	1621615602625	1621615602815	189	OK
REQUEST	Scen_1,SearchName_thomas	Search_1	1621615602550	1621615603559	OK	 
REQUEST	Scen_1,SearchName_thomas	Search_1503326775	1621615603560	1621615604889	OK	 
GROUP	Scen_1,SearchName_thomas	1621615602549	1621615604889	2338	OK
REQUEST	Scen_1,SearchName_smith	Search_1	1621615604104	1621615605401	OK	 
REQUEST	Scen_1,SearchName_smith	Search_2003327496	1621615605402	1621615606357	OK	 
GROUP	Scen_1,SearchName_smith	1621615604104	1621615606358	2252	OK
REQUEST	Scen_1,S_1503326775	Select_thomas	1621615606347	1621615606428	OK	 
REQUEST	Scen_1,S_2003327496	Select_smith	1621615608308	1621615608411	OK	 
REQUEST	Scen_1,S_2003327496	request_1	1621615608411	1621615611322	OK	 
REQUEST	Scen_1,S_1503326775	request_1	1621615606429	1621615612160	OK	 
REQUEST	Scen_1,S_2003327496	request_2003327496	1621615611322	1621615615410	OK	 
GROUP	Scen_1,S_2003327496	1621615608307	1621615615411	7102	OK
REQUEST	Scen_1,S_1503326775	request_1503326775	1621615612160	1621615616561	OK	 
GROUP	Scen_1,S_1503326775	1621615606346	1621615616561	10213	OK
REQUEST	Scen_1,DrillDown_smith	67992	1621615617313	1621615617650	OK	 
GROUP	Scen_1,DrillDown_smith	1621615617313	1621615617650	337	OK
REQUEST	Scen_1,DrillDown_thomas	68055	1621615618247	1621615618564	OK	 
GROUP	Scen_1,DrillDown_thomas	1621615618246	1621615618564	317	OK
REQUEST	Scen_1,SearchByActiveMember	Select_SearchByActiveMember	1621615619648	1621615619817	OK	 
GROUP	Scen_1,SearchByActiveMember	1621615619648	1621615619818	169	OK
REQUEST	Scen_1,SearchByActiveMember	Select_SearchByActiveMember	1621615620364	1621615621231	OK	 
GROUP	Scen_1,SearchByActiveMember	1621615620364	1621615621232	867	OK
REQUEST	Scen_1,SearchName_roger	Search_1	1621615621122	1621615622095	OK	 
REQUEST	Scen_1,SearchName_roger	Search_403328329	1621615622096	1621615623731	OK	 
GROUP	Scen_1,SearchName_roger	1621615621122	1621615623731	2608	OK
REQUEST	Scen_1,SearchName_baker	Search_1	1621615622908	1621615624052	OK	 
REQUEST	Scen_1,SearchName_baker	Search_1803327625	1621615624052	1621615624951	OK	 
GROUP	Scen_1,SearchName_baker	1621615622907	1621615624952	2043	OK
REQUEST	Scen_1,S_403328329	Select_roger	1621615624914	1621615625041	OK	 
REQUEST	Scen_1,S_403328329	request_1	1621615625041	1621615625540	OK	 
REQUEST	Scen_1,S_1803327625	Select_baker	1621615626284	1621615626457	OK	 
REQUEST	Scen_1,S_1803327625	request_1	1621615626458	1621615626803	OK	 
REQUEST	Scen_1,S_403328329	request_403328329	1621615625540	1621615628441	OK	 
GROUP	Scen_1,S_403328329	1621615624914	1621615628442	3527	OK
REQUEST	Scen_1,S_1803327625	request_1803327625	1621615626803	1621615629979	OK	 
GROUP	Scen_1,S_1803327625	1621615626284	1621615629979	3694	OK
REQUEST	Scen_1,DrillDown_roger	63702	1621615629476	1621615629979	OK	 
GROUP	Scen_1,DrillDown_roger	1621615629476	1621615629979	503	OK
REQUEST	Scen_1,SearchByActiveMember	Select_SearchByActiveMember	1621615631004	1621615631189	OK	 
GROUP	Scen_1,SearchByActiveMember	1621615631003	1621615631189	185	OK
REQUEST	Scen_1,DrillDown_baker	68321	1621615631831	1621615632441	OK	 
GROUP	Scen_1,DrillDown_baker	1621615631830	1621615632442	610	OK
REQUEST	Scen_1,SearchName_douglas	Search_1	1621615633109	1621615633751	OK	 
REQUEST	Scen_1,SearchByActiveMember	Select_SearchByActiveMember	1621615633740	1621615633886	OK	 
GROUP	Scen_1,SearchByActiveMember	1621615633740	1621615633886	146	OK
REQUEST	Scen_1,SearchName_douglas	Search_2003330312	1621615633752	1621615634379	OK	 
GROUP	Scen_1,SearchName_douglas	1621615633108	1621615634379	1269	OK
REQUEST	Scen_1,S_2003330312	Select_douglas	1621615635834	1621615636015	OK	 
REQUEST	Scen_1,SearchName_thomas	Search_1	1621615634916	1621615636431	OK	 
REQUEST	Scen_1,SearchName_thomas	Search_1503326775	1621615636431	1621615637350	OK	 
GROUP	Scen_1,SearchName_thomas	1621615634916	1621615637351	2434	OK
REQUEST	Scen_1,S_2003330312	request_1	1621615636016	1621615638579	OK	 
REQUEST	Scen_1,S_1503326775	Select_thomas	1621615639128	1621615639306	OK	 
REQUEST	Scen_1,S_2003330312	request_2003330312	1621615638580	1621615641751	OK	 
GROUP	Scen_1,S_2003330312	1621615635833	1621615641751	5915	OK
REQUEST	Scen_1,S_1503326775	request_1	1621615639307	1621615642266	OK	 
REQUEST	Scen_1,DrillDown_douglas	64881	1621615643437	1621615644419	OK	 
GROUP	Scen_1,DrillDown_douglas	1621615643437	1621615644419	982	OK
REQUEST	Scen_1,S_1503326775	request_1503326775	1621615642266	1621615644458	OK	 
GROUP	Scen_1,S_1503326775	1621615639127	1621615644458	5329	OK
REQUEST	Scen_1,SearchByActiveMember	Select_SearchByActiveMember	1621615645670	1621615646102	OK	 
GROUP	Scen_1,SearchByActiveMember	1621615645670	1621615646102	432	OK
REQUEST	Scen_1,DrillDown_thomas	68055	1621615646165	1621615646479	OK	 
GROUP	Scen_1,DrillDown_thomas	1621615646165	1621615646479	314	OK
REQUEST	Scen_1,SearchByActiveMember	Select_SearchByActiveMember	1621615647602	1621615647760	OK	 
GROUP	Scen_1,SearchByActiveMember	1621615647601	1621615647761	158	OK
REQUEST	Scen_1,SearchName_smith	Search_1	1621615647568	1621615649001	OK	 
REQUEST	Scen_1,SearchName_smith	Search_2003327496	1621615649002	1621615651584	OK	 
REQUEST	Scen_1,SearchName_roger	Search_1	1621615648990	1621615651584	OK	 
GROUP	Scen_1,SearchName_smith	1621615647568	1621615651585	4015	OK
REQUEST	Scen_1,SearchName_roger	Search_403328329	1621615651585	1621615653233	OK	 
GROUP	Scen_1,SearchName_roger	1621615648990	1621615653234	4242	OK
REQUEST	Scen_1,S_2003327496	Select_smith	1621615653393	1621615653563	OK	 
REQUEST	Scen_1,S_403328329	Select_roger	1621615655021	1621615655163	OK	 
REQUEST	Scen_1,S_403328329	request_1	1621615655164	1621615655783	OK	 
REQUEST	Scen_1,S_2003327496	request_1	1621615653564	1621615656090	OK	 
REQUEST	Scen_1,S_403328329	request_403328329	1621615655784	1621615660928	OK	 
GROUP	Scen_1,S_403328329	1621615655021	1621615660928	5905	OK
REQUEST	Scen_1,S_2003327496	request_2003327496	1621615656090	1621615661419	OK	 
GROUP	Scen_1,S_2003327496	1621615653393	1621615661419	8025	OK
REQUEST	Scen_1,DrillDown_roger	63702	1621615662348	1621615662535	OK	 
GROUP	Scen_1,DrillDown_roger	1621615662348	1621615662535	187	OK
REQUEST	Scen_1,DrillDown_smith	67992	1621615663258	1621615663382	OK	 
GROUP	Scen_1,DrillDown_smith	1621615663257	1621615663382	124	OK
REQUEST	Scen_1,SearchByActiveMember	Select_SearchByActiveMember	1621615664138	1621615664528	OK	 
GROUP	Scen_1,SearchByActiveMember	1621615664138	1621615664529	390	OK
REQUEST	Scen_1,SearchByActiveMember	Select_SearchByActiveMember	1621615665028	1621615665362	OK	 
GROUP	Scen_1,SearchByActiveMember	1621615665028	1621615665363	334	OK
REQUEST	Scen_1,SearchName_baker	Search_1	1621615666280	1621615667249	OK	 
REQUEST	Scen_1,SearchName_douglas	Search_1	1621615667281	1621615668172	OK	 
REQUEST	Scen_1,SearchName_baker	Search_1803327625	1621615667250	1621615668271	OK	 
GROUP	Scen_1,SearchName_baker	1621615666279	1621615668271	1990	OK
REQUEST	Scen_1,SearchName_douglas	Search_2003330312	1621615668172	1621615669093	OK	 
GROUP	Scen_1,SearchName_douglas	1621615667281	1621615669093	1812	OK
REQUEST	Scen_1,S_2003330312	Select_douglas	1621615670097	1621615670303	OK	 
REQUEST	Scen_1,S_1803327625	Select_baker	1621615670169	1621615670304	OK	 
REQUEST	Scen_1,S_1803327625	request_1	1621615670305	1621615671449	OK	 
REQUEST	Scen_1,S_2003330312	request_1	1621615670304	1621615673295	OK	 
REQUEST	Scen_1,S_1803327625	request_1803327625	1621615671450	1621615675136	OK	 
GROUP	Scen_1,S_1803327625	1621615670169	1621615675137	4965	OK
REQUEST	Scen_1,S_2003330312	request_2003330312	1621615673296	1621615676487	OK	 
GROUP	Scen_1,S_2003330312	1621615670097	1621615676487	6388	OK
REQUEST	Scen_1,DrillDown_baker	68321	1621615676609	1621615676761	OK	 
GROUP	Scen_1,DrillDown_baker	1621615676608	1621615676762	152	OK
REQUEST	Scen_1,SearchByActiveMember	Select_SearchByActiveMember	1621615678751	1621615679128	OK	 
GROUP	Scen_1,SearchByActiveMember	1621615678751	1621615679128	377	OK
REQUEST	Scen_1,DrillDown_douglas	64881	1621615678328	1621615679188	OK	 
GROUP	Scen_1,DrillDown_douglas	1621615678327	1621615679188	860	OK
REQUEST	Scen_1,SearchByActiveMember	Select_SearchByActiveMember	1621615680746	1621615681099	OK	 
GROUP	Scen_1,SearchByActiveMember	1621615680746	1621615681100	353	OK
REQUEST	Scen_1,SearchName_thomas	Search_1	1621615680439	1621615681998	OK	 
REQUEST	Scen_1,SearchName_thomas	Search_1503326775	1621615681998	1621615684362	OK	 
GROUP	Scen_1,SearchName_thomas	1621615680439	1621615684362	3923	OK
REQUEST	Scen_1,SearchName_smith	Search_1	1621615682418	1621615684877	OK	 
REQUEST	Scen_1,S_1503326775	Select_thomas	1621615686365	1621615686661	OK	 
REQUEST	Scen_1,SearchName_smith	Search_2003327496	1621615684878	1621615686661	OK	 
GROUP	Scen_1,SearchName_smith	1621615682417	1621615686661	4242	OK
REQUEST	Scen_1,S_2003327496	Select_smith	1621615688229	1621615688591	OK	 
REQUEST	Scen_1,S_1503326775	request_1	1621615686661	1621615689780	OK	 
REQUEST	Scen_1,S_2003327496	request_1	1621615688591	1621615691008	OK	 
REQUEST	Scen_1,S_1503326775	request_1503326775	1621615689780	1621615694799	OK	 
GROUP	Scen_1,S_1503326775	1621615686364	1621615694799	8434	OK
REQUEST	Scen_1,S_2003327496	request_2003327496	1621615691009	1621615695511	OK	 
GROUP	Scen_1,S_2003327496	1621615688229	1621615695512	7281	OK
REQUEST	Scen_1,DrillDown_thomas	68055	1621615695886	1621615696255	OK	 
GROUP	Scen_1,DrillDown_thomas	1621615695886	1621615696255	369	OK
REQUEST	Scen_1,DrillDown_smith	67992	1621615696709	1621615697054	OK	 
GROUP	Scen_1,DrillDown_smith	1621615696708	1621615697054	345	OK
REQUEST	Scen_1,SearchByActiveMember	Select_SearchByActiveMember	1621615698138	1621615698321	OK	 
GROUP	Scen_1,SearchByActiveMember	1621615698138	1621615698321	183	OK
REQUEST	Scen_1,SearchByActiveMember	Select_SearchByActiveMember	1621615698368	1621615698487	OK	 
GROUP	Scen_1,SearchByActiveMember	1621615698368	1621615698487	119	OK
REQUEST	Scen_1,SearchName_baker	Search_1	1621615699553	1621615701251	OK	 
REQUEST	Scen_1,SearchName_roger	Search_1	1621615699508	1621615702477	OK	 
REQUEST	Scen_1,SearchName_baker	Search_1803327625	1621615701252	1621615702555	OK	 
GROUP	Scen_1,SearchName_baker	1621615699552	1621615702555	3001	OK
REQUEST	Scen_1,SearchName_roger	Search_403328329	1621615702478	1621615703735	OK	 
GROUP	Scen_1,SearchName_roger	1621615699507	1621615703735	4226	OK
REQUEST	Scen_1,S_1803327625	Select_baker	1621615703810	1621615703930	OK	 
REQUEST	Scen_1,S_1803327625	request_1	1621615703931	1621615705038	OK	 
REQUEST	Scen_1,S_403328329	Select_roger	1621615705510	1621615705639	OK	 
REQUEST	Scen_1,S_403328329	request_1	1621615705640	1621615706676	OK	 
REQUEST	Scen_1,S_1803327625	request_1803327625	1621615705039	1621615709245	OK	 
GROUP	Scen_1,S_1803327625	1621615703810	1621615709246	5433	OK
REQUEST	Scen_1,S_403328329	request_403328329	1621615706676	1621615710469	OK	 
GROUP	Scen_1,S_403328329	1621615705510	1621615710470	4958	OK
REQUEST	Scen_1,DrillDown_baker	68321	1621615711250	1621615711418	OK	 
GROUP	Scen_1,DrillDown_baker	1621615711250	1621615711419	168	OK
REQUEST	Scen_1,DrillDown_roger	63702	1621615711708	1621615711876	OK	 
GROUP	Scen_1,DrillDown_roger	1621615711708	1621615711876	168	OK
REQUEST	Scen_1,SearchByActiveMember	Select_SearchByActiveMember	1621615713117	1621615713401	OK	 
GROUP	Scen_1,SearchByActiveMember	1621615713117	1621615713402	284	OK
REQUEST	Scen_1,SearchByActiveMember	Select_SearchByActiveMember	1621615713184	1621615713574	OK	 
GROUP	Scen_1,SearchByActiveMember	1621615713184	1621615713575	390	OK
REQUEST	Scen_1,SearchName_douglas	Search_1	1621615714953	1621615716303	OK	 
REQUEST	Scen_1,SearchName_thomas	Search_1	1621615714716	1621615717015	OK	 
REQUEST	Scen_1,SearchName_douglas	Search_2003330312	1621615716304	1621615717530	OK	 
GROUP	Scen_1,SearchName_douglas	1621615714952	1621615717531	2576	OK
REQUEST	Scen_1,SearchName_thomas	Search_1503326775	1621615717015	1621615718759	OK	 
GROUP	Scen_1,SearchName_thomas	1621615714716	1621615718759	4043	OK
REQUEST	Scen_1,S_2003330312	Select_douglas	1621615718870	1621615719006	OK	 
REQUEST	Scen_1,S_1503326775	Select_thomas	1621615720004	1621615720207	OK	 
REQUEST	Scen_1,S_2003330312	request_1	1621615719006	1621615721316	OK	 
REQUEST	Scen_1,S_1503326775	request_1	1621615720207	1621615722957	OK	 
REQUEST	Scen_1,S_2003330312	request_2003330312	1621615721316	1621615725925	OK	 
GROUP	Scen_1,S_2003330312	1621615718870	1621615725925	7055	OK
REQUEST	Scen_1,S_1503326775	request_1503326775	1621615722958	1621615726951	OK	 
GROUP	Scen_1,S_1503326775	1621615720004	1621615726952	6946	OK
REQUEST	Scen_1,DrillDown_douglas	64881	1621615727801	1621615728030	OK	 
GROUP	Scen_1,DrillDown_douglas	1621615727801	1621615728030	229	OK
REQUEST	Scen_1,DrillDown_thomas	68055	1621615728459	1621615728575	OK	 
GROUP	Scen_1,DrillDown_thomas	1621615728459	1621615728576	116	OK
REQUEST	Scen_1,SearchByActiveMember	Select_SearchByActiveMember	1621615729393	1621615729833	OK	 
GROUP	Scen_1,SearchByActiveMember	1621615729393	1621615729833	440	OK
REQUEST	Scen_1,SearchByActiveMember	Select_SearchByActiveMember	1621615730435	1621615731690	OK	 
GROUP	Scen_1,SearchByActiveMember	1621615730434	1621615731691	1255	OK
REQUEST	Scen_1,SearchName_smith	Search_1	1621615731298	1621615732981	OK	 
REQUEST	Scen_1,SearchName_smith	Search_2003327496	1621615732981	1621615734945	OK	 
GROUP	Scen_1,SearchName_smith	1621615731297	1621615734945	3647	OK
REQUEST	Scen_1,SearchName_roger	Search_1	1621615733548	1621615735449	OK	 
REQUEST	Scen_1,S_2003327496	Select_smith	1621615736836	1621615736961	OK	 
REQUEST	Scen_1,SearchName_roger	Search_403328329	1621615735450	1621615737323	OK	 
GROUP	Scen_1,SearchName_roger	1621615733548	1621615737323	3774	OK
REQUEST	Scen_1,S_403328329	Select_roger	1621615738490	1621615738655	OK	 
REQUEST	Scen_1,S_403328329	request_1	1621615738655	1621615739342	OK	 
REQUEST	Scen_1,S_2003327496	request_1	1621615736962	1621615739350	OK	 
REQUEST	Scen_1,S_403328329	request_403328329	1621615739343	1621615744871	OK	 
GROUP	Scen_1,S_403328329	1621615738489	1621615744872	6380	OK
REQUEST	Scen_1,S_2003327496	request_2003327496	1621615739351	1621615744871	OK	 
GROUP	Scen_1,S_2003327496	1621615736836	1621615744872	8033	OK
REQUEST	Scen_1,DrillDown_roger	63702	1621615746540	1621615746774	OK	 
GROUP	Scen_1,DrillDown_roger	1621615746539	1621615746775	234	OK
REQUEST	Scen_1,DrillDown_smith	67992	1621615746698	1621615746804	OK	 
GROUP	Scen_1,DrillDown_smith	1621615746697	1621615746804	106	OK
GROUP	Scen_1	1621615579911	1621615748574	105358	OK
USER	Users_1	END	1621615748576
REQUEST	Scen_1,SearchByActiveMember	Select_SearchByActiveMember	1621615748374	1621615748749	OK	 
GROUP	Scen_1,SearchByActiveMember	1621615748373	1621615748750	375	OK
REQUEST	Scen_1,SearchName_baker	Search_1	1621615750373	1621615751015	OK	 
REQUEST	Scen_1,SearchName_baker	Search_1803327625	1621615751016	1621615751630	OK	 
GROUP	Scen_1,SearchName_baker	1621615750373	1621615751630	1256	OK
REQUEST	Scen_1,S_1803327625	Select_baker	1621615753301	1621615753443	OK	 
REQUEST	Scen_1,S_1803327625	request_1	1621615753443	1621615754292	OK	 
REQUEST	Scen_1,S_1803327625	request_1803327625	1621615754292	1621615756954	OK	 
GROUP	Scen_1,S_1803327625	1621615753300	1621615756955	3653	OK
REQUEST	Scen_1,DrillDown_baker	68321	1621615758642	1621615758838	OK	 
GROUP	Scen_1,DrillDown_baker	1621615758641	1621615758838	196	OK
GROUP	Scen_1	1621615598483	1621615760531	99715	OK
USER	Users_1	END	1621615760532
