RUN	Optum.Framework.OptumSim	optumsim	1625674229181	Optum.Framework.OptumSim-SIMULATION_1_1:SIMULATION_2_1:SIMULATION_3_1:Iterations_1	3.5.1
USER	Users_1	START	1625674230679
REQUEST	Scen_1,Login		1625674230695	1625674230968	OK	 
REQUEST	Scen_1,Login	favicon.ico	1625674231019	1625674231215	OK	 
REQUEST	Scen_1,Login	styles-es5.8dcb7b1cdd5d944ad068.js	1625674231217	1625674231304	OK	 
REQUEST	Scen_1,Login	runtime-es2015.a02b527030695c21acab.js	1625674231019	1625674231375	OK	 
REQUEST	Scen_1,Login	icon?family=Material+Icons	1625674231022	1625674231378	OK	 
REQUEST	Scen_1,Login	runtime-es5.a02b527030695c21acab.js	1625674231020	1625674231393	OK	 
REQUEST	Scen_1,Login	styles-es2015.8dcb7b1cdd5d944ad068.js	1625674231021	1625674231442	OK	 
REQUEST	Scen_1,Login	polyfills-es5.7951a9b6d5d3faf73072.js	1625674231021	1625674231515	OK	 
REQUEST	Scen_1,Login	polyfills-es2015.08b3d487343e8bcb5f4b.js	1625674231021	1625674231516	OK	 
REQUEST	Scen_1,Login	main-es2015.8a12e6f1e5b08471ce36.js	1625674231304	1625674231846	OK	 
REQUEST	Scen_1,Login	main-es5.8a12e6f1e5b08471ce36.js	1625674231375	1625674232315	OK	 
REQUEST	Scen_1,Login		1625674232316	1625674232381	OK	 
REQUEST	Scen_1,Login		1625674232383	1625674232447	OK	 
REQUEST	Scen_1,Login		1625674232449	1625674232512	OK	 
REQUEST	Scen_1,Login	favicon.ico	1625674232518	1625674232578	OK	 
REQUEST	Scen_1,Login	runtime-es2015.a02b527030695c21acab.js	1625674232518	1625674232587	OK	 
REQUEST	Scen_1,Login	runtime-es5.a02b527030695c21acab.js	1625674232519	1625674232588	OK	 
REQUEST	Scen_1,Login	polyfills-es5.7951a9b6d5d3faf73072.js	1625674232519	1625674232784	OK	 
REQUEST	Scen_1,Login	polyfills-es2015.08b3d487343e8bcb5f4b.js	1625674232520	1625674232795	OK	 
REQUEST	Scen_1,Login	styles-es2015.8dcb7b1cdd5d944ad068.js	1625674232520	1625674232796	OK	 
REQUEST	Scen_1,Login		1625674232797	1625674232989	OK	 
REQUEST	Scen_1,Login		1625674232990	1625674233452	OK	 
GROUP	Scen_1,Login	1625674230682	1625674233452	2699	OK
REQUEST	Scen_1,SearchByActiveMember	Select_SearchByActiveMember	1625674234460	1625674234587	OK	 
GROUP	Scen_1,SearchByActiveMember	1625674234460	1625674234587	127	OK
REQUEST	Scen_1,SearchName_Name	Search_1	1625674235742	1625674235995	OK	 
REQUEST	Scen_1,SearchName_Name	Search_3231359	1625674235999	1625674236317	OK	 
GROUP	Scen_1,SearchName_Name	1625674235741	1625674236318	571	OK
REQUEST	Scen_1,S_3231359	Select_Smith	1625674238302	1625674238399	OK	 
REQUEST	Scen_1,S_3231359	request_1	1625674238402	1625674238877	OK	 
REQUEST	Scen_1,S_3231359	request_3231359	1625674238879	1625674239183	OK	 
GROUP	Scen_1,S_3231359	1625674238301	1625674239183	876	OK
REQUEST	Scen_1,DrillDown_Smith	70078	1625674240940	1625674241275	OK	 
GROUP	Scen_1,DrillDown_Smith	1625674240939	1625674241276	335	OK
GROUP	Scen_1	1625674230681	1625674242983	4608	OK
USER	Users_1	END	1625674242986
