RUN	StarTest.Framework.StarSim	starsim	1624992230621	StarTest.Framework.StarSim-SIMULATION_1_40:SIMULATION_2_0:SIMULATION_3_0:Iterations_1000	3.5.1
REQUEST	LOGIN	LOGIN	1624992232036	1624992232089	KO	j.n.UnknownHostException: pike-api-star-stg.origin-ctc-core.optum.com: nodename nor servname provided, or not known
GROUP	LOGIN	1624992232020	1624992232102	53	KO
USER	Users_1	START	1624992232017
ERROR	GetStarNote: Failed to build request: No attribute named 'auth_token' is defined 	1624992232109
GROUP	GetStarNote	1624992232105	1624992232110	0	KO
REQUEST	LOGIN	LOGIN	1624992232267	1624992232267	KO	j.n.UnknownHostException: pike-api-star-stg.origin-ctc-core.optum.com
GROUP	LOGIN	1624992232266	1624992232268	1	KO
USER	Users_1	START	1624992232266
ERROR	GetStarNote: Failed to build request: No attribute named 'auth_token' is defined 	1624992232269
GROUP	GetStarNote	1624992232268	1624992232269	0	KO
REQUEST	LOGIN	LOGIN	1624992232516	1624992232516	KO	j.n.UnknownHostException: pike-api-star-stg.origin-ctc-core.optum.com
GROUP	LOGIN	1624992232515	1624992232517	1	KO
USER	Users_1	START	1624992232515
ERROR	GetStarNote: Failed to build request: No attribute named 'auth_token' is defined 	1624992232518
GROUP	GetStarNote	1624992232518	1624992232518	0	KO
REQUEST	LOGIN	LOGIN	1624992232767	1624992232767	KO	j.n.UnknownHostException: pike-api-star-stg.origin-ctc-core.optum.com
GROUP	LOGIN	1624992232766	1624992232768	1	KO
USER	Users_1	START	1624992232766
ERROR	GetStarNote: Failed to build request: No attribute named 'auth_token' is defined 	1624992232768
GROUP	GetStarNote	1624992232768	1624992232768	0	KO
REQUEST	LOGIN	LOGIN	1624992233018	1624992233018	KO	j.n.UnknownHostException: pike-api-star-stg.origin-ctc-core.optum.com
GROUP	LOGIN	1624992233017	1624992233019	1	KO
USER	Users_1	START	1624992233017
ERROR	GetStarNote: Failed to build request: No attribute named 'auth_token' is defined 	1624992233019
GROUP	GetStarNote	1624992233019	1624992233020	0	KO
REQUEST	LOGIN	LOGIN	1624992233268	1624992233268	KO	j.n.UnknownHostException: pike-api-star-stg.origin-ctc-core.optum.com
GROUP	LOGIN	1624992233267	1624992233268	1	KO
USER	Users_1	START	1624992233267
ERROR	GetStarNote: Failed to build request: No attribute named 'auth_token' is defined 	1624992233269
GROUP	GetStarNote	1624992233269	1624992233269	0	KO
REQUEST	LOGIN	LOGIN	1624992233515	1624992233515	KO	j.n.UnknownHostException: pike-api-star-stg.origin-ctc-core.optum.com
GROUP	LOGIN	1624992233514	1624992233516	1	KO
USER	Users_1	START	1624992233514
ERROR	GetStarNote: Failed to build request: No attribute named 'auth_token' is defined 	1624992233517
GROUP	GetStarNote	1624992233517	1624992233517	0	KO
REQUEST	LOGIN	LOGIN	1624992233767	1624992233767	KO	j.n.UnknownHostException: pike-api-star-stg.origin-ctc-core.optum.com
GROUP	LOGIN	1624992233767	1624992233768	1	KO
USER	Users_1	START	1624992233766
ERROR	GetStarNote: Failed to build request: No attribute named 'auth_token' is defined 	1624992233769
GROUP	GetStarNote	1624992233769	1624992233769	0	KO
REQUEST	LOGIN	LOGIN	1624992234017	1624992234017	KO	j.n.UnknownHostException: pike-api-star-stg.origin-ctc-core.optum.com
GROUP	LOGIN	1624992234016	1624992234019	1	KO
USER	Users_1	START	1624992234016
ERROR	GetStarNote: Failed to build request: No attribute named 'auth_token' is defined 	1624992234019
GROUP	GetStarNote	1624992234019	1624992234019	0	KO
REQUEST	LOGIN	LOGIN	1624992234264	1624992234264	KO	j.n.UnknownHostException: pike-api-star-stg.origin-ctc-core.optum.com
GROUP	LOGIN	1624992234263	1624992234265	1	KO
USER	Users_1	START	1624992234263
ERROR	GetStarNote: Failed to build request: No attribute named 'auth_token' is defined 	1624992234265
GROUP	GetStarNote	1624992234265	1624992234265	0	KO
ERROR	GetEpisodeOfCare: Failed to build request: No attribute named 'auth_token' is defined 	1624992234349
GROUP	GetEpisodeOfCare	1624992234349	1624992234350	0	KO
ERROR	GetEpisodeOfCare: Failed to build request: No attribute named 'auth_token' is defined 	1624992234396
GROUP	GetEpisodeOfCare	1624992234396	1624992234397	0	KO
REQUEST	LOGIN	LOGIN	1624992234510	1624992234510	KO	j.n.UnknownHostException: pike-api-star-stg.origin-ctc-core.optum.com
GROUP	LOGIN	1624992234509	1624992234511	1	KO
USER	Users_1	START	1624992234509
ERROR	GetStarNote: Failed to build request: No attribute named 'auth_token' is defined 	1624992234512
GROUP	GetStarNote	1624992234511	1624992234512	0	KO
ERROR	GetEpisodeOfCare: Failed to build request: No attribute named 'auth_token' is defined 	1624992234517
GROUP	GetEpisodeOfCare	1624992234516	1624992234517	0	KO
ERROR	GetEpisodeOfCare: Failed to build request: No attribute named 'auth_token' is defined 	1624992234666
GROUP	GetEpisodeOfCare	1624992234666	1624992234667	0	KO
REQUEST	LOGIN	LOGIN	1624992234761	1624992234761	KO	j.n.UnknownHostException: pike-api-star-stg.origin-ctc-core.optum.com
GROUP	LOGIN	1624992234761	1624992234762	1	KO
USER	Users_1	START	1624992234760
ERROR	GetStarNote: Failed to build request: No attribute named 'auth_token' is defined 	1624992234763
GROUP	GetStarNote	1624992234763	1624992234763	0	KO
REQUEST	LOGIN	LOGIN	1624992235012	1624992235012	KO	j.n.UnknownHostException: pike-api-star-stg.origin-ctc-core.optum.com
GROUP	LOGIN	1624992235011	1624992235013	1	KO
USER	Users_1	START	1624992235011
ERROR	GetStarNote: Failed to build request: No attribute named 'auth_token' is defined 	1624992235014
GROUP	GetStarNote	1624992235014	1624992235014	0	KO
ERROR	GetEpisodeOfCare: Failed to build request: No attribute named 'auth_token' is defined 	1624992235043
GROUP	GetEpisodeOfCare	1624992235043	1624992235043	0	KO
ERROR	GetEpisodeOfCare: Failed to build request: No attribute named 'auth_token' is defined 	1624992235128
GROUP	GetEpisodeOfCare	1624992235127	1624992235128	0	KO
REQUEST	LOGIN	LOGIN	1624992235261	1624992235261	KO	j.n.UnknownHostException: pike-api-star-stg.origin-ctc-core.optum.com
GROUP	LOGIN	1624992235260	1624992235262	1	KO
USER	Users_1	START	1624992235260
ERROR	GetStarNote: Failed to build request: No attribute named 'auth_token' is defined 	1624992235262
GROUP	GetStarNote	1624992235262	1624992235263	0	KO
ERROR	GetEpisodeOfCare: Failed to build request: No attribute named 'auth_token' is defined 	1624992235515
GROUP	GetEpisodeOfCare	1624992235515	1624992235515	0	KO
REQUEST	LOGIN	LOGIN	1624992235514	1624992235514	KO	j.n.UnknownHostException: pike-api-star-stg.origin-ctc-core.optum.com
GROUP	LOGIN	1624992235514	1624992235515	1	KO
USER	Users_1	START	1624992235513
ERROR	GetStarNote: Failed to build request: No attribute named 'auth_token' is defined 	1624992235516
GROUP	GetStarNote	1624992235516	1624992235516	0	KO
ERROR	GetStarUIMemberList: Failed to build request: No attribute named 'auth_token' is defined 	1624992235575
GROUP	GetStarUIMemberList	1624992235574	1624992235575	0	KO
ERROR	GetEpisodeOfCare: Failed to build request: No attribute named 'auth_token' is defined 	1624992235617
GROUP	GetEpisodeOfCare	1624992235617	1624992235617	0	KO
REQUEST	LOGIN	LOGIN	1624992235763	1624992235764	KO	j.n.UnknownHostException: pike-api-star-stg.origin-ctc-core.optum.com
GROUP	LOGIN	1624992235763	1624992235764	1	KO
USER	Users_1	START	1624992235763
ERROR	GetStarNote: Failed to build request: No attribute named 'auth_token' is defined 	1624992235765
GROUP	GetStarNote	1624992235765	1624992235765	0	KO
ERROR	GetStarUIMemberList: Failed to build request: No attribute named 'auth_token' is defined 	1624992235832
GROUP	GetStarUIMemberList	1624992235832	1624992235833	0	KO
ERROR	GetEpisodeOfCare: Failed to build request: No attribute named 'auth_token' is defined 	1624992235869
GROUP	GetEpisodeOfCare	1624992235869	1624992235869	0	KO
REQUEST	LOGIN	LOGIN	1624992236013	1624992236014	KO	j.n.UnknownHostException: pike-api-star-stg.origin-ctc-core.optum.com
GROUP	LOGIN	1624992236013	1624992236014	1	KO
USER	Users_1	START	1624992236013
ERROR	GetStarNote: Failed to build request: No attribute named 'auth_token' is defined 	1624992236015
GROUP	GetStarNote	1624992236015	1624992236015	0	KO
ERROR	GetEpisodeOfCare: Failed to build request: No attribute named 'auth_token' is defined 	1624992236114
GROUP	GetEpisodeOfCare	1624992236113	1624992236114	0	KO
REQUEST	LOGIN	LOGIN	1624992236264	1624992236264	KO	j.n.UnknownHostException: pike-api-star-stg.origin-ctc-core.optum.com
GROUP	LOGIN	1624992236263	1624992236265	1	KO
USER	Users_1	START	1624992236263
ERROR	GetStarNote: Failed to build request: No attribute named 'auth_token' is defined 	1624992236265
GROUP	GetStarNote	1624992236265	1624992236265	0	KO
ERROR	GetStarUIMemberList: Failed to build request: No attribute named 'auth_token' is defined 	1624992236337
GROUP	GetStarUIMemberList	1624992236337	1624992236338	0	KO
ERROR	GetStarUIMemberList: Failed to build request: No attribute named 'auth_token' is defined 	1624992236417
GROUP	GetStarUIMemberList	1624992236416	1624992236417	0	KO
ERROR	GetEpisodeOfCare: Failed to build request: No attribute named 'auth_token' is defined 	1624992236428
GROUP	GetEpisodeOfCare	1624992236428	1624992236428	0	KO
ERROR	GetEpisodeOfCare: Failed to build request: No attribute named 'auth_token' is defined 	1624992236462
GROUP	GetEpisodeOfCare	1624992236461	1624992236462	0	KO
REQUEST	LOGIN	LOGIN	1624992236513	1624992236513	KO	j.n.UnknownHostException: pike-api-star-stg.origin-ctc-core.optum.com
GROUP	LOGIN	1624992236512	1624992236514	1	KO
USER	Users_1	START	1624992236512
ERROR	GetStarNote: Failed to build request: No attribute named 'auth_token' is defined 	1624992236515
GROUP	GetStarNote	1624992236515	1624992236515	0	KO
REQUEST	LOGIN	LOGIN	1624992236760	1624992236760	KO	j.n.UnknownHostException: pike-api-star-stg.origin-ctc-core.optum.com
GROUP	LOGIN	1624992236759	1624992236761	1	KO
USER	Users_1	START	1624992236759
ERROR	GetStarNote: Failed to build request: No attribute named 'auth_token' is defined 	1624992236762
GROUP	GetStarNote	1624992236761	1624992236762	0	KO
ERROR	GetEpisodeOfCare: Failed to build request: No attribute named 'auth_token' is defined 	1624992236810
GROUP	GetEpisodeOfCare	1624992236809	1624992236810	0	KO
ERROR	GetStarUIMemberList: Failed to build request: No attribute named 'auth_token' is defined 	1624992236949
GROUP	GetStarUIMemberList	1624992236949	1624992236950	0	KO
REQUEST	LOGIN	LOGIN	1624992237010	1624992237010	KO	j.n.UnknownHostException: pike-api-star-stg.origin-ctc-core.optum.com
GROUP	LOGIN	1624992237009	1624992237011	1	KO
USER	Users_1	START	1624992237009
ERROR	GetStarNote: Failed to build request: No attribute named 'auth_token' is defined 	1624992237011
GROUP	GetStarNote	1624992237011	1624992237012	0	KO
ERROR	GetEpisodeOfCare: Failed to build request: No attribute named 'auth_token' is defined 	1624992237012
GROUP	GetEpisodeOfCare	1624992237012	1624992237012	0	KO
ERROR	GetStarUIMemberList: Failed to build request: No attribute named 'auth_token' is defined 	1624992237039
GROUP	GetStarUIMemberList	1624992237039	1624992237039	0	KO
REQUEST	LOGIN	LOGIN	1624992237262	1624992237263	KO	j.n.UnknownHostException: pike-api-star-stg.origin-ctc-core.optum.com
GROUP	LOGIN	1624992237262	1624992237263	1	KO
USER	Users_1	START	1624992237262
ERROR	GetStarNote: Failed to build request: No attribute named 'auth_token' is defined 	1624992237264
GROUP	GetStarNote	1624992237264	1624992237264	0	KO
ERROR	GetStarUIMemberList: Failed to build request: No attribute named 'auth_token' is defined 	1624992237423
GROUP	GetStarUIMemberList	1624992237423	1624992237423	0	KO
ERROR	GetEpisodeOfCare: Failed to build request: No attribute named 'auth_token' is defined 	1624992237448
GROUP	GetEpisodeOfCare	1624992237448	1624992237448	0	KO
REQUEST	LOGIN	LOGIN	1624992237513	1624992237513	KO	j.n.UnknownHostException: pike-api-star-stg.origin-ctc-core.optum.com
GROUP	LOGIN	1624992237512	1624992237514	1	KO
USER	Users_1	START	1624992237512
ERROR	GetStarNote: Failed to build request: No attribute named 'auth_token' is defined 	1624992237515
GROUP	GetStarNote	1624992237514	1624992237515	0	KO
ERROR	GetStarUIMemberList: Failed to build request: No attribute named 'auth_token' is defined 	1624992237703
GROUP	GetStarUIMemberList	1624992237703	1624992237703	0	KO
ERROR	GetStarUIMemberDetail: Failed to build request: No attribute named 'auth_token' is defined 	1624992237704
GROUP	GetStarUIMemberDetail	1624992237704	1624992237704	0	KO
REQUEST	LOGIN	LOGIN	1624992237764	1624992237764	KO	j.n.UnknownHostException: pike-api-star-stg.origin-ctc-core.optum.com
GROUP	LOGIN	1624992237763	1624992237764	1	KO
USER	Users_1	START	1624992237763
ERROR	GetStarNote: Failed to build request: No attribute named 'auth_token' is defined 	1624992237765
GROUP	GetStarNote	1624992237765	1624992237765	0	KO
ERROR	GetStarUIMemberDetail: Failed to build request: No attribute named 'auth_token' is defined 	1624992237864
GROUP	GetStarUIMemberDetail	1624992237864	1624992237864	0	KO
REQUEST	LOGIN	LOGIN	1624992238014	1624992238014	KO	j.n.UnknownHostException: pike-api-star-stg.origin-ctc-core.optum.com
GROUP	LOGIN	1624992238014	1624992238015	1	KO
USER	Users_1	START	1624992238014
ERROR	GetStarNote: Failed to build request: No attribute named 'auth_token' is defined 	1624992238016
GROUP	GetStarNote	1624992238016	1624992238016	0	KO
ERROR	GetStarUIMemberDetail: Failed to build request: No attribute named 'auth_token' is defined 	1624992238055
GROUP	GetStarUIMemberDetail	1624992238055	1624992238056	0	KO
ERROR	GetStarUIMemberList: Failed to build request: No attribute named 'auth_token' is defined 	1624992238078
GROUP	GetStarUIMemberList	1624992238077	1624992238078	0	KO
ERROR	GetStarUIMemberList: Failed to build request: No attribute named 'auth_token' is defined 	1624992238088
GROUP	GetStarUIMemberList	1624992238088	1624992238088	0	KO
ERROR	GetStarUIMemberDetail: Failed to build request: No attribute named 'auth_token' is defined 	1624992238100
GROUP	GetStarUIMemberDetail	1624992238100	1624992238101	0	KO
ERROR	GetEpisodeOfCare: Failed to build request: No attribute named 'auth_token' is defined 	1624992238173
GROUP	GetEpisodeOfCare	1624992238173	1624992238174	0	KO
REQUEST	LOGIN	LOGIN	1624992238259	1624992238260	KO	j.n.UnknownHostException: pike-api-star-stg.origin-ctc-core.optum.com
GROUP	LOGIN	1624992238259	1624992238260	1	KO
USER	Users_1	START	1624992238259
ERROR	GetStarNote: Failed to build request: No attribute named 'auth_token' is defined 	1624992238261
GROUP	GetStarNote	1624992238261	1624992238261	0	KO
ERROR	GetEpisodeOfCare: Failed to build request: No attribute named 'auth_token' is defined 	1624992238292
GROUP	GetEpisodeOfCare	1624992238292	1624992238292	0	KO
ERROR	GetStarUIMemberList: Failed to build request: No attribute named 'auth_token' is defined 	1624992238426
GROUP	GetStarUIMemberList	1624992238425	1624992238426	0	KO
ERROR	GetStarUIMemberList: Failed to build request: No attribute named 'auth_token' is defined 	1624992238437
GROUP	GetStarUIMemberList	1624992238437	1624992238437	0	KO
REQUEST	LOGIN	LOGIN	1624992238513	1624992238513	KO	j.n.UnknownHostException: pike-api-star-stg.origin-ctc-core.optum.com
GROUP	LOGIN	1624992238512	1624992238514	1	KO
USER	Users_1	START	1624992238512
ERROR	GetStarNote: Failed to build request: No attribute named 'auth_token' is defined 	1624992238514
GROUP	GetStarNote	1624992238514	1624992238515	0	KO
ERROR	GetEpisodeOfCare: Failed to build request: No attribute named 'auth_token' is defined 	1624992238544
GROUP	GetEpisodeOfCare	1624992238543	1624992238544	0	KO
ERROR	GetStarUIMemberDetail: Failed to build request: No attribute named 'auth_token' is defined 	1624992238644
GROUP	GetStarUIMemberDetail	1624992238643	1624992238644	0	KO
ERROR	GetEpisodeOfCare: Failed to build request: No attribute named 'auth_token' is defined 	1624992238655
GROUP	GetEpisodeOfCare	1624992238654	1624992238655	0	KO
REQUEST	LOGIN	LOGIN	1624992238763	1624992238763	KO	j.n.UnknownHostException: pike-api-star-stg.origin-ctc-core.optum.com
GROUP	LOGIN	1624992238762	1624992238764	1	KO
USER	Users_1	START	1624992238762
ERROR	GetStarNote: Failed to build request: No attribute named 'auth_token' is defined 	1624992238764
GROUP	GetStarNote	1624992238764	1624992238764	0	KO
ERROR	GetStarUIMemberDetail: Failed to build request: No attribute named 'auth_token' is defined 	1624992238870
GROUP	GetStarUIMemberDetail	1624992238869	1624992238870	0	KO
ERROR	GetEpisodeOfCare: Failed to build request: No attribute named 'auth_token' is defined 	1624992238982
GROUP	GetEpisodeOfCare	1624992238982	1624992238983	0	KO
ERROR	GetStarUIMemberDetail: Failed to build request: No attribute named 'auth_token' is defined 	1624992238991
GROUP	GetStarUIMemberDetail	1624992238991	1624992238991	0	KO
REQUEST	LOGIN	LOGIN	1624992239013	1624992239013	KO	j.n.UnknownHostException: pike-api-star-stg.origin-ctc-core.optum.com
GROUP	LOGIN	1624992239013	1624992239014	1	KO
USER	Users_1	START	1624992239013
ERROR	GetStarNote: Failed to build request: No attribute named 'auth_token' is defined 	1624992239015
GROUP	GetStarNote	1624992239014	1624992239015	0	KO
ERROR	GetStarUIMemberList: Failed to build request: No attribute named 'auth_token' is defined 	1624992239030
GROUP	GetStarUIMemberList	1624992239030	1624992239030	0	KO
ERROR	GetEpisodeOfCare: Failed to build request: No attribute named 'auth_token' is defined 	1624992239150
GROUP	GetEpisodeOfCare	1624992239150	1624992239150	0	KO
REQUEST	LOGIN	LOGIN	1624992239262	1624992239262	KO	j.n.UnknownHostException: pike-api-star-stg.origin-ctc-core.optum.com
GROUP	LOGIN	1624992239262	1624992239263	1	KO
USER	Users_1	START	1624992239262
ERROR	GetStarNote: Failed to build request: No attribute named 'auth_token' is defined 	1624992239264
GROUP	GetStarNote	1624992239263	1624992239264	0	KO
ERROR	GetEpisodeOfCare: Failed to build request: No attribute named 'auth_token' is defined 	1624992239413
GROUP	GetEpisodeOfCare	1624992239413	1624992239414	0	KO
ERROR	GetStarUIMemberList: Failed to build request: No attribute named 'auth_token' is defined 	1624992239416
GROUP	GetStarUIMemberList	1624992239416	1624992239417	0	KO
ERROR	ChatTranscript: Failed to build request: No attribute named 'auth_token' is defined 	1624992239476
GROUP	ChatTranscript	1624992239476	1624992239476	0	KO
REQUEST	LOGIN	LOGIN	1624992239508	1624992239509	KO	j.n.UnknownHostException: pike-api-star-stg.origin-ctc-core.optum.com
GROUP	LOGIN	1624992239508	1624992239509	1	KO
USER	Users_1	START	1624992239508
ERROR	GetStarNote: Failed to build request: No attribute named 'auth_token' is defined 	1624992239510
GROUP	GetStarNote	1624992239510	1624992239510	0	KO
ERROR	GetEpisodeOfCare: Failed to build request: No attribute named 'auth_token' is defined 	1624992239549
GROUP	GetEpisodeOfCare	1624992239549	1624992239549	0	KO
ERROR	GetEpisodeOfCare: Failed to build request: No attribute named 'auth_token' is defined 	1624992239571
GROUP	GetEpisodeOfCare	1624992239571	1624992239571	0	KO
ERROR	GetStarUIMemberDetail: Failed to build request: No attribute named 'auth_token' is defined 	1624992239676
GROUP	GetStarUIMemberDetail	1624992239675	1624992239676	0	KO
ERROR	GetStarUIMemberDetail: Failed to build request: No attribute named 'auth_token' is defined 	1624992239720
GROUP	GetStarUIMemberDetail	1624992239720	1624992239720	0	KO
REQUEST	LOGIN	LOGIN	1624992239759	1624992239759	KO	j.n.UnknownHostException: pike-api-star-stg.origin-ctc-core.optum.com
GROUP	LOGIN	1624992239758	1624992239760	1	KO
USER	Users_1	START	1624992239758
ERROR	GetStarNote: Failed to build request: No attribute named 'auth_token' is defined 	1624992239760
GROUP	GetStarNote	1624992239760	1624992239760	0	KO
ERROR	GetStarUIMemberList: Failed to build request: No attribute named 'auth_token' is defined 	1624992239792
GROUP	GetStarUIMemberList	1624992239791	1624992239792	0	KO
ERROR	GetStarUIMemberList: Failed to build request: No attribute named 'auth_token' is defined 	1624992239873
GROUP	GetStarUIMemberList	1624992239873	1624992239873	0	KO
ERROR	ChatTranscript: Failed to build request: No attribute named 'auth_token' is defined 	1624992239880
GROUP	ChatTranscript	1624992239880	1624992239881	0	KO
ERROR	GetStarUIMemberDetail: Failed to build request: No attribute named 'auth_token' is defined 	1624992240013
GROUP	GetStarUIMemberDetail	1624992240012	1624992240013	0	KO
REQUEST	LOGIN	LOGIN	1624992240013	1624992240013	KO	j.n.UnknownHostException: pike-api-star-stg.origin-ctc-core.optum.com
GROUP	LOGIN	1624992240013	1624992240014	1	KO
USER	Users_1	START	1624992240013
ERROR	GetStarNote: Failed to build request: No attribute named 'auth_token' is defined 	1624992240015
GROUP	GetStarNote	1624992240014	1624992240015	0	KO
ERROR	ChatTranscript: Failed to build request: No attribute named 'auth_token' is defined 	1624992240046
GROUP	ChatTranscript	1624992240045	1624992240046	0	KO
ERROR	ChatTranscript: Failed to build request: No attribute named 'auth_token' is defined 	1624992240195
GROUP	ChatTranscript	1624992240195	1624992240195	0	KO
ERROR	GetStarUIMemberList: Failed to build request: No attribute named 'auth_token' is defined 	1624992240263
REQUEST	LOGIN	LOGIN	1624992240262	1624992240262	KO	j.n.UnknownHostException: pike-api-star-stg.origin-ctc-core.optum.com
GROUP	LOGIN	1624992240262	1624992240263	1	KO
GROUP	GetStarUIMemberList	1624992240263	1624992240263	0	KO
USER	Users_1	START	1624992240262
ERROR	GetStarNote: Failed to build request: No attribute named 'auth_token' is defined 	1624992240264
GROUP	GetStarNote	1624992240264	1624992240264	0	KO
ERROR	GetStarUIMemberList: Failed to build request: No attribute named 'auth_token' is defined 	1624992240265
GROUP	GetStarUIMemberList	1624992240265	1624992240266	0	KO
ERROR	GetEpisodeOfCare: Failed to build request: No attribute named 'auth_token' is defined 	1624992240481
GROUP	GetEpisodeOfCare	1624992240481	1624992240481	0	KO
REQUEST	LOGIN	LOGIN	1624992240513	1624992240513	KO	j.n.UnknownHostException: pike-api-star-stg.origin-ctc-core.optum.com
GROUP	LOGIN	1624992240512	1624992240514	1	KO
USER	Users_1	START	1624992240512
ERROR	GetStarNote: Failed to build request: No attribute named 'auth_token' is defined 	1624992240514
GROUP	GetStarNote	1624992240514	1624992240514	0	KO
ERROR	GetStarUIMemberList: Failed to build request: No attribute named 'auth_token' is defined 	1624992240566
GROUP	GetStarUIMemberList	1624992240565	1624992240566	0	KO
ERROR	GetStarUIMemberDetail: Failed to build request: No attribute named 'auth_token' is defined 	1624992240572
GROUP	GetStarUIMemberDetail	1624992240572	1624992240573	0	KO
ERROR	GetEpisodeOfCare: Failed to build request: No attribute named 'auth_token' is defined 	1624992240602
GROUP	GetEpisodeOfCare	1624992240602	1624992240602	0	KO
ERROR	ChatTranscript: Failed to build request: No attribute named 'auth_token' is defined 	1624992240648
GROUP	ChatTranscript	1624992240648	1624992240648	0	KO
ERROR	GetEpisodeOfCare: Failed to build request: No attribute named 'auth_token' is defined 	1624992240691
GROUP	GetEpisodeOfCare	1624992240691	1624992240691	0	KO
REQUEST	LOGIN	LOGIN	1624992240761	1624992240761	KO	j.n.UnknownHostException: pike-api-star-stg.origin-ctc-core.optum.com
GROUP	LOGIN	1624992240761	1624992240762	1	KO
USER	Users_1	START	1624992240761
ERROR	GetStarNote: Failed to build request: No attribute named 'auth_token' is defined 	1624992240763
GROUP	GetStarNote	1624992240762	1624992240763	0	KO
ERROR	GetStarUIMemberDetail: Failed to build request: No attribute named 'auth_token' is defined 	1624992240792
GROUP	GetStarUIMemberDetail	1624992240792	1624992240792	0	KO
ERROR	GetStarUIMemberList: Failed to build request: No attribute named 'auth_token' is defined 	1624992240795
GROUP	GetStarUIMemberList	1624992240794	1624992240795	0	KO
ERROR	GetEpisodeOfCare: Failed to build request: No attribute named 'auth_token' is defined 	1624992240891
GROUP	GetEpisodeOfCare	1624992240891	1624992240891	0	KO
ERROR	GetStarUIMemberList: Failed to build request: No attribute named 'auth_token' is defined 	1624992240899
GROUP	GetStarUIMemberList	1624992240898	1624992240899	0	KO
ERROR	GetEpisodeOfCare: Failed to build request: No attribute named 'auth_token' is defined 	1624992240901
GROUP	GetEpisodeOfCare	1624992240901	1624992240901	0	KO
ERROR	GetStarUIMemberList: Failed to build request: No attribute named 'auth_token' is defined 	1624992241000
GROUP	GetStarUIMemberList	1624992241000	1624992241001	0	KO
REQUEST	LOGIN	LOGIN	1624992241012	1624992241012	KO	j.n.UnknownHostException: pike-api-star-stg.origin-ctc-core.optum.com
GROUP	LOGIN	1624992241011	1624992241013	1	KO
USER	Users_1	START	1624992241011
ERROR	GetStarNote: Failed to build request: No attribute named 'auth_token' is defined 	1624992241013
GROUP	GetStarNote	1624992241013	1624992241013	0	KO
ERROR	GetStarUIMemberDetail: Failed to build request: No attribute named 'auth_token' is defined 	1624992241160
GROUP	GetStarUIMemberDetail	1624992241160	1624992241160	0	KO
ERROR	GetStarNote: Failed to build request: No attribute named 'auth_token' is defined 	1624992241210
GROUP	GetStarNote	1624992241210	1624992241210	0	KO
ERROR	GetStarUIMemberDetail: Failed to build request: No attribute named 'auth_token' is defined 	1624992241246
GROUP	GetStarUIMemberDetail	1624992241245	1624992241246	0	KO
REQUEST	LOGIN	LOGIN	1624992241262	1624992241262	KO	j.n.UnknownHostException: pike-api-star-stg.origin-ctc-core.optum.com
GROUP	LOGIN	1624992241262	1624992241263	1	KO
USER	Users_1	START	1624992241262
ERROR	GetStarNote: Failed to build request: No attribute named 'auth_token' is defined 	1624992241264
GROUP	GetStarNote	1624992241263	1624992241264	0	KO
ERROR	GetStarUIMemberDetail: Failed to build request: No attribute named 'auth_token' is defined 	1624992241291
GROUP	GetStarUIMemberDetail	1624992241291	1624992241292	0	KO
ERROR	ChatTranscript: Failed to build request: No attribute named 'auth_token' is defined 	1624992241340
GROUP	ChatTranscript	1624992241340	1624992241341	0	KO
ERROR	GetEpisodeOfCare: Failed to build request: No attribute named 'auth_token' is defined 	1624992241416
GROUP	GetEpisodeOfCare	1624992241416	1624992241416	0	KO
REQUEST	LOGIN	LOGIN	1624992241512	1624992241512	KO	j.n.UnknownHostException: pike-api-star-stg.origin-ctc-core.optum.com
GROUP	LOGIN	1624992241511	1624992241512	1	KO
USER	Users_1	START	1624992241511
ERROR	GetStarNote: Failed to build request: No attribute named 'auth_token' is defined 	1624992241513
GROUP	GetStarNote	1624992241513	1624992241513	0	KO
ERROR	GetStarUIMemberList: Failed to build request: No attribute named 'auth_token' is defined 	1624992241544
GROUP	GetStarUIMemberList	1624992241544	1624992241545	0	KO
ERROR	GetStarUIMemberDetail: Failed to build request: No attribute named 'auth_token' is defined 	1624992241561
GROUP	GetStarUIMemberDetail	1624992241561	1624992241561	0	KO
REQUEST	LOGIN	LOGIN	1624992241763	1624992241763	KO	j.n.UnknownHostException: pike-api-star-stg.origin-ctc-core.optum.com
GROUP	LOGIN	1624992241763	1624992241764	1	KO
USER	Users_1	START	1624992241763
ERROR	GetStarNote: Failed to build request: No attribute named 'auth_token' is defined 	1624992241764
GROUP	GetStarNote	1624992241764	1624992241764	0	KO
ERROR	ChatTranscript: Failed to build request: No attribute named 'auth_token' is defined 	1624992241850
GROUP	ChatTranscript	1624992241849	1624992241850	0	KO
ERROR	GetStarUIMemberDetail: Failed to build request: No attribute named 'auth_token' is defined 	1624992241861
GROUP	GetStarUIMemberDetail	1624992241861	1624992241861	0	KO
ERROR	GetStarUIMemberList: Failed to build request: No attribute named 'auth_token' is defined 	1624992241973
GROUP	GetStarUIMemberList	1624992241973	1624992241973	0	KO
ERROR	GetStarUIMemberDetail: Failed to build request: No attribute named 'auth_token' is defined 	1624992242011
GROUP	GetStarUIMemberDetail	1624992242011	1624992242011	0	KO
ERROR	GetStarNote: Failed to build request: No attribute named 'auth_token' is defined 	1624992242030
GROUP	GetStarNote	1624992242030	1624992242030	0	KO
ERROR	GetStarUIMemberList: Failed to build request: No attribute named 'auth_token' is defined 	1624992242162
GROUP	GetStarUIMemberList	1624992242162	1624992242162	0	KO
ERROR	GetStarUIMemberDetail: Failed to build request: No attribute named 'auth_token' is defined 	1624992242229
GROUP	GetStarUIMemberDetail	1624992242229	1624992242230	0	KO
ERROR	GetStarUIMemberList: Failed to build request: No attribute named 'auth_token' is defined 	1624992242254
GROUP	GetStarUIMemberList	1624992242253	1624992242254	0	KO
ERROR	GetEpisodeOfCare: Failed to build request: No attribute named 'auth_token' is defined 	1624992242335
GROUP	GetEpisodeOfCare	1624992242335	1624992242336	0	KO
ERROR	GetStarUIMemberList: Failed to build request: No attribute named 'auth_token' is defined 	1624992242361
GROUP	GetStarUIMemberList	1624992242361	1624992242361	0	KO
ERROR	ChatTranscript: Failed to build request: No attribute named 'auth_token' is defined 	1624992242425
GROUP	ChatTranscript	1624992242425	1624992242426	0	KO
ERROR	GetEpisodeOfCare: Failed to build request: No attribute named 'auth_token' is defined 	1624992242465
GROUP	GetEpisodeOfCare	1624992242465	1624992242465	0	KO
ERROR	GetStarUIMemberList: Failed to build request: No attribute named 'auth_token' is defined 	1624992242472
GROUP	GetStarUIMemberList	1624992242472	1624992242472	0	KO
ERROR	ChatTranscript: Failed to build request: No attribute named 'auth_token' is defined 	1624992242501
GROUP	ChatTranscript	1624992242501	1624992242501	0	KO
ERROR	GetStarNote: Failed to build request: No attribute named 'auth_token' is defined 	1624992242528
GROUP	GetStarNote	1624992242528	1624992242528	0	KO
ERROR	ChatTranscript: Failed to build request: No attribute named 'auth_token' is defined 	1624992242589
GROUP	ChatTranscript	1624992242589	1624992242590	0	KO
ERROR	GetStarNote: Failed to build request: No attribute named 'auth_token' is defined 	1624992242623
GROUP	GetStarNote	1624992242623	1624992242623	0	KO
ERROR	GetEpisodeOfCare: Failed to build request: No attribute named 'auth_token' is defined 	1624992242655
GROUP	GetEpisodeOfCare	1624992242655	1624992242655	0	KO
ERROR	GetEpisodeOfCare: Failed to build request: No attribute named 'auth_token' is defined 	1624992242672
ERROR	GetStarUIMemberDetail: Failed to build request: No attribute named 'auth_token' is defined 	1624992242672
GROUP	GetEpisodeOfCare	1624992242672	1624992242672	0	KO
GROUP	GetStarUIMemberDetail	1624992242672	1624992242672	0	KO
ERROR	GetEpisodeOfCare: Failed to build request: No attribute named 'auth_token' is defined 	1624992242861
GROUP	GetEpisodeOfCare	1624992242861	1624992242862	0	KO
ERROR	GetEpisodeOfCare: Failed to build request: No attribute named 'auth_token' is defined 	1624992242936
GROUP	GetEpisodeOfCare	1624992242936	1624992242937	0	KO
ERROR	ChatTranscript: Failed to build request: No attribute named 'auth_token' is defined 	1624992242946
GROUP	ChatTranscript	1624992242946	1624992242947	0	KO
ERROR	GetStarNote: Failed to build request: No attribute named 'auth_token' is defined 	1624992242963
GROUP	GetStarNote	1624992242963	1624992242963	0	KO
ERROR	ChatTranscript: Failed to build request: No attribute named 'auth_token' is defined 	1624992242999
GROUP	ChatTranscript	1624992242998	1624992242999	0	KO
ERROR	GetEpisodeOfCare: Failed to build request: No attribute named 'auth_token' is defined 	1624992243017
GROUP	GetEpisodeOfCare	1624992243017	1624992243017	0	KO
ERROR	GetEpisodeOfCare: Failed to build request: No attribute named 'auth_token' is defined 	1624992243091
GROUP	GetEpisodeOfCare	1624992243090	1624992243091	0	KO
ERROR	GetStarUIMemberList: Failed to build request: No attribute named 'auth_token' is defined 	1624992243111
GROUP	GetStarUIMemberList	1624992243111	1624992243112	0	KO
ERROR	GetStarUIMemberList: Failed to build request: No attribute named 'auth_token' is defined 	1624992243250
ERROR	ChatTranscript: Failed to build request: No attribute named 'auth_token' is defined 	1624992243251
GROUP	GetStarUIMemberList	1624992243250	1624992243251	0	KO
GROUP	ChatTranscript	1624992243250	1624992243251	0	KO
ERROR	GetEpisodeOfCare: Failed to build request: No attribute named 'auth_token' is defined 	1624992243331
GROUP	GetEpisodeOfCare	1624992243330	1624992243331	0	KO
ERROR	GetEpisodeOfCare: Failed to build request: No attribute named 'auth_token' is defined 	1624992243355
GROUP	GetEpisodeOfCare	1624992243355	1624992243355	0	KO
ERROR	GetEpisodeOfCare: Failed to build request: No attribute named 'auth_token' is defined 	1624992243371
GROUP	GetEpisodeOfCare	1624992243370	1624992243371	0	KO
ERROR	GetStarUIMemberDetail: Failed to build request: No attribute named 'auth_token' is defined 	1624992243380
GROUP	GetStarUIMemberDetail	1624992243379	1624992243380	0	KO
ERROR	ChatTranscript: Failed to build request: No attribute named 'auth_token' is defined 	1624992243406
GROUP	ChatTranscript	1624992243406	1624992243406	0	KO
ERROR	GetStarUIMemberDetail: Failed to build request: No attribute named 'auth_token' is defined 	1624992243438
GROUP	GetStarUIMemberDetail	1624992243437	1624992243438	0	KO
ERROR	GetStarNote: Failed to build request: No attribute named 'auth_token' is defined 	1624992243559
GROUP	GetStarNote	1624992243559	1624992243560	0	KO
ERROR	GetEpisodeOfCare: Failed to build request: No attribute named 'auth_token' is defined 	1624992243646
ERROR	GetStarUIMemberDetail: Failed to build request: No attribute named 'auth_token' is defined 	1624992243646
GROUP	GetEpisodeOfCare	1624992243645	1624992243646	0	KO
GROUP	GetStarUIMemberDetail	1624992243645	1624992243646	0	KO
ERROR	GetStarNote: Failed to build request: No attribute named 'auth_token' is defined 	1624992243704
GROUP	GetStarNote	1624992243703	1624992243704	0	KO
ERROR	GetEpisodeOfCare: Failed to build request: No attribute named 'auth_token' is defined 	1624992243731
GROUP	GetEpisodeOfCare	1624992243731	1624992243731	0	KO
ERROR	GetStarNote: Failed to build request: No attribute named 'auth_token' is defined 	1624992243752
GROUP	GetStarNote	1624992243751	1624992243752	0	KO
ERROR	GetStarUIMemberList: Failed to build request: No attribute named 'auth_token' is defined 	1624992243755
GROUP	GetStarUIMemberList	1624992243755	1624992243756	0	KO
ERROR	GetEpisodeOfCare: Failed to build request: No attribute named 'auth_token' is defined 	1624992243772
GROUP	GetEpisodeOfCare	1624992243772	1624992243772	0	KO
ERROR	ChatTranscript: Failed to build request: No attribute named 'auth_token' is defined 	1624992243812
GROUP	ChatTranscript	1624992243812	1624992243813	0	KO
ERROR	GetStarUIMemberDetail: Failed to build request: No attribute named 'auth_token' is defined 	1624992243870
GROUP	GetStarUIMemberDetail	1624992243869	1624992243870	0	KO
ERROR	ChatTranscript: Failed to build request: No attribute named 'auth_token' is defined 	1624992243885
GROUP	ChatTranscript	1624992243885	1624992243886	0	KO
ERROR	GetStarUIMemberList: Failed to build request: No attribute named 'auth_token' is defined 	1624992244009
GROUP	GetStarUIMemberList	1624992244009	1624992244009	0	KO
ERROR	GetStarUIMemberDetail: Failed to build request: No attribute named 'auth_token' is defined 	1624992244046
GROUP	GetStarUIMemberDetail	1624992244046	1624992244046	0	KO
ERROR	ChatTranscript: Failed to build request: No attribute named 'auth_token' is defined 	1624992244062
GROUP	ChatTranscript	1624992244062	1624992244062	0	KO
ERROR	ChatTranscript: Failed to build request: No attribute named 'auth_token' is defined 	1624992244172
GROUP	ChatTranscript	1624992244171	1624992244172	0	KO
ERROR	GetStarUIMemberDetail: Failed to build request: No attribute named 'auth_token' is defined 	1624992244236
GROUP	GetStarUIMemberDetail	1624992244236	1624992244236	0	KO
ERROR	GetStarUIMemberList: Failed to build request: No attribute named 'auth_token' is defined 	1624992244237
GROUP	GetStarUIMemberList	1624992244237	1624992244237	0	KO
ERROR	GetStarNote: Failed to build request: No attribute named 'auth_token' is defined 	1624992244519
GROUP	GetStarNote	1624992244518	1624992244519	0	KO
ERROR	ChatTranscript: Failed to build request: No attribute named 'auth_token' is defined 	1624992244552
GROUP	ChatTranscript	1624992244552	1624992244552	0	KO
ERROR	GetStarUIMemberDetail: Failed to build request: No attribute named 'auth_token' is defined 	1624992244558
GROUP	GetStarUIMemberDetail	1624992244558	1624992244559	0	KO
ERROR	GetStarUIMemberList: Failed to build request: No attribute named 'auth_token' is defined 	1624992244632
GROUP	GetStarUIMemberList	1624992244631	1624992244632	0	KO
ERROR	GetStarNote: Failed to build request: No attribute named 'auth_token' is defined 	1624992244691
GROUP	GetStarNote	1624992244691	1624992244692	0	KO
ERROR	GetStarNote: Failed to build request: No attribute named 'auth_token' is defined 	1624992244713
GROUP	GetStarNote	1624992244712	1624992244713	0	KO
ERROR	GetStarUIMemberList: Failed to build request: No attribute named 'auth_token' is defined 	1624992244815
GROUP	GetStarUIMemberList	1624992244814	1624992244815	0	KO
ERROR	GetStarNote: Failed to build request: No attribute named 'auth_token' is defined 	1624992244815
GROUP	GetStarNote	1624992244815	1624992244815	0	KO
ERROR	GetStarNote: Failed to build request: No attribute named 'auth_token' is defined 	1624992244871
GROUP	GetStarNote	1624992244871	1624992244872	0	KO
ERROR	ChatTranscript: Failed to build request: No attribute named 'auth_token' is defined 	1624992245001
GROUP	ChatTranscript	1624992245001	1624992245001	0	KO
ERROR	GetStarUIMemberList: Failed to build request: No attribute named 'auth_token' is defined 	1624992245011
GROUP	GetStarUIMemberList	1624992245011	1624992245011	0	KO
ERROR	GetStarUIMemberDetail: Failed to build request: No attribute named 'auth_token' is defined 	1624992245015
GROUP	GetStarUIMemberDetail	1624992245015	1624992245016	0	KO
ERROR	GetStarUIMemberDetail: Failed to build request: No attribute named 'auth_token' is defined 	1624992245085
GROUP	GetStarUIMemberDetail	1624992245085	1624992245085	0	KO
ERROR	ChatTranscript: Failed to build request: No attribute named 'auth_token' is defined 	1624992245120
GROUP	ChatTranscript	1624992245120	1624992245121	0	KO
ERROR	ChatTranscript: Failed to build request: No attribute named 'auth_token' is defined 	1624992245283
GROUP	ChatTranscript	1624992245283	1624992245284	0	KO
ERROR	GetEpisodeOfCare: Failed to build request: No attribute named 'auth_token' is defined 	1624992245298
GROUP	GetEpisodeOfCare	1624992245298	1624992245299	0	KO
ERROR	GetStarUIMemberDetail: Failed to build request: No attribute named 'auth_token' is defined 	1624992245302
GROUP	GetStarUIMemberDetail	1624992245302	1624992245302	0	KO
ERROR	GetStarUIMemberList: Failed to build request: No attribute named 'auth_token' is defined 	1624992245304
GROUP	GetStarUIMemberList	1624992245304	1624992245304	0	KO
ERROR	GetEpisodeOfCare: Failed to build request: No attribute named 'auth_token' is defined 	1624992245317
GROUP	GetEpisodeOfCare	1624992245317	1624992245317	0	KO
ERROR	GetStarUIMemberList: Failed to build request: No attribute named 'auth_token' is defined 	1624992245344
GROUP	GetStarUIMemberList	1624992245344	1624992245344	0	KO
ERROR	GetStarUIMemberList: Failed to build request: No attribute named 'auth_token' is defined 	1624992245366
GROUP	GetStarUIMemberList	1624992245366	1624992245367	0	KO
ERROR	GetStarUIMemberList: Failed to build request: No attribute named 'auth_token' is defined 	1624992245372
GROUP	GetStarUIMemberList	1624992245372	1624992245372	0	KO
ERROR	GetStarUIMemberList: Failed to build request: No attribute named 'auth_token' is defined 	1624992245385
GROUP	GetStarUIMemberList	1624992245385	1624992245385	0	KO
ERROR	GetStarNote: Failed to build request: No attribute named 'auth_token' is defined 	1624992245540
GROUP	GetStarNote	1624992245540	1624992245540	0	KO
ERROR	ChatTranscript: Failed to build request: No attribute named 'auth_token' is defined 	1624992245551
GROUP	ChatTranscript	1624992245550	1624992245551	0	KO
ERROR	