RUN	LandingPage	landingpage	1623690392309	 	3.5.1
USER	LandingPage	START	1623690393722
REQUEST		request_0	1623690393734	1623690394079	OK	 
REQUEST		request_0 Redirect 1	1623690394093	1623690395626	OK	 
REQUEST		request_0 Redirect 2	1623690395628	1623690395783	OK	 
REQUEST		request_0 Redirect 3	1623690395785	1623690395997	OK	 
ERROR	request_25: Failed to build request: Resource /landingpage/0025_request.txt not found 	1623690396047
REQUEST		summer.js	1623690396055	1623690396648	OK	 
REQUEST		request_13	1623690396296	1623690396836	OK	 
REQUEST		request_11	1623690396059	1623690396967	OK	 
REQUEST		uitk-req-min-945fd9447c.js	1623690396058	1623690396975	OK	 
REQUEST		uitk-req-min-948de8930b.css	1623690396056	1623690397043	OK	 
REQUEST		{{favIconPath}}	1623690396057	1623690397058	OK	 
REQUEST		request_31	1623690396419	1623690397071	OK	 
REQUEST		request_44	1623690396295	1623690397073	OK	 
REQUEST		request_28	1623690396417	1623690397073	OK	 
REQUEST		request_29	1623690396417	1623690397074	OK	 
REQUEST		request_40	1623690396207	1623690397083	OK	 
REQUEST		global-app-config.js	1623690396057	1623690397101	OK	 
REQUEST		request_26	1623690396415	1623690397137	OK	 
REQUEST		request_42	1623690396294	1623690397146	OK	 
REQUEST		request_30	1623690396418	1623690397150	OK	 
REQUEST		request_1	1623690397057	1623690397157	OK	 
REQUEST		newrelic.js	1623690396976	1623690397182	OK	 
REQUEST		request_33	1623690397074	1623690397196	OK	 
REQUEST		request_32	1623690397072	1623690397200	OK	 
REQUEST		request_40	1623690397084	1623690397202	OK	 
REQUEST		request_3	1623690397159	1623690397252	OK	 
REQUEST		request_35	1623690397139	1623690397255	OK	 
REQUEST		request_34	1623690397075	1623690397256	OK	 
REQUEST		request_2	1623690397102	1623690397260	OK	 
REQUEST		{{favIconPath}}	1623690397059	1623690397269	OK	 
REQUEST		lib-min-7e6d84b497.js	1623690396058	1623690397273	OK	 
REQUEST		request_36	1623690397151	1623690397296	OK	 
REQUEST		request_6	1623690397185	1623690397303	OK	 
REQUEST		request_27	1623690396416	1623690397309	OK	 
REQUEST		request_37	1623690397197	1623690397313	OK	 
REQUEST		request_38	1623690397201	1623690397317	OK	 
REQUEST		request_39	1623690397255	1623690397378	OK	 
REQUEST		request_43	1623690397299	1623690397418	OK	 
REQUEST		request_12	1623690397270	1623690397420	OK	 
REQUEST		request_45	1623690397312	1623690397431	OK	 
REQUEST		request_47	1623690397314	1623690397435	OK	 
REQUEST		request_41	1623690397257	1623690397442	OK	 
REQUEST		request_16	1623690397421	1623690397522	OK	 
REQUEST		request_15	1623690397307	1623690397553	OK	 
REQUEST		request_10	1623690397261	1623690397573	OK	 
REQUEST		request_18	1623690397554	1623690397623	OK	 
REQUEST		request_17	1623690397523	1623690397641	OK	 
REQUEST		request_46	1623690396298	1623690397653	OK	 
REQUEST		request_7	1623690397254	1623690397664	OK	 
REQUEST		request_19	1623690397575	1623690397675	OK	 
REQUEST		request_21	1623690397625	1623690397734	OK	 
REQUEST		request_23	1623690397674	1623690397736	OK	 
REQUEST		request_22	1623690397642	1623690397768	OK	 
REQUEST		request_14	1623690397294	1623690397856	OK	 
REQUEST		prelogin-f85aab9ec4.min.js	1623690396651	1623690398379	OK	 
REQUEST		request_48	1623690399389	1623690400231	OK	 
USER	LandingPage	END	1623690400237
