RUN	ocmlogin	ocmlogin	1630522595440	 	3.5.1
USER	ocmlogin	START	1630522599385
REQUEST		Authenticate	1630522599402	1630522600839	OK	 
REQUEST		request_0	1630522600856	1630522603693	OK	 
REQUEST		request_1	1630522603696	1630522603786	OK	 
REQUEST		request_2	1630522603790	1630522603892	OK	 
REQUEST		request_2 Redirect 1	1630522603895	1630522604016	OK	 
REQUEST		request_2 Redirect 2	1630522604017	1630522604138	OK	 
REQUEST		bootstrap.min.css	1630522604190	1630522604522	OK	 
REQUEST		common.js	1630522604192	1630522605738	OK	 
REQUEST		msidpassword.js	1630522604192	1630522605754	OK	 
REQUEST		UHG_Header_Logo.png	1630522604191	1630522605755	OK	 
REQUEST		common.css	1630522604191	1630522605758	OK	 
REQUEST		request_3	1630522605760	1630522611058	OK	 
REQUEST		webapis-rtc-peer-connection.min.js	1630522613422	1630522614014	OK	 
REQUEST		global-this	1630522613500	1630522614017	OK	 
REQUEST		zone-patch-user-media.js	1630522613423	1630522614019	OK	 
REQUEST		icon?family=Material+Icons	1630522612247	1630522614028	OK	 
REQUEST		system.min.js	1630522613424	1630522614093	OK	 
REQUEST		runtime.min.js	1630522613423	1630522614105	OK	 
REQUEST		css2?family=Roboto:wght@300;400;500&display=swap	1630522611162	1630522614110	OK	 
REQUEST		amd.min.js	1630522614016	1630522614120	OK	 
REQUEST		named-exports.min.js	1630522614020	1630522614122	OK	 
REQUEST		global-this	1630522614018	1630522614123	OK	 
REQUEST		import-map-overrides.js	1630522613424	1630522614275	OK	 
REQUEST		zone.min.js	1630522612330	1630522614281	OK	 
REQUEST		global-this	1630522614123	1630522614539	OK	 
REQUEST		popper.min.js	1630522613424	1630522614556	OK	 
REQUEST		bootstrap.min.js	1630522612247	1630522615438	OK	 
REQUEST		minified.min.js	1630522614094	1630522615920	OK	 
REQUEST		jquery-3.3.1.slim.min.js	1630522611064	1630522616089	OK	 
REQUEST		d3.v3.min.js	1630522613586	1630522616244	OK	 
REQUEST		request_13	1630522616249	1630522616580	OK	 
REQUEST		request_21	1630522616582	1630522629562	OK	 
REQUEST		request_22	1630522629564	1630522629656	OK	 
REQUEST		request_23	1630522629657	1630522630358	OK	 
REQUEST		request_24	1630522630361	1630522630734	OK	 
REQUEST		request_25	1630522630735	1630522631027	OK	 
REQUEST		request_26	1630522631028	1630522640373	OK	 
REQUEST		request_27	1630522640413	1630522640732	OK	 
REQUEST		request_28	1630522640735	1630522643398	OK	 
REQUEST		request_29	1630522643399	1630522644234	OK	 
REQUEST		request_30	1630522644235	1630522645560	OK	 
REQUEST		request_31	1630522645562	1630522646018	OK	 
REQUEST		request_32	1630522646021	1630522646190	OK	 
REQUEST		request_33	1630522646191	1630522646283	KO	status.find.in(200,201,202,203,204,205,206,207,208,209,304), found 400
REQUEST		request_34	1630522646285	1630522647965	OK	 
REQUEST		request_35	1630522647966	1630522649425	OK	 
REQUEST		request_36	1630522649426	1630522650650	KO	status.find.in(200,201,202,203,204,205,206,207,208,209,304), found 400
REQUEST		request_37	1630522650651	1630522650783	OK	 
REQUEST		request_38	1630522650784	1630522650944	OK	 
REQUEST		request_39	1630522650945	1630522651067	OK	 
REQUEST		request_40	1630522651067	1630522651212	OK	 
REQUEST		request_41	1630522651212	1630522651344	OK	 
REQUEST		request_42	1630522651345	1630522651478	OK	 
REQUEST		request_43	1630522651479	1630522651611	OK	 
REQUEST		request_44	1630522651612	1630522651786	OK	 
REQUEST		request_45	1630522651787	1630522652431	OK	 
USER	ocmlogin	END	1630522652436
