RUN	ocmlogin	ocmlogin	1630185510534	 	3.5.1
USER	ocmlogin	START	1630185514186
REQUEST		request_0	1630185514205	1630185519727	OK	 
REQUEST		request_1	1630185519862	1630185522519	OK	 
REQUEST		request_20	1630185519861	1630185522879	OK	 
REQUEST		request_9	1630185522511	1630185522941	OK	 
REQUEST		request_14	1630185519785	1630185522967	OK	 
REQUEST		request_12	1630185522512	1630185523021	OK	 
REQUEST		request_16	1630185522513	1630185523024	OK	 
REQUEST		request_34	1630185520240	1630185523105	OK	 
REQUEST		request_18	1630185523023	1630185523122	OK	 
REQUEST		request_40	1630185520243	1630185523170	OK	 
REQUEST		request_37	1630185520243	1630185523173	OK	 
REQUEST		request_3	1630185520030	1630185523200	OK	 
REQUEST		request_43	1630185523107	1630185523253	OK	 
REQUEST		request_8	1630185522510	1630185523278	OK	 
REQUEST		request_38	1630185520158	1630185523288	OK	 
REQUEST		request_24	1630185520155	1630185523332	OK	 
REQUEST		request_29	1630185520159	1630185523363	OK	 
REQUEST		request_32	1630185522506	1630185523396	OK	 
REQUEST		request_25	1630185523123	1630185523400	OK	 
REQUEST		request_44	1630185522507	1630185523411	OK	 
REQUEST		request_11	1630185520028	1630185523423	OK	 
REQUEST		request_35	1630185522507	1630185523443	OK	 
REQUEST		request_28	1630185519864	1630185523451	OK	 
REQUEST		request_22	1630185522501	1630185523453	OK	 
REQUEST		request_31	1630185519865	1630185523458	OK	 
REQUEST		request_36	1630185520242	1630185523473	OK	 
REQUEST		request_17	1630185522942	1630185523509	OK	 
REQUEST		request_5	1630185519950	1630185523571	OK	 
REQUEST		request_27	1630185520157	1630185523618	OK	 
REQUEST		request_21	1630185520245	1630185523619	OK	 
REQUEST		request_41	1630185520244	1630185523651	OK	 
REQUEST		request_39	1630185520158	1630185523726	OK	 
REQUEST		request_30	1630185522504	1630185523785	OK	 
REQUEST		request_19	1630185523026	1630185523814	OK	 
REQUEST		request_45	1630185522508	1630185523886	OK	 
REQUEST		request_13	1630185519784	1630185524091	OK	 
REQUEST		request_2	1630185519863	1630185524094	OK	 
REQUEST		request_6	1630185519866	1630185524100	OK	 
REQUEST		request_4	1630185519778	1630185524102	OK	 
REQUEST		request_33	1630185519865	1630185524104	KO	status.find.in(200,201,202,203,204,205,206,207,208,209,304), found 400
REQUEST		request_15	1630185522512	1630185524295	OK	 
REQUEST		request_2	1630185524099	1630185524532	KO	status.find.in(200,201,202,203,204,205,206,207,208,209,304), found 401
REQUEST		request_42	1630185520244	1630185524641	OK	 
REQUEST		request_7	1630185522508	1630185525004	OK	 
REQUEST		request_23	1630185522501	1630185525793	OK	 
REQUEST		request_10	1630185522502	1630185525979	OK	 
REQUEST		request_26	1630185520156	1630185529378	OK	 
USER	ocmlogin	END	1630185529446
