RUN	Optum.Framework.OptumSim	optumsim	1620925516596	 	3.5.1
USER	Users_1	START	1620925518144
REQUEST	Scen_1,Login	BasePage	1620925518163	1620925518501	OK	 
REQUEST	Scen_1,Login	BasePage_1	1620925518524	1620925518627	OK	 
REQUEST	Scen_1,Login	BasePage_2	1620925518633	1620925518712	OK	 
REQUEST	Scen_1,Login	BasePage_3	1620925518713	1620925518800	OK	 
REQUEST	Scen_1,Login	BasePage_4	1620925518802	1620925518896	OK	 
REQUEST	Scen_1,Login	BasePage_5	1620925518898	1620925520867	OK	 
GROUP	Scen_1,Login	1620925518148	1620925520868	2670	OK
REQUEST	Scen_1,SearchByActiveMember	Select_SearchByActiveMember	1620925521875	1620925522296	OK	 
GROUP	Scen_1,SearchByActiveMember	1620925521875	1620925522297	421	OK
REQUEST	Scen_1,SearchName_douglas	Search_1	1620925523928	1620925524473	OK	 
REQUEST	Scen_1,SearchName_douglas	Search_2003330312	1620925524480	1620925524927	OK	 
GROUP	Scen_1,SearchName_douglas	1620925523925	1620925524928	992	OK
REQUEST	Scen_1,S_2003330312	Select_douglas	1620925525995	1620925526102	OK	 
REQUEST	Scen_1,S_2003330312	request_1	1620925526104	1620925528664	OK	 
REQUEST	Scen_1,S_2003330312	request_2003330312	1620925528666	1620925531630	KO	j.u.r.PatternSyntaxException: Unclosed group near index 23 clinicalReviewId":(.+?,
GROUP	Scen_1,S_2003330312	1620925525994	1620925531634	5631	KO
GROUP	Scen_1	1620925518147	1620925533377	9714	KO
USER	Users_1	END	1620925533380
