RUN	JJ.Framework.JJSim	jjsim	1622731052989	JJ.Framework.JJSim-SIMULATION_1_1:SIMULATION_2_1:SIMULATION_3_1:SIMULATION_4_:Iterations_3	3.5.1
USER	Users_3	START	1622731055563
USER	Users_2	START	1622731055563
USER	Users_1	START	1622731055563
REQUEST	NPI,NPI	NPI_1245318229	1622731055588	1622731061887	OK	 
GROUP	NPI,NPI	1622731055569	1622731061923	6299	OK
GROUP	NPI	1622731055566	1622731063832	6299	OK
REQUEST	NPI,NPI	NPI_1821049651	1622731063835	1622731065054	OK	 
GROUP	NPI,NPI	1622731063833	1622731065055	1219	OK
GROUP	NPI	1622731063833	1622731066450	1219	OK
REQUEST	NPI,NPI	NPI_1114976883	1622731066451	1622731067208	OK	 
GROUP	NPI,NPI	1622731066450	1622731067209	757	OK
GROUP	NPI	1622731066450	1622731068528	757	OK
USER	Users_1	END	1622731068529
REQUEST	TIN,TIN	TIN_391139101	1622731055588	1622731088308	OK	 
GROUP	TIN,TIN	1622731055569	1622731088320	32720	OK
GROUP	TIN	1622731055566	1622731090188	32720	OK
REQUEST	LName,LN	LName_Smith	1622731055588	1622731099957	OK	 
GROUP	LName,LN	1622731055569	1622731099965	44369	OK
GROUP	LName	1622731055566	1622731101345	44369	OK
REQUEST	TIN,TIN	TIN_391139101	1622731090189	1622731110852	OK	 
GROUP	TIN,TIN	1622731090189	1622731110855	20663	OK
REQUEST	LName,LN	LName_Jones	1622731101346	1622731111490	OK	 
GROUP	LName,LN	1622731101346	1622731111492	10144	OK
GROUP	LName	1622731101346	1622731112497	10144	OK
GROUP	TIN	1622731090188	1622731112732	20663	OK
REQUEST	LName,LN	LName_Rogers	1622731112498	1622731115805	OK	 
GROUP	LName,LN	1622731112498	1622731115807	3307	OK
GROUP	LName	1622731112498	1622731117536	3307	OK
USER	Users_3	END	1622731117537
REQUEST	TIN,TIN	TIN_391139101	1622731112733	1622731131030	OK	 
GROUP	TIN,TIN	1622731112732	1622731131035	18297	OK
GROUP	TIN	1622731112732	1622731132603	18297	OK
USER	Users_2	END	1622731132604
