RUN	MarsTest.Framework.MarsSim	marssim	1623802919267	MarsTest.Framework.MarsSim-SIMULATION_1_1:SIMULATION_2_0:SIMULATION_3_0:Iterations_3	3.5.1
USER	MarsTest	START	1623802920731
REQUEST	MarsTest / APIs,SearchByMetaData		1623802920746	1623802923043	OK	 
GROUP	MarsTest / APIs,SearchByMetaData	1623802920734	1623802923062	2297	OK
REQUEST	MarsTest / APIs,GetDocumentById		1623802924072	1623802924302	OK	 
GROUP	MarsTest / APIs,GetDocumentById	1623802924069	1623802924305	230	OK
REQUEST	MarsTest / APIs,FindAllStates		1623802925309	1623802925428	OK	 
GROUP	MarsTest / APIs,FindAllStates	1623802925308	1623802925429	119	OK
REQUEST	MarsTest / APIs,GetClusterByProviderType		1623802926435	1623802926588	OK	 
GROUP	MarsTest / APIs,GetClusterByProviderType	1623802926435	1623802926589	153	OK
REQUEST	MarsTest / APIs,GetProviderAddress		1623802927594	1623802927685	OK	 
GROUP	MarsTest / APIs,GetProviderAddress	1623802927594	1623802927686	91	OK
REQUEST	MarsTest / APIs,GetProviderName		1623802928690	1623802928786	OK	 
GROUP	MarsTest / APIs,GetProviderName	1623802928689	1623802928787	96	OK
REQUEST	MarsTest / APIs,findMemberLinxById		1623802929789	1623802930454	OK	 
GROUP	MarsTest / APIs,findMemberLinxById	1623802929788	1623802930455	665	OK
GROUP	MarsTest / APIs	1623802920733	1623802931460	3651	OK
REQUEST	MarsTest / APIs,SearchByMetaData		1623802931462	1623802933624	OK	 
GROUP	MarsTest / APIs,SearchByMetaData	1623802931461	1623802933625	2162	OK
REQUEST	MarsTest / APIs,GetDocumentById		1623802934628	1623802934900	OK	 
GROUP	MarsTest / APIs,GetDocumentById	1623802934628	1623802934901	272	OK
REQUEST	MarsTest / APIs,FindAllStates		1623802935904	1623802936023	OK	 
GROUP	MarsTest / APIs,FindAllStates	1623802935903	1623802936024	119	OK
REQUEST	MarsTest / APIs,GetClusterByProviderType		1623802937030	1623802937153	OK	 
GROUP	MarsTest / APIs,GetClusterByProviderType	1623802937029	1623802937154	123	OK
REQUEST	MarsTest / APIs,GetProviderAddress		1623802938160	1623802938247	OK	 
GROUP	MarsTest / APIs,GetProviderAddress	1623802938160	1623802938248	87	OK
REQUEST	MarsTest / APIs,GetProviderName		1623802939253	1623802939337	OK	 
GROUP	MarsTest / APIs,GetProviderName	1623802939253	1623802939337	84	OK
REQUEST	MarsTest / APIs,findMemberLinxById		1623802940344	1623802940816	OK	 
GROUP	MarsTest / APIs,findMemberLinxById	1623802940343	1623802940818	472	OK
GROUP	MarsTest / APIs	1623802931461	1623802941818	3319	OK
REQUEST	MarsTest / APIs,SearchByMetaData		1623802941819	1623802943582	OK	 
GROUP	MarsTest / APIs,SearchByMetaData	1623802941819	1623802943583	1763	OK
REQUEST	MarsTest / APIs,GetDocumentById		1623802944589	1623802944819	OK	 
GROUP	MarsTest / APIs,GetDocumentById	1623802944588	1623802944820	230	OK
REQUEST	MarsTest / APIs,FindAllStates		1623802945822	1623802945937	OK	 
GROUP	MarsTest / APIs,FindAllStates	1623802945821	1623802945938	115	OK
REQUEST	MarsTest / APIs,GetClusterByProviderType		1623802946944	1623802947082	OK	 
GROUP	MarsTest / APIs,GetClusterByProviderType	1623802946943	1623802947083	138	OK
REQUEST	MarsTest / APIs,GetProviderAddress		1623802948089	1623802948176	OK	 
GROUP	MarsTest / APIs,GetProviderAddress	1623802948089	1623802948177	87	OK
REQUEST	MarsTest / APIs,GetProviderName		1623802949181	1623802949269	OK	 
GROUP	MarsTest / APIs,GetProviderName	1623802949180	1623802949269	88	OK
REQUEST	MarsTest / APIs,findMemberLinxById		1623802950274	1623802950836	OK	 
GROUP	MarsTest / APIs,findMemberLinxById	1623802950273	1623802950838	562	OK
GROUP	MarsTest / APIs	1623802941819	1623802951839	2983	OK
USER	MarsTest	END	1623802951842
