RUN	MarsTest.Framework.MarsSim	marssim	1623879561238	MarsTest.Framework.MarsSim-SIMULATION_1_2:SIMULATION_2_0:SIMULATION_3_0:Iterations_10	3.5.1
USER	MarsTestApi4	START	1623879562679
REQUEST	MarsTestApi / API,GetClusterByProviderType		1623879562699	1623879563102	OK	 
GROUP	MarsTestApi / API,GetClusterByProviderType	1623879562683	1623879563122	403	OK
USER	MarsTestApi4	START	1623879563176
GROUP	MarsTestApi / API	1623879562682	1623879564128	403	OK
REQUEST	MarsTestApi / API,GetClusterByProviderType		1623879564131	1623879564261	OK	 
GROUP	MarsTestApi / API,GetClusterByProviderType	1623879564128	1623879564262	130	OK
REQUEST	MarsTestApi / API,GetClusterByProviderType		1623879563177	1623879564940	OK	 
GROUP	MarsTestApi / API,GetClusterByProviderType	1623879563176	1623879564941	1763	OK
GROUP	MarsTestApi / API	1623879564128	1623879565267	130	OK
REQUEST	MarsTestApi / API,GetClusterByProviderType		1623879565268	1623879565390	OK	 
GROUP	MarsTestApi / API,GetClusterByProviderType	1623879565268	1623879565391	122	OK
GROUP	MarsTestApi / API	1623879563176	1623879565944	1763	OK
REQUEST	MarsTestApi / API,GetClusterByProviderType		1623879565945	1623879566103	OK	 
GROUP	MarsTestApi / API,GetClusterByProviderType	1623879565944	1623879566104	158	OK
GROUP	MarsTestApi / API	1623879565268	1623879566392	122	OK
REQUEST	MarsTestApi / API,GetClusterByProviderType		1623879566393	1623879566576	OK	 
GROUP	MarsTestApi / API,GetClusterByProviderType	1623879566392	1623879566577	183	OK
GROUP	MarsTestApi / API	1623879565944	1623879567105	158	OK
REQUEST	MarsTestApi / API,GetClusterByProviderType		1623879567106	1623879567253	OK	 
GROUP	MarsTestApi / API,GetClusterByProviderType	1623879567105	1623879567253	147	OK
GROUP	MarsTestApi / API	1623879566392	1623879567578	183	OK
REQUEST	MarsTestApi / API,GetClusterByProviderType		1623879567578	1623879567774	OK	 
GROUP	MarsTestApi / API,GetClusterByProviderType	1623879567578	1623879567775	196	OK
GROUP	MarsTestApi / API	1623879567105	1623879568256	147	OK
REQUEST	MarsTestApi / API,GetClusterByProviderType		1623879568257	1623879568665	OK	 
GROUP	MarsTestApi / API,GetClusterByProviderType	1623879568256	1623879568666	408	OK
GROUP	MarsTestApi / API	1623879567578	1623879568775	196	OK
REQUEST	MarsTestApi / API,GetClusterByProviderType		1623879568776	1623879568899	OK	 
GROUP	MarsTestApi / API,GetClusterByProviderType	1623879568776	1623879568900	123	OK
GROUP	MarsTestApi / API	1623879568256	1623879569670	408	OK
GROUP	MarsTestApi / API	1623879568776	1623879569902	123	OK
REQUEST	MarsTestApi / API,GetClusterByProviderType		1623879569671	1623879570018	OK	 
GROUP	MarsTestApi / API,GetClusterByProviderType	1623879569670	1623879570019	347	OK
REQUEST	MarsTestApi / API,GetClusterByProviderType		1623879569903	1623879570045	OK	 
GROUP	MarsTestApi / API,GetClusterByProviderType	1623879569903	1623879570046	142	OK
GROUP	MarsTestApi / API	1623879569670	1623879571021	347	OK
GROUP	MarsTestApi / API	1623879569903	1623879571050	142	OK
REQUEST	MarsTestApi / API,GetClusterByProviderType		1623879571050	1623879571130	OK	 
GROUP	MarsTestApi / API,GetClusterByProviderType	1623879571050	1623879571131	80	OK
REQUEST	MarsTestApi / API,GetClusterByProviderType		1623879571022	1623879571304	OK	 
GROUP	MarsTestApi / API,GetClusterByProviderType	1623879571021	1623879571304	282	OK
GROUP	MarsTestApi / API	1623879571050	1623879572136	80	OK
GROUP	MarsTestApi / API	1623879571021	1623879572306	282	OK
REQUEST	MarsTestApi / API,GetClusterByProviderType		1623879572136	1623879572313	OK	 
GROUP	MarsTestApi / API,GetClusterByProviderType	1623879572136	1623879572314	177	OK
REQUEST	MarsTestApi / API,GetClusterByProviderType		1623879572307	1623879572401	OK	 
GROUP	MarsTestApi / API,GetClusterByProviderType	1623879572306	1623879572402	94	OK
GROUP	MarsTestApi / API	1623879572136	1623879573315	177	OK
REQUEST	MarsTestApi / API,GetClusterByProviderType		1623879573316	1623879573398	OK	 
GROUP	MarsTestApi / API,GetClusterByProviderType	1623879573315	1623879573399	82	OK
GROUP	MarsTestApi / API	1623879572306	1623879573404	94	OK
REQUEST	MarsTestApi / API,GetClusterByProviderType		1623879573404	1623879573480	OK	 
GROUP	MarsTestApi / API,GetClusterByProviderType	1623879573404	1623879573481	76	OK
GROUP	MarsTestApi / API	1623879573315	1623879574401	82	OK
USER	MarsTestApi4	END	1623879574403
GROUP	MarsTestApi / API	1623879573404	1623879574482	76	OK
REQUEST	MarsTestApi / API,GetClusterByProviderType		1623879574483	1623879574571	OK	 
GROUP	MarsTestApi / API,GetClusterByProviderType	1623879574482	1623879574571	88	OK
GROUP	MarsTestApi / API	1623879574482	1623879575575	88	OK
REQUEST	MarsTestApi / API,GetClusterByProviderType		1623879575576	1623879575660	OK	 
GROUP	MarsTestApi / API,GetClusterByProviderType	1623879575576	1623879575661	84	OK
GROUP	MarsTestApi / API	1623879575576	1623879576664	84	OK
USER	MarsTestApi4	END	1623879576665
