RUN	BO.Framework.BOSim	bosim	1623774096084	 	3.5.1
USER	Users_1	START	1623774098321
REQUEST	LOGIN,LOGIN	LOGIN	1623774098342	1623774099048	OK	 
REQUEST	LOGIN,LOGIN	request_11	1623774099060	1623774099234	OK	 
REQUEST	LOGIN,LOGIN	request_12	1623774099239	1623774099337	OK	 
REQUEST	LOGIN,LOGIN	request_13	1623774099338	1623774099697	OK	 
REQUEST	LOGIN,LOGIN	request_14	1623774099698	1623774099764	OK	 
REQUEST	LOGIN,LOGIN	request_14 Redirect 1	1623774099767	1623774099864	OK	 
REQUEST	LOGIN,LOGIN	lib-min-7e6d84b497.js	1623774099898	1623774100122	OK	 
REQUEST	LOGIN,LOGIN	error-63062f7857.min.js	1623774099899	1623774100202	OK	 
REQUEST	LOGIN,LOGIN	consumer-7acd47889c.css	1623774099900	1623774100204	OK	 
REQUEST	LOGIN,LOGIN	favicon.ico	1623774099901	1623774100212	OK	 
REQUEST	LOGIN,LOGIN	consumer-optum3-b35069f230.css	1623774099900	1623774100218	OK	 
REQUEST	LOGIN,LOGIN	uitk-req-min-948de8930b.css	1623774099900	1623774100273	OK	 
REQUEST	LOGIN,LOGIN	request_19	1623774100281	1623774100888	OK	 
REQUEST	LOGIN,LOGIN	publicSector.js	1623774100895	1623774100980	OK	 
REQUEST	LOGIN,LOGIN	providerExpress_logo.gif	1623774100981	1623774101054	OK	 
REQUEST	LOGIN,LOGIN	loading.gif	1623774101055	1623774101127	OK	 
REQUEST	LOGIN,LOGIN	tabs.css	1623774100896	1623774101171	OK	 
REQUEST	LOGIN,LOGIN	sso.js	1623774100896	1623774101180	OK	 
REQUEST	LOGIN,LOGIN	home-bar.css	1623774100897	1623774101186	OK	 
REQUEST	LOGIN,LOGIN	space.gif	1623774101127	1623774101198	OK	 
REQUEST	LOGIN,LOGIN	uolStyle.css	1623774100897	1623774101226	OK	 
REQUEST	LOGIN,LOGIN	jquery-3.3.1.slim.min.js	1623774100897	1623774101372	OK	 
REQUEST	LOGIN,LOGIN	request_20	1623774101373	1623774101443	OK	 
REQUEST	LOGIN,LOGIN	request_22	1623774101444	1623774101517	OK	 
REQUEST	LOGIN,LOGIN	request_23	1623774101518	1623774101591	OK	 
REQUEST	LOGIN,LOGIN	request_23 Redirect 1	1623774101591	1623774101735	OK	 
REQUEST	LOGIN,LOGIN	request_23 Redirect 2	1623774101735	1623774101859	OK	 
REQUEST	LOGIN,LOGIN	request_23 Redirect 3	1623774101860	1623774101993	OK	 
REQUEST	LOGIN,LOGIN	newrelic.js	1623774101999	1623774102097	OK	 
REQUEST	LOGIN,LOGIN	global-app-config.js	1623774101998	1623774102098	OK	 
REQUEST	LOGIN,LOGIN	uitk-req-min-945fd9447c.js	1623774101999	1623774102100	OK	 
REQUEST	LOGIN,LOGIN	{{favIconPath}}	1623774101998	1623774102185	OK	 
REQUEST	LOGIN,LOGIN	prelogin-f85aab9ec4.min.js	1623774101999	1623774102232	OK	 
REQUEST	LOGIN,LOGIN	summer.js	1623774101997	1623774102343	OK	 
REQUEST	LOGIN,LOGIN	request_25	1623774102344	1623774102426	OK	 
REQUEST	LOGIN,LOGIN	request_27	1623774102427	1623774102498	OK	 
REQUEST	LOGIN,LOGIN	request_28	1623774102499	1623774102584	OK	 
REQUEST	LOGIN,LOGIN	request_29	1623774102585	1623774102663	OK	 
REQUEST	LOGIN,LOGIN	request_45	1623774102664	1623774103346	OK	 
REQUEST	LOGIN,LOGIN	request_46	1623774103347	1623774103857	OK	 
REQUEST	LOGIN,LOGIN	request_51	1623774103857	1623774104286	OK	 
REQUEST	LOGIN,LOGIN	request_52	1623774104290	1623774104721	OK	 
REQUEST	LOGIN,LOGIN	request_53	1623774104722	1623774104886	OK	 
REQUEST	LOGIN,LOGIN	request_54	1623774104887	1623774104971	OK	 
REQUEST	LOGIN,LOGIN	request_55	1623774104972	1623774105072	OK	 
REQUEST	LOGIN,LOGIN	request_56	1623774105073	1623774105161	OK	 
REQUEST	LOGIN,LOGIN	request_57	1623774105162	1623774105476	OK	 
REQUEST	LOGIN,LOGIN	request_58	1623774105477	1623774105700	OK	 
REQUEST	LOGIN,LOGIN	request_60	1623774105701	1623774105807	OK	 
REQUEST	LOGIN,LOGIN	request_61	1623774105808	1623774106138	OK	 
GROUP	LOGIN,LOGIN	1623774098325	1623774106139	7708	OK
REQUEST	LOGIN,LOGGED_IN	request_65	1623774107276	1623774107352	OK	 
REQUEST	LOGIN,LOGGED_IN	request_65 Redirect 1	1623774107352	1623774107487	OK	 
REQUEST	LOGIN,LOGGED_IN	request_65 Redirect 2	1623774107487	1623774107608	OK	 
REQUEST	LOGIN,LOGGED_IN	request_65 Redirect 3	1623774107608	1623774107943	OK	 
REQUEST	LOGIN,LOGGED_IN	{{favIconPath}}	1623774107945	1623774108132	OK	 
REQUEST	LOGIN,LOGGED_IN	summer.js	1623774107944	1623774108814	OK	 
REQUEST	LOGIN,LOGGED_IN	request_68	1623774108815	1623774108887	OK	 
REQUEST	LOGIN,LOGGED_IN	request_70	1623774108888	1623774108957	OK	 
REQUEST	LOGIN,LOGGED_IN	request_71	1623774108958	1623774109063	OK	 
REQUEST	LOGIN,LOGGED_IN	request_74	1623774109064	1623774109308	OK	 
REQUEST	LOGIN,LOGGED_IN	request_76	1623774109309	1623774109472	OK	 
REQUEST	LOGIN,LOGGED_IN	request_79	1623774109473	1623774109940	OK	 
REQUEST	LOGIN,LOGGED_IN	request_89	1623774109941	1623774110535	OK	 
REQUEST	LOGIN,LOGGED_IN	request_90	1623774110536	1623774111462	OK	 
REQUEST	LOGIN,LOGGED_IN	request_92	1623774111463	1623774111563	OK	 
REQUEST	LOGIN,LOGGED_IN	request_93	1623774111563	1623774111691	OK	 
REQUEST	LOGIN,LOGGED_IN	request_98	1623774111692	1623774112006	OK	 
REQUEST	LOGIN,LOGGED_IN	request_99	1623774112006	1623774112384	OK	 
REQUEST	LOGIN,LOGGED_IN	request_101	1623774112386	1623774112453	OK	 
GROUP	LOGIN,LOGGED_IN	1623774107276	1623774112454	5165	OK
REQUEST	LOGIN,SEARCH	request_3	1623774114099	1623774114173	OK	 
REQUEST	LOGIN,SEARCH	request_4	1623774114174	1623774114247	OK	 
REQUEST	LOGIN,SEARCH	request_4 Redirect 1	1623774114247	1623774114426	OK	 
REQUEST	LOGIN,SEARCH	request_4 Redirect 2	1623774114427	1623774114548	OK	 
REQUEST	LOGIN,SEARCH	request_4 Redirect 3	1623774114549	1623774114748	OK	 
REQUEST	LOGIN,SEARCH	{{favIconPath}}	1623774114750	1623774114934	OK	 
REQUEST	LOGIN,SEARCH	summer.js	1623774114749	1623774114946	OK	 
REQUEST	LOGIN,SEARCH	request_6	1623774114946	1623774115077	OK	 
REQUEST	LOGIN,SEARCH	request_7	1623774115078	1623774115149	OK	 
REQUEST	LOGIN,SEARCH	request_8	1623774115150	1623774115232	OK	 
REQUEST	LOGIN,SEARCH	request_11	1623774115233	1623774115364	OK	 
REQUEST	LOGIN,SEARCH	request_12	1623774115365	1623774115563	OK	 
REQUEST	LOGIN,SEARCH	request_18	1623774115564	1623774115634	OK	 
REQUEST	LOGIN,SEARCH	request_26	1623774115635	1623774116251	OK	 
REQUEST	LOGIN,SEARCH	request_27	1623774116252	1623774116332	OK	 
REQUEST	LOGIN,SEARCH	request_29	1623774116333	1623774116432	OK	 
REQUEST	LOGIN,SEARCH	request_30	1623774116433	1623774116587	OK	 
REQUEST	LOGIN,SEARCH	request_35	1623774116589	1623774116891	OK	 
REQUEST	LOGIN,SEARCH	request_36	1623774116892	1623774117087	OK	 
GROUP	LOGIN,SEARCH	1623774114098	1623774117088	2972	OK
GROUP	LOGIN	1623774098323	1623774118113	15845	OK
USER	Users_1	END	1623774118119
