RUN	GOO.Framework.GOO	goo	1623257932723	GOO.Framework.GOO-SIMULATION_1_1:SIMULATION_2_1:SIMULATION_3_0:SIMULATION_4_:Iterations_3	3.5.1
USER	Users_2	START	1623257934206
USER	Users_1	START	1623257934206
REQUEST	NPI,NPI	NPI_1245318229	1623257934228	1623257939697	OK	 
GROUP	NPI,NPI	1623257934211	1623257939720	5469	OK
GROUP	NPI	1623257934209	1623257941277	5469	OK
REQUEST	NPI,NPI	NPI_1821049651	1623257941282	1623257941552	OK	 
GROUP	NPI,NPI	1623257941279	1623257941555	270	OK
GROUP	NPI	1623257941278	1623257942631	270	OK
REQUEST	TIN,TIN	TIN_391139101	1623257934228	1623257942987	OK	 
GROUP	TIN,TIN	1623257934211	1623257942991	8759	OK
REQUEST	NPI,NPI	NPI_1114976883	1623257942632	1623257943146	OK	 
GROUP	NPI,NPI	1623257942632	1623257943147	514	OK
GROUP	TIN	1623257934209	1623257944345	8759	OK
GROUP	NPI	1623257942631	1623257944785	514	OK
USER	Users_1	END	1623257944788
REQUEST	TIN,TIN	TIN_391139101	1623257944347	1623257947838	OK	 
GROUP	TIN,TIN	1623257944346	1623257947840	3491	OK
GROUP	TIN	1623257944345	1623257949313	3491	OK
REQUEST	TIN,TIN	TIN_391139101	1623257949314	1623257953339	OK	 
GROUP	TIN,TIN	1623257949313	1623257953341	4025	OK
GROUP	TIN	1623257949313	1623257955190	4025	OK
USER	Users_2	END	1623257955191
