RUN	Optum.Framework.OptumSim	optumsim	1620924727140	 	3.5.1
USER	Users_1	START	1620924728579
REQUEST	Scen_1,Login	BasePage	1620924728596	1620924728927	OK	 
REQUEST	Scen_1,Login	BasePage_1	1620924728949	1620924729051	OK	 
REQUEST	Scen_1,Login	BasePage_2	1620924729057	1620924729137	OK	 
REQUEST	Scen_1,Login	BasePage_3	1620924729139	1620924729220	OK	 
REQUEST	Scen_1,Login	BasePage_4	1620924729222	1620924729318	OK	 
REQUEST	Scen_1,Login	BasePage_5	1620924729319	1620924731335	OK	 
GROUP	Scen_1,Login	1620924728582	1620924731337	2706	OK
REQUEST	Scen_1,SearchByActiveMember	Select_SearchByActiveMember	1620924732345	1620924732488	OK	 
GROUP	Scen_1,SearchByActiveMember	1620924732344	1620924732489	143	OK
REQUEST	Scen_1,SearchName_douglas	Search_1	1620924735247	1620924735999	OK	 
REQUEST	Scen_1,SearchName_douglas	Search_2003330312"	1620924736005	1620924736506	OK	 
GROUP	Scen_1,SearchName_douglas	1620924735243	1620924736506	1253	OK
REQUEST	Scen_1,S_2003330312"	Select_douglas	1620924738731	1620924738828	OK	 
REQUEST	Scen_1,S_2003330312"	request_1	1620924738830	1620924738946	OK	 
REQUEST	Scen_1,S_2003330312"	request_2003330312"	1620924738948	1620924741721	OK	 
GROUP	Scen_1,S_2003330312"	1620924738730	1620924741722	2986	OK
GROUP	Scen_1	1620924728581	1620924744610	7088	OK
USER	Users_1	END	1620924744613
