RUN	Optum.Framework.OptumSim	optumsim	1620924819273	 	3.5.1
USER	Users_1	START	1620924820707
REQUEST	Scen_1,Login	BasePage	1620924820725	1620924821077	OK	 
REQUEST	Scen_1,Login	BasePage_1	1620924821100	1620924821229	OK	 
REQUEST	Scen_1,Login	BasePage_2	1620924821236	1620924821327	OK	 
REQUEST	Scen_1,Login	BasePage_3	1620924821328	1620924821412	OK	 
REQUEST	Scen_1,Login	BasePage_4	1620924821413	1620924821496	OK	 
REQUEST	Scen_1,Login	BasePage_5	1620924821497	1620924823139	OK	 
GROUP	Scen_1,Login	1620924820710	1620924823140	2381	OK
REQUEST	Scen_1,SearchByActiveMember	Select_SearchByActiveMember	1620924824146	1620924824410	OK	 
GROUP	Scen_1,SearchByActiveMember	1620924824146	1620924824410	264	OK
REQUEST	Scen_1,SearchName_douglas	Search_1	1620924826734	1620924827193	OK	 
REQUEST	Scen_1,SearchName_douglas	Search_2003330312"	1620924827197	1620924827889	OK	 
GROUP	Scen_1,SearchName_douglas	1620924826731	1620924827889	1151	OK
REQUEST	Scen_1,S_2003330312"	Select_douglas	1620924830596	1620924830695	OK	 
REQUEST	Scen_1,S_2003330312"	request_1	1620924830696	1620924831061	OK	 
REQUEST	Scen_1,S_2003330312"	request_2003330312"	1620924831063	1620924831173	KO	status.find.in(200,201,202,203,204,205,206,207,208,209,304), found 400
GROUP	Scen_1,S_2003330312"	1620924830595	1620924831175	574	KO
GROUP	Scen_1	1620924820710	1620924833534	4370	KO
USER	Users_1	END	1620924833536
