RUN	JJ.Framework.JJSim	jjsim	1622665204963	JJ.Framework.JJSim-SIMULATION_1_1:SIMULATION_2_1:SIMULATION_3_1:SIMULATION_4_0:Iterations_2	3.5.1
USER	Users_1	START	1622665207398
USER	Users_2	START	1622665207398
USER	Users_3	START	1622665207398
REQUEST	LName,LN_Smith_WI	LName_Control	1622665207418	1622665214843	KO	status.find.in(200,201,202,203,204,205,206,207,208,209,304), found 500
GROUP	LName,LN_Smith_WI	1622665207404	1622665214857	7425	KO
REQUEST	NPI,NPI	NPI_1245318229	1622665207418	1622665214843	KO	status.find.in(200,201,202,203,204,205,206,207,208,209,304), found 500
GROUP	NPI,NPI	1622665207404	1622665214859	7425	KO
REQUEST	TIN,TIN	TIN_391139101	1622665207418	1622665214843	KO	status.find.in(200,201,202,203,204,205,206,207,208,209,304), found 500
GROUP	TIN,TIN	1622665207404	1622665214859	7425	KO
GROUP	NPI	1622665207401	1622665216474	7425	KO
REQUEST	NPI,NPI	NPI_1821049651	1622665216480	1622665216633	OK	 
GROUP	NPI,NPI	1622665216477	1622665216650	153	OK
GROUP	LName	1622665207401	1622665216681	7425	KO
REQUEST	LName,LN_Smith_WI	LName_Control	1622665216682	1622665216760	KO	status.find.in(200,201,202,203,204,205,206,207,208,209,304), found 500
GROUP	LName,LN_Smith_WI	1622665216682	1622665216760	78	KO
GROUP	TIN	1622665207401	1622665216840	7425	KO
REQUEST	TIN,TIN	TIN_391139101	1622665216841	1622665216923	KO	status.find.in(200,201,202,203,204,205,206,207,208,209,304), found 500
GROUP	TIN,TIN	1622665216841	1622665216924	82	KO
GROUP	TIN	1622665216840	1622665218194	82	KO
USER	Users_2	END	1622665218197
GROUP	NPI	1622665216475	1622665218251	153	OK
USER	Users_1	END	1622665218252
GROUP	LName	1622665216681	1622665218759	78	KO
USER	Users_3	END	1622665218760
