RUN	LandingPage	landingpage	1623706522953	 	3.5.1
USER	LandingPage	START	1623706524342
REQUEST		request_0	1623706524355	1623706524637	OK	 
REQUEST		request_0 Redirect 1	1623706524650	1623706525123	OK	 
REQUEST		request_0 Redirect 2	1623706525125	1623706525241	OK	 
REQUEST		request_0 Redirect 3	1623706525242	1623706525558	OK	 
REQUEST		global-app-config.js	1623706525615	1623706526111	OK	 
REQUEST		request_25	1623706525684	1623706526203	OK	 
REQUEST		request_13	1623706525682	1623706526225	OK	 
REQUEST		{{favIconPath}}	1623706525614	1623706526232	OK	 
REQUEST		request_11	1623706525616	1623706526330	OK	 
REQUEST		{{favIconPath}}	1623706526233	1623706526333	OK	 
REQUEST		summer.js	1623706525612	1623706526382	OK	 
REQUEST		uitk-req-min-945fd9447c.js	1623706525615	1623706526418	OK	 
REQUEST		request_31	1623706525804	1623706526453	OK	 
REQUEST		request_28	1623706525802	1623706526457	OK	 
REQUEST		request_44	1623706525681	1623706526459	OK	 
REQUEST		request_29	1623706525802	1623706526464	OK	 
REQUEST		request_1	1623706526385	1623706526492	OK	 
REQUEST		request_42	1623706525618	1623706526531	OK	 
REQUEST		uitk-req-min-948de8930b.css	1623706525613	1623706526541	OK	 
REQUEST		request_2	1623706526420	1623706526573	OK	 
REQUEST		request_33	1623706526458	1623706526576	OK	 
REQUEST		newrelic.js	1623706526334	1623706526577	OK	 
REQUEST		request_3	1623706526493	1623706526590	OK	 
REQUEST		request_12	1623706526590	1623706526719	OK	 
REQUEST		request_35	1623706526576	1623706526758	OK	 
REQUEST		request_6	1623706526552	1623706526770	OK	 
REQUEST		request_34	1623706526465	1623706526786	OK	 
REQUEST		request_14	1623706526720	1623706526788	OK	 
REQUEST		request_30	1623706525803	1623706526791	OK	 
REQUEST		request_26	1623706525800	1623706526800	OK	 
REQUEST		request_32	1623706526454	1623706526802	OK	 
REQUEST		request_16	1623706526789	1623706526893	OK	 
REQUEST		request_37	1623706526787	1623706526902	OK	 
REQUEST		request_38	1623706526792	1623706526908	OK	 
REQUEST		request_39	1623706526801	1623706526917	OK	 
REQUEST		request_36	1623706526759	1623706526937	OK	 
REQUEST		prelogin-f85aab9ec4.min.js	1623706526114	1623706526962	OK	 
REQUEST		request_15	1623706526785	1623706526985	OK	 
REQUEST		request_17	1623706526894	1623706526993	OK	 
REQUEST		request_43	1623706526903	1623706527020	OK	 
REQUEST		request_45	1623706526909	1623706527026	OK	 
REQUEST		request_7	1623706526574	1623706527041	OK	 
REQUEST		request_18	1623706526967	1623706527053	OK	 
REQUEST		request_41	1623706526803	1623706527060	OK	 
REQUEST		request_19	1623706526986	1623706527082	OK	 
REQUEST		request_21	1623706526994	1623706527091	OK	 
REQUEST		request_27	1623706525801	1623706527120	OK	 
REQUEST		request_10	1623706526579	1623706527124	OK	 
REQUEST		request_23	1623706527054	1623706527126	OK	 
REQUEST		request_22	1623706527052	1623706527174	OK	 
REQUEST		request_46	1623706525685	1623706527198	OK	 
REQUEST		lib-min-7e6d84b497.js	1623706525615	1623706527428	OK	 
USER	LandingPage	END	1623706527443
