RUN	Optum.Framework.OptumSim	optumsim	1626804077967	Optum.Framework.OptumSim-SIMULATION_1_10:SIMULATION_2_0:SIMULATION_3_0:Iterations_10	3.5.1
USER	Users_1	START	1626804079475
REQUEST	,Login		1626804079491	1626804079860	OK	 
REQUEST	,Login	favicon.ico	1626804079900	1626804080256	OK	 
REQUEST	,Login	icon?family=Material+Icons	1626804079903	1626804080299	OK	 
REQUEST	,Login	runtime-es5.a02b527030695c21acab.js	1626804079901	1626804080346	OK	 
REQUEST	,Login	runtime-es2015.a02b527030695c21acab.js	1626804079901	1626804080362	OK	 
REQUEST	,Login	styles-es2015.8dcb7b1cdd5d944ad068.js	1626804079903	1626804080429	OK	 
REQUEST	,Login	styles-es5.8dcb7b1cdd5d944ad068.js	1626804080258	1626804080433	OK	 
USER	Users_1	START	1626804080470
REQUEST	,Login	polyfills-es2015.08b3d487343e8bcb5f4b.js	1626804079902	1626804080500	OK	 
REQUEST	,Login	polyfills-es5.7951a9b6d5d3faf73072.js	1626804079902	1626804080672	OK	 
REQUEST	,Login		1626804080471	1626804080802	OK	 
REQUEST	,Login	icon?family=Material+Icons	1626804080806	1626804081113	OK	 
REQUEST	,Login	runtime-es5.a02b527030695c21acab.js	1626804080805	1626804081146	OK	 
REQUEST	,Login	runtime-es2015.a02b527030695c21acab.js	1626804080805	1626804081148	OK	 
REQUEST	,Login	styles-es2015.8dcb7b1cdd5d944ad068.js	1626804080806	1626804081233	OK	 
REQUEST	,Login	favicon.ico	1626804080804	1626804081351	OK	 
REQUEST	,Login	styles-es5.8dcb7b1cdd5d944ad068.js	1626804081146	1626804081443	OK	 
USER	Users_1	START	1626804081473
REQUEST	,Login	polyfills-es2015.08b3d487343e8bcb5f4b.js	1626804080805	1626804081476	OK	 
REQUEST	,Login	polyfills-es5.7951a9b6d5d3faf73072.js	1626804080805	1626804081477	OK	 
REQUEST	,Login	main-es5.8a12e6f1e5b08471ce36.js	1626804080363	1626804081834	OK	 
REQUEST	,Login	main-es2015.8a12e6f1e5b08471ce36.js	1626804081148	1626804081936	OK	 
REQUEST	,Login		1626804081473	1626804082017	OK	 
REQUEST	,Login	icon?family=Material+Icons	1626804082020	1626804082335	OK	 
REQUEST	,Login	favicon.ico	1626804082018	1626804082338	OK	 
REQUEST	,Login	runtime-es5.a02b527030695c21acab.js	1626804082019	1626804082359	OK	 
REQUEST	,Login	runtime-es2015.a02b527030695c21acab.js	1626804082019	1626804082366	OK	 
REQUEST	,Login	styles-es2015.8dcb7b1cdd5d944ad068.js	1626804082020	1626804082440	OK	 
USER	Users_1	START	1626804082467
REQUEST	,Login	styles-es5.8dcb7b1cdd5d944ad068.js	1626804082338	1626804082499	OK	 
REQUEST	,Login	main-es5.8a12e6f1e5b08471ce36.js	1626804081234	1626804082504	OK	 
REQUEST	,Login	polyfills-es2015.08b3d487343e8bcb5f4b.js	1626804082020	1626804082516	OK	 
REQUEST	,Login	main-es2015.8a12e6f1e5b08471ce36.js	1626804080347	1626804082587	OK	 
REQUEST	,Login		1626804082505	1626804082597	OK	 
REQUEST	,Login		1626804082588	1626804082671	OK	 
REQUEST	,Login		1626804082599	1626804082677	OK	 
REQUEST	,Login	polyfills-es5.7951a9b6d5d3faf73072.js	1626804082020	1626804082745	OK	 
REQUEST	,Login		1626804082672	1626804082753	OK	 
REQUEST	,Login		1626804082468	1626804082801	OK	 
REQUEST	,Login	icon?family=Material+Icons	1626804082803	1626804083130	OK	 
REQUEST	,Login	favicon.ico	1626804082802	1626804083131	OK	 
REQUEST	,Login	runtime-es2015.a02b527030695c21acab.js	1626804082803	1626804083152	OK	 
REQUEST	,Login	runtime-es5.a02b527030695c21acab.js	1626804082803	1626804083153	OK	 
REQUEST	,Login		1626804082754	1626804083179	OK	 
GROUP	,Login	1626804079479	1626804083180	3648	OK
REQUEST	,Login		1626804082678	1626804083193	OK	 
GROUP	,Login	1626804080471	1626804083193	2718	OK
REQUEST	,Login	styles-es2015.8dcb7b1cdd5d944ad068.js	1626804082803	1626804083230	OK	 
REQUEST	,Login	styles-es5.8dcb7b1cdd5d944ad068.js	1626804083131	1626804083298	OK	 
REQUEST	,Login	polyfills-es5.7951a9b6d5d3faf73072.js	1626804082803	1626804083316	OK	 
REQUEST	,SearchByActiveMember	Select_SearchByActiveMember	1626804083183	1626804083466	OK	 
GROUP	,SearchByActiveMember	1626804083182	1626804083466	283	OK
USER	Users_1	START	1626804083467
REQUEST	,Login	polyfills-es2015.08b3d487343e8bcb5f4b.js	1626804082803	1626804083478	OK	 
REQUEST	,SearchByActiveMember	Select_SearchByActiveMember	1626804083194	1626804083507	OK	 
GROUP	,SearchByActiveMember	1626804083194	1626804083507	313	OK
REQUEST	,Login	main-es2015.8a12e6f1e5b08471ce36.js	1626804082359	1626804083658	OK	 
REQUEST	,Login	main-es5.8a12e6f1e5b08471ce36.js	1626804082367	1626804083737	OK	 
REQUEST	,Login		1626804083738	1626804083825	OK	 
REQUEST	,Login		1626804083468	1626804083829	OK	 
REQUEST	,Login		1626804083825	1626804083901	OK	 
REQUEST	,Login	favicon.ico	1626804083830	1626804084065	OK	 
REQUEST	,Login	icon?family=Material+Icons	1626804083831	1626804084143	OK	 
REQUEST	,Login	runtime-es2015.a02b527030695c21acab.js	1626804083830	1626804084154	OK	 
REQUEST	,Login	runtime-es5.a02b527030695c21acab.js	1626804083830	1626804084155	OK	 
REQUEST	,Login	styles-es5.8dcb7b1cdd5d944ad068.js	1626804084066	1626804084158	OK	 
REQUEST	,Login		1626804083902	1626804084205	OK	 
GROUP	,Login	1626804081473	1626804084206	2730	OK
REQUEST	,Login	styles-es2015.8dcb7b1cdd5d944ad068.js	1626804083831	1626804084315	OK	 
REQUEST	,Login	polyfills-es2015.08b3d487343e8bcb5f4b.js	1626804083831	1626804084322	OK	 
REQUEST	,Login	polyfills-es5.7951a9b6d5d3faf73072.js	1626804083830	1626804084325	OK	 
REQUEST	,SearchByActiveMember	Select_SearchByActiveMember	1626804084206	1626804084354	OK	 
GROUP	,SearchByActiveMember	1626804084206	1626804084354	148	OK
REQUEST	,Login	main-es2015.8a12e6f1e5b08471ce36.js	1626804083153	1626804084437	OK	 
USER	Users_1	START	1626804084471
REQUEST	,Login	main-es5.8a12e6f1e5b08471ce36.js	1626804083154	1626804084602	OK	 
REQUEST	,Login		1626804084603	1626804084684	OK	 
REQUEST	,Login	main-es2015.8a12e6f1e5b08471ce36.js	1626804084154	1626804084734	OK	 
REQUEST	,Login	main-es5.8a12e6f1e5b08471ce36.js	1626804084155	1626804084741	OK	 
REQUEST	,Login		1626804084685	1626804084767	OK	 
REQUEST	,Login		1626804084472	1626804084806	OK	 
REQUEST	,Login		1626804084741	1626804084831	OK	 
REQUEST	,Login		1626804084832	1626804084910	OK	 
REQUEST	,Login		1626804084767	1626804085095	OK	 
GROUP	,Login	1626804082467	1626804085095	2626	OK
REQUEST	,Login	icon?family=Material+Icons	1626804084808	1626804085119	OK	 
REQUEST	,Login	favicon.ico	1626804084807	1626804085122	OK	 
REQUEST	,Login	runtime-es5.a02b527030695c21acab.js	1626804084807	1626804085138	OK	 
REQUEST	,Login	runtime-es2015.a02b527030695c21acab.js	1626804084807	1626804085139	OK	 
REQUEST	,Login	styles-es5.8dcb7b1cdd5d944ad068.js	1626804085122	1626804085208	OK	 
REQUEST	,Login		1626804084911	1626804085236	OK	 
GROUP	,Login	1626804083467	1626804085236	1766	OK
REQUEST	,SearchByActiveMember	Select_SearchByActiveMember	1626804085096	1626804085261	OK	 
GROUP	,SearchByActiveMember	1626804085096	1626804085261	165	OK
REQUEST	,Login	polyfills-es2015.08b3d487343e8bcb5f4b.js	1626804084808	1626804085305	OK	 
REQUEST	,Login	polyfills-es5.7951a9b6d5d3faf73072.js	1626804084808	1626804085312	OK	 
REQUEST	,Login	styles-es2015.8dcb7b1cdd5d944ad068.js	1626804084808	1626804085313	OK	 
REQUEST	,SearchByActiveMember	Select_SearchByActiveMember	1626804085237	1626804085397	OK	 
GROUP	,SearchByActiveMember	1626804085236	1626804085397	160	OK
USER	Users_1	START	1626804085468
REQUEST	,Login	main-es5.8a12e6f1e5b08471ce36.js	1626804085140	1626804085721	OK	 
REQUEST	,Login		1626804085469	1626804085802	OK	 
REQUEST	,Login	main-es2015.8a12e6f1e5b08471ce36.js	1626804085139	1626804086111	OK	 
REQUEST	,Login	icon?family=Material+Icons	1626804085805	1626804086118	OK	 
REQUEST	,Login	favicon.ico	1626804085803	1626804086135	OK	 
REQUEST	,Login	runtime-es5.a02b527030695c21acab.js	1626804085804	1626804086146	OK	 
REQUEST	,Login	runtime-es2015.a02b527030695c21acab.js	1626804085804	1626804086153	OK	 
REQUEST	,SearchName_thomas	Search_1	1626804085942	1626804086162	OK	 
REQUEST	,Login		1626804086112	1626804086194	OK	 
REQUEST	,Login	styles-es2015.8dcb7b1cdd5d944ad068.js	1626804085805	1626804086223	OK	 
REQUEST	,Login	styles-es5.8dcb7b1cdd5d944ad068.js	1626804086135	1626804086297	OK	 
REQUEST	,Login	polyfills-es5.7951a9b6d5d3faf73072.js	1626804085804	1626804086316	OK	 
REQUEST	,Login		1626804086194	1626804086337	OK	 
REQUEST	,SearchName_thomas	Search_2003326739	1626804086165	1626804086444	OK	 
GROUP	,SearchName_thomas	1626804085938	1626804086444	499	OK
REQUEST	,Login	polyfills-es2015.08b3d487343e8bcb5f4b.js	1626804085804	1626804086459	OK	 
USER	Users_1	START	1626804086468
REQUEST	,Login	main-es2015.8a12e6f1e5b08471ce36.js	1626804086147	1626804086691	OK	 
REQUEST	,SearchName_douglas	Search_1	1626804086613	1626804086775	OK	 
REQUEST	,Login		1626804086469	1626804086806	OK	 
REQUEST	,Login		1626804086338	1626804086838	OK	 
GROUP	,Login	1626804084471	1626804086839	2365	OK
REQUEST	,SearchByActiveMember	Select_SearchByActiveMember	1626804086840	1626804087052	OK	 
GROUP	,SearchByActiveMember	1626804086839	1626804087052	212	OK
REQUEST	,SearchName_douglas	Search_3330526	1626804086776	1626804087068	OK	 
GROUP	,SearchName_douglas	1626804086612	1626804087069	454	OK
REQUEST	,Login	icon?family=Material+Icons	1626804086807	1626804087126	OK	 
REQUEST	,Login	favicon.ico	1626804086806	1626804087131	OK	 
REQUEST	,Login	runtime-es5.a02b527030695c21acab.js	1626804086807	1626804087144	OK	 
REQUEST	,Login	runtime-es2015.a02b527030695c21acab.js	1626804086807	1626804087145	OK	 
REQUEST	,Login	styles-es5.8dcb7b1cdd5d944ad068.js	1626804087131	1626804087292	OK	 
REQUEST	,Login	polyfills-es2015.08b3d487343e8bcb5f4b.js	1626804086807	1626804087296	OK	 
REQUEST	,Login	styles-es2015.8dcb7b1cdd5d944ad068.js	1626804086807	1626804087309	OK	 
USER	Users_1	START	1626804087467
REQUEST	,Login	polyfills-es5.7951a9b6d5d3faf73072.js	1626804086807	1626804087528	OK	 
REQUEST	,SearchName_smith	Search_1	1626804087195	1626804087664	OK	 
REQUEST	,Login	main-es5.8a12e6f1e5b08471ce36.js	1626804087145	1626804087711	OK	 
REQUEST	,Login	main-es2015.8a12e6f1e5b08471ce36.js	1626804087144	1626804087715	OK	 
REQUEST	,Login		1626804087468	1626804087800	OK	 
REQUEST	,Login		1626804087716	1626804087807	OK	 
REQUEST	,Login		1626804087808	1626804087884	OK	 
REQUEST	,SearchName_smith	Search_803330745	1626804087665	1626804088102	OK	 
GROUP	,SearchName_smith	1626804087195	1626804088102	906	OK
REQUEST	,Login	icon?family=Material+Icons	1626804087802	1626804088108	OK	 
REQUEST	,Login	runtime-es2015.a02b527030695c21acab.js	1626804087801	1626804088140	OK	 
REQUEST	,Login	runtime-es5.a02b527030695c21acab.js	1626804087802	1626804088143	OK	 
REQUEST	,Login	main-es5.8a12e6f1e5b08471ce36.js	1626804086153	1626804088217	OK	 
REQUEST	,Login	styles-es2015.8dcb7b1cdd5d944ad068.js	1626804087802	1626804088224	OK	 
REQUEST	,Login		1626804088217	1626804088301	OK	 
REQUEST	,Login	polyfills-es5.7951a9b6d5d3faf73072.js	1626804087802	1626804088303	OK	 
REQUEST	,Login	polyfills-es2015.08b3d487343e8bcb5f4b.js	1626804087802	1626804088304	OK	 
REQUEST	,Login	styles-es5.8dcb7b1cdd5d944ad068.js	1626804088141	1626804088311	OK	 
REQUEST	,SearchName_baker	Search_1	1626804088044	1626804088359	OK	 
REQUEST	,Login	favicon.ico	1626804087801	1626804088363	OK	 
REQUEST	,Login		1626804088301	1626804088378	OK	 
USER	Users_1	START	1626804088471
REQUEST	,Login		1626804087885	1626804088473	OK	 
GROUP	,Login	1626804086468	1626804088473	2001	OK
REQUEST	,SearchName_baker	Search_1203330606	1626804088360	1626804088696	OK	 
GROUP	,SearchName_baker	1626804088044	1626804088696	651	OK
REQUEST	,SearchByActiveMember	Select_SearchByActiveMember	1626804088474	1626804088702	OK	 
GROUP	,SearchByActiveMember	1626804088473	1626804088702	228	OK
REQUEST	,Login	main-es5.8a12e6f1e5b08471ce36.js	1626804088224	1626804088704	OK	 
REQUEST	,Login		1626804088379	1626804088723	OK	 
GROUP	,Login	1626804085468	1626804088724	3252	OK
REQUEST	,Login		1626804088471	1626804088805	OK	 
REQUEST	,SearchByActiveMember	Select_SearchByActiveMember	1626804088724	1626804088862	OK	 
GROUP	,SearchByActiveMember	1626804088724	1626804088862	138	OK
REQUEST	,Login	favicon.ico	1626804088807	1626804089047	OK	 
REQUEST	,Login	icon?family=Material+Icons	1626804088808	1626804089120	OK	 
REQUEST	,Login	styles-es5.8dcb7b1cdd5d944ad068.js	1626804089047	1626804089135	OK	 
REQUEST	,Login	runtime-es2015.a02b527030695c21acab.js	1626804088807	1626804089137	OK	 
REQUEST	,Login	runtime-es5.a02b527030695c21acab.js	1626804088807	1626804089138	OK	 
REQUEST	,Login	styles-es2015.8dcb7b1cdd5d944ad068.js	1626804088807	1626804089222	OK	 
REQUEST	,Login	polyfills-es5.7951a9b6d5d3faf73072.js	1626804088807	1626804089299	OK	 
REQUEST	,Login	polyfills-es2015.08b3d487343e8bcb5f4b.js	1626804088807	1626804089300	OK	 
REQUEST	,SearchName_roger	Search_1	1626804088993	1626804089329	OK	 
REQUEST	,Login	main-es2015.8a12e6f1e5b08471ce36.js	1626804089136	1626804089544	OK	 
REQUEST	,SearchName_roger	Search_3328306	1626804089330	1626804089585	OK	 
GROUP	,SearchName_roger	1626804088992	1626804089586	591	OK
REQUEST	,Login	main-es2015.8a12e6f1e5b08471ce36.js	1626804088143	1626804090107	OK	 
REQUEST	,Login	main-es5.8a12e6f1e5b08471ce36.js	1626804089137	1626804090174	OK	 
REQUEST	,Login		1626804090108	1626804090200	OK	 
REQUEST	,S_803330745	Select_smith	1626804090109	1626804090238	OK	 
REQUEST	,S_2003326739	Select_thomas	1626804089841	1626804090240	OK	 
REQUEST	,Login		1626804090175	1626804090256	OK	 
REQUEST	,Login		1626804090200	1626804090280	OK	 
REQUEST	,Login		1626804090256	1626804090340	OK	 
REQUEST	,Login		1626804090341	1626804090744	OK	 
REQUEST	,Login		1626804090281	1626804090744	OK	 
GROUP	,Login	1626804087468	1626804090745	3274	OK
GROUP	,Login	1626804088471	1626804090745	2270	OK
REQUEST	,SearchName_douglas	Search_1	1626804090423	1626804090745	OK	 
REQUEST	,S_3330526	Select_douglas	1626804090193	1626804090871	OK	 
REQUEST	,SearchByActiveMember	Select_SearchByActiveMember	1626804090745	1626804090881	OK	 
GROUP	,SearchByActiveMember	1626804090745	1626804090881	136	OK
REQUEST	,SearchByActiveMember	Select_SearchByActiveMember	1626804090745	1626804090917	OK	 
GROUP	,SearchByActiveMember	1626804090745	1626804090917	172	OK
REQUEST	,SearchName_douglas	Search_3330526	1626804090745	1626804090945	OK	 
GROUP	,SearchName_douglas	1626804090422	1626804090945	522	OK
REQUEST	,S_803330745		1626804090239	1626804091404	OK	 
REQUEST	,S_3330526		1626804090871	1626804091424	OK	 
REQUEST	,S_1203330606	Select_baker	1626804091392	1626804091641	OK	 
REQUEST	,S_803330745	MemberId:803330745	1626804091406	1626804091682	OK	 
GROUP	,S_803330745	1626804090108	1626804091683	1570	OK
REQUEST	,S_3330526	MemberId:3330526	1626804091425	1626804091686	OK	 
GROUP	,S_3330526	1626804090192	1626804091686	1492	OK
REQUEST	,S_3328306	Select_roger	1626804091740	1626804091834	OK	 
REQUEST	,S_3328306		1626804091835	1626804092269	OK	 
REQUEST	,SearchName_thomas	Search_1	1626804092175	1626804092366	OK	 
REQUEST	,S_3328306	MemberId:3328306	1626804092270	1626804092509	OK	 
GROUP	,S_3328306	1626804091739	1626804092509	767	OK
REQUEST	,SearchName_thomas	Search_2003326739	1626804092367	1626804092622	OK	 
GROUP	,SearchName_thomas	1626804092174	1626804092622	446	OK
REQUEST	,S_2003326739		1626804090240	1626804093289	OK	 
REQUEST	,SearchName_baker	Search_1	1626804093227	1626804093416	OK	 
REQUEST	,S_2003326739	MemberId:2003326739	1626804093290	1626804093522	OK	 
GROUP	,S_2003326739	1626804089841	1626804093522	3680	OK
REQUEST	,SearchName_baker	Search_1203330606	1626804093417	1626804093596	OK	 
GROUP	,SearchName_baker	1626804093226	1626804093596	368	OK
REQUEST	,S_1203330606		1626804091641	1626804093859	OK	 
REQUEST	,SearchName_smith	Search_1	1626804092124	1626804093859	OK	 
REQUEST	,S_3330526	Select_douglas	1626804093847	1626804093942	OK	 
REQUEST	,S_1203330606	MemberId:1203330606	1626804093860	1626804094104	OK	 
GROUP	,S_1203330606	1626804091391	1626804094104	2711	OK
REQUEST	,SearchName_smith	Search_803330745	1626804093860	1626804094166	OK	 
GROUP	,SearchName_smith	1626804092124	1626804094167	2041	OK
REQUEST	,DrillDown_smith	70214	1626804094088	1626804094212	OK	 
GROUP	,DrillDown_smith	1626804094087	1626804094213	124	OK
REQUEST	,SearchName_roger	Search_1	1626804094087	1626804094243	OK	 
REQUEST	,SearchName_roger	Search_3328306	1626804094244	1626804094405	OK	 
GROUP	,SearchName_roger	1626804094086	1626804094405	317	OK
REQUEST	,S_3330526		1626804093943	1626804094600	OK	 
REQUEST	,S_3330526	MemberId:3330526	1626804094601	1626804094839	OK	 
GROUP	,S_3330526	1626804093846	1626804094840	990	OK
REQUEST	,S_2003326739	Select_thomas	1626804094820	1626804094982	OK	 
REQUEST	,DrillDown_douglas	67672	1626804094893	1626804095054	OK	 
GROUP	,DrillDown_douglas	1626804094893	1626804095054	161	OK
REQUEST	,DrillDown_roger	70075	1626804096263	1626804096383	OK	 
GROUP	,DrillDown_roger	1626804096262	1626804096383	120	OK
REQUEST	,DrillDown_thomas	69195	1626804096122	1626804096478	OK	 
GROUP	,DrillDown_thomas	1626804096121	1626804096479	356	OK
REQUEST	,S_803330745	Select_smith	1626804096504	1626804096843	OK	 
REQUEST	,S_3328306	Select_roger	1626804096929	1626804097026	OK	 
REQUEST	,DrillDown_baker	68633	1626804096954	1626804097136	OK	 
GROUP	,DrillDown_baker	1626804096953	1626804097136	182	OK
REQUEST	,S_1203330606	Select_baker	1626804097087	1626804097177	OK	 
REQUEST	,SearchByActiveMember	Select_SearchByActiveMember	1626804097458	1626804098144	OK	 
GROUP	,SearchByActiveMember	1626804097457	1626804098144	686	OK
REQUEST	,S_2003326739		1626804094982	1626804098419	OK	 
REQUEST	,S_3328306		1626804097026	1626804098419	OK	 
REQUEST	,S_803330745		1626804096844	1626804098490	OK	 
REQUEST	,S_3328306	MemberId:3328306	1626804098420	1626804098817	OK	 
REQUEST	,S_2003326739	MemberId:2003326739	1626804098420	1626804098817	OK	 
GROUP	,S_3328306	1626804096929	1626804098817	1887	OK
GROUP	,S_2003326739	1626804094820	1626804098817	3996	OK
REQUEST	,DrillDown_douglas	67672	1626804098177	1626804098824	OK	 
GROUP	,DrillDown_douglas	1626804098177	1626804098825	647	OK
REQUEST	,S_803330745	MemberId:803330745	1626804098491	1626804098876	OK	 
GROUP	,S_803330745	1626804096504	1626804098876	2370	OK
REQUEST	,SearchByActiveMember	Select_SearchByActiveMember	1626804098621	1626804098983	OK	 
GROUP	,SearchByActiveMember	1626804098620	1626804098983	362	OK
REQUEST	,SearchByActiveMember	Select_SearchByActiveMember	1626804098632	1626804099146	OK	 
GROUP	,SearchByActiveMember	1626804098631	1626804099146	514	OK
REQUEST	,SearchByActiveMember	Select_SearchByActiveMember	1626804099062	1626804099447	OK	 
GROUP	,SearchByActiveMember	1626804099061	1626804099447	385	OK
REQUEST	,S_1203330606		1626804097178	1626804100355	OK	 
REQUEST	,SearchByActiveMember	Select_SearchByActiveMember	1626804100025	1626804100444	OK	 
GROUP	,SearchByActiveMember	1626804100024	1626804100444	419	OK
REQUEST	,S_1203330606	MemberId:1203330606	1626804100356	1626804100633	OK	 
GROUP	,S_1203330606	1626804097086	1626804100633	3544	OK
REQUEST	,SearchByActiveMember	Select_SearchByActiveMember	1626804100901	1626804101028	OK	 
GROUP	,SearchByActiveMember	1626804100900	1626804101028	127	OK
REQUEST	,DrillDown_thomas	69195	1626804101098	1626804101261	OK	 
GROUP	,DrillDown_thomas	1626804101097	1626804101262	163	OK
REQUEST	,DrillDown_smith	70214	1626804101259	1626804101548	OK	 
GROUP	,DrillDown_smith	1626804101259	1626804101548	289	OK
REQUEST	,SearchName_douglas	Search_1	1626804101943	1626804102240	OK	 
REQUEST	,DrillDown_roger	70075	1626804102291	1626804102430	OK	 
GROUP	,DrillDown_roger	1626804102291	1626804102430	139	OK
REQUEST	,SearchName_douglas	Search_3330526	1626804102241	1626804102650	OK	 
GROUP	,SearchName_douglas	1626804101942	1626804102650	706	OK
REQUEST	,SearchName_baker	Search_1	1626804102563	1626804102742	OK	 
REQUEST	,SearchName_baker	Search_1203330606	1626804102743	1626804102993	OK	 
GROUP	,SearchName_baker	1626804102563	1626804102994	429	OK
REQUEST	,SearchName_thomas	Search_1	1626804102849	1626804103049	OK	 
REQUEST	,SearchName_smith	Search_1	1626804102961	1626804103263	OK	 
REQUEST	,DrillDown_baker	68633	1626804103021	1626804103298	OK	 
GROUP	,DrillDown_baker	1626804103021	1626804103298	277	OK
REQUEST	,SearchName_roger	Search_1	1626804102926	1626804103352	OK	 
REQUEST	,SearchName_thomas	Search_2003326739	1626804103049	1626804103465	OK	 
GROUP	,SearchName_thomas	1626804102848	1626804103465	616	OK
REQUEST	,SearchName_roger	Search_3328306	1626804103353	1626804103530	OK	 
GROUP	,SearchName_roger	1626804102925	1626804103530	603	OK
REQUEST	,SearchName_smith	Search_803330745	1626804103264	1626804103717	OK	 
GROUP	,SearchName_smith	1626804102961	1626804103717	755	OK
REQUEST	,SearchName_douglas	Search_1	1626804103465	1626804103882	OK	 
REQUEST	,SearchName_douglas	Search_3330526	1626804103882	1626804104184	OK	 
GROUP	,SearchName_douglas	1626804103464	1626804104184	719	OK
REQUEST	,SearchByActiveMember	Select_SearchByActiveMember	1626804104348	1626804104878	OK	 
GROUP	,SearchByActiveMember	1626804104348	1626804104878	530	OK
REQUEST	,SearchByActiveMember	Select_SearchByActiveMember	1626804104789	1626804105081	OK	 
GROUP	,SearchByActiveMember	1626804104788	1626804105082	292	OK
REQUEST	,S_3330526	Select_douglas	1626804105096	1626804105207	OK	 
REQUEST	,SearchByActiveMember	Select_SearchByActiveMember	1626804105463	1626804105622	OK	 
GROUP	,SearchByActiveMember	1626804105462	1626804105622	159	OK
REQUEST	,S_3328306	Select_roger	1626804105768	1626804105856	OK	 
REQUEST	,S_1203330606	Select_baker	1626804105808	1626804105910	OK	 
REQUEST	,S_3330526		1626804105208	1626804105925	OK	 
REQUEST	,S_803330745	Select_smith	1626804105978	1626804106171	OK	 
REQUEST	,S_3330526	MemberId:3330526	1626804105926	1626804106173	OK	 
GROUP	,S_3330526	1626804105096	1626804106173	1075	OK
REQUEST	,S_3328306		1626804105856	1626804106848	OK	 
REQUEST	,S_803330745		1626804106172	1626804106940	OK	 
REQUEST	,S_3328306	MemberId:3328306	1626804106849	1626804107121	OK	 
GROUP	,S_3328306	1626804105768	1626804107121	1352	OK
REQUEST	,S_803330745	MemberId:803330745	1626804106940	1626804107183	OK	 
GROUP	,S_803330745	1626804105978	1626804107183	1204	OK
REQUEST	,S_2003326739	Select_thomas	1626804107115	1626804107212	OK	 
REQUEST	,SearchByActiveMember	Select_SearchByActiveMember	1626804107087	1626804107228	OK	 
GROUP	,SearchByActiveMember	1626804107087	1626804107228	141	OK
REQUEST	,S_3330526	Select_douglas	1626804107322	1626804107412	OK	 
REQUEST	,S_3330526		1626804107413	1626804108075	OK	 
REQUEST	,S_3330526	MemberId:3330526	1626804108076	1626804108316	OK	 
GROUP	,S_3330526	1626804107322	1626804108316	992	OK
REQUEST	,DrillDown_douglas	67672	1626804108234	1626804108397	OK	 
GROUP	,DrillDown_douglas	1626804108233	1626804108397	163	OK
REQUEST	,S_1203330606		1626804105911	1626804108776	OK	 
REQUEST	,SearchName_thomas	Search_1	1626804108508	1626804108916	OK	 
REQUEST	,S_1203330606	MemberId:1203330606	1626804108777	1626804109099	OK	 
GROUP	,S_1203330606	1626804105808	1626804109099	3289	OK
REQUEST	,SearchName_thomas	Search_2003326739	1626804108917	1626804109185	OK	 
GROUP	,SearchName_thomas	1626804108508	1626804109185	676	OK
REQUEST	,SearchName_smith	Search_1	1626804108892	1626804109226	OK	 
REQUEST	,SearchName_roger	Search_1	1626804109066	1626804109245	OK	 
REQUEST	,DrillDown_roger	70075	1626804109205	1626804109386	OK	 
GROUP	,DrillDown_roger	1626804109205	1626804109386	181	OK
REQUEST	,SearchName_smith	Search_803330745	1626804109227	1626804109894	OK	 
REQUEST	,SearchName_roger	Search_3328306	1626804109246	1626804109894	OK	 
GROUP	,SearchName_roger	1626804109066	1626804109894	827	OK
GROUP	,SearchName_smith	1626804108892	1626804109894	1001	OK
REQUEST	,SearchName_baker	Search_1	1626804109882	1626804110217	OK	 
REQUEST	,DrillDown_smith	70214	1626804110033	1626804110271	OK	 
GROUP	,DrillDown_smith	1626804110033	1626804110271	238	OK
REQUEST	,SearchName_baker	Search_1203330606	1626804110217	1626804110942	OK	 
GROUP	,SearchName_baker	1626804109881	1626804110943	1060	OK
REQUEST	,S_2003326739		1626804107212	1626804111041	OK	 
REQUEST	,S_2003326739	MemberId:2003326739	1626804111041	1626804111299	OK	 
GROUP	,S_2003326739	1626804107115	1626804111299	4184	OK
REQUEST	,SearchByActiveMember	Select_SearchByActiveMember	1626804111109	1626804111468	OK	 
GROUP	,SearchByActiveMember	1626804111108	1626804111468	359	OK
REQUEST	,S_2003326739	Select_thomas	1626804111427	1626804111520	OK	 
REQUEST	,DrillDown_douglas	67672	1626804111654	1626804111796	OK	 
GROUP	,DrillDown_douglas	1626804111653	1626804111796	142	OK
REQUEST	,DrillDown_baker	68633	1626804111638	1626804111840	OK	 
GROUP	,DrillDown_baker	1626804111638	1626804111841	202	OK
REQUEST	,SearchByActiveMember	Select_SearchByActiveMember	1626804112045	1626804112173	OK	 
GROUP	,SearchByActiveMember	1626804112045	1626804112174	128	OK
REQUEST	,S_803330745	Select_smith	1626804113016	1626804113355	OK	 
REQUEST	,SearchByActiveMember	Select_SearchByActiveMember	1626804112881	1626804113376	OK	 
GROUP	,SearchByActiveMember	1626804112880	1626804113376	495	OK
REQUEST	,S_3328306	Select_roger	1626804113607	1626804113944	OK	 
REQUEST	,S_803330745		1626804113356	1626804114405	OK	 
REQUEST	,S_2003326739		1626804111521	1626804114405	OK	 
REQUEST	,S_3328306		1626804113945	1626804114460	OK	 
REQUEST	,S_3328306	MemberId:3328306	1626804114461	1626804114719	OK	 
GROUP	,S_3328306	1626804113606	1626804114720	1110	OK
REQUEST	,S_2003326739	MemberId:2003326739	1626804114406	1626804114846	OK	 
REQUEST	,S_803330745	MemberId:803330745	1626804114406	1626804114846	OK	 
GROUP	,S_2003326739	1626804111427	1626804114846	3417	OK
GROUP	,S_803330745	1626804113016	1626804114846	1828	OK
REQUEST	,SearchName_douglas	Search_1	1626804114376	1626804114861	OK	 
REQUEST	,S_1203330606	Select_baker	1626804114862	1626804114983	OK	 
REQUEST	,SearchName_douglas	Search_3330526	1626804114861	1626804115025	OK	 
GROUP	,SearchName_douglas	1626804114375	1626804115025	649	OK
REQUEST	,SearchByActiveMember	Select_SearchByActiveMember	1626804114719	1626804115106	OK	 
GROUP	,SearchByActiveMember	1626804114719	1626804115106	387	OK
REQUEST	,DrillDown_thomas	69195	1626804115128	1626804115516	OK	 
GROUP	,DrillDown_thomas	1626804115128	1626804115516	388	OK
REQUEST	,SearchByActiveMember	Select_SearchByActiveMember	1626804115154	1626804115531	OK	 
GROUP	,SearchByActiveMember	1626804115154	1626804115531	377	OK
REQUEST	,SearchName_thomas	Search_1	1626804116017	1626804116466	OK	 
REQUEST	,SearchName_smith	Search_1	1626804116358	1626804116577	OK	 
REQUEST	,SearchName_thomas	Search_2003326739	1626804116466	1626804116627	OK	 
GROUP	,SearchName_thomas	1626804116016	1626804116628	610	OK
REQUEST	,SearchName_smith	Search_803330745	1626804116578	1626804116928	OK	 
GROUP	,SearchName_smith	1626804116358	1626804116928	569	OK
REQUEST	,DrillDown_thomas	69195	1626804116917	1626804117099	OK	 
GROUP	,DrillDown_thomas	1626804116916	1626804117099	182	OK
REQUEST	,DrillDown_smith	70214	1626804117313	1626804117438	OK	 
GROUP	,DrillDown_smith	1626804117312	1626804117439	125	OK
REQUEST	,S_3330526	Select_douglas	1626804117775	1626804117883	OK	 
REQUEST	,S_1203330606		1626804114983	1626804117949	OK	 
REQUEST	,S_1203330606	MemberId:1203330606	1626804117949	1626804118190	OK	 
GROUP	,S_1203330606	1626804114862	1626804118190	3328	OK
REQUEST	,DrillDown_roger	70075	1626804118104	1626804118234	OK	 
GROUP	,DrillDown_roger	1626804118103	1626804118234	130	OK
REQUEST	,S_3330526		1626804117883	1626804118473	OK	 
REQUEST	,S_3330526	MemberId:3330526	1626804118474	1626804118721	OK	 
GROUP	,S_3330526	1626804117774	1626804118722	945	OK
REQUEST	,S_2003326739	Select_thomas	1626804118835	1626804118927	OK	 
REQUEST	,SearchName_baker	Search_1	1626804118821	1626804118989	OK	 
REQUEST	,SearchByActiveMember	Select_SearchByActiveMember	1626804119008	1626804119156	OK	 
GROUP	,SearchByActiveMember	1626804119008	1626804119156	148	OK
REQUEST	,S_803330745	Select_smith	1626804119178	1626804119272	OK	 
REQUEST	,SearchName_roger	Search_1	1626804118967	1626804119277	OK	 
REQUEST	,SearchName_baker	Search_1203330606	1626804118989	1626804119302	OK	 
GROUP	,SearchName_baker	1626804118821	1626804119302	481	OK
REQUEST	,SearchName_roger	Search_3328306	1626804119277	1626804119512	OK	 
GROUP	,SearchName_roger	1626804118966	1626804119512	545	OK
REQUEST	,SearchByActiveMember	Select_SearchByActiveMember	1626804119735	1626804119881	OK	 
GROUP	,SearchByActiveMember	1626804119734	1626804119882	146	OK
REQUEST	,S_803330745		1626804119273	1626804120372	OK	 
REQUEST	,S_803330745	MemberId:803330745	1626804120373	1626804120727	OK	 
GROUP	,S_803330745	1626804119178	1626804120727	1547	OK
REQUEST	,SearchByActiveMember	Select_SearchByActiveMember	1626804120558	1626804120873	OK	 
GROUP	,SearchByActiveMember	1626804120558	1626804120873	315	OK
REQUEST	,DrillDown_baker	68633	1626804120659	1626804121056	OK	 
GROUP	,DrillDown_baker	1626804120658	1626804121056	397	OK
REQUEST	,S_1203330606	Select_baker	1626804121551	1626804121690	OK	 
REQUEST	,S_2003326739		1626804118928	1626804121771	OK	 
REQUEST	,S_3328306	Select_roger	1626804121801	1626804122209	OK	 
REQUEST	,S_2003326739	MemberId:2003326739	1626804121772	1626804122213	OK	 
GROUP	,S_2003326739	1626804118834	1626804122213	3376	OK
REQUEST	,DrillDown_douglas	67672	1626804121852	1626804122217	OK	 
GROUP	,DrillDown_douglas	1626804121851	1626804122217	365	OK
REQUEST	,SearchByActiveMember	Select_SearchByActiveMember	1626804122051	1626804122273	OK	 
GROUP	,SearchByActiveMember	1626804122050	1626804122273	222	OK
REQUEST	,SearchName_douglas	Search_1	1626804122165	1626804122357	OK	 
REQUEST	,SearchName_douglas	Search_3330526	1626804122358	1626804122534	OK	 
GROUP	,SearchName_douglas	1626804122164	1626804122534	368	OK
REQUEST	,S_3328306		1626804122210	1626804122719	OK	 
REQUEST	,DrillDown_smith	70214	1626804122748	1626804122892	OK	 
GROUP	,DrillDown_smith	1626804122748	1626804122892	144	OK
REQUEST	,S_3328306	MemberId:3328306	1626804122720	1626804122963	OK	 
GROUP	,S_3328306	1626804121801	1626804122964	1160	OK
REQUEST	,SearchByActiveMember	Select_SearchByActiveMember	1626804123306	1626804123466	OK	 
GROUP	,SearchByActiveMember	1626804123306	1626804123466	160	OK
REQUEST	,SearchName_thomas	Search_1	1626804123661	1626804123821	OK	 
REQUEST	,SearchName_thomas	Search_2003326739	1626804123822	1626804124246	OK	 
GROUP	,SearchName_thomas	1626804123660	1626804124246	584	OK
REQUEST	,S_1203330606		1626804121691	1626804124300	OK	 
REQUEST	,S_1203330606	MemberId:1203330606	1626804124301	1626804124554	OK	 
GROUP	,S_1203330606	1626804121551	1626804124555	3001	OK
REQUEST	,SearchName_smith	Search_1	1626804124398	1626804124653	OK	 
REQUEST	,DrillDown_thomas	69195	1626804124849	1626804125058	OK	 
GROUP	,DrillDown_thomas	1626804124848	1626804125058	209	OK
REQUEST	,S_3330526	Select_douglas	1626804125025	1626804125115	OK	 
REQUEST	,SearchName_smith	Search_803330745	1626804124654	1626804125185	OK	 
GROUP	,SearchName_smith	1626804124397	1626804125186	786	OK
REQUEST	,SearchByActiveMember	Select_SearchByActiveMember	1626804125138	1626804125290	OK	 
GROUP	,SearchByActiveMember	1626804125138	1626804125290	152	OK
REQUEST	,SearchName_roger	Search_1	1626804125807	1626804125982	OK	 
REQUEST	,S_3330526		1626804125116	1626804126014	OK	 
REQUEST	,SearchByActiveMember	Select_SearchByActiveMember	1626804126007	1626804126132	OK	 
GROUP	,SearchByActiveMember	1626804126007	1626804126132	125	OK
REQUEST	,S_3330526	MemberId:3330526	1626804126014	1626804126255	OK	 
GROUP	,S_3330526	1626804125025	1626804126255	1229	OK
REQUEST	,DrillDown_roger	70075	1626804126054	1626804126272	OK	 
GROUP	,DrillDown_roger	1626804126054	1626804126272	218	OK
REQUEST	,SearchName_roger	Search_3328306	1626804125983	1626804126409	OK	 
GROUP	,SearchName_roger	1626804125806	1626804126409	601	OK
REQUEST	,S_2003326739	Select_thomas	1626804126355	1626804126448	OK	 
REQUEST	,DrillDown_baker	68633	1626804127037	1626804127468	OK	 
GROUP	,DrillDown_baker	1626804127036	1626804127468	431	OK
REQUEST	,SearchName_baker	Search_1	1626804127192	1626804127616	OK	 
REQUEST	,SearchName_baker	Search_1203330606	1626804127616	1626804128021	OK	 
GROUP	,SearchName_baker	1626804127192	1626804128021	829	OK
REQUEST	,S_803330745	Select_smith	1626804128274	1626804128377	OK	 
REQUEST	,SearchByActiveMember	Select_SearchByActiveMember	1626804128596	1626804128982	OK	 
GROUP	,SearchByActiveMember	1626804128595	1626804128982	386	OK
REQUEST	,SearchName_douglas	Search_1	1626804128817	1626804129239	OK	 
REQUEST	,DrillDown_douglas	67672	1626804129078	1626804129244	OK	 
GROUP	,DrillDown_douglas	1626804129077	1626804129244	166	OK
REQUEST	,SearchName_douglas	Search_3330526	1626804129239	1626804129518	OK	 
GROUP	,SearchName_douglas	1626804128816	1626804129518	701	OK
REQUEST	,S_2003326739		1626804126449	1626804129555	OK	 
REQUEST	,S_803330745		1626804128378	1626804129662	OK	 
REQUEST	,SearchByActiveMember	Select_SearchByActiveMember	1626804129309	1626804129719	OK	 
GROUP	,SearchByActiveMember	1626804129309	1626804129719	410	OK
REQUEST	,S_2003326739	MemberId:2003326739	1626804129555	1626804129792	OK	 
GROUP	,S_2003326739	1626804126355	1626804129792	3436	OK
REQUEST	,S_803330745	MemberId:803330745	1626804129662	1626804129914	OK	 
GROUP	,S_803330745	1626804128274	1626804129914	1639	OK
REQUEST	,SearchByActiveMember	Select_SearchByActiveMember	1626804130003	1626804130225	OK	 
GROUP	,SearchByActiveMember	1626804130003	1626804130225	222	OK
REQUEST	,S_1203330606	Select_baker	1626804130100	1626804130254	OK	 
REQUEST	,SearchName_thomas	Search_1	1626804129776	1626804130295	OK	 
REQUEST	,SearchName_thomas	Search_2003326739	1626804130296	1626804130485	OK	 
GROUP	,SearchName_thomas	1626804129776	1626804130486	708	OK
REQUEST	,S_3328306	Select_roger	1626804130367	1626804130516	OK	 
REQUEST	,S_3328306		1626804130517	1626804131217	OK	 
REQUEST	,S_3328306	MemberId:3328306	1626804131218	1626804131628	OK	 
GROUP	,S_3328306	1626804130366	1626804131628	1259	OK
REQUEST	,SearchName_smith	Search_1	1626804131921	1626804132206	OK	 
REQUEST	,S_3330526	Select_douglas	1626804132028	1626804132281	OK	 
REQUEST	,SearchByActiveMember	Select_SearchByActiveMember	1626804131842	1626804132317	OK	 
GROUP	,SearchByActiveMember	1626804131841	1626804132317	475	OK
REQUEST	,SearchName_smith	Search_803330745	1626804132207	1626804132527	OK	 
GROUP	,SearchName_smith	1626804131920	1626804132527	605	OK
REQUEST	,SearchName_roger	Search_1	1626804132343	1626804132650	OK	 
REQUEST	,DrillDown_smith	70214	1626804132546	1626804132675	OK	 
GROUP	,DrillDown_smith	1626804132545	1626804132675	129	OK
REQUEST	,DrillDown_thomas	69195	1626804132312	1626804132953	OK	 
GROUP	,DrillDown_thomas	1626804132312	1626804132953	641	OK
REQUEST	,SearchName_roger	Search_3328306	1626804132651	1626804133217	OK	 
GROUP	,SearchName_roger	1626804132343	1626804133217	873	OK
REQUEST	,S_1203330606		1626804130255	1626804133576	OK	 
REQUEST	,S_3330526		1626804132282	1626804133596	OK	 
REQUEST	,S_1203330606	MemberId:1203330606	1626804133576	1626804133970	OK	 
GROUP	,S_1203330606	1626804130099	1626804133970	3869	OK
REQUEST	,S_3330526	MemberId:3330526	1626804133597	1626804134020	OK	 
GROUP	,S_3330526	1626804132027	1626804134021	1990	OK
REQUEST	,SearchName_baker	Search_1	1626804133629	1626804134050	OK	 
REQUEST	,S_2003326739	Select_thomas	1626804133958	1626804134054	OK	 
REQUEST	,SearchName_baker	Search_1203330606	1626804134051	1626804134206	OK	 
GROUP	,SearchName_baker	1626804133628	1626804134206	576	OK
REQUEST	,S_803330745	Select_smith	1626804134628	1626804134719	OK	 
REQUEST	,DrillDown_roger	70075	1626804134730	1626804134849	OK	 
GROUP	,DrillDown_roger	1626804134730	1626804134850	119	OK
REQUEST	,SearchName_douglas	Search_1	1626804135227	1626804135374	OK	 
REQUEST	,SearchByActiveMember	Select_SearchByActiveMember	1626804135282	1626804135410	OK	 
GROUP	,SearchByActiveMember	1626804135281	1626804135410	128	OK
REQUEST	,S_803330745		1626804134720	1626804135419	OK	 
REQUEST	,S_803330745	MemberId:803330745	1626804135419	1626804135656	OK	 
GROUP	,S_803330745	1626804134628	1626804135656	1027	OK
REQUEST	,S_3328306	Select_roger	1626804135663	1626804135761	OK	 
REQUEST	,SearchName_douglas	Search_3330526	1626804135375	1626804135779	OK	 
GROUP	,SearchName_douglas	1626804135227	1626804135779	551	OK
REQUEST	,S_3328306		1626804135761	1626804136187	OK	 
REQUEST	,S_3328306	MemberId:3328306	1626804136188	1626804136438	OK	 
GROUP	,S_3328306	1626804135663	1626804136438	774	OK
REQUEST	,SearchByActiveMember	Select_SearchByActiveMember	1626804136164	1626804136530	OK	 
GROUP	,SearchByActiveMember	1626804136163	1626804136530	366	OK
REQUEST	,S_2003326739		1626804134054	1626804136618	OK	 
REQUEST	,S_2003326739	MemberId:2003326739	1626804136619	1626804136856	OK	 
GROUP	,S_2003326739	1626804133958	1626804136856	2897	OK
REQUEST	,DrillDown_baker	68633	1626804136480	1626804136964	OK	 
GROUP	,DrillDown_baker	1626804136480	1626804136964	484	OK
REQUEST	,DrillDown_douglas	67672	1626804137001	1626804137435	OK	 
GROUP	,DrillDown_douglas	1626804137000	1626804137436	434	OK
REQUEST	,DrillDown_smith	70214	1626804137696	1626804137851	OK	 
GROUP	,DrillDown_smith	1626804137696	1626804137851	155	OK
REQUEST	,S_3330526	Select_douglas	1626804137804	1626804137895	OK	 
REQUEST	,S_1203330606	Select_baker	1626804137976	1626804138075	OK	 
REQUEST	,S_3330526		1626804137896	1626804138566	OK	 
REQUEST	,DrillDown_roger	70075	1626804138496	1626804138617	OK	 
GROUP	,DrillDown_roger	1626804138496	1626804138618	121	OK
REQUEST	,S_3330526	MemberId:3330526	1626804138567	1626804138800	OK	 
GROUP	,S_3330526	1626804137803	1626804138801	994	OK
REQUEST	,SearchByActiveMember	Select_SearchByActiveMember	1626804138811	1626804139170	OK	 
GROUP	,SearchByActiveMember	1626804138810	1626804139170	359	OK
REQUEST	,SearchName_thomas	Search_1	1626804139158	1626804139312	OK	 
REQUEST	,SearchByActiveMember	Select_SearchByActiveMember	1626804139545	1626804139687	OK	 
GROUP	,SearchByActiveMember	1626804139544	1626804139687	142	OK
REQUEST	,SearchName_thomas	Search_2003326739	1626804139313	1626804139758	OK	 
GROUP	,SearchName_thomas	1626804139158	1626804139758	599	OK
REQUEST	,DrillDown_thomas	69195	1626804139705	1626804139874	OK	 
GROUP	,DrillDown_thomas	1626804139705	1626804139874	169	OK
REQUEST	,SearchName_smith	Search_1	1626804139900	1626804140332	OK	 
REQUEST	,SearchName_smith	Search_803330745	1626804140332	1626804141340	OK	 
REQUEST	,SearchByActiveMember	Select_SearchByActiveMember	1626804140632	1626804141340	OK	 
REQUEST	,S_1203330606		1626804138075	1626804141340	OK	 
GROUP	,SearchByActiveMember	1626804140632	1626804141340	708	OK
GROUP	,SearchName_smith	1626804139900	1626804141340	1440	OK
REQUEST	,SearchByActiveMember	Select_SearchByActiveMember	1626804141329	1626804141461	OK	 
GROUP	,SearchByActiveMember	1626804141328	1626804141461	132	OK
REQUEST	,S_1203330606	MemberId:1203330606	1626804141340	1626804141725	OK	 
GROUP	,S_1203330606	1626804137976	1626804141726	3749	OK
REQUEST	,SearchName_roger	Search_1	1626804141748	1626804141945	OK	 
REQUEST	,SearchName_roger	Search_3328306	1626804141946	1626804142114	OK	 
GROUP	,SearchName_roger	1626804141748	1626804142114	365	OK
REQUEST	,DrillDown_douglas	67672	1626804142185	1626804142333	OK	 
GROUP	,DrillDown_douglas	1626804142185	1626804142333	148	OK
REQUEST	,SearchByActiveMember	Select_SearchByActiveMember	1626804142167	1626804142608	OK	 
GROUP	,SearchByActiveMember	1626804142167	1626804142608	441	OK
REQUEST	,S_2003326739	Select_thomas	1626804142564	1626804142656	OK	 
REQUEST	,SearchName_baker	Search_1	1626804142530	1626804142938	OK	 
REQUEST	,SearchName_baker	Search_1203330606	1626804142939	1626804143113	OK	 
GROUP	,SearchName_baker	1626804142530	1626804143113	582	OK
REQUEST	,SearchByActiveMember	Select_SearchByActiveMember	1626804143104	1626804143469	OK	 
GROUP	,SearchByActiveMember	1626804143104	1626804143469	365	OK
REQUEST	,S_3328306	Select_roger	1626804144639	1626804144760	OK	 
REQUEST	,SearchName_thomas	Search_1	1626804144371	1626804144795	OK	 
REQUEST	,SearchName_douglas	Search_1	1626804144687	1626804144849	OK	 
REQUEST	,SearchName_thomas	Search_2003326739	1626804144796	1626804144953	OK	 
GROUP	,SearchName_thomas	1626804144370	1626804144953	581	OK
REQUEST	,SearchName_douglas	Search_3330526	1626804144849	1626804145007	OK	 
GROUP	,SearchName_douglas	1626804144686	1626804145008	320	OK
REQUEST	,SearchByActiveMember	Select_SearchByActiveMember	1626804144918	1626804145054	OK	 
GROUP	,SearchByActiveMember	1626804144918	1626804145054	136	OK
REQUEST	,S_803330745	Select_smith	1626804144975	1626804145077	OK	 
REQUEST	,S_3328306		1626804144761	1626804145169	OK	 
REQUEST	,S_3328306	MemberId:3328306	1626804145170	1626804145408	OK	 
GROUP	,S_3328306	1626804144638	1626804145408	767	OK
REQUEST	,S_803330745		1626804145077	1626804145461	OK	 
REQUEST	,DrillDown_baker	68633	1626804145360	1626804145689	OK	 
GROUP	,DrillDown_baker	1626804145360	1626804145689	329	OK
REQUEST	,S_803330745	MemberId:803330745	1626804145462	1626804145691	OK	 
GROUP	,S_803330745	1626804144974	1626804145691	715	OK
REQUEST	,SearchName_smith	Search_1	1626804145606	1626804145964	OK	 
REQUEST	,SearchName_smith	Search_803330745	1626804145964	1626804146272	OK	 
GROUP	,SearchName_smith	1626804145605	1626804146272	666	OK
REQUEST	,S_2003326739		1626804142656	1626804146325	OK	 
REQUEST	,S_2003326739	MemberId:2003326739	1626804146326	1626804146618	OK	 
GROUP	,S_2003326739	1626804142564	1626804146618	4053	OK
REQUEST	,S_1203330606	Select_baker	1626804147004	1626804147102	OK	 
REQUEST	,SearchName_roger	Search_1	1626804147096	1626804147263	OK	 
REQUEST	,SearchName_roger	Search_3328306	1626804147263	1626804147453	OK	 
REQUEST	,S_2003326739	Select_thomas	1626804147355	1626804147453	OK	 
GROUP	,SearchName_roger	1626804147095	1626804147453	357	OK
REQUEST	,DrillDown_smith	70214	1626804147768	1626804147935	OK	 
GROUP	,DrillDown_smith	1626804147768	1626804147936	167	OK
REQUEST	,S_3330526	Select_douglas	1626804148071	1626804148159	OK	 
REQUEST	,SearchByActiveMember	Select_SearchByActiveMember	1626804148043	1626804148296	OK	 
GROUP	,SearchByActiveMember	1626804148043	1626804148297	253	OK
REQUEST	,SearchName_baker	Search_1	1626804148255	1626804148430	OK	 
REQUEST	,SearchName_baker	Search_1203330606	1626804148431	1626804148817	OK	 
GROUP	,SearchName_baker	1626804148255	1626804148817	561	OK
REQUEST	,S_3330526		1626804148159	1626804149357	OK	 
REQUEST	,S_803330745	Select_smith	1626804149307	1626804149395	OK	 
REQUEST	,DrillDown_roger	70075	1626804149267	1626804149402	OK	 
GROUP	,DrillDown_roger	1626804149267	1626804149402	135	OK
REQUEST	,S_3330526	MemberId:3330526	1626804149358	1626804149607	OK	 
GROUP	,S_3330526	1626804148071	1626804149608	1535	OK
REQUEST	,DrillDown_thomas	69195	1626804149486	1626804149786	OK	 
GROUP	,DrillDown_thomas	1626804149486	1626804149787	300	OK
REQUEST	,S_2003326739		1626804147453	1626804150674	OK	 
REQUEST	,S_1203330606		1626804147102	1626804150674	OK	 
REQUEST	,S_803330745		1626804149396	1626804150700	OK	 
REQUEST	,S_1203330606	MemberId:1203330606	1626804150675	1626804151083	OK	 
REQUEST	,S_2003326739	MemberId:2003326739	1626804150675	1626804151083	OK	 
REQUEST	,S_803330745	MemberId:803330745	1626804150700	1626804151083	OK	 
GROUP	,S_1203330606	1626804147003	1626804151084	4078	OK
GROUP	,S_2003326739	1626804147355	1626804151084	3727	OK
GROUP	,S_803330745	1626804149307	1626804151084	1775	OK
REQUEST	,S_3328306	Select_roger	1626804151171	1626804151261	OK	 
REQUEST	,SearchName_douglas	Search_1	1626804151227	1626804151375	OK	 
REQUEST	,SearchName_douglas	Search_3330526	1626804151376	1626804151532	OK	 
GROUP	,SearchName_douglas	1626804151226	1626804151532	304	OK
REQUEST	,SearchByActiveMember	Select_SearchByActiveMember	1626804151507	1626804151625	OK	 
GROUP	,SearchByActiveMember	1626804151507	1626804151625	118	OK
REQUEST	,S_1203330606	Select_baker	1626804151659	1626804151755	OK	 
REQUEST	,S_3328306		1626804151262	1626804151766	OK	 
REQUEST	,DrillDown_douglas	67672	1626804151755	1626804151899	OK	 
GROUP	,DrillDown_douglas	1626804151754	1626804151899	144	OK
REQUEST	,S_3328306	MemberId:3328306	1626804151766	1626804152001	OK	 
GROUP	,S_3328306	1626804151170	1626804152002	829	OK
REQUEST	,SearchByActiveMember	Select_SearchByActiveMember	1626804152001	1626804152313	OK	 
GROUP	,SearchByActiveMember	1626804152001	1626804152313	312	OK
REQUEST	,DrillDown_thomas	69195	1626804153222	1626804153475	OK	 
GROUP	,DrillDown_thomas	1626804153222	1626804153475	253	OK
REQUEST	,DrillDown_smith	70214	1626804153358	1626804153484	OK	 
GROUP	,DrillDown_smith	1626804153358	1626804153484	126	OK
REQUEST	,S_3330526	Select_douglas	1626804153814	1626804153912	OK	 
REQUEST	,DrillDown_roger	70075	1626804154221	1626804154362	OK	 
GROUP	,DrillDown_roger	1626804154221	1626804154362	141	OK
REQUEST	,SearchByActiveMember	Select_SearchByActiveMember	1626804152367	1626804154412	OK	 
GROUP	,SearchByActiveMember	1626804152366	1626804154412	2045	OK
REQUEST	,DrillDown_baker	68633	1626804154296	1626804154475	OK	 
GROUP	,DrillDown_baker	1626804154296	1626804154475	179	OK
REQUEST	,SearchName_thomas	Search_1	1626804154332	1626804154554	OK	 
REQUEST	,S_1203330606		1626804151756	1626804154618	OK	 
REQUEST	,S_1203330606	MemberId:1203330606	1626804154618	1626804154861	OK	 
GROUP	,S_1203330606	1626804151658	1626804154861	3201	OK
REQUEST	,S_3330526		1626804153913	1626804154879	OK	 
REQUEST	,SearchName_thomas	Search_2003326739	1626804154555	1626804155042	OK	 
GROUP	,SearchName_thomas	1626804154332	1626804155042	709	OK
REQUEST	,SearchByActiveMember	Select_SearchByActiveMember	1626804154188	1626804155101	OK	 
GROUP	,SearchByActiveMember	1626804154187	1626804155101	913	OK
REQUEST	,S_3330526	MemberId:3330526	1626804154879	1626804155146	OK	 
GROUP	,S_3330526	1626804153814	1626804155147	1331	OK
REQUEST	,SearchName_smith	Search_1	1626804155362	1626804155642	OK	 
REQUEST	,SearchName_smith	Search_803330745	1626804155643	1626804156144	OK	 
GROUP	,SearchName_smith	1626804155362	1626804156144	781	OK
REQUEST	,SearchByActiveMember	Select_SearchByActiveMember	1626804155821	1626804156193	OK	 
GROUP	,SearchByActiveMember	1626804155820	1626804156193	372	OK
REQUEST	,SearchByActiveMember	Select_SearchByActiveMember	1626804156751	1626804157155	OK	 
GROUP	,SearchByActiveMember	1626804156751	1626804157156	404	OK
REQUEST	,SearchName_roger	Search_1	1626804156997	1626804157414	OK	 
REQUEST	,SearchByActiveMember	Select_SearchByActiveMember	1626804157063	1626804157583	OK	 
GROUP	,SearchByActiveMember	1626804157063	1626804157583	520	OK
REQUEST	,SearchName_roger	Search_3328306	1626804157415	1626804157608	OK	 
GROUP	,SearchName_roger	1626804156996	1626804157608	610	OK
REQUEST	,DrillDown_douglas	67672	1626804157388	1626804157642	OK	 
GROUP	,DrillDown_douglas	1626804157387	1626804157643	254	OK
REQUEST	,S_2003326739	Select_thomas	1626804158014	1626804158110	OK	 
REQUEST	,SearchName_baker	Search_1	1626804157900	1626804158360	OK	 
REQUEST	,S_803330745	Select_smith	1626804158307	1626804158395	OK	 
REQUEST	,DrillDown_baker	68633	1626804158011	1626804158446	OK	 
GROUP	,DrillDown_baker	1626804158010	1626804158446	435	OK
REQUEST	,SearchName_baker	Search_1203330606	1626804158360	1626804158543	OK	 
GROUP	,SearchName_baker	1626804157899	1626804158543	643	OK
REQUEST	,SearchByActiveMember	Select_SearchByActiveMember	1626804158154	1626804158627	OK	 
GROUP	,SearchByActiveMember	1626804158154	1626804158627	473	OK
REQUEST	,SearchName_douglas	Search_1	1626804158958	1626804159378	OK	 
REQUEST	,SearchName_douglas	Search_3330526	1626804159379	1626804159797	OK	 
GROUP	,SearchName_douglas	1626804158957	1626804159797	838	OK
REQUEST	,S_803330745		1626804158396	1626804159857	OK	 
REQUEST	,SearchName_smith	Search_1	1626804159719	1626804159954	OK	 
REQUEST	,S_803330745	MemberId:803330745	1626804159858	1626804160379	OK	 
GROUP	,S_803330745	1626804158307	1626804160379	2070	OK
REQUEST	,SearchName_smith	Search_803330745	1626804159954	1626804160491	OK	 
GROUP	,SearchName_smith	1626804159718	1626804160492	772	OK
REQUEST	,S_3328306	Select_roger	1626804160801	1626804160901	OK	 
REQUEST	,S_2003326739		1626804158111	1626804161235	OK	 
REQUEST	,S_3328306		1626804160902	1626804161414	OK	 
REQUEST	,SearchName_thomas	Search_1	1626804161118	1626804161712	OK	 
REQUEST	,S_2003326739	MemberId:2003326739	1626804161235	1626804161722	OK	 
GROUP	,S_2003326739	1626804158013	1626804161723	3707	OK
REQUEST	,SearchByActiveMember	Select_SearchByActiveMember	1626804161511	1626804161770	OK	 
GROUP	,SearchByActiveMember	1626804161511	1626804161771	259	OK
REQUEST	,SearchName_roger	Search_1	1626804161419	1626804162067	OK	 
REQUEST	,S_3328306	MemberId:3328306	1626804161415	1626804162067	OK	 
GROUP	,S_3328306	1626804160800	1626804162068	1264	OK
REQUEST	,SearchName_thomas	Search_2003326739	1626804161713	1626804162077	OK	 
GROUP	,SearchName_thomas	1626804161118	1626804162077	958	OK
REQUEST	,SearchByActiveMember	Select_SearchByActiveMember	1626804161265	1626804162114	OK	 
GROUP	,SearchByActiveMember	1626804161265	1626804162114	849	OK
REQUEST	,S_1203330606	Select_baker	1626804162025	1626804162129	OK	 
REQUEST	,S_3330526	Select_douglas	1626804162091	1626804162193	OK	 
REQUEST	,SearchName_roger	Search_3328306	1626804162068	1626804162225	OK	 
GROUP	,SearchName_roger	1626804161419	1626804162225	805	OK
REQUEST	,S_3330526		1626804162193	1626804162757	OK	 
REQUEST	,S_3330526	MemberId:3330526	1626804162758	1626804163066	OK	 
GROUP	,S_3330526	1626804162091	1626804163066	974	OK
REQUEST	,S_803330745	Select_smith	1626804163688	1626804163817	OK	 
REQUEST	,DrillDown_smith	70214	1626804163762	1626804163915	OK	 
GROUP	,DrillDown_smith	1626804163761	1626804163915	153	OK
REQUEST	,S_3328306	Select_roger	1626804164313	1626804164406	OK	 
REQUEST	,S_803330745		1626804163817	1626804164659	OK	 
REQUEST	,SearchName_baker	Search_1	1626804164604	1626804164772	OK	 
REQUEST	,S_803330745	MemberId:803330745	1626804164659	1626804164898	OK	 
GROUP	,S_803330745	1626804163687	1626804164899	1210	OK
REQUEST	,S_2003326739	Select_thomas	1626804164959	1626804165078	OK	 
REQUEST	,DrillDown_thomas	69195	1626804164904	1626804165096	OK	 
GROUP	,DrillDown_thomas	1626804164903	1626804165096	192	OK
REQUEST	,S_1203330606		1626804162129	1626804165153	OK	 
REQUEST	,SearchName_baker	Search_1203330606	1626804164772	1626804165187	OK	 
GROUP	,SearchName_baker	1626804164603	1626804165187	583	OK
REQUEST	,S_3328306		1626804164406	1626804165251	OK	 
REQUEST	,S_1203330606	MemberId:1203330606	1626804165153	1626804165541	OK	 
GROUP	,S_1203330606	1626804162025	1626804165541	3516	OK
REQUEST	,S_3328306	MemberId:3328306	1626804165252	1626804165560	OK	 
GROUP	,S_3328306	1626804164313	1626804165560	1246	OK
REQUEST	,SearchName_douglas	Search_1	1626804165473	1626804165638	OK	 
REQUEST	,DrillDown_roger	70075	1626804165905	1626804166029	OK	 
GROUP	,DrillDown_roger	1626804165905	1626804166029	124	OK
REQUEST	,SearchName_douglas	Search_3330526	1626804165639	1626804166034	OK	 
GROUP	,SearchName_douglas	1626804165473	1626804166034	560	OK
REQUEST	,DrillDown_douglas	67672	1626804166141	1626804166521	OK	 
GROUP	,DrillDown_douglas	1626804166140	1626804166521	380	OK
REQUEST	,DrillDown_smith	70214	1626804167418	1626804167555	OK	 
GROUP	,DrillDown_smith	1626804167418	1626804167555	137	OK
REQUEST	,SearchByActiveMember	Select_SearchByActiveMember	1626804167357	1626804167730	OK	 
GROUP	,SearchByActiveMember	1626804167356	1626804167730	373	OK
REQUEST	,S_1203330606	Select_baker	1626804167770	1626804167861	OK	 
REQUEST	,S_2003326739		1626804165078	1626804167953	OK	 
REQUEST	,S_2003326739	MemberId:2003326739	1626804167953	1626804168182	OK	 
GROUP	,S_2003326739	1626804164959	1626804168182	3223	OK
REQUEST	,DrillDown_roger	70075	1626804168326	1626804168449	OK	 
GROUP	,DrillDown_roger	1626804168325	1626804168449	123	OK
REQUEST	,SearchByActiveMember	Select_SearchByActiveMember	1626804168162	1626804168537	OK	 
GROUP	,SearchByActiveMember	1626804168162	1626804168538	375	OK
REQUEST	,DrillDown_baker	68633	1626804168814	1626804169263	OK	 
GROUP	,DrillDown_baker	1626804168814	1626804169263	449	OK
REQUEST	,SearchByActiveMember	Select_SearchByActiveMember	1626804168940	1626804169339	OK	 
GROUP	,SearchByActiveMember	1626804168940	1626804169339	399	OK
REQUEST	,S_3330526	Select_douglas	1626804169372	1626804169461	OK	 
REQUEST	,S_3330526		1626804169462	1626804170599	OK	 
REQUEST	,S_3330526	MemberId:3330526	1626804170599	1626804170838	OK	 
GROUP	,S_3330526	1626804169372	1626804170838	1465	OK
REQUEST	,SearchByActiveMember	Select_SearchByActiveMember	1626804170383	1626804170856	OK	 
GROUP	,SearchByActiveMember	1626804170382	1626804170856	473	OK
REQUEST	,S_1203330606		1626804167862	1626804171331	OK	 
REQUEST	,SearchName_thomas	Search_1	1626804171227	1626804171412	OK	 
REQUEST	,S_1203330606	MemberId:1203330606	1626804171331	1626804171575	OK	 
GROUP	,S_1203330606	1626804167770	1626804171575	3804	OK
REQUEST	,SearchName_thomas	Search_2003326739	1626804171413	1626804171688	OK	 
GROUP	,SearchName_thomas	1626804171226	1626804171688	460	OK
REQUEST	,SearchByActiveMember	Select_SearchByActiveMember	1626804171404	1626804171791	OK	 
GROUP	,SearchByActiveMember	1626804171403	1626804171791	387	OK
REQUEST	,DrillDown_thomas	69195	1626804171466	1626804171918	OK	 
GROUP	,DrillDown_thomas	1626804171465	1626804171918	452	OK
REQUEST	,SearchByActiveMember	Select_SearchByActiveMember	1626804171327	1626804171963	OK	 
GROUP	,SearchByActiveMember	1626804171326	1626804171963	636	OK
REQUEST	,SearchByActiveMember	Select_SearchByActiveMember	1626804171897	1626804172020	OK	 
GROUP	,SearchByActiveMember	1626804171897	1626804172020	123	OK
REQUEST	,SearchName_roger	Search_1	1626804172321	1626804172537	OK	 
REQUEST	,SearchName_smith	Search_1	1626804172404	1626804172687	OK	 
REQUEST	,SearchName_roger	Search_3328306	1626804172538	1626804172727	OK	 
GROUP	,SearchName_roger	1626804172320	1626804172727	405	OK
REQUEST	,SearchName_smith	Search_803330745	1626804172687	1626804172911	OK	 
GROUP	,SearchName_smith	1626804172404	1626804172911	507	OK
REQUEST	,SearchName_baker	Search_1	1626804173386	1626804174228	OK	 
REQUEST	,SearchName_baker	Search_1203330606	1626804174228	1626804174380	OK	 
GROUP	,SearchName_baker	1626804173385	1626804174381	994	OK
REQUEST	,SearchName_thomas	Search_1	1626804174387	1626804174542	OK	 
REQUEST	,DrillDown_baker	68633	1626804174481	1626804174673	OK	 
GROUP	,DrillDown_baker	1626804174481	1626804174673	192	OK
REQUEST	,SearchName_thomas	Search_2003326739	1626804174542	1626804174692	OK	 
GROUP	,SearchName_thomas	1626804174387	1626804174692	305	OK
REQUEST	,DrillDown_douglas	67672	1626804174658	1626804174806	OK	 
GROUP	,DrillDown_douglas	1626804174658	1626804174806	148	OK
REQUEST	,S_2003326739	Select_thomas	1626804175327	1626804175483	OK	 
REQUEST	,SearchByActiveMember	Select_SearchByActiveMember	1626804175392	1626804175518	OK	 
GROUP	,SearchByActiveMember	1626804175392	1626804175518	126	OK
REQUEST	,SearchName_douglas	Search_1	1626804175513	1626804175678	OK	 
REQUEST	,SearchName_smith	Search_1	1626804175483	1626804175743	OK	 
REQUEST	,SearchName_douglas	Search_3330526	1626804175679	1626804175844	OK	 
GROUP	,SearchName_douglas	1626804175513	1626804175844	330	OK
REQUEST	,S_3328306	Select_roger	1626804175759	1626804175898	OK	 
REQUEST	,SearchName_smith	Search_803330745	1626804175744	1626804176023	OK	 
GROUP	,SearchName_smith	1626804175482	1626804176023	539	OK
REQUEST	,S_803330745	Select_smith	1626804175938	1626804176039	OK	 
REQUEST	,S_3328306		1626804175899	1626804176889	OK	 
REQUEST	,S_803330745		1626804176040	1626804176889	OK	 
REQUEST	,S_1203330606	Select_baker	1626804176915	1626804177093	OK	 
REQUEST	,S_3328306	MemberId:3328306	1626804176889	1626804177159	OK	 
GROUP	,S_3328306	1626804175759	1626804177160	1399	OK
REQUEST	,S_803330745	MemberId:803330745	1626804176889	1626804177173	OK	 
GROUP	,S_803330745	1626804175938	1626804177174	1234	OK
REQUEST	,SearchName_roger	Search_1	1626804177695	1626804177975	OK	 
REQUEST	,S_3330526	Select_douglas	1626804178075	1626804178162	OK	 
REQUEST	,SearchName_roger	Search_3328306	1626804177976	1626804178353	OK	 
GROUP	,SearchName_roger	1626804177695	1626804178353	657	OK
REQUEST	,S_2003326739	Select_thomas	1626804178360	1626804178448	OK	 
REQUEST	,S_2003326739		1626804175483	1626804178530	OK	 
REQUEST	,SearchByActiveMember	Select_SearchByActiveMember	1626804178535	1626804178725	OK	 
GROUP	,SearchByActiveMember	1626804178535	1626804178725	190	OK
REQUEST	,SearchByActiveMember	Select_SearchByActiveMember	1626804178554	1626804178759	OK	 
GROUP	,SearchByActiveMember	1626804178553	1626804178759	205	OK
REQUEST	,S_2003326739	MemberId:2003326739	1626804178530	1626804178826	OK	 
GROUP	,S_2003326739	1626804175327	1626804178827	3499	OK
REQUEST	,S_803330745	Select_smith	1626804178807	1626804178894	OK	 
REQUEST	,S_3330526		1626804178163	1626804179029	OK	 
REQUEST	,S_3330526	MemberId:3330526	1626804179030	1626804179268	OK	 
GROUP	,S_3330526	1626804178075	1626804179268	1191	OK
REQUEST	,S_803330745		1626804178894	1626804179654	OK	 
REQUEST	,S_1203330606		1626804177093	1626804179654	OK	 
REQUEST	,S_1203330606	MemberId:1203330606	1626804179655	1626804180064	OK	 
REQUEST	,S_803330745	MemberId:803330745	1626804179655	1626804180064	OK	 
GROUP	,S_803330745	1626804178807	1626804180065	1256	OK
GROUP	,S_1203330606	1626804176915	1626804180065	3148	OK
REQUEST	,DrillDown_roger	70075	1626804180629	1626804180765	OK	 
GROUP	,DrillDown_roger	1626804180629	1626804180766	136	OK
REQUEST	,DrillDown_smith	70214	1626804180703	1626804180832	OK	 
GROUP	,DrillDown_smith	1626804180703	1626804180832	129	OK
REQUEST	,S_3328306	Select_roger	1626804181189	1626804181292	OK	 
REQUEST	,S_2003326739		1626804178449	1626804181746	OK	 
REQUEST	,SearchName_douglas	Search_1	1626804181928	1626804182115	OK	 
REQUEST	,SearchName_baker	Search_1	1626804181966	1626804182157	OK	 
REQUEST	,S_2003326739	MemberId:2003326739	1626804181746	1626804182169	OK	 
GROUP	,S_2003326739	1626804178360	1626804182169	3808	OK
REQUEST	,DrillDown_thomas	69195	1626804181679	1626804182196	OK	 
GROUP	,DrillDown_thomas	1626804181678	1626804182196	517	OK
REQUEST	,S_3328306		1626804181293	1626804182342	OK	 
REQUEST	,DrillDown_smith	70214	1626804182322	1626804182464	OK	 
GROUP	,DrillDown_smith	1626804182322	1626804182465	142	OK
REQUEST	,SearchName_douglas	Search_3330526	1626804182116	1626804182527	OK	 
GROUP	,SearchName_douglas	1626804181928	1626804182527	598	OK
REQUEST	,SearchName_baker	Search_1203330606	1626804182158	1626804182554	OK	 
GROUP	,SearchName_baker	1626804181965	1626804182554	587	OK
REQUEST	,S_3328306	MemberId:3328306	1626804182342	1626804182589	OK	 
GROUP	,S_3328306	1626804181188	1626804182589	1399	OK
REQUEST	,DrillDown_baker	68633	1626804182346	1626804183015	OK	 
GROUP	,DrillDown_baker	1626804182346	1626804183016	669	OK
REQUEST	,DrillDown_douglas	67672	1626804182782	1626804183444	OK	 
GROUP	,DrillDown_douglas	1626804182782	1626804183444	662	OK
REQUEST	,SearchByActiveMember	Select_SearchByActiveMember	1626804183733	1626804184129	OK	 
GROUP	,SearchByActiveMember	1626804183733	1626804184129	396	OK
REQUEST	,SearchByActiveMember	Select_SearchByActiveMember	1626804184293	1626804184713	OK	 
GROUP	,SearchByActiveMember	1626804184292	1626804184714	420	OK
REQUEST	,DrillDown_thomas	69195	1626804184295	1626804184723	OK	 
GROUP	,DrillDown_thomas	1626804184295	1626804184723	428	OK
REQUEST	,S_1203330606	Select_baker	1626804184759	1626804184854	OK	 
REQUEST	,SearchByActiveMember	Select_SearchByActiveMember	1626804184649	1626804185152	OK	 
GROUP	,SearchByActiveMember	1626804184648	1626804185152	503	OK
REQUEST	,S_3330526	Select_douglas	1626804185570	1626804185668	OK	 
REQUEST	,SearchByActiveMember	Select_SearchByActiveMember	1626804185368	1626804185753	OK	 
GROUP	,SearchByActiveMember	1626804185368	1626804185753	385	OK
REQUEST	,SearchByActiveMember	Select_SearchByActiveMember	1626804185878	1626804186248	OK	 
GROUP	,SearchByActiveMember	1626804185877	1626804186248	370	OK
REQUEST	,SearchByActiveMember	Select_SearchByActiveMember	1626804185947	1626804186332	OK	 
GROUP	,SearchByActiveMember	1626804185946	1626804186332	385	OK
REQUEST	,S_3330526		1626804185668	1626804186373	OK	 
REQUEST	,DrillDown_roger	70075	1626804186253	1626804186403	OK	 
GROUP	,DrillDown_roger	1626804186253	1626804186403	150	OK
REQUEST	,S_3330526	MemberId:3330526	1626804186373	1626804186625	OK	 
GROUP	,S_3330526	1626804185570	1626804186626	1055	OK
REQUEST	,SearchByActiveMember	Select_SearchByActiveMember	1626804187071	1626804187205	OK	 
GROUP	,SearchByActiveMember	1626804187071	1626804187205	134	OK
REQUEST	,S_1203330606		1626804184854	1626804187863	OK	 
REQUEST	,SearchName_thomas	Search_1	1626804187852	1626804188012	OK	 
REQUEST	,S_1203330606	MemberId:1203330606	1626804187863	1626804188148	OK	 
GROUP	,S_1203330606	1626804184759	1626804188148	3389	OK
REQUEST	,SearchName_smith	Search_1	1626804187869	1626804188180	OK	 
REQUEST	,SearchName_thomas	Search_2003326739	1626804188012	1626804188431	OK	 
GROUP	,SearchName_thomas	1626804187852	1626804188432	579	OK
REQUEST	,SearchName_roger	Search_1	1626804188328	1626804188491	OK	 
REQUEST	,SearchName_smith	Search_803330745	1626804188181	1626804188657	OK	 
GROUP	,SearchName_smith	1626804187868	1626804188657	787	OK
REQUEST	,SearchName_roger	Search_3328306	1626804188492	1626804188721	OK	 
GROUP	,SearchName_roger	1626804188328	1626804188722	392	OK
REQUEST	,SearchName_baker	Search_1	1626804188639	1626804188795	OK	 
REQUEST	,SearchByActiveMember	Select_SearchByActiveMember	1626804188527	1626804188915	OK	 
GROUP	,SearchByActiveMember	1626804188526	1626804188916	388	OK
REQUEST	,SearchName_baker	Search_1203330606	1626804188795	1626804188974	OK	 
GROUP	,SearchName_baker	1626804188638	1626804188974	335	OK
REQUEST	,DrillDown_douglas	67672	1626804190126	1626804190345	OK	 
GROUP	,DrillDown_douglas	1626804190126	1626804190345	219	OK
REQUEST	,SearchName_douglas	Search_1	1626804190166	1626804190657	OK	 
REQUEST	,SearchName_thomas	Search_1	1626804189906	1626804190657	OK	 
REQUEST	,DrillDown_baker	68633	1626804190606	1626804190862	OK	 
GROUP	,DrillDown_baker	1626804190606	1626804190862	256	OK
REQUEST	,SearchName_smith	Search_1	1626804190184	1626804191169	OK	 
REQUEST	,S_803330745	Select_smith	1626804191057	1626804191170	OK	 
REQUEST	,SearchName_douglas	Search_3330526	1626804190658	1626804191257	OK	 
GROUP	,SearchName_douglas	1626804190165	1626804191257	1090	OK
REQUEST	,SearchName_smith	Search_803330745	1626804191170	1626804191391	OK	 
GROUP	,SearchName_smith	1626804190183	1626804191391	1206	OK
REQUEST	,SearchName_thomas	Search_2003326739	1626804190658	1626804191442	OK	 
GROUP	,SearchName_thomas	1626804189905	1626804191442	1535	OK
REQUEST	,S_2003326739	Select_thomas	1626804191544	1626804191704	OK	 
REQUEST	,S_803330745		1626804191170	1626804191799	OK	 
REQUEST	,S_803330745	MemberId:803330745	1626804191800	1626804192050	OK	 
GROUP	,S_803330745	1626804191057	1626804192050	992	OK
REQUEST	,S_3328306	Select_roger	1626804192432	1626804192527	OK	 
REQUEST	,SearchName_roger	Search_1	1626804192512	1626804192672	OK	 
REQUEST	,S_1203330606	Select_baker	1626804192733	1626804192826	OK	 
REQUEST	,SearchName_roger	Search_3328306	1626804192672	1626804193100	OK	 
GROUP	,SearchName_roger	1626804192512	1626804193100	588	OK
REQUEST	,S_3328306		1626804192527	1626804193331	OK	 
REQUEST	,SearchByActiveMember	Select_SearchByActiveMember	1626804193033	1626804193422	OK	 
GROUP	,SearchByActiveMember	1626804193033	1626804193422	389	OK
REQUEST	,S_3328306	MemberId:3328306	1626804193331	1626804193576	OK	 
GROUP	,S_3328306	1626804192432	1626804193576	1144	OK
REQUEST	,S_3330526	Select_douglas	1626804193960	1626804194062	OK	 
REQUEST	,SearchByActiveMember	Select_SearchByActiveMember	1626804194092	1626804194608	OK	 
GROUP	,SearchByActiveMember	1626804194092	1626804194608	516	OK
REQUEST	,S_2003326739		1626804191705	1626804194687	OK	 
REQUEST	,S_2003326739	MemberId:2003326739	1626804194687	1626804194915	OK	 
GROUP	,S_2003326739	1626804191543	1626804194915	3370	OK
REQUEST	,S_2003326739	Select_thomas	1626804195096	1626804195191	OK	 
REQUEST	,S_3330526		1626804194062	1626804195246	OK	 
REQUEST	,S_803330745	Select_smith	1626804195229	1626804195328	OK	 
REQUEST	,S_3330526	MemberId:3330526	1626804195246	1626804195477	OK	 
GROUP	,S_3330526	1626804193960	1626804195478	1517	OK
REQUEST	,S_1203330606		1626804192826	1626804195543	OK	 
REQUEST	,S_1203330606	MemberId:1203330606	1626804195543	1626804195795	OK	 
GROUP	,S_1203330606	1626804192732	1626804195796	3062	OK
REQUEST	,DrillDown_smith	70214	1626804195585	1626804195898	OK	 
GROUP	,DrillDown_smith	1626804195585	1626804195898	313	OK
REQUEST	,SearchName_baker	Search_1	1626804195583	1626804195902	OK	 
REQUEST	,S_803330745		1626804195329	1626804195972	OK	 
REQUEST	,S_803330745	MemberId:803330745	1626804195973	1626804196213	OK	 
GROUP	,S_803330745	1626804195229	1626804196214	982	OK
REQUEST	,SearchName_baker	Search_1203330606	1626804195902	1626804196300	OK	 
GROUP	,SearchName_baker	1626804195583	1626804196301	717	OK
REQUEST	,DrillDown_roger	70075	1626804196282	1626804196403	OK	 
GROUP	,DrillDown_roger	1626804196282	1626804196403	121	OK
REQUEST	,S_3328306	Select_roger	1626804196827	1626804196925	OK	 
REQUEST	,SearchName_douglas	Search_1	1626804197639	1626804197802	OK	 
REQUEST	,S_2003326739		1626804195192	1626804197848	OK	 
REQUEST	,S_3328306		1626804196925	1626804198003	OK	 
REQUEST	,S_2003326739	MemberId:2003326739	1626804197848	1626804198080	OK	 
GROUP	,S_2003326739	1626804195096	1626804198080	2983	OK
REQUEST	,S_3328306	MemberId:3328306	1626804198003	1626804198248	OK	 
GROUP	,S_3328306	1626804196827	1626804198248	1421	OK
REQUEST	,SearchName_douglas	Search_3330526	1626804197802	1626804198253	OK	 
GROUP	,SearchName_douglas	1626804197639	1626804198253	614	OK
REQUEST	,DrillDown_baker	68633	1626804197833	1626804198351	OK	 
GROUP	,DrillDown_baker	1626804197832	1626804198351	518	OK
REQUEST	,DrillDown_thomas	69195	1626804198208	1626804198377	OK	 
GROUP	,DrillDown_thomas	1626804198207	1626804198377	169	OK
REQUEST	,S_1203330606	Select_baker	1626804198680	1626804198782	OK	 
REQUEST	,DrillDown_smith	70214	1626804198747	1626804198886	OK	 
GROUP	,DrillDown_smith	1626804198747	1626804198886	139	OK
REQUEST	,DrillDown_douglas	67672	1626804199051	1626804199446	OK	 
GROUP	,DrillDown_douglas	1626804199051	1626804199446	395	OK
REQUEST	,SearchByActiveMember	Select_SearchByActiveMember	1626804199108	1626804199484	OK	 
GROUP	,SearchByActiveMember	1626804199108	1626804199484	376	OK
REQUEST	,SearchByActiveMember	Select_SearchByActiveMember	1626804200067	1626804200478	OK	 
GROUP	,SearchByActiveMember	1626804200067	1626804200478	411	OK
REQUEST	,S_3330526	Select_douglas	1626804200431	1626804200539	OK	 
REQUEST	,DrillDown_roger	70075	1626804200702	1626804200927	OK	 
GROUP	,DrillDown_roger	1626804200702	1626804200927	225	OK
REQUEST	,SearchByActiveMember	Select_SearchByActiveMember	1626804200558	1626804201465	OK	 
GROUP	,SearchByActiveMember	1626804200558	1626804201465	907	OK
REQUEST	,SearchByActiveMember	Select_SearchByActiveMember	1626804200972	1626804201465	OK	 
GROUP	,SearchByActiveMember	1626804200972	1626804201465	493	OK
REQUEST	,SearchByActiveMember	Select_SearchByActiveMember	1626804201103	1626804201497	OK	 
GROUP	,SearchByActiveMember	1626804201103	1626804201498	394	OK
REQUEST	,S_3330526		1626804200539	1626804201669	OK	 
REQUEST	,S_3330526	MemberId:3330526	1626804201670	1626804201924	OK	 
GROUP	,S_3330526	1626804200431	1626804201924	1492	OK
REQUEST	,DrillDown_thomas	69195	1626804201747	1626804201998	OK	 
GROUP	,DrillDown_thomas	1626804201746	1626804201998	251	OK
REQUEST	,S_1203330606		1626804198782	1626804202076	OK	 
REQUEST	,S_1203330606	MemberId:1203330606	1626804202076	1626804202388	OK	 
GROUP	,S_1203330606	1626804198680	1626804202388	3708	OK
REQUEST	,SearchName_thomas	Search_1	1626804202476	1626804202672	OK	 
REQUEST	,SearchByActiveMember	Select_SearchByActiveMember	1626804202785	1626804202927	OK	 
GROUP	,SearchByActiveMember	1626804202785	1626804202927	142	OK
REQUEST	,SearchName_thomas	Search_2003326739	1626804202672	1626804203076	OK	 
GROUP	,SearchName_thomas	1626804202476	1626804203077	600	OK
REQUEST	,SearchName_roger	Search_1	1626804203507	1626804203689	OK	 
REQUEST	,SearchName_roger	Search_3328306	1626804203690	1626804203869	OK	 
GROUP	,SearchName_roger	1626804203507	1626804203869	361	OK
REQUEST	,SearchByActiveMember	Select_SearchByActiveMember	1626804203518	1626804203898	OK	 
GROUP	,SearchByActiveMember	1626804203517	1626804203898	380	OK
REQUEST	,SearchByActiveMember	Select_SearchByActiveMember	1626804204538	1626804205002	OK	 
GROUP	,SearchByActiveMember	1626804204537	1626804205003	464	OK
REQUEST	,SearchName_baker	Search_1	1626804204854	1626804205427	OK	 
REQUEST	,DrillDown_douglas	67672	1626804205355	1626804205496	OK	 
GROUP	,DrillDown_douglas	1626804205355	1626804205496	141	OK
REQUEST	,SearchName_baker	Search_1203330606	1626804205428	1626804205621	OK	 
GROUP	,SearchName_baker	1626804204853	1626804205621	766	OK
REQUEST	,S_2003326739	Select_thomas	1626804206002	1626804206103	OK	 
REQUEST	,SearchName_smith	Search_1	1626804204419	1626804206401	OK	 
REQUEST	,SearchName_douglas	Search_1	1626804204387	1626804206414	OK	 
REQUEST	,DrillDown_baker	68633	1626804206013	1626804206637	OK	 
GROUP	,DrillDown_baker	1626804206013	1626804206637	624	OK
REQUEST	,SearchName_thomas	Search_1	1626804206167	1626804206647	OK	 
REQUEST	,SearchName_douglas	Search_3330526	1626804206414	1626804206675	OK	 
GROUP	,SearchName_douglas	1626804204387	1626804206675	2288	OK
REQUEST	,SearchName_smith	Search_803330745	1626804206402	1626804206693	OK	 
GROUP	,SearchName_smith	1626804204418	1626804206693	2273	OK
REQUEST	,SearchName_thomas	Search_2003326739	1626804206647	1626804206800	OK	 
GROUP	,SearchName_thomas	1626804206166	1626804206801	633	OK
REQUEST	,S_3328306	Select_roger	1626804206777	1626804206866	OK	 
REQUEST	,S_3328306		1626804206867	1626804207608	OK	 
REQUEST	,S_3328306	MemberId:3328306	1626804207608	1626804207943	OK	 
GROUP	,S_3328306	1626804206776	1626804207944	1165	OK
REQUEST	,SearchName_smith	Search_1	1626804207604	1626804207999	OK	 
REQUEST	,S_1203330606	Select_baker	1626804207725	1626804208054	OK	 
REQUEST	,SearchName_roger	Search_1	1626804208062	1626804208325	OK	 
REQUEST	,SearchName_smith	Search_803330745	1626804207999	1626804208503	OK	 
GROUP	,SearchName_smith	1626804207604	1626804208503	899	OK
REQUEST	,SearchName_roger	Search_3328306	1626804208325	1626804208779	OK	 
GROUP	,SearchName_roger	1626804208062	1626804208780	717	OK
REQUEST	,S_2003326739		1626804206104	1626804208926	OK	 
REQUEST	,SearchByActiveMember	Select_SearchByActiveMember	1626804208920	1626804209042	OK	 
GROUP	,SearchByActiveMember	1626804208920	1626804209042	122	OK
REQUEST	,S_2003326739	MemberId:2003326739	1626804208926	1626804209170	OK	 
GROUP	,S_2003326739	1626804206002	1626804209170	3167	OK
REQUEST	,S_803330745	Select_smith	1626804209122	1626804209472	OK	 
REQUEST	,S_2003326739	Select_thomas	1626804209576	1626804209675	OK	 
REQUEST	,S_803330745		1626804209473	1626804210018	OK	 
REQUEST	,SearchByActiveMember	Select_SearchByActiveMember	1626804210007	1626804210342	OK	 
GROUP	,SearchByActiveMember	1626804210006	1626804210342	335	OK
REQUEST	,S_803330745	MemberId:803330745	1626804210018	1626804210422	OK	 
GROUP	,S_803330745	1626804209122	1626804210422	1299	OK
REQUEST	,S_3330526	Select_douglas	1626804210639	1626804211015	OK	 
REQUEST	,DrillDown_roger	70075	1626804211209	1626804211337	OK	 
GROUP	,DrillDown_roger	1626804211209	1626804211337	128	OK
REQUEST	,S_1203330606		1626804208054	1626804211345	OK	 
REQUEST	,S_1203330606	MemberId:1203330606	1626804211346	1626804211574	OK	 
GROUP	,S_1203330606	1626804207725	1626804211574	3848	OK
REQUEST	,S_3330526		1626804211016	1626804211615	OK	 
REQUEST	,DrillDown_thomas	69195	1626804211425	1626804211638	OK	 
GROUP	,DrillDown_thomas	1626804211425	1626804211638	213	OK
REQUEST	,S_3330526	MemberId:3330526	1626804211615	1626804211881	OK	 
GROUP	,S_3330526	1626804210639	1626804211881	1241	OK
REQUEST	,S_2003326739		1626804209675	1626804212217	OK	 
REQUEST	,S_3328306	Select_roger	1626804212337	1626804212442	OK	 
REQUEST	,S_803330745	Select_smith	1626804212387	1626804212495	OK	 
REQUEST	,S_2003326739	MemberId:2003326739	1626804212217	1626804212687	OK	 
GROUP	,S_2003326739	1626804209575	1626804212687	3111	OK
REQUEST	,SearchName_douglas	Search_1	1626804212366	1626804212799	OK	 
REQUEST	,SearchName_douglas	Search_3330526	1626804212800	1626804212971	OK	 
GROUP	,SearchName_douglas	1626804212365	1626804212971	604	OK
REQUEST	,DrillDown_smith	70214	1626804212627	1626804213060	OK	 
GROUP	,DrillDown_smith	1626804212627	1626804213060	433	OK
REQUEST	,SearchName_baker	Search_1	1626804212766	1626804213231	OK	 
REQUEST	,S_3328306		1626804212443	1626804213286	OK	 
REQUEST	,S_803330745		1626804212495	1626804213308	OK	 
REQUEST	,SearchName_baker	Search_1203330606	1626804213232	1626804213455	OK	 
GROUP	,SearchName_baker	1626804212765	1626804213455	688	OK
REQUEST	,S_3328306	MemberId:3328306	1626804213287	1626804213856	OK	 
REQUEST	,S_803330745	MemberId:803330745	1626804213308	1626804213856	OK	 
GROUP	,S_3328306	1626804212337	1626804213857	1517	OK
GROUP	,S_803330745	1626804212387	1626804213857	1469	OK
REQUEST	,SearchByActiveMember	Select_SearchByActiveMember	1626804213932	1626804214312	OK	 
GROUP	,SearchByActiveMember	1626804213932	1626804214312	380	OK
REQUEST	,SearchByActiveMember	Select_SearchByActiveMember	1626804215116	1626804215492	OK	 
GROUP	,SearchByActiveMember	1626804215116	1626804215492	376	OK
REQUEST	,SearchByActiveMember	Select_SearchByActiveMember	1626804215739	1626804216006	OK	 
GROUP	,SearchByActiveMember	1626804215739	1626804216006	267	OK
REQUEST	,DrillDown_douglas	67672	1626804215868	1626804216039	OK	 
GROUP	,DrillDown_douglas	1626804215867	1626804216039	171	OK
REQUEST	,DrillDown_thomas	69195	1626804215769	1626804216094	OK	 
GROUP	,DrillDown_thomas	1626804215769	1626804216094	325	OK
REQUEST	,DrillDown_baker	68633	1626804215486	1626804216246	OK	 
GROUP	,DrillDown_baker	1626804215486	1626804216247	760	OK
REQUEST	,DrillDown_roger	70075	1626804216581	1626804216707	OK	 
GROUP	,DrillDown_roger	1626804216581	1626804216707	126	OK
REQUEST	,S_3330526	Select_douglas	1626804216765	1626804216857	OK	 
REQUEST	,S_1203330606	Select_baker	1626804217098	1626804217184	OK	 
REQUEST	,DrillDown_smith	70214	1626804217070	1626804217188	OK	 
GROUP	,DrillDown_smith	1626804217069	1626804217189	118	OK
REQUEST	,S_3330526		1626804216858	1626804217641	OK	 
REQUEST	,S_3330526	MemberId:3330526	1626804217641	1626804217902	OK	 
GROUP	,S_3330526	1626804216765	1626804217902	1136	OK
REQUEST	,SearchName_thomas	Search_1	1626804218132	1626804218296	OK	 
REQUEST	,SearchName_thomas	Search_2003326739	1626804218297	1626804218706	OK	 
GROUP	,SearchName_thomas	1626804218131	1626804218706	573	OK
REQUEST	,SearchByActiveMember	Select_SearchByActiveMember	1626804218438	1626804218804	OK	 
GROUP	,SearchByActiveMember	1626804218438	1626804218805	366	OK
REQUEST	,SearchByActiveMember	Select_SearchByActiveMember	1626804218800	1626804219248	OK	 
GROUP	,SearchByActiveMember	1626804218799	1626804219248	448	OK
REQUEST	,SearchName_smith	Search_1	1626804219366	1626804219595	OK	 
REQUEST	,SearchByActiveMember	Select_SearchByActiveMember	1626804219729	1626804219856	OK	 
GROUP	,SearchByActiveMember	1626804219729	1626804219856	127	OK
REQUEST	,S_1203330606		1626804217185	1626804220474	OK	 
REQUEST	,SearchByActiveMember	Select_SearchByActiveMember	1626804219824	1626804220538	OK	 
GROUP	,SearchByActiveMember	1626804219824	1626804220538	714	OK
REQUEST	,SearchByActiveMember	Select_SearchByActiveMember	1626804219599	1626804220546	OK	 
REQUEST	,SearchName_smith	Search_803330745	1626804219595	1626804220546	OK	 
GROUP	,SearchName_smith	1626804219366	1626804220546	1180	OK
GROUP	,SearchByActiveMember	1626804219599	1626804220546	947	OK
REQUEST	,S_1203330606	MemberId:1203330606	1626804220475	1626804221060	OK	 
GROUP	,S_1203330606	1626804217098	1626804221060	3960	OK
REQUEST	,S_2003326739	Select_thomas	1626804221057	1626804221161	OK	 
REQUEST	,DrillDown_douglas	67672	1626804221017	1626804221183	OK	 
GROUP	,DrillDown_douglas	1626804221017	1626804221183	166	OK
REQUEST	,SearchName_baker	Search_1	1626804222190	1626804222376	OK	 
REQUEST	,SearchName_roger	Search_1	1626804219972	1626804222534	OK	 
REQUEST	,SearchName_roger	Search_3328306	1626804222535	1626804222700	OK	 
GROUP	,SearchName_roger	1626804219972	1626804222700	2727	OK
REQUEST	,SearchName_baker	Search_1203330606	1626804222376	1626804222774	OK	 
GROUP	,SearchName_baker	1626804222190	1626804222774	584	OK
REQUEST	,SearchName_douglas	Search_1	1626804223056	1626804223220	OK	 
REQUEST	,SearchName_thomas	Search_1	1626804223163	1626804223323	OK	 
REQUEST	,S_803330745	Select_smith	1626804223306	1626804223402	OK	 
REQUEST	,SearchName_thomas	Search_2003326739	1626804223323	1626804223516	OK	 
GROUP	,SearchName_thomas	1626804223163	1626804223516	353	OK
REQUEST	,SearchName_douglas	Search_3330526	1626804223220	1626804223633	OK	 
GROUP	,SearchName_douglas	1626804223056	1626804223633	577	OK
REQUEST	,SearchName_smith	Search_1	1626804223390	1626804223849	OK	 
REQUEST	,S_2003326739		1626804221161	1626804223972	OK	 
REQUEST	,S_803330745		1626804223402	1626804224026	OK	 
REQUEST	,SearchName_smith	Search_803330745	1626804223849	1626804224077	OK	 
GROUP	,SearchName_smith	1626804223389	1626804224078	687	OK
REQUEST	,DrillDown_baker	68633	1626804223711	1626804224402	OK	 
GROUP	,DrillDown_baker	1626804223711	1626804224402	691	OK
REQUEST	,S_803330745	MemberId:803330745	1626804224026	1626804224402	OK	 
REQUEST	,S_2003326739	MemberId:2003326739	1626804223972	1626804224402	OK	 
GROUP	,S_803330745	1626804223306	1626804224402	1096	OK
GROUP	,S_2003326739	1626804221057	1626804224402	3345	OK
REQUEST	,SearchName_roger	Search_1	1626804224476	1626804224691	OK	 
REQUEST	,SearchByActiveMember	Select_SearchByActiveMember	1626804224528	1626804224968	OK	 
GROUP	,SearchByActiveMember	1626804224528	1626804224968	440	OK
REQUEST	,SearchName_roger	Search_3328306	1626804224692	1626804224997	OK	 
GROUP	,SearchName_roger	1626804224476	1626804224997	520	OK
REQUEST	,S_3328306	Select_roger	1626804226335	1626804226426	OK	 
REQUEST	,S_1203330606	Select_baker	1626804226424	1626804226516	OK	 
REQUEST	,SearchByActiveMember	Select_SearchByActiveMember	1626804226981	1626804227128	OK	 
GROUP	,SearchByActiveMember	1626804226981	1626804227128	147	OK
REQUEST	,S_2003326739	Select_thomas	1626804227111	1626804227392	OK	 
REQUEST	,DrillDown_smith	70214	1626804227284	1626804227424	OK	 
GROUP	,DrillDown_smith	1626804227283	1626804227424	140	OK
REQUEST	,S_3330526	Select_douglas	1626804227394	1626804227488	OK	 
REQUEST	,S_3328306		1626804226426	1626804227494	OK	 
REQUEST	,S_3328306	MemberId:3328306	1626804227494	1626804227726	OK	 
GROUP	,S_3328306	1626804226335	1626804227726	1391	OK
REQUEST	,SearchName_baker	Search_1	1626804227374	1626804227780	OK	 
REQUEST	,SearchName_baker	Search_1203330606	1626804227780	1626804227966	OK	 
GROUP	,SearchName_baker	1626804227373	1626804227966	592	OK
REQUEST	,S_803330745	Select_smith	1626804227861	1626804227968	OK	 
REQUEST	,S_3330526		1626804227488	1626804228208	OK	 
REQUEST	,S_3330526	MemberId:3330526	1626804228208	1626804228455	OK	 
GROUP	,S_3330526	1626804227394	1626804228455	1061	OK
REQUEST	,DrillDown_thomas	69195	1626804228337	1626804228523	OK	 
GROUP	,DrillDown_thomas	1626804228336	1626804228523	186	OK
REQUEST	,S_3328306	Select_roger	1626804228213	1626804228563	OK	 
REQUEST	,S_803330745		1626804227969	1626804228698	OK	 
REQUEST	,S_803330745	MemberId:803330745	1626804228698	1626804228933	OK	 
GROUP	,S_803330745	1626804227861	1626804228933	1071	OK
REQUEST	,S_3328306		1626804228563	1626804229100	OK	 
REQUEST	,S_3328306	MemberId:3328306	1626804229100	1626804229332	OK	 
GROUP	,S_3328306	1626804228213	1626804229333	1119	OK
REQUEST	,S_1203330606		1626804226516	1626804229462	OK	 
REQUEST	,S_1203330606	MemberId:1203330606	1626804229463	1626804229704	OK	 
GROUP	,S_1203330606	1626804226424	1626804229704	3279	OK
REQUEST	,S_2003326739		1626804227393	1626804230868	OK	 
REQUEST	,S_1203330606	Select_baker	1626804230676	1626804230890	OK	 
REQUEST	,S_2003326739	MemberId:2003326739	1626804230868	1626804231102	OK	 
GROUP	,S_2003326739	1626804227111	1626804231102	3990	OK
REQUEST	,DrillDown_roger	70075	1626804231055	1626804231365	OK	 
GROUP	,DrillDown_roger	1626804231055	1626804231365	310	OK
REQUEST	,DrillDown_douglas	67672	1626804231906	1626804232051	OK	 
GROUP	,DrillDown_douglas	1626804231905	1626804232051	145	OK
REQUEST	,SearchByActiveMember	Select_SearchByActiveMember	1626804231445	1626804232142	OK	 
GROUP	,SearchByActiveMember	1626804231445	1626804232142	697	OK
REQUEST	,SearchName_douglas	Search_1	1626804231081	1626804232183	OK	 
REQUEST	,SearchByActiveMember	Select_SearchByActiveMember	1626804230389	1626804232405	OK	 
GROUP	,SearchByActiveMember	1626804230389	1626804232405	2016	OK
REQUEST	,SearchName_douglas	Search_3330526	1626804232183	1626804232407	OK	 
GROUP	,SearchName_douglas	1626804231081	1626804232407	1326	OK
REQUEST	,DrillDown_smith	70214	1626804232579	1626804232705	OK	 
GROUP	,DrillDown_smith	1626804232579	1626804232705	126	OK
REQUEST	,DrillDown_baker	68633	1626804232776	1626804232999	OK	 
GROUP	,DrillDown_baker	1626804232776	1626804232999	223	OK
REQUEST	,DrillDown_roger	70075	1626804233197	1626804233326	OK	 
GROUP	,DrillDown_roger	1626804233197	1626804233326	129	OK
REQUEST	,DrillDown_thomas	69195	1626804233612	1626804234469	OK	 
GROUP	,DrillDown_thomas	1626804233611	1626804234469	857	OK
REQUEST	,S_3330526	Select_douglas	1626804234538	1626804234645	OK	 
REQUEST	,S_1203330606		1626804230891	1626804234728	OK	 
REQUEST	,SearchByActiveMember	Select_SearchByActiveMember	1626804234424	1626804234796	OK	 
GROUP	,SearchByActiveMember	1626804234423	1626804234797	372	OK
REQUEST	,S_1203330606	MemberId:1203330606	1626804234729	1626804234968	OK	 
GROUP	,S_1203330606	1626804230675	1626804234968	4290	OK
REQUEST	,S_3330526		1626804234645	1626804234985	OK	 
REQUEST	,SearchByActiveMember	Select_SearchByActiveMember	1626804234625	1626804234987	OK	 
GROUP	,SearchByActiveMember	1626804234625	1626804234987	362	OK
GROUP		1626804082467	1626804235173	35752	OK
USER	Users_1	END	1626804235176
REQUEST	,S_3330526	MemberId:3330526	1626804234985	1626804235257	OK	 
GROUP	,S_3330526	1626804234538	1626804235257	719	OK
GROUP		1626804080471	1626804235515	36920	OK
USER	Users_1	END	1626804235516
REQUEST	,SearchName_thomas	Search_1	1626804236020	1626804236381	OK	 
REQUEST	,SearchName_smith	Search_1	1626804235533	1626804236460	OK	 
REQUEST	,SearchName_smith	Search_803330745	1626804236461	1626804236690	OK	 
GROUP	,SearchName_smith	1626804235533	1626804236690	1156	OK
REQUEST	,SearchName_thomas	Search_2003326739	1626804236381	1626804236802	OK	 
GROUP	,SearchName_thomas	1626804236020	1626804236802	782	OK
GROUP		1626804084471	1626804236932	34095	OK
USER	Users_1	END	1626804236933
REQUEST	,SearchName_roger	Search_1	1626804237187	1626804237369	OK	 
GROUP		1626804081473	1626804237756	35021	OK
USER	Users_1	END	1626804237756
REQUEST	,SearchName_roger	Search_3328306	1626804237369	1626804237793	OK	 
GROUP	,SearchName_roger	1626804237186	1626804237793	606	OK
REQUEST	,SearchName_baker	Search_1	1626804238284	1626804238447	OK	 
REQUEST	,DrillDown_douglas	67672	1626804238514	1626804238660	OK	 
GROUP	,DrillDown_douglas	1626804238513	1626804238660	146	OK
REQUEST	,SearchName_baker	Search_1203330606	1626804238448	1626804238884	OK	 
GROUP	,SearchName_baker	1626804238284	1626804238884	599	OK
REQUEST	,S_803330745	Select_smith	1626804238764	1626804239102	OK	 
REQUEST	,DrillDown_baker	68633	1626804238934	1626804239115	OK	 
GROUP	,DrillDown_baker	1626804238934	1626804239115	181	OK
REQUEST	,S_2003326739	Select_thomas	1626804239233	1626804239343	OK	 
REQUEST	,S_803330745		1626804239102	1626804239591	OK	 
REQUEST	,S_803330745	MemberId:803330745	1626804239591	1626804239844	OK	 
GROUP	,S_803330745	1626804238764	1626804239845	1080	OK
REQUEST	,S_3328306	Select_roger	1626804240104	1626804240234	OK	 
REQUEST	,S_3328306		1626804240234	1626804240991	OK	 
REQUEST	,S_3328306	MemberId:3328306	1626804240992	1626804242015	OK	 
GROUP	,S_3328306	1626804240104	1626804242016	1910	OK
REQUEST	,S_2003326739		1626804239344	1626804242383	OK	 
GROUP		1626804079478	1626804242403	40036	OK
USER	Users_1	END	1626804242403
GROUP		1626804083467	1626804242466	39184	OK
REQUEST	,S_1203330606	Select_baker	1626804242363	1626804242466	OK	 
USER	Users_1	END	1626804242467
REQUEST	,S_2003326739	MemberId:2003326739	1626804242383	1626804242612	OK	 
GROUP	,S_2003326739	1626804239233	1626804242612	3378	OK
REQUEST	,DrillDown_smith	70214	1626804242959	1626804243080	OK	 
GROUP	,DrillDown_smith	1626804242959	1626804243081	121	OK
REQUEST	,DrillDown_roger	70075	1626804244655	1626804244772	OK	 
GROUP	,DrillDown_roger	1626804244654	1626804244773	117	OK
REQUEST	,S_1203330606		1626804242467	1626804245497	OK	 
REQUEST	,S_1203330606	MemberId:1203330606	1626804245497	1626804245817	OK	 
GROUP	,S_1203330606	1626804242362	1626804245817	3453	OK
REQUEST	,DrillDown_thomas	69195	1626804245696	1626804246102	OK	 
GROUP	,DrillDown_thomas	1626804245696	1626804246102	406	OK
GROUP		1626804088471	1626804246262	33409	OK
USER	Users_1	END	1626804246262
GROUP		1626804087467	1626804247561	42214	OK
USER	Users_1	END	1626804247561
REQUEST	,DrillDown_baker	68633	1626804248478	1626804248656	OK	 
GROUP	,DrillDown_baker	1626804248478	1626804248656	178	OK
GROUP		1626804086468	1626804250095	42704	OK
USER	Users_1	END	1626804250096
GROUP		1626804085468	1626804250818	41380	OK
USER	Users_1	END	1626804250818
