RUN	SSOtoOCM	ssotoocm	1630170870932	 	3.5.1
USER	SSOtoOCM	START	1630170872462
REQUEST		request_0	1630170872480	1630170873106	OK	 
ERROR	request_65: Failed to build request: Resource /0065_request.json not found 	1630170873189
ERROR	request_69: Failed to build request: Resource 0069_request.txt not found 	1630170873191
ERROR	request_70: Failed to build request: Resource 0070_request.json not found 	1630170873191
ERROR	request_71: Failed to build request: Resource 0071_request.txt not found 	1630170873191
ERROR	request_79: Failed to build request: Resource 0079_request.json not found 	1630170873192
ERROR	request_80: Failed to build request: Resource 0080_request.json not found 	1630170873192
ERROR	request_82: Failed to build request: Resource 0082_request.json not found 	1630170873192
ERROR	request_83: Failed to build request: Resource 0083_request.json not found 	1630170873192
REQUEST		request_20	1630170874560	1630170883744	OK	 
REQUEST		icon?family=Material+Icons	1630170873211	1630170884109	OK	 
REQUEST		request_2	1630170873212	1630170884123	OK	 
REQUEST		request_1	1630170873211	1630170884126	OK	 
REQUEST		request_33	1630170873213	1630170884129	OK	 
REQUEST		request_16	1630170874559	1630170884135	OK	 
REQUEST		request_51	1630170874559	1630170884138	OK	 
REQUEST		request_58	1630170875731	1630170884142	OK	 
REQUEST		request_5	1630170874557	1630170884146	OK	 
REQUEST		global-this	1630170873467	1630170884148	OK	 
REQUEST		request_29	1630170874564	1630170884150	OK	 
REQUEST		request_63	1630170883637	1630170884154	OK	 
REQUEST		request_60	1630170883636	1630170884160	OK	 
REQUEST		request_72	1630170883637	1630170884169	OK	 
REQUEST		request_32	1630170873212	1630170884192	OK	 
REQUEST		omni-chat-widget-settings.js	1630170875816	1630170884201	OK	 
REQUEST		request_57	1630170880413	1630170884241	OK	 
REQUEST		request_5	1630170884147	1630170884255	OK	 
REQUEST		global-this	1630170884148	1630170884257	OK	 
REQUEST		request_61	1630170880414	1630170884259	KO	status.find.in(200,201,202,203,204,205,206,207,208,209,304), found 400
REQUEST		request_31	1630170880538	1630170884295	OK	 
REQUEST		request_59	1630170883635	1630170884297	OK	 
REQUEST		request_35	1630170873385	1630170884318	OK	 
REQUEST		popper.min.js	1630170873302	1630170884325	OK	 
REQUEST		request_68	1630170875814	1630170884367	OK	 
REQUEST		request_64	1630170875731	1630170884414	OK	 
REQUEST		request_81	1630170880415	1630170884440	OK	 
REQUEST		request_10	1630170873207	1630170884447	OK	 
REQUEST		omni-chat-widget.js	1630170878064	1630170884481	OK	 
REQUEST		request_78	1630170884368	1630170884488	OK	 
REQUEST		request_15	1630170873207	1630170884537	OK	 
REQUEST		request_36	1630170873302	1630170884567	OK	 
REQUEST		bootstrap.min.js	1630170873213	1630170884569	OK	 
REQUEST		request_44	1630170884202	1630170884584	OK	 
REQUEST		request_6	1630170874558	1630170884618	OK	 
REQUEST		request_84	1630170873386	1630170884647	OK	 
REQUEST		request_51	1630170884140	1630170884667	OK	 
REQUEST		request_45	1630170884483	1630170884675	OK	 
REQUEST		request_21	1630170878067	1630170884709	OK	 
REQUEST		request_27	1630170878162	1630170884710	OK	 
REQUEST		request_76	1630170875815	1630170884800	OK	 
REQUEST		request_67	1630170875814	1630170884841	OK	 
REQUEST		request_24	1630170874562	1630170884899	OK	 
REQUEST		jquery-2.2.4.min.js	1630170873206	1630170885068	OK	 
REQUEST		request_17	1630170878160	1630170885082	OK	 
REQUEST		css2?family=Roboto:wght@300;400;500&display=swap	1630170873209	1630170885106	OK	 
REQUEST		request_19	1630170878066	1630170885130	OK	 
REQUEST		request_56	1630170880413	1630170885133	OK	 
REQUEST		request_11	1630170878065	1630170885137	OK	 
REQUEST		jquery-3.3.1.slim.min.js	1630170873201	1630170885153	OK	 
REQUEST		request_30	1630170880412	1630170885157	OK	 
REQUEST		request_77	1630170875815	1630170885231	OK	 
REQUEST		request_66	1630170875813	1630170885264	OK	 
REQUEST		zone.min.js	1630170883638	1630170885328	OK	 
REQUEST		request_9	1630170873301	1630170885340	OK	 
REQUEST		request_25	1630170874562	1630170885390	OK	 
REQUEST		amd.min.js	1630170885329	1630170885430	OK	 
REQUEST		request_85	1630170873466	1630170885449	OK	 
REQUEST		d3.v3.min.js	1630170878067	1630170885492	OK	 
REQUEST		request_40	1630170878161	1630170885494	OK	 
REQUEST		omni-chat-widget.css	1630170878065	1630170885498	OK	 
REQUEST		request_52	1630170874564	1630170885501	OK	 
REQUEST		request_55	1630170884900	1630170885502	OK	 
REQUEST		request_34	1630170873208	1630170885528	OK	 
REQUEST		named-exports.min.js	1630170885431	1630170885531	OK	 
REQUEST		zone-patch-user-media.js	1630170883732	1630170885599	OK	 
REQUEST		request_30	1630170885161	1630170885655	KO	status.find.in(200,201,202,203,204,205,206,207,208,209,304), found 401
REQUEST		runtime.min.js	1630170883732	1630170885678	OK	 
REQUEST		system.min.js	1630170883734	1630170885680	OK	 
REQUEST		request_4	1630170885600	1630170885696	OK	 
REQUEST		request_42	1630170873209	1630170885766	OK	 
REQUEST		request_28	1630170880411	1630170885779	OK	 
REQUEST		request_13	1630170885679	1630170885791	OK	 
REQUEST		request_22	1630170885697	1630170885875	OK	 
REQUEST		webapis-rtc-peer-connection.min.js	1630170883731	1630170885929	OK	 
REQUEST		request_26	1630170874563	1630170886022	OK	 
REQUEST		import-map-overrides.js	1630170883733	1630170886023	OK	 
REQUEST		request_54	1630170883750	1630170886045	OK	 
REQUEST		minified.min.js	1630170885532	1630170886148	OK	 
REQUEST		request_74	1630170885930	1630170886154	OK	 
REQUEST		request_46	1630170885792	1630170886206	OK	 
REQUEST		request_75	1630170886030	1630170886304	OK	 
REQUEST		request_23	1630170874561	1630170886314	OK	 
REQUEST		request_18	1630170885681	1630170886334	OK	 
REQUEST		request_73	1630170885391	1630170886501	OK	 
REQUEST		request_50	1630170885876	1630170886645	OK	 
REQUEST		request_86	1630170886648	1630170887679	OK	 
ERROR	request_87: Failed to build request: Resource 0087_request.json not found 	1630170887680
ERROR	request_88: Failed to build request: Resource 0088_request.json not found 	1630170887680
USER	SSOtoOCM	END	1630170887698
