RUN	JJ.Framework.JJSim	jjsim	1622679654889	JJ.Framework.JJSim-SIMULATION_1_1:SIMULATION_2_1:SIMULATION_3_1:SIMULATION_4_:Iterations_13	3.5.1
USER	Users_2	START	1622679656374
USER	Users_1	START	1622679656374
USER	Users_3	START	1622679656374
REQUEST	NPI,NPI	NPI_1245318229	1622679656403	1622679661865	KO	status.find.in(200,201,202,203,204,205,206,207,208,209,304), found 500
GROUP	NPI,NPI	1622679656380	1622679661889	5462	KO
REQUEST	TIN,TIN	TIN_391139101	1622679656403	1622679662044	KO	status.find.in(200,201,202,203,204,205,206,207,208,209,304), found 500
GROUP	TIN,TIN	1622679656380	1622679662045	5641	KO
REQUEST	LName,LN	LName_Smith	1622679656403	1622679662044	KO	status.find.in(200,201,202,203,204,205,206,207,208,209,304), found 500
GROUP	LName,LN	1622679656380	1622679662045	5641	KO
GROUP	NPI	1622679656377	1622679662959	5462	KO
GROUP	TIN	1622679656377	1622679663068	5641	KO
GROUP	LName	1622679656377	1622679663154	5641	KO
REQUEST	TIN,TIN	TIN_391139101	1622679663069	1622679663253	KO	status.find.in(200,201,202,203,204,205,206,207,208,209,304), found 500
GROUP	TIN,TIN	1622679663068	1622679663255	184	KO
REQUEST	NPI,NPI	NPI_1821049651	1622679662962	1622679663253	OK	 
GROUP	NPI,NPI	1622679662960	1622679663269	291	OK
REQUEST	LName,LN	LName_Jones	1622679663155	1622679663589	KO	status.find.in(200,201,202,203,204,205,206,207,208,209,304), found 500
GROUP	LName,LN	1622679663155	1622679663590	434	KO
GROUP	TIN	1622679663068	1622679664532	184	KO
GROUP	LName	1622679663154	1622679664640	434	KO
REQUEST	TIN,TIN	TIN_391139101	1622679664533	1622679664820	KO	status.find.in(200,201,202,203,204,205,206,207,208,209,304), found 500
GROUP	TIN,TIN	1622679664533	1622679664821	287	KO
REQUEST	LName,LN	LName_Rogers	1622679664641	1622679664944	KO	status.find.in(200,201,202,203,204,205,206,207,208,209,304), found 500
GROUP	LName,LN	1622679664641	1622679664945	303	KO
GROUP	NPI	1622679662960	1622679665159	291	OK
REQUEST	NPI,NPI	NPI_1114976883	1622679665159	1622679665781	OK	 
GROUP	NPI,NPI	1622679665159	1622679665784	622	OK
GROUP	LName	1622679664641	1622679666166	303	KO
REQUEST	LName,LN	LName_Smith	1622679666168	1622679666499	KO	status.find.in(200,201,202,203,204,205,206,207,208,209,304), found 500
GROUP	LName,LN	1622679666167	1622679666500	331	KO
GROUP	TIN	1622679664533	1622679666607	287	KO
REQUEST	TIN,TIN	TIN_391139101	1622679666608	1622679666688	KO	status.find.in(200,201,202,203,204,205,206,207,208,209,304), found 500
GROUP	TIN,TIN	1622679666608	1622679666689	80	KO
GROUP	NPI	1622679665159	1622679667699	622	OK
GROUP	LName	1622679666167	1622679667699	331	KO
GROUP	TIN	1622679666608	1622679667711	80	KO
REQUEST	TIN,TIN	TIN_391139101	1622679667712	1622679667793	KO	status.find.in(200,201,202,203,204,205,206,207,208,209,304), found 500
GROUP	TIN,TIN	1622679667711	1622679667793	81	KO
REQUEST	NPI,NPI	NPI_1740270032	1622679667700	1622679667816	OK	 
GROUP	NPI,NPI	1622679667700	1622679667817	116	OK
REQUEST	LName,LN	LName_Smith	1622679667700	1622679668035	KO	status.find.in(200,201,202,203,204,205,206,207,208,209,304), found 500
GROUP	LName,LN	1622679667700	1622679668036	335	KO
GROUP	TIN	1622679667711	1622679668973	81	KO
GROUP	LName	1622679667700	1622679669487	335	KO
REQUEST	TIN,TIN	TIN_391139101	1622679668974	1622679669499	KO	status.find.in(200,201,202,203,204,205,206,207,208,209,304), found 500
GROUP	TIN,TIN	1622679668973	1622679669500	525	KO
GROUP	NPI	1622679667700	1622679669500	116	OK
REQUEST	LName,LN	LName_Jones	1622679669488	1622679669572	KO	status.find.in(200,201,202,203,204,205,206,207,208,209,304), found 500
GROUP	LName,LN	1622679669487	1622679669573	84	KO
REQUEST	NPI,NPI	NPI_1245419696	1622679669501	1622679669580	KO	status.find.in(200,201,202,203,204,205,206,207,208,209,304), found 500
GROUP	NPI,NPI	1622679669501	1622679669581	79	KO
GROUP	NPI	1622679669500	1622679671138	79	KO
GROUP	LName	1622679669487	1622679671218	84	KO
GROUP	TIN	1622679668973	1622679671302	525	KO
REQUEST	NPI,NPI	NPI_1942331400	1622679671139	1622679671508	OK	 
GROUP	NPI,NPI	1622679671138	1622679671510	369	OK
REQUEST	TIN,TIN	TIN_391139101	1622679671303	1622679671600	KO	status.find.in(200,201,202,203,204,205,206,207,208,209,304), found 500
GROUP	TIN,TIN	1622679671302	1622679671601	297	KO
REQUEST	LName,LN	LName_Rogers	1622679671219	1622679671777	KO	status.find.in(200,201,202,203,204,205,206,207,208,209,304), found 500
GROUP	LName,LN	1622679671219	1622679671778	558	KO
GROUP	NPI	1622679671138	1622679672925	369	OK
GROUP	TIN	1622679671302	1622679672948	297	KO
REQUEST	NPI,NPI	NPI_1144239955	1622679672926	1622679673110	OK	 
GROUP	NPI,NPI	1622679672925	1622679673111	184	OK
GROUP	LName	1622679671219	1622679673142	558	KO
REQUEST	TIN,TIN	TIN_391139101	1622679672949	1622679673225	KO	status.find.in(200,201,202,203,204,205,206,207,208,209,304), found 500
GROUP	TIN,TIN	1622679672949	1622679673226	276	KO
REQUEST	LName,LN	LName_Smith	1622679673142	1622679673667	KO	status.find.in(200,201,202,203,204,205,206,207,208,209,304), found 500
GROUP	LName,LN	1622679673142	1622679673668	525	KO
GROUP	TIN	1622679672948	1622679674655	276	KO
GROUP	NPI	1622679672925	1622679674778	184	OK
REQUEST	NPI,NPI	NPI_1538137419	1622679674778	1622679674863	KO	status.find.in(200,201,202,203,204,205,206,207,208,209,304), found 500
GROUP	NPI,NPI	1622679674778	1622679674863	85	KO
GROUP	LName	1622679673142	1622679674966	525	KO
REQUEST	LName,LN	LName_Jones	1622679674967	1622679675301	KO	status.find.in(200,201,202,203,204,205,206,207,208,209,304), found 500
GROUP	LName,LN	1622679674966	1622679675302	334	KO
REQUEST	TIN,TIN	TIN_391139101	1622679674656	1622679675314	KO	status.find.in(200,201,202,203,204,205,206,207,208,209,304), found 500
GROUP	TIN,TIN	1622679674655	1622679675315	658	KO
GROUP	TIN	1622679674655	1622679676643	658	KO
GROUP	NPI	1622679674778	1622679676716	85	KO
REQUEST	NPI,NPI	NPI_1306830377	1622679676717	1622679676858	OK	 
GROUP	NPI,NPI	1622679676716	1622679676859	141	OK
REQUEST	TIN,TIN	TIN_391139101	1622679676643	1622679676921	KO	status.find.in(200,201,202,203,204,205,206,207,208,209,304), found 500
GROUP	TIN,TIN	1622679676643	1622679676922	278	KO
GROUP	LName	1622679674966	1622679677258	334	KO
REQUEST	LName,LN	LName_Rogers	1622679677259	1622679677558	KO	status.find.in(200,201,202,203,204,205,206,207,208,209,304), found 500
GROUP	LName,LN	1622679677258	1622679677559	299	KO
GROUP	TIN	1622679676643	1622679678141	278	KO
REQUEST	TIN,TIN	TIN_391139101	1622679678142	1622679678480	KO	status.find.in(200,201,202,203,204,205,206,207,208,209,304), found 500
GROUP	TIN,TIN	1622679678142	1622679678481	338	KO
GROUP	LName	1622679677258	1622679678570	299	KO
GROUP	NPI	1622679676716	1622679678766	141	OK
REQUEST	LName,LN	LName_Smith	1622679678571	1622679678780	KO	status.find.in(200,201,202,203,204,205,206,207,208,209,304), found 500
GROUP	LName,LN	1622679678570	1622679678780	209	KO
REQUEST	NPI,NPI	NPI_1962487256	1622679678767	1622679678860	KO	status.find.in(200,201,202,203,204,205,206,207,208,209,304), found 500
GROUP	NPI,NPI	1622679678766	1622679678861	93	KO
GROUP	TIN	1622679678141	1622679679485	338	KO
REQUEST	TIN,TIN	TIN_391139101	1622679679486	1622679679911	KO	status.find.in(200,201,202,203,204,205,206,207,208,209,304), found 500
GROUP	TIN,TIN	1622679679485	1622679679911	425	KO
GROUP	NPI	1622679678766	1622679680050	93	KO
GROUP	LName	1622679678570	1622679680162	209	KO
REQUEST	NPI,NPI	NPI_1902890692	1622679680051	1622679680326	OK	 
GROUP	NPI,NPI	1622679680051	1622679680327	275	OK
REQUEST	LName,LN	LName_Smith	1622679680163	1622679680631	KO	status.find.in(200,201,202,203,204,205,206,207,208,209,304), found 500
GROUP	LName,LN	1622679680163	1622679680631	468	KO
GROUP	TIN	1622679679485	1622679681176	425	KO
GROUP	NPI	1622679680050	1622679681520	275	OK
REQUEST	NPI,NPI	NPI_1932411584	1622679681521	1622679681859	OK	 
REQUEST	TIN,TIN	TIN_391139101	1622679681177	1622679681859	KO	status.find.in(200,201,202,203,204,205,206,207,208,209,304), found 500
GROUP	TIN,TIN	1622679681177	1622679681860	682	KO
GROUP	NPI,NPI	1622679681521	1622679681860	338	OK
GROUP	LName	1622679680162	1622679682079	468	KO
REQUEST	LName,LN	LName_Jones	1622679682080	1622679682474	KO	status.find.in(200,201,202,203,204,205,206,207,208,209,304), found 500
GROUP	LName,LN	1622679682079	1622679682474	394	KO
GROUP	TIN	1622679681177	1622679682882	682	KO
USER	Users_2	END	1622679682884
GROUP	NPI	1622679681520	1622679683112	338	OK
REQUEST	NPI,NPI	NPI_1275929051	1622679683113	1622679683258	OK	 
GROUP	NPI,NPI	1622679683112	1622679683259	145	OK
GROUP	LName	1622679682079	1622679683488	394	KO
USER	Users_3	END	1622679683489
GROUP	NPI	1622679683112	1622679684455	145	OK
USER	Users_1	END	1622679684456
