RUN	ocmlogin	ocmlogin	1630256722159	 	3.5.1
USER	ocmlogin	START	1630256725752
REQUEST		Authenticate	1630256725775	1630256727125	OK	 
REQUEST		request_0	1630256727143	1630256727516	OK	 
REQUEST		request_1	1630256727519	1630256727594	OK	 
REQUEST		request_2	1630256727595	1630256727693	OK	 
REQUEST		request_2 Redirect 1	1630256727696	1630256727793	KO	status.find.in(200,201,202,203,204,205,206,207,208,209,304), found 401
REQUEST		request_3	1630256727796	1630256731064	OK	 
REQUEST		zone-patch-user-media.js	1630256731258	1630256733772	OK	 
REQUEST		webapis-rtc-peer-connection.min.js	1630256731258	1630256733780	OK	 
REQUEST		global-this	1630256731262	1630256733803	OK	 
REQUEST		icon?family=Material+Icons	1630256731128	1630256733806	OK	 
REQUEST		system.min.js	1630256731260	1630256733846	OK	 
REQUEST		runtime.min.js	1630256731259	1630256733848	OK	 
REQUEST		amd.min.js	1630256733775	1630256733851	OK	 
REQUEST		named-exports.min.js	1630256733780	1630256733852	OK	 
REQUEST		css2?family=Roboto:wght@300;400;500&display=swap	1630256731126	1630256733875	OK	 
REQUEST		omni-chat-widget-settings.js	1630256731324	1630256733884	OK	 
REQUEST		omni-chat-widget.css	1630256733511	1630256733958	OK	 
REQUEST		import-map-overrides.js	1630256731260	1630256734033	OK	 
REQUEST		zone.min.js	1630256731197	1630256734087	OK	 
REQUEST		popper.min.js	1630256731261	1630256734116	OK	 
REQUEST		omni-chat-widget.js	1630256733511	1630256734144	OK	 
REQUEST		bootstrap.min.js	1630256731128	1630256734173	OK	 
REQUEST		global-this	1630256733803	1630256734191	OK	 
REQUEST		global-this	1630256734191	1630256734269	OK	 
REQUEST		minified.min.js	1630256733847	1630256734378	OK	 
REQUEST		d3.v3.min.js	1630256733512	1630256734624	OK	 
REQUEST		jquery-3.3.1.slim.min.js	1630256731120	1630256734741	OK	 
REQUEST		jquery-2.2.4.min.js	1630256731125	1630256734835	OK	 
REQUEST		request_21	1630256734841	1630256734909	OK	 
REQUEST		request_22	1630256734910	1630256734977	OK	 
REQUEST		request_23	1630256734978	1630256735050	OK	 
REQUEST		request_24	1630256735051	1630256735384	OK	 
REQUEST		request_25	1630256735385	1630256736146	OK	 
REQUEST		request_26	1630256736147	1630256738562	OK	 
REQUEST		request_27	1630256738563	1630256739389	OK	 
REQUEST		request_28	1630256739392	1630256739464	OK	 
REQUEST		request_29	1630256739465	1630256739905	OK	 
REQUEST		request_30	1630256739905	1630256742400	OK	 
REQUEST		request_31	1630256742401	1630256742471	OK	 
REQUEST		request_32	1630256742474	1630256742715	OK	 
REQUEST		request_33	1630256742716	1630256743080	KO	status.find.in(200,201,202,203,204,205,206,207,208,209,304), found 400
REQUEST		request_34	1630256743081	1630256743696	OK	 
REQUEST		request_35	1630256743697	1630256743896	OK	 
REQUEST		request_36	1630256743897	1630256743996	KO	status.find.in(200,201,202,203,204,205,206,207,208,209,304), found 400
REQUEST		request_37	1630256744000	1630256744093	OK	 
REQUEST		request_38	1630256744093	1630256744225	OK	 
REQUEST		request_39	1630256744226	1630256744665	OK	 
REQUEST		request_40	1630256744666	1630256745124	OK	 
REQUEST		request_41	1630256745125	1630256745671	OK	 
REQUEST		request_42	1630256745672	1630256745766	OK	 
REQUEST		request_43	1630256745766	1630256746134	OK	 
REQUEST		request_44	1630256746135	1630256746261	OK	 
REQUEST		request_45	1630256746262	1630256746404	OK	 
USER	ocmlogin	END	1630256746412
