RUN	IQStage	iqstage	1630329533200	 	3.5.1
USER	IQStage	START	1630329534681
REQUEST		request_0	1630329534701	1630329535341	OK	 
REQUEST		request_20	1630329536900	1630329543768	OK	 
REQUEST		omni-chat-widget-settings.js	1630329538095	1630329544101	OK	 
REQUEST		request_6	1630329536898	1630329544142	OK	 
REQUEST		global-this	1630329536826	1630329544146	OK	 
REQUEST		request_16	1630329536899	1630329544163	OK	 
REQUEST		request_21	1630329540285	1630329544175	OK	 
REQUEST		request_1	1630329536637	1630329544204	OK	 
REQUEST		request_33	1630329536639	1630329544218	OK	 
REQUEST		request_2	1630329536637	1630329544221	OK	 
REQUEST		request_29	1630329536905	1630329544269	OK	 
REQUEST		global-this	1630329544147	1630329544271	OK	 
REQUEST		request_6	1630329544145	1630329544274	OK	 
REQUEST		request_32	1630329536638	1630329544312	OK	 
REQUEST		css2?family=Roboto:wght@300;400;500&display=swap	1630329535568	1630329544315	OK	 
REQUEST		request_52	1630329536904	1630329544508	OK	 
REQUEST		request_81	1630329543534	1630329544549	OK	 
REQUEST		request_51	1630329536900	1630329544626	OK	 
REQUEST		request_84	1630329536768	1630329544650	OK	 
REQUEST		request_45	1630329544177	1630329544663	OK	 
REQUEST		icon?family=Material+Icons	1630329536636	1630329544715	OK	 
REQUEST		request_51	1630329544627	1630329544757	OK	 
REQUEST		request_44	1630329544103	1630329544778	OK	 
REQUEST		request_60	1630329543691	1630329544807	OK	 
REQUEST		request_69	1630329538095	1630329544884	OK	 
REQUEST		request_35	1630329536767	1630329544934	OK	 
REQUEST		popper.min.js	1630329536703	1630329544951	OK	 
REQUEST		request_9	1630329536701	1630329544994	OK	 
REQUEST		request_71	1630329544885	1630329545033	OK	 
REQUEST		request_59	1630329543690	1630329545035	OK	 
REQUEST		request_17	1630329541357	1630329545228	OK	 
REQUEST		zone-patch-user-media.js	1630329543756	1630329545253	OK	 
REQUEST		request_5	1630329536897	1630329545266	OK	 
REQUEST		request_58	1630329537025	1630329545311	OK	 
REQUEST		request_72	1630329543692	1630329545353	OK	 
REQUEST		request_63	1630329543691	1630329545362	OK	 
REQUEST		runtime.min.js	1630329543757	1630329545380	OK	 
REQUEST		request_5	1630329545267	1630329545398	OK	 
REQUEST		request_66	1630329538093	1630329545460	OK	 
REQUEST		request_67	1630329538093	1630329545473	OK	 
REQUEST		omni-chat-widget.js	1630329540282	1630329545530	OK	 
REQUEST		request_64	1630329537026	1630329545537	OK	 
REQUEST		request_68	1630329538094	1630329545543	OK	 
REQUEST		request_31	1630329543630	1630329545576	OK	 
REQUEST		request_55	1630329544510	1630329545578	OK	 
REQUEST		request_78	1630329545473	1630329545610	OK	 
REQUEST		request_77	1630329545461	1630329545614	OK	 
REQUEST		bootstrap.min.js	1630329536639	1630329545628	OK	 
REQUEST		request_79	1630329545538	1630329545668	OK	 
REQUEST		request_76	1630329545034	1630329545689	OK	 
REQUEST		request_26	1630329536903	1630329545693	OK	 
REQUEST		request_25	1630329536903	1630329545696	OK	 
REQUEST		import-map-overrides.js	1630329543757	1630329545703	OK	 
REQUEST		request_62	1630329545579	1630329545734	OK	 
REQUEST		zone.min.js	1630329543692	1630329545738	OK	 
REQUEST		request_82	1630329545611	1630329545744	OK	 
REQUEST		webapis-rtc-peer-connection.min.js	1630329543755	1630329545758	OK	 
REQUEST		request_83	1630329545615	1630329545766	OK	 
REQUEST		amd.min.js	1630329545254	1630329545786	OK	 
REQUEST		request_36	1630329536702	1630329545793	OK	 
REQUEST		request_80	1630329545544	1630329545816	KO	status.find.in(200,201,202,203,204,205,206,207,208,209,304), found 401
REQUEST		request_70	1630329545694	1630329545852	OK	 
REQUEST		request_4	1630329545740	1630329545870	OK	 
REQUEST		request_8	1630329545788	1630329545909	OK	 
REQUEST		request_15	1630329535565	1630329546002	OK	 
REQUEST		d3.v3.min.js	1630329540285	1630329546026	OK	 
REQUEST		request_85	1630329536826	1630329546128	OK	 
REQUEST		request_7	1630329545759	1630329546287	OK	 
REQUEST		request_24	1630329536902	1630329546317	OK	 
REQUEST		named-exports.min.js	1630329545381	1630329546413	OK	 
REQUEST		request_22	1630329546288	1630329546524	OK	 
REQUEST		request_40	1630329541358	1630329546571	OK	 
REQUEST		request_47	1630329546414	1630329546656	OK	 
REQUEST		request_74	1630329546657	1630329546776	OK	 
REQUEST		jquery-3.3.1.slim.min.js	1630329535439	1630329547223	OK	 
REQUEST		system.min.js	1630329543758	1630329547258	OK	 
REQUEST		request_10	1630329535565	1630329547359	OK	 
REQUEST		request_65	1630329538092	1630329547516	KO	status.find.in(200,201,202,203,204,205,206,207,208,209,304), found 400
REQUEST		request_54	1630329543774	1630329547570	OK	 
REQUEST		request_75	1630329546777	1630329547629	OK	 
REQUEST		request_42	1630329535567	1630329547814	OK	 
REQUEST		request_50	1630329546526	1630329547923	OK	 
REQUEST		request_13	1630329545871	1630329548070	OK	 
REQUEST		request_73	1630329545697	1630329548981	OK	 
REQUEST		jquery-2.2.4.min.js	1630329535564	1630329549061	OK	 
REQUEST		request_19	1630329540284	1630329549529	OK	 
REQUEST		request_27	1630329541359	1630329549532	OK	 
REQUEST		request_28	1630329543531	1630329549539	OK	 
REQUEST		request_56	1630329543532	1630329549541	OK	 
REQUEST		request_61	1630329543533	1630329549545	KO	status.find.in(200,201,202,203,204,205,206,207,208,209,304), found 400
REQUEST		request_18	1630329545910	1630329549641	OK	 
REQUEST		omni-chat-widget.css	1630329540283	1630329549659	OK	 
REQUEST		request_57	1630329543533	1630329549871	OK	 
REQUEST		request_11	1630329540284	1630329549880	OK	 
REQUEST		request_30	1630329543531	1630329549887	OK	 
REQUEST		request_30	1630329549892	1630329549987	KO	status.find.in(200,201,202,203,204,205,206,207,208,209,304), found 401
REQUEST		minified.min.js	1630329545711	1630329550752	OK	 
REQUEST		request_34	1630329535566	1630329553056	OK	 
REQUEST		request_23	1630329536902	1630329562066	OK	 
USER	IQStage	END	1630329562105
