RUN	PE	pe	1623768139446	 	3.5.1
USER	PE	START	1623768140872
REQUEST		request_0	1623768140884	1623768141390	OK	 
REQUEST		request_2	1623768141623	1623768141893	OK	 
REQUEST		request_8	1623768141894	1623768142117	OK	 
REQUEST		request_9	1623768141744	1623768142186	OK	 
REQUEST		request_1	1623768141560	1623768142192	OK	 
REQUEST		request_15	1623768141490	1623768142230	OK	 
REQUEST		request_6	1623768141626	1623768142253	OK	 
REQUEST		request_3	1623768141624	1623768142261	OK	 
REQUEST		request_7	1623768141626	1623768142324	OK	 
REQUEST		request_11	1623768141488	1623768142339	OK	 
REQUEST		request_13	1623768141489	1623768142342	OK	 
REQUEST		request_12	1623768141489	1623768142348	OK	 
REQUEST		request_14	1623768141489	1623768142357	OK	 
REQUEST		request_10	1623768141421	1623768142359	OK	 
REQUEST		request_5	1623768141625	1623768142360	OK	 
REQUEST		request_4	1623768141625	1623768142361	OK	 
REQUEST		request_9	1623768142231	1623768142379	OK	 
REQUEST		request_20	1623768141490	1623768142425	OK	 
REQUEST		request_18	1623768142355	1623768142514	OK	 
REQUEST		request_21	1623768142360	1623768142520	OK	 
REQUEST		request_9	1623768142380	1623768142526	OK	 
REQUEST		request_37	1623768141558	1623768142546	OK	 
REQUEST		request_40	1623768141559	1623768142549	OK	 
REQUEST		request_49	1623768141811	1623768142552	OK	 
REQUEST		request_52	1623768141889	1623768142555	OK	 
REQUEST		request_38	1623768141558	1623768142557	OK	 
REQUEST		request_22	1623768141619	1623768142558	OK	 
REQUEST		request_30	1623768141622	1623768142560	OK	 
REQUEST		request_34	1623768141622	1623768142561	OK	 
REQUEST		request_23	1623768142515	1623768142579	OK	 
REQUEST		request_16	1623768142340	1623768142617	OK	 
REQUEST		request_39	1623768141559	1623768142631	OK	 
REQUEST		request_50	1623768141888	1623768142634	OK	 
REQUEST		request_35	1623768141556	1623768142636	OK	 
REQUEST		request_42	1623768142550	1623768142665	OK	 
REQUEST		request_49	1623768142554	1623768142669	OK	 
REQUEST		request_43	1623768142557	1623768142674	OK	 
REQUEST		request_25	1623768142580	1623768142678	OK	 
REQUEST		request_24	1623768142521	1623768142702	OK	 
REQUEST		request_9	1623768142527	1623768142723	OK	 
REQUEST		request_26	1623768142630	1623768142725	OK	 
REQUEST		request_41	1623768142547	1623768142729	OK	 
REQUEST		request_27	1623768142679	1623768142742	OK	 
REQUEST		request_45	1623768142638	1623768142752	OK	 
REQUEST		request_46	1623768142666	1623768142781	OK	 
REQUEST		request_47	1623768142674	1623768142794	OK	 
REQUEST		request_24	1623768142703	1623768142801	OK	 
REQUEST		request_44	1623768142632	1623768142803	OK	 
REQUEST		request_29	1623768142726	1623768142826	OK	 
REQUEST		request_28	1623768142724	1623768142828	OK	 
REQUEST		request_27	1623768142743	1623768142842	OK	 
REQUEST		request_33	1623768142828	1623768142891	OK	 
REQUEST		request_19	1623768142358	1623768142899	OK	 
REQUEST		request_53	1623768142781	1623768142902	OK	 
REQUEST		request_48	1623768142729	1623768142907	OK	 
REQUEST		request_36	1623768141557	1623768142911	OK	 
REQUEST		request_54	1623768142795	1623768142914	OK	 
REQUEST		request_56	1623768142803	1623768142917	OK	 
REQUEST		request_32	1623768142827	1623768142920	OK	 
REQUEST		request_31	1623768142802	1623768142939	OK	 
REQUEST		request_17	1623768142344	1623768142988	OK	 
REQUEST		request_51	1623768142753	1623768142999	OK	 
REQUEST		request_55	1623768141627	1623768143156	OK	 
REQUEST		request_57	1623768144160	1623768144274	OK	 
REQUEST		request_58	1623768144276	1623768144392	OK	 
REQUEST		request_59	1623768144277	1623768144393	OK	 
REQUEST		request_60	1623768147397	1623768148199	OK	 
REQUEST		request_61	1623768149205	1623768149322	OK	 
REQUEST		request_62	1623768149323	1623768149444	OK	 
REQUEST		request_63	1623768149324	1623768150127	OK	 
REQUEST		request_64	1623768153131	1623768153929	OK	 
REQUEST		request_65	1623768154936	1623768155502	OK	 
REQUEST		request_69	1623768155513	1623768155661	OK	 
REQUEST		request_67	1623768155512	1623768155662	OK	 
REQUEST		request_68	1623768155587	1623768155663	OK	 
REQUEST		request_71	1623768155513	1623768155694	OK	 
REQUEST		request_66	1623768155512	1623768155787	OK	 
REQUEST		request_74	1623768155585	1623768155935	OK	 
REQUEST		request_77	1623768155587	1623768155939	OK	 
REQUEST		request_73	1623768155585	1623768155941	OK	 
REQUEST		request_72	1623768155584	1623768155943	OK	 
REQUEST		request_76	1623768155586	1623768155944	OK	 
REQUEST		request_75	1623768155586	1623768155946	OK	 
REQUEST		request_113	1623768155514	1623768155969	OK	 
REQUEST		request_78	1623768155939	1623768156010	OK	 
REQUEST		request_71	1623768155936	1623768156014	OK	 
REQUEST		request_79	1623768155942	1623768156016	OK	 
REQUEST		request_81	1623768155946	1623768156019	OK	 
REQUEST		request_82	1623768155947	1623768156020	OK	 
REQUEST		request_106	1623768155658	1623768156061	OK	 
REQUEST		request_80	1623768155944	1623768156082	OK	 
REQUEST		request_84	1623768156012	1623768156085	OK	 
REQUEST		request_86	1623768156018	1623768156088	OK	 
REQUEST		request_85	1623768156015	1623768156090	OK	 
REQUEST		request_88	1623768156021	1623768156092	OK	 
REQUEST		request_87	1623768156019	1623768156095	OK	 
REQUEST		request_109	1623768155659	1623768156109	OK	 
REQUEST		request_104	1623768155655	1623768156111	OK	 
REQUEST		request_92	1623768156090	1623768156163	OK	 
REQUEST		request_94	1623768156095	1623768156165	OK	 
REQUEST		request_89	1623768156084	1623768156166	OK	 
REQUEST		request_90	1623768156085	1623768156168	OK	 
REQUEST		request_91	1623768156089	1623768156169	OK	 
REQUEST		request_108	1623768155659	1623768156187	OK	 
REQUEST		request_103	1623768155588	1623768156206	OK	 
REQUEST		request_81	1623768156020	1623768156208	OK	 
REQUEST		request_110	1623768156062	1623768156216	OK	 
REQUEST		request_111	1623768156110	1623768156224	OK	 
REQUEST		request_96	1623768156166	1623768156233	OK	 
REQUEST		request_95	1623768156164	1623768156235	OK	 
REQUEST		request_112	1623768156112	1623768156237	OK	 
REQUEST		request_97	1623768156167	1623768156237	OK	 
REQUEST		request_100	1623768156170	1623768156238	OK	 
REQUEST		request_107	1623768155658	1623768156261	OK	 
REQUEST		request_101	1623768156234	1623768156301	OK	 
REQUEST		request_102	1623768156236	1623768156310	OK	 
REQUEST		request_81	1623768156209	1623768156348	OK	 
REQUEST		request_93	1623768156092	1623768156373	OK	 
REQUEST		request_105	1623768155657	1623768156502	OK	 
REQUEST		request_98	1623768156168	1623768156545	OK	 
REQUEST		request_114	1623768165553	1623768165820	OK	 
REQUEST		request_114 Redirect 1	1623768165821	1623768166036	OK	 
REQUEST		request_114 Redirect 2	1623768166037	1623768166169	OK	 
REQUEST		request_114 Redirect 3	1623768166170	1623768166355	OK	 
REQUEST		global-app-config.js	1623768166382	1623768166486	OK	 
REQUEST		request_115	1623768166384	1623768166550	OK	 
REQUEST		request_143	1623768166386	1623768166568	OK	 
REQUEST		request_144	1623768166386	1623768166574	OK	 
REQUEST		{{favIconPath}}	1623768166382	1623768166594	OK	 
REQUEST		uitk-req-min-948de8930b.css	1623768166382	1623768166604	OK	 
REQUEST		request_118	1623768166385	1623768166663	OK	 
REQUEST		request_120	1623768166385	1623768166671	OK	 
REQUEST		request_117	1623768166384	1623768166673	OK	 
REQUEST		request_119	1623768166385	1623768166673	OK	 
REQUEST		request_116	1623768166384	1623768166678	OK	 
REQUEST		request_123	1623768166558	1623768166711	OK	 
REQUEST		uitk-req-min-945fd9447c.js	1623768166383	1623768166734	OK	 
REQUEST		request_150	1623768166387	1623768166792	OK	 
REQUEST		newrelic.js	1623768166594	1623768166813	OK	 
REQUEST		request_128	1623768166663	1623768166825	OK	 
REQUEST		summer.js	1623768166381	1623768167042	OK	 
REQUEST		prelogin-f85aab9ec4.min.js	1623768166486	1623768167075	OK	 
REQUEST		lib-min-7e6d84b497.js	1623768166383	1623768167343	OK	 
REQUEST		request_142	1623768166673	1623768167509	OK	 
REQUEST		request_149	1623768166387	1623768176281	OK	 
REQUEST		request_154	1623768180294	1623768180610	KO	status.find.in(200,201,202,203,204,205,206,207,208,209,304), found 401
USER	PE	END	1623768180619
