RUN	JJ.Framework.JJSim	jjsim	1622677468377	JJ.Framework.JJSim-SIMULATION_1_1:SIMULATION_2_1:SIMULATION_3_1:SIMULATION_4_:Iterations_3	3.5.1
USER	Users_1	START	1622677469842
USER	Users_2	START	1622677469842
USER	Users_3	START	1622677469842
REQUEST	NPI,NPI	NPI_1245318229	1622677469868	1622677475330	KO	status.find.in(200,201,202,203,204,205,206,207,208,209,304), found 500
GROUP	NPI,NPI	1622677469848	1622677475349	5462	KO
REQUEST	LName,LN	LName_Smith	1622677469868	1622677475534	KO	status.find.in(200,201,202,203,204,205,206,207,208,209,304), found 500
REQUEST	TIN,TIN	TIN_391139101	1622677469868	1622677475534	KO	status.find.in(200,201,202,203,204,205,206,207,208,209,304), found 500
GROUP	LName,LN	1622677469848	1622677475536	5666	KO
GROUP	TIN,TIN	1622677469848	1622677475536	5666	KO
GROUP	NPI	1622677469845	1622677476411	5462	KO
REQUEST	NPI,NPI	NPI_1821049651	1622677476417	1622677476604	OK	 
GROUP	NPI,NPI	1622677476414	1622677476620	187	OK
GROUP	TIN	1622677469845	1622677476837	5666	KO
GROUP	LName	1622677469845	1622677476852	5666	KO
REQUEST	TIN,TIN	TIN_391139101	1622677476838	1622677476917	KO	status.find.in(200,201,202,203,204,205,206,207,208,209,304), found 500
GROUP	TIN,TIN	1622677476837	1622677476918	79	KO
REQUEST	LName,LN	LName_Jones	1622677476853	1622677476933	KO	status.find.in(200,201,202,203,204,205,206,207,208,209,304), found 500
GROUP	LName,LN	1622677476852	1622677476934	80	KO
GROUP	NPI	1622677476412	1622677477933	187	OK
GROUP	LName	1622677476852	1622677478322	80	KO
GROUP	TIN	1622677476837	1622677478409	79	KO
REQUEST	NPI,NPI	NPI_1114976883	1622677477934	1622677478749	KO	status.find.in(200,201,202,203,204,205,206,207,208,209,304), found 500
GROUP	NPI,NPI	1622677477933	1622677478750	815	KO
REQUEST	TIN,TIN	TIN_391139101	1622677478411	1622677478752	KO	status.find.in(200,201,202,203,204,205,206,207,208,209,304), found 500
GROUP	TIN,TIN	1622677478410	1622677478753	341	KO
REQUEST	LName,LN	LName_Rogers	1622677478324	1622677479021	KO	status.find.in(200,201,202,203,204,205,206,207,208,209,304), found 500
GROUP	LName,LN	1622677478323	1622677479022	697	KO
GROUP	NPI	1622677477933	1622677480134	815	KO
USER	Users_1	END	1622677480136
GROUP	TIN	1622677478410	1622677480346	341	KO
USER	Users_2	END	1622677480347
GROUP	LName	1622677478323	1622677480580	697	KO
USER	Users_3	END	1622677480581
