RUN	BO.Framework.BOSim	bosim	1623686165075	 	3.5.1
USER	Users_1	START	1623686167632
REQUEST	LOGIN,LOGIN	LOGIN	1623686167657	1623686168500	OK	 
REQUEST	LOGIN,LOGIN	request_11	1623686168517	1623686168743	OK	 
REQUEST	LOGIN,LOGIN	request_12	1623686168748	1623686168843	OK	 
REQUEST	LOGIN,LOGIN	request_13	1623686168844	1623686169174	OK	 
REQUEST	LOGIN,LOGIN	request_14	1623686169174	1623686169238	OK	 
REQUEST	LOGIN,LOGIN	request_14 Redirect 1	1623686169240	1623686169341	OK	 
REQUEST	LOGIN,LOGIN	error-63062f7857.min.js	1623686169372	1623686169669	OK	 
REQUEST	LOGIN,LOGIN	favicon.ico	1623686169374	1623686169677	OK	 
REQUEST	LOGIN,LOGIN	consumer-optum3-b35069f230.css	1623686169373	1623686169682	OK	 
REQUEST	LOGIN,LOGIN	consumer-7acd47889c.css	1623686169373	1623686169689	OK	 
REQUEST	LOGIN,LOGIN	uitk-req-min-948de8930b.css	1623686169373	1623686169741	OK	 
REQUEST	LOGIN,LOGIN	lib-min-7e6d84b497.js	1623686169371	1623686170114	OK	 
REQUEST	LOGIN,LOGIN	request_16	1623686170118	1623686170342	OK	 
REQUEST	LOGIN,LOGIN	request_16 Redirect 1	1623686170342	1623686170854	OK	 
REQUEST	LOGIN,LOGIN	publicSector.js	1623686170860	1623686170927	OK	 
REQUEST	LOGIN,LOGIN	providerExpress_logo.gif	1623686170928	1623686170997	OK	 
REQUEST	LOGIN,LOGIN	loading.gif	1623686170997	1623686171064	OK	 
REQUEST	LOGIN,LOGIN	tabs.css	1623686170861	1623686171124	OK	 
REQUEST	LOGIN,LOGIN	home-bar.css	1623686170861	1623686171126	OK	 
REQUEST	LOGIN,LOGIN	sso.js	1623686170860	1623686171127	OK	 
REQUEST	LOGIN,LOGIN	space.gif	1623686171065	1623686171132	OK	 
REQUEST	LOGIN,LOGIN	uolStyle.css	1623686170861	1623686171193	OK	 
REQUEST	LOGIN,LOGIN	jquery-3.3.1.slim.min.js	1623686170862	1623686171428	OK	 
REQUEST	LOGIN,LOGIN	request_17	1623686171428	1623686172081	KO	status.find.in(200,201,202,203,204,205,206,207,208,209,304), found 404
REQUEST	LOGIN,LOGIN	request_18	1623686172082	1623686172245	KO	status.find.in(200,201,202,203,204,205,206,207,208,209,304), found 404
REQUEST	LOGIN,LOGIN	request_19	1623686172245	1623686172385	KO	status.find.in(200,201,202,203,204,205,206,207,208,209,304), found 400
REQUEST	LOGIN,LOGIN	request_20	1623686172386	1623686172454	OK	 
REQUEST	LOGIN,LOGIN	request_21	1623686172454	1623686172525	OK	 
REQUEST	LOGIN,LOGIN	request_22	1623686172526	1623686172593	OK	 
REQUEST	LOGIN,LOGIN	request_23	1623686172593	1623686172663	OK	 
REQUEST	LOGIN,LOGIN	request_23 Redirect 1	1623686172664	1623686172900	OK	 
REQUEST	LOGIN,LOGIN	request_23 Redirect 2	1623686172900	1623686173104	OK	 
REQUEST	LOGIN,LOGIN	request_23 Redirect 3	1623686173105	1623686173334	OK	 
REQUEST	LOGIN,LOGIN	newrelic.js	1623686173340	1623686173439	OK	 
REQUEST	LOGIN,LOGIN	global-app-config.js	1623686173339	1623686173440	OK	 
REQUEST	LOGIN,LOGIN	uitk-req-min-945fd9447c.js	1623686173340	1623686173497	OK	 
REQUEST	LOGIN,LOGIN	prelogin-f85aab9ec4.min.js	1623686173340	1623686173567	OK	 
REQUEST	LOGIN,LOGIN	{{favIconPath}}	1623686173339	1623686173583	OK	 
REQUEST	LOGIN,LOGIN	summer.js	1623686173339	1623686173653	OK	 
REQUEST	LOGIN,LOGIN	request_24	1623686173654	1623686173743	OK	 
REQUEST	LOGIN,LOGIN	request_25	1623686173744	1623686173810	OK	 
REQUEST	LOGIN,LOGIN	request_26	1623686173811	1623686173877	OK	 
REQUEST	LOGIN,LOGIN	request_27	1623686173877	1623686174004	OK	 
REQUEST	LOGIN,LOGIN	request_28	1623686174005	1623686174091	OK	 
REQUEST	LOGIN,LOGIN	request_29	1623686174091	1623686174160	OK	 
REQUEST	LOGIN,LOGIN	request_30	1623686174161	1623686174227	OK	 
REQUEST	LOGIN,LOGIN	request_31	1623686174228	1623686174296	OK	 
REQUEST	LOGIN,LOGIN	request_32	1623686174296	1623686174366	OK	 
REQUEST	LOGIN,LOGIN	request_33	1623686174366	1623686174434	OK	 
REQUEST	LOGIN,LOGIN	request_34	1623686174434	1623686174502	OK	 
REQUEST	LOGIN,LOGIN	request_35	1623686174503	1623686174579	OK	 
REQUEST	LOGIN,LOGIN	request_36	1623686174580	1623686174654	OK	 
REQUEST	LOGIN,LOGIN	request_37	1623686174655	1623686174724	OK	 
REQUEST	LOGIN,LOGIN	request_38	1623686174725	1623686174799	OK	 
REQUEST	LOGIN,LOGIN	request_39	1623686174800	1623686174871	OK	 
REQUEST	LOGIN,LOGIN	request_40	1623686174872	1623686174940	OK	 
REQUEST	LOGIN,LOGIN	request_41	1623686174941	1623686175008	OK	 
REQUEST	LOGIN,LOGIN	request_42	1623686175009	1623686175076	OK	 
REQUEST	LOGIN,LOGIN	request_43	1623686175077	1623686175148	OK	 
REQUEST	LOGIN,LOGIN	request_44	1623686175148	1623686175216	OK	 
REQUEST	LOGIN,LOGIN	request_45	1623686175217	1623686175606	OK	 
REQUEST	LOGIN,LOGIN	request_46	1623686175607	1623686176178	OK	 
REQUEST	LOGIN,LOGIN	request_47	1623686176178	1623686176243	OK	 
REQUEST	LOGIN,LOGIN	request_48	1623686176244	1623686176313	OK	 
REQUEST	LOGIN,LOGIN	request_49	1623686176313	1623686176381	OK	 
REQUEST	LOGIN,LOGIN	request_50	1623686176381	1623686176443	OK	 
REQUEST	LOGIN,LOGIN	request_51	1623686176443	1623686176989	OK	 
REQUEST	LOGIN,LOGIN	request_52	1623686176989	1623686177375	OK	 
REQUEST	LOGIN,LOGIN	request_53	1623686177375	1623686177569	OK	 
REQUEST	LOGIN,LOGIN	request_54	1623686177569	1623686177733	OK	 
REQUEST	LOGIN,LOGIN	request_55	1623686177733	1623686177873	OK	 
REQUEST	LOGIN,LOGIN	request_56	1623686177873	1623686177968	OK	 
REQUEST	LOGIN,LOGIN	request_57	1623686177969	1623686178836	OK	 
REQUEST	LOGIN,LOGIN	request_58	1623686178837	1623686179380	OK	 
REQUEST	LOGIN,LOGIN	request_59	1623686179381	1623686179506	OK	 
REQUEST	LOGIN,LOGIN	request_60	1623686179507	1623686179672	OK	 
REQUEST	LOGIN,LOGIN	request_61	1623686179672	1623686180152	OK	 
GROUP	LOGIN,LOGIN	1623686167636	1623686180153	12404	KO
GROUP	LOGIN	1623686167634	1623686181641	12404	KO
USER	Users_1	END	1623686181645
