RUN	Optum.Framework.OptumSim	optumsim	1620927369524	 	3.5.1
USER	Users_1	START	1620927371046
REQUEST	Scen_1,Login	BasePage	1620927371065	1620927371360	OK	 
REQUEST	Scen_1,Login	BasePage_1	1620927371384	1620927371462	OK	 
REQUEST	Scen_1,Login	BasePage_2	1620927371469	1620927371534	OK	 
REQUEST	Scen_1,Login	BasePage_3	1620927371535	1620927371602	OK	 
REQUEST	Scen_1,Login	BasePage_4	1620927371604	1620927371670	OK	 
REQUEST	Scen_1,Login	BasePage_5	1620927371671	1620927373537	OK	 
GROUP	Scen_1,Login	1620927371049	1620927373539	2437	OK
REQUEST	Scen_1,SearchByActiveMember	Select_SearchByActiveMember	1620927374544	1620927374700	OK	 
GROUP	Scen_1,SearchByActiveMember	1620927374543	1620927374701	156	OK
REQUEST	Scen_1,SearchName_douglas	Search_1	1620927376322	1620927377116	OK	 
REQUEST	Scen_1,SearchName_douglas	Search_2003330312	1620927377122	1620927377732	OK	 
GROUP	Scen_1,SearchName_douglas	1620927376319	1620927377732	1404	OK
REQUEST	Scen_1,S_2003330312	Select_douglas	1620927379274	1620927379380	OK	 
REQUEST	Scen_1,S_2003330312	request_1	1620927379381	1620927382220	OK	 
REQUEST	Scen_1,S_2003330312	request_2003330312	1620927382221	1620927387763	OK	 
GROUP	Scen_1,S_2003330312	1620927379273	1620927387764	8487	OK
REQUEST	Scen_1,DrillDown_douglas	64881	1620927389619	1620927390399	OK	 
GROUP	Scen_1,DrillDown_douglas	1620927389618	1620927390399	780	OK
REQUEST	Scen_1,SearchByActiveMember	Select_SearchByActiveMember	1620927391841	1620927392022	OK	 
GROUP	Scen_1,SearchByActiveMember	1620927391840	1620927392023	181	OK
REQUEST	Scen_1,SearchName_thomas	Search_1	1620927393905	1620927395550	OK	 
REQUEST	Scen_1,SearchName_thomas	Search_1503326775	1620927395552	1620927397803	OK	 
GROUP	Scen_1,SearchName_thomas	1620927393904	1620927397804	3896	OK
REQUEST	Scen_1,S_1503326775	Select_thomas	1620927399225	1620927399351	OK	 
REQUEST	Scen_1,S_1503326775	request_1	1620927399352	1620927401898	OK	 
REQUEST	Scen_1,S_1503326775	request_1503326775	1620927401899	1620927406302	OK	 
GROUP	Scen_1,S_1503326775	1620927399224	1620927406303	7075	OK
REQUEST	Scen_1,DrillDown_thomas	68055	1620927407458	1620927407610	OK	 
GROUP	Scen_1,DrillDown_thomas	1620927407456	1620927407611	152	OK
REQUEST	Scen_1,SearchByActiveMember	Select_SearchByActiveMember	1620927408872	1620927409243	OK	 
GROUP	Scen_1,SearchByActiveMember	1620927408871	1620927409244	371	OK
REQUEST	Scen_1,SearchName_smith	Search_1	1620927411132	1620927412445	OK	 
REQUEST	Scen_1,SearchName_smith	Search_2003327496	1620927412446	1620927414772	OK	 
GROUP	Scen_1,SearchName_smith	1620927411131	1620927414773	3639	OK
REQUEST	Scen_1,S_2003327496	Select_smith	1620927415816	1620927415902	OK	 
REQUEST	Scen_1,S_2003327496	request_1	1620927415904	1620927418220	OK	 
REQUEST	Scen_1,S_2003327496	request_2003327496	1620927418221	1620927421660	OK	 
GROUP	Scen_1,S_2003327496	1620927415815	1620927421661	5841	OK
REQUEST	Scen_1,DrillDown_smith	67992	1620927423143	1620927423300	OK	 
GROUP	Scen_1,DrillDown_smith	1620927423142	1620927423301	157	OK
GROUP	Scen_1	1620927371049	1620927424589	34576	OK
REQUEST	Scen_1,Login	BasePage	1620927424590	1620927424653	OK	 
REQUEST	Scen_1,Login	BasePage_1	1620927424654	1620927424719	OK	 
REQUEST	Scen_1,Login	BasePage_2	1620927424721	1620927424786	OK	 
REQUEST	Scen_1,Login	BasePage_3	1620927424787	1620927424852	OK	 
REQUEST	Scen_1,Login	BasePage_4	1620927424853	1620927424915	OK	 
REQUEST	Scen_1,Login	BasePage_5	1620927424917	1620927427191	OK	 
GROUP	Scen_1,Login	1620927424590	1620927427192	2594	OK
REQUEST	Scen_1,SearchByActiveMember	Select_SearchByActiveMember	1620927428194	1620927428393	OK	 
GROUP	Scen_1,SearchByActiveMember	1620927428194	1620927428393	199	OK
REQUEST	Scen_1,SearchName_roger	Search_1	1620927429848	1620927431287	OK	 
REQUEST	Scen_1,SearchName_roger	Search_403328329	1620927431288	1620927432105	OK	 
GROUP	Scen_1,SearchName_roger	1620927429847	1620927432106	2256	OK
REQUEST	Scen_1,S_403328329	Select_roger	1620927434040	1620927434117	OK	 
REQUEST	Scen_1,S_403328329	request_1	1620927434118	1620927435072	OK	 
REQUEST	Scen_1,S_403328329	request_403328329	1620927435074	1620927438353	OK	 
GROUP	Scen_1,S_403328329	1620927434040	1620927438353	4310	OK
REQUEST	Scen_1,DrillDown_roger	63702	1620927439464	1620927439710	OK	 
GROUP	Scen_1,DrillDown_roger	1620927439464	1620927439710	246	OK
REQUEST	Scen_1,SearchByActiveMember	Select_SearchByActiveMember	1620927441076	1620927441243	OK	 
GROUP	Scen_1,SearchByActiveMember	1620927441076	1620927441243	167	OK
REQUEST	Scen_1,SearchName_baker	Search_1	1620927442485	1620927443366	KO	regex(memberId":"(.+?)",).find.exists, found nothing
REQUEST	Scen_1,SearchName_baker	Search_403328329	1620927443368	1620927444190	OK	 
GROUP	Scen_1,SearchName_baker	1620927442484	1620927444191	1703	KO
REQUEST	Scen_1,S_403328329	Select_baker	1620927445960	1620927446241	OK	 
REQUEST	Scen_1,S_403328329	request_1	1620927446242	1620927446851	OK	 
REQUEST	Scen_1,S_403328329	request_403328329	1620927446853	1620927449922	OK	 
GROUP	Scen_1,S_403328329	1620927445959	1620927449923	3959	OK
REQUEST	Scen_1,DrillDown_baker	63702	1620927451349	1620927451552	OK	 
GROUP	Scen_1,DrillDown_baker	1620927451348	1620927451553	203	OK
REQUEST	Scen_1,SearchByActiveMember	Select_SearchByActiveMember	1620927453006	1620927453492	OK	 
GROUP	Scen_1,SearchByActiveMember	1620927453006	1620927453492	486	OK
REQUEST	Scen_1,SearchName_douglas	Search_1	1620927454891	1620927455347	OK	 
REQUEST	Scen_1,SearchName_douglas	Search_2003330312	1620927455348	1620927455861	OK	 
GROUP	Scen_1,SearchName_douglas	1620927454890	1620927455862	969	OK
REQUEST	Scen_1,S_2003330312	Select_douglas	1620927457738	1620927457820	OK	 
REQUEST	Scen_1,S_2003330312	request_1	1620927457822	1620927460262	OK	 
REQUEST	Scen_1,S_2003330312	request_2003330312	1620927460263	1620927462720	OK	 
GROUP	Scen_1,S_2003330312	1620927457737	1620927462720	4979	OK
REQUEST	Scen_1,DrillDown_douglas	64881	1620927464439	1620927464708	OK	 
GROUP	Scen_1,DrillDown_douglas	1620927464438	1620927464709	269	OK
GROUP	Scen_1	1620927424590	1620927466248	22340	KO
REQUEST	Scen_1,Login	BasePage	1620927466248	1620927466318	OK	 
REQUEST	Scen_1,Login	BasePage_1	1620927466318	1620927466383	OK	 
REQUEST	Scen_1,Login	BasePage_2	1620927466384	1620927466442	OK	 
REQUEST	Scen_1,Login	BasePage_3	1620927466443	1620927466507	OK	 
REQUEST	Scen_1,Login	BasePage_4	1620927466508	1620927466569	OK	 
REQUEST	Scen_1,Login	BasePage_5	1620927466570	1620927468456	OK	 
GROUP	Scen_1,Login	1620927466248	1620927468457	2204	OK
REQUEST	Scen_1,SearchByActiveMember	Select_SearchByActiveMember	1620927469458	1620927469673	OK	 
GROUP	Scen_1,SearchByActiveMember	1620927469458	1620927469673	215	OK
REQUEST	Scen_1,SearchName_thomas	Search_1	1620927470907	1620927472655	OK	 
REQUEST	Scen_1,SearchName_thomas	Search_1503326775	1620927472656	1620927473578	OK	 
GROUP	Scen_1,SearchName_thomas	1620927470906	1620927473579	2670	OK
REQUEST	Scen_1,S_1503326775	Select_thomas	1620927475253	1620927475538	OK	 
REQUEST	Scen_1,S_1503326775	request_1	1620927475539	1620927477877	OK	 
REQUEST	Scen_1,S_1503326775	request_1503326775	1620927477878	1620927480027	OK	 
GROUP	Scen_1,S_1503326775	1620927475252	1620927480028	4772	OK
REQUEST	Scen_1,DrillDown_thomas	68055	1620927481749	1620927482178	OK	 
GROUP	Scen_1,DrillDown_thomas	1620927481748	1620927482179	429	OK
REQUEST	Scen_1,SearchByActiveMember	Select_SearchByActiveMember	1620927484119	1620927484334	OK	 
GROUP	Scen_1,SearchByActiveMember	1620927484119	1620927484334	215	OK
REQUEST	Scen_1,SearchName_smith	Search_1	1620927485740	1620927487196	OK	 
REQUEST	Scen_1,SearchName_smith	Search_2003327496	1620927487197	1620927488630	OK	 
GROUP	Scen_1,SearchName_smith	1620927485740	1620927488630	2889	OK
REQUEST	Scen_1,S_2003327496	Select_smith	1620927489849	1620927490260	OK	 
REQUEST	Scen_1,S_2003327496	request_1	1620927490260	1620927492727	OK	 
REQUEST	Scen_1,S_2003327496	request_2003327496	1620927492727	1620927496619	OK	 
GROUP	Scen_1,S_2003327496	1620927489848	1620927496620	6770	OK
REQUEST	Scen_1,DrillDown_smith	67992	1620927498501	1620927498619	OK	 
GROUP	Scen_1,DrillDown_smith	1620927498500	1620927498620	118	OK
REQUEST	Scen_1,SearchByActiveMember	Select_SearchByActiveMember	1620927500152	1620927500342	OK	 
GROUP	Scen_1,SearchByActiveMember	1620927500152	1620927500342	190	OK
REQUEST	Scen_1,SearchName_roger	Search_1	1620927501674	1620927503786	OK	 
REQUEST	Scen_1,SearchName_roger	Search_403328329	1620927503787	1620927505728	OK	 
GROUP	Scen_1,SearchName_roger	1620927501673	1620927505729	4053	OK
REQUEST	Scen_1,S_403328329	Select_roger	1620927506747	1620927506887	OK	 
REQUEST	Scen_1,S_403328329	request_1	1620927506888	1620927507369	OK	 
REQUEST	Scen_1,S_403328329	request_403328329	1620927507369	1620927511909	OK	 
GROUP	Scen_1,S_403328329	1620927506747	1620927511910	5161	OK
REQUEST	Scen_1,DrillDown_roger	63702	1620927513372	1620927513822	OK	 
GROUP	Scen_1,DrillDown_roger	1620927513372	1620927513822	450	OK
GROUP	Scen_1	1620927466248	1620927515353	30136	OK
USER	Users_1	END	1620927515355
