RUN	Optum.Framework.OptumSim	optumsim	1626797999687	Optum.Framework.OptumSim-SIMULATION_1_10:SIMULATION_2_0:SIMULATION_3_0:Iterations_10	3.5.1
USER	Users_1	START	1626798001239
REQUEST	,Login		1626798001257	1626798001907	OK	 
REQUEST	,Login	favicon.ico	1626798001953	1626798002259	OK	 
REQUEST	,Login	styles-es5.8dcb7b1cdd5d944ad068.js	1626798002260	1626798002371	OK	 
REQUEST	,Login	icon?family=Material+Icons	1626798001955	1626798002374	OK	 
REQUEST	,Login	runtime-es5.a02b527030695c21acab.js	1626798001954	1626798002402	OK	 
REQUEST	,Login	runtime-es2015.a02b527030695c21acab.js	1626798001953	1626798002459	OK	 
REQUEST	,Login	styles-es2015.8dcb7b1cdd5d944ad068.js	1626798001955	1626798002588	OK	 
REQUEST	,Login	polyfills-es2015.08b3d487343e8bcb5f4b.js	1626798001955	1626798002615	OK	 
REQUEST	,Login	polyfills-es5.7951a9b6d5d3faf73072.js	1626798001954	1626798002852	OK	 
REQUEST	,Login	main-es2015.8a12e6f1e5b08471ce36.js	1626798002372	1626798003241	OK	 
REQUEST	,Login	main-es5.8a12e6f1e5b08471ce36.js	1626798002403	1626798003282	OK	 
REQUEST	,Login		1626798003283	1626798003375	OK	 
REQUEST	,Login		1626798003377	1626798003476	OK	 
REQUEST	,Login		1626798003477	1626798003940	OK	 
GROUP	,Login	1626798001243	1626798003941	2636	OK
REQUEST	,SearchByActiveMember	Select_SearchByActiveMember	1626798003944	1626798004100	OK	 
GROUP	,SearchByActiveMember	1626798003944	1626798004100	156	OK
REQUEST	,SearchName_douglas	Search_1	1626798005144	1626798005357	OK	 
REQUEST	,SearchName_douglas	Search_3330526	1626798005360	1626798005512	OK	 
GROUP	,SearchName_douglas	1626798005141	1626798005512	365	OK
REQUEST	,S_3330526	Select_douglas	1626798007274	1626798007374	OK	 
REQUEST	,S_3330526		1626798007375	1626798008036	OK	 
REQUEST	,S_3330526	MemberId:3330526	1626798008038	1626798008342	OK	 
GROUP	,S_3330526	1626798007273	1626798008342	1065	OK
REQUEST	,DrillDown_douglas	67672	1626798009367	1626798009522	OK	 
GROUP	,DrillDown_douglas	1626798009366	1626798009522	155	OK
REQUEST	,SearchByActiveMember	Select_SearchByActiveMember	1626798010719	1626798010876	OK	 
GROUP	,SearchByActiveMember	1626798010718	1626798010877	157	OK
REQUEST	,SearchName_thomas	Search_1	1626798012531	1626798012726	OK	 
REQUEST	,SearchName_thomas	Search_2003326739	1626798012728	1626798012898	OK	 
GROUP	,SearchName_thomas	1626798012530	1626798012899	365	OK
USER	Users_1	START	1626798013229
REQUEST	,Login		1626798013229	1626798013560	OK	 
REQUEST	,Login	icon?family=Material+Icons	1626798013563	1626798013874	OK	 
REQUEST	,Login	runtime-es5.a02b527030695c21acab.js	1626798013563	1626798013898	OK	 
REQUEST	,Login	runtime-es2015.a02b527030695c21acab.js	1626798013562	1626798013922	OK	 
REQUEST	,Login	styles-es2015.8dcb7b1cdd5d944ad068.js	1626798013563	1626798014006	OK	 
REQUEST	,Login	favicon.ico	1626798013562	1626798014121	OK	 
REQUEST	,Login	styles-es5.8dcb7b1cdd5d944ad068.js	1626798013899	1626798014211	OK	 
REQUEST	,Login	polyfills-es5.7951a9b6d5d3faf73072.js	1626798013563	1626798014228	OK	 
REQUEST	,Login	polyfills-es2015.08b3d487343e8bcb5f4b.js	1626798013563	1626798014238	OK	 
REQUEST	,S_2003326739	Select_thomas	1626798014226	1626798014324	OK	 
REQUEST	,Login	main-es5.8a12e6f1e5b08471ce36.js	1626798014006	1626798014510	OK	 
REQUEST	,Login	main-es2015.8a12e6f1e5b08471ce36.js	1626798013923	1626798014810	OK	 
REQUEST	,Login		1626798014811	1626798014892	OK	 
REQUEST	,Login		1626798014893	1626798014975	OK	 
REQUEST	,Login		1626798014976	1626798015409	OK	 
GROUP	,Login	1626798013229	1626798015409	2176	OK
REQUEST	,SearchByActiveMember	Select_SearchByActiveMember	1626798015410	1626798015550	OK	 
GROUP	,SearchByActiveMember	1626798015410	1626798015550	140	OK
REQUEST	,SearchName_smith	Search_1	1626798016772	1626798017007	OK	 
REQUEST	,S_2003326739		1626798014324	1626798017064	OK	 
REQUEST	,SearchName_smith	Search_803323206	1626798017008	1626798017233	OK	 
GROUP	,SearchName_smith	1626798016771	1626798017233	460	OK
REQUEST	,S_2003326739	MemberId:2003326739	1626798017065	1626798017574	OK	 
GROUP	,S_2003326739	1626798014226	1626798017574	3347	OK
REQUEST	,S_803323206	Select_smith	1626798018550	1626798018663	OK	 
REQUEST	,S_803323206		1626798018664	1626798019733	OK	 
REQUEST	,DrillDown_thomas	69195	1626798019560	1626798019836	OK	 
GROUP	,DrillDown_thomas	1626798019559	1626798019837	276	OK
REQUEST	,S_803323206	MemberId:803323206	1626798019734	1626798019966	OK	 
GROUP	,S_803323206	1626798018550	1626798019967	1414	OK
REQUEST	,DrillDown_smith	70173	1626798021060	1626798021194	OK	 
GROUP	,DrillDown_smith	1626798021059	1626798021194	134	OK
REQUEST	,SearchByActiveMember	Select_SearchByActiveMember	1626798021040	1626798021668	OK	 
GROUP	,SearchByActiveMember	1626798021040	1626798021668	628	OK
REQUEST	,SearchByActiveMember	Select_SearchByActiveMember	1626798022829	1626798022963	OK	 
GROUP	,SearchByActiveMember	1626798022828	1626798022963	134	OK
REQUEST	,SearchName_roger	Search_1	1626798023212	1626798023381	OK	 
REQUEST	,SearchName_roger	Search_3328306	1626798023382	1626798023596	OK	 
GROUP	,SearchName_roger	1626798023211	1626798023597	383	OK
REQUEST	,SearchName_baker	Search_1	1626798024084	1626798024311	OK	 
REQUEST	,SearchName_baker	Search_1203330606	1626798024312	1626798024813	OK	 
GROUP	,SearchName_baker	1626798024083	1626798024814	728	OK
REQUEST	,S_3328306	Select_roger	1626798024739	1626798024843	OK	 
USER	Users_1	START	1626798025230
REQUEST	,Login		1626798025231	1626798025583	OK	 
REQUEST	,S_3328306		1626798024843	1626798025774	OK	 
REQUEST	,Login	favicon.ico	1626798025584	1626798025845	OK	 
REQUEST	,Login	icon?family=Material+Icons	1626798025585	1626798025914	OK	 
REQUEST	,Login	styles-es5.8dcb7b1cdd5d944ad068.js	1626798025846	1626798025967	OK	 
REQUEST	,Login	runtime-es2015.a02b527030695c21acab.js	1626798025584	1626798025986	OK	 
REQUEST	,Login	runtime-es5.a02b527030695c21acab.js	1626798025585	1626798025988	OK	 
REQUEST	,S_3328306	MemberId:3328306	1626798025775	1626798026025	OK	 
GROUP	,S_3328306	1626798024739	1626798026025	1285	OK
REQUEST	,Login	styles-es2015.8dcb7b1cdd5d944ad068.js	1626798025585	1626798026069	OK	 
REQUEST	,Login	polyfills-es2015.08b3d487343e8bcb5f4b.js	1626798025585	1626798026160	OK	 
REQUEST	,Login	polyfills-es5.7951a9b6d5d3faf73072.js	1626798025585	1626798026341	OK	 
REQUEST	,S_1203330606	Select_baker	1626798026251	1626798026359	OK	 
REQUEST	,Login	main-es2015.8a12e6f1e5b08471ce36.js	1626798025967	1626798026418	OK	 
REQUEST	,DrillDown_roger	70075	1626798027701	1626798027829	OK	 
GROUP	,DrillDown_roger	1626798027701	1626798027829	128	OK
REQUEST	,Login	main-es5.8a12e6f1e5b08471ce36.js	1626798025987	1626798028206	OK	 
REQUEST	,Login		1626798028207	1626798028338	OK	 
REQUEST	,Login		1626798028339	1626798028440	OK	 
REQUEST	,S_1203330606		1626798026360	1626798028577	OK	 
REQUEST	,Login		1626798028441	1626798028797	OK	 
GROUP	,Login	1626798025230	1626798028797	3564	OK
REQUEST	,S_1203330606	MemberId:1203330606	1626798028578	1626798028835	OK	 
GROUP	,S_1203330606	1626798026250	1626798028836	2582	OK
REQUEST	,SearchByActiveMember	Select_SearchByActiveMember	1626798028798	1626798028931	OK	 
GROUP	,SearchByActiveMember	1626798028798	1626798028931	133	OK
REQUEST	,SearchByActiveMember	Select_SearchByActiveMember	1626798028974	1626798029169	OK	 
GROUP	,SearchByActiveMember	1626798028974	1626798029169	195	OK
REQUEST	,SearchName_thomas	Search_1	1626798030201	1626798030392	OK	 
REQUEST	,SearchName_douglas	Search_1	1626798030357	1626798030584	OK	 
REQUEST	,SearchName_thomas	Search_2003326739	1626798030393	1626798030628	OK	 
GROUP	,SearchName_thomas	1626798030200	1626798030629	426	OK
REQUEST	,SearchName_douglas	Search_3330526	1626798030585	1626798030785	OK	 
GROUP	,SearchName_douglas	1626798030357	1626798030786	427	OK
REQUEST	,DrillDown_baker	68633	1626798030594	1626798030841	OK	 
GROUP	,DrillDown_baker	1626798030593	1626798030841	247	OK
REQUEST	,S_2003326739	Select_thomas	1626798032134	1626798032482	OK	 
REQUEST	,S_3330526	Select_douglas	1626798032434	1626798032523	OK	 
REQUEST	,SearchByActiveMember	Select_SearchByActiveMember	1626798032228	1626798032644	OK	 
GROUP	,SearchByActiveMember	1626798032228	1626798032644	416	OK
REQUEST	,S_3330526		1626798032524	1626798033278	OK	 
REQUEST	,S_3330526	MemberId:3330526	1626798033279	1626798033575	OK	 
GROUP	,S_3330526	1626798032434	1626798033576	1139	OK
REQUEST	,SearchName_smith	Search_1	1626798033764	1626798034032	OK	 
REQUEST	,SearchName_smith	Search_803323206	1626798034033	1626798034553	OK	 
GROUP	,SearchName_smith	1626798033763	1626798034553	788	OK
REQUEST	,DrillDown_douglas	67672	1626798034793	1626798034953	OK	 
GROUP	,DrillDown_douglas	1626798034793	1626798034953	160	OK
REQUEST	,S_2003326739		1626798032482	1626798035887	OK	 
REQUEST	,S_803323206	Select_smith	1626798036017	1626798036115	OK	 
REQUEST	,S_2003326739	MemberId:2003326739	1626798035888	1626798036132	OK	 
GROUP	,S_2003326739	1626798032133	1626798036132	3997	OK
REQUEST	,S_803323206		1626798036116	1626798036604	OK	 
REQUEST	,S_803323206	MemberId:803323206	1626798036605	1626798036896	OK	 
GROUP	,S_803323206	1626798036016	1626798036896	877	OK
USER	Users_1	START	1626798037229
REQUEST	,SearchByActiveMember	Select_SearchByActiveMember	1626798036885	1626798037267	OK	 
GROUP	,SearchByActiveMember	1626798036884	1626798037267	382	OK
REQUEST	,DrillDown_thomas	69195	1626798037213	1626798037375	OK	 
GROUP	,DrillDown_thomas	1626798037212	1626798037375	162	OK
REQUEST	,Login		1626798037230	1626798037560	OK	 
REQUEST	,Login	favicon.ico	1626798037562	1626798037798	OK	 
REQUEST	,Login	icon?family=Material+Icons	1626798037563	1626798037878	OK	 
REQUEST	,Login	styles-es5.8dcb7b1cdd5d944ad068.js	1626798037798	1626798037892	OK	 
REQUEST	,Login	runtime-es5.a02b527030695c21acab.js	1626798037562	1626798037909	OK	 
REQUEST	,Login	runtime-es2015.a02b527030695c21acab.js	1626798037562	1626798037911	OK	 
REQUEST	,Login	styles-es2015.8dcb7b1cdd5d944ad068.js	1626798037563	1626798038006	OK	 
REQUEST	,Login	polyfills-es2015.08b3d487343e8bcb5f4b.js	1626798037563	1626798038069	OK	 
REQUEST	,Login	main-es2015.8a12e6f1e5b08471ce36.js	1626798037892	1626798038301	OK	 
REQUEST	,Login	polyfills-es5.7951a9b6d5d3faf73072.js	1626798037562	1626798038312	OK	 
REQUEST	,Login	main-es5.8a12e6f1e5b08471ce36.js	1626798037910	1626798038738	OK	 
REQUEST	,Login		1626798038739	1626798038869	OK	 
REQUEST	,SearchByActiveMember	Select_SearchByActiveMember	1626798038481	1626798038881	OK	 
GROUP	,SearchByActiveMember	1626798038480	1626798038882	400	OK
REQUEST	,Login		1626798038869	1626798038949	OK	 
REQUEST	,DrillDown_smith	70173	1626798038825	1626798038950	OK	 
GROUP	,DrillDown_smith	1626798038824	1626798038950	125	OK
REQUEST	,Login		1626798038950	1626798039241	OK	 
GROUP	,Login	1626798037229	1626798039242	2009	OK
REQUEST	,SearchByActiveMember	Select_SearchByActiveMember	1626798039242	1626798039378	OK	 
GROUP	,SearchByActiveMember	1626798039242	1626798039378	136	OK
REQUEST	,SearchName_roger	Search_1	1626798039210	1626798039423	OK	 
REQUEST	,SearchName_roger	Search_3328306	1626798039423	1626798039586	OK	 
GROUP	,SearchName_roger	1626798039209	1626798039587	376	OK
REQUEST	,SearchName_baker	Search_1	1626798039928	1626798040336	OK	 
REQUEST	,SearchByActiveMember	Select_SearchByActiveMember	1626798040227	1626798040633	OK	 
GROUP	,SearchByActiveMember	1626798040226	1626798040633	406	OK
REQUEST	,S_3328306	Select_roger	1626798041069	1626798041450	OK	 
REQUEST	,SearchName_douglas	Search_1	1626798041160	1626798041450	OK	 
REQUEST	,SearchName_douglas	Search_3330526	1626798041451	1626798041621	OK	 
GROUP	,SearchName_douglas	1626798041159	1626798041621	460	OK
REQUEST	,SearchName_baker	Search_1203330606	1626798040337	1626798041824	OK	 
GROUP	,SearchName_baker	1626798039927	1626798041824	1895	OK
REQUEST	,S_3328306		1626798041451	1626798041986	OK	 
REQUEST	,SearchName_thomas	Search_1	1626798041986	1626798042173	OK	 
REQUEST	,SearchName_thomas	Search_2003326739	1626798042174	1626798042346	OK	 
GROUP	,SearchName_thomas	1626798041985	1626798042347	359	OK
REQUEST	,S_3328306	MemberId:3328306	1626798041987	1626798042346	OK	 
GROUP	,S_3328306	1626798041069	1626798042347	1275	OK
REQUEST	,S_3330526	Select_douglas	1626798043175	1626798043402	OK	 
REQUEST	,S_2003326739	Select_thomas	1626798043592	1626798043735	OK	 
REQUEST	,DrillDown_roger	70075	1626798043560	1626798043735	OK	 
GROUP	,DrillDown_roger	1626798043559	1626798043736	175	OK
REQUEST	,S_1203330606	Select_baker	1626798043714	1626798043916	OK	 
REQUEST	,S_3330526		1626798043403	1626798044097	OK	 
REQUEST	,S_3330526	MemberId:3330526	1626798044098	1626798044457	OK	 
GROUP	,S_3330526	1626798043174	1626798044457	1280	OK
REQUEST	,SearchByActiveMember	Select_SearchByActiveMember	1626798045264	1626798045417	OK	 
GROUP	,SearchByActiveMember	1626798045264	1626798045417	153	OK
REQUEST	,DrillDown_douglas	67672	1626798046316	1626798046468	OK	 
GROUP	,DrillDown_douglas	1626798046315	1626798046468	152	OK
REQUEST	,S_2003326739		1626798043736	1626798046809	OK	 
REQUEST	,S_2003326739	MemberId:2003326739	1626798046810	1626798047079	OK	 
REQUEST	,SearchName_smith	Search_1	1626798046799	1626798047079	OK	 
GROUP	,S_2003326739	1626798043592	1626798047080	3485	OK
REQUEST	,S_1203330606		1626798043917	1626798047303	OK	 
REQUEST	,SearchName_smith	Search_803323206	1626798047080	1626798047306	OK	 
GROUP	,SearchName_smith	1626798046798	1626798047307	506	OK
REQUEST	,S_1203330606	MemberId:1203330606	1626798047304	1626798047536	OK	 
GROUP	,S_1203330606	1626798043713	1626798047536	3820	OK
REQUEST	,SearchByActiveMember	Select_SearchByActiveMember	1626798047907	1626798048104	OK	 
GROUP	,SearchByActiveMember	1626798047906	1626798048104	197	OK
REQUEST	,DrillDown_thomas	69195	1626798048240	1626798048437	OK	 
GROUP	,DrillDown_thomas	1626798048239	1626798048437	197	OK
REQUEST	,S_803323206	Select_smith	1626798048523	1626798048640	OK	 
USER	Users_1	START	1626798049231
REQUEST	,DrillDown_baker	68633	1626798049140	1626798049511	OK	 
GROUP	,DrillDown_baker	1626798049140	1626798049511	371	OK
REQUEST	,Login		1626798049232	1626798049562	OK	 
REQUEST	,S_803323206		1626798048641	1626798049730	OK	 
REQUEST	,Login	icon?family=Material+Icons	1626798049564	1626798049880	OK	 
REQUEST	,Login	runtime-es2015.a02b527030695c21acab.js	1626798049564	1626798049891	OK	 
REQUEST	,Login	runtime-es5.a02b527030695c21acab.js	1626798049564	1626798049894	OK	 
REQUEST	,S_803323206	MemberId:803323206	1626798049730	1626798049962	OK	 
GROUP	,S_803323206	1626798048522	1626798049963	1438	OK
REQUEST	,Login	styles-es2015.8dcb7b1cdd5d944ad068.js	1626798049564	1626798049977	OK	 
REQUEST	,SearchByActiveMember	Select_SearchByActiveMember	1626798049857	1626798050008	OK	 
GROUP	,SearchByActiveMember	1626798049857	1626798050009	151	OK
REQUEST	,Login	favicon.ico	1626798049563	1626798050140	OK	 
REQUEST	,Login	styles-es5.8dcb7b1cdd5d944ad068.js	1626798049892	1626798050215	OK	 
REQUEST	,Login	polyfills-es2015.08b3d487343e8bcb5f4b.js	1626798049564	1626798050225	OK	 
REQUEST	,SearchName_roger	Search_1	1626798049975	1626798050294	OK	 
REQUEST	,Login	polyfills-es5.7951a9b6d5d3faf73072.js	1626798049564	1626798050297	OK	 
REQUEST	,SearchName_roger	Search_3328306	1626798050295	1626798050766	OK	 
GROUP	,SearchName_roger	1626798049974	1626798050766	790	OK
REQUEST	,Login	main-es5.8a12e6f1e5b08471ce36.js	1626798049977	1626798050786	OK	 
REQUEST	,SearchByActiveMember	Select_SearchByActiveMember	1626798051263	1626798051868	OK	 
GROUP	,SearchByActiveMember	1626798051262	1626798051868	605	OK
REQUEST	,SearchName_baker	Search_1	1626798051214	1626798051916	OK	 
REQUEST	,S_3328306	Select_roger	1626798051868	1626798051972	OK	 
REQUEST	,DrillDown_smith	70173	1626798051927	1626798052087	OK	 
GROUP	,DrillDown_smith	1626798051927	1626798052087	160	OK
REQUEST	,SearchName_baker	Search_1203330606	1626798051917	1626798052131	OK	 
GROUP	,SearchName_baker	1626798051213	1626798052131	916	OK
REQUEST	,Login	main-es2015.8a12e6f1e5b08471ce36.js	1626798049895	1626798052602	OK	 
REQUEST	,Login		1626798052602	1626798052684	OK	 
REQUEST	,Login		1626798052684	1626798052766	OK	 
REQUEST	,S_3328306		1626798051972	1626798052822	OK	 
REQUEST	,Login		1626798052767	1626798053194	OK	 
GROUP	,Login	1626798049232	1626798053194	3960	OK
REQUEST	,S_3328306	MemberId:3328306	1626798052823	1626798053194	OK	 
GROUP	,S_3328306	1626798051867	1626798053195	1325	OK
REQUEST	,SearchByActiveMember	Select_SearchByActiveMember	1626798053195	1626798053390	OK	 
GROUP	,SearchByActiveMember	1626798053195	1626798053390	195	OK
REQUEST	,SearchByActiveMember	Select_SearchByActiveMember	1626798053256	1626798053486	OK	 
GROUP	,SearchByActiveMember	1626798053255	1626798053487	230	OK
REQUEST	,SearchName_douglas	Search_1	1626798053229	1626798053495	OK	 
REQUEST	,SearchName_douglas	Search_3330526	1626798053496	1626798053686	OK	 
GROUP	,SearchName_douglas	1626798053228	1626798053686	456	OK
REQUEST	,S_1203330606	Select_baker	1626798053676	1626798053781	OK	 
REQUEST	,DrillDown_roger	70075	1626798054690	1626798054816	OK	 
GROUP	,DrillDown_roger	1626798054689	1626798054816	126	OK
REQUEST	,SearchName_smith	Search_1	1626798054873	1626798055138	OK	 
REQUEST	,S_3330526	Select_douglas	1626798055080	1626798055170	OK	 
REQUEST	,SearchName_thomas	Search_1	1626798055050	1626798055225	OK	 
REQUEST	,SearchName_thomas	Search_2003326739	1626798055226	1626798055402	OK	 
GROUP	,SearchName_thomas	1626798055049	1626798055402	351	OK
REQUEST	,SearchName_smith	Search_803323206	1626798055139	1626798055651	OK	 
GROUP	,SearchName_smith	1626798054872	1626798055651	777	OK
REQUEST	,S_1203330606		1626798053781	1626798056164	OK	 
REQUEST	,S_3330526		1626798055171	1626798056164	OK	 
REQUEST	,S_1203330606	MemberId:1203330606	1626798056164	1626798056452	OK	 
GROUP	,S_1203330606	1626798053675	1626798056452	2776	OK
REQUEST	,S_3330526	MemberId:3330526	1626798056164	1626798056519	OK	 
GROUP	,S_3330526	1626798055080	1626798056520	1438	OK
REQUEST	,SearchByActiveMember	Select_SearchByActiveMember	1626798056300	1626798056695	OK	 
GROUP	,SearchByActiveMember	1626798056299	1626798056695	395	OK
REQUEST	,S_803323206	Select_smith	1626798056943	1626798057034	OK	 
REQUEST	,S_2003326739	Select_thomas	1626798057367	1626798057476	OK	 
REQUEST	,S_803323206		1626798057034	1626798057776	OK	 
REQUEST	,S_803323206	MemberId:803323206	1626798057777	1626798058018	OK	 
GROUP	,S_803323206	1626798056942	1626798058018	1074	OK
REQUEST	,DrillDown_baker	68633	1626798057545	1626798058089	OK	 
GROUP	,DrillDown_baker	1626798057545	1626798058089	544	OK
REQUEST	,DrillDown_douglas	67672	1626798058166	1626798058350	OK	 
GROUP	,DrillDown_douglas	1626798058165	1626798058350	184	OK
REQUEST	,SearchName_roger	Search_1	1626798058395	1626798058552	OK	 
REQUEST	,SearchName_roger	Search_3328306	1626798058553	1626798058708	OK	 
GROUP	,SearchName_roger	1626798058395	1626798058708	312	OK
REQUEST	,DrillDown_smith	70173	1626798059181	1626798059306	OK	 
GROUP	,DrillDown_smith	1626798059180	1626798059307	125	OK
REQUEST	,SearchByActiveMember	Select_SearchByActiveMember	1626798059434	1626798059765	OK	 
GROUP	,SearchByActiveMember	1626798059434	1626798059765	331	OK
REQUEST	,SearchByActiveMember	Select_SearchByActiveMember	1626798059675	1626798059826	OK	 
GROUP	,SearchByActiveMember	1626798059674	1626798059826	151	OK
REQUEST	,S_3328306	Select_roger	1626798060693	1626798060786	OK	 
REQUEST	,S_2003326739		1626798057476	1626798060789	OK	 
REQUEST	,SearchByActiveMember	Select_SearchByActiveMember	1626798060687	1626798060840	OK	 
GROUP	,SearchByActiveMember	1626798060686	1626798060840	153	OK
REQUEST	,S_2003326739	MemberId:2003326739	1626798060790	1626798061199	OK	 
GROUP	,S_2003326739	1626798057366	1626798061199	3831	OK
USER	Users_1	START	1626798061232
REQUEST	,Login		1626798061232	1626798061566	OK	 
REQUEST	,SearchName_douglas	Search_1	1626798061276	1626798061617	OK	 
REQUEST	,S_3328306		1626798060787	1626798061618	OK	 
REQUEST	,SearchName_baker	Search_1	1626798061466	1626798061724	OK	 
REQUEST	,S_3328306	MemberId:3328306	1626798061619	1626798061867	OK	 
GROUP	,S_3328306	1626798060693	1626798061870	1172	OK
REQUEST	,Login	icon?family=Material+Icons	1626798061568	1626798061878	OK	 
REQUEST	,Login	runtime-es5.a02b527030695c21acab.js	1626798061568	1626798061902	OK	 
REQUEST	,Login	runtime-es2015.a02b527030695c21acab.js	1626798061567	1626798061910	OK	 
REQUEST	,SearchName_douglas	Search_3330526	1626798061617	1626798062029	OK	 
GROUP	,SearchName_douglas	1626798061276	1626798062029	753	OK
REQUEST	,Login	styles-es2015.8dcb7b1cdd5d944ad068.js	1626798061568	1626798062061	OK	 
REQUEST	,Login	polyfills-es5.7951a9b6d5d3faf73072.js	1626798061568	1626798062075	OK	 
REQUEST	,Login	polyfills-es2015.08b3d487343e8bcb5f4b.js	1626798061568	1626798062121	OK	 
REQUEST	,Login	favicon.ico	1626798061567	1626798062133	OK	 
REQUEST	,Login	styles-es5.8dcb7b1cdd5d944ad068.js	1626798061902	1626798062147	OK	 
REQUEST	,SearchName_baker	Search_1203330606	1626798061725	1626798062147	OK	 
GROUP	,SearchName_baker	1626798061466	1626798062147	680	OK
REQUEST	,Login	main-es2015.8a12e6f1e5b08471ce36.js	1626798061910	1626798062643	OK	 
REQUEST	,SearchName_thomas	Search_1	1626798062045	1626798062719	OK	 
REQUEST	,SearchName_thomas	Search_2003326739	1626798062719	1626798063113	OK	 
GROUP	,SearchName_thomas	1626798062044	1626798063113	1068	OK
REQUEST	,DrillDown_thomas	69195	1626798063055	1626798063425	OK	 
GROUP	,DrillDown_thomas	1626798063054	1626798063425	370	OK
REQUEST	,DrillDown_roger	70075	1626798063187	1626798063583	OK	 
GROUP	,DrillDown_roger	1626798063186	1626798063583	396	OK
REQUEST	,S_3330526	Select_douglas	1626798063896	1626798063993	OK	 
REQUEST	,Login	main-es5.8a12e6f1e5b08471ce36.js	1626798062062	1626798064000	OK	 
REQUEST	,S_1203330606	Select_baker	1626798063898	1626798064002	OK	 
REQUEST	,Login		1626798064000	1626798064099	OK	 
REQUEST	,Login		1626798064100	1626798064186	OK	 
REQUEST	,Login		1626798064186	1626798064486	OK	 
GROUP	,Login	1626798061232	1626798064486	3252	OK
REQUEST	,SearchByActiveMember	Select_SearchByActiveMember	1626798064487	1626798064617	OK	 
GROUP	,SearchByActiveMember	1626798064487	1626798064617	130	OK
REQUEST	,S_2003326739	Select_thomas	1626798064572	1626798064676	OK	 
REQUEST	,S_3330526		1626798063993	1626798064681	OK	 
REQUEST	,S_3330526	MemberId:3330526	1626798064681	1626798064919	OK	 
GROUP	,S_3330526	1626798063896	1626798064919	1023	OK
REQUEST	,SearchByActiveMember	Select_SearchByActiveMember	1626798065221	1626798065389	OK	 
GROUP	,SearchByActiveMember	1626798065220	1626798065390	168	OK
REQUEST	,SearchByActiveMember	Select_SearchByActiveMember	1626798065350	1626798065734	OK	 
GROUP	,SearchByActiveMember	1626798065350	1626798065734	384	OK
REQUEST	,DrillDown_douglas	67672	1626798066157	1626798066337	OK	 
GROUP	,DrillDown_douglas	1626798066157	1626798066337	180	OK
REQUEST	,S_1203330606		1626798064003	1626798066353	OK	 
REQUEST	,S_1203330606	MemberId:1203330606	1626798066353	1626798066594	OK	 
GROUP	,S_1203330606	1626798063898	1626798066595	2695	OK
REQUEST	,SearchName_smith	Search_1	1626798066522	1626798067324	OK	 
REQUEST	,SearchName_roger	Search_1	1626798066624	1626798067324	OK	 
REQUEST	,S_2003326739		1626798064676	1626798067341	OK	 
REQUEST	,SearchByActiveMember	Select_SearchByActiveMember	1626798067348	1626798067751	OK	 
GROUP	,SearchByActiveMember	1626798067348	1626798067752	403	OK
REQUEST	,SearchName_smith	Search_803323206	1626798067324	1626798068437	OK	 
GROUP	,SearchName_smith	1626798066521	1626798068437	1915	OK
REQUEST	,SearchName_roger	Search_3328306	1626798067324	1626798069267	OK	 
GROUP	,SearchName_roger	1626798066623	1626798069267	2643	OK
REQUEST	,SearchName_baker	Search_1	1626798067649	1626798069267	OK	 
REQUEST	,S_2003326739	MemberId:2003326739	1626798067342	1626798069356	OK	 
GROUP	,S_2003326739	1626798064571	1626798069357	4783	OK
REQUEST	,DrillDown_baker	68633	1626798068335	1626798069375	OK	 
GROUP	,DrillDown_baker	1626798068335	1626798069375	1040	OK
REQUEST	,SearchName_baker	Search_1203330606	1626798069268	1626798069771	OK	 
GROUP	,SearchName_baker	1626798067648	1626798069771	2121	OK
REQUEST	,SearchName_douglas	Search_1	1626798069725	1626798069939	OK	 
REQUEST	,S_803323206	Select_smith	1626798069909	1626798070194	OK	 
REQUEST	,SearchName_douglas	Search_3330526	1626798069939	1626798070440	OK	 
GROUP	,SearchName_douglas	1626798069725	1626798070440	715	OK
REQUEST	,S_3328306	Select_roger	1626798070487	1626798070742	OK	 
REQUEST	,S_803323206		1626798070195	1626798070947	OK	 
REQUEST	,SearchByActiveMember	Select_SearchByActiveMember	1626798070733	1626798071236	OK	 
GROUP	,SearchByActiveMember	1626798070733	1626798071237	503	OK
REQUEST	,S_803323206	MemberId:803323206	1626798070948	1626798071344	OK	 
GROUP	,S_803323206	1626798069909	1626798071344	1433	OK
REQUEST	,S_1203330606	Select_baker	1626798071039	1626798071347	OK	 
REQUEST	,S_3328306		1626798070743	1626798071534	OK	 
REQUEST	,DrillDown_thomas	69195	1626798071027	1626798071536	OK	 
GROUP	,DrillDown_thomas	1626798071027	1626798071536	509	OK
REQUEST	,S_3328306	MemberId:3328306	1626798071535	1626798071932	OK	 
GROUP	,S_3328306	1626798070487	1626798071932	1443	OK
REQUEST	,S_3330526	Select_douglas	1626798072009	1626798072106	OK	 
REQUEST	,DrillDown_smith	70173	1626798072579	1626798072707	OK	 
GROUP	,DrillDown_smith	1626798072579	1626798072708	128	OK
REQUEST	,S_3330526		1626798072107	1626798073021	OK	 
USER	Users_1	START	1626798073232
REQUEST	,S_3330526	MemberId:3330526	1626798073022	1626798073316	OK	 
GROUP	,S_3330526	1626798072009	1626798073316	1305	OK
REQUEST	,SearchName_thomas	Search_1	1626798073216	1626798073383	OK	 
REQUEST	,SearchByActiveMember	Select_SearchByActiveMember	1626798072901	1626798073508	OK	 
GROUP	,SearchByActiveMember	1626798072900	1626798073509	607	OK
REQUEST	,S_1203330606		1626798071348	1626798073529	OK	 
REQUEST	,Login		1626798073233	1626798073575	OK	 
REQUEST	,DrillDown_roger	70075	1626798073526	1626798073657	OK	 
GROUP	,DrillDown_roger	1626798073526	1626798073658	131	OK
REQUEST	,S_1203330606	MemberId:1203330606	1626798073529	1626798073777	OK	 
GROUP	,S_1203330606	1626798071039	1626798073777	2737	OK
REQUEST	,SearchName_thomas	Search_2003326739	1626798073384	1626798073803	OK	 
GROUP	,SearchName_thomas	1626798073215	1626798073803	586	OK
REQUEST	,Login	favicon.ico	1626798073577	1626798073819	OK	 
REQUEST	,Login	icon?family=Material+Icons	1626798073577	1626798073894	OK	 
REQUEST	,Login	runtime-es2015.a02b527030695c21acab.js	1626798073577	1626798073907	OK	 
REQUEST	,Login	styles-es5.8dcb7b1cdd5d944ad068.js	1626798073819	1626798073915	OK	 
REQUEST	,Login	runtime-es5.a02b527030695c21acab.js	1626798073577	1626798073916	OK	 
REQUEST	,Login	styles-es2015.8dcb7b1cdd5d944ad068.js	1626798073577	1626798074012	OK	 
REQUEST	,Login	polyfills-es5.7951a9b6d5d3faf73072.js	1626798073577	1626798074085	OK	 
REQUEST	,SearchByActiveMember	Select_SearchByActiveMember	1626798074014	1626798074149	OK	 
GROUP	,SearchByActiveMember	1626798074014	1626798074149	135	OK
REQUEST	,Login	polyfills-es2015.08b3d487343e8bcb5f4b.js	1626798073577	1626798074230	OK	 
REQUEST	,Login	main-es5.8a12e6f1e5b08471ce36.js	1626798073915	1626798074329	OK	 
REQUEST	,Login	main-es2015.8a12e6f1e5b08471ce36.js	1626798073908	1626798074475	OK	 
REQUEST	,Login		1626798074476	1626798074561	OK	 
REQUEST	,Login		1626798074562	1626798074640	OK	 
REQUEST	,DrillDown_douglas	67672	1626798074323	1626798074780	OK	 
GROUP	,DrillDown_douglas	1626798074322	1626798074781	457	OK
REQUEST	,Login		1626798074641	1626798074937	OK	 
GROUP	,Login	1626798073232	1626798074937	1701	OK
REQUEST	,S_2003326739	Select_thomas	1626798074894	1626798074987	OK	 
REQUEST	,SearchByActiveMember	Select_SearchByActiveMember	1626798074938	1626798075099	OK	 
GROUP	,SearchByActiveMember	1626798074938	1626798075099	161	OK
REQUEST	,SearchName_smith	Search_1	1626798074927	1626798075282	OK	 
REQUEST	,SearchName_smith	Search_803323206	1626798075283	1626798075505	OK	 
GROUP	,SearchName_smith	1626798074926	1626798075505	577	OK
REQUEST	,SearchByActiveMember	Select_SearchByActiveMember	1626798075447	1626798075807	OK	 
GROUP	,SearchByActiveMember	1626798075446	1626798075807	360	OK
REQUEST	,SearchName_roger	Search_1	1626798075846	1626798076018	OK	 
REQUEST	,SearchByActiveMember	Select_SearchByActiveMember	1626798076045	1626798076186	OK	 
GROUP	,SearchByActiveMember	1626798076044	1626798076186	141	OK
REQUEST	,DrillDown_baker	68633	1626798075780	1626798076195	OK	 
GROUP	,DrillDown_baker	1626798075779	1626798076195	415	OK
REQUEST	,SearchName_roger	Search_3328306	1626798076018	1626798076429	OK	 
GROUP	,SearchName_roger	1626798075845	1626798076429	583	OK
REQUEST	,SearchName_baker	Search_1	1626798076395	1626798076558	OK	 
REQUEST	,SearchName_baker	Search_1203330606	1626798076559	1626798076729	OK	 
GROUP	,SearchName_baker	1626798076394	1626798076730	333	OK
REQUEST	,S_803323206	Select_smith	1626798076830	1626798076923	OK	 
REQUEST	,SearchName_thomas	Search_1	1626798077371	1626798077537	OK	 
REQUEST	,SearchName_douglas	Search_1	1626798077458	1626798077621	OK	 
REQUEST	,S_803323206		1626798076923	1626798077663	OK	 
REQUEST	,S_2003326739		1626798074988	1626798077667	OK	 
REQUEST	,SearchByActiveMember	Select_SearchByActiveMember	1626798077614	1626798077734	OK	 
GROUP	,SearchByActiveMember	1626798077614	1626798077734	120	OK
REQUEST	,SearchName_thomas	Search_2003326739	1626798077537	1626798078010	OK	 
GROUP	,SearchName_thomas	1626798077371	1626798078011	639	OK
REQUEST	,S_2003326739	MemberId:2003326739	1626798077667	1626798078011	OK	 
GROUP	,S_2003326739	1626798074893	1626798078011	3116	OK
REQUEST	,S_803323206	MemberId:803323206	1626798077663	1626798078062	OK	 
GROUP	,S_803323206	1626798076829	1626798078063	1232	OK
REQUEST	,SearchName_douglas	Search_3330526	1626798077621	1626798078114	OK	 
GROUP	,SearchName_douglas	1626798077458	1626798078115	656	OK
REQUEST	,S_3328306	Select_roger	1626798078189	1626798078278	OK	 
REQUEST	,S_1203330606	Select_baker	1626798078178	1626798078279	OK	 
REQUEST	,S_3328306		1626798078279	1626798079150	OK	 
REQUEST	,SearchName_smith	Search_1	1626798078778	1626798079241	OK	 
REQUEST	,S_3328306	MemberId:3328306	1626798079150	1626798079381	OK	 
GROUP	,S_3328306	1626798078188	1626798079381	1191	OK
REQUEST	,SearchName_smith	Search_803323206	1626798079241	1626798079485	OK	 
GROUP	,SearchName_smith	1626798078777	1626798079485	707	OK
REQUEST	,S_3330526	Select_douglas	1626798079573	1626798079661	OK	 
REQUEST	,S_2003326739	Select_thomas	1626798079626	1626798079726	OK	 
REQUEST	,DrillDown_smith	70173	1626798079557	1626798079935	OK	 
GROUP	,DrillDown_smith	1626798079556	1626798079936	378	OK
REQUEST	,DrillDown_thomas	69195	1626798079802	1626798080343	OK	 
GROUP	,DrillDown_thomas	1626798079801	1626798080343	541	OK
REQUEST	,S_3330526		1626798079662	1626798080635	OK	 
REQUEST	,S_3330526	MemberId:3330526	1626798080636	1626798080868	OK	 
GROUP	,S_3330526	1626798079573	1626798080868	1293	OK
REQUEST	,DrillDown_roger	70075	1626798080792	1626798080919	OK	 
GROUP	,DrillDown_roger	1626798080791	1626798080919	127	OK
REQUEST	,S_1203330606		1626798078280	1626798081042	OK	 
REQUEST	,S_1203330606	MemberId:1203330606	1626798081043	1626798081354	OK	 
GROUP	,S_1203330606	1626798078178	1626798081355	3174	OK
REQUEST	,S_803323206	Select_smith	1626798081365	1626798081463	OK	 
REQUEST	,SearchByActiveMember	Select_SearchByActiveMember	1626798081678	1626798081801	OK	 
GROUP	,SearchByActiveMember	1626798081678	1626798081801	123	OK
REQUEST	,S_803323206		1626798081463	1626798082070	OK	 
REQUEST	,S_803323206	MemberId:803323206	1626798082070	1626798082303	OK	 
GROUP	,S_803323206	1626798081365	1626798082303	938	OK
REQUEST	,DrillDown_douglas	67672	1626798082264	1626798082448	OK	 
GROUP	,DrillDown_douglas	1626798082264	1626798082448	184	OK
REQUEST	,SearchByActiveMember	Select_SearchByActiveMember	1626798082239	1626798082505	OK	 
GROUP	,SearchByActiveMember	1626798082239	1626798082505	266	OK
REQUEST	,DrillDown_baker	68633	1626798082401	1626798082667	OK	 
GROUP	,DrillDown_baker	1626798082400	1626798082667	266	OK
REQUEST	,S_2003326739		1626798079726	1626798082957	OK	 
REQUEST	,S_2003326739	MemberId:2003326739	1626798082958	1626798083271	OK	 
GROUP	,S_2003326739	1626798079625	1626798083272	3644	OK
REQUEST	,SearchByActiveMember	Select_SearchByActiveMember	1626798082266	1626798083275	OK	 
GROUP	,SearchByActiveMember	1626798082266	1626798083275	1009	OK
REQUEST	,SearchName_roger	Search_1	1626798083292	1626798083524	OK	 
REQUEST	,SearchName_roger	Search_3328306	1626798083524	1626798083925	OK	 
GROUP	,SearchName_roger	1626798083291	1626798083926	633	OK
REQUEST	,SearchByActiveMember	Select_SearchByActiveMember	1626798083951	1626798084114	OK	 
GROUP	,SearchByActiveMember	1626798083951	1626798084115	163	OK
REQUEST	,DrillDown_smith	70173	1626798084075	1626798084200	OK	 
GROUP	,DrillDown_smith	1626798084075	1626798084200	125	OK
REQUEST	,SearchByActiveMember	Select_SearchByActiveMember	1626798083955	1626798084240	OK	 
GROUP	,SearchByActiveMember	1626798083954	1626798084240	285	OK
REQUEST	,SearchName_baker	Search_1	1626798084467	1626798084648	OK	 
REQUEST	,SearchName_douglas	Search_1	1626798084499	1626798084732	OK	 
REQUEST	,SearchName_baker	Search_1203330606	1626798084648	1626798085057	OK	 
GROUP	,SearchName_baker	1626798084467	1626798085057	590	OK
REQUEST	,SearchName_douglas	Search_3330526	1626798084733	1626798085142	OK	 
GROUP	,SearchName_douglas	1626798084499	1626798085142	642	OK
USER	Users_1	START	1626798085230
REQUEST	,DrillDown_thomas	69195	1626798085114	1626798085269	OK	 
GROUP	,DrillDown_thomas	1626798085113	1626798085269	155	OK
REQUEST	,S_3328306	Select_roger	1626798085468	1626798085561	OK	 
REQUEST	,Login		1626798085230	1626798085561	OK	 
REQUEST	,SearchName_thomas	Search_1	1626798085602	1626798085828	OK	 
REQUEST	,SearchByActiveMember	Select_SearchByActiveMember	1626798085448	1626798085841	OK	 
GROUP	,SearchByActiveMember	1626798085448	1626798085841	393	OK
REQUEST	,Login	icon?family=Material+Icons	1626798085562	1626798085872	OK	 
REQUEST	,Login	runtime-es5.a02b527030695c21acab.js	1626798085562	1626798085897	OK	 
REQUEST	,Login	runtime-es2015.a02b527030695c21acab.js	1626798085562	1626798085909	OK	 
REQUEST	,Login	styles-es2015.8dcb7b1cdd5d944ad068.js	1626798085562	1626798085993	OK	 
REQUEST	,SearchName_smith	Search_1	1626798085506	1626798086000	OK	 
REQUEST	,Login	polyfills-es2015.08b3d487343e8bcb5f4b.js	1626798085562	1626798086072	OK	 
REQUEST	,Login	favicon.ico	1626798085562	1626798086097	OK	 
REQUEST	,Login	styles-es5.8dcb7b1cdd5d944ad068.js	1626798085898	1626798086159	OK	 
REQUEST	,Login	polyfills-es5.7951a9b6d5d3faf73072.js	1626798085562	1626798086231	OK	 
REQUEST	,SearchName_thomas	Search_2003326739	1626798085829	1626798086252	OK	 
GROUP	,SearchName_thomas	1626798085602	1626798086252	649	OK
REQUEST	,S_3328306		1626798085561	1626798086296	OK	 
REQUEST	,SearchName_smith	Search_803323206	1626798086001	1626798086353	OK	 
GROUP	,SearchName_smith	1626798085505	1626798086354	846	OK
REQUEST	,Login	main-es5.8a12e6f1e5b08471ce36.js	1626798085994	1626798086419	OK	 
REQUEST	,S_3328306	MemberId:3328306	1626798086296	1626798086532	OK	 
GROUP	,S_3328306	1626798085467	1626798086532	1064	OK
REQUEST	,S_1203330606	Select_baker	1626798086663	1626798086751	OK	 
REQUEST	,S_3330526	Select_douglas	1626798086705	1626798086798	OK	 
REQUEST	,SearchByActiveMember	Select_SearchByActiveMember	1626798086639	1626798087052	OK	 
GROUP	,SearchByActiveMember	1626798086638	1626798087052	413	OK
REQUEST	,SearchName_roger	Search_1	1626798087007	1626798087379	OK	 
REQUEST	,DrillDown_roger	70075	1626798087540	1626798087677	OK	 
GROUP	,DrillDown_roger	1626798087539	1626798087677	137	OK
REQUEST	,SearchName_roger	Search_3328306	1626798087380	1626798087720	OK	 
GROUP	,SearchName_roger	1626798087007	1626798087720	712	OK
REQUEST	,S_803323206	Select_smith	1626798087672	1626798087766	OK	 
REQUEST	,S_3330526		1626798086799	1626798087847	OK	 
REQUEST	,Login	main-es2015.8a12e6f1e5b08471ce36.js	1626798085909	1626798087862	OK	 
REQUEST	,Login		1626798087863	1626798087946	OK	 
REQUEST	,Login		1626798087946	1626798088028	OK	 
REQUEST	,S_3330526	MemberId:3330526	1626798087848	1626798088075	OK	 
GROUP	,S_3330526	1626798086705	1626798088075	1368	OK
REQUEST	,S_2003326739	Select_thomas	1626798088186	1626798088276	OK	 
REQUEST	,S_803323206		1626798087766	1626798088403	OK	 
REQUEST	,Login		1626798088028	1626798088447	OK	 
GROUP	,Login	1626798085230	1626798088447	3217	OK
REQUEST	,SearchByActiveMember	Select_SearchByActiveMember	1626798088448	1626798088620	OK	 
GROUP	,SearchByActiveMember	1626798088447	1626798088620	172	OK
REQUEST	,S_803323206	MemberId:803323206	1626798088404	1626798088634	OK	 
GROUP	,S_803323206	1626798087671	1626798088634	961	OK
REQUEST	,SearchName_baker	Search_1	1626798088965	1626798089132	OK	 
REQUEST	,S_3328306	Select_roger	1626798089447	1626798089559	OK	 
REQUEST	,DrillDown_douglas	67672	1626798089220	1626798089612	OK	 
GROUP	,DrillDown_douglas	1626798089220	1626798089612	392	OK
REQUEST	,SearchByActiveMember	Select_SearchByActiveMember	1626798089263	1626798089612	OK	 
GROUP	,SearchByActiveMember	1626798089263	1626798089612	349	OK
REQUEST	,SearchName_baker	Search_1203330606	1626798089133	1626798089622	OK	 
GROUP	,SearchName_baker	1626798088965	1626798089623	656	OK
REQUEST	,S_1203330606		1626798086752	1626798089943	OK	 
REQUEST	,S_1203330606	MemberId:1203330606	1626798089943	1626798090361	OK	 
GROUP	,S_1203330606	1626798086662	1626798090361	3697	OK
REQUEST	,DrillDown_smith	70173	1626798090398	1626798090542	OK	 
GROUP	,DrillDown_smith	1626798090398	1626798090542	144	OK
REQUEST	,SearchName_douglas	Search_1	1626798090221	1626798090555	OK	 
REQUEST	,SearchName_douglas	Search_3330526	1626798090555	1626798090777	OK	 
GROUP	,SearchName_douglas	1626798090221	1626798090777	556	OK
REQUEST	,S_1203330606	Select_baker	1626798090797	1626798090898	OK	 
REQUEST	,S_3328306		1626798089560	1626798091047	OK	 
REQUEST	,S_2003326739		1626798088276	1626798091056	OK	 
REQUEST	,SearchByActiveMember	Select_SearchByActiveMember	1626798091057	1626798091352	OK	 
GROUP	,SearchByActiveMember	1626798091057	1626798091352	295	OK
REQUEST	,S_2003326739	MemberId:2003326739	1626798091056	1626798091565	OK	 
REQUEST	,S_3328306	MemberId:3328306	1626798091048	1626798091565	OK	 
GROUP	,S_2003326739	1626798088186	1626798091565	3379	OK
GROUP	,S_3328306	1626798089447	1626798091565	2116	OK
REQUEST	,DrillDown_baker	68633	1626798091441	1626798091856	OK	 
GROUP	,DrillDown_baker	1626798091440	1626798091856	415	OK
REQUEST	,SearchName_thomas	Search_1	1626798091567	1626798091961	OK	 
REQUEST	,SearchName_thomas	Search_2003326739	1626798091962	1626798092151	OK	 
GROUP	,SearchName_thomas	1626798091566	1626798092151	583	OK
REQUEST	,SearchByActiveMember	Select_SearchByActiveMember	1626798092432	1626798092559	OK	 
GROUP	,SearchByActiveMember	1626798092431	1626798092559	127	OK
REQUEST	,S_3330526	Select_douglas	1626798092481	1626798092921	OK	 
REQUEST	,SearchName_smith	Search_1	1626798092727	1626798093042	OK	 
REQUEST	,SearchByActiveMember	Select_SearchByActiveMember	1626798092934	1626798093118	OK	 
GROUP	,SearchByActiveMember	1626798092933	1626798093118	184	OK
REQUEST	,SearchName_smith	Search_803323206	1626798093042	1626798093261	OK	 
REQUEST	,DrillDown_roger	70075	1626798093143	1626798093261	OK	 
GROUP	,DrillDown_roger	1626798093143	1626798093261	118	OK
GROUP	,SearchName_smith	1626798092727	1626798093261	534	OK
REQUEST	,DrillDown_thomas	69195	1626798093486	1626798093935	OK	 
GROUP	,DrillDown_thomas	1626798093485	1626798093935	449	OK
REQUEST	,S_2003326739	Select_thomas	1626798093877	1626798093971	OK	 
REQUEST	,S_1203330606		1626798090898	1626798094052	OK	 
REQUEST	,S_3330526		1626798092922	1626798094067	OK	 
REQUEST	,SearchName_roger	Search_1	1626798094003	1626798094208	OK	 
REQUEST	,SearchName_baker	Search_1	1626798094172	1626798094471	OK	 
REQUEST	,SearchName_roger	Search_3328306	1626798094209	1626798094581	OK	 
GROUP	,SearchName_roger	1626798094003	1626798094581	577	OK
REQUEST	,S_3330526	MemberId:3330526	1626798094068	1626798094590	OK	 
GROUP	,S_3330526	1626798092481	1626798094590	2107	OK
REQUEST	,S_1203330606	MemberId:1203330606	1626798094052	1626798094594	OK	 
GROUP	,S_1203330606	1626798090797	1626798094594	3797	OK
REQUEST	,SearchByActiveMember	Select_SearchByActiveMember	1626798094538	1626798094661	OK	 
GROUP	,SearchByActiveMember	1626798094537	1626798094661	123	OK
REQUEST	,SearchName_baker	Search_1203330606	1626798094472	1626798094678	OK	 
GROUP	,SearchName_baker	1626798094171	1626798094678	505	OK
REQUEST	,S_803323206	Select_smith	1626798095080	1626798095189	OK	 
REQUEST	,DrillDown_douglas	67672	1626798095738	1626798095875	OK	 
GROUP	,DrillDown_douglas	1626798095737	1626798095876	137	OK
REQUEST	,SearchByActiveMember	Select_SearchByActiveMember	1626798095713	1626798095883	OK	 
GROUP	,SearchByActiveMember	1626798095712	1626798095884	170	OK
REQUEST	,SearchName_douglas	Search_1	1626798095858	1626798096028	OK	 
REQUEST	,S_3328306	Select_roger	1626798096282	1626798096382	OK	 
REQUEST	,S_803323206		1626798095189	1626798096437	OK	 
REQUEST	,S_2003326739		1626798093972	1626798096455	OK	 
REQUEST	,S_1203330606	Select_baker	1626798096413	1626798096508	OK	 
REQUEST	,SearchName_douglas	Search_3330526	1626798096029	1626798096644	OK	 
GROUP	,SearchName_douglas	1626798095858	1626798096644	785	OK
REQUEST	,S_803323206	MemberId:803323206	1626798096437	1626798096678	OK	 
GROUP	,S_803323206	1626798095079	1626798096678	1598	OK
REQUEST	,S_2003326739	MemberId:2003326739	1626798096456	1626798096769	OK	 
GROUP	,S_2003326739	1626798093877	1626798096769	2890	OK
REQUEST	,DrillDown_baker	68633	1626798096513	1626798096968	OK	 
GROUP	,DrillDown_baker	1626798096513	1626798096968	455	OK
USER	Users_1	START	1626798097231
REQUEST	,S_3328306		1626798096382	1626798097253	OK	 
REQUEST	,S_3328306	MemberId:3328306	1626798097253	1626798097481	OK	 
GROUP	,S_3328306	1626798096282	1626798097481	1199	OK
REQUEST	,Login		1626798097231	1626798097547	OK	 
REQUEST	,SearchByActiveMember	Select_SearchByActiveMember	1626798097205	1626798097586	OK	 
GROUP	,SearchByActiveMember	1626798097205	1626798097586	381	OK
REQUEST	,Login	icon?family=Material+Icons	1626798097548	1626798097857	OK	 
REQUEST	,Login	runtime-es5.a02b527030695c21acab.js	1626798097548	1626798097884	OK	 
REQUEST	,Login	runtime-es2015.a02b527030695c21acab.js	1626798097548	1626798097885	OK	 
REQUEST	,DrillDown_smith	70173	1626798097828	1626798097952	OK	 
GROUP	,DrillDown_smith	1626798097827	1626798097952	124	OK
REQUEST	,Login	polyfills-es5.7951a9b6d5d3faf73072.js	1626798097548	1626798098047	OK	 
REQUEST	,Login	styles-es5.8dcb7b1cdd5d944ad068.js	1626798097884	1626798098066	OK	 
REQUEST	,Login	favicon.ico	1626798097548	1626798098086	OK	 
REQUEST	,SearchName_thomas	Search_1	1626798097666	1626798098098	OK	 
REQUEST	,Login	styles-es2015.8dcb7b1cdd5d944ad068.js	1626798097548	1626798098110	OK	 
REQUEST	,Login	polyfills-es2015.08b3d487343e8bcb5f4b.js	1626798097548	1626798098195	OK	 
REQUEST	,SearchName_thomas	Search_2003326739	1626798098099	1626798098305	OK	 
GROUP	,SearchName_thomas	1626798097666	1626798098306	638	OK
REQUEST	,S_3330526	Select_douglas	1626798098277	1626798098391	OK	 
REQUEST	,Login	main-es5.8a12e6f1e5b08471ce36.js	1626798098047	1626798098771	OK	 
GROUP		1626798001242	1626798098792	39782	OK
USER	Users_1	END	1626798098793
REQUEST	,SearchName_smith	Search_1	1626798098613	1626798098846	OK	 
REQUEST	,DrillDown_thomas	69195	1626798098455	1626798098943	OK	 
GROUP	,DrillDown_thomas	1626798098454	1626798098943	488	OK
REQUEST	,DrillDown_roger	70075	1626798098897	1626798099138	OK	 
GROUP	,DrillDown_roger	1626798098897	1626798099139	241	OK
REQUEST	,SearchName_smith	Search_803323206	1626798098847	1626798099424	OK	 
GROUP	,SearchName_smith	1626798098613	1626798099424	810	OK
REQUEST	,S_3330526		1626798098392	1626798099450	OK	 
REQUEST	,S_1203330606		1626798096508	1626798099465	OK	 
REQUEST	,SearchByActiveMember	Select_SearchByActiveMember	1626798099567	1626798099734	OK	 
GROUP	,SearchByActiveMember	1626798099567	1626798099734	167	OK
REQUEST	,S_3330526	MemberId:3330526	1626798099450	1626798099802	OK	 
REQUEST	,S_1203330606	MemberId:1203330606	1626798099465	1626798099802	OK	 
GROUP	,S_1203330606	1626798096413	1626798099802	3389	OK
GROUP	,S_3330526	1626798098277	1626798099802	1524	OK
REQUEST	,Login	main-es2015.8a12e6f1e5b08471ce36.js	1626798097885	1626798099839	OK	 
REQUEST	,Login		1626798099840	1626798099918	OK	 
REQUEST	,Login		1626798099918	1626798100002	OK	 
REQUEST	,SearchByActiveMember	Select_SearchByActiveMember	1626798099999	1626798100355	OK	 
GROUP	,SearchByActiveMember	1626798099999	1626798100355	356	OK
REQUEST	,S_2003326739	Select_thomas	1626798100225	1626798100400	OK	 
REQUEST	,SearchByActiveMember	Select_SearchByActiveMember	1626798100353	1626798100496	OK	 
GROUP	,SearchByActiveMember	1626798100352	1626798100496	143	OK
REQUEST	,Login		1626798100003	1626798100573	OK	 
GROUP	,Login	1626798097231	1626798100574	3340	OK
REQUEST	,SearchByActiveMember	Select_SearchByActiveMember	1626798100574	1626798100890	OK	 
GROUP	,SearchByActiveMember	1626798100574	1626798100891	316	OK
REQUEST	,S_803323206	Select_smith	1626798100964	1626798101069	OK	 
REQUEST	,DrillDown_douglas	67672	1626798101403	1626798101548	OK	 
GROUP	,DrillDown_douglas	1626798101402	1626798101548	145	OK
REQUEST	,SearchName_roger	Search_1	1626798101491	1626798101813	OK	 
REQUEST	,DrillDown_baker	68633	1626798101597	1626798101867	OK	 
GROUP	,DrillDown_baker	1626798101597	1626798101867	270	OK
REQUEST	,SearchName_douglas	Search_1	1626798101870	1626798102051	OK	 
REQUEST	,SearchName_roger	Search_3328306	1626798101813	1626798102319	OK	 
GROUP	,SearchName_roger	1626798101491	1626798102319	828	OK
REQUEST	,SearchName_baker	Search_1	1626798102168	1626798102329	OK	 
REQUEST	,SearchName_douglas	Search_3330526	1626798102052	1626798102512	OK	 
GROUP	,SearchName_douglas	1626798101870	1626798102512	641	OK
REQUEST	,SearchName_baker	Search_1203330606	1626798102329	1626798102786	OK	 
GROUP	,SearchName_baker	1626798102167	1626798102786	618	OK
REQUEST	,S_803323206		1626798101070	1626798102804	OK	 
REQUEST	,S_2003326739		1626798100400	1626798102963	OK	 
REQUEST	,S_803323206	MemberId:803323206	1626798102805	1626798103059	OK	 
GROUP	,S_803323206	1626798100964	1626798103059	2093	OK
REQUEST	,SearchName_thomas	Search_1	1626798102892	1626798103167	OK	 
REQUEST	,S_2003326739	MemberId:2003326739	1626798102963	1626798103216	OK	 
GROUP	,S_2003326739	1626798100224	1626798103216	2991	OK
REQUEST	,SearchName_thomas	Search_2003326739	1626798103167	1626798103353	OK	 
GROUP	,SearchName_thomas	1626798102891	1626798103353	461	OK
REQUEST	,S_3330526	Select_douglas	1626798103524	1626798103635	OK	 
REQUEST	,SearchByActiveMember	Select_SearchByActiveMember	1626798103364	1626798103744	OK	 
GROUP	,SearchByActiveMember	1626798103363	1626798103745	380	OK
REQUEST	,SearchByActiveMember	Select_SearchByActiveMember	1626798103419	1626798103773	OK	 
GROUP	,SearchByActiveMember	1626798103418	1626798103773	354	OK
REQUEST	,S_3328306	Select_roger	1626798103725	1626798103817	OK	 
REQUEST	,S_1203330606	Select_baker	1626798103909	1626798104000	OK	 
REQUEST	,S_3330526		1626798103635	1626798104015	OK	 
REQUEST	,S_3330526	MemberId:3330526	1626798104015	1626798104248	OK	 
GROUP	,S_3330526	1626798103523	1626798104249	724	OK
REQUEST	,DrillDown_smith	70173	1626798104273	1626798104392	OK	 
GROUP	,DrillDown_smith	1626798104273	1626798104392	119	OK
REQUEST	,S_3328306		1626798103817	1626798104554	OK	 
REQUEST	,S_3328306	MemberId:3328306	1626798104555	1626798104795	OK	 
GROUP	,S_3328306	1626798103724	1626798104795	1069	OK
REQUEST	,DrillDown_thomas	69195	1626798104272	1626798104799	OK	 
GROUP	,DrillDown_thomas	1626798104271	1626798104799	527	OK
REQUEST	,SearchName_roger	Search_1	1626798104886	1626798105051	OK	 
REQUEST	,S_2003326739	Select_thomas	1626798105071	1626798105243	OK	 
REQUEST	,SearchName_roger	Search_3328306	1626798105051	1626798105250	OK	 
GROUP	,SearchName_roger	1626798104886	1626798105250	364	OK
REQUEST	,SearchName_smith	Search_1	1626798105058	1626798105303	OK	 
REQUEST	,DrillDown_douglas	67672	1626798105321	1626798105558	OK	 
GROUP	,DrillDown_douglas	1626798105321	1626798105558	237	OK
REQUEST	,SearchName_smith	Search_803323206	1626798105304	1626798105581	OK	 
GROUP	,SearchName_smith	1626798105057	1626798105581	522	OK
REQUEST	,SearchByActiveMember	Select_SearchByActiveMember	1626798105762	1626798105904	OK	 
GROUP	,SearchByActiveMember	1626798105762	1626798105904	142	OK
REQUEST	,DrillDown_roger	70075	1626798106120	1626798106241	OK	 
GROUP	,DrillDown_roger	1626798106120	1626798106241	121	OK
REQUEST	,S_3328306	Select_roger	1626798106547	1626798106650	OK	 
REQUEST	,SearchByActiveMember	Select_SearchByActiveMember	1626798106704	1626798106867	OK	 
GROUP	,SearchByActiveMember	1626798106704	1626798106867	163	OK
REQUEST	,SearchByActiveMember	Select_SearchByActiveMember	1626798106722	1626798106907	OK	 
GROUP	,SearchByActiveMember	1626798106721	1626798106907	185	OK
REQUEST	,S_803323206	Select_smith	1626798106937	1626798107026	OK	 
REQUEST	,S_1203330606		1626798104001	1626798107049	OK	 
REQUEST	,S_1203330606	MemberId:1203330606	1626798107049	1626798107275	OK	 
GROUP	,S_1203330606	1626798103908	1626798107275	3365	OK
REQUEST	,S_2003326739		1626798105244	1626798107854	OK	 
REQUEST	,S_3328306		1626798106651	1626798107866	OK	 
REQUEST	,SearchName_baker	Search_1	1626798107731	1626798107965	OK	 
REQUEST	,S_2003326739	MemberId:2003326739	1626798107854	1626798108149	OK	 
GROUP	,S_2003326739	1626798105070	1626798108149	3077	OK
REQUEST	,SearchByActiveMember	Select_SearchByActiveMember	1626798108009	1626798108210	OK	 
GROUP	,SearchByActiveMember	1626798108009	1626798108211	201	OK
REQUEST	,S_3328306	MemberId:3328306	1626798107866	1626798108219	OK	 
GROUP	,S_3328306	1626798106547	1626798108219	1671	OK
REQUEST	,S_803323206		1626798107026	1626798108349	OK	 
REQUEST	,SearchName_baker	Search_1203330606	1626798107965	1626798108397	OK	 
GROUP	,SearchName_baker	1626798107730	1626798108397	666	OK
REQUEST	,SearchName_thomas	Search_1	1626798108336	1626798108523	OK	 
REQUEST	,S_803323206	MemberId:803323206	1626798108350	1626798108640	OK	 
GROUP	,S_803323206	1626798106937	1626798108640	1702	OK
REQUEST	,SearchName_douglas	Search_1	1626798108415	1626798108642	OK	 
REQUEST	,SearchName_thomas	Search_2003326739	1626798108523	1626798108932	OK	 
GROUP	,SearchName_thomas	1626798108335	1626798108932	596	OK
REQUEST	,SearchName_douglas	Search_3330526	1626798108642	1626798109162	OK	 
GROUP	,SearchName_douglas	1626798108415	1626798109162	747	OK
REQUEST	,DrillDown_baker	68633	1626798108712	1626798109230	OK	 
GROUP	,DrillDown_baker	1626798108712	1626798109230	518	OK
USER	Users_1	START	1626798109229
REQUEST	,Login		1626798109230	1626798109572	OK	 
REQUEST	,S_1203330606	Select_baker	1626798109520	1626798109623	OK	 
REQUEST	,DrillDown_smith	70173	1626798109670	1626798109801	OK	 
GROUP	,DrillDown_smith	1626798109669	1626798109801	131	OK
REQUEST	,Login	favicon.ico	1626798109573	1626798109841	OK	 
REQUEST	,DrillDown_thomas	69195	1626798109429	1626798109882	OK	 
GROUP	,DrillDown_thomas	1626798109428	1626798109882	453	OK
REQUEST	,Login	icon?family=Material+Icons	1626798109574	1626798109915	OK	 
REQUEST	,Login	runtime-es5.a02b527030695c21acab.js	1626798109573	1626798109924	OK	 
REQUEST	,Login	styles-es5.8dcb7b1cdd5d944ad068.js	1626798109841	1626798109925	OK	 
REQUEST	,Login	runtime-es2015.a02b527030695c21acab.js	1626798109573	1626798109969	OK	 
REQUEST	,DrillDown_roger	70075	1626798109597	1626798110006	OK	 
GROUP	,DrillDown_roger	1626798109597	1626798110006	409	OK
REQUEST	,Login	styles-es2015.8dcb7b1cdd5d944ad068.js	1626798109574	1626798110035	OK	 
REQUEST	,Login	polyfills-es5.7951a9b6d5d3faf73072.js	1626798109573	1626798110103	OK	 
REQUEST	,Login	polyfills-es2015.08b3d487343e8bcb5f4b.js	1626798109573	1626798110114	OK	 
REQUEST	,SearchName_smith	Search_1	1626798109855	1626798110360	OK	 
REQUEST	,Login	main-es5.8a12e6f1e5b08471ce36.js	1626798109925	1626798110367	OK	 
REQUEST	,SearchName_smith	Search_803323206	1626798110360	1626798110615	OK	 
GROUP	,SearchName_smith	1626798109855	1626798110615	760	OK
REQUEST	,S_2003326739	Select_thomas	1626798110542	1626798110657	OK	 
GROUP		1626798013229	1626798111057	40598	OK
USER	Users_1	END	1626798111058
REQUEST	,S_3330526	Select_douglas	1626798111136	1626798111274	OK	 
REQUEST	,SearchByActiveMember	Select_SearchByActiveMember	1626798111197	1626798111331	OK	 
GROUP	,SearchByActiveMember	1626798111197	1626798111331	134	OK
REQUEST	,S_3330526		1626798111274	1626798111723	OK	 
REQUEST	,SearchByActiveMember	Select_SearchByActiveMember	1626798111338	1626798111723	OK	 
GROUP	,SearchByActiveMember	1626798111338	1626798111723	385	OK
REQUEST	,SearchByActiveMember	Select_SearchByActiveMember	1626798111366	1626798111733	OK	 
GROUP	,SearchByActiveMember	1626798111366	1626798111733	367	OK
REQUEST	,S_3330526	MemberId:3330526	1626798111724	1626798111968	OK	 
GROUP	,S_3330526	1626798111135	1626798111968	831	OK
REQUEST	,Login	main-es2015.8a12e6f1e5b08471ce36.js	1626798109924	1626798111985	OK	 
REQUEST	,Login		1626798111985	1626798112073	OK	 
REQUEST	,Login		1626798112073	1626798112155	OK	 
REQUEST	,S_803323206	Select_smith	1626798112093	1626798112186	OK	 
REQUEST	,S_1203330606		1626798109624	1626798112268	OK	 
REQUEST	,Login		1626798112156	1626798112445	OK	 
GROUP	,Login	1626798109229	1626798112445	3213	OK
REQUEST	,S_1203330606	MemberId:1203330606	1626798112268	1626798112509	OK	 
GROUP	,S_1203330606	1626798109520	1626798112509	2988	OK
REQUEST	,SearchByActiveMember	Select_SearchByActiveMember	1626798112446	1626798112840	OK	 
GROUP	,SearchByActiveMember	1626798112445	1626798112840	394	OK
REQUEST	,SearchName_douglas	Search_1	1626798112827	1626798113008	OK	 
REQUEST	,SearchName_roger	Search_1	1626798113166	1626798113348	OK	 
REQUEST	,S_2003326739		1626798110657	1626798113396	OK	 
REQUEST	,SearchName_douglas	Search_3330526	1626798113008	1626798113429	OK	 
GROUP	,SearchName_douglas	1626798112826	1626798113429	602	OK
REQUEST	,SearchName_baker	Search_1	1626798113305	1626798113469	OK	 
REQUEST	,S_803323206		1626798112186	1626798113492	OK	 
REQUEST	,S_2003326739	MemberId:2003326739	1626798113396	1626798113723	OK	 
GROUP	,S_2003326739	1626798110541	1626798113724	3181	OK
REQUEST	,S_803323206	MemberId:803323206	1626798113493	1626798113766	OK	 
GROUP	,S_803323206	1626798112092	1626798113766	1672	OK
REQUEST	,DrillDown_douglas	67672	1626798113355	1626798113849	OK	 
GROUP	,DrillDown_douglas	1626798113354	1626798113849	494	OK
REQUEST	,SearchName_roger	Search_3328306	1626798113349	1626798113858	OK	 
GROUP	,SearchName_roger	1626798113166	1626798113858	691	OK
REQUEST	,SearchName_baker	Search_1203330606	1626798113469	1626798113952	OK	 
GROUP	,SearchName_baker	1626798113305	1626798113952	647	OK
REQUEST	,SearchName_thomas	Search_1	1626798114167	1626798114336	OK	 
REQUEST	,DrillDown_baker	68633	1626798113996	1626798114495	OK	 
GROUP	,DrillDown_baker	1626798113996	1626798114495	499	OK
REQUEST	,SearchName_thomas	Search_2003326739	1626798114336	1626798114521	OK	 
GROUP	,SearchName_thomas	1626798114166	1626798114521	354	OK
REQUEST	,SearchByActiveMember	Select_SearchByActiveMember	1626798115041	1626798115177	OK	 
GROUP	,SearchByActiveMember	1626798115041	1626798115177	136	OK
REQUEST	,S_3330526	Select_douglas	1626798115170	1626798115258	OK	 
REQUEST	,DrillDown_smith	70173	1626798115164	1626798115286	OK	 
GROUP	,DrillDown_smith	1626798115164	1626798115287	122	OK
REQUEST	,S_3328306	Select_roger	1626798115504	1626798115592	OK	 
REQUEST	,S_1203330606	Select_baker	1626798115646	1626798115742	OK	 
REQUEST	,DrillDown_thomas	69195	1626798115485	1626798115888	OK	 
GROUP	,DrillDown_thomas	1626798115485	1626798115888	403	OK
REQUEST	,S_3330526		1626798115259	1626798116028	OK	 
REQUEST	,S_3328306		1626798115593	1626798116196	OK	 
REQUEST	,S_3330526	MemberId:3330526	1626798116028	1626798116265	OK	 
GROUP	,S_3330526	1626798115170	1626798116265	1094	OK
REQUEST	,S_3328306	MemberId:3328306	1626798116196	1626798116455	OK	 
GROUP	,S_3328306	1626798115503	1626798116456	950	OK
REQUEST	,S_2003326739	Select_thomas	1626798116386	1626798116719	OK	 
REQUEST	,SearchByActiveMember	Select_SearchByActiveMember	1626798115913	1626798116719	OK	 
GROUP	,SearchByActiveMember	1626798115913	1626798116720	806	OK
REQUEST	,SearchName_smith	Search_1	1626798116460	1626798116724	OK	 
REQUEST	,SearchByActiveMember	Select_SearchByActiveMember	1626798116671	1626798116793	OK	 
GROUP	,SearchByActiveMember	1626798116671	1626798116793	122	OK
REQUEST	,SearchName_smith	Search_803323206	1626798116725	1626798117215	OK	 
GROUP	,SearchName_smith	1626798116460	1626798117215	754	OK
REQUEST	,SearchByActiveMember	Select_SearchByActiveMember	1626798117580	1626798117732	OK	 
GROUP	,SearchByActiveMember	1626798117580	1626798117732	152	OK
REQUEST	,DrillDown_douglas	67672	1626798117746	1626798117888	OK	 
GROUP	,DrillDown_douglas	1626798117746	1626798117888	142	OK
REQUEST	,S_1203330606		1626798115743	1626798118079	OK	 
REQUEST	,S_1203330606	MemberId:1203330606	1626798118080	1626798118315	OK	 
GROUP	,S_1203330606	1626798115646	1626798118315	2667	OK
REQUEST	,SearchName_baker	Search_1	1626798117880	1626798118471	OK	 
REQUEST	,DrillDown_roger	70075	1626798118111	1626798118496	OK	 
GROUP	,DrillDown_roger	1626798118111	1626798118497	385	OK
REQUEST	,S_803323206	Select_smith	1626798118416	1626798118504	OK	 
REQUEST	,SearchName_baker	Search_1203330606	1626798118471	1626798118934	OK	 
GROUP	,SearchName_baker	1626798117879	1626798118934	1054	OK
REQUEST	,SearchName_roger	Search_1	1626798118363	1626798118935	OK	 
REQUEST	,SearchName_roger	Search_3328306	1626798118935	1626798119378	OK	 
GROUP	,SearchName_roger	1626798118363	1626798119378	1015	OK
REQUEST	,SearchByActiveMember	Select_SearchByActiveMember	1626798119022	1626798119395	OK	 
GROUP	,SearchByActiveMember	1626798119022	1626798119395	373	OK
REQUEST	,S_2003326739		1626798116720	1626798119412	OK	 
REQUEST	,S_803323206		1626798118504	1626798119602	OK	 
REQUEST	,S_2003326739	MemberId:2003326739	1626798119413	1626798119660	OK	 
GROUP	,S_2003326739	1626798116385	1626798119660	3272	OK
REQUEST	,S_803323206	MemberId:803323206	1626798119602	1626798119841	OK	 
GROUP	,S_803323206	1626798118416	1626798119841	1425	OK
REQUEST	,DrillDown_baker	68633	1626798119346	1626798119881	OK	 
GROUP	,DrillDown_baker	1626798119346	1626798119881	535	OK
REQUEST	,S_1203330606	Select_baker	1626798120092	1626798120202	OK	 
REQUEST	,SearchName_douglas	Search_1	1626798119569	1626798120221	OK	 
GROUP		1626798025230	1626798120380	34685	OK
USER	Users_1	END	1626798120381
REQUEST	,SearchName_douglas	Search_3330526	1626798120222	1626798120398	OK	 
GROUP	,SearchName_douglas	1626798119569	1626798120399	828	OK
REQUEST	,S_3328306	Select_roger	1626798120822	1626798120934	OK	 
REQUEST	,SearchName_thomas	Search_1	1626798120812	1626798120984	OK	 
REQUEST	,SearchName_thomas	Search_2003326739	1626798120985	1626798121801	OK	 
GROUP	,SearchName_thomas	1626798120811	1626798121801	988	OK
REQUEST	,DrillDown_thomas	69195	1626798121152	1626798121801	OK	 
GROUP	,DrillDown_thomas	1626798121151	1626798121801	649	OK
REQUEST	,S_3328306		1626798120935	1626798121801	OK	 
REQUEST	,DrillDown_smith	70173	1626798121442	1626798121825	OK	 
GROUP	,DrillDown_smith	1626798121441	1626798121825	383	OK
REQUEST	,S_3328306	MemberId:3328306	1626798121802	1626798122108	OK	 
GROUP	,S_3328306	1626798120822	1626798122108	1284	OK
REQUEST	,SearchByActiveMember	Select_SearchByActiveMember	1626798121245	1626798122129	OK	 
GROUP	,SearchByActiveMember	1626798121245	1626798122129	884	OK
REQUEST	,S_3330526	Select_douglas	1626798122134	1626798122232	OK	 
REQUEST	,S_2003326739	Select_thomas	1626798122940	1626798123035	OK	 
REQUEST	,S_1203330606		1626798120202	1626798123062	OK	 
REQUEST	,S_3330526		1626798122232	1626798123180	OK	 
REQUEST	,SearchByActiveMember	Select_SearchByActiveMember	1626798123073	1626798123235	OK	 
GROUP	,SearchByActiveMember	1626798123073	1626798123235	162	OK
REQUEST	,SearchByActiveMember	Select_SearchByActiveMember	1626798123194	1626798123317	OK	 
GROUP	,SearchByActiveMember	1626798123194	1626798123317	123	OK
REQUEST	,S_1203330606	MemberId:1203330606	1626798123062	1626798123424	OK	 
GROUP	,S_1203330606	1626798120092	1626798123425	3332	OK
REQUEST	,S_3330526	MemberId:3330526	1626798123180	1626798123492	OK	 
GROUP	,S_3330526	1626798122134	1626798123493	1358	OK
REQUEST	,DrillDown_roger	70075	1626798123989	1626798124111	OK	 
GROUP	,DrillDown_roger	1626798123989	1626798124112	122	OK
REQUEST	,SearchName_smith	Search_1	1626798123883	1626798124146	OK	 
REQUEST	,SearchName_smith	Search_803323206	1626798124146	1626798124650	OK	 
GROUP	,SearchName_smith	1626798123883	1626798124650	767	OK
REQUEST	,DrillDown_baker	68633	1626798124551	1626798125031	OK	 
GROUP	,DrillDown_baker	1626798124551	1626798125031	480	OK
REQUEST	,SearchName_roger	Search_1	1626798125129	1626798125534	OK	 
REQUEST	,DrillDown_douglas	67672	1626798125097	1626798125543	OK	 
GROUP	,DrillDown_douglas	1626798125097	1626798125543	446	OK
REQUEST	,SearchName_baker	Search_1	1626798125141	1626798125565	OK	 
REQUEST	,S_2003326739		1626798123036	1626798125590	OK	 
REQUEST	,SearchByActiveMember	Select_SearchByActiveMember	1626798125256	1626798125652	OK	 
GROUP	,SearchByActiveMember	1626798125256	1626798125652	396	OK
REQUEST	,SearchName_roger	Search_3328306	1626798125535	1626798125718	OK	 
GROUP	,SearchName_roger	1626798125129	1626798125718	588	OK
REQUEST	,SearchName_baker	Search_1203330606	1626798125565	1626798125756	OK	 
GROUP	,SearchName_baker	1626798125141	1626798125756	615	OK
REQUEST	,S_2003326739	MemberId:2003326739	1626798125590	1626798125828	OK	 
GROUP	,S_2003326739	1626798122939	1626798125828	2887	OK
REQUEST	,S_803323206	Select_smith	1626798125847	1626798125947	OK	 
REQUEST	,S_803323206		1626798125947	1626798126408	OK	 
REQUEST	,SearchByActiveMember	Select_SearchByActiveMember	1626798126429	1626798126615	OK	 
GROUP	,SearchByActiveMember	1626798126429	1626798126616	186	OK
REQUEST	,S_803323206	MemberId:803323206	1626798126408	1626798126656	OK	 
GROUP	,S_803323206	1626798125847	1626798126657	809	OK
GROUP		1626798037229	1626798126895	28902	OK
USER	Users_1	END	1626798126896
REQUEST	,SearchName_douglas	Search_1	1626798127121	1626798127288	OK	 
REQUEST	,S_1203330606	Select_baker	1626798127308	1626798127408	OK	 
REQUEST	,SearchName_douglas	Search_3330526	1626798127289	1626798127455	OK	 
GROUP	,SearchName_douglas	1626798127121	1626798127455	333	OK
REQUEST	,S_3328306	Select_roger	1626798127525	1626798127621	OK	 
REQUEST	,DrillDown_thomas	69195	1626798127468	1626798127654	OK	 
GROUP	,DrillDown_thomas	1626798127467	1626798127654	186	OK
REQUEST	,S_3328306		1626798127622	1626798128150	OK	 
REQUEST	,S_3328306	MemberId:3328306	1626798128150	1626798128418	OK	 
GROUP	,S_3328306	1626798127525	1626798128419	892	OK
REQUEST	,DrillDown_smith	70173	1626798128408	1626798128565	OK	 
GROUP	,DrillDown_smith	1626798128408	1626798128565	157	OK
REQUEST	,SearchName_thomas	Search_1	1626798128530	1626798128739	OK	 
REQUEST	,SearchByActiveMember	Select_SearchByActiveMember	1626798128704	1626798128835	OK	 
GROUP	,SearchByActiveMember	1626798128704	1626798128835	131	OK
REQUEST	,SearchName_thomas	Search_2003326739	1626798128739	1626798129141	OK	 
GROUP	,SearchName_thomas	1626798128530	1626798129141	611	OK
REQUEST	,S_3330526	Select_douglas	1626798129330	1626798129422	OK	 
REQUEST	,SearchByActiveMember	Select_SearchByActiveMember	1626798129940	1626798130193	OK	 
GROUP	,SearchByActiveMember	1626798129940	1626798130193	253	OK
REQUEST	,S_1203330606		1626798127408	1626798130291	OK	 
REQUEST	,DrillDown_roger	70075	1626798130166	1626798130291	OK	 
GROUP	,DrillDown_roger	1626798130166	1626798130291	125	OK
REQUEST	,S_3330526		1626798129422	1626798130420	OK	 
REQUEST	,S_3330526	MemberId:3330526	1626798130420	1626798130690	OK	 
GROUP	,S_3330526	1626798129329	1626798130690	1360	OK
REQUEST	,S_1203330606	MemberId:1203330606	1626798130291	1626798130770	OK	 
GROUP	,S_1203330606	1626798127308	1626798130770	3462	OK
REQUEST	,S_2003326739	Select_thomas	1626798131018	1626798131113	OK	 
REQUEST	,SearchName_smith	Search_1	1626798130645	1626798131126	OK	 
REQUEST	,SearchName_smith	Search_803323206	1626798131126	1626798131379	OK	 
GROUP	,SearchName_smith	1626798130645	1626798131379	734	OK
REQUEST	,SearchByActiveMember	Select_SearchByActiveMember	1626798131426	1626798131888	OK	 
GROUP	,SearchByActiveMember	1626798131426	1626798131888	462	OK
REQUEST	,DrillDown_douglas	67672	1626798131787	1626798131926	OK	 
GROUP	,DrillDown_douglas	1626798131787	1626798131926	139	OK
REQUEST	,SearchName_roger	Search_1	1626798131987	1626798132406	OK	 
REQUEST	,SearchName_roger	Search_3328306	1626798132407	1626798132648	OK	 
GROUP	,SearchName_roger	1626798131987	1626798132648	660	OK
REQUEST	,SearchName_baker	Search_1	1626798132933	1626798133107	OK	 
REQUEST	,S_803323206	Select_smith	1626798132963	1626798133113	OK	 
REQUEST	,SearchName_baker	Search_1203330606	1626798133108	1626798133303	OK	 
GROUP	,SearchName_baker	1626798132933	1626798133303	369	OK
REQUEST	,S_2003326739		1626798131113	1626798133668	OK	 
REQUEST	,S_803323206		1626798133114	1626798133668	OK	 
REQUEST	,DrillDown_baker	68633	1626798132576	1626798133668	OK	 
GROUP	,DrillDown_baker	1626798132576	1626798133668	1092	OK
REQUEST	,SearchByActiveMember	Select_SearchByActiveMember	1626798133656	1626798133849	OK	 
GROUP	,SearchByActiveMember	1626798133656	1626798133849	193	OK
REQUEST	,S_803323206	MemberId:803323206	1626798133669	1626798133967	OK	 
GROUP	,S_803323206	1626798132963	1626798133967	1002	OK
REQUEST	,S_2003326739	MemberId:2003326739	1626798133669	1626798134031	OK	 
GROUP	,S_2003326739	1626798131018	1626798134031	3012	OK
REQUEST	,S_1203330606	Select_baker	1626798134363	1626798134466	OK	 
REQUEST	,S_3328306	Select_roger	1626798134444	1626798134532	OK	 
REQUEST	,S_3328306		1626798134533	1626798135113	OK	 
REQUEST	,S_3328306	MemberId:3328306	1626798135113	1626798135384	OK	 
GROUP	,S_3328306	1626798134444	1626798135384	939	OK
REQUEST	,DrillDown_smith	70173	1626798135371	1626798135495	OK	 
GROUP	,DrillDown_smith	1626798135371	1626798135495	124	OK
REQUEST	,SearchByActiveMember	Select_SearchByActiveMember	1626798135499	1626798135662	OK	 
GROUP	,SearchByActiveMember	1626798135499	1626798135662	163	OK
REQUEST	,DrillDown_thomas	69195	1626798135657	1626798135800	OK	 
GROUP	,DrillDown_thomas	1626798135656	1626798135800	143	OK
REQUEST	,SearchName_douglas	Search_1	1626798135781	1626798135931	OK	 
REQUEST	,SearchName_douglas	Search_3330526	1626798135931	1626798136327	OK	 
GROUP	,SearchName_douglas	1626798135780	1626798136327	546	OK
REQUEST	,S_1203330606		1626798134466	1626798137061	OK	 
REQUEST	,SearchName_thomas	Search_1	1626798136737	1626798137160	OK	 
REQUEST	,SearchByActiveMember	Select_SearchByActiveMember	1626798136837	1626798137230	OK	 
GROUP	,SearchByActiveMember	1626798136837	1626798137230	393	OK
REQUEST	,S_1203330606	MemberId:1203330606	1626798137061	1626798137323	OK	 
GROUP	,S_1203330606	1626798134362	1626798137323	2960	OK
REQUEST	,SearchName_thomas	Search_2003326739	1626798137161	1626798137346	OK	 
GROUP	,SearchName_thomas	1626798136737	1626798137346	608	OK
REQUEST	,SearchByActiveMember	Select_SearchByActiveMember	1626798137002	1626798137377	OK	 
GROUP	,SearchByActiveMember	1626798137002	1626798137377	375	OK
REQUEST	,DrillDown_roger	70075	1626798137279	1626798137645	OK	 
GROUP	,DrillDown_roger	1626798137278	1626798137645	366	OK
REQUEST	,S_3330526	Select_douglas	1626798137619	1626798137717	OK	 
REQUEST	,S_3330526		1626798137717	1626798138228	OK	 
REQUEST	,S_3330526	MemberId:3330526	1626798138229	1626798138466	OK	 
GROUP	,S_3330526	1626798137618	1626798138466	846	OK
REQUEST	,SearchName_smith	Search_1	1626798138487	1626798138754	OK	 
REQUEST	,DrillDown_baker	68633	1626798138370	1626798138790	OK	 
GROUP	,DrillDown_baker	1626798138370	1626798138790	420	OK
REQUEST	,SearchName_smith	Search_803323206	1626798138754	1626798139038	OK	 
GROUP	,SearchName_smith	1626798138487	1626798139038	551	OK
REQUEST	,SearchName_roger	Search_1	1626798138905	1626798139114	OK	 
REQUEST	,SearchName_roger	Search_3328306	1626798139115	1626798139289	OK	 
GROUP	,SearchName_roger	1626798138904	1626798139289	383	OK
REQUEST	,S_2003326739	Select_thomas	1626798139238	1626798139328	OK	 
REQUEST	,SearchByActiveMember	Select_SearchByActiveMember	1626798139463	1626798139599	OK	 
GROUP	,SearchByActiveMember	1626798139462	1626798139599	136	OK
REQUEST	,SearchByActiveMember	Select_SearchByActiveMember	1626798139934	1626798140219	OK	 
GROUP	,SearchByActiveMember	1626798139934	1626798140219	285	OK
REQUEST	,DrillDown_douglas	67672	1626798140070	1626798140252	OK	 
GROUP	,DrillDown_douglas	1626798140070	1626798140252	182	OK
REQUEST	,S_803323206	Select_smith	1626798140925	1626798141030	OK	 
REQUEST	,S_3328306	Select_roger	1626798141066	1626798141167	OK	 
REQUEST	,SearchName_baker	Search_1	1626798141106	1626798141256	OK	 
REQUEST	,SearchName_douglas	Search_1	1626798141251	1626798141401	OK	 
REQUEST	,SearchName_baker	Search_1203330606	1626798141257	1626798141432	OK	 
GROUP	,SearchName_baker	1626798141106	1626798141432	325	OK
REQUEST	,S_3328306		1626798141167	1626798142076	OK	 
REQUEST	,S_803323206		1626798141031	1626798142076	OK	 
REQUEST	,SearchName_douglas	Search_3330526	1626798141402	1626798142076	OK	 
GROUP	,SearchName_douglas	1626798141251	1626798142076	824	OK
REQUEST	,S_2003326739		1626798139328	1626798142486	OK	 
REQUEST	,S_3328306	MemberId:3328306	1626798142077	1626798142486	OK	 
REQUEST	,S_803323206	MemberId:803323206	1626798142077	1626798142486	OK	 
GROUP	,S_803323206	1626798140924	1626798142487	1559	OK
GROUP	,S_3328306	1626798141066	1626798142487	1419	OK
REQUEST	,SearchByActiveMember	Select_SearchByActiveMember	1626798142125	1626798142907	OK	 
GROUP	,SearchByActiveMember	1626798142125	1626798142907	782	OK
REQUEST	,S_2003326739	MemberId:2003326739	1626798142487	1626798142907	OK	 
GROUP	,S_2003326739	1626798139238	1626798142907	3668	OK
REQUEST	,S_1203330606	Select_baker	1626798142486	1626798142939	OK	 
REQUEST	,S_3330526	Select_douglas	1626798143923	1626798144024	OK	 
REQUEST	,DrillDown_thomas	69195	1626798143913	1626798144236	OK	 
GROUP	,DrillDown_thomas	1626798143912	1626798144236	323	OK
REQUEST	,DrillDown_smith	70173	1626798144138	1626798144257	OK	 
GROUP	,DrillDown_smith	1626798144137	1626798144257	119	OK
REQUEST	,DrillDown_roger	70075	1626798144256	1626798144380	OK	 
GROUP	,DrillDown_roger	1626798144256	1626798144380	124	OK
REQUEST	,SearchName_thomas	Search_1	1626798144296	1626798144456	OK	 
REQUEST	,SearchName_thomas	Search_2003326739	1626798144457	1626798144618	OK	 
GROUP	,SearchName_thomas	1626798144295	1626798144618	321	OK
REQUEST	,S_3330526		1626798144025	1626798144679	OK	 
REQUEST	,S_3330526	MemberId:3330526	1626798144679	1626798144917	OK	 
GROUP	,S_3330526	1626798143923	1626798144917	993	OK
REQUEST	,S_1203330606		1626798142940	1626798145682	OK	 
REQUEST	,SearchByActiveMember	Select_SearchByActiveMember	1626798145671	1626798145805	OK	 
GROUP	,SearchByActiveMember	1626798145671	1626798145805	134	OK
REQUEST	,S_1203330606	MemberId:1203330606	1626798145682	1626798145912	OK	 
GROUP	,S_1203330606	1626798142486	1626798145912	3425	OK
REQUEST	,DrillDown_douglas	67672	1626798146062	1626798146205	OK	 
GROUP	,DrillDown_douglas	1626798146061	1626798146205	143	OK
REQUEST	,S_2003326739	Select_thomas	1626798146204	1626798146307	OK	 
REQUEST	,SearchByActiveMember	Select_SearchByActiveMember	1626798146224	1626798146361	OK	 
GROUP	,SearchByActiveMember	1626798146224	1626798146361	137	OK
REQUEST	,SearchByActiveMember	Select_SearchByActiveMember	1626798146361	1626798146493	OK	 
GROUP	,SearchByActiveMember	1626798146361	1626798146493	132	OK
REQUEST	,SearchName_smith	Search_1	1626798147363	1626798147615	OK	 
REQUEST	,DrillDown_baker	68633	1626798147353	1626798147625	OK	 
GROUP	,DrillDown_baker	1626798147353	1626798147625	272	OK
REQUEST	,SearchByActiveMember	Select_SearchByActiveMember	1626798147279	1626798147687	OK	 
GROUP	,SearchByActiveMember	1626798147278	1626798147687	408	OK
REQUEST	,SearchName_smith	Search_803323206	1626798147615	1626798148126	OK	 
GROUP	,SearchName_smith	1626798147362	1626798148126	763	OK
REQUEST	,SearchName_roger	Search_1	1626798147903	1626798148393	OK	 
REQUEST	,SearchName_roger	Search_3328306	1626798148393	1626798148568	OK	 
GROUP	,SearchName_roger	1626798147902	1626798148568	665	OK
REQUEST	,SearchName_baker	Search_1	1626798148210	1626798148609	OK	 
REQUEST	,SearchName_baker	Search_1203330606	1626798148609	1626798148790	OK	 
GROUP	,SearchName_baker	1626798148210	1626798148790	580	OK
REQUEST	,S_2003326739		1626798146307	1626798149446	OK	 
GROUP		1626798049232	1626798149566	38195	OK
USER	Users_1	END	1626798149566
REQUEST	,S_2003326739	MemberId:2003326739	1626798149446	1626798149675	OK	 
GROUP	,S_2003326739	1626798146203	1626798149675	3471	OK
REQUEST	,SearchName_douglas	Search_1	1626798149656	1626798149811	OK	 
REQUEST	,SearchName_douglas	Search_3330526	1626798149811	1626798149984	OK	 
GROUP	,SearchName_douglas	1626798149656	1626798149984	328	OK
REQUEST	,S_803323206	Select_smith	1626798149928	1626798150022	OK	 
REQUEST	,S_1203330606	Select_baker	1626798150317	1626798150416	OK	 
REQUEST	,S_803323206		1626798150023	1626798150740	OK	 
REQUEST	,S_3328306	Select_roger	1626798150362	1626798150769	OK	 
REQUEST	,S_803323206	MemberId:803323206	1626798150741	1626798150987	OK	 
GROUP	,S_803323206	1626798149928	1626798150987	1057	OK
REQUEST	,S_3330526	Select_douglas	1626798151191	1626798151600	OK	 
REQUEST	,DrillDown_thomas	69195	1626798151633	1626798152025	OK	 
GROUP	,DrillDown_thomas	1626798151633	1626798152025	392	OK
REQUEST	,DrillDown_smith	70173	1626798152014	1626798152396	OK	 
GROUP	,DrillDown_smith	1626798152014	1626798152396	382	OK
REQUEST	,S_3330526		1626798151600	1626798153139	OK	 
REQUEST	,S_3328306		1626798150770	1626798153139	OK	 
REQUEST	,S_1203330606		1626798150416	1626798153139	OK	 
REQUEST	,S_3328306	MemberId:3328306	1626798153140	1626798153545	OK	 
GROUP	,S_3328306	1626798150361	1626798153545	3181	OK
REQUEST	,S_1203330606	MemberId:1203330606	1626798153140	1626798153546	OK	 
GROUP	,S_1203330606	1626798150316	1626798153546	3228	OK
REQUEST	,S_3330526	MemberId:3330526	1626798153140	1626798153636	OK	 
GROUP	,S_3330526	1626798151190	1626798153636	2444	OK
REQUEST	,SearchByActiveMember	Select_SearchByActiveMember	1626798153548	1626798153683	OK	 
GROUP	,SearchByActiveMember	1626798153548	1626798153683	135	OK
REQUEST	,SearchByActiveMember	Select_SearchByActiveMember	1626798153804	1626798154244	OK	 
GROUP	,SearchByActiveMember	1626798153804	1626798154245	440	OK
REQUEST	,SearchName_thomas	Search_1	1626798154792	1626798154951	OK	 
REQUEST	,SearchName_thomas	Search_2003326739	1626798154951	1626798155124	OK	 
GROUP	,SearchName_thomas	1626798154792	1626798155124	332	OK
REQUEST	,DrillDown_douglas	67672	1626798155146	1626798155296	OK	 
GROUP	,DrillDown_douglas	1626798155146	1626798155296	150	OK
REQUEST	,DrillDown_roger	70075	1626798155378	1626798155500	OK	 
GROUP	,DrillDown_roger	1626798155377	1626798155500	122	OK
REQUEST	,SearchName_smith	Search_1	1626798155316	1626798155637	OK	 
REQUEST	,DrillDown_baker	68633	1626798155166	1626798155662	OK	 
GROUP	,DrillDown_baker	1626798155166	1626798155662	496	OK
REQUEST	,SearchName_smith	Search_803323206	1626798155638	1626798155854	OK	 
GROUP	,SearchName_smith	1626798155316	1626798155854	537	OK
REQUEST	,S_2003326739	Select_thomas	1626798156247	1626798156348	OK	 
REQUEST	,SearchByActiveMember	Select_SearchByActiveMember	1626798156313	1626798156440	OK	 
GROUP	,SearchByActiveMember	1626798156313	1626798156440	127	OK
REQUEST	,SearchByActiveMember	Select_SearchByActiveMember	1626798156680	1626798156824	OK	 
GROUP	,SearchByActiveMember	1626798156680	1626798156825	144	OK
GROUP		1626798061232	1626798157102	35463	OK
USER	Users_1	END	1626798157103
REQUEST	,S_803323206	Select_smith	1626798157003	1626798157334	OK	 
REQUEST	,S_803323206		1626798157334	1626798157855	OK	 
REQUEST	,S_803323206	MemberId:803323206	1626798157855	1626798158099	OK	 
GROUP	,S_803323206	1626798157003	1626798158099	1096	OK
REQUEST	,SearchName_roger	Search_1	1626798157759	1626798158186	OK	 
REQUEST	,SearchName_roger	Search_3328306	1626798158187	1626798158357	OK	 
GROUP	,SearchName_roger	1626798157759	1626798158357	597	OK
REQUEST	,SearchName_baker	Search_1	1626798158258	1626798158694	OK	 
REQUEST	,SearchName_baker	Search_1203330606	1626798158695	1626798159177	OK	 
GROUP	,SearchName_baker	1626798158257	1626798159177	918	OK
REQUEST	,DrillDown_smith	70173	1626798159215	1626798159340	OK	 
GROUP	,DrillDown_smith	1626798159215	1626798159340	125	OK
REQUEST	,S_2003326739		1626798156348	1626798159520	OK	 
REQUEST	,S_3328306	Select_roger	1626798159509	1626798159615	OK	 
REQUEST	,S_2003326739	MemberId:2003326739	1626798159520	1626798159750	OK	 
GROUP	,S_2003326739	1626798156247	1626798159750	3503	OK
REQUEST	,S_3328306		1626798159615	1626798160358	OK	 
REQUEST	,S_3328306	MemberId:3328306	1626798160359	1626798160591	OK	 
GROUP	,S_3328306	1626798159509	1626798160591	1081	OK
REQUEST	,S_1203330606	Select_baker	1626798160347	1626798160645	OK	 
REQUEST	,SearchByActiveMember	Select_SearchByActiveMember	1626798161193	1626798161324	OK	 
GROUP	,SearchByActiveMember	1626798161193	1626798161324	131	OK
REQUEST	,DrillDown_thomas	69195	1626798161701	1626798161868	OK	 
GROUP	,DrillDown_thomas	1626798161701	1626798161868	167	OK
REQUEST	,DrillDown_roger	70075	1626798162134	1626798162257	OK	 
GROUP	,DrillDown_roger	1626798162134	1626798162258	123	OK
REQUEST	,SearchByActiveMember	Select_SearchByActiveMember	1626798162929	1626798163067	OK	 
GROUP	,SearchByActiveMember	1626798162929	1626798163067	138	OK
REQUEST	,SearchName_douglas	Search_1	1626798163264	1626798163785	OK	 
REQUEST	,S_1203330606		1626798160645	1626798163806	OK	 
REQUEST	,SearchName_douglas	Search_3330526	1626798163786	1626798163946	OK	 
GROUP	,SearchName_douglas	1626798163264	1626798163946	681	OK
REQUEST	,S_1203330606	MemberId:1203330606	1626798163807	1626798164046	OK	 
GROUP	,S_1203330606	1626798160347	1626798164046	3698	OK
REQUEST	,SearchByActiveMember	Select_SearchByActiveMember	1626798164038	1626798164165	OK	 
GROUP	,SearchByActiveMember	1626798164038	1626798164165	127	OK
REQUEST	,SearchName_thomas	Search_1	1626798164827	1626798164993	OK	 
REQUEST	,SearchName_thomas	Search_2003326739	1626798164994	1626798165169	OK	 
GROUP	,SearchName_thomas	1626798164826	1626798165170	341	OK
REQUEST	,SearchName_smith	Search_1	1626798165552	1626798165783	OK	 
REQUEST	,S_3330526	Select_douglas	1626798165890	1626798165982	OK	 
REQUEST	,DrillDown_baker	68633	1626798165981	1626798166211	OK	 
GROUP	,DrillDown_baker	1626798165981	1626798166211	230	OK
REQUEST	,SearchName_smith	Search_803323206	1626798165784	1626798166285	OK	 
GROUP	,SearchName_smith	1626798165552	1626798166285	732	OK
REQUEST	,S_2003326739	Select_thomas	1626798166409	1626798166502	OK	 
REQUEST	,S_3330526		1626798165982	1626798167267	OK	 
REQUEST	,S_3330526	MemberId:3330526	1626798167267	1626798167506	OK	 
GROUP	,S_3330526	1626798165890	1626798167506	1616	OK
REQUEST	,S_803323206	Select_smith	1626798167684	1626798167781	OK	 
REQUEST	,S_803323206		1626798167782	1626798168171	OK	 
REQUEST	,S_803323206	MemberId:803323206	1626798168171	1626798168401	OK	 
GROUP	,S_803323206	1626798167683	1626798168401	716	OK
REQUEST	,SearchByActiveMember	Select_SearchByActiveMember	1626798168008	1626798168401	OK	 
GROUP	,SearchByActiveMember	1626798168008	1626798168401	393	OK
REQUEST	,S_2003326739		1626798166502	1626798169489	OK	 
REQUEST	,DrillDown_smith	70173	1626798169414	1626798169538	OK	 
GROUP	,DrillDown_smith	1626798169414	1626798169538	124	OK
REQUEST	,DrillDown_douglas	67672	1626798169477	1626798169628	OK	 
GROUP	,DrillDown_douglas	1626798169477	1626798169628	151	OK
REQUEST	,S_2003326739	MemberId:2003326739	1626798169489	1626798169724	OK	 
GROUP	,S_2003326739	1626798166409	1626798169724	3315	OK
REQUEST	,SearchName_roger	Search_1	1626798169826	1626798169990	OK	 
REQUEST	,SearchName_roger	Search_3328306	1626798169990	1626798170259	OK	 
GROUP	,SearchName_roger	1626798169825	1626798170259	433	OK
REQUEST	,SearchByActiveMember	Select_SearchByActiveMember	1626798170626	1626798170807	OK	 
GROUP	,SearchByActiveMember	1626798170626	1626798170808	181	OK
REQUEST	,S_3328306	Select_roger	1626798171275	1626798171375	OK	 
REQUEST	,DrillDown_thomas	69195	1626798171333	1626798171499	OK	 
GROUP	,DrillDown_thomas	1626798171332	1626798171499	166	OK
REQUEST	,SearchByActiveMember	Select_SearchByActiveMember	1626798171503	1626798171628	OK	 
GROUP	,SearchByActiveMember	1626798171503	1626798171628	125	OK
REQUEST	,S_3328306		1626798171376	1626798171819	OK	 
REQUEST	,S_3328306	MemberId:3328306	1626798171819	1626798172050	OK	 
GROUP	,S_3328306	1626798171275	1626798172051	774	OK
REQUEST	,SearchName_baker	Search_1	1626798172666	1626798172822	OK	 
REQUEST	,SearchName_baker	Search_1203330606	1626798172822	1626798173035	OK	 
GROUP	,SearchName_baker	1626798172666	1626798173035	369	OK
GROUP		1626798073232	1626798173114	40021	OK
USER	Users_1	END	1626798173115
REQUEST	,SearchName_douglas	Search_1	1626798173084	1626798173293	OK	 
REQUEST	,DrillDown_roger	70075	1626798173333	1626798173477	OK	 
GROUP	,DrillDown_roger	1626798173333	1626798173478	144	OK
REQUEST	,SearchName_douglas	Search_3330526	1626798173294	1626798173496	OK	 
GROUP	,SearchName_douglas	1626798173084	1626798173496	411	OK
REQUEST	,S_3330526	Select_douglas	1626798174808	1626798174911	OK	 
REQUEST	,S_1203330606	Select_baker	1626798174912	1626798175006	OK	 
REQUEST	,SearchByActiveMember	Select_SearchByActiveMember	1626798175282	1626798175429	OK	 
GROUP	,SearchByActiveMember	1626798175282	1626798175429	147	OK
REQUEST	,S_3330526		1626798174912	1626798176380	OK	 
REQUEST	,S_3330526	MemberId:3330526	1626798176380	1626798176688	OK	 
GROUP	,S_3330526	1626798174808	1626798176688	1879	OK
REQUEST	,SearchName_thomas	Search_1	1626798177083	1626798177609	OK	 
REQUEST	,S_1203330606		1626798175006	1626798177664	OK	 
REQUEST	,SearchName_thomas	Search_2003326739	1626798177610	1626798177782	OK	 
GROUP	,SearchName_thomas	1626798177083	1626798177782	698	OK
REQUEST	,S_1203330606	MemberId:1203330606	1626798177664	1626798177897	OK	 
GROUP	,S_1203330606	1626798174912	1626798177897	2985	OK
REQUEST	,DrillDown_douglas	67672	1626798178370	1626798178518	OK	 
GROUP	,DrillDown_douglas	1626798178370	1626798178518	148	OK
GROUP		1626798085230	1626798179563	33415	OK
USER	Users_1	END	1626798179564
REQUEST	,DrillDown_baker	68633	1626798179398	1626798179605	OK	 
GROUP	,DrillDown_baker	1626798179398	1626798179605	207	OK
REQUEST	,S_2003326739	Select_thomas	1626798179718	1626798179806	OK	 
REQUEST	,SearchByActiveMember	Select_SearchByActiveMember	1626798180841	1626798180965	OK	 
GROUP	,SearchByActiveMember	1626798180841	1626798180966	124	OK
REQUEST	,S_2003326739		1626798179806	1626798182217	OK	 
REQUEST	,S_2003326739	MemberId:2003326739	1626798182217	1626798182517	OK	 
GROUP	,S_2003326739	1626798179717	1626798182518	2799	OK
REQUEST	,SearchName_smith	Search_1	1626798182809	1626798183065	OK	 
REQUEST	,SearchName_smith	Search_803323206	1626798183066	1626798183443	OK	 
GROUP	,SearchName_smith	1626798182808	1626798183443	633	OK
REQUEST	,DrillDown_thomas	69195	1626798183617	1626798183828	OK	 
GROUP	,DrillDown_thomas	1626798183617	1626798183828	211	OK
REQUEST	,S_803323206	Select_smith	1626798184659	1626798184759	OK	 
REQUEST	,S_803323206		1626798184759	1626798185747	OK	 
REQUEST	,S_803323206	MemberId:803323206	1626798185747	1626798185992	OK	 
GROUP	,S_803323206	1626798184658	1626798185992	1333	OK
REQUEST	,SearchByActiveMember	Select_SearchByActiveMember	1626798185736	1626798186216	OK	 
GROUP	,SearchByActiveMember	1626798185735	1626798186216	480	OK
REQUEST	,SearchName_roger	Search_1	1626798187656	1626798187839	OK	 
REQUEST	,DrillDown_smith	70173	1626798187855	1626798187996	OK	 
GROUP	,DrillDown_smith	1626798187854	1626798187996	141	OK
REQUEST	,SearchName_roger	Search_3328306	1626798187840	1626798188005	OK	 
GROUP	,SearchName_roger	1626798187655	1626798188005	348	OK
REQUEST	,S_3328306	Select_roger	1626798189266	1626798189605	OK	 
REQUEST	,SearchByActiveMember	Select_SearchByActiveMember	1626798189284	1626798189674	OK	 
GROUP	,SearchByActiveMember	1626798189284	1626798189674	390	OK
REQUEST	,S_3328306		1626798189606	1626798190511	OK	 
REQUEST	,S_3328306	MemberId:3328306	1626798190511	1626798191023	OK	 
GROUP	,S_3328306	1626798189266	1626798191024	1756	OK
REQUEST	,SearchName_baker	Search_1	1626798191044	1626798191433	OK	 
REQUEST	,SearchName_baker	Search_1203330606	1626798191434	1626798191611	OK	 
GROUP	,SearchName_baker	1626798191043	1626798191611	566	OK
REQUEST	,DrillDown_roger	70075	1626798192442	1626798192561	OK	 
GROUP	,DrillDown_roger	1626798192441	1626798192561	119	OK
REQUEST	,S_1203330606	Select_baker	1626798193186	1626798193412	OK	 
GROUP		1626798097231	1626798194254	36306	OK
USER	Users_1	END	1626798194255
REQUEST	,S_1203330606		1626798193412	1626798196041	OK	 
REQUEST	,S_1203330606	MemberId:1203330606	1626798196042	1626798196348	OK	 
GROUP	,S_1203330606	1626798193186	1626798196348	3161	OK
REQUEST	,DrillDown_baker	68633	1626798197758	1626798197930	OK	 
GROUP	,DrillDown_baker	1626798197757	1626798197931	172	OK
GROUP		1626798109229	1626798199866	33324	OK
USER	Users_1	END	1626798199867
