RUN	Optum.Framework.OptumSim	optumsim	1622561259095	Optum.Framework.OptumSim-SIMULATION_1_3:SIMULATION_2_:SIMULATION_3_:SIMULATION_4_0:Iterations_4	3.5.1
USER	Users_1	START	1622561261554
REQUEST	Scen_1,Login	BasePage	1622561261574	1622561261844	OK	 
REQUEST	Scen_1,Login	BasePage_1	1622561261868	1622561261948	OK	 
REQUEST	Scen_1,Login	BasePage_2	1622561261955	1622561262020	OK	 
REQUEST	Scen_1,Login	BasePage_3	1622561262021	1622561262088	OK	 
REQUEST	Scen_1,Login	BasePage_4	1622561262090	1622561262155	OK	 
REQUEST	Scen_1,Login	BasePage_5	1622561262156	1622561284512	OK	 
GROUP	Scen_1,Login	1622561261558	1622561284514	22903	OK
REQUEST	Scen_1,SearchByActiveMember	Select_SearchByActiveMember	1622561285522	1622561285672	OK	 
GROUP	Scen_1,SearchByActiveMember	1622561285521	1622561285673	150	OK
REQUEST	Scen_1,SearchName_douglas	Search_1	1622561286760	1622561287683	OK	 
REQUEST	Scen_1,SearchName_douglas	Search_2003330312	1622561287689	1622561288198	OK	 
GROUP	Scen_1,SearchName_douglas	1622561286757	1622561288199	1432	OK
REQUEST	Scen_1,S_2003330312	Select_douglas	1622561290142	1622561290303	OK	 
REQUEST	Scen_1,S_2003330312	request_1	1622561290304	1622561290588	KO	status.find.in(200,201,202,203,204,205,206,207,208,209,304), found 503
USER	Users_1	START	1622561294546
REQUEST	Scen_1,Login	BasePage	1622561294547	1622561294821	OK	 
REQUEST	Scen_1,Login	BasePage_1	1622561294822	1622561294903	OK	 
REQUEST	Scen_1,Login	BasePage_2	1622561294904	1622561294968	OK	 
REQUEST	Scen_1,Login	BasePage_3	1622561294970	1622561295036	OK	 
REQUEST	Scen_1,Login	BasePage_4	1622561295038	1622561295103	OK	 
REQUEST	Scen_1,S_2003330312	request_2003330312	1622561290592	1622561295669	OK	 
GROUP	Scen_1,S_2003330312	1622561290141	1622561295670	5522	KO
REQUEST	Scen_1,DrillDown_douglas	64881	1622561296925	1622561297928	OK	 
GROUP	Scen_1,DrillDown_douglas	1622561296923	1622561297929	1003	OK
REQUEST	Scen_1,Login	BasePage_5	1622561295104	1622561297991	OK	 
GROUP	Scen_1,Login	1622561294546	1622561297992	3437	OK
REQUEST	Scen_1,SearchByActiveMember	Select_SearchByActiveMember	1622561298998	1622561299100	OK	 
GROUP	Scen_1,SearchByActiveMember	1622561298997	1622561299101	102	OK
REQUEST	Scen_1,SearchByActiveMember	Select_SearchByActiveMember	1622561299086	1622561299387	OK	 
GROUP	Scen_1,SearchByActiveMember	1622561299085	1622561299387	301	OK
REQUEST	Scen_1,SearchName_smith	Search_1	1622561300460	1622561302966	OK	 
REQUEST	Scen_1,SearchName_thomas	Search_1	1622561300330	1622561302973	OK	 
REQUEST	Scen_1,SearchName_thomas	Search_903323080	1622561302974	1622561304256	OK	 
GROUP	Scen_1,SearchName_thomas	1622561300329	1622561304257	3925	OK
REQUEST	Scen_1,SearchName_smith	Search_403324605	1622561302968	1622561304440	OK	 
GROUP	Scen_1,SearchName_smith	1622561300459	1622561304441	3978	OK
REQUEST	Scen_1,S_903323080	Select_thomas	1622561305729	1622561305849	OK	 
REQUEST	Scen_1,S_403324605	Select_smith	1622561305729	1622561305849	OK	 
REQUEST	Scen_1,S_903323080	request_1	1622561305851	1622561316600	OK	 
REQUEST	Scen_1,S_403324605	request_1	1622561305851	1622561316600	OK	 
REQUEST	Scen_1,S_403324605	request_403324605	1622561316602	1622561322604	OK	 
REQUEST	Scen_1,S_903323080	request_903323080	1622561316602	1622561322604	OK	 
GROUP	Scen_1,S_903323080	1622561305728	1622561322605	16871	OK
GROUP	Scen_1,S_403324605	1622561305729	1622561322605	16871	OK
REQUEST	Scen_1,DrillDown_smith	68530	1622561323954	1622561324297	OK	 
GROUP	Scen_1,DrillDown_smith	1622561323953	1622561324298	343	OK
REQUEST	Scen_1,DrillDown_thomas	68806	1622561324093	1622561324451	OK	 
GROUP	Scen_1,DrillDown_thomas	1622561324092	1622561324452	358	OK
REQUEST	Scen_1,SearchByActiveMember	Select_SearchByActiveMember	1622561325495	1622561325609	OK	 
GROUP	Scen_1,SearchByActiveMember	1622561325495	1622561325610	114	OK
REQUEST	Scen_1,SearchByActiveMember	Select_SearchByActiveMember	1622561325745	1622561325861	OK	 
GROUP	Scen_1,SearchByActiveMember	1622561325744	1622561325862	116	OK
USER	Users_1	START	1622561327549
REQUEST	Scen_1,Login	BasePage	1622561327549	1622561327846	OK	 
REQUEST	Scen_1,Login	BasePage_1	1622561327847	1622561327924	OK	 
REQUEST	Scen_1,Login	BasePage_2	1622561327925	1622561327989	OK	 
REQUEST	Scen_1,Login	BasePage_3	1622561327990	1622561328059	OK	 
REQUEST	Scen_1,Login	BasePage_4	1622561328060	1622561328170	OK	 
REQUEST	Scen_1,SearchName_baker	Search_1	1622561327389	1622561328459	OK	 
REQUEST	Scen_1,SearchName_roger	Search_1	1622561327491	1622561329875	OK	 
REQUEST	Scen_1,SearchName_baker	Search_1803327625	1622561328461	1622561329875	OK	 
GROUP	Scen_1,SearchName_baker	1622561327388	1622561329876	2484	OK
REQUEST	Scen_1,S_1803327625	Select_baker	1622561331386	1622561331704	OK	 
REQUEST	Scen_1,SearchName_roger	Search_403328329	1622561329876	1622561331776	OK	 
GROUP	Scen_1,SearchName_roger	1622561327490	1622561331777	4284	OK
REQUEST	Scen_1,S_1803327625	request_1	1622561331705	1622561331788	KO	status.find.in(200,201,202,203,204,205,206,207,208,209,304), found 503
REQUEST	Scen_1,Login	BasePage_5	1622561328171	1622561332642	OK	 
GROUP	Scen_1,Login	1622561327549	1622561332643	5088	OK
REQUEST	Scen_1,S_403328329	Select_roger	1622561333394	1622561333729	OK	 
REQUEST	Scen_1,SearchByActiveMember	Select_SearchByActiveMember	1622561333648	1622561333805	OK	 
GROUP	Scen_1,SearchByActiveMember	1622561333647	1622561333806	157	OK
REQUEST	Scen_1,S_1803327625	request_1803327625	1622561331789	1622561334482	OK	 
GROUP	Scen_1,S_1803327625	1622561331385	1622561334483	3094	KO
REQUEST	Scen_1,S_403328329	request_1	1622561333731	1622561335122	OK	 
REQUEST	Scen_1,SearchName_douglas	Search_1	1622561335494	1622561336391	OK	 
REQUEST	Scen_1,DrillDown_baker	68847	1622561335928	1622561336591	OK	 
GROUP	Scen_1,DrillDown_baker	1622561335927	1622561336592	663	OK
REQUEST	Scen_1,SearchName_douglas	Search_2003330312	1622561336392	1622561337349	OK	 
GROUP	Scen_1,SearchName_douglas	1622561335493	1622561337350	1854	OK
REQUEST	Scen_1,S_403328329	request_403328329	1622561335124	1622561338370	OK	 
GROUP	Scen_1,S_403328329	1622561333393	1622561338371	4972	OK
REQUEST	Scen_1,SearchByActiveMember	Select_SearchByActiveMember	1622561338518	1622561339193	OK	 
GROUP	Scen_1,SearchByActiveMember	1622561338517	1622561339194	675	OK
REQUEST	Scen_1,S_2003330312	Select_douglas	1622561339322	1622561339434	OK	 
REQUEST	Scen_1,S_2003330312	request_1	1622561339435	1622561339735	KO	status.find.in(200,201,202,203,204,205,206,207,208,209,304), found 503
REQUEST	Scen_1,DrillDown_roger	63702	1622561339555	1622561339755	OK	 
GROUP	Scen_1,DrillDown_roger	1622561339554	1622561339756	200	OK
REQUEST	Scen_1,SearchByActiveMember	Select_SearchByActiveMember	1622561341567	1622561341927	OK	 
GROUP	Scen_1,SearchByActiveMember	1622561341566	1622561341927	360	OK
REQUEST	Scen_1,SearchName_thomas	Search_1	1622561341082	1622561343287	OK	 
REQUEST	Scen_1,S_2003330312	request_2003330312	1622561339736	1622561343376	OK	 
GROUP	Scen_1,S_2003330312	1622561339321	1622561343377	4052	KO
REQUEST	Scen_1,SearchName_thomas	Search_903323080	1622561343289	1622561344473	OK	 
GROUP	Scen_1,SearchName_thomas	1622561341081	1622561344474	3389	OK
REQUEST	Scen_1,DrillDown_douglas	64881	1622561344455	1622561345031	OK	 
GROUP	Scen_1,DrillDown_douglas	1622561344454	1622561345032	576	OK
REQUEST	Scen_1,SearchName_smith	Search_1	1622561343782	1622561345082	OK	 
REQUEST	Scen_1,SearchName_smith	Search_403324605	1622561345083	1622561346050	OK	 
GROUP	Scen_1,SearchName_smith	1622561343781	1622561346051	2267	OK
REQUEST	Scen_1,S_903323080	Select_thomas	1622561346190	1622561346276	OK	 
REQUEST	Scen_1,SearchByActiveMember	Select_SearchByActiveMember	1622561346421	1622561346564	OK	 
GROUP	Scen_1,SearchByActiveMember	1622561346421	1622561346565	143	OK
REQUEST	Scen_1,S_903323080	request_1	1622561346278	1622561347588	OK	 
REQUEST	Scen_1,S_403324605	Select_smith	1622561347732	1622561347894	OK	 
REQUEST	Scen_1,S_403324605	request_1	1622561347895	1622561349422	OK	 
REQUEST	Scen_1,SearchName_roger	Search_1	1622561348450	1622561351277	OK	 
REQUEST	Scen_1,S_903323080	request_903323080	1622561347589	1622561352606	OK	 
GROUP	Scen_1,S_903323080	1622561346189	1622561352607	6413	OK
REQUEST	Scen_1,SearchName_roger	Search_403328329	1622561351278	1622561353402	OK	 
GROUP	Scen_1,SearchName_roger	1622561348449	1622561353402	4951	OK
REQUEST	Scen_1,S_403324605	request_403324605	1622561349423	1622561354327	OK	 
GROUP	Scen_1,S_403324605	1622561347731	1622561354328	6593	OK
REQUEST	Scen_1,DrillDown_thomas	68806	1622561354065	1622561354428	OK	 
GROUP	Scen_1,DrillDown_thomas	1622561354064	1622561354429	363	OK
REQUEST	Scen_1,S_403328329	Select_roger	1622561354665	1622561354755	OK	 
REQUEST	Scen_1,S_403328329	request_1	1622561354756	1622561355670	OK	 
REQUEST	Scen_1,DrillDown_smith	68530	1622561355663	1622561355977	OK	 
GROUP	Scen_1,DrillDown_smith	1622561355663	1622561355977	314	OK
REQUEST	Scen_1,SearchByActiveMember	Select_SearchByActiveMember	1622561355677	1622561356034	OK	 
GROUP	Scen_1,SearchByActiveMember	1622561355676	1622561356035	357	OK
REQUEST	Scen_1,SearchByActiveMember	Select_SearchByActiveMember	1622561357461	1622561357830	OK	 
GROUP	Scen_1,SearchByActiveMember	1622561357460	1622561357831	369	OK
REQUEST	Scen_1,SearchName_baker	Search_1	1622561357388	1622561358445	OK	 
REQUEST	Scen_1,S_403328329	request_403328329	1622561355671	1622561358564	OK	 
GROUP	Scen_1,S_403328329	1622561354665	1622561358565	3897	OK
REQUEST	Scen_1,SearchName_baker	Search_1803327625	1622561358447	1622561359366	OK	 
GROUP	Scen_1,SearchName_baker	1622561357387	1622561359366	1976	OK
REQUEST	Scen_1,SearchName_douglas	Search_1	1622561359549	1622561360595	OK	 
REQUEST	Scen_1,DrillDown_roger	63702	1622561360136	1622561360628	OK	 
GROUP	Scen_1,DrillDown_roger	1622561360135	1622561360629	492	OK
REQUEST	Scen_1,S_1803327625	Select_baker	1622561360900	1622561361030	OK	 
REQUEST	Scen_1,S_1803327625	request_1	1622561361031	1622561361280	OK	 
REQUEST	Scen_1,SearchName_douglas	Search_2003330312	1622561360596	1622561361320	OK	 
GROUP	Scen_1,SearchName_douglas	1622561359548	1622561361321	1770	OK
REQUEST	Scen_1,SearchByActiveMember	Select_SearchByActiveMember	1622561362323	1622561362821	OK	 
GROUP	Scen_1,SearchByActiveMember	1622561362322	1622561362821	498	OK
REQUEST	Scen_1,S_2003330312	Select_douglas	1622561363015	1622561363149	OK	 
REQUEST	Scen_1,S_1803327625	request_1803327625	1622561361281	1622561363609	OK	 
GROUP	Scen_1,S_1803327625	1622561360899	1622561363609	2707	OK
REQUEST	Scen_1,DrillDown_baker	68847	1622561364765	1622561365405	OK	 
GROUP	Scen_1,DrillDown_baker	1622561364765	1622561365406	640	OK
REQUEST	Scen_1,SearchName_thomas	Search_1	1622561364767	1622561365816	OK	 
REQUEST	Scen_1,S_2003330312	request_1	1622561363151	1622561366328	OK	 
REQUEST	Scen_1,SearchName_thomas	Search_903323080	1622561365817	1622561367111	OK	 
GROUP	Scen_1,SearchName_thomas	1622561364766	1622561367112	2343	OK
REQUEST	Scen_1,SearchByActiveMember	Select_SearchByActiveMember	1622561366650	1622561367152	OK	 
GROUP	Scen_1,SearchByActiveMember	1622561366650	1622561367153	502	OK
REQUEST	Scen_1,S_903323080	Select_thomas	1622561369015	1622561369147	OK	 
REQUEST	Scen_1,S_2003330312	request_2003330312	1622561366329	1622561369357	OK	 
GROUP	Scen_1,S_2003330312	1622561363015	1622561369358	6339	OK
REQUEST	Scen_1,S_903323080	request_1	1622561369148	1622561369912	OK	 
REQUEST	Scen_1,SearchName_smith	Search_1	1622561368779	1622561370018	OK	 
REQUEST	Scen_1,DrillDown_douglas	64881	1622561371148	1622561372065	OK	 
GROUP	Scen_1,DrillDown_douglas	1622561371147	1622561372066	917	OK
REQUEST	Scen_1,SearchName_smith	Search_403324605	1622561370019	1622561372577	OK	 
GROUP	Scen_1,SearchName_smith	1622561368778	1622561372578	3797	OK
REQUEST	Scen_1,S_403324605	Select_smith	1622561373840	1622561374023	OK	 
REQUEST	Scen_1,S_903323080	request_903323080	1622561369913	1622561374051	OK	 
GROUP	Scen_1,S_903323080	1622561369014	1622561374051	5034	OK
REQUEST	Scen_1,SearchByActiveMember	Select_SearchByActiveMember	1622561373917	1622561374265	OK	 
GROUP	Scen_1,SearchByActiveMember	1622561373916	1622561374265	348	OK
REQUEST	Scen_1,S_403324605	request_1	1622561374024	1622561374827	OK	 
REQUEST	Scen_1,DrillDown_thomas	68806	1622561375812	1622561376981	OK	 
GROUP	Scen_1,DrillDown_thomas	1622561375811	1622561376982	1169	OK
REQUEST	Scen_1,S_403324605	request_403324605	1622561374828	1622561377896	OK	 
REQUEST	Scen_1,SearchName_roger	Search_1	1622561376007	1622561377896	OK	 
GROUP	Scen_1,S_403324605	1622561373839	1622561377897	4054	OK
REQUEST	Scen_1,SearchName_roger	Search_403328329	1622561377898	1622561378757	OK	 
GROUP	Scen_1,SearchName_roger	1622561376006	1622561378757	2748	OK
REQUEST	Scen_1,SearchByActiveMember	Select_SearchByActiveMember	1622561378746	1622561379131	OK	 
GROUP	Scen_1,SearchByActiveMember	1622561378745	1622561379132	385	OK
REQUEST	Scen_1,DrillDown_smith	68530	1622561379630	1622561379747	OK	 
GROUP	Scen_1,DrillDown_smith	1622561379630	1622561379748	117	OK
REQUEST	Scen_1,SearchName_baker	Search_1	1622561380158	1622561380696	OK	 
REQUEST	Scen_1,S_403328329	Select_roger	1622561380665	1622561380760	OK	 
REQUEST	Scen_1,SearchName_baker	Search_1803327625	1622561380697	1622561381385	OK	 
GROUP	Scen_1,SearchName_baker	1622561380157	1622561381386	1226	OK
REQUEST	Scen_1,S_403328329	request_1	1622561380761	1622561381711	OK	 
REQUEST	Scen_1,SearchByActiveMember	Select_SearchByActiveMember	1622561381264	1622561381793	OK	 
GROUP	Scen_1,SearchByActiveMember	1622561381263	1622561381793	529	OK
REQUEST	Scen_1,S_1803327625	Select_baker	1622561383096	1622561383272	OK	 
REQUEST	Scen_1,S_1803327625	request_1	1622561383273	1622561383408	OK	 
REQUEST	Scen_1,SearchName_douglas	Search_1	1622561383512	1622561384965	OK	 
REQUEST	Scen_1,SearchName_douglas	Search_2003330312	1622561384967	1622561386706	OK	 
GROUP	Scen_1,SearchName_douglas	1622561383511	1622561386707	3192	OK
REQUEST	Scen_1,S_403328329	request_403328329	1622561381713	1622561387320	OK	 
GROUP	Scen_1,S_403328329	1622561380664	1622561387321	6652	OK
REQUEST	Scen_1,S_2003330312	Select_douglas	1622561388103	1622561388276	OK	 
REQUEST	Scen_1,S_1803327625	request_1803327625	1622561383409	1622561388277	OK	 
GROUP	Scen_1,S_1803327625	1622561383095	1622561388278	5179	OK
REQUEST	Scen_1,DrillDown_baker	68847	1622561389299	1622561389525	OK	 
REQUEST	Scen_1,DrillDown_roger	63702	1622561389313	1622561389525	OK	 
GROUP	Scen_1,DrillDown_roger	1622561389312	1622561389526	212	OK
GROUP	Scen_1,DrillDown_baker	1622561389298	1622561389526	226	OK
REQUEST	Scen_1,S_2003330312	request_1	1622561388278	1622561390905	OK	 
REQUEST	Scen_1,SearchByActiveMember	Select_SearchByActiveMember	1622561390937	1622561391323	OK	 
GROUP	Scen_1,SearchByActiveMember	1622561390937	1622561391323	386	OK
REQUEST	Scen_1,SearchByActiveMember	Select_SearchByActiveMember	1622561391120	1622561391519	OK	 
GROUP	Scen_1,SearchByActiveMember	1622561391119	1622561391520	399	OK
REQUEST	Scen_1,S_2003330312	request_2003330312	1622561390907	1622561394181	OK	 
GROUP	Scen_1,S_2003330312	1622561388102	1622561394182	6074	OK
REQUEST	Scen_1,SearchName_thomas	Search_1	1622561392893	1622561394831	OK	 
REQUEST	Scen_1,SearchName_smith	Search_1	1622561393410	1622561395103	OK	 
REQUEST	Scen_1,SearchName_thomas	Search_903323080	1622561394832	1622561396319	OK	 
GROUP	Scen_1,SearchName_thomas	1622561392892	1622561396320	3425	OK
REQUEST	Scen_1,DrillDown_douglas	64881	1622561395572	1622561396462	OK	 
GROUP	Scen_1,DrillDown_douglas	1622561395572	1622561396462	890	OK
REQUEST	Scen_1,SearchName_smith	Search_403324605	1622561395105	1622561396498	OK	 
GROUP	Scen_1,SearchName_smith	1622561393409	1622561396499	3086	OK
REQUEST	Scen_1,S_903323080	Select_thomas	1622561397381	1622561397456	OK	 
REQUEST	Scen_1,SearchByActiveMember	Select_SearchByActiveMember	1622561397480	1622561397676	OK	 
GROUP	Scen_1,SearchByActiveMember	1622561397479	1622561397677	196	OK
REQUEST	Scen_1,S_403324605	Select_smith	1622561398281	1622561398366	OK	 
REQUEST	Scen_1,S_903323080	request_1	1622561397457	1622561398469	OK	 
REQUEST	Scen_1,S_403324605	request_1	1622561398367	1622561399179	OK	 
REQUEST	Scen_1,SearchName_roger	Search_1	1622561398912	1622561401961	OK	 
REQUEST	Scen_1,SearchName_roger	Search_403328329	1622561401963	1622561405033	OK	 
GROUP	Scen_1,SearchName_roger	1622561398911	1622561405034	6119	OK
REQUEST	Scen_1,S_903323080	request_903323080	1622561398470	1622561405955	OK	 
GROUP	Scen_1,S_903323080	1622561397381	1622561405956	8572	OK
REQUEST	Scen_1,S_403324605	request_403324605	1622561399181	1622561406572	OK	 
GROUP	Scen_1,S_403324605	1622561398280	1622561406572	8288	OK
REQUEST	Scen_1,S_403328329	Select_roger	1622561406894	1622561407209	OK	 
REQUEST	Scen_1,DrillDown_smith	68530	1622561407863	1622561407975	OK	 
GROUP	Scen_1,DrillDown_smith	1622561407862	1622561407975	112	OK
REQUEST	Scen_1,DrillDown_thomas	68806	1622561407845	1622561408018	OK	 
GROUP	Scen_1,DrillDown_thomas	1622561407844	1622561408019	173	OK
REQUEST	Scen_1,S_403328329	request_1	1622561407210	1622561408518	OK	 
REQUEST	Scen_1,SearchByActiveMember	Select_SearchByActiveMember	1622561409179	1622561409553	OK	 
GROUP	Scen_1,SearchByActiveMember	1622561409178	1622561409554	374	OK
REQUEST	Scen_1,SearchByActiveMember	Select_SearchByActiveMember	1622561409341	1622561409703	OK	 
GROUP	Scen_1,SearchByActiveMember	1622561409340	1622561409703	362	OK
REQUEST	Scen_1,SearchName_baker	Search_1	1622561410807	1622561412172	OK	 
REQUEST	Scen_1,S_403328329	request_403328329	1622561408519	1622561412285	OK	 
GROUP	Scen_1,S_403328329	1622561406893	1622561412286	5389	OK
REQUEST	Scen_1,SearchName_douglas	Search_1	1622561411554	1622561412715	OK	 
REQUEST	Scen_1,SearchName_baker	Search_1803327625	1622561412173	1622561412856	OK	 
GROUP	Scen_1,SearchName_baker	1622561410807	1622561412856	2048	OK
REQUEST	Scen_1,SearchName_douglas	Search_2003330312	1622561412716	1622561413432	OK	 
GROUP	Scen_1,SearchName_douglas	1622561411554	1622561413433	1877	OK
REQUEST	Scen_1,DrillDown_roger	63702	1622561413803	1622561414356	OK	 
GROUP	Scen_1,DrillDown_roger	1622561413802	1622561414357	553	OK
REQUEST	Scen_1,S_1803327625	Select_baker	1622561414745	1622561414829	OK	 
REQUEST	Scen_1,S_1803327625	request_1	1622561414830	1622561414959	OK	 
REQUEST	Scen_1,S_2003330312	Select_douglas	1622561415247	1622561415416	OK	 
REQUEST	Scen_1,SearchByActiveMember	Select_SearchByActiveMember	1622561416097	1622561416446	OK	 
GROUP	Scen_1,SearchByActiveMember	1622561416096	1622561416447	349	OK
REQUEST	Scen_1,S_2003330312	request_1	1622561415417	1622561417835	OK	 
REQUEST	Scen_1,S_1803327625	request_1803327625	1622561414960	1622561421219	OK	 
GROUP	Scen_1,S_1803327625	1622561414745	1622561421220	6472	OK
REQUEST	Scen_1,SearchName_thomas	Search_1	1622561418110	1622561421829	OK	 
REQUEST	Scen_1,DrillDown_baker	68847	1622561422514	1622561423058	OK	 
GROUP	Scen_1,DrillDown_baker	1622561422513	1622561423059	544	OK
REQUEST	Scen_1,SearchName_thomas	Search_903323080	1622561421831	1622561424284	OK	 
GROUP	Scen_1,SearchName_thomas	1622561418109	1622561424284	6172	OK
REQUEST	Scen_1,S_2003330312	request_2003330312	1622561417836	1622561424650	OK	 
GROUP	Scen_1,S_2003330312	1622561415246	1622561424651	9401	OK
REQUEST	Scen_1,SearchByActiveMember	Select_SearchByActiveMember	1622561424637	1622561424957	OK	 
GROUP	Scen_1,SearchByActiveMember	1622561424636	1622561424958	320	OK
REQUEST	Scen_1,S_903323080	Select_thomas	1622561425830	1622561425938	OK	 
REQUEST	Scen_1,S_903323080	request_1	1622561425939	1622561426975	OK	 
REQUEST	Scen_1,DrillDown_douglas	64881	1622561426270	1622561427172	OK	 
GROUP	Scen_1,DrillDown_douglas	1622561426269	1622561427173	902	OK
REQUEST	Scen_1,SearchName_smith	Search_1	1622561426229	1622561427406	OK	 
REQUEST	Scen_1,SearchByActiveMember	Select_SearchByActiveMember	1622561428989	1622561429345	OK	 
GROUP	Scen_1,SearchByActiveMember	1622561428988	1622561429346	356	OK
REQUEST	Scen_1,SearchName_smith	Search_403324605	1622561427406	1622561429639	OK	 
GROUP	Scen_1,SearchName_smith	1622561426228	1622561429639	3410	OK
REQUEST	Scen_1,S_403324605	Select_smith	1622561430644	1622561431002	OK	 
REQUEST	Scen_1,S_903323080	request_903323080	1622561426976	1622561431041	OK	 
GROUP	Scen_1,S_903323080	1622561425830	1622561431041	5209	OK
REQUEST	Scen_1,S_403324605	request_1	1622561431003	1622561431455	OK	 
REQUEST	Scen_1,SearchName_roger	Search_1	1622561431093	1622561432348	OK	 
REQUEST	Scen_1,DrillDown_thomas	68806	1622561432105	1622561433260	OK	 
GROUP	Scen_1,DrillDown_thomas	1622561432105	1622561433261	1155	OK
REQUEST	Scen_1,SearchName_roger	Search_403328329	1622561432349	1622561434117	OK	 
GROUP	Scen_1,SearchName_roger	1622561431092	1622561434118	3023	OK
REQUEST	Scen_1,S_403324605	request_403324605	1622561431456	1622561435213	OK	 
GROUP	Scen_1,S_403324605	1622561430644	1622561435214	4567	OK
REQUEST	Scen_1,S_403328329	Select_roger	1622561435123	1622561435213	OK	 
REQUEST	Scen_1,SearchByActiveMember	Select_SearchByActiveMember	1622561434850	1622561435221	OK	 
GROUP	Scen_1,SearchByActiveMember	1622561434850	1622561435222	371	OK
REQUEST	Scen_1,S_403328329	request_1	1622561435214	1622561436205	OK	 
REQUEST	Scen_1,DrillDown_smith	68530	1622561437095	1622561437601	OK	 
GROUP	Scen_1,DrillDown_smith	1622561437094	1622561437602	506	OK
REQUEST	Scen_1,SearchName_baker	Search_1	1622561436975	1622561437903	OK	 
REQUEST	Scen_1,SearchName_baker	Search_1803327625	1622561437904	1622561438828	OK	 
GROUP	Scen_1,SearchName_baker	1622561436974	1622561438828	1852	OK
REQUEST	Scen_1,S_403328329	request_403328329	1622561436206	1622561439030	OK	 
GROUP	Scen_1,S_403328329	1622561435122	1622561439031	3905	OK
REQUEST	Scen_1,SearchByActiveMember	Select_SearchByActiveMember	1622561439130	1622561439470	OK	 
GROUP	Scen_1,SearchByActiveMember	1622561439130	1622561439471	340	OK
REQUEST	Scen_1,DrillDown_roger	63702	1622561440354	1622561440670	OK	 
GROUP	Scen_1,DrillDown_roger	1622561440353	1622561440671	316	OK
REQUEST	Scen_1,S_1803327625	Select_baker	1622561440690	1622561440767	OK	 
REQUEST	Scen_1,S_1803327625	request_1	1622561440768	1622561441092	OK	 
REQUEST	Scen_1,SearchName_douglas	Search_1	1622561441037	1622561442412	OK	 
REQUEST	Scen_1,SearchByActiveMember	Select_SearchByActiveMember	1622561442390	1622561442745	OK	 
GROUP	Scen_1,SearchByActiveMember	1622561442390	1622561442746	355	OK
REQUEST	Scen_1,SearchName_douglas	Search_2003330312	1622561442413	1622561443435	OK	 
GROUP	Scen_1,SearchName_douglas	1622561441036	1622561443436	2397	OK
REQUEST	Scen_1,S_2003330312	Select_douglas	1622561445032	1622561445215	OK	 
REQUEST	Scen_1,SearchName_thomas	Search_1	1622561443990	1622561446304	OK	 
REQUEST	Scen_1,S_1803327625	request_1803327625	1622561441093	1622561446917	OK	 
GROUP	Scen_1,S_1803327625	1622561440689	1622561446918	6225	OK
REQUEST	Scen_1,S_2003330312	request_1	1622561445216	1622561447738	OK	 
REQUEST	Scen_1,SearchName_thomas	Search_903323080	1622561446305	1622561447744	OK	 
GROUP	Scen_1,SearchName_thomas	1622561443989	1622561447744	3753	OK
REQUEST	Scen_1,DrillDown_baker	68847	1622561448312	1622561448968	OK	 
GROUP	Scen_1,DrillDown_baker	1622561448311	1622561448969	656	OK
REQUEST	Scen_1,S_903323080	Select_thomas	1622561449426	1622561449609	OK	 
REQUEST	Scen_1,S_903323080	request_1	1622561449610	1622561450737	OK	 
REQUEST	Scen_1,SearchByActiveMember	Select_SearchByActiveMember	1622561450537	1622561450901	OK	 
GROUP	Scen_1,SearchByActiveMember	1622561450536	1622561450901	364	OK
REQUEST	Scen_1,S_2003330312	request_2003330312	1622561447739	1622561451008	OK	 
GROUP	Scen_1,S_2003330312	1622561445031	1622561451009	5974	OK
REQUEST	Scen_1,DrillDown_douglas	64881	1622561452493	1622561453474	OK	 
GROUP	Scen_1,DrillDown_douglas	1622561452492	1622561453475	981	OK
REQUEST	Scen_1,SearchName_smith	Search_1	1622561452385	1622561454188	OK	 
REQUEST	Scen_1,S_903323080	request_903323080	1622561450738	1622561454599	OK	 
GROUP	Scen_1,S_903323080	1622561449426	1622561454599	5171	OK
REQUEST	Scen_1,SearchName_smith	Search_403324605	1622561454189	1622561455212	OK	 
GROUP	Scen_1,SearchName_smith	1622561452385	1622561455213	2826	OK
REQUEST	Scen_1,SearchByActiveMember	Select_SearchByActiveMember	1622561455312	1622561455872	OK	 
GROUP	Scen_1,SearchByActiveMember	1622561455312	1622561455873	560	OK
REQUEST	Scen_1,DrillDown_thomas	68806	1622561456245	1622561456408	OK	 
GROUP	Scen_1,DrillDown_thomas	1622561456244	1622561456409	163	OK
REQUEST	Scen_1,S_403324605	Select_smith	1622561457032	1622561457125	OK	 
REQUEST	Scen_1,S_403324605	request_1	1622561457126	1622561457645	OK	 
REQUEST	Scen_1,SearchByActiveMember	