RUN	BO.Framework.BOSim	bosim	1623687128521	 	3.5.1
USER	Users_1	START	1623687130305
REQUEST	LOGIN,LOGIN	LOGIN	1623687130330	1623687131175	OK	 
REQUEST	LOGIN,LOGIN	request_11	1623687131195	1623687131460	OK	 
REQUEST	LOGIN,LOGIN	request_12	1623687131470	1623687131566	OK	 
REQUEST	LOGIN,LOGIN	request_13	1623687131567	1623687131902	OK	 
REQUEST	LOGIN,LOGIN	request_14	1623687131903	1623687131968	OK	 
REQUEST	LOGIN,LOGIN	request_14 Redirect 1	1623687131972	1623687132067	OK	 
REQUEST	LOGIN,LOGIN	error-63062f7857.min.js	1623687132100	1623687132403	OK	 
REQUEST	LOGIN,LOGIN	consumer-optum3-b35069f230.css	1623687132102	1623687132412	OK	 
REQUEST	LOGIN,LOGIN	favicon.ico	1623687132102	1623687132419	OK	 
REQUEST	LOGIN,LOGIN	consumer-7acd47889c.css	1623687132101	1623687132474	OK	 
REQUEST	LOGIN,LOGIN	uitk-req-min-948de8930b.css	1623687132101	1623687132534	OK	 
REQUEST	LOGIN,LOGIN	lib-min-7e6d84b497.js	1623687132099	1623687132666	OK	 
REQUEST	LOGIN,LOGIN	request_17	1623687132691	1623687132973	KO	status.find.in(200,201,202,203,204,205,206,207,208,209,304), found 404
REQUEST	LOGIN,LOGIN	request_18	1623687132977	1623687133115	KO	status.find.in(200,201,202,203,204,205,206,207,208,209,304), found 404
REQUEST	LOGIN,LOGIN	request_19	1623687133117	1623687133560	KO	status.find.in(200,201,202,203,204,205,206,207,208,209,304), found 400
REQUEST	LOGIN,LOGIN	request_20	1623687133561	1623687133845	OK	 
REQUEST	LOGIN,LOGIN	request_21	1623687133847	1623687133920	OK	 
REQUEST	LOGIN,LOGIN	request_22	1623687133922	1623687133990	OK	 
REQUEST	LOGIN,LOGIN	request_23	1623687133991	1623687134071	OK	 
REQUEST	LOGIN,LOGIN	request_23 Redirect 1	1623687134072	1623687134337	OK	 
REQUEST	LOGIN,LOGIN	request_23 Redirect 2	1623687134339	1623687134463	OK	 
REQUEST	LOGIN,LOGIN	request_23 Redirect 3	1623687134464	1623687134748	OK	 
REQUEST	LOGIN,LOGIN	global-app-config.js	1623687134757	1623687134855	OK	 
REQUEST	LOGIN,LOGIN	newrelic.js	1623687134758	1623687134914	OK	 
REQUEST	LOGIN,LOGIN	{{favIconPath}}	1623687134756	1623687134938	OK	 
REQUEST	LOGIN,LOGIN	uitk-req-min-945fd9447c.js	1623687134757	1623687134982	OK	 
REQUEST	LOGIN,LOGIN	prelogin-f85aab9ec4.min.js	1623687134758	1623687135092	OK	 
REQUEST	LOGIN,LOGIN	summer.js	1623687134755	1623687135332	OK	 
REQUEST	LOGIN,LOGIN	request_24	1623687135334	1623687135416	OK	 
REQUEST	LOGIN,LOGIN	request_25	1623687135417	1623687135485	OK	 
REQUEST	LOGIN,LOGIN	request_26	1623687135486	1623687135556	OK	 
REQUEST	LOGIN,LOGIN	request_27	1623687135557	1623687135627	OK	 
REQUEST	LOGIN,LOGIN	request_28	1623687135628	1623687135696	OK	 
REQUEST	LOGIN,LOGIN	request_29	1623687135697	1623687135832	OK	 
REQUEST	LOGIN,LOGIN	request_30	1623687135834	1623687135926	OK	 
REQUEST	LOGIN,LOGIN	request_31	1623687135928	1623687136017	OK	 
REQUEST	LOGIN,LOGIN	request_32	1623687136018	1623687136101	OK	 
REQUEST	LOGIN,LOGIN	request_33	1623687136102	1623687136173	OK	 
REQUEST	LOGIN,LOGIN	request_34	1623687136175	1623687136247	OK	 
REQUEST	LOGIN,LOGIN	request_35	1623687136248	1623687136333	OK	 
REQUEST	LOGIN,LOGIN	request_36	1623687136335	1623687136406	OK	 
REQUEST	LOGIN,LOGIN	request_37	1623687136407	1623687136477	OK	 
REQUEST	LOGIN,LOGIN	request_38	1623687136478	1623687136566	OK	 
REQUEST	LOGIN,LOGIN	request_39	1623687136567	1623687136636	OK	 
REQUEST	LOGIN,LOGIN	request_40	1623687136637	1623687136707	OK	 
REQUEST	LOGIN,LOGIN	request_41	1623687136708	1623687136778	OK	 
REQUEST	LOGIN,LOGIN	request_42	1623687136779	1623687136849	OK	 
REQUEST	LOGIN,LOGIN	request_43	1623687136850	1623687136931	OK	 
REQUEST	LOGIN,LOGIN	request_44	1623687136932	1623687137006	OK	 
REQUEST	LOGIN,LOGIN	request_45	1623687137008	1623687137613	OK	 
REQUEST	LOGIN,LOGIN	request_46	1623687137616	1623687138136	OK	 
REQUEST	LOGIN,LOGIN	request_47	1623687138141	1623687138222	OK	 
REQUEST	LOGIN,LOGIN	request_48	1623687138223	1623687138297	OK	 
REQUEST	LOGIN,LOGIN	request_49	1623687138299	1623687138372	OK	 
REQUEST	LOGIN,LOGIN	request_50	1623687138374	1623687138442	OK	 
REQUEST	LOGIN,LOGIN	request_51	1623687138443	1623687138999	OK	 
REQUEST	LOGIN,LOGIN	request_52	1623687139003	1623687139317	OK	 
REQUEST	LOGIN,LOGIN	request_53	1623687139318	1623687139582	OK	 
REQUEST	LOGIN,LOGIN	request_54	1623687139584	1623687139682	OK	 
REQUEST	LOGIN,LOGIN	request_55	1623687139683	1623687139781	OK	 
REQUEST	LOGIN,LOGIN	request_56	1623687139782	1623687139874	OK	 
REQUEST	LOGIN,LOGIN	request_57	1623687139875	1623687140383	OK	 
REQUEST	LOGIN,LOGIN	request_58	1623687140384	1623687140796	OK	 
REQUEST	LOGIN,LOGIN	request_59	1623687140797	1623687140900	OK	 
REQUEST	LOGIN,LOGIN	request_60	1623687140901	1623687140991	OK	 
REQUEST	LOGIN,LOGIN	request_61	1623687140992	1623687141597	OK	 
GROUP	LOGIN,LOGIN	1623687130310	1623687141597	11124	KO
GROUP	LOGIN	1623687130308	1623687143431	11124	KO
USER	Users_1	END	1623687143438
