RUN	Optum.Framework.OptumSim	optumsim	1625670314380	Optum.Framework.OptumSim-SIMULATION_1_1:SIMULATION_2_1:SIMULATION_3_1:Iterations_1	3.5.1
USER	Users_1	START	1625670315858
REQUEST	Scen_1,Login		1625670315875	1625670316179	OK	 
REQUEST	Scen_1,Login	favicon.ico	1625670316237	1625670316545	OK	 
REQUEST	Scen_1,Login	runtime-es2015.a02b527030695c21acab.js	1625670316238	1625670316605	OK	 
REQUEST	Scen_1,Login	runtime-es5.a02b527030695c21acab.js	1625670316239	1625670316608	OK	 
REQUEST	Scen_1,Login	icon?family=Material+Icons	1625670316240	1625670316646	OK	 
REQUEST	Scen_1,Login	styles-es5.8dcb7b1cdd5d944ad068.js	1625670316547	1625670316689	OK	 
REQUEST	Scen_1,Login	styles-es2015.8dcb7b1cdd5d944ad068.js	1625670316240	1625670316731	OK	 
REQUEST	Scen_1,Login	polyfills-es5.7951a9b6d5d3faf73072.js	1625670316239	1625670316790	OK	 
REQUEST	Scen_1,Login	polyfills-es2015.08b3d487343e8bcb5f4b.js	1625670316240	1625670316834	OK	 
REQUEST	Scen_1,Login	main-es5.8a12e6f1e5b08471ce36.js	1625670316609	1625670317836	OK	 
REQUEST	Scen_1,Login	main-es2015.8a12e6f1e5b08471ce36.js	1625670316607	1625670318118	OK	 
REQUEST	Scen_1,Login		1625670318129	1625670318191	OK	 
REQUEST	Scen_1,Login		1625670318194	1625670318255	OK	 
REQUEST	Scen_1,Login		1625670318258	1625670318321	OK	 
REQUEST	Scen_1,Login	favicon.ico	1625670318327	1625670318388	OK	 
REQUEST	Scen_1,Login	styles-es2015.8dcb7b1cdd5d944ad068.js	1625670318330	1625670318395	OK	 
REQUEST	Scen_1,Login	polyfills-es5.7951a9b6d5d3faf73072.js	1625670318329	1625670318397	OK	 
REQUEST	Scen_1,Login	runtime-es5.a02b527030695c21acab.js	1625670318328	1625670318397	OK	 
REQUEST	Scen_1,Login	runtime-es2015.a02b527030695c21acab.js	1625670318328	1625670318398	OK	 
REQUEST	Scen_1,Login	polyfills-es2015.08b3d487343e8bcb5f4b.js	1625670318329	1625670318399	OK	 
REQUEST	Scen_1,Login		1625670318400	1625670318836	OK	 
REQUEST	Scen_1,Login		1625670318838	1625670319266	OK	 
GROUP	Scen_1,Login	1625670315860	1625670319267	3323	OK
REQUEST	Scen_1,SearchByActiveMember	Select_SearchByActiveMember	1625670320271	1625670320433	OK	 
GROUP	Scen_1,SearchByActiveMember	1625670320270	1625670320434	162	OK
REQUEST	Scen_1,SearchName_Name	Search_1	1625670322298	1625670322600	OK	 
REQUEST	Scen_1,SearchName_Name	Search_3231359	1625670322604	1625670322809	OK	 
GROUP	Scen_1,SearchName_Name	1625670322297	1625670322810	507	OK
REQUEST	Scen_1,S_3231359	Select_Smith	1625670324374	1625670324461	OK	 
REQUEST	Scen_1,S_3231359	request_1	1625670324465	1625670325391	OK	 
REQUEST	Scen_1,S_3231359	request_3231359	1625670325394	1625670325625	OK	 
GROUP	Scen_1,S_3231359	1625670324373	1625670325626	1244	OK
REQUEST	Scen_1,DrillDown_Smith	70078	1625670327536	1625670327692	OK	 
GROUP	Scen_1,DrillDown_Smith	1625670327536	1625670327693	156	OK
GROUP	Scen_1	1625670315860	1625670329121	5392	OK
USER	Users_1	END	1625670329125
