RUN	BO.Framework.BOSim	bosim	1623774141862	 	3.5.1
USER	Users_1	START	1623774143285
REQUEST	LOGIN,LOGIN	LOGIN	1623774143307	1623774144001	OK	 
REQUEST	LOGIN,LOGIN	request_11	1623774144019	1623774144185	OK	 
REQUEST	LOGIN,LOGIN	request_12	1623774144197	1623774144299	OK	 
REQUEST	LOGIN,LOGIN	request_13	1623774144301	1623774144637	OK	 
REQUEST	LOGIN,LOGIN	request_14	1623774144639	1623774144703	OK	 
REQUEST	LOGIN,LOGIN	request_14 Redirect 1	1623774144706	1623774144800	OK	 
REQUEST	LOGIN,LOGIN	lib-min-7e6d84b497.js	1623774144835	1623774145124	OK	 
REQUEST	LOGIN,LOGIN	error-63062f7857.min.js	1623774144836	1623774145175	OK	 
REQUEST	LOGIN,LOGIN	consumer-7acd47889c.css	1623774144838	1623774145177	OK	 
REQUEST	LOGIN,LOGIN	consumer-optum3-b35069f230.css	1623774144839	1623774145185	OK	 
REQUEST	LOGIN,LOGIN	favicon.ico	1623774144839	1623774145187	OK	 
REQUEST	LOGIN,LOGIN	uitk-req-min-948de8930b.css	1623774144838	1623774145241	OK	 
REQUEST	LOGIN,LOGIN	request_19	1623774145250	1623774145740	OK	 
REQUEST	LOGIN,LOGIN	publicSector.js	1623774145749	1623774145815	OK	 
REQUEST	LOGIN,LOGIN	providerExpress_logo.gif	1623774145816	1623774145896	OK	 
REQUEST	LOGIN,LOGIN	loading.gif	1623774145897	1623774145964	OK	 
REQUEST	LOGIN,LOGIN	uolStyle.css	1623774145751	1623774146015	OK	 
REQUEST	LOGIN,LOGIN	tabs.css	1623774145750	1623774146017	OK	 
REQUEST	LOGIN,LOGIN	home-bar.css	1623774145752	1623774146022	OK	 
REQUEST	LOGIN,LOGIN	sso.js	1623774145750	1623774146027	OK	 
REQUEST	LOGIN,LOGIN	space.gif	1623774145965	1623774146040	OK	 
REQUEST	LOGIN,LOGIN	jquery-3.3.1.slim.min.js	1623774145752	1623774146095	OK	 
REQUEST	LOGIN,LOGIN	request_20	1623774146097	1623774146170	OK	 
REQUEST	LOGIN,LOGIN	request_22	1623774146172	1623774146243	OK	 
REQUEST	LOGIN,LOGIN	request_23	1623774146244	1623774146316	OK	 
REQUEST	LOGIN,LOGIN	request_23 Redirect 1	1623774146317	1623774146466	OK	 
REQUEST	LOGIN,LOGIN	request_23 Redirect 2	1623774146467	1623774146592	OK	 
REQUEST	LOGIN,LOGIN	request_23 Redirect 3	1623774146594	1623774146892	OK	 
REQUEST	LOGIN,LOGIN	newrelic.js	1623774146901	1623774146998	OK	 
REQUEST	LOGIN,LOGIN	uitk-req-min-945fd9447c.js	1623774146900	1623774147000	OK	 
REQUEST	LOGIN,LOGIN	global-app-config.js	1623774146900	1623774147006	OK	 
REQUEST	LOGIN,LOGIN	prelogin-f85aab9ec4.min.js	1623774146901	1623774147116	OK	 
REQUEST	LOGIN,LOGIN	{{favIconPath}}	1623774146899	1623774147161	OK	 
REQUEST	LOGIN,LOGIN	summer.js	1623774146899	1623774147244	OK	 
REQUEST	LOGIN,LOGIN	request_25	1623774147246	1623774147312	OK	 
REQUEST	LOGIN,LOGIN	request_27	1623774147314	1623774147387	OK	 
REQUEST	LOGIN,LOGIN	request_28	1623774147388	1623774147460	OK	 
REQUEST	LOGIN,LOGIN	request_29	1623774147461	1623774147530	OK	 
REQUEST	LOGIN,LOGIN	request_45	1623774147531	1623774147861	OK	 
REQUEST	LOGIN,LOGIN	request_46	1623774147863	1623774148493	OK	 
REQUEST	LOGIN,LOGIN	request_51	1623774148498	1623774149115	OK	 
REQUEST	LOGIN,LOGIN	request_52	1623774149119	1623774149470	OK	 
REQUEST	LOGIN,LOGIN	request_53	1623774149471	1623774149643	OK	 
REQUEST	LOGIN,LOGIN	request_54	1623774149644	1623774149739	OK	 
REQUEST	LOGIN,LOGIN	request_55	1623774149740	1623774149844	OK	 
REQUEST	LOGIN,LOGIN	request_56	1623774149845	1623774149941	OK	 
REQUEST	LOGIN,LOGIN	request_57	1623774149941	1623774150230	OK	 
REQUEST	LOGIN,LOGIN	request_58	1623774150231	1623774150383	OK	 
REQUEST	LOGIN,LOGIN	request_60	1623774150384	1623774150481	OK	 
REQUEST	LOGIN,LOGIN	request_61	1623774150483	1623774150795	OK	 
GROUP	LOGIN,LOGIN	1623774143290	1623774150796	7372	OK
REQUEST	LOGIN,LOGGED_IN	request_65	1623774151938	1623774152011	OK	 
REQUEST	LOGIN,LOGGED_IN	request_65 Redirect 1	1623774152012	1623774152152	OK	 
REQUEST	LOGIN,LOGGED_IN	request_65 Redirect 2	1623774152153	1623774152269	OK	 
REQUEST	LOGIN,LOGGED_IN	request_65 Redirect 3	1623774152270	1623774152406	OK	 
REQUEST	LOGIN,LOGGED_IN	{{favIconPath}}	1623774152408	1623774152587	OK	 
REQUEST	LOGIN,LOGGED_IN	summer.js	1623774152408	1623774152666	OK	 
REQUEST	LOGIN,LOGGED_IN	request_68	1623774152668	1623774152736	OK	 
REQUEST	LOGIN,LOGGED_IN	request_70	1623774152738	1623774152804	OK	 
REQUEST	LOGIN,LOGGED_IN	request_71	1623774152805	1623774152883	OK	 
REQUEST	LOGIN,LOGGED_IN	request_74	1623774152885	1623774153021	OK	 
REQUEST	LOGIN,LOGGED_IN	request_76	1623774153023	1623774153173	OK	 
REQUEST	LOGIN,LOGGED_IN	request_79	1623774153175	1623774153453	OK	 
REQUEST	LOGIN,LOGGED_IN	request_89	1623774153457	1623774154032	OK	 
REQUEST	LOGIN,LOGGED_IN	request_90	1623774154036	1623774154462	OK	 
REQUEST	LOGIN,LOGGED_IN	request_92	1623774154492	1623774154586	OK	 
REQUEST	LOGIN,LOGGED_IN	request_93	1623774154588	1623774154734	OK	 
REQUEST	LOGIN,LOGGED_IN	request_98	1623774154736	1623774154945	OK	 
REQUEST	LOGIN,LOGGED_IN	request_99	1623774154946	1623774155096	OK	 
GROUP	LOGIN,LOGGED_IN	1623774151937	1623774155098	3102	OK
REQUEST	LOGIN,SEARCH	request_3	1623774156169	1623774156238	OK	 
REQUEST	LOGIN,SEARCH	request_4	1623774156240	1623774156310	OK	 
REQUEST	LOGIN,SEARCH	request_4 Redirect 1	1623774156310	1623774156455	OK	 
REQUEST	LOGIN,SEARCH	request_4 Redirect 2	1623774156456	1623774156574	OK	 
REQUEST	LOGIN,SEARCH	request_4 Redirect 3	1623774156575	1623774156799	OK	 
REQUEST	LOGIN,SEARCH	{{favIconPath}}	1623774156801	1623774157005	OK	 
REQUEST	LOGIN,SEARCH	summer.js	1623774156801	1623774157122	OK	 
REQUEST	LOGIN,SEARCH	request_6	1623774157123	1623774157257	OK	 
REQUEST	LOGIN,SEARCH	request_7	1623774157258	1623774157331	OK	 
REQUEST	LOGIN,SEARCH	request_8	1623774157332	1623774157402	OK	 
REQUEST	LOGIN,SEARCH	request_11	1623774157403	1623774157491	OK	 
REQUEST	LOGIN,SEARCH	request_12	1623774157492	1623774157689	OK	 
REQUEST	LOGIN,SEARCH	request_18	1623774157690	1623774157758	OK	 
REQUEST	LOGIN,SEARCH	request_26	1623774157760	1623774158693	OK	 
REQUEST	LOGIN,SEARCH	request_27	1623774158704	1623774158768	OK	 
REQUEST	LOGIN,SEARCH	request_29	1623774158769	1623774158876	OK	 
REQUEST	LOGIN,SEARCH	request_30	1623774158877	1623774159562	OK	 
REQUEST	LOGIN,SEARCH	request_35	1623774159564	1623774159764	OK	 
REQUEST	LOGIN,SEARCH	request_36	1623774159765	1623774160004	OK	 
GROUP	LOGIN,SEARCH	1623774156169	1623774160005	3807	OK
GROUP	LOGIN	1623774143287	1623774161285	14281	OK
USER	Users_1	END	1623774161291
