RUN	Optum.Framework.OptumSim	optumsim	1621524879152	 	3.5.1
USER	Users_1	START	1621524880719
REQUEST	Scen_1,Login	BasePage	1621524880735	1621524881031	OK	 
REQUEST	Scen_1,Login	BasePage_1	1621524881053	1621524881145	OK	 
REQUEST	Scen_1,Login	BasePage_2	1621524881151	1621524881220	OK	 
REQUEST	Scen_1,Login	BasePage_3	1621524881222	1621524881286	OK	 
REQUEST	Scen_1,Login	BasePage_4	1621524881288	1621524881363	OK	 
REQUEST	Scen_1,Login	BasePage_5	1621524881364	1621524883129	OK	 
GROUP	Scen_1,Login	1621524880722	1621524883131	2361	OK
REQUEST	Scen_1,SearchByActiveMember	Select_SearchByActiveMember	1621524884142	1621524884276	OK	 
GROUP	Scen_1,SearchByActiveMember	1621524884141	1621524884277	134	OK
REQUEST	Scen_1,SearchName_douglas	Search_1	1621524885984	1621524886713	OK	 
REQUEST	Scen_1,SearchName_douglas	Search_2003330312	1621524886719	1621524887222	OK	 
GROUP	Scen_1,SearchName_douglas	1621524885981	1621524887223	1232	OK
REQUEST	Scen_1,S_2003330312	Select_douglas	1621524889052	1621524889220	OK	 
REQUEST	Scen_1,S_2003330312	request_1	1621524889221	1621524894598	OK	 
REQUEST	Scen_1,S_2003330312	request_2003330312	1621524894600	1621524897465	OK	 
GROUP	Scen_1,S_2003330312	1621524889051	1621524897466	8410	OK
REQUEST	Scen_1,DrillDown_douglas	64881	1621524898702	1621524898924	OK	 
GROUP	Scen_1,DrillDown_douglas	1621524898700	1621524898926	222	OK
REQUEST	Scen_1,SearchByActiveMember	Select_SearchByActiveMember	1621524900297	1621524900522	OK	 
GROUP	Scen_1,SearchByActiveMember	1621524900296	1621524900523	225	OK
REQUEST	Scen_1,SearchName_thomas	Search_1	1621524901824	1621524903427	OK	 
REQUEST	Scen_1,SearchName_thomas	Search_1503326775	1621524903429	1621524905555	OK	 
GROUP	Scen_1,SearchName_thomas	1621524901823	1621524905556	3729	OK
REQUEST	Scen_1,S_1503326775	Select_thomas	1621524906633	1621524907009	OK	 
REQUEST	Scen_1,S_1503326775	request_1	1621524907011	1621524911289	OK	 
REQUEST	Scen_1,S_1503326775	request_1503326775	1621524911290	1621524913747	OK	 
GROUP	Scen_1,S_1503326775	1621524906631	1621524913748	7111	OK
REQUEST	Scen_1,DrillDown_thomas	68055	1621524915516	1621524915676	OK	 
GROUP	Scen_1,DrillDown_thomas	1621524915514	1621524915677	160	OK
REQUEST	Scen_1,SearchByActiveMember	Select_SearchByActiveMember	1621524917589	1621524918011	OK	 
GROUP	Scen_1,SearchByActiveMember	1621524917589	1621524918012	422	OK
REQUEST	Scen_1,SearchName_smith	Search_1	1621524919126	1621524921120	OK	 
REQUEST	Scen_1,SearchName_smith	Search_2003327496	1621524921121	1621524922758	OK	 
GROUP	Scen_1,SearchName_smith	1621524919124	1621524922759	3631	OK
REQUEST	Scen_1,S_2003327496	Select_smith	1621524924453	1621524924793	OK	 
REQUEST	Scen_1,S_2003327496	request_1	1621524924794	1621524927980	OK	 
REQUEST	Scen_1,S_2003327496	request_2003327496	1621524927982	1621524930745	OK	 
GROUP	Scen_1,S_2003327496	1621524924452	1621524930746	6289	OK
REQUEST	Scen_1,DrillDown_smith	67992	1621524932196	1621524932318	OK	 
GROUP	Scen_1,DrillDown_smith	1621524932195	1621524932319	122	OK
REQUEST	Scen_1,SearchByActiveMember	Select_SearchByActiveMember	1621524934222	1621524934648	OK	 
GROUP	Scen_1,SearchByActiveMember	1621524934221	1621524934649	426	OK
REQUEST	Scen_1,SearchName_roger	Search_1	1621524936322	1621524937855	OK	 
REQUEST	Scen_1,SearchName_roger	Search_403328329	1621524937856	1621524939653	OK	 
GROUP	Scen_1,SearchName_roger	1621524936321	1621524939654	3330	OK
REQUEST	Scen_1,S_403328329	Select_roger	1621524941077	1621524941203	OK	 
REQUEST	Scen_1,S_403328329	request_1	1621524941204	1621524941805	OK	 
REQUEST	Scen_1,S_403328329	request_403328329	1621524941806	1621524944261	OK	 
GROUP	Scen_1,S_403328329	1621524941076	1621524944261	3182	OK
REQUEST	Scen_1,DrillDown_roger	63702	1621524945278	1621524945478	OK	 
GROUP	Scen_1,DrillDown_roger	1621524945277	1621524945478	200	OK
REQUEST	Scen_1,SearchByActiveMember	Select_SearchByActiveMember	1621524946527	1621524946663	OK	 
GROUP	Scen_1,SearchByActiveMember	1621524946526	1621524946664	136	OK
REQUEST	Scen_1,SearchName_baker	Search_1	1621524947795	1621524948665	OK	 
REQUEST	Scen_1,SearchName_baker	Search_1803327625	1621524948666	1621524949585	OK	 
GROUP	Scen_1,SearchName_baker	1621524947794	1621524949586	1789	OK
REQUEST	Scen_1,S_1803327625	Select_baker	1621524951581	1621524951733	OK	 
REQUEST	Scen_1,S_1803327625	request_1	1621524951734	1621524952043	OK	 
REQUEST	Scen_1,S_1803327625	request_1803327625	1621524952044	1621524954194	OK	 
GROUP	Scen_1,S_1803327625	1621524951580	1621524954195	2611	OK
REQUEST	Scen_1,DrillDown_baker	68321	1621524955393	1621524955751	OK	 
GROUP	Scen_1,DrillDown_baker	1621524955392	1621524955752	358	OK
REQUEST	Scen_1,SearchByActiveMember	Select_SearchByActiveMember	1621524957500	1621524957700	OK	 
GROUP	Scen_1,SearchByActiveMember	1621524957500	1621524957700	200	OK
REQUEST	Scen_1,SearchName_douglas	Search_1	1621524959580	1621524960950	OK	 
REQUEST	Scen_1,SearchName_douglas	Search_2003330312	1621524960952	1621524961875	OK	 
GROUP	Scen_1,SearchName_douglas	1621524959579	1621524961875	2293	OK
REQUEST	Scen_1,S_2003330312	Select_douglas	1621524963140	1621524963281	OK	 
REQUEST	Scen_1,S_2003330312	request_1	1621524963283	1621524966073	OK	 
REQUEST	Scen_1,S_2003330312	request_2003330312	1621524966075	1621524968839	OK	 
GROUP	Scen_1,S_2003330312	1621524963139	1621524968840	5695	OK
REQUEST	Scen_1,DrillDown_douglas	64881	1621524970134	1621524971011	OK	 
GROUP	Scen_1,DrillDown_douglas	1621524970133	1621524971012	877	OK
REQUEST	Scen_1,SearchByActiveMember	Select_SearchByActiveMember	1621524972983	1621524973366	OK	 
GROUP	Scen_1,SearchByActiveMember	1621524972982	1621524973367	383	OK
REQUEST	Scen_1,SearchName_thomas	Search_1	1621524974735	1621524977063	OK	 
REQUEST	Scen_1,SearchName_thomas	Search_1503326775	1621524977064	1621524978772	OK	 
GROUP	Scen_1,SearchName_thomas	1621524974735	1621524978773	4036	OK
REQUEST	Scen_1,S_1503326775	Select_thomas	1621524980723	1621524980850	OK	 
REQUEST	Scen_1,S_1503326775	request_1	1621524980852	1621524984095	OK	 
REQUEST	Scen_1,S_1503326775	request_1503326775	1621524984097	1621524988389	OK	 
GROUP	Scen_1,S_1503326775	1621524980722	1621524988390	7662	OK
REQUEST	Scen_1,DrillDown_thomas	68055	1621524989659	1621524990441	OK	 
GROUP	Scen_1,DrillDown_thomas	1621524989658	1621524990442	782	OK
REQUEST	Scen_1,SearchByActiveMember	Select_SearchByActiveMember	1621524991712	1621524991865	OK	 
GROUP	Scen_1,SearchByActiveMember	1621524991711	1621524991866	153	OK
REQUEST	Scen_1,SearchName_smith	Search_1	1621524993126	1621524995420	OK	 
REQUEST	Scen_1,SearchName_smith	Search_2003327496	1621524995421	1621524997706	OK	 
GROUP	Scen_1,SearchName_smith	1621524993125	1621524997707	4579	OK
REQUEST	Scen_1,S_2003327496	Select_smith	1621524999673	1621524999766	OK	 
REQUEST	Scen_1,S_2003327496	request_1	1621524999767	1621525003344	OK	 
REQUEST	Scen_1,S_2003327496	request_2003327496	1621525003346	1621525007750	OK	 
GROUP	Scen_1,S_2003327496	1621524999672	1621525007751	8074	OK
REQUEST	Scen_1,DrillDown_smith	67992	1621525009038	1621525009300	OK	 
GROUP	Scen_1,DrillDown_smith	1621525009037	1621525009301	262	OK
REQUEST	Scen_1,SearchByActiveMember	Select_SearchByActiveMember	1621525011027	1621525011383	OK	 
GROUP	Scen_1,SearchByActiveMember	1621525011026	1621525011384	356	OK
REQUEST	Scen_1,SearchName_roger	Search_1	1621525013006	1621525014303	OK	 
REQUEST	Scen_1,SearchName_roger	Search_403328329	1621525014305	1621525015839	OK	 
GROUP	Scen_1,SearchName_roger	1621525013005	1621525015840	2831	OK
REQUEST	Scen_1,S_403328329	Select_roger	1621525017669	1621525017757	OK	 
REQUEST	Scen_1,S_403328329	request_1	1621525017758	1621525018297	OK	 
REQUEST	Scen_1,S_403328329	request_403328329	1621525018298	1621525021787	OK	 
GROUP	Scen_1,S_403328329	1621525017669	1621525021788	4116	OK
REQUEST	Scen_1,DrillDown_roger	63702	1621525022903	1621525023104	OK	 
GROUP	Scen_1,DrillDown_roger	1621525022902	1621525023105	201	OK
REQUEST	Scen_1,SearchByActiveMember	Select_SearchByActiveMember	1621525024275	1621525024664	OK	 
GROUP	Scen_1,SearchByActiveMember	1621525024274	1621525024665	389	OK
REQUEST	Scen_1,SearchName_baker	Search_1	1621525025826	1621525026384	OK	 
REQUEST	Scen_1,SearchName_baker	Search_1803327625	1621525026385	1621525027306	OK	 
GROUP	Scen_1,SearchName_baker	1621525025825	1621525027307	1479	OK
REQUEST	Scen_1,S_1803327625	Select_baker	1621525028552	1621525028837	OK	 
REQUEST	Scen_1,S_1803327625	request_1	1621525028839	1621525029122	OK	 
REQUEST	Scen_1,S_1803327625	request_1803327625	1621525029124	1621525032633	OK	 
GROUP	Scen_1,S_1803327625	1621525028551	1621525032634	4077	OK
REQUEST	Scen_1,DrillDown_baker	68321	1621525034600	1621525034796	OK	 
GROUP	Scen_1,DrillDown_baker	1621525034599	1621525034797	196	OK
GROUP	Scen_1	1621524880721	1621525036379	94721	OK
REQUEST	Scen_1,Login	BasePage	1621525036380	1621525036645	OK	 
REQUEST	Scen_1,Login	BasePage_1	1621525036646	1621525036712	OK	 
REQUEST	Scen_1,Login	BasePage_2	1621525036714	1621525036784	OK	 
REQUEST	Scen_1,Login	BasePage_3	1621525036786	1621525036849	OK	 
REQUEST	Scen_1,Login	BasePage_4	1621525036850	1621525036915	OK	 
REQUEST	Scen_1,Login	BasePage_5	1621525036916	1621525039086	OK	 
GROUP	Scen_1,Login	1621525036380	1621525039087	2699	OK
REQUEST	Scen_1,SearchByActiveMember	Select_SearchByActiveMember	1621525040094	1621525040285	OK	 
GROUP	Scen_1,SearchByActiveMember	1621525040093	1621525040286	191	OK
REQUEST	Scen_1,SearchName_douglas	Search_1	1621525041381	1621525042203	OK	 
REQUEST	Scen_1,SearchName_douglas	Search_2003330312	1621525042204	1621525043386	OK	 
GROUP	Scen_1,SearchName_douglas	1621525041380	1621525043386	2004	OK
REQUEST	Scen_1,S_2003330312	Select_douglas	1621525044989	1621525045072	OK	 
REQUEST	Scen_1,S_2003330312	request_1	1621525045073	1621525048608	OK	 
REQUEST	Scen_1,S_2003330312	request_2003330312	1621525048609	1621525053319	OK	 
GROUP	Scen_1,S_2003330312	1621525044989	1621525053320	8328	OK
REQUEST	Scen_1,DrillDown_douglas	64881	1621525054893	1621525055327	OK	 
GROUP	Scen_1,DrillDown_douglas	1621525054892	1621525055328	434	OK
REQUEST	Scen_1,SearchByActiveMember	Select_SearchByActiveMember	1621525056963	1621525057108	OK	 
GROUP	Scen_1,SearchByActiveMember	1621525056963	1621525057108	145	OK
REQUEST	Scen_1,SearchName_thomas	Search_1	1621525058878	1621525059724	OK	 
REQUEST	Scen_1,SearchName_thomas	Search_1503326775	1621525059725	1621525060816	OK	 
GROUP	Scen_1,SearchName_thomas	1621525058877	1621525060817	1937	OK
REQUEST	Scen_1,S_1503326775	Select_thomas	1621525062315	1621525062410	OK	 
REQUEST	Scen_1,S_1503326775	request_1	1621525062411	1621525064889	OK	 
REQUEST	Scen_1,S_1503326775	request_1503326775	1621525064890	1621525068779	OK	 
GROUP	Scen_1,S_1503326775	1621525062314	1621525068780	6462	OK
REQUEST	Scen_1,DrillDown_thomas	68055	1621525070231	1621525070427	OK	 
GROUP	Scen_1,DrillDown_thomas	1621525070230	1621525070428	196	OK
REQUEST	Scen_1,SearchByActiveMember	Select_SearchByActiveMember	1621525071781	1621525072098	OK	 
GROUP	Scen_1,SearchByActiveMember	1621525071780	1621525072099	317	OK
REQUEST	Scen_1,SearchName_smith	Search_1	1621525073625	1621525074615	OK	 
REQUEST	Scen_1,SearchName_smith	Search_2003327496	1621525074616	1621525075437	OK	 
GROUP	Scen_1,SearchName_smith	1621525073624	1621525075437	1811	OK
REQUEST	Scen_1,S_2003327496	Select_smith	1621525076800	1621525076881	OK	 
REQUEST	Scen_1,S_2003327496	request_1	1621525076882	1621525079942	OK	 
REQUEST	Scen_1,S_2003327496	request_2003327496	1621525079944	1621525083218	OK	 
GROUP	Scen_1,S_2003327496	1621525076799	1621525083219	6415	OK
REQUEST	Scen_1,DrillDown_smith	67992	1621525084900	1621525085024	OK	 
GROUP	Scen_1,DrillDown_smith	1621525084900	1621525085025	124	OK
REQUEST	Scen_1,SearchByActiveMember	Select_SearchByActiveMember	1621525086343	1621525086496	OK	 
GROUP	Scen_1,SearchByActiveMember	1621525086342	1621525086496	153	OK
REQUEST	Scen_1,SearchName_roger	Search_1	1621525088491	1621525089466	OK	 
REQUEST	Scen_1,SearchName_roger	Search_403328329	1621525089468	1621525090868	OK	 
GROUP	Scen_1,SearchName_roger	1621525088490	1621525090869	2375	OK
REQUEST	Scen_1,S_403328329	Select_roger	1621525091987	1621525092077	OK	 
REQUEST	Scen_1,S_403328329	request_1	1621525092078	1621525092740	OK	 
REQUEST	Scen_1,S_403328329	request_403328329	1621525092741	1621525096427	OK	 
GROUP	Scen_1,S_403328329	1621525091986	1621525096428	4438	OK
REQUEST	Scen_1,DrillDown_roger	63702	1621525098383	1621525098587	OK	 
GROUP	Scen_1,DrillDown_roger	1621525098382	1621525098588	204	OK
REQUEST	Scen_1,SearchByActiveMember	Select_SearchByActiveMember	1621525099924	1621525100320	OK	 
GROUP	Scen_1,SearchByActiveMember	1621525099923	1621525100321	396	OK
REQUEST	Scen_1,SearchName_baker	Search_1	1621525101780	1621525102574	OK	 
REQUEST	Scen_1,SearchName_baker	Search_1803327625	1621525102576	1621525103502	OK	 
GROUP	Scen_1,SearchName_baker	1621525101779	1621525103503	1720	OK
REQUEST	Scen_1,S_1803327625	Select_baker	1621525104950	1621525105031	OK	 
REQUEST	Scen_1,S_1803327625	request_1	1621525105032	1621525105828	OK	 
REQUEST	Scen_1,S_1803327625	request_1803327625	1621525105829	1621525109434	OK	 
GROUP	Scen_1,S_1803327625	1621525104949	1621525109435	4482	OK
REQUEST	Scen_1,DrillDown_baker	68321	1621525111045	1621525113515	OK	 
GROUP	Scen_1,DrillDown_baker	1621525111044	1621525113516	2470	OK
REQUEST	Scen_1,SearchByActiveMember	Select_SearchByActiveMember	1621525115034	1621525115204	OK	 
GROUP	Scen_1,SearchByActiveMember	1621525115034	1621525115205	170	OK
REQUEST	Scen_1,SearchName_douglas	Search_1	1621525116949	1621525117523	OK	 
REQUEST	Scen_1,SearchName_douglas	Search_2003330312	1621525117524	1621525118138	OK	 
GROUP	Scen_1,SearchName_douglas	1621525116949	1621525118138	1188	OK
REQUEST	Scen_1,S_2003330312	Select_douglas	1621525119172	1621525119254	OK	 
REQUEST	Scen_1,S_2003330312	request_1	1621525119255	1621525122030	OK	 
REQUEST	Scen_1,S_2003330312	request_2003330312	1621525122031	1621525126227	OK	 
GROUP	Scen_1,S_2003330312	1621525119171	1621525126228	7053	OK
REQUEST	Scen_1,DrillDown_douglas	64881	1621525127623	1621525127843	OK	 
GROUP	Scen_1,DrillDown_douglas	1621525127622	1621525127843	220	OK
REQUEST	Scen_1,SearchByActiveMember	Select_SearchByActiveMember	1621525128862	1621525129062	OK	 
GROUP	Scen_1,SearchByActiveMember	1621525128861	1621525129063	200	OK
REQUEST	Scen_1,SearchName_thomas	Search_1	1621525131049	1621525131963	OK	 
REQUEST	Scen_1,SearchName_thomas	Search_1503326775	1621525131964	1621525133089	OK	 
GROUP	Scen_1,SearchName_thomas	1621525131049	1621525133090	2039	OK
REQUEST	Scen_1,S_1503326775	Select_thomas	1621525134810	1621525134897	OK	 
REQUEST	Scen_1,S_1503326775	request_1	1621525134898	1621525137899	OK	 
REQUEST	Scen_1,S_1503326775	request_1503326775	1621525137900	1621525141178	OK	 
GROUP	Scen_1,S_1503326775	1621525134809	1621525141178	6366	OK
REQUEST	Scen_1,DrillDown_thomas	68055	1621525142715	1621525143030	OK	 
GROUP	Scen_1,DrillDown_thomas	1621525142714	1621525143030	315	OK
REQUEST	Scen_1,SearchByActiveMember	Select_SearchByActiveMember	1621525144090	1621525144264	OK	 
GROUP	Scen_1,SearchByActiveMember	1621525144089	1621525144264	174	OK
REQUEST	Scen_1,SearchName_smith	Search_1	1621525145779	1621525147422	OK	 
REQUEST	Scen_1,SearchName_smith	Search_2003327496	1621525147423	1621525148820	OK	 
GROUP	Scen_1,SearchName_smith	1621525145778	1621525148820	3040	OK
REQUEST	Scen_1,S_2003327496	Select_smith	1621525150069	1621525150395	OK	 
REQUEST	Scen_1,S_2003327496	request_1	1621525150396	1621525153057	OK	 
REQUEST	Scen_1,S_2003327496	request_2003327496	1621525153058	1621525157122	OK	 
GROUP	Scen_1,S_2003327496	1621525150068	1621525157122	7051	OK
REQUEST	Scen_1,DrillDown_smith	67992	1621525158798	1621525158917	OK	 
GROUP	Scen_1,DrillDown_smith	1621525158797	1621525158918	119	OK
REQUEST	Scen_1,SearchByActiveMember	Select_SearchByActiveMember	1621525160598	1621525160989	OK	 
GROUP	Scen_1,SearchByActiveMember	1621525160597	1621525160990	391	OK
REQUEST	Scen_1,SearchName_roger	Search_1	1621525162679	1621525163603	OK	 
REQUEST	Scen_1,SearchName_roger	Search_403328329	1621525163604	1621525164525	OK	 
GROUP	Scen_1,SearchName_roger	1621525162678	1621525164526	1845	OK
REQUEST	Scen_1,S_403328329	Select_roger	1621525166101	1621525166380	OK	 
REQUEST	Scen_1,S_403328329	request_1	1621525166381	1621525167086	OK	 
REQUEST	Scen_1,S_403328329	request_403328329	1621525167087	1621525170462	OK	 
GROUP	Scen_1,S_403328329	1621525166100	1621525170463	4359	OK
REQUEST	Scen_1,DrillDown_roger	63702	1621525172424	1621525172626	OK	 
GROUP	Scen_1,DrillDown_roger	1621525172424	1621525172627	202	OK
REQUEST	Scen_1,SearchByActiveMember	Select_SearchByActiveMember	1621525173866	1621525174042	OK	 
GROUP	Scen_1,SearchByActiveMember	1621525173865	1621525174042	176	OK
REQUEST	Scen_1,SearchName_baker	Search_1	1621525175555	1621525177735	OK	 
REQUEST	Scen_1,SearchName_baker	Search_1803327625	1621525177736	1621525178657	OK	 
GROUP	Scen_1,SearchName_baker	1621525175554	1621525178657	3101	OK
REQUEST	Scen_1,S_1803327625	Select_baker	1621525179882	1621525180028	OK	 
REQUEST	Scen_1,S_1803327625	request_1	1621525180029	1621525181012	OK	 
REQUEST	Scen_1,S_1803327625	request_1803327625	1621525181013	1621525184390	OK	 
GROUP	Scen_1,S_1803327625	1621525179881	1621525184391	4506	OK
REQUEST	Scen_1,DrillDown_baker	68321	1621525185774	1621525185947	OK	 
GROUP	Scen_1,DrillDown_baker	1621525185774	1621525185947	173	OK
GROUP	Scen_1	1621525036380	1621525187102	89989	OK
REQUEST	Scen_1,Login	BasePage	1621525187102	1621525187170	OK	 
REQUEST	Scen_1,Login	BasePage_1	1621525187171	1621525187234	OK	 
REQUEST	Scen_1,Login	BasePage_2	1621525187235	1621525187301	OK	 
REQUEST	Scen_1,Login	BasePage_3	1621525187301	1621525187364	OK	 
REQUEST	Scen_1,Login	BasePage_4	1621525187365	1621525187428	OK	 
REQUEST	Scen_1,Login	BasePage_5	1621525187429	1621525189204	OK	 
GROUP	Scen_1,Login	1621525187102	1621525189204	2098	OK
REQUEST	Scen_1,SearchByActiveMember	Select_SearchByActiveMember	1621525190208	1621525190337	OK	 
GROUP	Scen_1,SearchByActiveMember	1621525190207	1621525190337	129	OK
REQUEST	Scen_1,SearchName_douglas	Search_1	1621525191890	1621525192687	OK	 
REQUEST	Scen_1,SearchName_douglas	Search_2003330312	1621525192688	1621525193197	OK	 
GROUP	Scen_1,SearchName_douglas	1621525191889	1621525193198	1306	OK
REQUEST	Scen_1,S_2003330312	Select_douglas	1621525194413	1621525194491	OK	 
REQUEST	Scen_1,S_2003330312	request_1	1621525194492	1621525197089	OK	 
REQUEST	Scen_1,S_2003330312	request_2003330312	1621525197090	1621525200059	OK	 
GROUP	Scen_1,S_2003330312	1621525194412	1621525200060	5644	OK
REQUEST	Scen_1,DrillDown_douglas	64881	1621525201712	1621525202474	OK	 
GROUP	Scen_1,DrillDown_douglas	1621525201711	1621525202475	762	OK
REQUEST	Scen_1,SearchByActiveMember	Select_SearchByActiveMember	1621525203984	1621525204200	OK	 
GROUP	Scen_1,SearchByActiveMember	1621525203983	1621525204200	216	OK
REQUEST	Scen_1,SearchName_thomas	Search_1	1621525205670	1621525206919	OK	 
REQUEST	Scen_1,SearchName_thomas	Search_1503326775	1621525206920	1621525208661	OK	 
GROUP	Scen_1,SearchName_thomas	1621525205669	1621525208662	2990	OK
REQUEST	Scen_1,S_1503326775	Select_thomas	1621525209762	1621525209926	OK	 
REQUEST	Scen_1,S_1503326775	request_1	1621525209927	1621525213269	OK	 
REQUEST	Scen_1,S_1503326775	request_1503326775	1621525213270	1621525217111	OK	 
GROUP	Scen_1,S_1503326775	1621525209761	1621525217112	7347	OK
REQUEST	Scen_1,DrillDown_thomas	68055	1621525218345	1621525218499	OK	 
GROUP	Scen_1,DrillDown_thomas	1621525218344	1621525218501	154	OK
REQUEST	Scen_1,SearchByActiveMember	Select_SearchByActiveMember	1621525220260	1621525220677	OK	 
GROUP	Scen_1,SearchByActiveMember	1621525220260	1621525220678	417	OK
REQUEST	Scen_1,SearchName_smith	Search_1	1621525221806	1621525222690	OK	 
REQUEST	Scen_1,SearchName_smith	Search_2003327496	1621525222691	1621525223509	OK	 
GROUP	Scen_1,SearchName_smith	1621525221805	1621525223509	1702	OK
REQUEST	Scen_1,S_2003327496	Select_smith	1621525225054	1621525225142	OK	 
REQUEST	Scen_1,S_2003327496	request_1	1621525225143	1621525227909	OK	 
REQUEST	Scen_1,S_2003327496	request_2003327496	1621525227910	1621525230982	OK	 
GROUP	Scen_1,S_2003327496	1621525225054	1621525230982	5926	OK
REQUEST	Scen_1,DrillDown_smith	67992	1621525232724	1621525233034	OK	 
GROUP	Scen_1,DrillDown_smith	1621525232724	1621525233035	310	OK
REQUEST	Scen_1,SearchByActiveMember	Select_SearchByActiveMember	1621525234511	1621525234661	OK	 
GROUP	Scen_1,SearchByActiveMember	1621525234511	1621525234661	150	OK
REQUEST	Scen_1,SearchName_roger	Search_1	1621525236493	1621525238152	OK	 
REQUEST	Scen_1,SearchName_roger	Search_403328329	1621525238153	1621525239639	OK	 
GROUP	Scen_1,SearchName_roger	1621525236492	1621525239639	3145	OK
REQUEST	Scen_1,S_403328329	Select_roger	1621525241555	1621525241693	OK	 
REQUEST	Scen_1,S_403328329	request_1	1621525241694	1621525242347	OK	 
REQUEST	Scen_1,S_403328329	request_403328329	1621525242348	1621525246244	OK	 
GROUP	Scen_1,S_403328329	1621525241554	1621525246244	4687	OK
REQUEST	Scen_1,DrillDown_roger	63702	1621525247493	1621525247729	OK	 
GROUP	Scen_1,DrillDown_roger	1621525247492	1621525247729	236	OK
REQUEST	Scen_1,SearchByActiveMember	Select_SearchByActiveMember	1621525249575	1621525249729	OK	 
GROUP	Scen_1,SearchByActiveMember	1621525249575	1621525249730	154	OK
REQUEST	Scen_1,SearchName_baker	Search_1	1621525251728	1621525252283	OK	 
REQUEST	Scen_1,SearchName_baker	Search_1803327625	1621525252284	1621525252775	OK	 
GROUP	Scen_1,SearchName_baker	1621525251727	1621525252775	1046	OK
REQUEST	Scen_1,S_1803327625	Select_baker	1621525254723	1621525254801	OK	 
REQUEST	Scen_1,S_1803327625	request_1	1621525254802	1621525255355	OK	 
REQUEST	Scen_1,S_1803327625	request_1803327625	1621525255356	1621525258735	OK	 
GROUP	Scen_1,S_1803327625	1621525254722	1621525258735	4010	OK
REQUEST	Scen_1,DrillDown_baker	68321	1621525259769	1621525259954	OK	 
GROUP	Scen_1,DrillDown_baker	1621525259768	1621525259955	185	OK
REQUEST	Scen_1,SearchByActiveMember	Select_SearchByActiveMember	1621525261636	1621525261833	OK	 
GROUP	Scen_1,SearchByActiveMember	1621525261635	1621525261834	197	OK
REQUEST	Scen_1,SearchName_douglas	Search_1	1621525263103	1621525263550	OK	 
REQUEST	Scen_1,SearchName_douglas	Search_2003330312	1621525263551	1621525264264	OK	 
GROUP	Scen_1,SearchName_douglas	1621525263102	1621525264265	1160	OK
REQUEST	Scen_1,S_2003330312	Select_douglas	1621525265278	1621525265424	OK	 
REQUEST	Scen_1,S_2003330312	request_1	1621525265425	1621525268360	OK	 
REQUEST	Scen_1,S_2003330312	request_2003330312	1621525268361	1621525272252	OK	 
GROUP	Scen_1,S_2003330312	1621525265277	1621525272253	6972	OK
REQUEST	Scen_1,DrillDown_douglas	64881	1621525273993	1621525274390	OK	 
GROUP	Scen_1,DrillDown_douglas	1621525273993	1621525274390	397	OK
REQUEST	Scen_1,SearchByActiveMember	Select_SearchByActiveMember	1621525275949	1621525276121	OK	 
GROUP	Scen_1,SearchByActiveMember	1621525275948	1621525276121	172	OK
REQUEST	Scen_1,SearchName_thomas	Search_1	1621525277827	1621525279419	OK	 
REQUEST	Scen_1,SearchName_thomas	Search_1503326775	1621525279419	1621525280954	OK	 
GROUP	Scen_1,SearchName_thomas	1621525277826	1621525280955	3127	OK
REQUEST	Scen_1,S_1503326775	Select_thomas	1621525282164	1621525282249	OK	 
REQUEST	Scen_1,S_1503326775	request_1	1621525282250	1621525284741	OK	 
REQUEST	Scen_1,S_1503326775	request_1503326775	1621525284741	1621525288225	OK	 
GROUP	Scen_1,S_1503326775	1621525282163	1621525288226	6060	OK
REQUEST	Scen_1,DrillDown_thomas	68055	1621525289398	1621525289730	OK	 
GROUP	Scen_1,DrillDown_thomas	1621525289397	1621525289731	332	OK
REQUEST	Scen_1,SearchByActiveMember	Select_SearchByActiveMember	1621525290837	1621525291030	OK	 
GROUP	Scen_1,SearchByActiveMember	1621525290837	1621525291031	193	OK
REQUEST	Scen_1,SearchName_smith	Search_1	1621525292562	1621525293414	OK	 
REQUEST	Scen_1,SearchName_smith	Search_2003327496	1621525293414	1621525294299	OK	 
GROUP	Scen_1,SearchName_smith	1621525292561	1621525294300	1737	OK
REQUEST	Scen_1,S_2003327496	Select_smith	1621525296053	1621525296285	OK	 
REQUEST	Scen_1,S_2003327496	request_1	1621525296285	1621525299899	OK	 
REQUEST	Scen_1,S_2003327496	request_2003327496	1621525299900	1621525304200	OK	 
GROUP	Scen_1,S_2003327496	1621525296052	1621525304201	8146	OK
REQUEST	Scen_1,DrillDown_smith	67992	1621525305339	1621525305754	OK	 
GROUP	Scen_1,DrillDown_smith	1621525305338	1621525305755	415	OK
REQUEST	Scen_1,SearchByActiveMember	Select_SearchByActiveMember	1621525307749	1621525307950	OK	 
GROUP	Scen_1,SearchByActiveMember	1621525307749	1621525307950	201	OK
REQUEST	Scen_1,SearchName_roger	Search_1	1621525309096	1621525310037	OK	 
REQUEST	Scen_1,SearchName_roger	Search_403328329	1621525310038	1621525311060	OK	 
GROUP	Scen_1,SearchName_roger	1621525309095	1621525311061	1963	OK
REQUEST	Scen_1,S_403328329	Select_roger	1621525312641	1621525312717	OK	 
REQUEST	Scen_1,S_403328329	request_1	1621525312717	1621525313416	OK	 
REQUEST	Scen_1,S_403328329	request_403328329	1621525313417	1621525317716	OK	 
GROUP	Scen_1,S_403328329	1621525312641	1621525317717	5074	OK
REQUEST	Scen_1,DrillDown_roger	63702	1621525319322	1621525319563	OK	 
GROUP	Scen_1,DrillDown_roger	1621525319321	1621525319564	241	OK
REQUEST	Scen_1,SearchByActiveMember	Select_SearchByActiveMember	1621525321286	1621525321640	OK	 
GROUP	Scen_1,SearchByActiveMember	1621525321286	1621525321640	354	OK
REQUEST	Scen_1,SearchName_baker	Search_1	1621525323496	1621525324168	OK	 
REQUEST	Scen_1,SearchName_baker	Search_1803327625	1621525324168	1621525324783	OK	 
GROUP	Scen_1,SearchName_baker	1621525323496	1621525324784	1287	OK
REQUEST	Scen_1,S_1803327625	Select_baker	1621525326770	1621525327012	OK	 
REQUEST	Scen_1,S_1803327625	request_1	1621525327012	1621525327547	OK	 
REQUEST	Scen_1,S_1803327625	request_1803327625	1621525327547	1621525331131	OK	 
GROUP	Scen_1,S_1803327625	1621525326769	1621525331131	4361	OK
REQUEST	Scen_1,DrillDown_baker	68321	1621525332387	1621525332550	OK	 
GROUP	Scen_1,DrillDown_baker	1621525332387	1621525332551	163	OK
GROUP	Scen_1	1621525187102	1621525333789	85166	OK
REQUEST	Scen_1,Login	BasePage	1621525333790	1621525333858	OK	 
REQUEST	Scen_1,Login	BasePage_1	1621525333858	1621525333919	OK	 
REQUEST	Scen_1,Login	BasePage_2	1621525333920	1621525333979	OK	 
REQUEST	Scen_1,Login	BasePage_3	1621525333980	1621525334038	OK	 
REQUEST	Scen_1,Login	BasePage_4	1621525334039	1621525334118	OK	 
REQUEST	Scen_1,Login	BasePage_5	1621525334119	1621525335842	OK	 
GROUP	Scen_1,Login	1621525333789	1621525335842	2048	OK
REQUEST	Scen_1,SearchByActiveMember	Select_SearchByActiveMember	1621525336847	1621525337009	OK	 
GROUP	Scen_1,SearchByActiveMember	1621525336847	1621525337010	162	OK
REQUEST	Scen_1,SearchName_douglas	Search_1	1621525338326	1621525339630	OK	 
REQUEST	Scen_1,SearchName_douglas	Search_2003330312	1621525339631	1621525340757	OK	 
GROUP	Scen_1,SearchName_douglas	1621525338326	1621525340758	2430	OK
REQUEST	Scen_1,S_2003330312	Select_douglas	1621525341926	1621525342213	OK	 
REQUEST	Scen_1,S_2003330312	request_1	1621525342213	1621525345672	OK	 
REQUEST	Scen_1,S_2003330312	request_2003330312	1621525345672	1621525348437	OK	 
GROUP	Scen_1,S_2003330312	1621525341926	1621525348437	6511	OK
REQUEST	Scen_1,DrillDown_douglas	64881	1621525350252	1621525351305	OK	 
GROUP	Scen_1,DrillDown_douglas	1621525350252	1621525351306	1053	OK
REQUEST	Scen_1,SearchByActiveMember	Select_SearchByActiveMember	1621525352822	1621525352981	OK	 
GROUP	Scen_1,SearchByActiveMember	1621525352822	1621525352981	159	OK
REQUEST	Scen_1,SearchName_thomas	Search_1	1621525354440	1621525356097	OK	 
REQUEST	Scen_1,SearchName_thomas	Search_1503326775	1621525356098	1621525357448	OK	 
GROUP	Scen_1,SearchName_thomas	1621525354439	1621525357448	3007	OK
REQUEST	Scen_1,S_1503326775	Select_thomas	1621525359436	1621525359575	OK	 
REQUEST	Scen_1,S_1503326775	request_1	1621525359576	1621525362156	OK	 
REQUEST	Scen_1,S_1503326775	request_1503326775	1621525362156	1621525364411	OK	 
GROUP	Scen_1,S_1503326775	1621525359436	1621525364411	4974	OK
REQUEST	Scen_1,DrillDown_thomas	68055	1621525365586	1621525365719	OK	 
GROUP	Scen_1,DrillDown_thomas	1621525365585	1621525365720	133	OK
REQUEST	Scen_1,SearchByActiveMember	Select_SearchByActiveMember	1621525367449	1621525367609	OK	 
GROUP	Scen_1,SearchByActiveMember	1621525367449	1621525367609	160	OK
REQUEST	Scen_1,SearchName_smith	Search_1	1621525368840	1621525370965	OK	 
REQUEST	Scen_1,SearchName_smith	Search_2003327496	1621525370965	1621525372603	OK	 
GROUP	Scen_1,SearchName_smith	1621525368840	1621525372603	3763	OK
REQUEST	Scen_1,S_2003327496	Select_smith	1621525374076	1621525374231	OK	 
REQUEST	Scen_1,S_2003327496	request_1	1621525374232	1621525377008	OK	 
REQUEST	Scen_1,S_2003327496	request_2003327496	1621525377008	1621525379157	OK	 
GROUP	Scen_1,S_2003327496	1621525374076	1621525379157	5080	OK
REQUEST	Scen_1,DrillDown_smith	67992	1621525380395	1621525380709	OK	 
GROUP	Scen_1,DrillDown_smith	1621525380395	1621525380710	314	OK
REQUEST	Scen_1,SearchByActiveMember	Select_SearchByActiveMember	1621525381827	1621525381979	OK	 
GROUP	Scen_1,SearchByActiveMember	1621525381826	1621525381979	152	OK
REQUEST	Scen_1,SearchName_roger	Search_1	1621525383081	1621525384670	OK	 
REQUEST	Scen_1,SearchName_roger	Search_403328329	1621525384670	1621525386530	OK	 
GROUP	Scen_1,SearchName_roger	1621525383080	1621525386530	3449	OK
REQUEST	Scen_1,S_403328329	Select_roger	1621525387837	1621525387977	OK	 
REQUEST	Scen_1,S_403328329	request_1	1621525387977	1621525388475	OK	 
REQUEST	Scen_1,S_403328329	request_403328329	1621525388476	1621525394926	OK	 
GROUP	Scen_1,S_403328329	1621525387836	1621525394927	7088	OK
REQUEST	Scen_1,DrillDown_roger	63702	1621525395937	1621525397078	OK	 
GROUP	Scen_1,DrillDown_roger	1621525395936	1621525397079	1141	OK
REQUEST	Scen_1,SearchByActiveMember	Select_SearchByActiveMember	1621525398258	1621525398602	OK	 
GROUP	Scen_1,SearchByActiveMember	1621525398257	1621525398603	344	OK
REQUEST	Scen_1,SearchName_baker	Search_1	1621525400144	1621525401378	OK	 
REQUEST	Scen_1,SearchName_baker	Search_1803327625	1621525401379	1621525402508	OK	 
GROUP	Scen_1,SearchName_baker	1621525400143	1621525402508	2363	OK
REQUEST	Scen_1,S_1803327625	Select_baker	1621525403755	1621525404015	OK	 
REQUEST	Scen_1,S_1803327625	request_1	1621525404015	1621525404656	OK	 
REQUEST	Scen_1,S_1803327625	request_1803327625	1621525404656	1621525407522	OK	 
GROUP	Scen_1,S_1803327625	1621525403754	1621525407522	3767	OK
REQUEST	Scen_1,DrillDown_baker	68321	1621525409051	1621525409219	OK	 
GROUP	Scen_1,DrillDown_baker	1621525409051	1621525409219	168	OK
REQUEST	Scen_1,SearchByActiveMember	Select_SearchByActiveMember	1621525410402	1621525410809	OK	 
GROUP	Scen_1,SearchByActiveMember	1621525410401	1621525410809	407	OK
REQUEST	Scen_1,SearchName_douglas	Search_1	1621525412543	1621525413152	OK	 
REQUEST	Scen_1,SearchName_douglas	Search_2003330312	1621525413153	1621525413666	OK	 
GROUP	Scen_1,SearchName_douglas	1621525412542	1621525413666	1122	OK
REQUEST	Scen_1,S_2003330312	Select_douglas	1621525415166	1621525415294	OK	 
REQUEST	Scen_1,S_2003330312	request_1	1621525415295	1621525418069	OK	 
REQUEST	Scen_1,S_2003330312	request_2003330312	1621525418070	1621525421346	OK	 
GROUP	Scen_1,S_2003330312	1621525415165	1621525421347	6178	OK
REQUEST	Scen_1,DrillDown_douglas	64881	1621525423100	1621525423515	OK	 
GROUP	Scen_1,DrillDown_douglas	1621525423100	1621525423515	415	OK
REQUEST	Scen_1,SearchByActiveMember	Select_SearchByActiveMember	1621525425251	1621525425437	OK	 
GROUP	Scen_1,SearchByActiveMember	1621525425250	1621525425438	186	OK
REQUEST	Scen_1,SearchName_thomas	Search_1	1621525427402	1621525429113	OK	 
REQUEST	Scen_1,SearchName_thomas	Search_1503326775	1621525429113	1621525430972	OK	 
GROUP	Scen_1,SearchName_thomas	1621525427401	1621525430972	3570	OK
REQUEST	Scen_1,S_1503326775	Select_thomas	1621525432932	1621525433254	OK	 
REQUEST	Scen_1,S_1503326775	request_1	1621525433255	1621525436198	OK	 
REQUEST	Scen_1,S_1503326775	request_1503326775	1621525436199	1621525438269	OK	 
GROUP	Scen_1,S_1503326775	1621525432932	1621525438270	5335	OK
REQUEST	Scen_1,DrillDown_thomas	68055	1621525439505	1621525440289	OK	 
GROUP	Scen_1,DrillDown_thomas	1621525439504	1621525440289	784	OK
REQUEST	Scen_1,SearchByActiveMember	Select_SearchByActiveMember	1621525441447	1621525441669	OK	 
GROUP	Scen_1,SearchByActiveMember	1621525441447	1621525441670	222	OK
REQUEST	Scen_1,SearchName_smith	Search_1	1621525443101	1621525444630	OK	 
REQUEST	Scen_1,SearchName_smith	Search_2003327496	1621525444630	1621525446434	OK	 
GROUP	Scen_1,SearchName_smith	1621525443101	1621525446434	3333	OK
REQUEST	Scen_1,S_2003327496	Select_smith	1621525447845	1621525447974	OK	 
REQUEST	Scen_1,S_2003327496	request_1	1621525447975	1621525450939	OK	 
REQUEST	Scen_1,S_2003327496	request_2003327496	1621525450940	1621525453808	OK	 
GROUP	Scen_1,S_2003327496	1621525447845	1621525453808	5961	OK
REQUEST	Scen_1,DrillDown_smith	67992	1621525455057	1621525455167	OK	 
GROUP	Scen_1,DrillDown_smith	1621525455056	1621525455168	110	OK
REQUEST	Scen_1,SearchByActiveMember	Select_SearchByActiveMember	1621525456386	1621525456575	OK	 
GROUP	Scen_1,SearchByActiveMember	1621525456385	1621525456575	189	OK
REQUEST	Scen_1,SearchName_roger	Search_1	1621525457632	1621525458612	OK	 
REQUEST	Scen_1,SearchName_roger	Search_403328329	1621525458613	1621525460565	OK	 
GROUP	Scen_1,SearchName_roger	1621525457632	1621525460566	2932	OK
REQUEST	Scen_1,S_403328329	Select_roger	1621525462374	1621525462511	OK	 
REQUEST	Scen_1,S_403328329	request_1	1621525462512	1621525463330	OK	 
REQUEST	Scen_1,S_403328329	request_403328329	1621525463331	1621525465583	OK	 
GROUP	Scen_1,S_403328329	1621525462373	1621525465584	3207	OK
REQUEST	Scen_1,DrillDown_roger	63702	1621525466602	1621525466853	OK	 
GROUP	Scen_1,DrillDown_roger	1621525466601	1621525466854	251	OK
REQUEST	Scen_1,SearchByActiveMember	Select_SearchByActiveMember	1621525468845	1621525469006	OK	 
GROUP	Scen_1,SearchByActiveMember	1621525468844	1621525469006	161	OK
REQUEST	Scen_1,SearchName_baker	Search_1	1621525470992	1621525472034	OK	 
REQUEST	Scen_1,SearchName_baker	Search_1803327625	1621525472035	1621525472547	OK	 
GROUP	Scen_1,SearchName_baker	1621525470991	1621525472547	1554	OK
REQUEST	Scen_1,S_1803327625	Select_baker	1621525473554	1621525473665	OK	 
REQUEST	Scen_1,S_1803327625	request_1	1621525473666	1621525474160	OK	 
REQUEST	Scen_1,S_1803327625	request_1803327625	1621525474161	1621525476847	OK	 
GROUP	Scen_1,S_1803327625	1621525473553	1621525476847	3291	OK
REQUEST	Scen_1,DrillDown_baker	68321	1621525478719	1621525478957	OK	 
GROUP	Scen_1,DrillDown_baker	1621525478719	1621525478957	238	OK
GROUP	Scen_1	1621525333789	1621525480765	87712	OK
REQUEST	Scen_1,Login	BasePage	1621525480765	1621525480838	OK	 
REQUEST	Scen_1,Login	BasePage_1	1621525480838	1621525480897	OK	 
REQUEST	Scen_1,Login	BasePage_2	1621525480898	1621525480957	OK	 
REQUEST	Scen_1,Login	BasePage_3	1621525480958	1621525481019	OK	 
REQUEST	Scen_1,Login	BasePage_4	1621525481020	1621525481081	OK	 
REQUEST	Scen_1,Login	BasePage_5	1621525481082	1621525484015	OK	 
GROUP	Scen_1,Login	1621525480765	1621525484015	3246	OK
REQUEST	Scen_1,SearchByActiveMember	Select_SearchByActiveMember	1621525485018	1621525485156	OK	 
GROUP	Scen_1,SearchByActiveMember	1621525485018	1621525485156	138	OK
REQUEST	Scen_1,SearchName_douglas	Search_1	1621525487065	1621525488213	OK	 
REQUEST	Scen_1,SearchName_douglas	Search_2003330312	1621525488214	1621525489135	OK	 
GROUP	Scen_1,SearchName_douglas	1621525487065	1621525489135	2069	OK
REQUEST	Scen_1,S_2003330312	Select_douglas	1621525490509	1621525490637	OK	 
REQUEST	Scen_1,S_2003330312	request_1	1621525490638	1621525493436	OK	 
REQUEST	Scen_1,S_2003330312	request_2003330312	1621525493436	1621525496713	OK	 
GROUP	Scen_1,S_2003330312	1621525490509	1621525496713	6203	OK
REQUEST	Scen_1,DrillDown_douglas	64881	1621525497943	1621525498352	OK	 
GROUP	Scen_1,DrillDown_douglas	1621525497943	1621525498353	409	OK
REQUEST	Scen_1,SearchByActiveMember	Select_SearchByActiveMember	1621525500009	1621525500397	OK	 
GROUP	Scen_1,SearchByActiveMember	1621525500008	1621525500398	388	OK
REQUEST	Scen_1,SearchName_thomas	Search_1	1621525501920	1621525503061	OK	 
REQUEST	Scen_1,SearchName_thomas	Search_1503326775	1621525503062	1621525503884	OK	 
GROUP	Scen_1,SearchName_thomas	1621525501919	1621525503884	1963	OK
REQUEST	Scen_1,S_1503326775	Select_thomas	1621525505180	1621525505268	OK	 
REQUEST	Scen_1,S_1503326775	request_1	1621525505268	1621525508383	OK	 
REQUEST	Scen_1,S_1503326775	request_1503326775	1621525508384	1621525511971	OK	 
GROUP	Scen_1,S_1503326775	1621525505180	1621525511971	6790	OK
REQUEST	Scen_1,DrillDown_thomas	68055	1621525513686	1621525513837	OK	 
GROUP	Scen_1,DrillDown_thomas	1621525513685	1621525513838	151	OK
REQUEST	Scen_1,SearchByActiveMember	Select_SearchByActiveMember	1621525515073	1621525515391	OK	 
GROUP	Scen_1,SearchByActiveMember	1621525515073	1621525515391	318	OK
REQUEST	Scen_1,SearchName_smith	Search_1	1621525516821	1621525518521	OK	 
REQUEST	Scen_1,SearchName_smith	Search_2003327496	1621525518521	1621525519855	OK	 
GROUP	Scen_1,SearchName_smith	1621525516821	1621525519855	3034	OK
REQUEST	Scen_1,S_2003327496	Select_smith	1621525521586	1621525521681	OK	 
REQUEST	Scen_1,S_2003327496	request_1	1621525521681	1621525524258	OK	 
REQUEST	Scen_1,S_2003327496	request_2003327496	1621525524259	1621525526855	OK	 
GROUP	Scen_1,S_2003327496	1621525521586	1621525526855	5268	OK
REQUEST	Scen_1,DrillDown_smith	67992	1621525528763	1621525528922	OK	 
GROUP	Scen_1,DrillDown_smith	1621525528762	1621525528923	159	OK
REQUEST	Scen_1,SearchByActiveMember	Select_SearchByActiveMember	1621525530122	1621525530304	OK	 
GROUP	Scen_1,SearchByActiveMember	1621525530122	1621525530304	182	OK
REQUEST	Scen_1,SearchName_roger	Search_1	1621525531881	1621525533681	OK	 
REQUEST	Scen_1,SearchName_roger	Search_403328329	1621525533682	1621525535318	OK	 
GROUP	Scen_1,SearchName_roger	1621525531880	1621525535318	3436	OK
REQUEST	Scen_1,S_403328329	Select_roger	1621525537123	1621525537266	OK	 
REQUEST	Scen_1,S_403328329	request_1	1621525537267	1621525538446	OK	 
REQUEST	Scen_1,S_403328329	request_403328329	1621525538446	1621525541869	OK	 
GROUP	Scen_1,S_403328329	1621525537123	1621525541870	4745	OK
REQUEST	Scen_1,DrillDown_roger	63702	1621525543164	1621525543407	OK	 
GROUP	Scen_1,DrillDown_roger	1621525543164	1621525543408	243	OK
REQUEST	Scen_1,SearchByActiveMember	Select_SearchByActiveMember	1621525544934	1621525545086	OK	 
GROUP	Scen_1,SearchByActiveMember	1621525544934	1621525545087	152	OK
REQUEST	Scen_1,SearchName_baker	Search_1	1621525546224	1621525546787	OK	 
REQUEST	Scen_1,SearchName_baker	Search_1803327625	1621525546788	1621525547263	OK	 
GROUP	Scen_1,SearchName_baker	1621525546224	1621525547263	1038	OK
REQUEST	Scen_1,S_1803327625	Select_baker	1621525548902	1621525549133	OK	 
REQUEST	Scen_1,S_1803327625	request_1	1621525549134	1621525549859	OK	 
REQUEST	Scen_1,S_1803327625	request_1803327625	1621525549860	1621525554365	OK	 
GROUP	Scen_1,S_1803327625	1621525548902	1621525554365	5461	OK
REQUEST	Scen_1,DrillDown_baker	68321	1621525556086	1621525556251	OK	 
GROUP	Scen_1,DrillDown_baker	1621525556085	1621525556252	165	OK
REQUEST	Scen_1,SearchByActiveMember	Select_SearchByActiveMember	1621525557486	1621525557645	OK	 
GROUP	Scen_1,SearchByActiveMember	1621525557485	1621525557646	159	OK
REQUEST	Scen_1,SearchName_douglas	Search_1	1621525559255	1621525559895	OK	 
REQUEST	Scen_1,SearchName_douglas	Search_2003330312	1621525559895	1621525560815	OK	 
GROUP	Scen_1,SearchName_douglas	1621525559255	1621525560816	1560	OK
REQUEST	Scen_1,S_2003330312	Select_douglas	1621525562233	1621525562316	OK	 
REQUEST	Scen_1,S_2003330312	request_1	1621525562316	1621525564909	OK	 
REQUEST	Scen_1,S_2003330312	request_2003330312	1621525564910	1621525569111	OK	 
GROUP	Scen_1,S_2003330312	1621525562232	1621525569111	6877	OK
REQUEST	Scen_1,DrillDown_douglas	64881	1621525570645	1621525570926	OK	 
GROUP	Scen_1,DrillDown_douglas	1621525570645	1621525570927	281	OK
REQUEST	Scen_1,SearchByActiveMember	Select_SearchByActiveMember	1621525572846	1621525572987	OK	 
GROUP	Scen_1,SearchByActiveMember	1621525572845	1621525572988	141	OK
REQUEST	Scen_1,SearchName_thomas	Search_1	1621525574115	1621525575019	OK	 
REQUEST	Scen_1,SearchName_thomas	Search_1503326775	1621525575020	1621525575990	OK	 
GROUP	Scen_1,SearchName_thomas	1621525574115	1621525575990	1874	OK
REQUEST	Scen_1,S_1503326775	Select_thomas	1621525577452	1621525577535	OK	 
REQUEST	Scen_1,S_1503326775	request_1	1621525577536	1621525580339	OK	 
REQUEST	Scen_1,S_1503326775	request_1503326775	1621525580340	1621525583652	OK	 
GROUP	Scen_1,S_1503326775	1621525577451	1621525583652	6198	OK
REQUEST	Scen_1,DrillDown_thomas	68055	1621525584874	1621525585031	OK	 
GROUP	Scen_1,DrillDown_thomas	1621525584874	1621525585031	157	OK
REQUEST	Scen_1,SearchByActiveMember	Select_SearchByActiveMember	1621525587023	1621525587431	OK	 
GROUP	Scen_1,SearchByActiveMember	1621525587023	1621525587431	408	OK
REQUEST	Scen_1,SearchName_smith	Search_1	1621525589426	1621525591747	OK	 
REQUEST	Scen_1,SearchName_smith	Search_2003327496	1621525591747	1621525593342	OK	 
GROUP	Scen_1,SearchName_smith	1621525589426	1621525593342	3916	OK
REQUEST	Scen_1,S_2003327496	Select_smith	1621525594730	1621525595267	OK	 
REQUEST	Scen_1,S_2003327496	request_1	1621525595268	1621525598615	OK	 
REQUEST	Scen_1,S_2003327496	request_2003327496	1621525598615	1621525602084	OK	 
GROUP	Scen_1,S_2003327496	1621525594730	1621525602085	7353	OK
REQUEST	Scen_1,DrillDown_smith	67992	1621525603233	1621525603540	OK	 
GROUP	Scen_1,DrillDown_smith	1621525603232	1621525603541	307	OK
REQUEST	Scen_1,SearchByActiveMember	Select_SearchByActiveMember	1621525605179	1621525605335	OK	 
GROUP	Scen_1,SearchByActiveMember	1621525605178	1621525605335	156	OK
REQUEST	Scen_1,SearchName_roger	Search_1	1621525606426	1621525607818	OK	 
REQUEST	Scen_1,SearchName_roger	Search_403328329	1621525607819	1621525609465	OK	 
GROUP	Scen_1,SearchName_roger	1621525606426	1621525609465	3038	OK
REQUEST	Scen_1,S_403328329	Select_roger	1621525611468	1621525611897	OK	 
REQUEST	Scen_1,S_403328329	request_1	1621525611897	1621525612579	OK	 
REQUEST	Scen_1,S_403328329	request_403328329	1621525612580	1621525616520	OK	 
GROUP	Scen_1,S_403328329	1621525611467	1621525616520	5051	OK
REQUEST	Scen_1,DrillDown_roger	63702	1621525618525	1621525619081	OK	 
GROUP	Scen_1,DrillDown_roger	1621525618525	1621525619082	556	OK
REQUEST	Scen_1,SearchByActiveMember	Select_SearchByActiveMember	1621525620865	1621525621027	OK	 
GROUP	Scen_1,SearchByActiveMember	1621525620864	1621525621027	162	OK
REQUEST	Scen_1,SearchName_baker	Search_1	1621525622352	1621525622972	OK	 
REQUEST	Scen_1,SearchName_baker	Search_1803327625	1621525622973	1621525623660	OK	 
GROUP	Scen_1,SearchName_baker	1621525622352	1621525623660	1307	OK
REQUEST	Scen_1,S_1803327625	Select_baker	1621525625498	1621525625590	OK	 
REQUEST	Scen_1,S_1803327625	request_1	1621525625590	1621525625852	OK	 
REQUEST	Scen_1,S_1803327625	request_1803327625	1621525625853	1621525628815	OK	 
GROUP	Scen_1,S_1803327625	1621525625497	1621525628816	3316	OK
REQUEST	Scen_1,DrillDown_baker	68321	1621525630368	1621525630758	OK	 
GROUP	Scen_1,DrillDown_baker	1621525630367	1621525630758	390	OK
GROUP	Scen_1	1621525480765	1621525632195	88765	OK
REQUEST	Scen_1,Login	BasePage	1621525632196	1621525632465	OK	 
REQUEST	Scen_1,Login	BasePage_1	1621525632466	1621525632531	OK	 
REQUEST	Scen_1,Login	BasePage_2	1621525632532	1621525632597	OK	 
REQUEST	Scen_1,Login	BasePage_3	1621525632598	1621525632664	OK	 
REQUEST	Scen_1,Login	BasePage_4	1621525632665	1621525632730	OK	 
REQUEST	Scen_1,Login	BasePage_5	1621525632731	1621525634545	OK	 
GROUP	Scen_1,Login	1621525632195	1621525634545	2344	OK
REQUEST	Scen_1,SearchByActiveMember	Select_SearchByActiveMember	1621525635555	1621525635674	OK	 
GROUP	Scen_1,SearchByActiveMember	1621525635555	1621525635675	119	OK
REQUEST	Scen_1,SearchName_douglas	Search_1	1621525636877	1621525637616	OK	 
REQUEST	Scen_1,SearchName_douglas	Search_2003330312	1621525637617	1621525638130	OK	 
GROUP	Scen_1,SearchName_douglas	1621525636876	1621525638130	1252	OK
REQUEST	Scen_1,S_2003330312	Select_douglas	1621525640009	1621525640234	OK	 
REQUEST	Scen_1,S_2003330312	request_1	1621525640235	1621525643354	OK	 
REQUEST	Scen_1,S_2003330312	request_2003330312	1621525643355	1621525646319	OK	 
GROUP	Scen_1,S_2003330312	1621525640008	1621525646320	6308	OK
REQUEST	Scen_1,DrillDown_douglas	64881	1621525647651	1621525647837	OK	 
GROUP	Scen_1,DrillDown_douglas	1621525647650	1621525647838	186	OK
REQUEST	Scen_1,SearchByActiveMember	Select_SearchByActiveMember	1621525649114	1621525649525	OK	 
GROUP	Scen_1,SearchByActiveMember	1621525649114	1621525649525	411	OK
REQUEST	Scen_1,SearchName_thomas	Search_1	1621525651012	1621525652575	OK	 
REQUEST	Scen_1,SearchName_thomas	Search_1503326775	1621525652575	1621525654307	OK	 
GROUP	Scen_1,SearchName_thomas	1621525651011	1621525654308	3295	OK
REQUEST	Scen_1,S_1503326775	Select_thomas	1621525655718	1621525655801	OK	 
REQUEST	Scen_1,S_1503326775	request_1	1621525655802	1621525658916	OK	 
REQUEST	Scen_1,S_1503326775	request_1503326775	1621525658917	1621525661682	OK	 
GROUP	Scen_1,S_1503326775	1621525655717	1621525661683	5962	OK
REQUEST	Scen_1,DrillDown_thomas	68055	1621525662725	1621525663052	OK	 
GROUP	Scen_1,DrillDown_thomas	1621525662725	1621525663052	327	OK
REQUEST	Scen_1,SearchByActiveMember	Select_SearchByActiveMember	1621525664560	1621525664702	OK	 
GROUP	Scen_1,SearchByActiveMember	1621525664560	1621525664703	142	OK
REQUEST	Scen_1,SearchName_smith	Search_1	1621525666391	1621525667313	OK	 
REQUEST	Scen_1,SearchName_smith	Search_2003327496	1621525667314	1621525668439	OK	 
GROUP	Scen_1,SearchName_smith	1621525666390	1621525668440	2047	OK
REQUEST	Scen_1,S_2003327496	Select_smith	1621525670427	1621525670597	OK	 
REQUEST	Scen_1,S_2003327496	request_1	1621525670598	1621525673662	OK	 
REQUEST	Scen_1,S_2003327496	request_2003327496	1621525673663	1621525675914	OK	 
GROUP	Scen_1,S_2003327496	1621525670427	1621525675915	5485	OK
REQUEST	Scen_1,DrillDown_smith	67992	1621525677144	1621525677255	OK	 
GROUP	Scen_1,DrillDown_smith	1621525677143	1621525677256	111	OK
REQUEST	Scen_1,SearchByActiveMember	Select_SearchByActiveMember	1621525678984	1621525679165	OK	 
GROUP	Scen_1,SearchByActiveMember	1621525678983	1621525679165	181	OK
REQUEST	Scen_1,SearchName_roger	Search_1	1621525681139	1621525682366	OK	 
REQUEST	Scen_1,SearchName_roger	Search_403328329	1621525682367	1621525683423	OK	 
GROUP	Scen_1,SearchName_roger	1621525681138	1621525683423	2283	OK
REQUEST	Scen_1,S_403328329	Select_roger	1621525684787	1621525684929	OK	 
REQUEST	Scen_1,S_403328329	request_1	1621525684930	1621525685745	OK	 
REQUEST	Scen_1,S_403328329	request_403328329	1621525685746	1621525687731	OK	 
GROUP	Scen_1,S_403328329	1621525684786	1621525687732	2942	OK
REQUEST	Scen_1,DrillDown_roger	63702	1621525689017	1621525689483	OK	 
GROUP	Scen_1,DrillDown_roger	1621525689016	1621525689484	466	OK
REQUEST	Scen_1,SearchByActiveMember	Select_SearchByActiveMember	1621525691157	1621525691477	OK	 
GROUP	Scen_1,SearchByActiveMember	1621525691156	1621525691477	320	OK
REQUEST	Scen_1,SearchName_baker	Search_1	1621525693135	1621525694241	OK	 
REQUEST	Scen_1,SearchName_baker	Search_1803327625	1621525694242	1621525695063	OK	 
GROUP	Scen_1,SearchName_baker	1621525693134	1621525695064	1927	OK
REQUEST	Scen_1,S_1803327625	Select_baker	1621525696428	1621525696545	OK	 
REQUEST	Scen_1,S_1803327625	request_1	1621525696546	1621525696820	OK	 
REQUEST	Scen_1,S_1803327625	request_1803327625	1621525696821	1621525699055	OK	 
GROUP	Scen_1,S_1803327625	1621525696427	1621525699056	2625	OK
REQUEST	Scen_1,DrillDown_baker	68321	1621525700541	1621525701307	OK	 
GROUP	Scen_1,DrillDown_baker	1621525700540	1621525701308	766	OK
REQUEST	Scen_1,SearchByActiveMember	Select_SearchByActiveMember	1621525702355	1621525702514	OK	 
GROUP	Scen_1,SearchByActiveMember	1621525702355	1621525702515	159	OK
REQUEST	Scen_1,SearchName_douglas	Search_1	1621525704426	1621525705611	OK	 
REQUEST	Scen_1,SearchName_douglas	Search_2003330312	1621525705612	1621525706739	OK	 
GROUP	Scen_1,SearchName_douglas	1621525704425	1621525706739	2312	OK
REQUEST	Scen_1,S_2003330312	Select_douglas	1621525708078	1621525708222	OK	 
REQUEST	Scen_1,S_2003330312	request_1	1621525708223	1621525711345	OK	 
REQUEST	Scen_1,S_2003330312	request_2003330312	1621525711346	1621525714110	OK	 
GROUP	Scen_1,S_2003330312	1621525708077	1621525714111	6030	OK
REQUEST	Scen_1,DrillDown_douglas	64881	1621525715932	1621525716467	OK	 
GROUP	Scen_1,DrillDown_douglas	1621525715932	1621525716467	535	OK
REQUEST	Scen_1,SearchByActiveMember	Select_SearchByActiveMember	1621525718168	1621525718506	OK	 
GROUP	Scen_1,SearchByActiveMember	1621525718167	1621525718507	338	OK
REQUEST	Scen_1,SearchName_thomas	Search_1	1621525720386	1621525722099	OK	 
REQUEST	Scen_1,SearchName_thomas	Search_1503326775	1621525722100	1621525723838	OK	 
GROUP	Scen_1,SearchName_thomas	1621525720386	1621525723838	3451	OK
REQUEST	Scen_1,S_1503326775	Select_thomas	1621525724982	1621525725124	OK	 
REQUEST	Scen_1,S_1503326775	request_1	1621525725125	1621525728243	OK	 
REQUEST	Scen_1,S_1503326775	request_1503326775	1621525728244	1621525732039	OK	 
GROUP	Scen_1,S_1503326775	1621525724981	1621525732040	7055	OK
REQUEST	Scen_1,DrillDown_thomas	68055	1621525733555	1621525733701	OK	 
GROUP	Scen_1,DrillDown_thomas	1621525733555	1621525733701	146	OK
REQUEST	Scen_1,SearchByActiveMember	Select_SearchByActiveMember	1621525734734	1621525736449	OK	 
GROUP	Scen_1,SearchByActiveMember	1621525734734	1621525736449	1715	OK
REQUEST	Scen_1,SearchName_smith	Search_1	1621525738045	1621525739608	OK	 
REQUEST	Scen_1,SearchName_smith	Search_2003327496	1621525739609	1621525740734	OK	 
GROUP	Scen_1,SearchName_smith	1621525738044	1621525740734	2688	OK
REQUEST	Scen_1,S_2003327496	Select_smith	1621525741809	1621525742078	OK	 
REQUEST	Scen_1,S_2003327496	request_1	1621525742078	1621525744523	OK	 
REQUEST	Scen_1,S_2003327496	request_2003327496	1621525744524	1621525748107	OK	 
GROUP	Scen_1,S_2003327496	1621525741809	1621525748107	6297	OK
REQUEST	Scen_1,DrillDown_smith	67992	1621525750073	1621525750314	OK	 
GROUP	Scen_1,DrillDown_smith	1621525750072	1621525750315	241	OK
REQUEST	Scen_1,SearchByActiveMember	Select_SearchByActiveMember	1621525752034	1621525752226	OK	 
GROUP	Scen_1,SearchByActiveMember	1621525752033	1621525752227	192	OK
REQUEST	Scen_1,SearchName_roger	Search_1	1621525753340	1621525754453	OK	 
REQUEST	Scen_1,SearchName_roger	Search_403328329	1621525754454	1621525755582	OK	 
GROUP	Scen_1,SearchName_roger	1621525753339	1621525755582	2241	OK
REQUEST	Scen_1,S_403328329	Select_roger	1621525756890	1621525757037	OK	 
REQUEST	Scen_1,S_403328329	request_1	1621525757037	1621525757939	OK	 
REQUEST	Scen_1,S_403328329	request_403328329	1621525757940	1621525761519	OK	 
GROUP	Scen_1,S_403328329	1621525756890	1621525761519	4628	OK
REQUEST	Scen_1,DrillDown_roger	63702	1621525763146	1621525763340	OK	 
GROUP	Scen_1,DrillDown_roger	1621525763146	1621525763340	194	OK
REQUEST	Scen_1,SearchByActiveMember	Select_SearchByActiveMember	1621525764364	1621525764492	OK	 
GROUP	Scen_1,SearchByActiveMember	1621525764363	1621525764492	128	OK
REQUEST	Scen_1,SearchName_baker	Search_1	1621525765654	1621525766334	OK	 
REQUEST	Scen_1,SearchName_baker	Search_1803327625	1621525766335	1621525767676	OK	 
GROUP	Scen_1,SearchName_baker	1621525765654	1621525767676	2021	OK
REQUEST	Scen_1,S_1803327625	Select_baker	1621525769597	1621525769681	OK	 
REQUEST	Scen_1,S_1803327625	request_1	1621525769682	1621525770594	OK	 
REQUEST	Scen_1,S_1803327625	request_1803327625	1621525770594	1621525774731	OK	 
GROUP	Scen_1,S_1803327625	1621525769596	1621525774732	5133	OK
REQUEST	Scen_1,DrillDown_baker	68321	1621525775919	1621525776150	OK	 
GROUP	Scen_1,DrillDown_baker	1621525775919	1621525776150	231	OK
GROUP	Scen_1	1621525632195	1621525777637	85234	OK
REQUEST	Scen_1,Login	BasePage	1621525777638	1621525777887	OK	 
REQUEST	Scen_1,Login	BasePage_1	1621525777887	1621525777952	OK	 
REQUEST	Scen_1,Login	BasePage_2	1621525777953	1621525778016	OK	 
REQUEST	Scen_1,Login	BasePage_3	1621525778017	1621525778081	OK	 
REQUEST	Scen_1,Login	BasePage_4	1621525778082	1621525778143	OK	 
REQUEST	Scen_1,Login	BasePage_5	1621525778144	1621525782922	OK	 
GROUP	Scen_1,Login	1621525777637	1621525782922	5280	OK
REQUEST	Scen_1,SearchByActiveMember	Select_SearchByActiveMember	1621525783928	1621525784074	OK	 
GROUP	Scen_1,SearchByActiveMember	1621525783928	1621525784074	146	OK
REQUEST	Scen_1,SearchName_douglas	Search_1	1621525785417	1621525786507	OK	 
REQUEST	Scen_1,SearchName_douglas	Search_2003330312	1621525786508	1621525787531	OK	 
GROUP	Scen_1,SearchName_douglas	1621525785416	1621525787531	2113	OK
REQUEST	Scen_1,S_2003330312	Select_douglas	1621525788753	1621525788836	OK	 
REQUEST	Scen_1,S_2003330312	request_1	1621525788837	1621525791319	OK	 
REQUEST	Scen_1,S_2003330312	request_2003330312	1621525791319	1621525795211	OK	 
GROUP	Scen_1,S_2003330312	1621525788753	1621525795211	6457	OK
REQUEST	Scen_1,DrillDown_douglas	64881	1621525796990	1621525797364	OK	 
GROUP	Scen_1,DrillDown_douglas	1621525796989	1621525797364	374	OK
REQUEST	Scen_1,SearchByActiveMember	Select_SearchByActiveMember	1621525799162	1621525799635	OK	 
GROUP	Scen_1,SearchByActiveMember	1621525799162	1621525799635	473	OK
REQUEST	Scen_1,SearchName_thomas	Search_1	1621525800938	1621525802789	OK	 
REQUEST	Scen_1,SearchName_thomas	Search_1503326775	1621525802789	1621525804120	OK	 
GROUP	Scen_1,SearchName_thomas	1621525800937	1621525804121	3182	OK
REQUEST	Scen_1,S_1503326775	Select_thomas	1621525805125	1621525805212	OK	 
REQUEST	Scen_1,S_1503326775	request_1	1621525805212	1621525808421	OK	 
REQUEST	Scen_1,S_1503326775	request_1503326775	1621525808422	1621525811928	OK	 
GROUP	Scen_1,S_1503326775	1621525805124	1621525811929	6802	OK
REQUEST	Scen_1,DrillDown_thomas	68055	1621525813050	1621525813196	OK	 
GROUP	Scen_1,DrillDown_thomas	1621525813049	1621525813196	146	OK
REQUEST	Scen_1,SearchByActiveMember	Select_SearchByActiveMember	1621525815165	1621525815998	OK	 
GROUP	Scen_1,SearchByActiveMember	1621525815165	1621525815999	833	OK
REQUEST	Scen_1,SearchName_smith	Search_1	1621525817371	1621525818662	OK	 
REQUEST	Scen_1,SearchName_smith	Search_2003327496	1621525818662	1621525819685	OK	 
GROUP	Scen_1,SearchName_smith	1621525817371	1621525819686	2314	OK
REQUEST	Scen_1,S_2003327496	Select_smith	1621525821132	1621525821215	OK	 
REQUEST	Scen_1,S_2003327496	request_1	1621525821215	1621525824190	OK	 
REQUEST	Scen_1,S_2003327496	request_2003327496	1621525824190	1621525827468	OK	 
GROUP	Scen_1,S_2003327496	1621525821131	1621525827469	6336	OK
REQUEST	Scen_1,DrillDown_smith	67992	1621525828590	1621525828742	OK	 
GROUP	Scen_1,DrillDown_smith	1621525828589	1621525828743	152	OK
REQUEST	Scen_1,SearchByActiveMember	Select_SearchByActiveMember	1621525830241	1621525830431	OK	 
GROUP	Scen_1,SearchByActiveMember	1621525830241	1621525830431	190	OK
REQUEST	Scen_1,SearchName_roger	Search_1	1621525831795	1621525832643	OK	 
REQUEST	Scen_1,SearchName_roger	Search_403328329	1621525832644	1621525833510	OK	 
GROUP	Scen_1,SearchName_roger	1621525831794	1621525833511	1714	OK
REQUEST	Scen_1,S_403328329	Select_roger	1621525834857	1621525835133	OK	 
REQUEST	Scen_1,S_403328329	request_1	1621525835134	1621525835660	OK	 
REQUEST	Scen_1,S_403328329	request_403328329	1621525835661	1621525838041	OK	 
GROUP	Scen_1,S_403328329	1621525834857	1621525838042	3182	OK
REQUEST	Scen_1,DrillDown_roger	63702	1621525839493	1621525839718	OK	 
GROUP	Scen_1,DrillDown_roger	1621525839493	1621525839719	225	OK
REQUEST	Scen_1,SearchByActiveMember	Select_SearchByActiveMember	1621525841586	1621525842682	OK	 
GROUP	Scen_1,SearchByActiveMember	1621525841586	1621525842682	1096	OK
REQUEST	Scen_1,SearchName_baker	Search_1	1621525844334	1621525845385	OK	 
REQUEST	Scen_1,SearchName_baker	Search_1803327625	1621525845385	1621525846412	OK	 
GROUP	Scen_1,SearchName_baker	1621525844334	1621525846413	2078	OK
REQUEST	Scen_1,S_1803327625	Select_baker	1621525848323	1621525848461	OK	 
REQUEST	Scen_1,S_1803327625	request_1	1621525848461	1621525848869	OK	 
REQUEST	Scen_1,S_1803327625	request_1803327625	1621525848870	1621525852044	OK	 
GROUP	Scen_1,S_1803327625	1621525848322	1621525852044	3720	OK
REQUEST	Scen_1,DrillDown_baker	68321	1621525853171	1621525853330	OK	 
GROUP	Scen_1,DrillDown_baker	1621525853170	1621525853330	159	OK
REQUEST	Scen_1,SearchByActiveMember	Select_SearchByActiveMember	1621525854916	1621525855103	OK	 
GROUP	Scen_1,SearchByActiveMember	1621525854916	1621525855103	187	OK
REQUEST	Scen_1,SearchName_douglas	Search_1	1621525856783	1621525857881	OK	 
REQUEST	Scen_1,SearchName_douglas	Search_2003330312	1621525857882	1621525858802	OK	 
GROUP	Scen_1,SearchName_douglas	1621525856782	1621525858803	2018	OK
REQUEST	Scen_1,S_2003330312	Select_douglas	1621525860766	1621525861799	OK	 
REQUEST	Scen_1,S_2003330312	request_1	1621525861800	1621525864431	OK	 
REQUEST	Scen_1,S_2003330312	request_2003330312	1621525864432	1621525868911	OK	 
GROUP	Scen_1,S_2003330312	1621525860765	1621525868912	8143	OK
REQUEST	Scen_1,DrillDown_douglas	64881	1621525870155	1621525870785	OK	 
GROUP	Scen_1,DrillDown_douglas	1621525870155	1621525870785	630	OK
REQUEST	Scen_1,SearchByActiveMember	Select_SearchByActiveMember	1621525871844	1621525872211	OK	 
GROUP	Scen_1,SearchByActiveMember	1621525871844	1621525872212	367	OK
REQUEST	Scen_1,SearchName_thomas	Search_1	1621525873339	1621525874882	OK	 
REQUEST	Scen_1,SearchName_thomas	Search_1503326775	1621525874883	1621525876517	OK	 
GROUP	Scen_1,SearchName_thomas	1621525873338	1621525876518	3177	OK
REQUEST	Scen_1,S_1503326775	Select_thomas	1621525877925	1621525878053	OK	 
REQUEST	Scen_1,S_1503326775	request_1	1621525878054	1621525881433	OK	 
REQUEST	Scen_1,S_1503326775	request_1503326775	1621525881434	1621525884710	OK	 
GROUP	Scen_1,S_1503326775	1621525877924	1621525884710	6783	OK
REQUEST	Scen_1,DrillDown_thomas	68055	1621525886525	1621525886636	OK	 
GROUP	Scen_1,DrillDown_thomas	1621525886524	1621525886637	111	OK
REQUEST	Scen_1,SearchByActiveMember	Select_SearchByActiveMember	1621525888115	1621525888318	OK	 
GROUP	Scen_1,SearchByActiveMember	1621525888114	1621525888319	203	OK
REQUEST	Scen_1,SearchName_smith	Search_1	1621525889977	1621525891125	OK	 
REQUEST	Scen_1,SearchName_smith	Search_2003327496	1621525891126	1621525892085	OK	 
GROUP	Scen_1,SearchName_smith	1621525889977	1621525892085	2107	OK
REQUEST	Scen_1,S_2003327496	Select_smith	1621525893642	1621525893727	OK	 
REQUEST	Scen_1,S_2003327496	request_1	1621525893727	1621525896588	OK	 
REQUEST	Scen_1,S_2003327496	request_2003327496	1621525896589	1621525898850	OK	 
GROUP	Scen_1,S_2003327496	1621525893641	1621525898851	5207	OK
REQUEST	Scen_1,DrillDown_smith	67992	1621525900808	1621525900970	OK	 
GROUP	Scen_1,DrillDown_smith	1621525900807	1621525900970	162	OK
REQUEST	Scen_1,SearchByActiveMember	Select_SearchByActiveMember	1621525902362	1621525902801	OK	 
GROUP	Scen_1,SearchByActiveMember	1621525902361	1621525902801	439	OK
REQUEST	Scen_1,SearchName_roger	Search_1	1621525904711	1621525906420	OK	 
REQUEST	Scen_1,SearchName_roger	Search_403328329	1621525906421	1621525908058	OK	 
GROUP	Scen_1,SearchName_roger	1621525904710	1621525908059	3346	OK
REQUEST	Scen_1,S_403328329	Select_roger	1621525909074	1621525909396	OK	 
REQUEST	Scen_1,S_403328329	request_1	1621525909397	1621525910413	OK	 
REQUEST	Scen_1,S_403328329	request_403328329	1621525910413	1621525913075	OK	 
GROUP	Scen_1,S_403328329	1621525909074	1621525913076	4000	OK
REQUEST	Scen_1,DrillDown_roger	63702	1621525914807	1621525915033	OK	 
GROUP	Scen_1,DrillDown_roger	1621525914806	1621525915034	226	OK
REQUEST	Scen_1,SearchByActiveMember	Select_SearchByActiveMember	1621525916478	1621525916954	OK	 
GROUP	Scen_1,SearchByActiveMember	1621525916478	1621525916954	476	OK
REQUEST	Scen_1,SearchName_baker	Search_1	1621525918245	1621525919117	OK	 
REQUEST	Scen_1,SearchName_baker	Search_1803327625	1621525919117	1621525920757	OK	 
GROUP	Scen_1,SearchName_baker	1621525918244	1621525920757	2512	OK
REQUEST	Scen_1,S_1803327625	Select_baker	1621525922074	1621525922211	OK	 
REQUEST	Scen_1,S_1803327625	request_1	1621525922212	1621525922457	OK	 
REQUEST	Scen_1,S_1803327625	request_1803327625	1621525922458	1621525924854	OK	 
GROUP	Scen_1,S_1803327625	1621525922073	1621525924855	2778	OK
REQUEST	Scen_1,DrillDown_baker	68321	1621525926066	1621525926244	OK	 
GROUP	Scen_1,DrillDown_baker	1621525926065	1621525926245	178	OK
GROUP	Scen_1	1621525777637	1621525927526	90022	OK
REQUEST	Scen_1,Login	BasePage	1621525927527	1621525927829	OK	 
REQUEST	Scen_1,Login	BasePage_1	1621525927830	1621525927903	OK	 
REQUEST	Scen_1,Login	BasePage_2	1621525927904	1621525927967	OK	 
REQUEST	Scen_1,Login	BasePage_3	1621525927968	1621525928037	OK	 
REQUEST	Scen_1,Login	BasePage_4	1621525928038	1621525928122	OK	 
REQUEST	Scen_1,Login	BasePage_5	1621525928123	1621525930176	OK	 
GROUP	Scen_1,Login	1621525927526	1621525930177	2644	OK
REQUEST	Scen_1,SearchByActiveMember	Select_SearchByActiveMember	1621525931187	1621525931361	OK	 
GROUP	Scen_1,SearchByActiveMember	1621525931187	1621525931361	174	OK
REQUEST	Scen_1,SearchName_douglas	Search_1	1621525932386	1621525933453	OK	 
REQUEST	Scen_1,SearchName_douglas	Search_2003330312	1621525933454	1621525934292	OK	 
GROUP	Scen_1,SearchName_douglas	1621525932385	1621525934292	1905	OK
REQUEST	Scen_1,S_2003330312	Select_douglas	1621525935513	1621525935653	OK	 
REQUEST	Scen_1,S_2003330312	request_1	1621525935654	1621525938100	OK	 
REQUEST	Scen_1,S_2003330312	request_2003330312	1621525938101	1621525941337	OK	 
GROUP	Scen_1,S_2003330312	1621525935513	1621525941338	5822	OK
REQUEST	Scen_1,DrillDown_douglas	64881	1621525943139	1621525943379	OK	 
GROUP	Scen_1,DrillDown_douglas	1621525943138	1621525943380	240	OK
REQUEST	Scen_1,SearchByActiveMember	Select_SearchByActiveMember	1621525944947	1621525945149	OK	 
GROUP	Scen_1,SearchByActiveMember	1621525944947	1621525945149	202	OK
REQUEST	Scen_1,SearchName_thomas	Search_1	1621525947096	1621525948096	OK	 
REQUEST	Scen_1,SearchName_thomas	Search_1503326775	1621525948097	1621525949120	OK	 
GROUP	Scen_1,SearchName_thomas	1621525947096	1621525949121	2023	OK
REQUEST	Scen_1,S_1503326775	Select_thomas	1621525950500	1621525950586	OK	 
REQUEST	Scen_1,S_1503326775	request_1	1621525950587	1621525953421	OK	 
REQUEST	Scen_1,S_1503326775	request_1503326775	1621525953422	1621525955674	OK	 
GROUP	Scen_1,S_1503326775	1621525950499	1621525955675	5172	OK
REQUEST	Scen_1,DrillDown_thomas	68055	1621525957343	1621525957455	OK	 
GROUP	Scen_1,DrillDown_thomas	1621525957343	1621525957456	112	OK
REQUEST	Scen_1,SearchByActiveMember	Select_SearchByActiveMember	1621525959047	1621525959279	OK	 
GROUP	Scen_1,SearchByActiveMember	1621525959046	1621525959280	232	OK
REQUEST	Scen_1,SearchName_smith	Search_1	1621525960524	1621525962429	OK	 
REQUEST	Scen_1,SearchName_smith	Search_2003327496	1621525962430	1621525964071	OK	 
GROUP	Scen_1,SearchName_smith	1621525960524	1621525964071	3546	OK
REQUEST	Scen_1,S_2003327496	Select_smith	1621525965585	1621525965731	OK	 
REQUEST	Scen_1,S_2003327496	request_1	1621525965732	1621525968648	OK	 
REQUEST	Scen_1,S_2003327496	request_2003327496	1621525968649	1621525971443	OK	 
GROUP	Scen_1,S_2003327496	1621525965585	1621525971443	5856	OK
REQUEST	Scen_1,DrillDown_smith	67992	1621525973264	1621525973623	OK	 
GROUP	Scen_1,DrillDown_smith	1621525973264	1621525973624	359	OK
REQUEST	Scen_1,SearchByActiveMember	Select_SearchByActiveMember	1621525975275	1621525975421	OK	 
GROUP	Scen_1,SearchByActiveMember	1621525975274	1621525975422	146	OK
REQUEST	Scen_1,SearchName_roger	Search_1	1621525976747	1621525978404	OK	 
REQUEST	Scen_1,SearchName_roger	Search_403328329	1621525978405	1621525980443	OK	 
GROUP	Scen_1,SearchName_roger	1621525976746	1621525980443	3695	OK
REQUEST	Scen_1,S_403328329	Select_roger	1621525981619	1621525981755	OK	 
REQUEST	Scen_1,S_403328329	request_1	1621525981756	1621525982605	OK	 
REQUEST	Scen_1,S_403328329	request_403328329	1621525982606	1621525984857	OK	 
GROUP	Scen_1,S_403328329	1621525981619	1621525984858	3236	OK
REQUEST	Scen_1,DrillDown_roger	63702	1621525986012	1621525986392	OK	 
GROUP	Scen_1,DrillDown_roger	1621525986012	1621525986392	380	OK
REQUEST	Scen_1,SearchByActiveMember	Select_SearchByActiveMember	1621525988336	1621525988556	OK	 
GROUP	Scen_1,SearchByActiveMember	1621525988335	1621525988557	220	OK
REQUEST	Scen_1,SearchName_baker	Search_1	1621525989781	1621525990797	OK	 
REQUEST	Scen_1,SearchName_baker	Search_1803327625	1621525990798	1621525991924	OK	 
GROUP	Scen_1,SearchName_baker	1621525989781	1621525991924	2142	OK
REQUEST	Scen_1,S_1803327625	Select_baker	1621525992981	1621525993078	OK	 
REQUEST	Scen_1,S_1803327625	request_1	1621525993079	1621525993630	OK	 
REQUEST	Scen_1,S_1803327625	request_1803327625	1621525993631	1621525996326	OK	 
GROUP	Scen_1,S_1803327625	1621525992981	1621525996327	3343	OK
REQUEST	Scen_1,DrillDown_baker	68321	1621525998294	1621525998498	OK	 
GROUP	Scen_1,DrillDown_baker	1621525998294	1621525998498	204	OK
REQUEST	Scen_1,SearchByActiveMember	Select_SearchByActiveMember	1621525999646	1621526000019	OK	 
GROUP	Scen_1,SearchByActiveMember	1621525999646	1621526000020	373	OK
REQUEST	Scen_1,SearchName_douglas	Search_1	1621526001849	1621526003085	OK	 
REQUEST	Scen_1,SearchName_douglas	Search_2003330312	1621526003086	1621526004314	OK	 
GROUP	