RUN	ocmlogin	ocmlogin	1630257434233	 	3.5.1
USER	ocmlogin	START	1630257437830
REQUEST		Authenticate	1630257437856	1630257442082	OK	 
REQUEST		request_0	1630257442115	1630257442481	OK	 
REQUEST		request_1	1630257442485	1630257442560	OK	 
REQUEST		request_2	1630257442566	1630257443115	OK	 
REQUEST		request_2 Redirect 1	1630257443119	1630257444085	OK	 
REQUEST		request_2 Redirect 2	1630257444086	1630257444175	OK	 
REQUEST		msidpassword.js	1630257444245	1630257444622	OK	 
REQUEST		UHG_Header_Logo.png	1630257444244	1630257444639	OK	 
REQUEST		common.css	1630257444244	1630257444641	OK	 
REQUEST		common.js	1630257444245	1630257445020	OK	 
REQUEST		bootstrap.min.css	1630257444243	1630257445990	OK	 
REQUEST		request_3	1630257446000	1630257447596	OK	 
REQUEST		system.min.js	1630257447687	1630257450289	OK	 
REQUEST		popper.min.js	1630257447687	1630257450361	OK	 
REQUEST		amd.min.js	1630257450292	1630257450364	OK	 
REQUEST		global-this	1630257447689	1630257450429	OK	 
REQUEST		named-exports.min.js	1630257450365	1630257450433	OK	 
REQUEST		global-this	1630257450430	1630257450497	OK	 
REQUEST		icon?family=Material+Icons	1630257447679	1630257450611	OK	 
REQUEST		d3.v3.min.js	1630257449947	1630257450888	OK	 
REQUEST		global-this	1630257450499	1630257450956	OK	 
REQUEST		zone-patch-user-media.js	1630257447685	1630257450982	OK	 
REQUEST		webapis-rtc-peer-connection.min.js	1630257447684	1630257450985	OK	 
REQUEST		minified.min.js	1630257450435	1630257451024	OK	 
REQUEST		runtime.min.js	1630257447685	1630257451044	OK	 
REQUEST		css2?family=Roboto:wght@300;400;500&display=swap	1630257447612	1630257451105	OK	 
REQUEST		zone.min.js	1630257447682	1630257451219	OK	 
REQUEST		import-map-overrides.js	1630257447686	1630257451235	OK	 
REQUEST		bootstrap.min.js	1630257447680	1630257451345	OK	 
REQUEST		jquery-3.3.1.slim.min.js	1630257447606	1630257451896	OK	 
REQUEST		jquery-2.2.4.min.js	1630257447612	1630257452041	OK	 
REQUEST		omni-chat-widget-settings.js	1630257447750	1630257455441	OK	 
REQUEST		omni-chat-widget.css	1630257449946	1630257455577	OK	 
REQUEST		omni-chat-widget.js	1630257449945	1630257456067	OK	 
REQUEST		request_21	1630257456076	1630257456146	OK	 
REQUEST		request_22	1630257456148	1630257456217	OK	 
REQUEST		request_23	1630257456218	1630257456286	OK	 
REQUEST		request_24	1630257456287	1630257456513	OK	 
REQUEST		request_25	1630257456515	1630257457540	OK	 
REQUEST		request_26	1630257457542	1630257459678	OK	 
REQUEST		request_27	1630257459730	1630257459832	OK	 
REQUEST		request_28	1630257459833	1630257459911	OK	 
REQUEST		request_29	1630257459913	1630257461375	OK	 
REQUEST		request_30	1630257461376	1630257462247	OK	 
REQUEST		request_31	1630257462250	1630257468542	OK	 
REQUEST		request_32	1630257468547	1630257468681	OK	 
REQUEST		request_33	1630257468682	1630257468760	KO	status.find.in(200,201,202,203,204,205,206,207,208,209,304), found 400
REQUEST		request_34	1630257468763	1630257470634	OK	 
REQUEST		request_35	1630257470635	1630257470772	OK	 
REQUEST		request_36	1630257470774	1630257470884	KO	status.find.in(200,201,202,203,204,205,206,207,208,209,304), found 400
REQUEST		request_37	1630257470886	1630257470979	OK	 
REQUEST		request_38	1630257470980	1630257471110	OK	 
REQUEST		request_39	1630257471111	1630257471216	OK	 
REQUEST		request_40	1630257471217	1630257471317	OK	 
REQUEST		request_41	1630257471319	1630257471816	OK	 
REQUEST		request_42	1630257471817	1630257471909	OK	 
REQUEST		request_43	1630257471911	1630257472213	OK	 
REQUEST		request_44	1630257472214	1630257472364	OK	 
REQUEST		request_45	1630257472365	1630257472501	OK	 
USER	ocmlogin	END	1630257472509
