RUN	JJ.Framework.JJSim	jjsim	1622730746816	JJ.Framework.JJSim-SIMULATION_1_1:SIMULATION_2_0:SIMULATION_3_0:SIMULATION_4_:Iterations_10	3.5.1
USER	Users_1	START	1622730749571
REQUEST	NPI,NPI	NPI_1245318229	1622730749595	1622730755501	OK	 
GROUP	NPI,NPI	1622730749576	1622730755542	5906	OK
GROUP	NPI	1622730749574	1622730756943	5906	OK
REQUEST	NPI,NPI	NPI_1821049651	1622730756946	1622730757294	OK	 
GROUP	NPI,NPI	1622730756944	1622730757295	348	OK
GROUP	NPI	1622730756943	1622730758417	348	OK
REQUEST	NPI,NPI	NPI_1114976883	1622730758419	1622730758977	OK	 
GROUP	NPI,NPI	1622730758418	1622730758979	558	OK
GROUP	NPI	1622730758418	1622730760425	558	OK
REQUEST	NPI,NPI	NPI_1740270032	1622730760426	1622730760724	OK	 
GROUP	NPI,NPI	1622730760425	1622730760725	298	OK
GROUP	NPI	1622730760425	1622730761984	298	OK
REQUEST	NPI,NPI	NPI_1245419696	1622730761985	1622730762320	OK	 
GROUP	NPI,NPI	1622730761985	1622730762321	335	OK
GROUP	NPI	1622730761984	1622730763604	335	OK
REQUEST	NPI,NPI	NPI_1942331400	1622730763605	1622730763995	OK	 
GROUP	NPI,NPI	1622730763604	1622730763996	390	OK
GROUP	NPI	1622730763604	1622730765113	390	OK
REQUEST	NPI,NPI	NPI_1144239955	1622730765114	1622730765639	OK	 
GROUP	NPI,NPI	1622730765114	1622730765640	525	OK
GROUP	NPI	1622730765114	1622730767208	525	OK
REQUEST	NPI,NPI	NPI_1538137419	1622730767209	1622730767718	OK	 
GROUP	NPI,NPI	1622730767209	1622730767719	509	OK
GROUP	NPI	1622730767208	1622730768740	509	OK
REQUEST	NPI,NPI	NPI_1306830377	1622730768741	1622730769219	OK	 
GROUP	NPI,NPI	1622730768741	1622730769220	478	OK
GROUP	NPI	1622730768740	1622730770633	478	OK
REQUEST	NPI,NPI	NPI_1962487256	1622730770634	1622730771883	OK	 
GROUP	NPI,NPI	1622730770633	1622730771885	1249	OK
GROUP	NPI	1622730770633	1622730773691	1249	OK
USER	Users_1	END	1622730773694
