RUN	StarTest.Framework.StarSim	starsim	1624549136479	StarTest.Framework.StarSim-SIMULATION_1_15:SIMULATION_2_0:SIMULATION_3_0:Iterations_1000	3.5.1
USER	Users_1	START	1624549138020
REQUEST	StarAPI,LOGIN	LOGIN	1624549138044	1624549138381	OK	 
GROUP	StarAPI,LOGIN	1624549138024	1624549138401	337	OK
USER	Users_1	START	1624549138518
REQUEST	StarAPI,LOGIN	LOGIN	1624549138518	1624549138791	OK	 
GROUP	StarAPI,LOGIN	1624549138518	1624549138792	273	OK
USER	Users_1	START	1624549139016
REQUEST	StarAPI,LOGIN	LOGIN	1624549139016	1624549139288	OK	 
GROUP	StarAPI,LOGIN	1624549139016	1624549139289	272	OK
USER	Users_1	START	1624549140016
USER	Users_1	START	1624549140511
REQUEST	StarAPI,LOGIN	LOGIN	1624549140017	1624549140680	OK	 
GROUP	StarAPI,LOGIN	1624549140017	1624549140681	663	OK
REQUEST	StarAPI,GetStarNote	GetStarNote	1624549139469	1624549140684	OK	 
GROUP	StarAPI,GetStarNote	1624549139463	1624549140686	1215	OK
REQUEST	StarAPI,LOGIN	LOGIN	1624549140512	1624549140768	OK	 
GROUP	StarAPI,LOGIN	1624549140511	1624549140769	256	OK
REQUEST	StarAPI,GetStarNote	GetStarNote	1624549139933	1624549140769	OK	 
GROUP	StarAPI,GetStarNote	1624549139933	1624549140770	836	OK
USER	Users_1	START	1624549141014
REQUEST	StarAPI,LOGIN	LOGIN	1624549141014	1624549141281	OK	 
GROUP	StarAPI,LOGIN	1624549141014	1624549141281	267	OK
REQUEST	StarAPI,GetStarNote	GetStarNote	1624549141153	1624549141557	OK	 
GROUP	StarAPI,GetStarNote	1624549141152	1624549141558	404	OK
USER	Users_1	START	1624549142011
REQUEST	StarAPI,LOGIN	LOGIN	1624549142011	1624549142269	OK	 
GROUP	StarAPI,LOGIN	1624549142011	1624549142271	258	OK
REQUEST	StarAPI,GetEpisodeOfCare	GetEpisodeOfCare	1624549141892	1624549142274	OK	 
GROUP	StarAPI,GetEpisodeOfCare	1624549141891	1624549142275	382	OK
REQUEST	StarAPI,GetEpisodeOfCare	GetEpisodeOfCare	1624549142107	1624549142478	OK	 
GROUP	StarAPI,GetEpisodeOfCare	1624549142107	1624549142478	371	OK
USER	Users_1	START	1624549142511
REQUEST	StarAPI,LOGIN	LOGIN	1624549142511	1624549142769	OK	 
GROUP	StarAPI,LOGIN	1624549142511	1624549142770	258	OK
REQUEST	StarAPI,GetStarNote	GetStarNote	1624549142538	1624549142862	OK	 
GROUP	StarAPI,GetStarNote	1624549142537	1624549142864	324	OK
REQUEST	StarAPI,GetStarNote	GetStarNote	1624549142666	1624549142989	OK	 
GROUP	StarAPI,GetStarNote	1624549142666	1624549142990	323	OK
REQUEST	StarAPI,GetEpisodeOfCare	GetEpisodeOfCare	1624549142622	1624549142996	OK	 
GROUP	StarAPI,GetEpisodeOfCare	1624549142621	1624549142997	374	OK
USER	Users_1	START	1624549143014
REQUEST	StarAPI,LOGIN	LOGIN	1624549143014	1624549143269	OK	 
GROUP	StarAPI,LOGIN	1624549143014	1624549143269	255	OK
USER	Users_1	START	1624549144013
REQUEST	StarAPI,LOGIN	LOGIN	1624549144013	1624549144272	OK	 
GROUP	StarAPI,LOGIN	1624549144013	1624549144273	259	OK
REQUEST	StarAPI,GetStarUIMemberList	GetStarUIMemberList	1624549143615	1624549144329	OK	 
GROUP	StarAPI,GetStarUIMemberList	1624549143614	1624549144329	714	OK
USER	Users_1	START	1624549144512
REQUEST	StarAPI,GetStarNote	GetStarNote	1624549143986	1624549144536	OK	 
GROUP	StarAPI,GetStarNote	1624549143985	1624549144537	550	OK
REQUEST	StarAPI,GetEpisodeOfCare	GetEpisodeOfCare	1624549144130	1624549144710	OK	 
GROUP	StarAPI,GetEpisodeOfCare	1624549144129	1624549144711	580	OK
REQUEST	StarAPI,LOGIN	LOGIN	1624549144513	1624549144802	OK	 
GROUP	StarAPI,LOGIN	1624549144512	1624549144803	289	OK
REQUEST	StarAPI,GetEpisodeOfCare	GetEpisodeOfCare	1624549144152	1624549144809	OK	 
GROUP	StarAPI,GetEpisodeOfCare	1624549144152	1624549144810	657	OK
USER	Users_1	START	1624549145011
REQUEST	StarAPI,GetStarUIMemberList	GetStarUIMemberList	1624549144078	1624549145047	OK	 
GROUP	StarAPI,GetStarUIMemberList	1624549144078	1624549145047	969	OK
REQUEST	StarAPI,GetStarUIMemberList	GetStarUIMemberList	1624549144277	1624549145209	OK	 
GROUP	StarAPI,GetStarUIMemberList	1624549144277	1624549145210	932	OK
REQUEST	StarAPI,LOGIN	LOGIN	1624549145011	1624549145266	OK	 
GROUP	StarAPI,LOGIN	1624549145011	1624549145266	255	OK
USER	Users_1	START	1624549146012
REQUEST	StarAPI,GetEpisodeOfCare	GetEpisodeOfCare	1624549145631	1624549146209	OK	 
GROUP	StarAPI,GetEpisodeOfCare	1624549145630	1624549146210	578	OK
REQUEST	StarAPI,LOGIN	LOGIN	1624549146013	1624549146260	OK	 
GROUP	StarAPI,LOGIN	1624549146012	1624549146261	247	OK
REQUEST	StarAPI,GetStarUIMemberDetail	GetStarUIMemberDetail	1624549145937	1624549146320	OK	 
GROUP	StarAPI,GetStarUIMemberDetail	1624549145937	1624549146321	383	OK
REQUEST	StarAPI,GetStarNote	GetStarNote	1624549146169	1624549146497	OK	 
GROUP	StarAPI,GetStarNote	1624549146168	1624549146498	328	OK
USER	Users_1	START	1624549146512
REQUEST	StarAPI,LOGIN	LOGIN	1624549146513	1624549146757	OK	 
GROUP	StarAPI,LOGIN	1624549146512	1624549146758	244	OK
REQUEST	StarAPI,GetStarUIMemberDetail	GetStarUIMemberDetail	1624549146365	1624549146901	OK	 
GROUP	StarAPI,GetStarUIMemberDetail	1624549146365	1624549146902	536	OK
REQUEST	StarAPI,GetStarUIMemberDetail	GetStarUIMemberDetail	1624549146468	1624549146967	OK	 
GROUP	StarAPI,GetStarUIMemberDetail	1624549146468	1624549146967	499	OK
USER	Users_1	START	1624549147013
REQUEST	StarAPI,GetStarNote	GetStarNote	1624549146747	1624549147178	OK	 
GROUP	StarAPI,GetStarNote	1624549146746	1624549147179	431	OK
REQUEST	StarAPI,LOGIN	LOGIN	1624549147014	1624549147266	OK	 
GROUP	StarAPI,LOGIN	1624549147013	1624549147266	252	OK
REQUEST	StarAPI,GetStarUIMemberList	GetStarUIMemberList	1624549146443	1624549147347	OK	 
GROUP	StarAPI,GetStarUIMemberList	1624549146443	1624549147348	904	OK
REQUEST	StarAPI,GetStarNote	GetStarNote	1624549144976	1624549147471	OK	 
GROUP	StarAPI,GetStarNote	1624549144976	1624549147471	2495	OK
REQUEST	StarAPI,GetStarNote	GetStarNote	1624549143715	1624549147493	OK	 
GROUP	StarAPI,GetStarNote	1624549143715	1624549147494	3778	OK
REQUEST	StarAPI,GetStarNote	GetStarNote	1624549146139	1624549147497	OK	 
GROUP	StarAPI,GetStarNote	1624549146139	1624549147497	1358	OK
REQUEST	StarAPI,GetStarNote	GetStarNote	1624549142028	1624549147502	OK	 
GROUP	StarAPI,GetStarNote	1624549142027	1624549147502	5474	OK
REQUEST	StarAPI,GetStarUIMemberList	GetStarUIMemberList	1624549146731	1624549147569	OK	 
GROUP	StarAPI,GetStarUIMemberList	1624549146730	1624549147570	838	OK
REQUEST	StarAPI,GetEpisodeOfCare	GetEpisodeOfCare	1624549147645	1624549148035	OK	 
GROUP	StarAPI,GetEpisodeOfCare	1624549147645	1624549148036	390	OK
REQUEST	StarAPI,ChatTranscript	ChatTranscript	1624549147979	1624549148071	OK	 
GROUP	StarAPI,ChatTranscript	1624549147979	1624549148072	92	OK
REQUEST	StarAPI,GetStarUIMemberList	GetStarUIMemberList	1624549147391	1624549148084	OK	 
GROUP	StarAPI,GetStarUIMemberList	1624549147391	1624549148084	693	OK
REQUEST	StarAPI,ChatTranscript	ChatTranscript	1624549148129	1624549148206	OK	 
GROUP	StarAPI,ChatTranscript	1624549148129	1624549148206	77	OK
REQUEST	StarAPI,GetStarNote	GetStarNote	1624549147828	1624549148214	OK	 
GROUP	StarAPI,GetStarNote	1624549147828	1624549148215	386	OK
REQUEST	StarAPI,GetStarNote	GetStarNote	1624549147923	1624549148329	OK	 
GROUP	StarAPI,GetStarNote	1624549147923	1624549148330	406	OK
REQUEST	StarAPI,GetEpisodeOfCare	GetEpisodeOfCare	1624549148260	1624549148635	OK	 
GROUP	StarAPI,GetEpisodeOfCare	1624549148260	1624549148635	375	OK
REQUEST	StarAPI,ChatTranscript	ChatTranscript	1624549148614	1624549148692	OK	 
GROUP	StarAPI,ChatTranscript	1624549148614	1624549148693	78	OK
REQUEST	StarAPI,GetStarUIMemberDetail	GetStarUIMemberDetail	1624549148604	1624549148985	OK	 
GROUP	StarAPI,GetStarUIMemberDetail	1624549148603	1624549148985	381	OK
REQUEST	StarAPI,GetStarNote	GetStarNote	1624549148651	1624549149034	OK	 
GROUP	StarAPI,GetStarNote	1624549148650	1624549149035	383	OK
REQUEST	StarAPI,GetEpisodeOfCare	GetEpisodeOfCare	1624549148692	1624549149080	OK	 
GROUP	StarAPI,GetEpisodeOfCare	1624549148692	1624549149080	388	OK
REQUEST	StarAPI,GetEpisodeOfCare	GetEpisodeOfCare	1624549149051	1624549149429	OK	 
GROUP	StarAPI,GetEpisodeOfCare	1624549149051	1624549149430	378	OK
REQUEST	StarAPI,GetEpisodeOfCare	GetEpisodeOfCare	1624549149217	1624549149578	OK	 
GROUP	StarAPI,GetEpisodeOfCare	1624549149216	1624549149579	361	OK
GROUP	StarAPI	1624549139016	1624549149628	2647	OK
REQUEST	StarAPI,LOGIN	LOGIN	1624549149629	1624549149691	OK	 
GROUP	StarAPI,LOGIN	1624549149628	1624549149691	62	OK
GROUP	StarAPI	1624549138518	1624549149906	2654	OK
REQUEST	StarAPI,GetEpisodeOfCare	GetEpisodeOfCare	1624549149462	1624549149950	OK	 
GROUP	StarAPI,GetEpisodeOfCare	1624549149462	1624549149951	488	OK
REQUEST	StarAPI,LOGIN	LOGIN	1624549149906	1624549149966	OK	 
GROUP	StarAPI,LOGIN	1624549149906	1624549149966	60	OK
GROUP	StarAPI	1624549138024	1624549150357	3443	OK
REQUEST	StarAPI,LOGIN	LOGIN	1624549150358	1624549150427	OK	 
GROUP	StarAPI,LOGIN	1624549150358	1624549150427	69	OK
REQUEST	StarAPI,GetStarUIMemberDetail	GetStarUIMemberDetail	1624549149538	1624549150517	OK	 
GROUP	StarAPI,GetStarUIMemberDetail	1624549149537	1624549150518	979	OK
REQUEST	StarAPI,ChatTranscript	ChatTranscript	1624549150775	1624549151005	OK	 
GROUP	StarAPI,ChatTranscript	1624549150774	1624549151005	230	OK
REQUEST	StarAPI,GetEpisodeOfCare	GetEpisodeOfCare	1624549149782	1624549151097	OK	 
GROUP	StarAPI,GetEpisodeOfCare	1624549149781	1624549151098	1315	OK
REQUEST	StarAPI,GetStarUIMemberDetail	GetStarUIMemberDetail	1624549149726	1624549151164	OK	 
GROUP	StarAPI,GetStarUIMemberDetail	1624549149725	1624549151164	1438	OK
REQUEST	StarAPI,GetEpisodeOfCare	GetEpisodeOfCare	1624549149705	1624549151202	OK	 
GROUP	StarAPI,GetEpisodeOfCare	1624549149705	1624549151202	1497	OK
REQUEST	StarAPI,GetStarUIMemberList	GetStarUIMemberList	1624549149698	1624549151256	OK	 
GROUP	StarAPI,GetStarUIMemberList	1624549149697	1624549151257	1558	OK
REQUEST	StarAPI,GetStarUIMemberList	GetStarUIMemberList	1624549149639	1624549151274	OK	 
GROUP	StarAPI,GetStarUIMemberList	1624549149639	1624549151274	1635	OK
REQUEST	StarAPI,GetStarNote	GetStarNote	1624549150739	1624549151298	OK	 
GROUP	StarAPI,GetStarNote	1624549150738	1624549151298	559	OK
REQUEST	StarAPI,GetEpisodeOfCare	GetEpisodeOfCare	1624549150982	1624549151729	OK	 
GROUP	StarAPI,GetEpisodeOfCare	1624549150982	1624549151730	747	OK
REQUEST	StarAPI,GetStarUIMemberList	GetStarUIMemberList	1624549150723	1624549151812	OK	 
GROUP	StarAPI,GetStarUIMemberList	1624549150722	1624549151813	1089	OK
REQUEST	StarAPI,GetStarNote	GetStarNote	1624549151537	1624549151882	OK	 
GROUP	StarAPI,GetStarNote	1624549151537	1624549151883	345	OK
REQUEST	StarAPI,GetStarNote	GetStarNote	1624549151844	1624549152049	OK	 
GROUP	StarAPI,GetStarNote	1624549151843	1624549152050	205	OK
REQUEST	StarAPI,GetStarUIMemberList	GetStarUIMemberList	1624549150971	1624549152130	OK	 
GROUP	StarAPI,GetStarUIMemberList	1624549150971	1624549152131	1159	OK
REQUEST	StarAPI,GetStarUIMemberList	GetStarUIMemberList	1624549151102	1624549152305	OK	 
GROUP	StarAPI,GetStarUIMemberList	1624549151101	1624549152306	1203	OK
REQUEST	StarAPI,GetStarUIMemberList	GetStarUIMemberList	1624549151456	1624549152406	OK	 
GROUP	StarAPI,GetStarUIMemberList	1624549151456	1624549152407	950	OK
REQUEST	StarAPI,ChatTranscript	ChatTranscript	1624549152466	1624549152539	OK	 
GROUP	StarAPI,ChatTranscript	1624549152466	1624549152540	73	OK
REQUEST	StarAPI,GetStarUIMemberDetail	GetStarUIMemberDetail	1624549152326	1624549152689	OK	 
GROUP	StarAPI,GetStarUIMemberDetail	1624549152326	1624549152689	363	OK
REQUEST	StarAPI,ChatTranscript	ChatTranscript	1624549152802	1624549152895	OK	 
GROUP	StarAPI,ChatTranscript	1624549152801	1624549152895	93	OK
GROUP	StarAPI	1624549140016	1624549152901	3081	OK
REQUEST	StarAPI,LOGIN	LOGIN	1624549152902	1624549152963	OK	 
GROUP	StarAPI,LOGIN	1624549152901	1624549152964	61	OK
REQUEST	StarAPI,GetEpisodeOfCare	GetEpisodeOfCare	1624549152776	1624549153348	OK	 
GROUP	StarAPI,GetEpisodeOfCare	1624549152775	1624549153348	572	OK
REQUEST	StarAPI,GetStarUIMemberList	GetStarUIMemberList	1624549152735	1624549153454	OK	 
GROUP	StarAPI,GetStarUIMemberList	1624549152734	1624549153455	719	OK
REQUEST	StarAPI,GetStarUIMemberDetail	GetStarUIMemberDetail	1624549152961	1624549153493	OK	 
GROUP	StarAPI,GetStarUIMemberDetail	1624549152960	1624549153493	532	OK
REQUEST	StarAPI,GetEpisodeOfCare	GetEpisodeOfCare	1624549153189	1624549153752	OK	 
GROUP	StarAPI,GetEpisodeOfCare	1624549153188	1624549153753	563	OK
GROUP	StarAPI	1624549141014	1624549153761	3138	OK
REQUEST	StarAPI,LOGIN	LOGIN	1624549153762	1624549153824	OK	 
GROUP	StarAPI,LOGIN	1624549153762	1624549153825	62	OK
REQUEST	StarAPI,ChatTranscript	ChatTranscript	1624549153958	1624549154038	OK	 
GROUP	StarAPI,ChatTranscript	1624549153957	1624549154038	80	OK
REQUEST	StarAPI,GetStarUIMemberList	GetStarUIMemberList	1624549152960	1624549154249	OK	 
GROUP	StarAPI,GetStarUIMemberList	1624549152960	1624549154253	1289	OK
REQUEST	StarAPI,GetStarUIMemberDetail	GetStarUIMemberDetail	1624549153637	1624549154416	OK	 
GROUP	StarAPI,GetStarUIMemberDetail	1624549153637	1624549154416	779	OK
REQUEST	StarAPI,GetStarUIMemberDetail	GetStarUIMemberDetail	1624549153542	1624549154578	OK	 
GROUP	StarAPI,GetStarUIMemberDetail	1624549153542	1624549154579	1036	OK
REQUEST	StarAPI,GetStarUIMemberDetail	GetStarUIMemberDetail	1624549153609	1624549154591	OK	 
GROUP	StarAPI,GetStarUIMemberDetail	1624549153609	1624549154592	982	OK
GROUP	StarAPI	1624549142511	1624549154713	3610	OK
REQUEST	StarAPI,GetEpisodeOfCare	GetEpisodeOfCare	1624549153899	1624549154730	OK	 
GROUP	StarAPI,GetEpisodeOfCare	1624549153899	1624549154731	831	OK
REQUEST	StarAPI,LOGIN	LOGIN	1624549154714	1624549154780	OK	 
GROUP	StarAPI,LOGIN	1624549154714	1624549154781	66	OK
REQUEST	StarAPI,GetStarUIMemberDetail	GetStarUIMemberDetail	1624549154105	1624549154850	OK	 
GROUP	StarAPI,GetStarUIMemberDetail	1624549154105	1624549154851	745	OK
REQUEST	StarAPI,GetStarUIMemberList	GetStarUIMemberList	1624549153582	1624549154882	OK	 
GROUP	StarAPI,GetStarUIMemberList	1624549153581	1624549154882	1300	OK
REQUEST	StarAPI,GetStarNote	GetStarNote	1624549154679	1624549154956	OK	 
GROUP	StarAPI,GetStarNote	1624549154679	1624549154956	277	OK
REQUEST	StarAPI,ChatTranscript	ChatTranscript	1624549155005	1624549155076	OK	 
GROUP	StarAPI,ChatTranscript	1624549155005	1624549155077	71	OK
REQUEST	StarAPI,GetStarUIMemberDetail	GetStarUIMemberDetail	1624549154848	1624549155243	OK	 
GROUP	StarAPI,GetStarUIMemberDetail	1624549154848	1624549155244	395	OK
GROUP	StarAPI	1624549145011	1624549155268	3062	OK
REQUEST	StarAPI,LOGIN	LOGIN	1624549155269	1624549155329	OK	 
GROUP	StarAPI,LOGIN	1624549155269	1624549155329	60	OK
REQUEST	StarAPI,GetStarUIMemberList	GetStarUIMemberList	1624549154622	1624549155357	OK	 
GROUP	StarAPI,GetStarUIMemberList	1624549154622	1624549155357	735	OK
REQUEST	StarAPI,GetStarNote	GetStarNote	1624549155317	1624549155542	OK	 
GROUP	StarAPI,GetStarNote	1624549155317	1624549155543	225	OK
REQUEST	StarAPI,GetStarUIMemberList	GetStarUIMemberList	1624549155126	1624549155797	OK	 
GROUP	StarAPI,GetStarUIMemberList	1624549155125	1624549155798	671	OK
REQUEST	StarAPI,ChatTranscript	ChatTranscript	1624549155935	1624549156027	OK	 
GROUP	StarAPI,ChatTranscript	1624549155935	1624549156027	92	OK
REQUEST	StarAPI,GetStarUIMemberDetail	GetStarUIMemberDetail	1624549155734	1624549156196	OK	 
GROUP	StarAPI,GetStarUIMemberDetail	1624549155734	1624549156197	462	OK
REQUEST	StarAPI,ChatTranscript	ChatTranscript	1624549156026	1624549156278	OK	 
GROUP	StarAPI,ChatTranscript	1624549156025	1624549156278	252	OK
REQUEST	StarAPI,ChatTranscript	ChatTranscript	1624549156332	1624549156405	OK	 
GROUP	StarAPI,ChatTranscript	1624549156331	1624549156406	73	OK
REQUEST	StarAPI,GetEpisodeOfCare	GetEpisodeOfCare	1624549156150	1624549156635	OK	 
GROUP	StarAPI,GetEpisodeOfCare	1624549156149	1624549156635	485	OK
REQUEST	StarAPI,ChatTranscript	ChatTranscript	1624549156582	1624549156662	OK	 
GROUP	StarAPI,ChatTranscript	1624549156581	1624549156663	80	OK
REQUEST	StarAPI,GetStarNote	GetStarNote	1624549155983	1624549156689	OK	 
GROUP	StarAPI,GetStarNote	1624549155983	1624549156690	706	OK
REQUEST	StarAPI,ChatTranscript	ChatTranscript	1624549156631	1624549156708	OK	 
GROUP	StarAPI,ChatTranscript	1624549156631	1624549156709	77	OK
REQUEST	StarAPI,GetStarUIMemberDetail	GetStarUIMemberDetail	1624549156299	1624549156725	OK	 
GROUP	StarAPI,GetStarUIMemberDetail	1624549156299	1624549156725	426	OK
GROUP	StarAPI	1624549144013	1624549156773	3215	OK
REQUEST	StarAPI,LOGIN	LOGIN	1624549156774	1624549156833	OK	 
GROUP	StarAPI,LOGIN	1624549156774	1624549156834	59	OK
REQUEST	StarAPI,GetStarNote	GetStarNote	1624549156458	1624549156886	OK	 
GROUP	StarAPI,GetStarNote	1624549156457	1624549156887	428	OK
REQUEST	StarAPI,GetStarUIMemberList	GetStarUIMemberList	1624549156456	1624549157185	OK	 
GROUP	StarAPI,GetStarUIMemberList	1624549156455	1624549157185	729	OK
REQUEST	StarAPI,GetStarUIMemberDetail	GetStarUIMemberDetail	1624549156923	1624549157305	OK	 
GROUP	StarAPI,GetStarUIMemberDetail	1624549156923	1624549157305	382	OK
REQUEST	StarAPI,ChatTranscript	ChatTranscript	1624549157267	1624549157369	OK	 
GROUP	StarAPI,ChatTranscript	1624549157266	1624549157369	102	OK
REQUEST	StarAPI,GetStarUIMemberDetail	GetStarUIMemberDetail	1624549156984	1624549157417	OK	 
GROUP	StarAPI,GetStarUIMemberDetail	1624549156984	1624549157418	433	OK
REQUEST	StarAPI,GetEpisodeOfCare	GetEpisodeOfCare	1624549157125	1624549157551	OK	 
GROUP	StarAPI,GetEpisodeOfCare	1624549157124	1624549157551	426	OK
GROUP	StarAPI	1624549144512	1624549157739	3968	OK
REQUEST	StarAPI,LOGIN	LOGIN	1624549157739	1624549157805	OK	 
GROUP	StarAPI,LOGIN	1624549157739	1624549157806	66	OK
GROUP	StarAPI	1624549140511	1624549157873	8223	OK
REQUEST	StarAPI,LOGIN	LOGIN	1624549157874	1624549157944	OK	 
GROUP	StarAPI,LOGIN	1624549157874	1624549157944	70	OK
REQUEST	StarAPI,GetEpisodeOfCare	GetEpisodeOfCare	1624549157723	1624549158104	OK	 
GROUP	StarAPI,GetEpisodeOfCare	1624549157723	1624549158105	381	OK
GROUP	StarAPI	1624549143014	1624549158218	5328	OK
REQUEST	StarAPI,LOGIN	LOGIN	1624549158219	1624549158279	OK	 
GROUP	StarAPI,LOGIN	1624549158219	1624549158279	60	OK
GROUP	StarAPI	1624549142011	1624549158352	6699	OK
REQUEST	StarAPI,LOGIN	LOGIN	1624549158352	1624549158411	OK	 
GROUP	StarAPI,LOGIN	1624549158352	1624549158412	59	OK
REQUEST	StarAPI,GetStarUIMemberList	GetStarUIMemberList	1624549157781	1624549158481	OK	 
GROUP	StarAPI,GetStarUIMemberList	1624549157781	1624549158482	700	OK
GROUP	StarAPI	1624549146512	1624549158582	3156	OK
REQUEST	StarAPI,ChatTranscript	ChatTranscript	1624549158295	1624549158627	OK	 
GROUP	StarAPI,ChatTranscript	1624549158294	1624549158628	332	OK
REQUEST	StarAPI,LOGIN	LOGIN	1624549158582	1624549158642	OK	 
GROUP	StarAPI,LOGIN	1624549158582	1624549158642	60	OK
REQUEST	StarAPI,GetStarUIMemberDetail	GetStarUIMemberDetail	1624549158368	1624549158743	OK	 
GROUP	StarAPI,GetStarUIMemberDetail	1624549158368	1624549158743	375	OK
REQUEST	StarAPI,GetStarNote	GetStarNote	1624549158605	1624549158751	OK	 
GROUP	StarAPI,GetStarNote	1624549158605	1624549158751	146	OK
GROUP	StarAPI	1624549146012	1624549158753	3983	OK
REQUEST	StarAPI,ChatTranscript	ChatTranscript	1624549158726	1624549158795	OK	 
GROUP	StarAPI,ChatTranscript	1624549158726	1624549158796	69	OK
REQUEST	StarAPI,LOGIN	LOGIN	1624549158753	1624549158814	OK	 
GROUP	StarAPI,LOGIN	1624549158753	1624549158814	61	OK
REQUEST	StarAPI,GetStarNote	GetStarNote	1624549158837	1624549158974	OK	 
GROUP	StarAPI,GetStarNote	1624549158836	1624549158975	137	OK
REQUEST	StarAPI,GetEpisodeOfCare	GetEpisodeOfCare	1624549158721	1624549159088	OK	 
GROUP	StarAPI,GetEpisodeOfCare	1624549158720	1624549159089	367	OK
REQUEST	StarAPI,ChatTranscript	ChatTranscript	1624549159074	1624549159149	OK	 
GROUP	StarAPI,ChatTranscript	1624549159074	1624549159149	75	OK
REQUEST	StarAPI,GetStarNote	GetStarNote	1624549159015	1624549159239	OK	 
GROUP	StarAPI,GetStarNote	1624549159015	1624549159239	224	OK
GROUP	StarAPI	1624549150358	1624549159990	2099	OK
REQUEST	StarAPI,GetStarUIMemberDetail	GetStarUIMemberDetail	1624549159546	1624549160015	OK	 
GROUP	StarAPI,GetStarUIMemberDetail	1624549159546	1624549160016	469	OK
REQUEST	StarAPI,GetStarNote	GetStarNote	1624549159835	1624549160052	OK	 
GROUP	StarAPI,GetStarNote	1624549159835	1624549160053	217	OK
REQUEST	StarAPI,GetStarUIMemberList	GetStarUIMemberList	1624549159337	1624549160065	OK	 
GROUP	StarAPI,GetStarUIMemberList	1624549159336	1624549160066	728	OK
GROUP	StarAPI	1624549149628	1624549160179	2436	OK
REQUEST	StarAPI,LOGIN	LOGIN	1624549160179	1624549160242	OK	 
GROUP	StarAPI,LOGIN	1624549160179	1624549160242	63	OK
REQUEST	StarAPI,GetStarNote	GetStarNote	1624549159782	1624549160475	OK	 
GROUP	StarAPI,GetStarNote	1624549159782	1624549160475	693	OK
REQUEST	StarAPI,LOGIN	LOGIN	1624549159991	1624549160482	OK	 
GROUP	StarAPI,LOGIN	1624549159991	1624549160482	491	OK
REQUEST	StarAPI,ChatTranscript	ChatTranscript	1624549160308	1624549160493	OK	 
GROUP	StarAPI,ChatTranscript	1624549160307	1624549160494	185	OK
GROUP	StarAPI	1624549147013	1624549160558	3440	OK
REQUEST	StarAPI,LOGIN	LOGIN	1624549160559	1624549160622	OK	 
GROUP	StarAPI,LOGIN	1624549160558	1624549160622	63	OK
REQUEST	StarAPI,GetStarUIMemberList	GetStarUIMemberList	1624549159888	1624549160721	OK	 
GROUP	StarAPI,GetStarUIMemberList	1624549159888	1624549160721	833	OK
REQUEST	StarAPI,GetStarNote	GetStarNote	1624549160278	1624549160727	OK	 
GROUP	StarAPI,GetStarNote	1624549160278	1624549160728	449	OK
REQUEST	StarAPI,GetEpisodeOfCare	GetEpisodeOfCare	1624549160337	1624549161116	OK	 
GROUP	StarAPI,GetEpisodeOfCare	1624549160336	1624549161116	779	OK
REQUEST	StarAPI,GetEpisodeOfCare	GetEpisodeOfCare	1624549160527	1624549161143	OK	 
GROUP	StarAPI,GetEpisodeOfCare	1624549160527	1624549161143	616	OK
REQUEST	StarAPI,GetEpisodeOfCare	GetEpisodeOfCare	1624549160619	1624549161193	OK	 
GROUP	StarAPI,GetEpisodeOfCare	1624549160619	1624549161194	574	OK
REQUEST	StarAPI,GetStarUIMemberList	GetStarUIMemberList	1624549160339	1624549161234	OK	 
GROUP	StarAPI,GetStarUIMemberList	1624549160338	1624549161234	895	OK
REQUEST	StarAPI,GetStarNote	GetStarNote	1624549161518	1624549161661	OK	 
GROUP	StarAPI,GetStarNote	1624549161518	1624549161662	143	OK
REQUEST	StarAPI,GetEpisodeOfCare	GetEpisodeOfCare	1624549161437	1624549161817	OK	 
GROUP	StarAPI,GetEpisodeOfCare	1624549161437	1624549161818	380	OK
REQUEST	StarAPI,ChatTranscript	ChatTranscript	1624549161914	1624549161992	OK	 
GROUP	StarAPI,ChatTranscript	1624549161913	1624549161992	78	OK
GROUP	StarAPI	1624549149906	1624549162050	2385	OK
REQUEST	StarAPI,LOGIN	LOGIN	1624549162051	1624549162118	OK	 
GROUP	StarAPI,LOGIN	1624549162051	1624549162118	67	OK
REQUEST	StarAPI,GetStarNote	GetStarNote	1624549161904	1624549162181	OK	 
GROUP	StarAPI,GetStarNote	1624549161903	1624549162181	277	OK
REQUEST	StarAPI,GetStarNote	GetStarNote	1624549160000	1624549162221	OK	 
GROUP	StarAPI,GetStarNote	1624549159999	1624549162221	2221	OK
REQUEST	StarAPI,GetStarNote	GetStarNote	1624549161958	1624549162281	OK	 
GROUP	StarAPI,GetStarNote	1624549161958	1624549162282	323	OK
REQUEST	StarAPI,GetStarUIMemberDetail	GetStarUIMemberDetail	1624549161914	1624549162297	OK	 
GROUP	StarAPI,GetStarUIMemberDetail	1624549161913	1624549162297	383	OK
REQUEST	StarAPI,GetStarUIMemberDetail	GetStarUIMemberDetail	1624549161915	1624549162298	OK	 
GROUP	StarAPI,GetStarUIMemberDetail	1624549161915	1624549162299	383	OK
REQUEST	StarAPI,GetEpisodeOfCare	GetEpisodeOfCare	1624549162330	1624549162716	OK	 
GROUP	StarAPI,GetEpisodeOfCare	1624549162330	1624549162716	386	OK
GROUP	StarAPI	1624549152901	1624549163161	2070	OK
REQUEST	StarAPI,LOGIN	LOGIN	1624549163162	1624549163222	OK	 
GROUP	StarAPI,LOGIN	1624549163162	1624549163223	60	OK
REQUEST	StarAPI,GetEpisodeOfCare	GetEpisodeOfCare	1624549162509	1624549163262	OK	 
GROUP	StarAPI,GetEpisodeOfCare	1624549162508	1624549163263	753	OK
REQUEST	StarAPI,GetStarUIMemberDetail	GetStarUIMemberDetail	1624549162476	1624549163277	OK	 
GROUP	StarAPI,GetStarUIMemberDetail	1624549162476	1624549163278	801	OK
REQUEST	StarAPI,GetStarNote	GetStarNote	1624549163192	1624549163760	OK	 
GROUP	StarAPI,GetStarNote	1624549163192	1624549163760	568	OK
REQUEST	StarAPI,ChatTranscript	ChatTranscript	1624549163557	1624549163862	OK	 
GROUP	StarAPI,ChatTranscript	1624549163557	1624549163862	305	OK
REQUEST	StarAPI,GetStarUIMemberList	GetStarUIMemberList	1624549162656	1624549163920	OK	 
GROUP	StarAPI,GetStarUIMemberList	1624549162655	1624549163921	1264	OK
REQUEST	StarAPI,GetStarUIMemberList	GetStarUIMemberList	1624549162603	1624549163920	OK	 
GROUP	StarAPI,GetStarUIMemberList	1624549162603	1624549163921	1317	OK
REQUEST	StarAPI,GetEpisodeOfCare	GetEpisodeOfCare	1624549163238	1624549164294	OK	 
GROUP	StarAPI,GetEpisodeOfCare	1624549163237	1624549164295	1056	OK
REQUEST	