RUN	MarsTest.Framework.MarsSim	marssim	1623802694700	MarsTest.Framework.MarsSim-SIMULATION_1_2:SIMULATION_2_0:SIMULATION_3_0:Iterations_2	3.5.1
USER	MarsTest	START	1623802696198
REQUEST	MarsTest / APIs,SearchByMetaData		1623802696213	1623802699283	OK	 
GROUP	MarsTest / APIs,SearchByMetaData	1623802696200	1623802699301	3070	OK
REQUEST	MarsTest / APIs,GetDocumentById		1623802700305	1623802700510	OK	 
GROUP	MarsTest / APIs,GetDocumentById	1623802700303	1623802700513	205	OK
USER	MarsTest	START	1623802701189
REQUEST	MarsTest / APIs,FindAllStates		1623802701515	1623802701633	OK	 
GROUP	MarsTest / APIs,FindAllStates	1623802701514	1623802701634	118	OK
REQUEST	MarsTest / APIs,GetClusterByProviderType		1623802702638	1623802702799	OK	 
GROUP	MarsTest / APIs,GetClusterByProviderType	1623802702637	1623802702800	161	OK
REQUEST	MarsTest / APIs,SearchByMetaData		1623802701190	1623802703534	OK	 
GROUP	MarsTest / APIs,SearchByMetaData	1623802701189	1623802703535	2344	OK
REQUEST	MarsTest / APIs,GetProviderAddress		1623802703806	1623802703894	OK	 
GROUP	MarsTest / APIs,GetProviderAddress	1623802703805	1623802703895	88	OK
REQUEST	MarsTest / APIs,GetDocumentById		1623802704539	1623802704769	OK	 
GROUP	MarsTest / APIs,GetDocumentById	1623802704538	1623802704770	230	OK
REQUEST	MarsTest / APIs,GetProviderName		1623802704901	1623802704989	OK	 
GROUP	MarsTest / APIs,GetProviderName	1623802704900	1623802704990	88	OK
REQUEST	MarsTest / APIs,FindAllStates		1623802705776	1623802705892	OK	 
GROUP	MarsTest / APIs,FindAllStates	1623802705775	1623802705892	116	OK
REQUEST	MarsTest / APIs,findMemberLinxById		1623802705996	1623802706683	OK	 
GROUP	MarsTest / APIs,findMemberLinxById	1623802705995	1623802706684	687	OK
REQUEST	MarsTest / APIs,GetClusterByProviderType		1623802706898	1623802707063	OK	 
GROUP	MarsTest / APIs,GetClusterByProviderType	1623802706898	1623802707064	165	OK
GROUP	MarsTest / APIs	1623802696200	1623802707687	4417	OK
REQUEST	MarsTest / APIs,GetProviderAddress		1623802708066	1623802708151	OK	 
GROUP	MarsTest / APIs,GetProviderAddress	1623802708065	1623802708152	85	OK
REQUEST	MarsTest / APIs,GetProviderName		1623802709158	1623802709245	OK	 
GROUP	MarsTest / APIs,GetProviderName	1623802709157	1623802709246	87	OK
REQUEST	MarsTest / APIs,SearchByMetaData		1623802707688	1623802709775	OK	 
GROUP	MarsTest / APIs,SearchByMetaData	1623802707688	1623802709776	2087	OK
REQUEST	MarsTest / APIs,findMemberLinxById		1623802710251	1623802710878	OK	 
GROUP	MarsTest / APIs,findMemberLinxById	1623802710250	1623802710882	627	OK
REQUEST	MarsTest / APIs,GetDocumentById		1623802710780	1623802710991	OK	 
GROUP	MarsTest / APIs,GetDocumentById	1623802710780	1623802710992	211	OK
GROUP	MarsTest / APIs	1623802701189	1623802711887	3654	OK
REQUEST	MarsTest / APIs,FindAllStates		1623802711999	1623802712106	OK	 
GROUP	MarsTest / APIs,FindAllStates	1623802711998	1623802712107	107	OK
REQUEST	MarsTest / APIs,GetClusterByProviderType		1623802713110	1623802713257	OK	 
GROUP	MarsTest / APIs,GetClusterByProviderType	1623802713109	1623802713258	147	OK
REQUEST	MarsTest / APIs,SearchByMetaData		1623802711888	1623802714122	OK	 
GROUP	MarsTest / APIs,SearchByMetaData	1623802711888	1623802714123	2234	OK
REQUEST	MarsTest / APIs,GetProviderAddress		1623802714261	1623802714345	OK	 
GROUP	MarsTest / APIs,GetProviderAddress	1623802714260	1623802714346	84	OK
REQUEST	MarsTest / APIs,GetDocumentById		1623802715128	1623802715380	OK	 
GROUP	MarsTest / APIs,GetDocumentById	1623802715127	1623802715381	252	OK
REQUEST	MarsTest / APIs,GetProviderName		1623802715350	1623802715430	OK	 
GROUP	MarsTest / APIs,GetProviderName	1623802715349	1623802715431	80	OK
REQUEST	MarsTest / APIs,FindAllStates		1623802716387	1623802716509	OK	 
GROUP	MarsTest / APIs,FindAllStates	1623802716386	1623802716511	122	OK
REQUEST	MarsTest / APIs,findMemberLinxById		1623802716432	1623802716831	OK	 
GROUP	MarsTest / APIs,findMemberLinxById	1623802716431	1623802716832	399	OK
REQUEST	MarsTest / APIs,GetClusterByProviderType		1623802717513	1623802717648	OK	 
GROUP	MarsTest / APIs,GetClusterByProviderType	1623802717512	1623802717649	135	OK
GROUP	MarsTest / APIs	1623802707688	1623802717834	3115	OK
USER	MarsTest	END	1623802717838
REQUEST	MarsTest / APIs,GetProviderAddress		1623802718651	1623802718741	OK	 
GROUP	MarsTest / APIs,GetProviderAddress	1623802718650	1623802718742	90	OK
REQUEST	MarsTest / APIs,GetProviderName		1623802719744	1623802719827	OK	 
GROUP	MarsTest / APIs,GetProviderName	1623802719744	1623802719828	83	OK
REQUEST	MarsTest / APIs,findMemberLinxById		1623802720833	1623802721195	OK	 
GROUP	MarsTest / APIs,findMemberLinxById	1623802720832	1623802721196	362	OK
GROUP	MarsTest / APIs	1623802711888	1623802722198	3278	OK
USER	MarsTest	END	1623802722199
