RUN	JJ.Framework.JJSim	jjsim	1622744623207	JJ.Framework.JJSim-SIMULATION_1_1:SIMULATION_2_0:SIMULATION_3_0:SIMULATION_4_:Iterations_10	3.5.1
USER	Users_1	START	1622744625885
REQUEST	NPI,NPI_1245318229	NPI_1245318229	1622744625906	1622744626251	KO	status.find.in(200,201,202,203,204,205,206,207,208,209,304), found 503
GROUP	NPI,NPI_1245318229	1622744625892	1622744626271	345	KO
GROUP	NPI	1622744625888	1622744627414	345	KO
REQUEST	NPI,NPI_1821049651	NPI_1821049651	1622744627417	1622744627791	KO	status.find.in(200,201,202,203,204,205,206,207,208,209,304), found 503
GROUP	NPI,NPI_1821049651	1622744627416	1622744627792	374	KO
GROUP	NPI	1622744627415	1622744629312	374	KO
REQUEST	NPI,NPI_1114976883	NPI_1114976883	1622744629313	1622744629647	KO	status.find.in(200,201,202,203,204,205,206,207,208,209,304), found 503
GROUP	NPI,NPI_1114976883	1622744629312	1622744629648	334	KO
GROUP	NPI	1622744629312	1622744631576	334	KO
REQUEST	NPI,NPI_1740270032	NPI_1740270032	1622744631578	1622744631919	KO	status.find.in(200,201,202,203,204,205,206,207,208,209,304), found 503
GROUP	NPI,NPI_1740270032	1622744631577	1622744631921	341	KO
GROUP	NPI	1622744631577	1622744633555	341	KO
REQUEST	NPI,NPI_1245419696	NPI_1245419696	1622744633556	1622744633939	KO	status.find.in(200,201,202,203,204,205,206,207,208,209,304), found 503
GROUP	NPI,NPI_1245419696	1622744633555	1622744633941	383	KO
GROUP	NPI	1622744633555	1622744635664	383	KO
REQUEST	NPI,NPI_1942331400	NPI_1942331400	1622744635665	1622744635993	KO	status.find.in(200,201,202,203,204,205,206,207,208,209,304), found 503
GROUP	NPI,NPI_1942331400	1622744635664	1622744635994	328	KO
GROUP	NPI	1622744635664	1622744637856	328	KO
REQUEST	NPI,NPI_1144239955	NPI_1144239955	1622744637857	1622744638817	KO	status.find.in(200,201,202,203,204,205,206,207,208,209,304), found 503
GROUP	NPI,NPI_1144239955	1622744637856	1622744638819	960	KO
GROUP	NPI	1622744637856	1622744640630	960	KO
REQUEST	NPI,NPI_1538137419	NPI_1538137419	1622744640632	1622744640960	KO	status.find.in(200,201,202,203,204,205,206,207,208,209,304), found 503
GROUP	NPI,NPI_1538137419	1622744640631	1622744640961	328	KO
GROUP	NPI	1622744640631	1622744642062	328	KO
REQUEST	NPI,NPI_1306830377	NPI_1306830377	1622744642063	1622744642391	KO	status.find.in(200,201,202,203,204,205,206,207,208,209,304), found 503
GROUP	NPI,NPI_1306830377	1622744642062	1622744642392	328	KO
GROUP	NPI	1622744642062	1622744643625	328	KO
REQUEST	NPI,NPI_1962487256	NPI_1962487256	1622744643626	1622744644274	KO	status.find.in(200,201,202,203,204,205,206,207,208,209,304), found 503
GROUP	NPI,NPI_1962487256	1622744643625	1622744644275	648	KO
GROUP	NPI	1622744643625	1622744645729	648	KO
USER	Users_1	END	1622744645731
