RUN	Optum.Framework.OptumSim	optumsim	1621526507212	 	3.5.1
USER	Users_1	START	1621526508725
REQUEST	Scen_1,Login	BasePage	1621526508744	1621526509030	OK	 
REQUEST	Scen_1,Login	BasePage_1	1621526509055	1621526509137	OK	 
REQUEST	Scen_1,Login	BasePage_2	1621526509143	1621526509205	OK	 
REQUEST	Scen_1,Login	BasePage_3	1621526509206	1621526509269	OK	 
REQUEST	Scen_1,Login	BasePage_4	1621526509270	1621526509338	OK	 
REQUEST	Scen_1,Login	BasePage_5	1621526509340	1621526511601	OK	 
GROUP	Scen_1,Login	1621526508728	1621526511603	2822	OK
REQUEST	Scen_1,SearchByActiveMember	Select_SearchByActiveMember	1621526512609	1621526513136	OK	 
GROUP	Scen_1,SearchByActiveMember	1621526512609	1621526513137	527	OK
REQUEST	Scen_1,SearchName_douglas	Search_1	1621526514169	1621526515197	OK	 
REQUEST	Scen_1,SearchName_douglas	Search_2003330312	1621526515202	1621526516515	OK	 
GROUP	Scen_1,SearchName_douglas	1621526514166	1621526516516	2341	OK
REQUEST	Scen_1,S_2003330312	Select_douglas	1621526518013	1621526518186	OK	 
REQUEST	Scen_1,S_2003330312	request_1	1621526518187	1621526521328	OK	 
REQUEST	Scen_1,S_2003330312	request_2003330312	1621526521330	1621526524912	OK	 
GROUP	Scen_1,S_2003330312	1621526518013	1621526524914	6896	OK
REQUEST	Scen_1,DrillDown_douglas	64881	1621526526762	1621526527006	OK	 
GROUP	Scen_1,DrillDown_douglas	1621526526760	1621526527007	244	OK
REQUEST	Scen_1,SearchByActiveMember	Select_SearchByActiveMember	1621526528252	1621526528539	OK	 
GROUP	Scen_1,SearchByActiveMember	1621526528251	1621526528540	287	OK
REQUEST	Scen_1,SearchName_thomas	Search_1	1621526530406	1621526532282	OK	 
REQUEST	Scen_1,SearchName_thomas	Search_1503326775	1621526532284	1621526534026	OK	 
GROUP	Scen_1,SearchName_thomas	1621526530405	1621526534027	3618	OK
REQUEST	Scen_1,S_1503326775	Select_thomas	1621526535097	1621526535182	OK	 
REQUEST	Scen_1,S_1503326775	request_1	1621526535184	1621526538032	OK	 
REQUEST	Scen_1,S_1503326775	request_1503326775	1621526538034	1621526540682	OK	 
GROUP	Scen_1,S_1503326775	1621526535096	1621526540683	5581	OK
REQUEST	Scen_1,DrillDown_thomas	68055	1621526542278	1621526542404	OK	 
GROUP	Scen_1,DrillDown_thomas	1621526542277	1621526542405	126	OK
REQUEST	Scen_1,SearchByActiveMember	Select_SearchByActiveMember	1621526543725	1621526543935	OK	 
GROUP	Scen_1,SearchByActiveMember	1621526543724	1621526543936	210	OK
REQUEST	Scen_1,SearchName_smith	Search_1	1621526545041	1621526546313	OK	 
REQUEST	Scen_1,SearchName_smith	Search_2003327496	1621526546314	1621526547335	OK	 
GROUP	Scen_1,SearchName_smith	1621526545040	1621526547336	2293	OK
REQUEST	Scen_1,S_2003327496	Select_smith	1621526548770	1621526549119	OK	 
REQUEST	Scen_1,S_2003327496	request_1	1621526549121	1621526552355	OK	 
REQUEST	Scen_1,S_2003327496	request_2003327496	1621526552357	1621526555015	OK	 
GROUP	Scen_1,S_2003327496	1621526548770	1621526555016	6241	OK
REQUEST	Scen_1,DrillDown_smith	67992	1621526556979	1621526557354	OK	 
GROUP	Scen_1,DrillDown_smith	1621526556979	1621526557355	375	OK
GROUP	Scen_1	1621526508728	1621526558710	31561	OK
REQUEST	Scen_1,Login	BasePage	1621526558711	1621526558812	OK	 
REQUEST	Scen_1,Login	BasePage_1	1621526558814	1621526558911	OK	 
REQUEST	Scen_1,Login	BasePage_2	1621526558912	1621526558994	OK	 
REQUEST	Scen_1,Login	BasePage_3	1621526558995	1621526559060	OK	 
REQUEST	Scen_1,Login	BasePage_4	1621526559061	1621526559124	OK	 
REQUEST	Scen_1,Login	BasePage_5	1621526559126	1621526564746	OK	 
GROUP	Scen_1,Login	1621526558710	1621526564747	6028	OK
REQUEST	Scen_1,SearchByActiveMember	Select_SearchByActiveMember	1621526565753	1621526565927	OK	 
GROUP	Scen_1,SearchByActiveMember	1621526565752	1621526565928	174	OK
REQUEST	Scen_1,SearchName_roger	Search_1	1621526567159	1621526568840	OK	 
REQUEST	Scen_1,SearchName_roger	Search_403328329	1621526568842	1621526570788	OK	 
GROUP	Scen_1,SearchName_roger	1621526567158	1621526570788	3627	OK
REQUEST	Scen_1,S_403328329	Select_roger	1621526571954	1621526572109	OK	 
REQUEST	Scen_1,S_403328329	request_1	1621526572110	1621526572700	OK	 
REQUEST	Scen_1,S_403328329	request_403328329	1621526572701	1621526574781	OK	 
GROUP	Scen_1,S_403328329	1621526571953	1621526574782	2825	OK
REQUEST	Scen_1,DrillDown_roger	63702	1621526576562	1621526576760	OK	 
GROUP	Scen_1,DrillDown_roger	1621526576561	1621526576761	198	OK
REQUEST	Scen_1,SearchByActiveMember	Select_SearchByActiveMember	1621526577867	1621526578774	OK	 
GROUP	Scen_1,SearchByActiveMember	1621526577867	1621526578774	907	OK
REQUEST	Scen_1,SearchName_baker	Search_1	1621526580195	1621526581436	OK	 
REQUEST	Scen_1,SearchName_baker	Search_1803327625	1621526581438	1621526582358	OK	 
GROUP	Scen_1,SearchName_baker	1621526580193	1621526582359	2161	OK
REQUEST	Scen_1,S_1803327625	Select_baker	1621526583591	1621526583711	OK	 
REQUEST	Scen_1,S_1803327625	request_1	1621526583712	1621526584100	OK	 
REQUEST	Scen_1,S_1803327625	request_1803327625	1621526584101	1621526587271	OK	 
GROUP	Scen_1,S_1803327625	1621526583590	1621526587272	3678	OK
REQUEST	Scen_1,DrillDown_baker	68321	1621526589065	1621526589630	OK	 
GROUP	Scen_1,DrillDown_baker	1621526589064	1621526589630	565	OK
REQUEST	Scen_1,SearchByActiveMember	Select_SearchByActiveMember	1621526590707	1621526591179	OK	 
GROUP	Scen_1,SearchByActiveMember	1621526590706	1621526591180	472	OK
REQUEST	Scen_1,SearchName_douglas	Search_1	1621526592775	1621526593316	OK	 
REQUEST	Scen_1,SearchName_douglas	Search_2003330312	1621526593317	1621526593828	OK	 
GROUP	Scen_1,SearchName_douglas	1621526592774	1621526593828	1052	OK
REQUEST	Scen_1,S_2003330312	Select_douglas	1621526595162	1621526595311	OK	 
REQUEST	Scen_1,S_2003330312	request_1	1621526595313	1621526598537	OK	 
REQUEST	Scen_1,S_2003330312	request_2003330312	1621526598538	1621526602324	OK	 
GROUP	Scen_1,S_2003330312	1621526595161	1621526602325	7159	OK
REQUEST	Scen_1,DrillDown_douglas	64881	1621526604172	1621526604409	OK	 
GROUP	Scen_1,DrillDown_douglas	1621526604171	1621526604410	237	OK
GROUP	Scen_1	1621526558710	1621526605697	29083	OK
REQUEST	Scen_1,Login	BasePage	1621526605699	1621526605921	OK	 
REQUEST	Scen_1,Login	BasePage_1	1621526605922	1621526605997	OK	 
REQUEST	Scen_1,Login	BasePage_2	1621526605998	1621526606063	OK	 
REQUEST	Scen_1,Login	BasePage_3	1621526606064	1621526606134	OK	 
REQUEST	Scen_1,Login	BasePage_4	1621526606136	1621526606200	OK	 
REQUEST	Scen_1,Login	BasePage_5	1621526606202	1621526608881	OK	 
GROUP	Scen_1,Login	1621526605698	1621526608881	3175	OK
REQUEST	Scen_1,SearchByActiveMember	Select_SearchByActiveMember	1621526609884	1621526610208	OK	 
GROUP	Scen_1,SearchByActiveMember	1621526609883	1621526610208	324	OK
REQUEST	Scen_1,SearchName_thomas	Search_1	1621526611241	1621526612906	OK	 
REQUEST	Scen_1,SearchName_thomas	Search_1503326775	1621526612908	1621526614512	OK	 
GROUP	Scen_1,SearchName_thomas	1621526611241	1621526614513	3269	OK
REQUEST	Scen_1,S_1503326775	Select_thomas	1621526615606	1621526615746	OK	 
REQUEST	Scen_1,S_1503326775	request_1	1621526615748	1621526618298	OK	 
REQUEST	Scen_1,S_1503326775	request_1503326775	1621526618299	1621526621272	OK	 
GROUP	Scen_1,S_1503326775	1621526615605	1621526621273	5663	OK
REQUEST	Scen_1,DrillDown_thomas	68055	1621526622745	1621526623521	OK	 
GROUP	Scen_1,DrillDown_thomas	1621526622744	1621526623522	776	OK
REQUEST	Scen_1,SearchByActiveMember	Select_SearchByActiveMember	1621526625028	1621526625363	OK	 
GROUP	Scen_1,SearchByActiveMember	1621526625027	1621526625364	335	OK
REQUEST	Scen_1,SearchName_smith	Search_1	1621526626494	1621526628336	OK	 
REQUEST	Scen_1,SearchName_smith	Search_2003327496	1621526628338	1621526629976	OK	 
GROUP	Scen_1,SearchName_smith	1621526626493	1621526629976	3480	OK
REQUEST	Scen_1,S_2003327496	Select_smith	1621526631324	1621526631630	OK	 
REQUEST	Scen_1,S_2003327496	request_1	1621526631631	1621526634273	OK	 
REQUEST	Scen_1,S_2003327496	request_2003327496	1621526634274	1621526636835	OK	 
GROUP	Scen_1,S_2003327496	1621526631323	1621526636836	5509	OK
REQUEST	Scen_1,DrillDown_smith	67992	1621526638098	1621526638255	OK	 
GROUP	Scen_1,DrillDown_smith	1621526638097	1621526638256	157	OK
REQUEST	Scen_1,SearchByActiveMember	Select_SearchByActiveMember	1621526640039	1621526640289	OK	 
GROUP	Scen_1,SearchByActiveMember	1621526640038	1621526640290	250	OK
REQUEST	Scen_1,SearchName_roger	Search_1	1621526641589	1621526643287	OK	 
REQUEST	Scen_1,SearchName_roger	Search_403328329	1621526643288	1621526644824	OK	 
GROUP	Scen_1,SearchName_roger	1621526641588	1621526644825	3234	OK
REQUEST	Scen_1,S_403328329	Select_roger	1621526646577	1621526646718	OK	 
REQUEST	Scen_1,S_403328329	request_1	1621526646719	1621526647998	OK	 
REQUEST	Scen_1,S_403328329	request_403328329	1621526648000	1621526650864	OK	 
GROUP	Scen_1,S_403328329	1621526646576	1621526650865	4284	OK
REQUEST	Scen_1,DrillDown_roger	63702	1621526652047	1621526652323	OK	 
GROUP	Scen_1,DrillDown_roger	1621526652046	1621526652325	276	OK
GROUP	Scen_1	1621526605698	1621526653643	30732	OK
REQUEST	Scen_1,Login	BasePage	1621526653644	1621526653911	OK	 
REQUEST	Scen_1,Login	BasePage_1	1621526653912	1621526653975	OK	 
REQUEST	Scen_1,Login	BasePage_2	1621526653976	1621526654041	OK	 
REQUEST	Scen_1,Login	BasePage_3	1621526654042	1621526654105	OK	 
REQUEST	Scen_1,Login	BasePage_4	1621526654106	1621526654170	OK	 
REQUEST	Scen_1,Login	BasePage_5	1621526654171	1621526655985	OK	 
GROUP	Scen_1,Login	1621526653644	1621526655985	2336	OK
REQUEST	Scen_1,SearchByActiveMember	Select_SearchByActiveMember	1621526656990	1621526657341	OK	 
GROUP	Scen_1,SearchByActiveMember	1621526656989	1621526657342	351	OK
REQUEST	Scen_1,SearchName_baker	Search_1	1621526658856	1621526659807	OK	 
REQUEST	Scen_1,SearchName_baker	Search_1803327625	1621526659809	1621526661204	OK	 
GROUP	Scen_1,SearchName_baker	1621526658855	1621526661205	2346	OK
REQUEST	Scen_1,S_1803327625	Select_baker	1621526662518	1621526662652	OK	 
REQUEST	Scen_1,S_1803327625	request_1	1621526662653	1621526663562	OK	 
REQUEST	Scen_1,S_1803327625	request_1803327625	1621526663563	1621526667045	OK	 
GROUP	Scen_1,S_1803327625	1621526662518	1621526667046	4525	OK
REQUEST	Scen_1,DrillDown_baker	68321	1621526668094	1621526668477	OK	 
GROUP	Scen_1,DrillDown_baker	1621526668093	1621526668478	383	OK
REQUEST	Scen_1,SearchByActiveMember	Select_SearchByActiveMember	1621526669826	1621526670013	OK	 
GROUP	Scen_1,SearchByActiveMember	1621526669825	1621526670014	187	OK
REQUEST	Scen_1,SearchName_douglas	Search_1	1621526671044	1621526673287	OK	 
REQUEST	Scen_1,SearchName_douglas	Search_2003330312	1621526673289	1621526674212	OK	 
GROUP	Scen_1,SearchName_douglas	1621526671043	1621526674213	3166	OK
REQUEST	Scen_1,S_2003330312	Select_douglas	1621526675879	1621526676218	OK	 
REQUEST	Scen_1,S_2003330312	request_1	1621526676219	1621526679025	OK	 
REQUEST	Scen_1,S_2003330312	request_2003330312	1621526679026	1621526682097	OK	 
GROUP	Scen_1,S_2003330312	1621526675879	1621526682098	6216	OK
REQUEST	Scen_1,DrillDown_douglas	64881	1621526683861	1621526684317	OK	 
GROUP	Scen_1,DrillDown_douglas	1621526683861	1621526684318	456	OK
REQUEST	Scen_1,SearchByActiveMember	Select_SearchByActiveMember	1621526685658	1621526685993	OK	 
GROUP	Scen_1,SearchByActiveMember	1621526685658	1621526685994	335	OK
REQUEST	Scen_1,SearchName_thomas	Search_1	1621526687210	1621526689270	OK	 
REQUEST	Scen_1,SearchName_thomas	Search_1503326775	1621526689270	1621526691517	OK	 
GROUP	Scen_1,SearchName_thomas	1621526687209	1621526691517	4307	OK
REQUEST	Scen_1,S_1503326775	Select_thomas	1621526693435	1621526693597	OK	 
REQUEST	Scen_1,S_1503326775	request_1	1621526693598	1621526696125	OK	 
REQUEST	Scen_1,S_1503326775	request_1503326775	1621526696125	1621526698377	OK	 
GROUP	Scen_1,S_1503326775	1621526693435	1621526698378	4941	OK
REQUEST	Scen_1,DrillDown_thomas	68055	1621526700149	1621526700336	OK	 
GROUP	Scen_1,DrillDown_thomas	1621526700148	1621526700337	187	OK
GROUP	Scen_1	1621526653644	1621526701599	29736	OK
REQUEST	Scen_1,Login	BasePage	1621526701600	1621526701669	OK	 
REQUEST	Scen_1,Login	BasePage_1	1621526701670	1621526701732	OK	 
REQUEST	Scen_1,Login	BasePage_2	1621526701734	1621526701809	OK	 
REQUEST	Scen_1,Login	BasePage_3	1621526701810	1621526701892	OK	 
REQUEST	Scen_1,Login	BasePage_4	1621526701893	1621526701958	OK	 
REQUEST	Scen_1,Login	BasePage_5	1621526701958	1621526703906	OK	 
GROUP	Scen_1,Login	1621526701599	1621526703906	2301	OK
REQUEST	Scen_1,SearchByActiveMember	Select_SearchByActiveMember	1621526704913	1621526705242	OK	 
GROUP	Scen_1,SearchByActiveMember	1621526704912	1621526705242	329	OK
REQUEST	Scen_1,SearchName_smith	Search_1	1621526706615	1621526708311	OK	 
REQUEST	Scen_1,SearchName_smith	Search_2003327496	1621526708312	1621526709336	OK	 
GROUP	Scen_1,SearchName_smith	1621526706614	1621526709337	2720	OK
REQUEST	Scen_1,S_2003327496	Select_smith	1621526710855	1621526711009	OK	 
REQUEST	Scen_1,S_2003327496	request_1	1621526711010	1621526714091	OK	 
REQUEST	Scen_1,S_2003327496	request_2003327496	1621526714092	1621526716401	OK	 
GROUP	Scen_1,S_2003327496	1621526710854	1621526716402	5544	OK
REQUEST	Scen_1,DrillDown_smith	67992	1621526717434	1621526717548	OK	 
GROUP	Scen_1,DrillDown_smith	1621526717433	1621526717549	114	OK
REQUEST	Scen_1,SearchByActiveMember	Select_SearchByActiveMember	1621526719025	1621526719414	OK	 
GROUP	Scen_1,SearchByActiveMember	1621526719024	1621526719415	389	OK
REQUEST	Scen_1,SearchName_roger	Search_1	1621526720661	1621526721958	OK	 
REQUEST	Scen_1,SearchName_roger	Search_403328329	1621526721959	1621526723669	OK	 
GROUP	Scen_1,SearchName_roger	1621526720660	1621526723670	3007	OK
REQUEST	Scen_1,S_403328329	Select_roger	1621526725276	1621526725616	OK	 
REQUEST	Scen_1,S_403328329	request_1	1621526725617	1621526726129	OK	 
REQUEST	Scen_1,S_403328329	request_403328329	1621526726130	1621526728382	OK	 
GROUP	Scen_1,S_403328329	1621526725275	1621526728382	3104	OK
REQUEST	Scen_1,DrillDown_roger	63702	1621526730110	1621526730635	OK	 
GROUP	Scen_1,DrillDown_roger	1621526730109	1621526730635	525	OK
REQUEST	Scen_1,SearchByActiveMember	Select_SearchByActiveMember	1621526732097	1621526732288	OK	 
GROUP	Scen_1,SearchByActiveMember	1621526732094	1621526732289	191	OK
REQUEST	Scen_1,SearchName_baker	Search_1	1621526733443	1621526734321	OK	 
REQUEST	Scen_1,SearchName_baker	Search_1803327625	1621526734323	1621526735448	OK	 
GROUP	Scen_1,SearchName_baker	1621526733442	1621526735448	2003	OK
REQUEST	Scen_1,S_1803327625	Select_baker	1621526736768	1621526736919	OK	 
REQUEST	Scen_1,S_1803327625	request_1	1621526736920	1621526737192	OK	 
REQUEST	Scen_1,S_1803327625	request_1803327625	1621526737194	1621526739236	OK	 
GROUP	Scen_1,S_1803327625	1621526736767	1621526739236	2465	OK
REQUEST	Scen_1,DrillDown_baker	68321	1621526740896	1621526741387	OK	 
GROUP	Scen_1,DrillDown_baker	1621526740895	1621526741388	491	OK
GROUP	Scen_1	1621526701599	1621526742711	23183	OK
REQUEST	Scen_1,Login	BasePage	1621526742711	1621526742779	OK	 
REQUEST	Scen_1,Login	BasePage_1	1621526742780	1621526742845	OK	 
REQUEST	Scen_1,Login	BasePage_2	1621526742846	1621526742910	OK	 
REQUEST	Scen_1,Login	BasePage_3	1621526742911	1621526743007	OK	 
REQUEST	Scen_1,Login	BasePage_4	1621526743008	1621526743073	OK	 
REQUEST	Scen_1,Login	BasePage_5	1621526743074	1621526745585	OK	 
GROUP	Scen_1,Login	1621526742711	1621526745586	2869	OK
REQUEST	Scen_1,SearchByActiveMember	Select_SearchByActiveMember	1621526746591	1621526746770	OK	 
GROUP	Scen_1,SearchByActiveMember	1621526746590	1621526746771	179	OK
REQUEST	Scen_1,SearchName_douglas	Search_1	1621526748058	1621526748759	OK	 
REQUEST	Scen_1,SearchName_douglas	Search_2003330312	1621526748760	1621526749250	OK	 
GROUP	Scen_1,SearchName_douglas	1621526748057	1621526749251	1191	OK
REQUEST	Scen_1,S_2003330312	Select_douglas	1621526750688	1621526750838	OK	 
REQUEST	Scen_1,S_2003330312	request_1	1621526750839	1621526753675	OK	 
REQUEST	Scen_1,S_2003330312	request_2003330312	1621526753675	1621526756030	OK	 
GROUP	Scen_1,S_2003330312	1621526750687	1621526756031	5341	OK
REQUEST	Scen_1,DrillDown_douglas	64881	1621526757053	1621526757564	OK	 
GROUP	Scen_1,DrillDown_douglas	1621526757052	1621526757565	511	OK
REQUEST	Scen_1,SearchByActiveMember	Select_SearchByActiveMember	1621526758841	1621526759003	OK	 
GROUP	Scen_1,SearchByActiveMember	1621526758841	1621526759004	162	OK
REQUEST	Scen_1,SearchName_thomas	Search_1	1621526760427	1621526762789	OK	 
REQUEST	Scen_1,SearchName_thomas	Search_1503326775	1621526762790	1621526764939	OK	 
GROUP	Scen_1,SearchName_thomas	1621526760427	1621526764939	4511	OK
REQUEST	Scen_1,S_1503326775	Select_thomas	1621526766469	1621526766658	OK	 
REQUEST	Scen_1,S_1503326775	request_1	1621526766659	1621526769322	OK	 
REQUEST	Scen_1,S_1503326775	request_1503326775	1621526769323	1621526773336	OK	 
GROUP	Scen_1,S_1503326775	1621526766469	1621526773337	6865	OK
REQUEST	Scen_1,DrillDown_thomas	68055	1621526775110	1621526775517	OK	 
GROUP	Scen_1,DrillDown_thomas	1621526775109	1621526775518	407	OK
REQUEST	Scen_1,SearchByActiveMember	Select_SearchByActiveMember	1621526777004	1621526777234	OK	 
GROUP	Scen_1,SearchByActiveMember	1621526777003	1621526777234	230	OK
REQUEST	Scen_1,SearchName_smith	Search_1	1621526778478	1621526780744	OK	 
REQUEST	Scen_1,SearchName_smith	Search_2003327496	1621526780745	1621526782800	OK	 
GROUP	Scen_1,SearchName_smith	1621526778477	1621526782801	4321	OK
REQUEST	Scen_1,S_2003327496	Select_smith	1621526784023	1621526784730	OK	 
REQUEST	Scen_1,S_2003327496	request_1	1621526784731	1621526787091	OK	 
REQUEST	Scen_1,S_2003327496	request_2003327496	1621526787092	1621526792997	OK	 
GROUP	Scen_1,S_2003327496	1621526784022	1621526792997	8972	OK
REQUEST	Scen_1,DrillDown_smith	67992	1621526794793	1621526794949	OK	 
GROUP	Scen_1,DrillDown_smith	1621526794792	1621526794950	156	OK
GROUP	Scen_1	1621526742711	1621526795961	35715	OK
REQUEST	Scen_1,Login	BasePage	1621526795962	1621526796547	OK	 
REQUEST	Scen_1,Login	BasePage_1	1621526796548	1621526796616	OK	 
REQUEST	Scen_1,Login	BasePage_2	1621526796617	1621526796681	OK	 
REQUEST	Scen_1,Login	BasePage_3	1621526796682	1621526796748	OK	 
REQUEST	Scen_1,Login	BasePage_4	1621526796749	1621526796815	OK	 
REQUEST	Scen_1,Login	BasePage_5	1621526796815	1621526800984	OK	 
GROUP	Scen_1,Login	1621526795961	1621526800985	5018	OK
REQUEST	Scen_1,SearchByActiveMember	Select_SearchByActiveMember	1621526801987	1621526802313	OK	 
GROUP	Scen_1,SearchByActiveMember	1621526801986	1621526802313	326	OK
REQUEST	Scen_1,SearchName_roger	Search_1	1621526803385	1621526804875	OK	 
REQUEST	Scen_1,SearchName_roger	Search_403328329	1621526804876	1621526806206	OK	 
GROUP	Scen_1,SearchName_roger	1621526803385	1621526806207	2820	OK
REQUEST	Scen_1,S_403328329	Select_roger	1621526807416	1621526807502	OK	 
REQUEST	Scen_1,S_403328329	request_1	1621526807503	1621526808049	OK	 
REQUEST	Scen_1,S_403328329	request_403328329	1621526808050	1621526812638	OK	 
GROUP	Scen_1,S_403328329	1621526807416	1621526812638	5220	OK
REQUEST	Scen_1,DrillDown_roger	63702	1621526814568	1621526815422	OK	 
GROUP	Scen_1,DrillDown_roger	1621526814567	1621526815422	854	OK
REQUEST	Scen_1,SearchByActiveMember	Select_SearchByActiveMember	1621526816594	1621526817486	OK	 
GROUP	Scen_1,SearchByActiveMember	1621526816593	1621526817487	892	OK
REQUEST	Scen_1,SearchName_baker	Search_1	1621526819140	1621526820542	OK	 
REQUEST	Scen_1,SearchName_baker	Search_1803327625	1621526820543	1621526821359	OK	 
GROUP	Scen_1,SearchName_baker	1621526819139	1621526821359	2218	OK
REQUEST	Scen_1,S_1803327625	Select_baker	1621526822955	1621526823118	OK	 
REQUEST	Scen_1,S_1803327625	request_1	1621526823119	1621526823816	OK	 
REQUEST	Scen_1,S_1803327625	request_1803327625	1621526823817	1621526827200	OK	 
GROUP	Scen_1,S_1803327625	1621526822954	1621526827201	4243	OK
REQUEST	Scen_1,DrillDown_baker	68321	1621526828401	1621526828737	OK	 
GROUP	Scen_1,DrillDown_baker	1621526828401	1621526828737	336	OK
REQUEST	Scen_1,SearchByActiveMember	Select_SearchByActiveMember	1621526830506	1621526830783	OK	 
GROUP	Scen_1,SearchByActiveMember	1621526830505	1621526830783	277	OK
REQUEST	Scen_1,SearchName_douglas	Search_1	1621526832103	1621526833212	OK	 
REQUEST	Scen_1,SearchName_douglas	Search_2003330312	1621526833213	1621526834261	OK	 
GROUP	Scen_1,SearchName_douglas	1621526832103	1621526834262	2157	OK
REQUEST	Scen_1,S_2003330312	Select_douglas	1621526836021	1621526836189	OK	 
REQUEST	Scen_1,S_2003330312	request_1	1621526836190	1621526838667	OK	 
REQUEST	Scen_1,S_2003330312	request_2003330312	1621526838668	1621526843685	OK	 
GROUP	Scen_1,S_2003330312	1621526836020	1621526843686	7662	OK
REQUEST	Scen_1,DrillDown_douglas	64881	1621526845335	1621526845531	OK	 
GROUP	Scen_1,DrillDown_douglas	1621526845334	1621526845532	196	OK
GROUP	Scen_1	1621526795961	1621526846825	32219	OK
REQUEST	Scen_1,Login	BasePage	1621526846826	1621526846893	OK	 
REQUEST	Scen_1,Login	BasePage_1	1621526846894	1621526847154	OK	 
REQUEST	Scen_1,Login	BasePage_2	1621526847155	1621526847223	OK	 
REQUEST	Scen_1,Login	BasePage_3	1621526847224	1621526847288	OK	 
REQUEST	Scen_1,Login	BasePage_4	1621526847289	1621526847358	OK	 
REQUEST	Scen_1,Login	BasePage_5	1621526847359	1621526849626	OK	 
GROUP	Scen_1,Login	1621526846826	1621526849626	2795	OK
REQUEST	Scen_1,SearchByActiveMember	Select_SearchByActiveMember	1621526850634	1621526850813	OK	 
GROUP	Scen_1,SearchByActiveMember	1621526850633	1621526850814	179	OK
REQUEST	Scen_1,SearchName_thomas	Search_1	1621526852279	1621526853208	OK	 
REQUEST	Scen_1,SearchName_thomas	Search_1503326775	1621526853210	1621526854028	OK	 
GROUP	Scen_1,SearchName_thomas	1621526852279	1621526854028	1747	OK
REQUEST	Scen_1,S_1503326775	Select_thomas	1621526855627	1621526855771	OK	 
REQUEST	Scen_1,S_1503326775	request_1	1621526855771	1621526858240	OK	 
REQUEST	Scen_1,S_1503326775	request_1503326775	1621526858241	1621526861400	OK	 
GROUP	Scen_1,S_1503326775	1621526855626	1621526861401	5772	OK
REQUEST	Scen_1,DrillDown_thomas	68055	1621526862614	1621526862767	OK	 
GROUP	Scen_1,DrillDown_thomas	1621526862613	1621526862767	153	OK
REQUEST	Scen_1,SearchByActiveMember	Select_SearchByActiveMember	1621526864335	1621526864753	OK	 
GROUP	Scen_1,SearchByActiveMember	1621526864335	1621526864753	418	OK
REQUEST	Scen_1,SearchName_smith	Search_1	1621526866436	1621526867340	OK	 
REQUEST	Scen_1,SearchName_smith	Search_2003327496	1621526867341	1621526869282	OK	 
GROUP	Scen_1,SearchName_smith	1621526866435	1621526869283	2845	OK
REQUEST	Scen_1,S_2003327496	Select_smith	1621526871164	1621526871324	OK	 
REQUEST	Scen_1,S_2003327496	request_1	1621526871325	1621526874098	OK	 
REQUEST	Scen_1,S_2003327496	request_2003327496	1621526874099	1621526878568	OK	 
GROUP	Scen_1,S_2003327496	1621526871163	1621526878569	7402	OK
REQUEST	Scen_1,DrillDown_smith	67992	1621526879876	1621526880344	OK	 
GROUP	Scen_1,DrillDown_smith	1621526879876	1621526880344	468	OK
REQUEST	Scen_1,SearchByActiveMember	Select_SearchByActiveMember	1621526881879	1621526882252	OK	 
GROUP	Scen_1,SearchByActiveMember	1621526881878	1621526882252	373	OK
REQUEST	Scen_1,SearchName_roger	Search_1	1621526883912	1621526885669	OK	 
REQUEST	Scen_1,SearchName_roger	Search_403328329	1621526885671	1621526887307	OK	 
GROUP	Scen_1,SearchName_roger	1621526883911	1621526887308	3393	OK
REQUEST	Scen_1,S_403328329	Select_roger	1621526888978	1621526889136	OK	 
REQUEST	Scen_1,S_403328329	request_1	1621526889137	1621526890073	OK	 
REQUEST	Scen_1,S_403328329	request_403328329	1621526890074	1621526892974	OK	 
GROUP	Scen_1,S_403328329	1621526888977	1621526892975	3994	OK
REQUEST	Scen_1,DrillDown_roger	63702	1621526894315	1621526894551	OK	 
GROUP	Scen_1,DrillDown_roger	1621526894314	1621526894551	236	OK
GROUP	Scen_1	1621526846826	1621526896127	29775	OK
REQUEST	Scen_1,Login	BasePage	1621526896128	1621526896197	OK	 
REQUEST	Scen_1,Login	BasePage_1	1621526896198	1621526896270	OK	 
REQUEST	Scen_1,Login	BasePage_2	1621526896271	1621526896335	OK	 
REQUEST	Scen_1,Login	BasePage_3	1621526896336	1621526896401	OK	 
REQUEST	Scen_1,Login	BasePage_4	1621526896402	1621526896467	OK	 
REQUEST	Scen_1,Login	BasePage_5	1621526896468	1621526899084	OK	 
GROUP	Scen_1,Login	1621526896127	1621526899084	2951	OK
REQUEST	Scen_1,SearchByActiveMember	Select_SearchByActiveMember	1621526900086	1621526900317	OK	 
GROUP	Scen_1,SearchByActiveMember	1621526900086	1621526900317	231	OK
REQUEST	Scen_1,SearchName_baker	Search_1	1621526901482	1621526902770	OK	 
REQUEST	Scen_1,SearchName_baker	Search_1803327625	1621526902771	1621526903794	OK	 
GROUP	Scen_1,SearchName_baker	1621526901482	1621526903794	2311	OK
REQUEST	Scen_1,S_1803327625	Select_baker	1621526905400	1621526905547	OK	 
REQUEST	Scen_1,S_1803327625	request_1	1621526905547	1621526905946	OK	 
REQUEST	Scen_1,S_1803327625	request_1803327625	1621526905947	1621526908297	OK	 
GROUP	Scen_1,S_1803327625	1621526905400	1621526908298	2896	OK
REQUEST	Scen_1,DrillDown_baker	68321	1621526910146	1621526910377	OK	 
GROUP	Scen_1,DrillDown_baker	1621526910145	1621526910378	231	OK
REQUEST	Scen_1,SearchByActiveMember	Select_SearchByActiveMember	1621526912255	1621526912537	OK	 
GROUP	Scen_1,SearchByActiveMember	1621526912254	1621526912537	282	OK
REQUEST	Scen_1,SearchName_douglas	Search_1	1621526913807	1621526914854	OK	 
REQUEST	Scen_1,SearchName_douglas	Search_2003330312	1621526914855	1621526915610	OK	 
GROUP	Scen_1,SearchName_douglas	1621526913807	1621526915611	1802	OK
REQUEST	Scen_1,S_2003330312	Select_douglas	1621526916800	1621526916951	OK	 
REQUEST	Scen_1,S_2003330312	request_1	1621526916952	1621526919461	OK	 
REQUEST	Scen_1,S_2003330312	request_2003330312	1621526919462	1621526923456	OK	 
GROUP	Scen_1,S_2003330312	1621526916799	1621526923456	6654	OK
REQUEST	Scen_1,DrillDown_douglas	64881	1621526924611	1621526924816	OK	 
GROUP	Scen_1,DrillDown_douglas	1621526924610	1621526924817	205	OK
REQUEST	Scen_1,SearchByActiveMember	Select_SearchByActiveMember	1621526926302	1621526926458	OK	 
GROUP	Scen_1,SearchByActiveMember	1621526926301	1621526926459	156	OK
REQUEST	Scen_1,SearchName_thomas	Search_1	1621526928289	1621526929599	OK	 
REQUEST	Scen_1,SearchName_thomas	Search_1503326775	1621526929600	1621526931750	OK	 
GROUP	Scen_1,SearchName_thomas	1621526928288	1621526931751	3460	OK
REQUEST	Scen_1,S_1503326775	Select_thomas	1621526932996	1621526933137	OK	 
REQUEST	Scen_1,S_1503326775	request_1	1621526933138	1621526935976	OK	 
REQUEST	Scen_1,S_1503326775	request_1503326775	1621526935977	1621526938404	OK	 
GROUP	Scen_1,S_1503326775	1621526932996	1621526938404	5406	OK
REQUEST	Scen_1,DrillDown_thomas	68055	1621526940305	1621526940662	OK	 
GROUP	Scen_1,DrillDown_thomas	1621526940305	1621526940662	357	OK
GROUP	Scen_1	1621526896127	1621526941772	26942	OK
REQUEST	Scen_1,Login	BasePage	1621526941772	1621526941833	OK	 
REQUEST	Scen_1,Login	BasePage_1	1621526941834	1621526941907	OK	 
REQUEST	Scen_1,Login	BasePage_2	1621526941907	1621526941973	OK	 
REQUEST	Scen_1,Login	BasePage_3	1621526941974	1621526942039	OK	 
REQUEST	Scen_1,Login	BasePage_4	1621526942040	1621526942107	OK	 
REQUEST	Scen_1,Login	BasePage_5	1621526942108	1621526943936	OK	 
GROUP	Scen_1,Login	1621526941772	1621526943936	2160	OK
REQUEST	Scen_1,SearchByActiveMember	Select_SearchByActiveMember	1621526944941	1621526945120	OK	 
GROUP	Scen_1,SearchByActiveMember	1621526944941	1621526945121	179	OK
REQUEST	Scen_1,SearchName_smith	Search_1	1621526946680	1621526948748	OK	 
REQUEST	Scen_1,SearchName_smith	Search_2003327496	1621526948749	1621526950694	OK	 
GROUP	Scen_1,SearchName_smith	1621526946679	1621526950695	4013	OK
REQUEST	Scen_1,S_2003327496	Select_smith	1621526952168	1621526952321	OK	 
REQUEST	Scen_1,S_2003327496	request_1	1621526952322	1621526954892	OK	 
REQUEST	Scen_1,S_2003327496	request_2003327496	1621526954893	1621526958403	OK	 
GROUP	Scen_1,S_2003327496	1621526952167	1621526958404	6233	OK
REQUEST	Scen_1,DrillDown_smith	67992	1621526959797	1621526959942	OK	 
GROUP	Scen_1,DrillDown_smith	1621526959797	1621526959942	145	OK
REQUEST	Scen_1,SearchByActiveMember	Select_SearchByActiveMember	1621526961434	1621526961805	OK	 
GROUP	Scen_1,SearchByActiveMember	1621526961433	1621526961805	371	OK
REQUEST	Scen_1,SearchName_roger	Search_1	1621526963101	1621526965030	OK	 
REQUEST	Scen_1,SearchName_roger	Search_403328329	1621526965031	1621526966976	OK	 
GROUP	Scen_1,SearchName_roger	1621526963100	1621526966976	3874	OK
REQUEST	Scen_1,S_403328329	Select_roger	1621526968870	1621526969012	OK	 
REQUEST	Scen_1,S_403328329	request_1	1621526969013	1621526970786	OK	 
REQUEST	Scen_1,S_403328329	request_403328329	1621526970787	1621526974039	OK	 
GROUP	Scen_1,S_403328329	1621526968870	1621526974040	5167	OK
REQUEST	Scen_1,DrillDown_roger	63702	1621526975758	1621526976397	OK	 
GROUP	Scen_1,DrillDown_roger	1621526975757	1621526976397	639	OK
REQUEST	Scen_1,SearchByActiveMember	Select_SearchByActiveMember	1621526978359	1621526979802	OK	 
GROUP	Scen_1,SearchByActiveMember	1621526978359	1621526979802	1443	OK
REQUEST	Scen_1,SearchName_baker	Search_1	1621526981772	1621526982665	OK	 
REQUEST	Scen_1,SearchName_baker	Search_1803327625	1621526982666	1621526983488	OK	 
GROUP	Scen_1,SearchName_baker	1621526981771	1621526983489	1715	OK
REQUEST	Scen_1,S_1803327625	Select_baker	1621526985313	1621526985394	OK	 
REQUEST	Scen_1,S_1803327625	request_1	1621526985394	1621526985846	OK	 
REQUEST	Scen_1,S_1803327625	request_1803327625	1621526985847	1621526988083	OK	 
GROUP	Scen_1,S_1803327625	1621526985312	1621526988083	2769	OK
REQUEST	Scen_1,DrillDown_baker	68321	1621526989620	1621526989910	OK	 
GROUP	Scen_1,DrillDown_baker	1621526989620	1621526989911	290	OK
GROUP	Scen_1	1621526941772	1621526991059	28998	OK
USER	Users_1	END	1621526991061
