RUN	BO.Framework.BOSim	bosim	1623703666063	 	3.5.1
USER	Users_1	START	1623703667480
REQUEST	LOGIN,LOGIN	LOGIN	1623703667505	1623703668251	OK	 
REQUEST	LOGIN,LOGIN	request_11	1623703668270	1623703668440	OK	 
REQUEST	LOGIN,LOGIN	request_12	1623703668449	1623703668545	OK	 
REQUEST	LOGIN,LOGIN	request_13	1623703668547	1623703669343	OK	 
REQUEST	LOGIN,LOGIN	request_14	1623703669345	1623703669416	OK	 
REQUEST	LOGIN,LOGIN	request_14 Redirect 1	1623703669420	1623703669512	OK	 
REQUEST	LOGIN,LOGIN	lib-min-7e6d84b497.js	1623703669542	1623703669767	OK	 
REQUEST	LOGIN,LOGIN	consumer-optum3-b35069f230.css	1623703669544	1623703669845	OK	 
REQUEST	LOGIN,LOGIN	consumer-7acd47889c.css	1623703669544	1623703669854	OK	 
REQUEST	LOGIN,LOGIN	error-63062f7857.min.js	1623703669543	1623703669857	OK	 
REQUEST	LOGIN,LOGIN	favicon.ico	1623703669545	1623703669859	OK	 
REQUEST	LOGIN,LOGIN	uitk-req-min-948de8930b.css	1623703669543	1623703669923	OK	 
REQUEST	LOGIN,LOGIN	request_19	1623703669931	1623703670607	OK	 
REQUEST	LOGIN,LOGIN	publicSector.js	1623703670614	1623703670684	OK	 
REQUEST	LOGIN,LOGIN	providerExpress_logo.gif	1623703670686	1623703670760	OK	 
REQUEST	LOGIN,LOGIN	loading.gif	1623703670761	1623703670843	OK	 
REQUEST	LOGIN,LOGIN	home-bar.css	1623703670617	1623703670896	OK	 
REQUEST	LOGIN,LOGIN	sso.js	1623703670615	1623703670899	OK	 
REQUEST	LOGIN,LOGIN	tabs.css	1623703670616	1623703670901	OK	 
REQUEST	LOGIN,LOGIN	space.gif	1623703670844	1623703670915	OK	 
REQUEST	LOGIN,LOGIN	uolStyle.css	1623703670616	1623703670970	OK	 
REQUEST	LOGIN,LOGIN	jquery-3.3.1.slim.min.js	1623703670617	1623703671091	OK	 
REQUEST	LOGIN,LOGIN	request_20	1623703671093	1623703671164	OK	 
REQUEST	LOGIN,LOGIN	request_22	1623703671166	1623703671246	OK	 
REQUEST	LOGIN,LOGIN	request_23	1623703671247	1623703671318	OK	 
REQUEST	LOGIN,LOGIN	request_23 Redirect 1	1623703671319	1623703671472	OK	 
REQUEST	LOGIN,LOGIN	request_23 Redirect 2	1623703671474	1623703671604	OK	 
REQUEST	LOGIN,LOGIN	request_23 Redirect 3	1623703671605	1623703671839	OK	 
REQUEST	LOGIN,LOGIN	uitk-req-min-945fd9447c.js	1623703671847	1623703671954	OK	 
REQUEST	LOGIN,LOGIN	newrelic.js	1623703671848	1623703671957	OK	 
REQUEST	LOGIN,LOGIN	global-app-config.js	1623703671847	1623703671958	OK	 
REQUEST	LOGIN,LOGIN	{{favIconPath}}	1623703671846	1623703672025	OK	 
REQUEST	LOGIN,LOGIN	prelogin-f85aab9ec4.min.js	1623703671848	1623703672078	OK	 
REQUEST	LOGIN,LOGIN	summer.js	1623703671846	1623703672203	OK	 
REQUEST	LOGIN,LOGIN	request_25	1623703672205	1623703672276	OK	 
REQUEST	LOGIN,LOGIN	request_26	1623703672278	1623703672354	OK	 
REQUEST	LOGIN,LOGIN	request_27	1623703672356	1623703672430	OK	 
REQUEST	LOGIN,LOGIN	request_28	1623703672432	1623703672509	OK	 
REQUEST	LOGIN,LOGIN	request_29	1623703672511	1623703672588	OK	 
REQUEST	LOGIN,LOGIN	request_45	1623703672589	1623703672990	OK	 
REQUEST	LOGIN,LOGIN	request_46	1623703672992	1623703673532	OK	 
REQUEST	LOGIN,LOGIN	request_51	1623703673536	1623703673950	OK	 
REQUEST	LOGIN,LOGIN	request_52	1623703673955	1623703674391	OK	 
REQUEST	LOGIN,LOGIN	request_53	1623703674392	1623703674567	OK	 
REQUEST	LOGIN,LOGIN	request_54	1623703674568	1623703674673	OK	 
REQUEST	LOGIN,LOGIN	request_55	1623703674675	1623703674802	OK	 
REQUEST	LOGIN,LOGIN	request_56	1623703674803	1623703674918	OK	 
REQUEST	LOGIN,LOGIN	request_57	1623703674919	1623703675214	OK	 
REQUEST	LOGIN,LOGIN	request_58	1623703675215	1623703675426	OK	 
REQUEST	LOGIN,LOGIN	request_60	1623703675427	1623703675535	OK	 
REQUEST	LOGIN,LOGIN	request_61	1623703675536	1623703675865	OK	 
GROUP	LOGIN,LOGIN	1623703667485	1623703675866	8246	OK
REQUEST	LOGIN,LOGGED_IN	LOGGEDIn	1623703677758	1623703677954	OK	 
REQUEST	LOGIN,LOGGED_IN	request_63	1623703677956	1623703678030	OK	 
REQUEST	LOGIN,LOGGED_IN	request_65	1623703678032	1623703678106	OK	 
REQUEST	LOGIN,LOGGED_IN	request_65 Redirect 1	1623703678107	1623703678378	OK	 
REQUEST	LOGIN,LOGGED_IN	request_65 Redirect 2	1623703678379	1623703678501	OK	 
REQUEST	LOGIN,LOGGED_IN	request_65 Redirect 3	1623703678502	1623703678729	OK	 
REQUEST	LOGIN,LOGGED_IN	{{favIconPath}}	1623703678732	1623703678920	OK	 
REQUEST	LOGIN,LOGGED_IN	summer.js	1623703678731	1623703679092	OK	 
REQUEST	LOGIN,LOGGED_IN	request_68	1623703679094	1623703679230	OK	 
REQUEST	LOGIN,LOGGED_IN	request_70	1623703679232	1623703679361	OK	 
REQUEST	LOGIN,LOGGED_IN	request_71	1623703679363	1623703679452	OK	 
REQUEST	LOGIN,LOGGED_IN	request_74	1623703679453	1623703679596	OK	 
REQUEST	LOGIN,LOGGED_IN	request_76	1623703679598	1623703679762	OK	 
REQUEST	LOGIN,LOGGED_IN	request_77	1623703679764	1623703679833	OK	 
REQUEST	LOGIN,LOGGED_IN	request_79	1623703679835	1623703680053	OK	 
REQUEST	LOGIN,LOGGED_IN	request_89	1623703680055	1623703680548	OK	 
REQUEST	LOGIN,LOGGED_IN	request_90	1623703680554	1623703681047	OK	 
REQUEST	LOGIN,LOGGED_IN	request_92	1623703681079	1623703681183	OK	 
REQUEST	LOGIN,LOGGED_IN	request_93	1623703681184	1623703681367	OK	 
REQUEST	LOGIN,LOGGED_IN	request_98	1623703681369	1623703681711	OK	 
REQUEST	LOGIN,LOGGED_IN	request_99	1623703681712	1623703681875	OK	 
GROUP	LOGIN,LOGGED_IN	1623703677757	1623703681877	4055	OK
REQUEST	LOGIN,SEARCH	request_0	1623703683503	1623703683777	KO	status.find.in(200,201,202,203,204,205,206,207,208,209,304), found 404
REQUEST	LOGIN,SEARCH	request_3	1623703683780	1623703683850	KO	status.find.in(200,201,202,203,204,205,206,207,208,209,304), found 404
REQUEST	LOGIN,SEARCH	request_4	1623703683851	1623703683924	KO	status.find.in(200,201,202,203,204,205,206,207,208,209,304), found 404
REQUEST	LOGIN,SEARCH	request_6	1623703683925	1623703683997	KO	status.find.in(200,201,202,203,204,205,206,207,208,209,304), found 404
REQUEST	LOGIN,SEARCH	request_7	1623703683998	1623703684074	KO	status.find.in(200,201,202,203,204,205,206,207,208,209,304), found 404
REQUEST	LOGIN,SEARCH	request_8	1623703684075	1623703684146	KO	status.find.in(200,201,202,203,204,205,206,207,208,209,304), found 404
REQUEST	LOGIN,SEARCH	request_11	1623703684147	1623703684223	KO	status.find.in(200,201,202,203,204,205,206,207,208,209,304), found 404
REQUEST	LOGIN,SEARCH	request_12	1623703684225	1623703684300	KO	status.find.in(200,201,202,203,204,205,206,207,208,209,304), found 404
REQUEST	LOGIN,SEARCH	request_15	1623703684301	1623703684381	KO	status.find.in(200,201,202,203,204,205,206,207,208,209,304), found 404
REQUEST	LOGIN,SEARCH	request_18	1623703684382	1623703684456	KO	status.find.in(200,201,202,203,204,205,206,207,208,209,304), found 404
REQUEST	LOGIN,SEARCH	request_26	1623703684458	1623703684545	KO	status.find.in(200,201,202,203,204,205,206,207,208,209,304), found 404
REQUEST	LOGIN,SEARCH	request_27	1623703684546	1623703684646	KO	status.find.in(200,201,202,203,204,205,206,207,208,209,304), found 404
REQUEST	LOGIN,SEARCH	request_29	1623703684647	1623703684841	OK	 
REQUEST	LOGIN,SEARCH	request_30	1623703684842	1623703685172	OK	 
REQUEST	LOGIN,SEARCH	request_35	1623703685174	1623703685396	OK	 
REQUEST	LOGIN,SEARCH	request_36	1623703685397	1623703685659	OK	 
GROUP	LOGIN,SEARCH	1623703683502	1623703685660	2136	KO
GROUP	LOGIN	1623703667483	1623703687303	14437	KO
USER	Users_1	END	1623703687308
