RUN	MarsTest.Framework.MarsSim	marssim	1623882326064	MarsTest.Framework.MarsSim-SIMULATION_1_1:SIMULATION_2_0:SIMULATION_3_0:Iterations_100	3.5.1
USER	MarsTestApi7	START	1623882327467
REQUEST	MarsTestApi / API,GetCensus		1623882327483	1623882328797	OK	 
GROUP	MarsTestApi / API,GetCensus	1623882327470	1623882328818	1314	OK
GROUP	MarsTestApi / API	1623882327470	1623882329824	1314	OK
REQUEST	MarsTestApi / API,GetCensus		1623882329828	1623882331086	OK	 
GROUP	MarsTestApi / API,GetCensus	1623882329825	1623882331088	1258	OK
GROUP	MarsTestApi / API	1623882329825	1623882332093	1258	OK
REQUEST	MarsTestApi / API,GetCensus		1623882332094	1623882333138	OK	 
GROUP	MarsTestApi / API,GetCensus	1623882332093	1623882333143	1044	OK
GROUP	MarsTestApi / API	1623882332093	1623882334144	1044	OK
REQUEST	MarsTestApi / API,GetCensus		1623882334145	1623882335383	OK	 
GROUP	MarsTestApi / API,GetCensus	1623882334145	1623882335385	1238	OK
GROUP	MarsTestApi / API	1623882334145	1623882336390	1238	OK
REQUEST	MarsTestApi / API,GetCensus		1623882336391	1623882337370	OK	 
GROUP	MarsTestApi / API,GetCensus	1623882336391	1623882337373	979	OK
GROUP	MarsTestApi / API	1623882336391	1623882338378	979	OK
REQUEST	MarsTestApi / API,GetCensus		1623882338379	1623882339388	OK	 
GROUP	MarsTestApi / API,GetCensus	1623882338378	1623882339390	1009	OK
GROUP	MarsTestApi / API	1623882338378	1623882340394	1009	OK
REQUEST	MarsTestApi / API,GetCensus		1623882340396	1623882341452	OK	 
GROUP	MarsTestApi / API,GetCensus	1623882340395	1623882341456	1056	OK
GROUP	MarsTestApi / API	1623882340395	1623882342460	1056	OK
REQUEST	MarsTestApi / API,GetCensus		1623882342461	1623882343474	OK	 
GROUP	MarsTestApi / API,GetCensus	1623882342460	1623882343476	1013	OK
GROUP	MarsTestApi / API	1623882342460	1623882344480	1013	OK
REQUEST	MarsTestApi / API,GetCensus		1623882344482	1623882345422	OK	 
GROUP	MarsTestApi / API,GetCensus	1623882344481	1623882345424	940	OK
GROUP	MarsTestApi / API	1623882344481	1623882346428	940	OK
REQUEST	MarsTestApi / API,GetCensus		1623882346429	1623882347489	OK	 
GROUP	MarsTestApi / API,GetCensus	1623882346428	1623882347490	1060	OK
GROUP	MarsTestApi / API	1623882346428	1623882348494	1060	OK
REQUEST	MarsTestApi / API,GetCensus		1623882348495	1623882349408	OK	 
GROUP	MarsTestApi / API,GetCensus	1623882348494	1623882349410	913	OK
GROUP	MarsTestApi / API	1623882348494	1623882350414	913	OK
REQUEST	MarsTestApi / API,GetCensus		1623882350415	1623882351390	OK	 
GROUP	MarsTestApi / API,GetCensus	1623882350415	1623882351391	975	OK
GROUP	MarsTestApi / API	1623882350415	1623882352396	975	OK
REQUEST	MarsTestApi / API,GetCensus		1623882352397	1623882353404	OK	 
GROUP	MarsTestApi / API,GetCensus	1623882352396	1623882353407	1007	OK
GROUP	MarsTestApi / API	1623882352396	1623882354412	1007	OK
REQUEST	MarsTestApi / API,GetCensus		1623882354413	1623882355374	OK	 
GROUP	MarsTestApi / API,GetCensus	1623882354412	1623882355376	961	OK
GROUP	MarsTestApi / API	1623882354412	1623882356380	961	OK
REQUEST	MarsTestApi / API,GetCensus		1623882356380	1623882357346	OK	 
GROUP	MarsTestApi / API,GetCensus	1623882356380	1623882357348	966	OK
GROUP	MarsTestApi / API	1623882356380	1623882358353	966	OK
REQUEST	MarsTestApi / API,GetCensus		1623882358354	1623882359289	OK	 
GROUP	MarsTestApi / API,GetCensus	1623882358353	1623882359290	935	OK
GROUP	MarsTestApi / API	1623882358353	1623882360294	935	OK
REQUEST	MarsTestApi / API,GetCensus		1623882360295	1623882361294	OK	 
GROUP	MarsTestApi / API,GetCensus	1623882360295	1623882361296	999	OK
GROUP	MarsTestApi / API	1623882360295	1623882362299	999	OK
REQUEST	MarsTestApi / API,GetCensus		1623882362300	1623882363285	OK	 
GROUP	MarsTestApi / API,GetCensus	1623882362300	1623882363288	985	OK
GROUP	MarsTestApi / API	1623882362300	1623882364289	985	OK
REQUEST	MarsTestApi / API,GetCensus		1623882364290	1623882365299	OK	 
GROUP	MarsTestApi / API,GetCensus	1623882364290	1623882365300	1009	OK
GROUP	MarsTestApi / API	1623882364290	1623882366305	1009	OK
REQUEST	MarsTestApi / API,GetCensus		1623882366306	1623882367239	OK	 
GROUP	MarsTestApi / API,GetCensus	1623882366305	1623882367241	933	OK
GROUP	MarsTestApi / API	1623882366305	1623882368244	933	OK
REQUEST	MarsTestApi / API,GetCensus		1623882368245	1623882369430	OK	 
GROUP	MarsTestApi / API,GetCensus	1623882368245	1623882369432	1185	OK
GROUP	MarsTestApi / API	1623882368244	1623882370435	1185	OK
REQUEST	MarsTestApi / API,GetCensus		1623882370435	1623882371472	OK	 
GROUP	MarsTestApi / API,GetCensus	1623882370435	1623882371474	1037	OK
GROUP	MarsTestApi / API	1623882370435	1623882372475	1037	OK
REQUEST	MarsTestApi / API,GetCensus		1623882372476	1623882373529	OK	 
GROUP	MarsTestApi / API,GetCensus	1623882372476	1623882373532	1053	OK
GROUP	MarsTestApi / API	1623882372476	1623882374533	1053	OK
REQUEST	MarsTestApi / API,GetCensus		1623882374534	1623882376191	OK	 
GROUP	MarsTestApi / API,GetCensus	1623882374533	1623882376192	1657	OK
GROUP	MarsTestApi / API	1623882374533	1623882377196	1657	OK
REQUEST	MarsTestApi / API,GetCensus		1623882377197	1623882378193	OK	 
GROUP	MarsTestApi / API,GetCensus	1623882377197	1623882378195	996	OK
GROUP	MarsTestApi / API	1623882377197	1623882379200	996	OK
REQUEST	MarsTestApi / API,GetCensus		1623882379201	1623882380144	OK	 
GROUP	MarsTestApi / API,GetCensus	1623882379200	1623882380146	943	OK
GROUP	MarsTestApi / API	1623882379200	1623882381151	943	OK
REQUEST	MarsTestApi / API,GetCensus		1623882381152	1623882382088	OK	 
GROUP	MarsTestApi / API,GetCensus	1623882381151	1623882382089	936	OK
GROUP	MarsTestApi / API	1623882381151	1623882383094	936	OK
REQUEST	MarsTestApi / API,GetCensus		1623882383095	1623882384030	OK	 
GROUP	MarsTestApi / API,GetCensus	1623882383095	1623882384032	935	OK
GROUP	MarsTestApi / API	1623882383095	1623882385035	935	OK
REQUEST	MarsTestApi / API,GetCensus		1623882385035	1623882385961	OK	 
GROUP	MarsTestApi / API,GetCensus	1623882385035	1623882385962	926	OK
GROUP	MarsTestApi / API	1623882385035	1623882386967	926	OK
REQUEST	MarsTestApi / API,GetCensus		1623882386968	1623882388028	OK	 
GROUP	MarsTestApi / API,GetCensus	1623882386967	1623882388029	1060	OK
GROUP	MarsTestApi / API	1623882386967	1623882389034	1060	OK
REQUEST	MarsTestApi / API,GetCensus		1623882389035	1623882390138	OK	 
GROUP	MarsTestApi / API,GetCensus	1623882389034	1623882390140	1103	OK
GROUP	MarsTestApi / API	1623882389034	1623882391142	1103	OK
REQUEST	MarsTestApi / API,GetCensus		1623882391143	1623882392167	OK	 
GROUP	MarsTestApi / API,GetCensus	1623882391142	1623882392169	1024	OK
GROUP	MarsTestApi / API	1623882391142	1623882393173	1024	OK
REQUEST	MarsTestApi / API,GetCensus		1623882393174	1623882394219	OK	 
GROUP	MarsTestApi / API,GetCensus	1623882393174	1623882394222	1045	OK
GROUP	MarsTestApi / API	1623882393174	1623882395225	1045	OK
REQUEST	MarsTestApi / API,GetCensus		1623882395226	1623882396257	OK	 
GROUP	MarsTestApi / API,GetCensus	1623882395226	1623882396258	1031	OK
GROUP	MarsTestApi / API	1623882395226	1623882397259	1031	OK
REQUEST	MarsTestApi / API,GetCensus		1623882397260	1623882398308	OK	 
GROUP	MarsTestApi / API,GetCensus	1623882397259	1623882398310	1048	OK
GROUP	MarsTestApi / API	1623882397259	1623882399311	1048	OK
REQUEST	MarsTestApi / API,GetCensus		1623882399312	1623882400367	OK	 
GROUP	MarsTestApi / API,GetCensus	1623882399311	1623882400368	1055	OK
GROUP	MarsTestApi / API	1623882399311	1623882401369	1055	OK
REQUEST	MarsTestApi / API,GetCensus		1623882401370	1623882402408	OK	 
GROUP	MarsTestApi / API,GetCensus	1623882401369	1623882402410	1038	OK
GROUP	MarsTestApi / API	1623882401369	1623882403414	1038	OK
REQUEST	MarsTestApi / API,GetCensus		1623882403415	1623882404452	OK	 
GROUP	MarsTestApi / API,GetCensus	1623882403414	1623882404455	1037	OK
GROUP	MarsTestApi / API	1623882403414	1623882405459	1037	OK
REQUEST	MarsTestApi / API,GetCensus		1623882405460	1623882406600	OK	 
GROUP	MarsTestApi / API,GetCensus	1623882405459	1623882406602	1140	OK
GROUP	MarsTestApi / API	1623882405459	1623882407603	1140	OK
REQUEST	MarsTestApi / API,GetCensus		1623882407603	1623882408881	OK	 
GROUP	MarsTestApi / API,GetCensus	1623882407603	1623882408883	1278	OK
GROUP	MarsTestApi / API	1623882407603	1623882409886	1278	OK
REQUEST	MarsTestApi / API,GetCensus		1623882409886	1623882411328	OK	 
GROUP	MarsTestApi / API,GetCensus	1623882409886	1623882411329	1442	OK
GROUP	MarsTestApi / API	1623882409886	1623882412331	1442	OK
REQUEST	MarsTestApi / API,GetCensus		1623882412332	1623882413372	OK	 
GROUP	MarsTestApi / API,GetCensus	1623882412332	1623882413374	1040	OK
GROUP	MarsTestApi / API	1623882412332	1623882414379	1040	OK
REQUEST	MarsTestApi / API,GetCensus		1623882414381	1623882415418	OK	 
GROUP	MarsTestApi / API,GetCensus	1623882414380	1623882415421	1037	OK
GROUP	MarsTestApi / API	1623882414380	1623882416427	1037	OK
REQUEST	MarsTestApi / API,GetCensus		1623882416428	1623882418595	OK	 
GROUP	MarsTestApi / API,GetCensus	1623882416427	1623882418596	2167	OK
GROUP	MarsTestApi / API	1623882416427	1623882419601	2167	OK
REQUEST	MarsTestApi / API,GetCensus		1623882419601	1623882421278	OK	 
GROUP	MarsTestApi / API,GetCensus	1623882419601	1623882421280	1677	OK
GROUP	MarsTestApi / API	1623882419601	1623882422285	1677	OK
REQUEST	MarsTestApi / API,GetCensus		1623882422286	1623882423608	OK	 
GROUP	MarsTestApi / API,GetCensus	1623882422285	1623882423610	1322	OK
GROUP	MarsTestApi / API	1623882422285	1623882424614	1322	OK
REQUEST	MarsTestApi / API,GetCensus		1623882424615	1623882425591	OK	 
GROUP	MarsTestApi / API,GetCensus	1623882424614	1623882425593	976	OK
GROUP	MarsTestApi / API	1623882424614	1623882426595	976	OK
REQUEST	MarsTestApi / API,GetCensus		1623882426595	1623882427716	OK	 
GROUP	MarsTestApi / API,GetCensus	1623882426595	1623882427719	1121	OK
GROUP	MarsTestApi / API	1623882426595	1623882428721	1121	OK
REQUEST	MarsTestApi / API,GetCensus		1623882428722	1623882429801	OK	 
GROUP	MarsTestApi / API,GetCensus	1623882428721	1623882429803	1079	OK
GROUP	MarsTestApi / API	1623882428721	1623882430806	1079	OK
REQUEST	MarsTestApi / API,GetCensus		1623882430807	1623882431917	OK	 
GROUP	MarsTestApi / API,GetCensus	1623882430806	1623882431919	1110	OK
GROUP	MarsTestApi / API	1623882430806	1623882432925	1110	OK
REQUEST	MarsTestApi / API,GetCensus		1623882432926	1623882434163	OK	 
GROUP	MarsTestApi / API,GetCensus	1623882432925	1623882434164	1237	OK
GROUP	MarsTestApi / API	1623882432925	1623882435168	1237	OK
REQUEST	MarsTestApi / API,GetCensus		1623882435169	1623882436250	OK	 
GROUP	MarsTestApi / API,GetCensus	1623882435169	1623882436252	1081	OK
GROUP	MarsTestApi / API	1623882435169	1623882437253	1081	OK
REQUEST	MarsTestApi / API,GetCensus		1623882437254	1623882438355	OK	 
GROUP	MarsTestApi / API,GetCensus	1623882437253	1623882438359	1101	OK
GROUP	MarsTestApi / API	1623882437253	1623882439361	1101	OK
REQUEST	MarsTestApi / API,GetCensus		1623882439362	1623882440395	OK	 
GROUP	MarsTestApi / API,GetCensus	1623882439361	1623882440397	1033	OK
GROUP	MarsTestApi / API	1623882439361	1623882441398	1033	OK
REQUEST	MarsTestApi / API,GetCensus		1623882441399	1623882442461	OK	 
GROUP	MarsTestApi / API,GetCensus	1623882441398	1623882442462	1062	OK
GROUP	MarsTestApi / API	1623882441398	1623882443467	1062	OK
REQUEST	MarsTestApi / API,GetCensus		1623882443468	1623882444499	OK	 
GROUP	MarsTestApi / API,GetCensus	1623882443468	1623882444500	1031	OK
GROUP	MarsTestApi / API	1623882443468	1623882445505	1031	OK
REQUEST	MarsTestApi / API,GetCensus		1623882445505	1623882446541	OK	 
GROUP	MarsTestApi / API,GetCensus	1623882445505	1623882446543	1036	OK
GROUP	MarsTestApi / API	1623882445505	1623882447547	1036	OK
REQUEST	MarsTestApi / API,GetCensus		1623882447548	1623882448583	OK	 
GROUP	MarsTestApi / API,GetCensus	1623882447548	1623882448586	1035	OK
GROUP	MarsTestApi / API	1623882447548	1623882449589	1035	OK
REQUEST	MarsTestApi / API,GetCensus		1623882449590	1623882450854	OK	 
GROUP	MarsTestApi / API,GetCensus	1623882449590	1623882450856	1264	OK
GROUP	MarsTestApi / API	1623882449590	1623882451862	1264	OK
REQUEST	MarsTestApi / API,GetCensus		1623882451863	1623882452897	OK	 
GROUP	MarsTestApi / API,GetCensus	1623882451862	1623882452898	1034	OK
GROUP	MarsTestApi / API	1623882451862	1623882453902	1034	OK
REQUEST	MarsTestApi / API,GetCensus		1623882453902	1623882454938	OK	 
GROUP	MarsTestApi / API,GetCensus	1623882453902	1623882454939	1036	OK
GROUP	MarsTestApi / API	1623882453902	1623882455944	1036	OK
REQUEST	MarsTestApi / API,GetCensus		1623882455945	1623882456983	OK	 
GROUP	MarsTestApi / API,GetCensus	1623882455944	1623882456984	1038	OK
GROUP	MarsTestApi / API	1623882455944	1623882457989	1038	OK
REQUEST	MarsTestApi / API,GetCensus		1623882457990	1623882459032	OK	 
GROUP	MarsTestApi / API,GetCensus	1623882457989	1623882459034	1042	OK
GROUP	MarsTestApi / API	1623882457989	1623882460038	1042	OK
REQUEST	MarsTestApi / API,GetCensus		1623882460039	1623882461292	OK	 
GROUP	MarsTestApi / API,GetCensus	1623882460038	1623882461294	1253	OK
GROUP	MarsTestApi / API	1623882460038	1623882462298	1253	OK
REQUEST	MarsTestApi / API,GetCensus		1623882462299	1623882463338	OK	 
GROUP	MarsTestApi / API,GetCensus	1623882462299	1623882463340	1039	OK
GROUP	MarsTestApi / API	1623882462298	1623882464342	1039	OK
REQUEST	MarsTestApi / API,GetCensus		1623882464343	1623882465380	OK	 
GROUP	MarsTestApi / API,GetCensus	1623882464343	1623882465381	1037	OK
GROUP	MarsTestApi / API	1623882464342	1623882466386	1037	OK
REQUEST	MarsTestApi / API,GetCensus		1623882466387	1623882467321	OK	 
GROUP	MarsTestApi / API,GetCensus	1623882466386	1623882467323	934	OK
GROUP	MarsTestApi / API	1623882466386	1623882468327	934	OK
REQUEST	MarsTestApi / API,GetCensus		1623882468327	1623882469373	OK	 
GROUP	MarsTestApi / API,GetCensus	1623882468327	1623882469376	1046	OK
GROUP	MarsTestApi / API	1623882468327	1623882470379	1046	OK
REQUEST	MarsTestApi / API,GetCensus		1623882470380	1623882471325	OK	 
GROUP	MarsTestApi / API,GetCensus	1623882470379	1623882471327	945	OK
GROUP	MarsTestApi / API	1623882470379	1623882472331	945	OK
REQUEST	MarsTestApi / API,GetCensus		1623882472332	1623882473370	OK	 
GROUP	MarsTestApi / API,GetCensus	1623882472332	1623882473372	1038	OK
GROUP	MarsTestApi / API	1623882472332	1623882474373	1038	OK
REQUEST	MarsTestApi / API,GetCensus		1623882474374	1623882475417	OK	 
GROUP	MarsTestApi / API,GetCensus	1623882474373	1623882475419	1043	OK
GROUP	MarsTestApi / API	1623882474373	1623882476421	1043	OK
REQUEST	MarsTestApi / API,GetCensus		1623882476421	1623882477379	OK	 
GROUP	MarsTestApi / API,GetCensus	1623882476421	1623882477381	958	OK
GROUP	MarsTestApi / API	1623882476421	1623882478386	958	OK
REQUEST	MarsTestApi / API,GetCensus		1623882478387	1623882480203	OK	 
GROUP	MarsTestApi / API,GetCensus	1623882478387	1623882480206	1816	OK
GROUP	MarsTestApi / API	1623882478387	1623882481207	1816	OK
REQUEST	MarsTestApi / API,GetCensus		1623882481208	1623882482204	OK	 
GROUP	MarsTestApi / API,GetCensus	1623882481207	1623882482205	996	OK
GROUP	MarsTestApi / API	1623882481207	1623882483211	996	OK
REQUEST	MarsTestApi / API,GetCensus		1623882483212	1623882484248	OK	 
GROUP	MarsTestApi / API,GetCensus	1623882483211	1623882484250	1036	OK
GROUP	MarsTestApi / API	1623882483211	1623882485255	1036	OK
REQUEST	MarsTestApi / API,GetCensus		1623882485256	1623882487396	OK	 
GROUP	MarsTestApi / API,GetCensus	1623882485256	1623882487398	2140	OK
GROUP	MarsTestApi / API	1623882485256	1623882488402	2140	OK
REQUEST	MarsTestApi / API,GetCensus		1623882488403	1623882489646	OK	 
GROUP	MarsTestApi / API,GetCensus	1623882488402	1623882489648	1243	OK
GROUP	MarsTestApi / API	1623882488402	1623882490649	1243	OK
REQUEST	MarsTestApi / API,GetCensus		1623882490650	1623882491971	OK	 
GROUP	MarsTestApi / API,GetCensus	1623882490649	1623882491974	1321	OK
GROUP	MarsTestApi / API	1623882490649	1623882492977	1321	OK
REQUEST	MarsTestApi / API,GetCensus		1623882492978	1623882493950	OK	 
GROUP	MarsTestApi / API,GetCensus	1623882492977	1623882493951	972	OK
GROUP	MarsTestApi / API	1623882492977	1623882494955	972	OK
REQUEST	MarsTestApi / API,GetCensus		1623882494956	1623882495993	OK	 
GROUP	MarsTestApi / API,GetCensus	1623882494956	1623882495994	1037	OK
GROUP	MarsTestApi / API	1623882494955	1623882496999	1037	OK
REQUEST	MarsTestApi / API,GetCensus		1623882497000	1623882498050	OK	 
GROUP	MarsTestApi / API,GetCensus	1623882496999	1623882498051	1050	OK
GROUP	MarsTestApi / API	1623882496999	1623882499057	1050	OK
REQUEST	MarsTestApi / API,GetCensus		1623882499058	1623882500208	OK	 
GROUP	MarsTestApi / API,GetCensus	1623882499057	1623882500210	1150	OK
GROUP	MarsTestApi / API	1623882499057	1623882501212	1150	OK
REQUEST	MarsTestApi / API,GetCensus		1623882501213	1623882502132	OK	 
GROUP	MarsTestApi / API,GetCensus	1623882501212	1623882502134	919	OK
GROUP	MarsTestApi / API	1623882501212	1623882503140	919	OK
REQUEST	MarsTestApi / API,GetCensus		1623882503140	1623882504192	OK	 
GROUP	MarsTestApi / API,GetCensus	1623882503140	1623882504193	1052	OK
GROUP	MarsTestApi / API	1623882503140	1623882505198	1052	OK
REQUEST	MarsTestApi / API,GetCensus		1623882505198	1623882506237	OK	 
GROUP	MarsTestApi / API,GetCensus	1623882505198	1623882506239	1039	OK
GROUP	MarsTestApi / API	1623882505198	1623882507244	1039	OK
REQUEST	MarsTestApi / API,GetCensus		1623882507245	1623882508282	OK	 
GROUP	MarsTestApi / API,GetCensus	1623882507244	1623882508283	1037	OK
GROUP	MarsTestApi / API	1623882507244	1623882509288	1037	OK
REQUEST	MarsTestApi / API,GetCensus		1623882509289	1623882510329	OK	 
GROUP	MarsTestApi / API,GetCensus	1623882509288	1623882510331	1040	OK
GROUP	MarsTestApi / API	1623882509288	1623882511335	1040	OK
REQUEST	MarsTestApi / API,GetCensus		1623882511336	1623882512390	OK	 
GROUP	MarsTestApi / API,GetCensus	1623882511335	1623882512393	1054	OK
GROUP	MarsTestApi / API	1623882511335	1623882513398	1054	OK
REQUEST	MarsTestApi / API,GetCensus		1623882513399	1623882514437	OK	 
GROUP	MarsTestApi / API,GetCensus	1623882513398	1623882514438	1038	OK
GROUP	MarsTestApi / API	1623882513398	1623882515441	1038	OK
REQUEST	MarsTestApi / API,GetCensus		1623882515441	1623882516410	OK	 
GROUP	MarsTestApi / API,GetCensus	1623882515441	1623882516412	969	OK
GROUP	MarsTestApi / API	1623882515441	1623882517415	969	OK
REQUEST	MarsTestApi / API,GetCensus		1623882517416	1623882518421	OK	 
GROUP	MarsTestApi / API,GetCensus	1623882517415	1623882518423	1005	OK
GROUP	MarsTestApi / API	1623882517415	1623882519428	1005	OK
REQUEST	MarsTestApi / API,GetCensus		1623882519429	1623882520571	OK	 
GROUP	MarsTestApi / API,GetCensus	1623882519428	1623882520573	1142	OK
GROUP	MarsTestApi / API	1623882519428	1623882521577	1142	OK
REQUEST	MarsTestApi / API,GetCensus		1623882521577	1623882522644	OK	 
GROUP	MarsTestApi / API,GetCensus	1623882521577	1623882522647	1067	OK
GROUP	MarsTestApi / API	1623882521577	1623882523649	1067	OK
REQUEST	MarsTestApi / API,GetCensus		1623882523650	1623882524578	OK	 
GROUP	MarsTestApi / API,GetCensus	1623882523649	1623882524579	928	OK
GROUP	MarsTestApi / API	1623882523649	1623882525581	928	OK
REQUEST	MarsTestApi / API,GetCensus		1623882525582	1623882526617	OK	 
GROUP	MarsTestApi / API,GetCensus	1623882525581	1623882526619	1035	OK
GROUP	MarsTestApi / API	1623882525581	1623882527622	1035	OK
REQUEST	MarsTestApi / API,GetCensus		1623882527623	1623882529011	OK	 
GROUP	MarsTestApi / API,GetCensus	1623882527623	1623882529012	1388	OK
GROUP	MarsTestApi / API	1623882527623	1623882530017	1388	OK
REQUEST	MarsTestApi / API,GetCensus		1623882530018	1623882531186	OK	 
GROUP	MarsTestApi / API,GetCensus	1623882530018	1623882531187	1168	OK
GROUP	MarsTestApi / API	1623882530018	1623882532188	1168	OK
REQUEST	MarsTestApi / API,GetCensus		1623882532189	1623882533224	OK	 
GROUP	MarsTestApi / API,GetCensus	1623882532189	1623882533226	1035	OK
GROUP	MarsTestApi / API	1623882532188	1623882534231	1035	OK
REQUEST	MarsTestApi / API,GetCensus		1623882534231	1623882535280	OK	 
GROUP	MarsTestApi / API,GetCensus	1623882534231	1623882535282	1049	OK
GROUP	MarsTestApi / API	1623882534231	1623882536284	1049	OK
REQUEST	MarsTestApi / API,GetCensus		1623882536284	1623882537296	OK	 
GROUP	MarsTestApi / API,GetCensus	1623882536284	1623882537297	1012	OK
GROUP	MarsTestApi / API	1623882536284	1623882538300	1012	OK
USER	MarsTestApi7	END	1623882538303
