RUN	BO.Framework.BOSim	bosim	1623697265711	 	3.5.1
USER	Users_1	START	1623697267282
REQUEST	LOGIN,LOGIN	LOGIN	1623697267308	1623697268998	OK	 
REQUEST	LOGIN,LOGIN	request_11	1623697269014	1623697269175	OK	 
REQUEST	LOGIN,LOGIN	request_12	1623697269179	1623697269289	OK	 
REQUEST	LOGIN,LOGIN	request_13	1623697269290	1623697269693	OK	 
REQUEST	LOGIN,LOGIN	request_14	1623697269693	1623697269757	OK	 
REQUEST	LOGIN,LOGIN	request_14 Redirect 1	1623697269759	1623697269857	OK	 
REQUEST	LOGIN,LOGIN	lib-min-7e6d84b497.js	1623697269889	1623697270111	OK	 
REQUEST	LOGIN,LOGIN	consumer-7acd47889c.css	1623697269891	1623697270192	OK	 
REQUEST	LOGIN,LOGIN	favicon.ico	1623697269892	1623697270206	OK	 
REQUEST	LOGIN,LOGIN	error-63062f7857.min.js	1623697269890	1623697270207	OK	 
REQUEST	LOGIN,LOGIN	consumer-optum3-b35069f230.css	1623697269891	1623697270208	OK	 
REQUEST	LOGIN,LOGIN	uitk-req-min-948de8930b.css	1623697269890	1623697270267	OK	 
REQUEST	LOGIN,LOGIN	request_19	1623697270274	1623697271144	OK	 
REQUEST	LOGIN,LOGIN	sso.js	1623697271150	1623697271428	OK	 
REQUEST	LOGIN,LOGIN	providerExpress_logo.gif	1623697271428	1623697271497	OK	 
REQUEST	LOGIN,LOGIN	publicSector.js	1623697271149	1623697271498	OK	 
REQUEST	LOGIN,LOGIN	home-bar.css	1623697271151	1623697271514	OK	 
REQUEST	LOGIN,LOGIN	jquery-3.3.1.slim.min.js	1623697271151	1623697271557	OK	 
REQUEST	LOGIN,LOGIN	loading.gif	1623697271497	1623697271570	OK	 
REQUEST	LOGIN,LOGIN	space.gif	1623697271499	1623697271571	OK	 
REQUEST	LOGIN,LOGIN	uolStyle.css	1623697271151	1623697271597	OK	 
REQUEST	LOGIN,LOGIN	tabs.css	1623697271150	1623697273090	OK	 
REQUEST	LOGIN,LOGIN	request_20	1623697273091	1623697273160	OK	 
REQUEST	LOGIN,LOGIN	request_22	1623697273161	1623697273234	OK	 
REQUEST	LOGIN,LOGIN	request_23	1623697273234	1623697273306	OK	 
REQUEST	LOGIN,LOGIN	request_23 Redirect 1	1623697273307	1623697273475	OK	 
REQUEST	LOGIN,LOGIN	request_23 Redirect 2	1623697273475	1623697273704	OK	 
REQUEST	LOGIN,LOGIN	request_23 Redirect 3	1623697273705	1623697273996	OK	 
REQUEST	LOGIN,LOGIN	uitk-req-min-945fd9447c.js	1623697274001	1623697274100	OK	 
REQUEST	LOGIN,LOGIN	global-app-config.js	1623697274001	1623697274101	OK	 
REQUEST	LOGIN,LOGIN	newrelic.js	1623697274002	1623697274109	OK	 
REQUEST	LOGIN,LOGIN	prelogin-f85aab9ec4.min.js	1623697274002	1623697274160	OK	 
REQUEST	LOGIN,LOGIN	{{favIconPath}}	1623697274001	1623697274192	OK	 
REQUEST	LOGIN,LOGIN	summer.js	1623697274000	1623697274369	OK	 
REQUEST	LOGIN,LOGIN	request_25	1623697274369	1623697274444	OK	 
REQUEST	LOGIN,LOGIN	request_26	1623697274445	1623697274513	OK	 
REQUEST	LOGIN,LOGIN	request_27	1623697274513	1623697274773	OK	 
REQUEST	LOGIN,LOGIN	request_28	1623697274774	1623697274848	OK	 
REQUEST	LOGIN,LOGIN	request_29	1623697274848	1623697274921	OK	 
REQUEST	LOGIN,LOGIN	request_45	1623697274921	1623697275272	OK	 
REQUEST	LOGIN,LOGIN	request_46	1623697275273	1623697275809	OK	 
REQUEST	LOGIN,LOGIN	request_51	1623697275810	1623697276328	OK	 
REQUEST	LOGIN,LOGIN	request_52	1623697276331	1623697276778	OK	 
REQUEST	LOGIN,LOGIN	request_53	1623697276778	1623697276938	OK	 
REQUEST	LOGIN,LOGIN	request_54	1623697276938	1623697277031	OK	 
REQUEST	LOGIN,LOGIN	request_55	1623697277032	1623697277140	OK	 
REQUEST	LOGIN,LOGIN	request_56	1623697277141	1623697277247	OK	 
REQUEST	LOGIN,LOGIN	request_57	1623697277247	1623697277664	OK	 
REQUEST	LOGIN,LOGIN	request_58	1623697277664	1623697278518	OK	 
REQUEST	LOGIN,LOGIN	request_60	1623697278519	1623697278636	OK	 
REQUEST	LOGIN,LOGIN	request_61	1623697278636	1623697279192	OK	 
GROUP	LOGIN,LOGIN	1623697267287	1623697279192	11809	OK
GROUP	LOGIN	1623697267284	1623697280639	11809	OK
USER	Users_1	END	1623697280643
