RUN	Optum.Framework.OptumSim	optumsim	1620857605912	 	3.5.1
USER	Users_1	START	1620857607375
REQUEST	Scen_1,Login	BasePage	1620857607392	1620857607673	OK	 
REQUEST	Scen_1,Login	BasePage_1	1620857607694	1620857607772	OK	 
REQUEST	Scen_1,Login	BasePage_2	1620857607778	1620857607844	OK	 
REQUEST	Scen_1,Login	BasePage_3	1620857607846	1620857607910	OK	 
REQUEST	Scen_1,Login	BasePage_4	1620857607912	1620857607982	OK	 
REQUEST	Scen_1,Login	BasePage_5	1620857607984	1620857609660	OK	 
GROUP	Scen_1,Login	1620857607378	1620857609662	2235	OK
REQUEST	Scen_1,SearchByActiveMember	Select_SearchByActiveMember	1620857610673	1620857610820	OK	 
GROUP	Scen_1,SearchByActiveMember	1620857610673	1620857610821	147	OK
REQUEST	Scen_1,SearchMembers	Search_douglas	1620857613502	1620857614068	OK	 
REQUEST	Scen_1,SearchMembers	Search_douglas_3	1620857614070	1620857614576	OK	 
GROUP	Scen_1,SearchMembers	1620857613496	1620857614577	1072	OK
REQUEST	Scen_1,Search3	Search_3	1620857616748	1620857617241	OK	 
GROUP	Scen_1,Search3	1620857616746	1620857617242	493	OK
REQUEST	Scen_1,SearchByActiveMember	Select_SearchByActiveMember	1620857620054	1620857620267	OK	 
GROUP	Scen_1,SearchByActiveMember	1620857620053	1620857620268	213	OK
REQUEST	Scen_1,SearchMembers	Search_thomas	1620857622720	1620857623794	OK	 
REQUEST	Scen_1,SearchMembers	Search_thomas_3	1620857623796	1620857624614	OK	 
GROUP	Scen_1,SearchMembers	1620857622719	1620857624614	1892	OK
REQUEST	Scen_1,Search3	Search_3	1620857626832	1620857627271	OK	 
GROUP	Scen_1,Search3	1620857626831	1620857627272	439	OK
REQUEST	Scen_1,SearchByActiveMember	Select_SearchByActiveMember	1620857629529	1620857629673	OK	 
GROUP	Scen_1,SearchByActiveMember	1620857629528	1620857629674	144	OK
REQUEST	Scen_1,SearchMembers	Search_smith	1620857632132	1620857633215	OK	 
REQUEST	Scen_1,SearchMembers	Search_smith_3	1620857633216	1620857634035	OK	 
GROUP	Scen_1,SearchMembers	1620857632131	1620857634036	1902	OK
REQUEST	Scen_1,Search3	Search_3	1620857636354	1620857636791	OK	 
GROUP	Scen_1,Search3	1620857636352	1620857636792	437	OK
REQUEST	Scen_1,SearchByActiveMember	Select_SearchByActiveMember	1620857639283	1620857639409	OK	 
GROUP	Scen_1,SearchByActiveMember	1620857639282	1620857639410	126	OK
REQUEST	Scen_1,SearchMembers	Search_roger	1620857642089	1620857643042	OK	 
REQUEST	Scen_1,SearchMembers	Search_roger_3	1620857643044	1620857643967	OK	 
GROUP	Scen_1,SearchMembers	1620857642088	1620857643968	1876	OK
REQUEST	Scen_1,Search3	Search_3	1620857646119	1620857646631	OK	 
GROUP	Scen_1,Search3	1620857646118	1620857646632	512	OK
REQUEST	Scen_1,SearchByActiveMember	Select_SearchByActiveMember	1620857649343	1620857649680	OK	 
GROUP	Scen_1,SearchByActiveMember	1620857649342	1620857649681	337	OK
REQUEST	Scen_1,SearchMembers	Search_baker	1620857652537	1620857653435	OK	 
REQUEST	Scen_1,SearchMembers	Search_baker_3	1620857653436	1620857654179	OK	 
GROUP	Scen_1,SearchMembers	1620857652536	1620857654180	1641	OK
REQUEST	Scen_1,Search3	Search_3	1620857656461	1620857656898	OK	 
GROUP	Scen_1,Search3	1620857656460	1620857656899	437	OK
REQUEST	Scen_1,SearchByActiveMember	Select_SearchByActiveMember	1620857659124	1620857659271	OK	 
GROUP	Scen_1,SearchByActiveMember	1620857659123	1620857659271	147	OK
REQUEST	Scen_1,SearchMembers	Search_douglas	1620857661340	1620857661778	OK	 
REQUEST	Scen_1,SearchMembers	Search_douglas_3	1620857661780	1620857662297	OK	 
GROUP	Scen_1,SearchMembers	1620857661339	1620857662298	955	OK
REQUEST	Scen_1,Search3	Search_3	1620857664990	1620857665475	OK	 
GROUP	Scen_1,Search3	1620857664989	1620857665476	485	OK
REQUEST	Scen_1,SearchByActiveMember	Select_SearchByActiveMember	1620857667682	1620857667828	OK	 
GROUP	Scen_1,SearchByActiveMember	1620857667681	1620857667828	146	OK
REQUEST	Scen_1,SearchMembers	Search_thomas	1620857670631	1620857671411	OK	 
REQUEST	Scen_1,SearchMembers	Search_thomas_3	1620857671412	1620857672437	OK	 
GROUP	Scen_1,SearchMembers	1620857670630	1620857672438	1805	OK
REQUEST	Scen_1,Search3	Search_3	1620857675218	1620857675708	OK	 
GROUP	Scen_1,Search3	1620857675217	1620857675709	490	OK
REQUEST	Scen_1,SearchByActiveMember	Select_SearchByActiveMember	1620857677843	1620857677979	OK	 
GROUP	Scen_1,SearchByActiveMember	1620857677843	1620857677980	136	OK
REQUEST	Scen_1,SearchMembers	Search_smith	1620857680440	1620857681544	OK	 
REQUEST	Scen_1,SearchMembers	Search_smith_3	1620857681546	1620857682368	OK	 
GROUP	Scen_1,SearchMembers	1620857680439	1620857682369	1926	OK
REQUEST	Scen_1,Search3	Search_3	1620857685239	1620857685748	OK	 
GROUP	Scen_1,Search3	1620857685238	1620857685749	509	OK
REQUEST	Scen_1,SearchByActiveMember	Select_SearchByActiveMember	1620857688118	1620857688478	OK	 
GROUP	Scen_1,SearchByActiveMember	1620857688117	1620857688479	360	OK
REQUEST	Scen_1,SearchMembers	Search_roger	1620857690888	1620857691635	OK	 
REQUEST	Scen_1,SearchMembers	Search_roger_3	1620857691636	1620857692403	OK	 
GROUP	Scen_1,SearchMembers	1620857690887	1620857692404	1514	OK
REQUEST	Scen_1,Search3	Search_3	1620857695326	1620857695864	OK	 
GROUP	Scen_1,Search3	1620857695326	1620857695865	538	OK
REQUEST	Scen_1,SearchByActiveMember	Select_SearchByActiveMember	1620857698694	1620857699039	OK	 
GROUP	Scen_1,SearchByActiveMember	1620857698694	1620857699039	345	OK
REQUEST	Scen_1,SearchMembers	Search_baker	1620857701137	1620857701929	OK	 
REQUEST	Scen_1,SearchMembers	Search_baker_3	1620857701930	1620857702742	OK	 
GROUP	Scen_1,SearchMembers	1620857701136	1620857702743	1604	OK
REQUEST	Scen_1,Search3	Search_3	1620857705620	1620857706091	OK	 
GROUP	Scen_1,Search3	1620857705619	1620857706091	471	OK
REQUEST	Scen_1,Search3	Search_3	1620857708365	1620857708860	OK	 
GROUP	Scen_1,Search3	1620857708364	1620857708861	495	OK
GROUP	Scen_1	1620857607377	1620857709863	25829	OK
REQUEST	Scen_1,Login	BasePage	1620857709865	1620857709934	OK	 
REQUEST	Scen_1,Login	BasePage_1	1620857709936	1620857710002	OK	 
REQUEST	Scen_1,Login	BasePage_2	1620857710003	1620857710075	OK	 
REQUEST	Scen_1,Login	BasePage_3	1620857710077	1620857710143	OK	 
REQUEST	Scen_1,Login	BasePage_4	1620857710144	1620857710208	OK	 
REQUEST	Scen_1,Login	BasePage_5	1620857710210	1620857711771	OK	 
GROUP	Scen_1,Login	1620857709864	1620857711771	1898	OK
REQUEST	Scen_1,SearchByActiveMember	Select_SearchByActiveMember	1620857712774	1620857712898	OK	 
GROUP	Scen_1,SearchByActiveMember	1620857712774	1620857712899	124	OK
REQUEST	Scen_1,SearchMembers	Search_douglas	1620857715406	1620857715837	OK	 
REQUEST	Scen_1,SearchMembers	Search_douglas_3	1620857715838	1620857716565	OK	 
GROUP	Scen_1,SearchMembers	1620857715405	1620857716566	1158	OK
REQUEST	Scen_1,Search3	Search_3	1620857718586	1620857719128	OK	 
GROUP	Scen_1,Search3	1620857718586	1620857719129	542	OK
REQUEST	Scen_1,SearchByActiveMember	Select_SearchByActiveMember	1620857721215	1620857721352	OK	 
GROUP	Scen_1,SearchByActiveMember	1620857721214	1620857721353	137	OK
REQUEST	Scen_1,SearchMembers	Search_thomas	1620857723999	1620857724757	OK	 
REQUEST	Scen_1,SearchMembers	Search_thomas_3	1620857724758	1620857725783	OK	 
GROUP	Scen_1,SearchMembers	1620857723998	1620857725783	1783	OK
REQUEST	Scen_1,Search3	Search_3	1620857728304	1620857729062	OK	 
GROUP	Scen_1,Search3	1620857728303	1620857729063	758	OK
REQUEST	Scen_1,SearchByActiveMember	Select_SearchByActiveMember	1620857731376	1620857731504	OK	 
GROUP	Scen_1,SearchByActiveMember	1620857731375	1620857731505	128	OK
REQUEST	Scen_1,SearchMembers	Search_smith	1620857733704	1620857734488	OK	 
REQUEST	Scen_1,SearchMembers	Search_smith_3	1620857734490	1620857735410	OK	 
GROUP	Scen_1,SearchMembers	1620857733703	1620857735411	1704	OK
REQUEST	Scen_1,Search3	Search_3	1620857737957	1620857738419	OK	 
GROUP	Scen_1,Search3	1620857737956	1620857738420	462	OK
REQUEST	Scen_1,SearchByActiveMember	Select_SearchByActiveMember	1620857740776	1620857741140	OK	 
GROUP	Scen_1,SearchByActiveMember	1620857740775	1620857741141	364	OK
REQUEST	Scen_1,SearchMembers	Search_roger	1620857743531	1620857744422	OK	 
REQUEST	Scen_1,SearchMembers	Search_roger_3	1620857744423	1620857745242	OK	 
GROUP	Scen_1,SearchMembers	1620857743530	1620857745243	1710	OK
REQUEST	Scen_1,Search3	Search_3	1620857747781	1620857748313	OK	 
GROUP	Scen_1,Search3	1620857747780	1620857748314	532	