RUN	PE	pe	1623768034318	 	3.5.1
USER	PE	START	1623768035724
REQUEST		request_0	1623768035737	1623768036110	OK	 
REQUEST		request_2	1623768036309	1623768036557	OK	 
REQUEST		request_8	1623768036559	1623768036655	OK	 
REQUEST		request_9	1623768036430	1623768036844	OK	 
REQUEST		request_1	1623768036303	1623768036848	OK	 
REQUEST		request_3	1623768036310	1623768036862	OK	 
REQUEST		request_6	1623768036311	1623768036864	OK	 
REQUEST		request_5	1623768036311	1623768036865	OK	 
REQUEST		request_4	1623768036310	1623768036866	OK	 
REQUEST		request_15	1623768036221	1623768036873	OK	 
REQUEST		request_22	1623768036306	1623768036898	OK	 
REQUEST		request_30	1623768036308	1623768036910	OK	 
REQUEST		request_34	1623768036308	1623768036912	OK	 
REQUEST		request_7	1623768036311	1623768036922	OK	 
REQUEST		request_10	1623768036139	1623768036971	OK	 
REQUEST		request_11	1623768036218	1623768036978	OK	 
REQUEST		request_13	1623768036219	1623768036985	OK	 
REQUEST		request_12	1623768036219	1623768036987	OK	 
REQUEST		request_14	1623768036220	1623768036996	OK	 
REQUEST		request_9	1623768036874	1623768037048	OK	 
REQUEST		request_20	1623768036221	1623768037080	OK	 
REQUEST		request_18	1623768036985	1623768037144	OK	 
REQUEST		request_21	1623768036997	1623768037146	OK	 
REQUEST		request_9	1623768037050	1623768037176	OK	 
REQUEST		request_38	1623768036302	1623768037201	OK	 
REQUEST		request_37	1623768036301	1623768037207	OK	 
REQUEST		request_49	1623768036492	1623768037210	OK	 
REQUEST		request_40	1623768036303	1623768037211	OK	 
REQUEST		request_23	1623768037145	1623768037212	OK	 
REQUEST		request_52	1623768036553	1623768037216	OK	 
REQUEST		request_16	1623768036973	1623768037251	OK	 
REQUEST		request_39	1623768036302	1623768037279	OK	 
REQUEST		request_35	1623768036300	1623768037285	OK	 
REQUEST		request_50	1623768036552	1623768037288	OK	 
REQUEST		request_25	1623768037213	1623768037308	OK	 
REQUEST		request_42	1623768037208	1623768037326	OK	 
REQUEST		request_49	1623768037211	1623768037328	OK	 
REQUEST		request_43	1623768037212	1623768037329	OK	 
REQUEST		request_24	1623768037147	1623768037333	OK	 
REQUEST		request_26	1623768037264	1623768037359	OK	 
REQUEST		request_27	1623768037309	1623768037374	OK	 
REQUEST		request_41	1623768037202	1623768037381	OK	 
REQUEST		request_9	1623768037177	1623768037387	OK	 
REQUEST		request_45	1623768037286	1623768037400	OK	 
REQUEST		request_24	1623768037334	1623768037434	OK	 
REQUEST		request_46	1623768037328	1623768037447	OK	 
REQUEST		request_47	1623768037330	1623768037449	OK	 
REQUEST		request_44	1623768037281	1623768037450	OK	 
REQUEST		request_28	1623768037360	1623768037458	OK	 
REQUEST		request_27	1623768037376	1623768037475	OK	 
REQUEST		request_29	1623768037388	1623768037483	OK	 
REQUEST		request_19	1623768036994	1623768037529	OK	 
REQUEST		request_33	1623768037476	1623768037541	OK	 
REQUEST		request_32	1623768037459	1623768037556	OK	 
REQUEST		request_31	1623768037435	1623768037563	OK	 
REQUEST		request_53	1623768037448	1623768037564	OK	 
REQUEST		request_56	1623768037451	1623768037564	OK	 
REQUEST		request_36	1623768036300	1623768037593	OK	 
REQUEST		request_17	1623768036979	1623768037626	OK	 
REQUEST		request_55	1623768036312	1623768037782	OK	 
REQUEST		request_54	1623768037450	1623768038458	OK	 
REQUEST		request_48	1623768037382	1623768038578	OK	 
REQUEST		request_51	1623768037401	1623768038646	OK	 
REQUEST		request_57	1623768039652	1623768039766	OK	 
REQUEST		request_58	1623768039768	1623768039885	OK	 
REQUEST		request_59	1623768039769	1623768039886	OK	 
REQUEST		request_60	1623768042891	1623768043686	OK	 
REQUEST		request_61	1623768044688	1623768044802	OK	 
REQUEST		request_62	1623768044803	1623768044921	OK	 
REQUEST		request_63	1623768044804	1623768045595	OK	 
REQUEST		request_64	1623768048600	1623768049405	OK	 
ERROR	request_65: Failed to build request: Resource /pe/0065_request.json not found 	1623768050411
REQUEST		request_114	1623768059420	1623768059688	OK	 
REQUEST		request_114 Redirect 1	1623768059689	1623768059853	OK	 
REQUEST		request_114 Redirect 2	1623768059854	1623768059981	OK	 
REQUEST		request_114 Redirect 3	1623768059982	1623768060199	OK	 
REQUEST		global-app-config.js	1623768060226	1623768060432	OK	 
REQUEST		{{favIconPath}}	1623768060226	1623768060472	OK	 
REQUEST		uitk-req-min-945fd9447c.js	1623768060227	1623768060501	OK	 
REQUEST		newrelic.js	1623768060473	1623768060570	OK	 
REQUEST		request_115	1623768060355	1623768060638	OK	 
REQUEST		uitk-req-min-948de8930b.css	1623768060225	1623768060645	OK	 
REQUEST		request_116	1623768060356	1623768060707	OK	 
REQUEST		request_117	1623768060356	1623768060709	OK	 
REQUEST		request_120	1623768060358	1623768060718	OK	 
REQUEST		request_119	1623768060357	1623768060730	OK	 
REQUEST		request_121	1623768060642	1623768060733	OK	 
REQUEST		request_152	1623768060228	1623768060736	OK	 
REQUEST		request_118	1623768060357	1623768060742	OK	 
REQUEST		request_124	1623768060719	1623768060799	OK	 
REQUEST		request_125	1623768060731	1623768060812	OK	 
REQUEST		request_126	1623768060734	1623768060814	OK	 
REQUEST		request_146	1623768060427	1623768060821	OK	 
REQUEST		summer.js	1623768060225	1623768060832	OK	 
REQUEST		request_123	1623768060710	1623768060887	OK	 
REQUEST		request_128	1623768060800	1623768060890	OK	 
REQUEST		request_129	1623768060813	1623768060891	OK	 
REQUEST		request_130	1623768060815	1623768060893	OK	 
REQUEST		request_122	1623768060708	1623768060916	OK	 
REQUEST		request_148	1623768060428	1623768060940	OK	 
REQUEST		request_132	1623768060891	1623768060957	OK	 
REQUEST		request_131	1623768060889	1623768060961	OK	 
REQUEST		request_133	1623768060892	1623768060962	OK	 
REQUEST		request_134	1623768060893	1623768060968	OK	 
REQUEST		request_143	1623768060358	1623768060970	OK	 
REQUEST		request_150	1623768060822	1623768060984	OK	 
REQUEST		request_135	1623768060918	1623768060986	OK	 
REQUEST		request_144	1623768060424	1623768060988	OK	 
REQUEST		request_147	1623768060428	1623768060993	OK	 
REQUEST		request_136	1623768060958	1623768061025	OK	 
REQUEST		request_138	1623768060962	1623768061031	OK	 
REQUEST		request_149	1623768060429	1623768061034	OK	 
REQUEST		request_139	1623768060968	1623768061035	OK	 
REQUEST		request_151	1623768060941	1623768061054	OK	 
REQUEST		request_140	1623768060987	1623768061056	OK	 
REQUEST		request_153	1623768060985	1623768061092	OK	 
REQUEST		request_127	1623768060743	1623768061150	OK	 
REQUEST		lib-min-7e6d84b497.js	1623768060227	1623768061181	OK	 
REQUEST		prelogin-f85aab9ec4.min.js	1623768060432	1623768061204	OK	 
REQUEST		request_145	1623768060427	1623768061306	OK	 
REQUEST		request_137	1623768060961	1623768061408	OK	 
REQUEST		request_142	1623768061026	1623768061627	OK	 
ERROR	request_154: Failed to build request: Resource /pe/0154_request.json not found 	1623768065656
USER	PE	END	1623768065663
