RUN	JJ.Framework.JJSim	jjsim	1622654434932	JJ.Framework.JJSim-SIMULATION_1_0:SIMULATION_2_0:SIMULATION_3_0:SIMULATION_4_0:Iterations_5	3.5.1
USER	Users_1	START	1622654436443
USER	Users_2	START	1622654436443
REQUEST	NPI,NPI	NPI_1245318229	1622654436468	1622654442031	OK	 
GROUP	NPI,NPI	1622654436449	1622654442074	5563	OK
GROUP	NPI	1622654436445	1622654443195	5563	OK
REQUEST	NPI,NPI	NPI_1821049651	1622654443200	1622654443383	OK	 
GROUP	NPI,NPI	1622654443197	1622654443385	183	OK
GROUP	NPI	1622654443196	1622654444651	183	OK
REQUEST	NPI,NPI	NPI_1114976883	1622654444653	1622654445301	OK	 
GROUP	NPI,NPI	1622654444652	1622654445303	648	OK
REQUEST	Scen_2,TIN	TIN_391139101	1622654436468	1622654446592	OK	 
GROUP	Scen_2,TIN	1622654436449	1622654446605	10124	OK
GROUP	NPI	1622654444651	1622654446849	648	OK
REQUEST	NPI,NPI	NPI_1740270032	1622654446851	1622654446988	OK	 
GROUP	NPI,NPI	1622654446850	1622654446989	137	OK
GROUP	Scen_2	1622654436445	1622654448579	10124	OK
GROUP	NPI	1622654446850	1622654448669	137	OK
REQUEST	NPI,NPI	NPI_1245419696	1622654448672	1622654448882	OK	 
GROUP	NPI,NPI	1622654448671	1622654448884	210	OK
GROUP	NPI	1622654448670	1622654450155	210	OK
USER	Users_1	END	1622654450158
REQUEST	Scen_2,TIN	TIN_391139101	1622654448582	1622654453908	OK	 
GROUP	Scen_2,TIN	1622654448581	1622654453913	5326	OK
GROUP	Scen_2	1622654448580	1622654455037	5326	OK
REQUEST	Scen_2,TIN	TIN_391139101	1622654455040	1622654459900	OK	 
GROUP	Scen_2,TIN	1622654455039	1622654459905	4860	OK
GROUP	Scen_2	1622654455038	1622654461369	4860	OK
REQUEST	Scen_2,TIN	TIN_391139101	1622654461371	1622654466896	OK	 
GROUP	Scen_2,TIN	1622654461370	1622654466900	5525	OK
GROUP	Scen_2	1622654461369	1622654468858	5525	OK
REQUEST	Scen_2,TIN	TIN_391139101	1622654468860	1622654474351	OK	 
GROUP	Scen_2,TIN	1622654468859	1622654474356	5491	OK
GROUP	Scen_2	1622654468858	1622654476206	5491	OK
USER	Users_2	END	1622654476206
