RUN	BO.Framework.BOSim	bosim	1623787280181	BO.Framework.BOSim-SIMULATION_1_1:SIMULATION_2_0:SIMULATION_3_0:Iterations_1	3.5.1
USER	Users_1	START	1623787281692
REQUEST	LOGIN,LOGIN	LOGIN	1623787281710	1623787282489	OK	 
REQUEST	LOGIN,LOGIN	request_11	1623787282508	1623787282678	OK	 
REQUEST	LOGIN,LOGIN	request_12	1623787282687	1623787282854	OK	 
REQUEST	LOGIN,LOGIN	request_13	1623787282856	1623787283262	OK	 
REQUEST	LOGIN,LOGIN	request_15	1623787283263	1623787283371	OK	 
REQUEST	LOGIN,LOGIN	consumer-optum3-b35069f230.css	1623787283403	1623787283709	OK	 
REQUEST	LOGIN,LOGIN	consumer-7acd47889c.css	1623787283403	1623787283717	OK	 
REQUEST	LOGIN,LOGIN	favicon.ico	1623787283403	1623787283719	OK	 
REQUEST	LOGIN,LOGIN	error-63062f7857.min.js	1623787283401	1623787283721	OK	 
REQUEST	LOGIN,LOGIN	uitk-req-min-948de8930b.css	1623787283402	1623787283768	OK	 
REQUEST	LOGIN,LOGIN	lib-min-7e6d84b497.js	1623787283400	1623787284638	OK	 
REQUEST	LOGIN,LOGIN	request_19	1623787284661	1623787285251	OK	 
REQUEST	LOGIN,LOGIN	publicSector.js	1623787285260	1623787285327	OK	 
REQUEST	LOGIN,LOGIN	providerExpress_logo.gif	1623787285329	1623787285398	OK	 
REQUEST	LOGIN,LOGIN	loading.gif	1623787285399	1623787285465	OK	 
REQUEST	LOGIN,LOGIN	space.gif	1623787285466	1623787285536	OK	 
REQUEST	LOGIN,LOGIN	tabs.css	1623787285261	1623787285537	OK	 
REQUEST	LOGIN,LOGIN	sso.js	1623787285261	1623787285540	OK	 
REQUEST	LOGIN,LOGIN	home-bar.css	1623787285262	1623787285541	OK	 
REQUEST	LOGIN,LOGIN	uolStyle.css	1623787285262	1623787285599	OK	 
REQUEST	LOGIN,LOGIN	jquery-3.3.1.slim.min.js	1623787285262	1623787285723	OK	 
REQUEST	LOGIN,LOGIN	request_20	1623787285725	1623787285798	OK	 
REQUEST	LOGIN,LOGIN	request_22	1623787285800	1623787285866	OK	 
REQUEST	LOGIN,LOGIN	request_23	1623787285868	1623787285936	OK	 
REQUEST	LOGIN,LOGIN	request_23 Redirect 1	1623787285940	1623787286171	OK	 
REQUEST	LOGIN,LOGIN	request_23 Redirect 2	1623787286172	1623787286300	OK	 
REQUEST	LOGIN,LOGIN	request_23 Redirect 3	1623787286302	1623787286449	OK	 
REQUEST	LOGIN,LOGIN	newrelic.js	1623787286459	1623787286557	OK	 
REQUEST	LOGIN,LOGIN	global-app-config.js	1623787286458	1623787286565	OK	 
REQUEST	LOGIN,LOGIN	prelogin-f85aab9ec4.min.js	1623787286459	1623787286622	OK	 
REQUEST	LOGIN,LOGIN	uitk-req-min-945fd9447c.js	1623787286458	1623787286629	OK	 
REQUEST	LOGIN,LOGIN	{{favIconPath}}	1623787286457	1623787286651	OK	 
REQUEST	LOGIN,LOGIN	summer.js	1623787286457	1623787286843	OK	 
REQUEST	LOGIN,LOGIN	request_25	1623787286845	1623787286921	OK	 
REQUEST	LOGIN,LOGIN	request_27	1623787286923	1623787287002	OK	 
REQUEST	LOGIN,LOGIN	request_28	1623787287004	1623787287079	OK	 
REQUEST	LOGIN,LOGIN	request_29	1623787287080	1623787287152	OK	 
REQUEST	LOGIN,LOGIN	request_45	1623787287153	1623787287579	OK	 
REQUEST	LOGIN,LOGIN	request_46	1623787287582	1623787288098	OK	 
REQUEST	LOGIN,LOGIN	request_51	1623787288101	1623787288609	OK	 
REQUEST	LOGIN,LOGIN	request_52	1623787288615	1623787289002	OK	 
REQUEST	LOGIN,LOGIN	request_53	1623787289003	1623787289162	OK	 
REQUEST	LOGIN,LOGIN	request_54	1623787289164	1623787289259	OK	 
REQUEST	LOGIN,LOGIN	request_55	1623787289261	1623787289356	OK	 
REQUEST	LOGIN,LOGIN	request_56	1623787289357	1623787289462	OK	 
REQUEST	LOGIN,LOGIN	request_57	1623787289463	1623787289709	OK	 
REQUEST	LOGIN,LOGIN	request_58	1623787289710	1623787289900	OK	 
REQUEST	LOGIN,LOGIN	request_60	1623787289901	1623787289993	OK	 
REQUEST	LOGIN,LOGIN	request_61	1623787289994	1623787290490	OK	 
GROUP	LOGIN,LOGIN	1623787281696	1623787290491	8666	OK
REQUEST	LOGIN,LOGGED_IN	request_65	1623787291963	1623787292246	OK	 
REQUEST	LOGIN,LOGGED_IN	request_65 Redirect 1	1623787292247	1623787292391	OK	 
REQUEST	LOGIN,LOGGED_IN	request_65 Redirect 2	1623787292392	1623787292515	OK	 
REQUEST	LOGIN,LOGGED_IN	request_65 Redirect 3	1623787292516	1623787292755	OK	 
REQUEST	LOGIN,LOGGED_IN	{{favIconPath}}	1623787292758	1623787292964	OK	 
REQUEST	LOGIN,LOGGED_IN	summer.js	1623787292757	1623787293040	OK	 
REQUEST	LOGIN,LOGGED_IN	request_68	1623787293043	1623787293110	OK	 
REQUEST	LOGIN,LOGGED_IN	request_70	1623787293111	1623787293182	OK	 
REQUEST	LOGIN,LOGGED_IN	request_71	1623787293183	1623787293954	OK	 
REQUEST	LOGIN,LOGGED_IN	request_74	1623787293955	1623787294272	OK	 
REQUEST	LOGIN,LOGGED_IN	request_76	1623787294274	1623787294421	OK	 
REQUEST	LOGIN,LOGGED_IN	request_79	1623787294423	1623787294741	OK	 
REQUEST	LOGIN,LOGGED_IN	request_89	1623787294745	1623787295136	OK	 
REQUEST	LOGIN,LOGGED_IN	request_90	1623787295141	1623787295626	OK	 
REQUEST	LOGIN,LOGGED_IN	request_92	1623787295655	1623787295753	OK	 
REQUEST	LOGIN,LOGGED_IN	request_93	1623787295754	1623787295880	OK	 
REQUEST	LOGIN,LOGGED_IN	request_98	1623787295882	1623787296144	OK	 
REQUEST	LOGIN,LOGGED_IN	request_99	1623787296145	1623787296409	OK	 
GROUP	LOGIN,LOGGED_IN	1623787291962	1623787296410	4393	OK
REQUEST	LOGIN,SEARCH	request_3	1623787298021	1623787298092	OK	 
REQUEST	LOGIN,SEARCH	request_4	1623787298094	1623787298165	OK	 
REQUEST	LOGIN,SEARCH	request_4 Redirect 1	1623787298166	1623787298321	OK	 
REQUEST	LOGIN,SEARCH	request_4 Redirect 2	1623787298322	1623787298490	OK	 
REQUEST	LOGIN,SEARCH	request_4 Redirect 3	1623787298491	1623787298699	OK	 
REQUEST	LOGIN,SEARCH	{{favIconPath}}	1623787298702	1623787298891	OK	 
REQUEST	LOGIN,SEARCH	summer.js	1623787298701	1623787298937	OK	 
REQUEST	LOGIN,SEARCH	request_6	1623787298939	1623787299012	OK	 
REQUEST	LOGIN,SEARCH	request_7	1623787299014	1623787299089	OK	 
REQUEST	LOGIN,SEARCH	request_8	1623787299090	1623787299163	OK	 
REQUEST	LOGIN,SEARCH	request_11	1623787299164	1623787299233	OK	 
REQUEST	LOGIN,SEARCH	request_12	1623787299235	1623787299441	OK	 
REQUEST	LOGIN,SEARCH	request_18	1623787299443	1623787299512	OK	 
REQUEST	LOGIN,SEARCH	request_26	1623787299513	1623787299961	OK	 
REQUEST	LOGIN,SEARCH	request_27	1623787299980	1623787300180	OK	 
REQUEST	LOGIN,SEARCH	request_29	1623787300181	1623787300570	OK	 
REQUEST	LOGIN,SEARCH	request_30	1623787300572	1623787300708	OK	 
REQUEST	LOGIN,SEARCH	request_35	1623787300710	1623787300953	OK	 
REQUEST	LOGIN,SEARCH	request_36	1623787300954	1623787301148	OK	 
GROUP	LOGIN,SEARCH	1623787298020	1623787301149	3087	OK
GROUP	LOGIN	1623787281694	1623787302291	16146	OK
USER	Users_1	END	1623787302296
