RUN	LandingPage	landingpage	1623706395143	 	3.5.1
USER	LandingPage	START	1623706396627
REQUEST		request_0	1623706396639	1623706397002	OK	 
REQUEST		request_0 Redirect 1	1623706397011	1623706397432	OK	 
REQUEST		request_0 Redirect 2	1623706397435	1623706397556	OK	 
REQUEST		request_0 Redirect 3	1623706397557	1623706397960	OK	 
REQUEST		global-app-config.js	1623706398012	1623706398610	OK	 
REQUEST		{{favIconPath}}	1623706398012	1623706398695	OK	 
REQUEST		request_13	1623706398177	1623706398700	OK	 
REQUEST		request_25	1623706398180	1623706398714	OK	 
REQUEST		{{favIconPath}}	1623706398696	1623706398795	OK	 
REQUEST		summer.js	1623706398010	1623706398828	OK	 
REQUEST		request_11	1623706398013	1623706398896	OK	 
REQUEST		request_1	1623706398830	1623706398927	OK	 
REQUEST		uitk-req-min-945fd9447c.js	1623706398013	1623706398932	OK	 
REQUEST		request_44	1623706398176	1623706398997	OK	 
REQUEST		newrelic.js	1623706398795	1623706399016	OK	 
REQUEST		request_29	1623706398301	1623706399019	OK	 
REQUEST		uitk-req-min-948de8930b.css	1623706398011	1623706399026	OK	 
REQUEST		request_31	1623706398302	1623706399040	OK	 
REQUEST		request_28	1623706398300	1623706399041	OK	 
REQUEST		request_2	1623706398928	1623706399044	OK	 
REQUEST		request_30	1623706398301	1623706399085	OK	 
REQUEST		request_26	1623706398298	1623706399093	OK	 
REQUEST		request_3	1623706398933	1623706399095	OK	 
REQUEST		request_42	1623706398082	1623706399127	OK	 
REQUEST		request_33	1623706399041	1623706399160	OK	 
REQUEST		request_32	1623706399020	1623706399200	OK	 
REQUEST		request_35	1623706399085	1623706399204	OK	 
REQUEST		request_34	1623706399042	1623706399216	OK	 
REQUEST		request_12	1623706399096	1623706399218	OK	 
REQUEST		request_36	1623706399094	1623706399274	OK	 
REQUEST		request_37	1623706399160	1623706399279	OK	 
REQUEST		request_14	1623706399218	1623706399283	OK	 
REQUEST		request_6	1623706399018	1623706399292	OK	 
REQUEST		request_38	1623706399201	1623706399312	OK	 
REQUEST		request_39	1623706399204	1623706399323	OK	 
REQUEST		request_43	1623706399275	1623706399391	OK	 
REQUEST		request_16	1623706399293	1623706399394	OK	 
REQUEST		request_45	1623706399280	1623706399397	OK	 
REQUEST		request_27	1623706398299	1623706399400	OK	 
REQUEST		request_10	1623706399046	1623706399418	OK	 
REQUEST		prelogin-f85aab9ec4.min.js	1623706398612	1623706399451	OK	 
REQUEST		request_15	1623706399284	1623706399471	OK	 
REQUEST		request_18	1623706399419	1623706399481	OK	 
REQUEST		request_17	1623706399394	1623706399489	OK	 
REQUEST		request_7	1623706399038	1623706399509	OK	 
REQUEST		request_41	1623706399217	1623706399522	OK	 
REQUEST		request_19	1623706399452	1623706399550	OK	 
REQUEST		request_23	1623706399490	1623706399555	OK	 
REQUEST		request_21	1623706399471	1623706399569	OK	 
REQUEST		request_22	1623706399481	1623706399607	OK	 
REQUEST		request_46	1623706398181	1623706399637	OK	 
REQUEST		lib-min-7e6d84b497.js	1623706398012	1623706399885	OK	 
USER	LandingPage	END	1623706399893
