RUN	StarTest.Framework.StarSim	starsim	1624980118326	StarTest.Framework.StarSim-SIMULATION_1_15:SIMULATION_2_0:SIMULATION_3_0:Iterations_100	3.5.1
REQUEST	LOGIN	LOGIN	1624980119670	1624980119724	KO	j.n.UnknownHostException: pike-api-star-stg.origin-ctc-core.optum.com: nodename nor servname provided, or not known
GROUP	LOGIN	1624980119653	1624980119734	54	KO
USER	Users_1	START	1624980119651
ERROR	GetStarNote: Failed to build request: No attribute named 'auth_token' is defined 	1624980119744
GROUP	GetStarNote	1624980119739	1624980119744	0	KO
REQUEST	LOGIN	LOGIN	1624980120152	1624980120152	KO	j.n.UnknownHostException: pike-api-star-stg.origin-ctc-core.optum.com
GROUP	LOGIN	1624980120151	1624980120153	1	KO
USER	Users_1	START	1624980120151
ERROR	GetStarNote: Failed to build request: No attribute named 'auth_token' is defined 	1624980120153
GROUP	GetStarNote	1624980120153	1624980120153	0	KO
REQUEST	LOGIN	LOGIN	1624980120648	1624980120648	KO	j.n.UnknownHostException: pike-api-star-stg.origin-ctc-core.optum.com
GROUP	LOGIN	1624980120647	1624980120649	1	KO
USER	Users_1	START	1624980120647
ERROR	GetStarNote: Failed to build request: No attribute named 'auth_token' is defined 	1624980120650
GROUP	GetStarNote	1624980120650	1624980120650	0	KO
ERROR	GetEpisodeOfCare: Failed to build request: No attribute named 'auth_token' is defined 	1624980120988
GROUP	GetEpisodeOfCare	1624980120988	1624980120989	0	KO
REQUEST	LOGIN	LOGIN	1624980121652	1624980121652	KO	j.n.UnknownHostException: pike-api-star-stg.origin-ctc-core.optum.com
GROUP	LOGIN	1624980121651	1624980121653	1	KO
USER	Users_1	START	1624980121651
ERROR	GetStarNote: Failed to build request: No attribute named 'auth_token' is defined 	1624980121654
GROUP	GetStarNote	1624980121654	1624980121654	0	KO
ERROR	GetEpisodeOfCare: Failed to build request: No attribute named 'auth_token' is defined 	1624980121996
GROUP	GetEpisodeOfCare	1624980121996	1624980121997	0	KO
ERROR	GetEpisodeOfCare: Failed to build request: No attribute named 'auth_token' is defined 	1624980122127
GROUP	GetEpisodeOfCare	1624980122127	1624980122128	0	KO
REQUEST	LOGIN	LOGIN	1624980122148	1624980122148	KO	j.n.UnknownHostException: pike-api-star-stg.origin-ctc-core.optum.com
GROUP	LOGIN	1624980122147	1624980122149	1	KO
USER	Users_1	START	1624980122147
ERROR	GetStarNote: Failed to build request: No attribute named 'auth_token' is defined 	1624980122150
GROUP	GetStarNote	1624980122149	1624980122150	0	KO
REQUEST	LOGIN	LOGIN	1624980122644	1624980122644	KO	j.n.UnknownHostException: pike-api-star-stg.origin-ctc-core.optum.com
GROUP	LOGIN	1624980122644	1624980122645	1	KO
USER	Users_1	START	1624980122643
ERROR	GetStarNote: Failed to build request: No attribute named 'auth_token' is defined 	1624980122646
GROUP	GetStarNote	1624980122646	1624980122646	0	KO
ERROR	GetEpisodeOfCare: Failed to build request: No attribute named 'auth_token' is defined 	1624980122833
GROUP	GetEpisodeOfCare	1624980122833	1624980122834	0	KO
ERROR	GetStarUIMemberList: Failed to build request: No attribute named 'auth_token' is defined 	1624980122971
GROUP	GetStarUIMemberList	1624980122970	1624980122971	0	KO
ERROR	GetEpisodeOfCare: Failed to build request: No attribute named 'auth_token' is defined 	1624980123495
GROUP	GetEpisodeOfCare	1624980123495	1624980123496	0	KO
REQUEST	LOGIN	LOGIN	1624980123645	1624980123645	KO	j.n.UnknownHostException: pike-api-star-stg.origin-ctc-core.optum.com
GROUP	LOGIN	1624980123644	1624980123646	1	KO
USER	Users_1	START	1624980123644
ERROR	GetStarNote: Failed to build request: No attribute named 'auth_token' is defined 	1624980123647
GROUP	GetStarNote	1624980123646	1624980123647	0	KO
ERROR	GetStarUIMemberList: Failed to build request: No attribute named 'auth_token' is defined 	1624980123745
GROUP	GetStarUIMemberList	1624980123745	1624980123746	0	KO
ERROR	GetEpisodeOfCare: Failed to build request: No attribute named 'auth_token' is defined 	1624980123805
GROUP	GetEpisodeOfCare	1624980123805	1624980123805	0	KO
ERROR	GetStarUIMemberList: Failed to build request: No attribute named 'auth_token' is defined 	1624980124038
GROUP	GetStarUIMemberList	1624980124038	1624980124039	0	KO
REQUEST	LOGIN	LOGIN	1624980124145	1624980124145	KO	j.n.UnknownHostException: pike-api-star-stg.origin-ctc-core.optum.com
GROUP	LOGIN	1624980124144	1624980124146	1	KO
USER	Users_1	START	1624980124144
ERROR	GetStarNote: Failed to build request: No attribute named 'auth_token' is defined 	1624980124147
GROUP	GetStarNote	1624980124147	1624980124147	0	KO
ERROR	GetStarUIMemberList: Failed to build request: No attribute named 'auth_token' is defined 	1624980124321
GROUP	GetStarUIMemberList	1624980124321	1624980124321	0	KO
ERROR	GetStarUIMemberList: Failed to build request: No attribute named 'auth_token' is defined 	1624980124574
GROUP	GetStarUIMemberList	1624980124574	1624980124574	0	KO
REQUEST	LOGIN	LOGIN	1624980124646	1624980124646	KO	j.n.UnknownHostException: pike-api-star-stg.origin-ctc-core.optum.com
GROUP	LOGIN	1624980124645	1624980124647	1	KO
USER	Users_1	START	1624980124645
ERROR	GetStarNote: Failed to build request: No attribute named 'auth_token' is defined 	1624980124648
GROUP	GetStarNote	1624980124648	1624980124648	0	KO
ERROR	GetStarUIMemberDetail: Failed to build request: No attribute named 'auth_token' is defined 	1624980124839
GROUP	GetStarUIMemberDetail	1624980124838	1624980124839	0	KO
ERROR	GetEpisodeOfCare: Failed to build request: No attribute named 'auth_token' is defined 	1624980125076
GROUP	GetEpisodeOfCare	1624980125076	1624980125077	0	KO
ERROR	GetStarUIMemberDetail: Failed to build request: No attribute named 'auth_token' is defined 	1624980125169
GROUP	GetStarUIMemberDetail	1624980125168	1624980125169	0	KO
ERROR	GetStarUIMemberDetail: Failed to build request: No attribute named 'auth_token' is defined 	1624980125405
GROUP	GetStarUIMemberDetail	1624980125404	1624980125405	0	KO
REQUEST	LOGIN	LOGIN	1624980125644	1624980125644	KO	j.n.UnknownHostException: pike-api-star-stg.origin-ctc-core.optum.com
GROUP	LOGIN	1624980125643	1624980125645	1	KO
USER	Users_1	START	1624980125643
ERROR	GetStarNote: Failed to build request: No attribute named 'auth_token' is defined 	1624980125646
GROUP	GetStarNote	1624980125646	1624980125646	0	KO
ERROR	GetStarUIMemberList: Failed to build request: No attribute named 'auth_token' is defined 	1624980125656
GROUP	GetStarUIMemberList	1624980125656	1624980125657	0	KO
ERROR	GetEpisodeOfCare: Failed to build request: No attribute named 'auth_token' is defined 	1624980125686
GROUP	GetEpisodeOfCare	1624980125686	1624980125687	0	KO
ERROR	ChatTranscript: Failed to build request: No attribute named 'auth_token' is defined 	1624980125866
GROUP	ChatTranscript	1624980125865	1624980125866	0	KO
ERROR	GetStarUIMemberDetail: Failed to build request: No attribute named 'auth_token' is defined 	1624980125900
GROUP	GetStarUIMemberDetail	1624980125900	1624980125900	0	KO
REQUEST	LOGIN	LOGIN	1624980126146	1624980126146	KO	j.n.UnknownHostException: pike-api-star-stg.origin-ctc-core.optum.com
GROUP	LOGIN	1624980126145	1624980126147	1	KO
USER	Users_1	START	1624980126145
ERROR	GetStarNote: Failed to build request: No attribute named 'auth_token' is defined 	1624980126147
GROUP	GetStarNote	1624980126147	1624980126148	0	KO
ERROR	ChatTranscript: Failed to build request: No attribute named 'auth_token' is defined 	1624980126245
GROUP	ChatTranscript	1624980126245	1624980126246	0	KO
ERROR	GetStarUIMemberDetail: Failed to build request: No attribute named 'auth_token' is defined 	1624980126281
GROUP	GetStarUIMemberDetail	1624980126281	1624980126281	0	KO
ERROR	GetEpisodeOfCare: Failed to build request: No attribute named 'auth_token' is defined 	1624980126630
GROUP	GetEpisodeOfCare	1624980126630	1624980126631	0	KO
REQUEST	LOGIN	LOGIN	1624980126648	1624980126648	KO	j.n.UnknownHostException: pike-api-star-stg.origin-ctc-core.optum.com
GROUP	LOGIN	1624980126647	1624980126648	1	KO
USER	Users_1	START	1624980126647
ERROR	GetStarNote: Failed to build request: No attribute named 'auth_token' is defined 	1624980126649
GROUP	GetStarNote	1624980126649	1624980126649	0	KO
ERROR	GetStarUIMemberList: Failed to build request: No attribute named 'auth_token' is defined 	1624980126720
GROUP	GetStarUIMemberList	1624980126720	1624980126721	0	KO
ERROR	GetStarUIMemberDetail: Failed to build request: No attribute named 'auth_token' is defined 	1624980126898
GROUP	GetStarUIMemberDetail	1624980126898	1624980126899	0	KO
ERROR	GetStarNote: Failed to build request: No attribute named 'auth_token' is defined 	1624980126959
GROUP	GetStarNote	1624980126959	1624980126959	0	KO
ERROR	GetStarUIMemberList: Failed to build request: No attribute named 'auth_token' is defined 	1624980126997
GROUP	GetStarUIMemberList	1624980126996	1624980126997	0	KO
ERROR	GetEpisodeOfCare: Failed to build request: No attribute named 'auth_token' is defined 	1624980127229
GROUP	GetEpisodeOfCare	1624980127228	1624980127229	0	KO
ERROR	GetEpisodeOfCare: Failed to build request: No attribute named 'auth_token' is defined 	1624980127292
GROUP	GetEpisodeOfCare	1624980127292	1624980127292	0	KO
ERROR	ChatTranscript: Failed to build request: No attribute named 'auth_token' is defined 	1624980127303
GROUP	ChatTranscript	1624980127302	1624980127303	0	KO
ERROR	GetStarNote: Failed to build request: No attribute named 'auth_token' is defined 	1624980127415
GROUP	GetStarNote	1624980127415	1624980127416	0	KO
REQUEST	LOGIN	LOGIN	1624980127643	1624980127643	KO	j.n.UnknownHostException: pike-api-star-stg.origin-ctc-core.optum.com
GROUP	LOGIN	1624980127642	1624980127644	1	KO
USER	Users_1	START	1624980127642
ERROR	GetStarNote: Failed to build request: No attribute named 'auth_token' is defined 	1624980127644
GROUP	GetStarNote	1624980127644	1624980127645	0	KO
ERROR	GetStarUIMemberList: Failed to build request: No attribute named 'auth_token' is defined 	1624980127746
GROUP	GetStarUIMemberList	1624980127746	1624980127746	0	KO
ERROR	GetStarUIMemberDetail: Failed to build request: No attribute named 'auth_token' is defined 	1624980127827
GROUP	GetStarUIMemberDetail	1624980127826	1624980127827	0	KO
ERROR	ChatTranscript: Failed to build request: No attribute named 'auth_token' is defined 	1624980127896
GROUP	ChatTranscript	1624980127895	1624980127896	0	KO
ERROR	ChatTranscript: Failed to build request: No attribute named 'auth_token' is defined 	1624980128030
GROUP	ChatTranscript	1624980128030	1624980128031	0	KO
REQUEST	LOGIN	LOGIN	1624980128146	1624980128146	KO	j.n.UnknownHostException: pike-api-star-stg.origin-ctc-core.optum.com
GROUP	LOGIN	1624980128146	1624980128147	1	KO
USER	Users_1	START	1624980128145
ERROR	GetStarNote: Failed to build request: No attribute named 'auth_token' is defined 	1624980128148
GROUP	GetStarNote	1624980128148	1624980128148	0	KO
ERROR	GetStarUIMemberDetail: Failed to build request: No attribute named 'auth_token' is defined 	1624980128156
GROUP	GetStarUIMemberDetail	1624980128156	1624980128156	0	KO
ERROR	ChatTranscript: Failed to build request: No attribute named 'auth_token' is defined 	1624980128254
GROUP	ChatTranscript	1624980128254	1624980128254	0	KO
ERROR	GetEpisodeOfCare: Failed to build request: No attribute named 'auth_token' is defined 	1624980128459
GROUP	GetEpisodeOfCare	1624980128459	1624980128459	0	KO
ERROR	GetEpisodeOfCare: Failed to build request: No attribute named 'auth_token' is defined 	1624980128503
GROUP	GetEpisodeOfCare	1624980128502	1624980128503	0	KO
ERROR	GetStarNote: Failed to build request: No attribute named 'auth_token' is defined 	1624980128594
GROUP	GetStarNote	1624980128594	1624980128595	0	KO
ERROR	GetStarUIMemberList: Failed to build request: No attribute named 'auth_token' is defined 	1624980128622
GROUP	GetStarUIMemberList	1624980128621	1624980128622	0	KO
REQUEST	LOGIN	LOGIN	1624980128648	1624980128648	KO	j.n.UnknownHostException: pike-api-star-stg.origin-ctc-core.optum.com
GROUP	LOGIN	1624980128647	1624980128648	1	KO
USER	Users_1	START	1624980128647
ERROR	GetStarNote: Failed to build request: No attribute named 'auth_token' is defined 	1624980128649
GROUP	GetStarNote	1624980128649	1624980128649	0	KO
ERROR	GetEpisodeOfCare: Failed to build request: No attribute named 'auth_token' is defined 	1624980128762
GROUP	GetEpisodeOfCare	1624980128762	1624980128763	0	KO
ERROR	GetStarUIMemberDetail: Failed to build request: No attribute named 'auth_token' is defined 	1624980128823
GROUP	GetStarUIMemberDetail	1624980128822	1624980128823	0	KO
ERROR	GetEpisodeOfCare: Failed to build request: No attribute named 'auth_token' is defined 	1624980128859
GROUP	GetEpisodeOfCare	1624980128859	1624980128860	0	KO
ERROR	GetStarUIMemberList: Failed to build request: No attribute named 'auth_token' is defined 	1624980128926
GROUP	GetStarUIMemberList	1624980128926	1624980128926	0	KO
ERROR	ChatTranscript: Failed to build request: No attribute named 'auth_token' is defined 	1624980129299
GROUP	ChatTranscript	1624980129299	1624980129299	0	KO
ERROR	GetEpisodeOfCare: Failed to build request: No attribute named 'auth_token' is defined 	1624980129320
GROUP	GetEpisodeOfCare	1624980129320	1624980129321	0	KO
ERROR	GetStarNote: Failed to build request: No attribute named 'auth_token' is defined 	1624980129460
GROUP	GetStarNote	1624980129460	1624980129460	0	KO
ERROR	ChatTranscript: Failed to build request: No attribute named 'auth_token' is defined 	1624980129543
GROUP	ChatTranscript	1624980129543	1624980129543	0	KO
ERROR	GetStarUIMemberList: Failed to build request: No attribute named 'auth_token' is defined 	1624980129612
GROUP	GetStarUIMemberList	1624980129612	1624980129612	0	KO
ERROR	GetStarNote: Failed to build request: No attribute named 'auth_token' is defined 	1624980129753
GROUP	GetStarNote	1624980129752	1624980129753	0	KO
ERROR	GetStarUIMemberList: Failed to build request: No attribute named 'auth_token' is defined 	1624980129820
GROUP	GetStarUIMemberList	1624980129820	1624980129820	0	KO
ERROR	ChatTranscript: Failed to build request: No attribute named 'auth_token' is defined 	1624980129990
GROUP	ChatTranscript	1624980129990	1624980129991	0	KO
ERROR	GetEpisodeOfCare: Failed to build request: No attribute named 'auth_token' is defined 	1624980130155
GROUP	GetEpisodeOfCare	1624980130155	1624980130155	0	KO
ERROR	GetStarNote: Failed to build request: No attribute named 'auth_token' is defined 	1624980130258
GROUP	GetStarNote	1624980130257	1624980130258	0	KO
ERROR	GetEpisodeOfCare: Failed to build request: No attribute named 'auth_token' is defined 	1624980130400
GROUP	GetEpisodeOfCare	1624980130400	1624980130401	0	KO
ERROR	GetStarUIMemberList: Failed to build request: No attribute named 'auth_token' is defined 	1624980130404
GROUP	GetStarUIMemberList	1624980130404	1624980130404	0	KO
ERROR	GetStarUIMemberDetail: Failed to build request: No attribute named 'auth_token' is defined 	1624980130411
GROUP	GetStarUIMemberDetail	1624980130411	1624980130412	0	KO
ERROR	GetStarUIMemberList: Failed to build request: No attribute named 'auth_token' is defined 	1624980130450
GROUP	GetStarUIMemberList	1624980130449	1624980130450	0	KO
ERROR	GetStarUIMemberDetail: Failed to build request: No attribute named 'auth_token' is defined 	1624980130470
GROUP	GetStarUIMemberDetail	1624980130469	1624980130470	0	KO
ERROR	GetStarNote: Failed to build request: No attribute named 'auth_token' is defined 	1624980130823
GROUP	GetStarNote	1624980130823	1624980130823	0	KO
ERROR	GetEpisodeOfCare: Failed to build request: No attribute named 'auth_token' is defined 	1624980130833
GROUP	GetEpisodeOfCare	1624980130833	1624980130833	0	KO
ERROR	GetStarUIMemberDetail: Failed to build request: No attribute named 'auth_token' is defined 	1624980130924
GROUP	GetStarUIMemberDetail	1624980130924	1624980130924	0	KO
ERROR	GetStarUIMemberList: Failed to build request: No attribute named 'auth_token' is defined 	1624980131019
GROUP	GetStarUIMemberList	1624980131019	1624980131019	0	KO
ERROR	GetStarNote: Failed to build request: No attribute named 'auth_token' is defined 	1624980131041
GROUP	GetStarNote	1624980131040	1624980131041	0	KO
ERROR	GetStarUIMemberDetail: Failed to build request: No attribute named 'auth_token' is defined 	1624980131060
GROUP	GetStarUIMemberDetail	1624980131060	1624980131060	0	KO
ERROR	GetEpisodeOfCare: Failed to build request: No attribute named 'auth_token' is defined 	1624980131113
GROUP	GetEpisodeOfCare	1624980131113	1624980131113	0	KO
ERROR	GetStarNote: Failed to build request: No attribute named 'auth_token' is defined 	1624980131164
GROUP	GetStarNote	1624980131164	1624980131164	0	KO
ERROR	GetStarUIMemberList: Failed to build request: No attribute named 'auth_token' is defined 	1624980131422
GROUP	GetStarUIMemberList	1624980131422	1624980131422	0	KO
ERROR	GetStarUIMemberList: Failed to build request: No attribute named 'auth_token' is defined 	1624980131439
GROUP	GetStarUIMemberList	1624980131439	1624980131439	0	KO
ERROR	GetStarUIMemberDetail: Failed to build request: No attribute named 'auth_token' is defined 	1624980131528
GROUP	GetStarUIMemberDetail	1624980131528	1624980131528	0	KO
ERROR	ChatTranscript: Failed to build request: No attribute named 'auth_token' is defined 	1624980131880
GROUP	ChatTranscript	1624980131879	1624980131880	0	KO
ERROR	ChatTranscript: Failed to build request: No attribute named 'auth_token' is defined 	1624980132065
GROUP	ChatTranscript	1624980132065	1624980132066	0	KO
ERROR	ChatTranscript: Failed to build request: No attribute named 'auth_token' is defined 	1624980132080
GROUP	ChatTranscript	1624980132079	1624980132080	0	KO
ERROR	GetStarUIMemberList: Failed to build request: No attribute named 'auth_token' is defined 	1624980132106
GROUP	GetStarUIMemberList	1624980132105	1624980132106	0	KO
ERROR	GetEpisodeOfCare: Failed to build request: No attribute named 'auth_token' is defined 	1624980132169
GROUP	GetEpisodeOfCare	1624980132169	1624980132170	0	KO
ERROR	GetEpisodeOfCare: Failed to build request: No attribute named 'auth_token' is defined 	1624980132204
GROUP	GetEpisodeOfCare	1624980132204	1624980132204	0	KO
ERROR	ChatTranscript: Failed to build request: No attribute named 'auth_token' is defined 	1624980132212
GROUP	ChatTranscript	1624980132211	1624980132212	0	KO
ERROR	GetEpisodeOfCare: Failed to build request: No attribute named 'auth_token' is defined 	1624980132266
GROUP	GetEpisodeOfCare	1624980132266	1624980132266	0	KO
ERROR	GetStarUIMemberDetail: Failed to build request: No attribute named 'auth_token' is defined 	1624980132335
GROUP	GetStarUIMemberDetail	1624980132335	1624980132335	0	KO
ERROR	GetStarUIMemberList: Failed to build request: No attribute named 'auth_token' is defined 	1624980132433
GROUP	GetStarUIMemberList	1624980132433	1624980132433	0	KO
ERROR	GetEpisodeOfCare: Failed to build request: No attribute named 'auth_token' is defined 	1624980132455
GROUP	GetEpisodeOfCare	1624980132455	1624980132456	0	KO
ERROR	GetStarUIMemberDetail: Failed to build request: No attribute named 'auth_token' is defined 	1624980132586
GROUP	GetStarUIMemberDetail	1624980132586	1624980132586	0	KO
ERROR	ChatTranscript: Failed to build request: No attribute named 'auth_token' is defined 	1624980132774
GROUP	ChatTranscript	1624980132773	1624980132774	0	KO
ERROR	GetStarUIMemberDetail: Failed to build request: No attribute named 'auth_token' is defined 	1624980132968
GROUP	GetStarUIMemberDetail	1624980132968	1624980132968	0	KO
ERROR	GetStarUIMemberDetail: Failed to build request: No attribute named 'auth_token' is defined 	1624980133249
GROUP	GetStarUIMemberDetail	1624980133249	1624980133250	0	KO
ERROR	GetStarUIMemberList: Failed to build request: No attribute named 'auth_token' is defined 	1624980133269
GROUP	GetStarUIMemberList	1624980133269	1624980133270	0	KO
ERROR	GetStarUIMemberList: Failed to build request: No attribute named 'auth_token' is defined 	1624980133297
GROUP	GetStarUIMemberList	1624980133297	1624980133297	0	KO
ERROR	GetStarNote: Failed to build request: No attribute named 'auth_token' is defined 	1624980133411
GROUP	GetStarNote	1624980133411	1624980133412	0	KO
ERROR	GetStarUIMemberList: Failed to build request: No attribute named 'auth_token' is defined 	1624980133455
GROUP	GetStarUIMemberList	1624980133455	1624980133455	0	KO
ERROR	GetStarUIMemberDetail: Failed to build request: No attribute named 'auth_token' is defined 	1624980133472
GROUP	GetStarUIMemberDetail	1624980133472	1624980133472	0	KO
ERROR	GetStarUIMemberDetail: Failed to build request: No attribute named 'auth_token' is defined 	1624980133506
GROUP	GetStarUIMemberDetail	1624980133506	1624980133506	0	KO
ERROR	GetStarNote: Failed to build request: No attribute named 'auth_token' is defined 	1624980133534
GROUP	GetStarNote	1624980133534	1624980133534	0	KO
ERROR	ChatTranscript: Failed to build request: No attribute named 'auth_token' is defined 	1624980133567
GROUP	ChatTranscript	1624980133566	1624980133567	0	KO
ERROR	GetStarNote: Failed to build request: No attribute named 'auth_token' is defined 	1624980133884
GROUP	GetStarNote	1624980133884	1624980133885	0	KO
ERROR	GetStarUIMemberList: Failed to build request: No attribute named 'auth_token' is defined 	1624980133895
GROUP	GetStarUIMemberList	1624980133895	1624980133895	0	KO
ERROR	GetStarNote: Failed to build request: No attribute named 'auth_token' is defined 	1624980134055
GROUP	GetStarNote	1624980134055	1624980134055	0	KO
ERROR	ChatTranscript: Failed to build request: No attribute named 'auth_token' is defined 	1624980134081
GROUP	ChatTranscript	1624980134080	1624980134081	0	KO
ERROR	ChatTranscript: Failed to build request: No attribute named 'auth_token' is defined 	1624980134308
GROUP	ChatTranscript	1624980134307	1624980134308	0	KO
ERROR	ChatTranscript: Failed to build request: No attribute named 'auth_token' is defined 	1624980134321
GROUP	ChatTranscript	1624980134320	1624980134321	0	KO
ERROR	GetEpisodeOfCare: Failed to build request: No attribute named 'auth_token' is defined 	1624980134704
GROUP	GetEpisodeOfCare	1624980134704	1624980134705	0	KO
ERROR	GetStarNote: Failed to build request: No attribute named 'auth_token' is defined 	1624980134779
GROUP	GetStarNote	1624980134778	1624980134779	0	KO
ERROR	GetStarUIMemberDetail: Failed to build request: No attribute named 'auth_token' is defined 	1624980134898
GROUP	GetStarUIMemberDetail	1624980134898	1624980134899	0	KO
ERROR	GetStarUIMemberDetail: Failed to build request: No attribute named 'auth_token' is defined 	1624980134904
GROUP	GetStarUIMemberDetail	1624980134904	1624980134905	0	KO
ERROR	GetStarUIMemberDetail: Failed to build request: No attribute named 'auth_token' is defined 	1624980134960
GROUP	GetStarUIMemberDetail	1624980134960	1624980134960	0	KO
ERROR	GetStarNote: Failed to build request: No attribute named 'auth_token' is defined 	1624980135031
GROUP	GetStarNote	1624980135031	1624980135031	0	KO
ERROR	GetStarNote: Failed to build request: No attribute named 'auth_token' is defined 	1624980135127
GROUP	GetStarNote	1624980135127	1624980135127	0	KO
ERROR	GetStarUIMemberDetail: Failed to build request: No attribute named 'auth_token' is defined 	1624980135273
GROUP	GetStarUIMemberDetail	1624980135273	1624980135274	0	KO
ERROR	ChatTranscript: Failed to build request: No attribute named 'auth_token' is defined 	1624980135418
GROUP	ChatTranscript	1624980135418	1624980135418	0	KO
ERROR	ChatTranscript: Failed to build request: No attribute named 'auth_token' is defined 	1624980135443
GROUP	ChatTranscript	1624980135443	1624980135443	0	KO
ERROR	GetEpisodeOfCare: Failed to build request: No attribute named 'auth_token' is defined 	1624980135500
GROUP	GetEpisodeOfCare	1624980135500	1624980135500	0	KO
ERROR	GetEpisodeOfCare: Failed to build request: No attribute named 'auth_token' is defined 	1624980135551
GROUP	GetEpisodeOfCare	1624980135551	1624980135551	0	KO
ERROR	GetStarNote: Failed to build request: No attribute named 'auth_token' is defined 	1624980135564
GROUP	GetStarNote	1624980135563	1624980135564	0	KO
ERROR	GetEpisodeOfCare: Failed to build request: No attribute named 'auth_token' is defined 	1624980135682
GROUP	GetEpisodeOfCare	1624980135682	1624980135682	0	KO
ERROR	GetStarNote: Failed to build request: No attribute named 'auth_token' is defined 	1624980135998
GROUP	GetStarNote	1624980135998	1624980135998	0	KO
ERROR	GetEpisodeOfCare: Failed to build request: No attribute named 'auth_token' is defined 	1624980136006
GROUP	GetEpisodeOfCare	1624980136005	1624980136006	0	KO
ERROR	ChatTranscript: Failed to build request: No attribute named 'auth_token' is defined 	1624980136177
GROUP	ChatTranscript	1624980136177	1624980136177	0	KO
ERROR	GetStarUIMemberList: Failed to build request: No attribute named 'auth_token' is defined 	1624980136182
GROUP	GetStarUIMemberList	1624980136182	1624980136183	0	KO
ERROR	ChatTranscript: Failed to build request: No attribute named 'auth_token' is defined 	1624980136364
GROUP	ChatTranscript	1624980136364	1624980136364	0	KO
ERROR	ChatTranscript: Failed to build request: No attribute named 'auth_token' is defined 	1624980136508
GROUP	ChatTranscript	1624980136508	1624980136508	0	KO
ERROR	ChatTranscript: Failed to build request: No attribute named 'auth_token' is defined 	1624980136509
GROUP	ChatTranscript	1624980136508	1624980136509	0	KO
ERROR	GetStarNote: Failed to build request: No attribute named 'auth_token' is defined 	1624980136514
GROUP	GetStarNote	1624980136514	1624980136514	0	KO
ERROR	GetStarNote: Failed to build request: No attribute named 'auth_token' is defined 	1624980136641
GROUP	GetStarNote	1624980136641	1624980136641	0	KO
ERROR	GetStarUIMemberList: Failed to build request: No attribute named 'auth_token' is defined 	1624980136717
GROUP	GetStarUIMemberList	1624980136717	1624980136717	0	KO
ERROR	GetEpisodeOfCare: Failed to build request: No attribute named 'auth_token' is defined 	1624980136721
GROUP	GetEpisodeOfCare	1624980136721	1624980136721	0	KO
ERROR	GetEpisodeOfCare: Failed to build request: No attribute named 'auth_token' is defined 	1624980136890
GROUP	GetEpisodeOfCare	1624980136890	1624980136890	0	KO
ERROR	GetStarUIMemberList: Failed to build request: No attribute named 'auth_token' is defined 	1624980136979
GROUP	GetStarUIMemberList	1624980136979	1624980136979	0	KO
ERROR	GetEpisodeOfCare: Failed to build request: No attribute named 'auth_token' is defined 	1624980136987
GROUP	GetEpisodeOfCare	1624980136987	1624980136987	0	KO
ERROR	GetStarUIMemberList: Failed to build request: No attribute named 'auth_token' is defined 	1624980137115
GROUP	GetStarUIMemberList	1624980137115	1624980137115	0	KO
ERROR	GetStarNote: Failed to build request: No attribute named 'auth_token' is defined 	1624980137192
GROUP	GetStarNote	1624980137192	1624980137192	0	KO
ERROR	GetStarNote: Failed to build request: No attribute named 'auth_token' is defined 	1624980137412
GROUP	GetStarNote	1624980137412	1624980137412	0	KO
ERROR	GetEpisodeOfCare: Failed to build request: No attribute named 'auth_token' is defined 	1624980137439
GROUP	GetEpisodeOfCare	1624980137439	1624980137439	0	KO
ERROR	GetStarUIMemberList: Failed to build request: No attribute named 'auth_token' is defined 	1624980137503
GROUP	GetStarUIMemberList	1624980137503	1624980137503	0	KO
ERROR	GetEpisodeOfCare: Failed to build request: No attribute named 'auth_token' is defined 	1624980137580
GROUP	GetEpisodeOfCare	1624980137580	1624980137580	0	KO
ERROR	GetStarUIMemberDetail: Failed to build request: No attribute named 'auth_token' is defined 	1624980137807
GROUP	GetStarUIMemberDetail	1624980137807	1624980137807	0	KO
ERROR	GetStarUIMemberList: Failed to build request: No attribute named 'auth_token' is defined 	1624980138013
GROUP	GetStarUIMemberList	1624980138013	1624980138014	0	KO
ERROR	GetEpisodeOfCare: Failed to build request: No attribute named 'auth_token' is defined 	1624980138147
GROUP	GetEpisodeOfCare	1624980138147	1624980138147	0	KO
ERROR	GetEpisodeOfCare: Failed to build request: No attribute named 'auth_token' is defined 	1624980138263
GROUP	GetEpisodeOfCare	1624980138262	1624980138263	0	KO
ERROR	GetStarUIMemberDetail: Failed to build request: No attribute named 'auth_token' is defined 	1624980138417
GROUP	GetStarUIMemberDetail	1624980138417	1624980138418	0	KO
ERROR	GetStarNote: Failed to build request: No attribute named 'auth_token' is defined 	1624980138430
GROUP	GetStarNote	1624980138430	1624980138430	0	KO
ERROR	GetStarUIMemberList: Failed to build request: No attribute named 'auth_token' is defined 	1624980138462
GROUP	GetStarUIMemberList	1624980138462	1624980138463	0	KO
ERROR	GetStarNote: Failed to build request: No attribute named 'auth_token' is defined 	1624980138471
GROUP	GetStarNote	1624980138470	1624980138471	0	KO
ERROR	GetStarUIMemberList: Failed to build request: No attribute named 'auth_token' is defined 	1624980138511
GROUP	GetStarUIMemberList	1624980138511	1624980138511	0	KO
ERROR	GetEpisodeOfCare: Failed to build request: No attribute named 'auth_token' is defined 	1624980138700
GROUP	GetEpisodeOfCare	1624980138700	1624980138701	0	KO
ERROR	GetStarUIMemberDetail: Failed to build request: No attribute named 'auth_token' is defined 	1624980138715
GROUP	GetStarUIMemberDetail	1624980138715	1624980138715	0	KO
ERROR	GetStarUIMemberList: Failed to build request: No attribute named 'auth_token' is defined 	1624980138734
GROUP	GetStarUIMemberList	1624980138734	1624980138735	0	KO
ERROR	GetStarUIMemberDetail: Failed to build request: No attribute named 'auth_token' is defined 	1624980138981
GROUP	GetStarUIMemberDetail	1624980138980	1624980138981	0	KO
ERROR	GetStarUIMemberDetail: Failed to build request: No attribute named 'auth_token' is defined 	1624980139068
GROUP	GetStarUIMemberDetail	1624980139068	1624980139068	0	KO
ERROR	GetStarUIMemberList: Failed to build request: No attribute named 'auth_token' is defined 	1624980139208
GROUP	GetStarUIMemberList	1624980139208	1624980139208	0	KO
ERROR	GetEpisodeOfCare: Failed to build request: No attribute named 'auth_token' is defined 	1624980139552
GROUP	GetEpisodeOfCare	1624980139552	1624980139553	0	KO
ERROR	GetEpisodeOfCare: Failed to build request: No attribute named 'auth_token' is defined 	1624980139569
GROUP	GetEpisodeOfCare	1624980139569	1624980139569	0	KO
ERROR	GetStarUIMemberDetail: Failed to build request: No attribute named 'auth_token' is defined 	1624980139618
GROUP	GetStarUIMemberDetail	1624980139618	1624980139618	0	KO
ERROR	ChatTranscript: Failed to build request: No attribute named 'auth_token' is defined 	1624980139761
GROUP	ChatTranscript	1624980139761	1624980139761	0	KO
ERROR	GetStarUIMemberDetail: Failed to build request: No attribute named 'auth_token' is defined 	1624980139928
GROUP	GetStarUIMemberDetail	1624980139928	1624980139929	0	KO
ERROR	GetStarUIMemberList: Failed to build request: No attribute named 'auth_token' is defined 	1624980139929
GROUP	GetStarUIMemberList	1624980139929	1624980139929	0	KO
ERROR	GetStarUIMemberList: Failed to build request: No attribute named 'auth_token' is defined 	1624980140081
GROUP	GetStarUIMemberList	1624980140081	1624980140081	0	KO
ERROR	ChatTranscript: Failed to build request: No attribute named 'auth_token' is defined 	1624980140165
GROUP	ChatTranscript	1624980140164	1624980140165	0	KO
ERROR	GetStarUIMemberDetail: Failed to build request: No attribute named 'auth_token' is defined 	1624980140238
GROUP	GetStarUIMemberDetail	1624980140238	1624980140238	0	KO
ERROR	ChatTranscript: Failed to build request: No attribute named 'auth_token' is defined 	1624980140246
GROUP	ChatTranscript	1624980140246	1624980140246	0	KO
ERROR	ChatTranscript: Failed to build request: No attribute named 'auth_token' is defined 	1624980140305
GROUP	ChatTranscript	1624980140305	1624980140305	0	KO
ERROR	GetStarUIMemberDetail: Failed to build request: No attribute named 'auth_token' is defined 	1624980140329
GROUP	GetStarUIMemberDetail	1624980140329	1624980140329	0	KO
ERROR	