RUN	BO.Framework.BOSim	bosim	1623704622032	 	3.5.1
USER	Users_1	START	1623704623530
REQUEST	LOGIN,LOGIN	LOGIN	1623704623553	1623704624267	OK	 
REQUEST	LOGIN,LOGIN	request_11	1623704624280	1623704624498	OK	 
REQUEST	LOGIN,LOGIN	request_12	1623704624504	1623704624598	OK	 
REQUEST	LOGIN,LOGIN	request_13	1623704624599	1623704624999	OK	 
REQUEST	LOGIN,LOGIN	request_14	1623704625000	1623704625066	OK	 
REQUEST	LOGIN,LOGIN	request_14 Redirect 1	1623704625068	1623704625181	OK	 
REQUEST	LOGIN,LOGIN	consumer-7acd47889c.css	1623704625214	1623704625521	OK	 
REQUEST	LOGIN,LOGIN	error-63062f7857.min.js	1623704625213	1623704625531	OK	 
REQUEST	LOGIN,LOGIN	favicon.ico	1623704625214	1623704625531	OK	 
REQUEST	LOGIN,LOGIN	consumer-optum3-b35069f230.css	1623704625214	1623704625532	OK	 
REQUEST	LOGIN,LOGIN	uitk-req-min-948de8930b.css	1623704625213	1623704625578	OK	 
REQUEST	LOGIN,LOGIN	lib-min-7e6d84b497.js	1623704625212	1623704625726	OK	 
REQUEST	LOGIN,LOGIN	request_19	1623704625729	1623704626414	OK	 
REQUEST	LOGIN,LOGIN	publicSector.js	1623704626421	1623704626493	OK	 
REQUEST	LOGIN,LOGIN	providerExpress_logo.gif	1623704626493	1623704626567	OK	 
REQUEST	LOGIN,LOGIN	loading.gif	1623704626567	1623704626637	OK	 
REQUEST	LOGIN,LOGIN	home-bar.css	1623704626423	1623704626706	OK	 
REQUEST	LOGIN,LOGIN	tabs.css	1623704626422	1623704626713	OK	 
REQUEST	LOGIN,LOGIN	space.gif	1623704626638	1623704626715	OK	 
REQUEST	LOGIN,LOGIN	sso.js	1623704626422	1623704626719	OK	 
REQUEST	LOGIN,LOGIN	uolStyle.css	1623704626423	1623704626772	OK	 
REQUEST	LOGIN,LOGIN	jquery-3.3.1.slim.min.js	1623704626423	1623704626836	OK	 
REQUEST	LOGIN,LOGIN	request_20	1623704626837	1623704626912	OK	 
REQUEST	LOGIN,LOGIN	request_22	1623704626913	1623704626988	OK	 
REQUEST	LOGIN,LOGIN	request_23	1623704626989	1623704627061	OK	 
REQUEST	LOGIN,LOGIN	request_23 Redirect 1	1623704627062	1623704627331	OK	 
REQUEST	LOGIN,LOGIN	request_23 Redirect 2	1623704627332	1623704627455	OK	 
REQUEST	LOGIN,LOGIN	request_23 Redirect 3	1623704627455	1623704627643	OK	 
REQUEST	LOGIN,LOGIN	global-app-config.js	1623704627649	1623704627749	OK	 
REQUEST	LOGIN,LOGIN	newrelic.js	1623704627650	1623704627751	OK	 
REQUEST	LOGIN,LOGIN	uitk-req-min-945fd9447c.js	1623704627649	1623704627809	OK	 
REQUEST	LOGIN,LOGIN	{{favIconPath}}	1623704627649	1623704627838	OK	 
REQUEST	LOGIN,LOGIN	prelogin-f85aab9ec4.min.js	1623704627650	1623704627941	OK	 
REQUEST	LOGIN,LOGIN	summer.js	1623704627648	1623704628146	OK	 
REQUEST	LOGIN,LOGIN	request_25	1623704628147	1623704628223	OK	 
REQUEST	LOGIN,LOGIN	request_26	1623704628225	1623704628298	OK	 
REQUEST	LOGIN,LOGIN	request_27	1623704628299	1623704628374	OK	 
REQUEST	LOGIN,LOGIN	request_28	1623704628375	1623704628513	OK	 
REQUEST	LOGIN,LOGIN	request_29	1623704628514	1623704628594	OK	 
REQUEST	LOGIN,LOGIN	request_45	1623704628595	1623704628917	OK	 
REQUEST	LOGIN,LOGIN	request_46	1623704628918	1623704629430	OK	 
REQUEST	LOGIN,LOGIN	request_51	1623704629431	1623704629924	OK	 
REQUEST	LOGIN,LOGIN	request_52	1623704629927	1623704630406	OK	 
REQUEST	LOGIN,LOGIN	request_53	1623704630407	1623704630630	OK	 
REQUEST	LOGIN,LOGIN	request_54	1623704630631	1623704630755	OK	 
REQUEST	LOGIN,LOGIN	request_55	1623704630755	1623704630869	OK	 
REQUEST	LOGIN,LOGIN	request_56	1623704630870	1623704630977	OK	 
REQUEST	LOGIN,LOGIN	request_57	1623704630978	1623704631266	OK	 
REQUEST	LOGIN,LOGIN	request_58	1623704631267	1623704631512	OK	 
REQUEST	LOGIN,LOGIN	request_60	1623704631513	1623704631615	OK	 
REQUEST	LOGIN,LOGIN	request_61	1623704631615	1623704631971	OK	 
GROUP	LOGIN,LOGIN	1623704623535	1623704631972	8331	OK
REQUEST	LOGIN,LOGGED_IN	LOGGEDIn	1623704633155	1623704633332	OK	 
REQUEST	LOGIN,LOGGED_IN	request_63	1623704633334	1623704633636	OK	 
REQUEST	LOGIN,LOGGED_IN	request_65	1623704633637	1623704633972	OK	 
REQUEST	LOGIN,LOGGED_IN	request_65 Redirect 1	1623704633973	1623704634126	OK	 
REQUEST	LOGIN,LOGGED_IN	request_65 Redirect 2	1623704634127	1623704634262	OK	 
REQUEST	LOGIN,LOGGED_IN	request_65 Redirect 3	1623704634263	1623704634428	OK	 
REQUEST	LOGIN,LOGGED_IN	{{favIconPath}}	1623704634430	1623704634636	OK	 
REQUEST	LOGIN,LOGGED_IN	summer.js	1623704634430	1623704634890	OK	 
REQUEST	LOGIN,LOGGED_IN	request_68	1623704634891	1623704634961	OK	 
REQUEST	LOGIN,LOGGED_IN	request_70	1623704634963	1623704635092	OK	 
REQUEST	LOGIN,LOGGED_IN	request_71	1623704635093	1623704635198	OK	 
REQUEST	LOGIN,LOGGED_IN	request_74	1623704635199	1623704635334	OK	 
REQUEST	LOGIN,LOGGED_IN	request_76	1623704635335	1623704635497	OK	 
REQUEST	LOGIN,LOGGED_IN	request_77	1623704635498	1623704635567	OK	 
REQUEST	LOGIN,LOGGED_IN	request_79	1623704635568	1623704635825	OK	 
REQUEST	LOGIN,LOGGED_IN	request_89	1623704635826	1623704636482	OK	 
REQUEST	LOGIN,LOGGED_IN	request_90	1623704636483	1623704637584	OK	 
REQUEST	LOGIN,LOGGED_IN	request_92	1623704637585	1623704637753	OK	 
REQUEST	LOGIN,LOGGED_IN	request_93	1623704637754	1623704637949	OK	 
REQUEST	LOGIN,LOGGED_IN	request_98	1623704637950	1623704638126	OK	 
REQUEST	LOGIN,LOGGED_IN	request_99	1623704638127	1623704638322	OK	 
GROUP	LOGIN,LOGGED_IN	1623704633154	1623704638323	5147	OK
REQUEST	LOGIN,SEARCH	request_3	1623704639355	1623704639421	OK	 
REQUEST	LOGIN,SEARCH	request_4	1623704639422	1623704639496	OK	 
REQUEST	LOGIN,SEARCH	request_4 Redirect 1	1623704639497	1623704639638	OK	 
REQUEST	LOGIN,SEARCH	request_4 Redirect 2	1623704639638	1623704639761	OK	 
REQUEST	LOGIN,SEARCH	request_4 Redirect 3	1623704639762	1623704639900	OK	 
REQUEST	LOGIN,SEARCH	{{favIconPath}}	1623704639902	1623704640105	OK	 
REQUEST	LOGIN,SEARCH	summer.js	1623704639902	1623704640557	OK	 
REQUEST	LOGIN,SEARCH	request_6	1623704640558	1623704640630	OK	 
REQUEST	LOGIN,SEARCH	request_7	1623704640631	1623704640698	OK	 
REQUEST	LOGIN,SEARCH	request_8	1623704640699	1623704640791	OK	 
REQUEST	LOGIN,SEARCH	request_11	1623704640792	1623704640859	OK	 
REQUEST	LOGIN,SEARCH	request_12	1623704640860	1623704641011	OK	 
REQUEST	LOGIN,SEARCH	request_15	1623704641011	1623704641080	OK	 
REQUEST	LOGIN,SEARCH	request_18	1623704641082	1623704641149	OK	 
REQUEST	LOGIN,SEARCH	request_26	1623704641150	1623704641591	OK	 
REQUEST	LOGIN,SEARCH	request_27	1623704641592	1623704641662	OK	 
REQUEST	LOGIN,SEARCH	request_29	1623704641663	1623704641847	OK	 
REQUEST	LOGIN,SEARCH	request_30	1623704641848	1623704642208	OK	 
REQUEST	LOGIN,SEARCH	request_35	1623704642210	1623704642388	OK	 
REQUEST	LOGIN,SEARCH	request_36	1623704642388	1623704642609	OK	 
GROUP	LOGIN,SEARCH	1623704639354	1623704642609	3238	OK
GROUP	LOGIN	1623704623533	1623704644036	16716	OK
USER	Users_1	END	1623704644041
