RUN	BO.Framework.BOSim	bosim	1623260241793	BO.Framework.BOSim-SIMULATION_1_1:SIMULATION_2_0:SIMULATION_3_1:Iterations_3	3.5.1
USER	Users_3	START	1623260244412
USER	Users_1	START	1623260244412
REQUEST	NPI,NPI	NPI_1245318229	1623260244432	1623260249898	OK	 
GROUP	NPI,NPI	1623260244417	1623260249924	5466	OK
GROUP	NPI	1623260244415	1623260251614	5466	OK
REQUEST	NPI,NPI	NPI_1821049651	1623260251617	1623260251880	OK	 
GROUP	NPI,NPI	1623260251615	1623260251881	263	OK
GROUP	NPI	1623260251614	1623260252885	263	OK
REQUEST	NPI,NPI	NPI_1114976883	1623260252886	1623260253886	OK	 
GROUP	NPI,NPI	1623260252885	1623260253887	1000	OK
GROUP	NPI	1623260252885	1623260255690	1000	OK
USER	Users_1	END	1623260255692
REQUEST	LName,LN	LName_Smith_WI	1623260244432	1623260255869	OK	 
GROUP	LName,LN	1623260244417	1623260255874	11437	OK
GROUP	LName	1623260244415	1623260257162	11437	OK
REQUEST	LName,LN	LName_Smith_WI	1623260257163	1623260263348	OK	 
GROUP	LName,LN	1623260257163	1623260263350	6185	OK
GROUP	LName	1623260257162	1623260264620	6185	OK
REQUEST	LName,LN	LName_Smith_WI	1623260264621	1623260269840	OK	 
GROUP	LName,LN	1623260264620	1623260269842	5219	OK
GROUP	LName	1623260264620	1623260271685	5219	OK
USER	Users_3	END	1623260271686
