RUN	JJ.Framework.JJSim	jjsim	1626803504609	JJ.Framework.JJSim-SIMULATION_1_5:SIMULATION_2_0:SIMULATION_3_0:Iterations_10	3.5.1
USER	Users_1	START	1626803506171
USER	Users_1	START	1626803508169
USER	Users_1	START	1626803510163
REQUEST	JJ,NPI	NPI_1245318229	1626803506191	1626803511773	OK	 
GROUP	JJ,NPI	1626803506175	1626803511788	5582	OK
REQUEST	JJ,NPI	NPI_1114976883	1626803510165	1626803511849	OK	 
GROUP	JJ,NPI	1626803510164	1626803511850	1684	OK
REQUEST	JJ,NPI	NPI_1821049651	1626803508171	1626803511930	OK	 
GROUP	JJ,NPI	1626803508170	1626803511931	3759	OK
USER	Users_1	START	1626803512161
REQUEST	JJ,NPI	NPI_1740270032	1626803512163	1626803512607	OK	 
GROUP	JJ,NPI	1626803512162	1626803512608	444	OK
USER	Users_1	START	1626803514161
REQUEST	JJ,NPI	NPI_1245419696	1626803514162	1626803514588	OK	 
GROUP	JJ,NPI	1626803514162	1626803514589	426	OK
REQUEST	JJ,TIN	TIN_391139101	1626803513972	1626803517278	OK	 
GROUP	JJ,TIN	1626803513968	1626803517282	3306	OK
REQUEST	JJ,TIN	TIN_391139101	1626803514156	1626803517363	OK	 
GROUP	JJ,TIN	1626803514156	1626803517364	3207	OK
REQUEST	JJ,TIN	TIN_391139101	1626803514478	1626803517381	OK	 
GROUP	JJ,TIN	1626803514477	1626803517382	2903	OK
REQUEST	JJ,TIN	TIN_391139101	1626803515422	1626803518457	OK	 
GROUP	JJ,TIN	1626803515422	1626803518458	3035	OK
REQUEST	JJ,TIN	TIN_391139101	1626803516944	1626803520197	OK	 
GROUP	JJ,TIN	1626803516944	1626803520199	3253	OK
REQUEST	JJ,LN	LName_Rogers	1626803520190	1626803520992	OK	 
GROUP	JJ,LN	1626803520190	1626803520993	802	OK
REQUEST	JJ,LN	LName_Jones	1626803519865	1626803522577	OK	 
GROUP	JJ,LN	1626803519865	1626803522578	2712	OK
GROUP	JJ	1626803510163	1626803523124	5792	OK
REQUEST	JJ,NPI	NPI_1942331400	1626803523126	1626803523617	OK	 
GROUP	JJ,NPI	1626803523126	1626803523618	491	OK
GROUP	JJ	1626803508170	1626803525164	9678	OK
REQUEST	JJ,LN	LName_Smith	1626803520322	1626803525596	OK	 
GROUP	JJ,LN	1626803520321	1626803525597	5274	OK
REQUEST	JJ,NPI	NPI_1144239955	1626803525165	1626803525650	OK	 
GROUP	JJ,NPI	1626803525165	1626803525651	485	OK
REQUEST	JJ,LN	LName_Smith	1626803521206	1626803525964	OK	 
GROUP	JJ,LN	1626803521205	1626803525965	4758	OK
REQUEST	JJ,LN	LName_Smith	1626803522370	1626803527172	OK	 
GROUP	JJ,LN	1626803522369	1626803527174	4802	OK
GROUP	JJ	1626803506174	1626803527662	13759	OK
REQUEST	JJ,NPI	NPI_1538137419	1626803527663	1626803528280	OK	 
GROUP	JJ,NPI	1626803527662	1626803528281	617	OK
GROUP	JJ	1626803512161	1626803528455	8237	OK
REQUEST	JJ,TIN	TIN_391139101	1626803526270	1626803529008	OK	 
GROUP	JJ,TIN	1626803526269	1626803529010	2738	OK
REQUEST	JJ,NPI	NPI_1306830377	1626803528456	1626803529039	OK	 
GROUP	JJ,NPI	1626803528455	1626803529040	583	OK
GROUP	JJ	1626803514161	1626803529223	8481	OK
REQUEST	JJ,NPI	NPI_1962487256	1626803529224	1626803529644	OK	 
GROUP	JJ,NPI	1626803529223	1626803529645	420	OK
REQUEST	JJ,TIN	TIN_391139101	1626803527990	1626803531162	OK	 
GROUP	JJ,TIN	1626803527989	1626803531163	3172	OK
REQUEST	JJ,TIN	TIN_391139101	1626803530977	1626803533891	OK	 
GROUP	JJ,TIN	1626803530976	1626803533892	2914	OK
REQUEST	JJ,LN	LName_Rogers	1626803533442	1626803534363	OK	 
GROUP	JJ,LN	1626803533441	1626803534364	921	OK
REQUEST	JJ,LN	LName_Jones	1626803531902	1626803534383	OK	 
GROUP	JJ,LN	1626803531901	1626803534384	2481	OK
REQUEST	JJ,TIN	TIN_391139101	1626803531808	1626803534686	OK	 
GROUP	JJ,TIN	1626803531807	1626803534687	2878	OK
REQUEST	JJ,TIN	TIN_391139101	1626803531966	1626803534768	OK	 
GROUP	JJ,TIN	1626803531966	1626803534769	2802	OK
GROUP	JJ	1626803525164	1626803536385	4578	OK
REQUEST	JJ,NPI	NPI_1902890692	1626803536386	1626803536556	OK	 
GROUP	JJ,NPI	1626803536386	1626803536556	170	OK
GROUP	JJ	1626803523125	1626803537307	5710	OK
REQUEST	JJ,NPI	NPI_1932411584	1626803537309	1626803537506	OK	 
GROUP	JJ,NPI	1626803537308	1626803537507	197	OK
REQUEST	JJ,LN	LName_Rogers	1626803537609	1626803538659	OK	 
GROUP	JJ,LN	1626803537608	1626803538659	1050	OK
REQUEST	JJ,LN	LName_Jones	1626803536764	1626803538933	OK	 
GROUP	JJ,LN	1626803536764	1626803538933	2169	OK
REQUEST	JJ,LN	LName_Smith	1626803535975	1626803540760	OK	 
GROUP	JJ,LN	1626803535974	1626803540761	4785	OK
GROUP	JJ	1626803529223	1626803540850	4272	OK
GROUP	JJ	1626803528455	1626803541009	5630	OK
REQUEST	JJ,NPI	NPI_1275929051	1626803540851	1626803541020	OK	 
GROUP	JJ,NPI	1626803540850	1626803541021	169	OK
REQUEST	JJ,NPI	NPI_1114201886	1626803541011	1626803541200	OK	 
GROUP	JJ,NPI	1626803541010	1626803541200	189	OK
REQUEST	JJ,TIN	TIN_391139101	1626803539089	1626803542122	OK	 
GROUP	JJ,TIN	1626803539088	1626803542123	3033	OK
GROUP	JJ	1626803527662	1626803542782	8316	OK
REQUEST	JJ,NPI	NPI_1760428825	1626803542782	1626803542970	OK	 
GROUP	JJ,NPI	1626803542782	1626803542971	188	OK
REQUEST	JJ,TIN	TIN_391139101	1626803540412	1626803543401	OK	 
GROUP	JJ,TIN	1626803540411	1626803543402	2989	OK
REQUEST	JJ,TIN	TIN_391139101	1626803543633	1626803546586	OK	 
GROUP	JJ,TIN	1626803543633	1626803546587	2953	OK
REQUEST	JJ,TIN	TIN_391139101	1626803544093	1626803547061	OK	 
GROUP	JJ,TIN	1626803544092	1626803547062	2968	OK
REQUEST	JJ,LN	LName_Smith	1626803544232	1626803548661	OK	 
GROUP	JJ,LN	1626803544232	1626803548662	4429	OK
REQUEST	JJ,LN	LName_Rogers	1626803549233	1626803550072	OK	 
GROUP	JJ,LN	1626803549232	1626803550072	839	OK
GROUP	JJ	1626803536385	1626803551004	7632	OK
REQUEST	JJ,NPI	NPI_1437168358	1626803551005	1626803551260	OK	 
GROUP	JJ,NPI	1626803551004	1626803551261	255	OK
REQUEST	JJ,LN	LName_Jones	1626803549124	1626803551352	OK	 
GROUP	JJ,LN	1626803549123	1626803551353	2228	OK
GROUP	JJ	1626803541010	1626803552141	3996	OK
REQUEST	JJ,NPI	NPI_1578651436	1626803552142	1626803552322	OK	 
GROUP	JJ,NPI	1626803552142	1626803552323	180	OK
REQUEST	JJ,TIN	TIN_391139101	1626803545749	1626803553588	OK	 
GROUP	JJ,TIN	1626803545748	1626803553589	7839	OK
GROUP	JJ	1626803540850	1626803554039	5350	OK
REQUEST	JJ,NPI	NPI_1346212545	1626803554040	1626803554199	OK	 
GROUP	JJ,NPI	1626803554040	1626803554200	159	OK
REQUEST	JJ,LN	LName_Smith	1626803546056	1626803555041	OK	 
GROUP	JJ,LN	1626803546055	1626803555043	8985	OK
REQUEST	JJ,TIN	TIN_391139101	1626803553711	1626803556705	OK	 
GROUP	JJ,TIN	1626803553710	1626803556707	2994	OK
GROUP	JJ	1626803537307	1626803557418	12171	OK
REQUEST	JJ,NPI	NPI_1528017290	1626803557419	1626803557579	OK	 
GROUP	JJ,NPI	1626803557418	1626803557580	160	OK
REQUEST	JJ,TIN	TIN_391139101	1626803554666	1626803557705	OK	 
GROUP	JJ,TIN	1626803554665	1626803557706	3039	OK
REQUEST	JJ,TIN	TIN_391139101	1626803556517	1626803559728	OK	 
GROUP	JJ,TIN	1626803556516	1626803559729	3211	OK
REQUEST	JJ,LN	LName_Smith	1626803556135	1626803560215	OK	 
GROUP	JJ,LN	1626803556135	1626803560216	4080	OK
REQUEST	JJ,LN	LName_Rogers	1626803559815	1626803560795	OK	 
GROUP	JJ,LN	1626803559814	1626803560795	980	OK
REQUEST	JJ,LN	LName_Jones	1626803558965	1626803561283	OK	 
GROUP	JJ,LN	1626803558965	1626803561284	2318	OK
GROUP	JJ	1626803542782	1626803562747	12107	OK
REQUEST	JJ,TIN	TIN_391139101	1626803559845	1626803563087	OK	 
GROUP	JJ,TIN	1626803559845	1626803563088	3242	OK
GROUP	JJ	1626803552141	1626803563172	4199	OK
REQUEST	JJ,NPI	NPI_1043245459	1626803563174	1626803563421	OK	 
REQUEST	JJ,NPI	NPI_1184659591	1626803562748	1626803563421	OK	 
GROUP	JJ,NPI	1626803562748	1626803563422	673	OK
GROUP	JJ,NPI	1626803563173	1626803563422	247	OK
GROUP	JJ	1626803551004	1626803563652	5567	OK
REQUEST	JJ,NPI	NPI_1902296692	1626803563653	1626803564119	OK	 
GROUP	JJ,NPI	1626803563653	1626803564120	466	OK
REQUEST	JJ,LN	LName_Smith	1626803562409	1626803567210	OK	 
GROUP	JJ,LN	1626803562408	1626803567211	4801	OK
REQUEST	JJ,TIN	TIN_396005720	1626803566137	1626803567507	OK	 
GROUP	JJ,TIN	1626803566136	1626803567508	1370	OK
REQUEST	JJ,TIN	TIN_391139101	1626803566332	1626803569151	OK	 
GROUP	JJ,TIN	1626803566332	1626803569152	2819	OK
REQUEST	JJ,TIN	TIN_391139101	1626803566316	1626803569157	OK	 
GROUP	JJ,TIN	1626803566315	1626803569158	2841	OK
REQUEST	JJ,LN	LName_Smith	1626803565328	1626803569759	OK	 
GROUP	JJ,LN	1626803565327	1626803569760	4431	OK
GROUP	JJ	1626803554040	1626803570086	8171	OK
REQUEST	JJ,NPI	NPI_1053475699	1626803570087	1626803570275	OK	 
GROUP	JJ,NPI	1626803570086	1626803570275	188	OK
GROUP	JJ	1626803557418	1626803572297	7833	OK
REQUEST	