RUN	FOO	foo	1623278765580	 	3.5.1
USER	FOO	START	1623278767011
REQUEST		request_0	1623278767024	1623278767796	OK	 
REQUEST		request_1	1623278767811	1623278767982	OK	 
REQUEST		request_2	1623278767812	1623278768511	OK	 
REQUEST		request_3	1623278771518	1623278772286	OK	 
REQUEST		request_4	1623278772288	1623278772406	OK	 
REQUEST		request_5	1623278772289	1623278772923	OK	 
REQUEST		request_6	1623278773925	1623278774104	OK	 
REQUEST		request_7	1623278775108	1623278775223	OK	 
REQUEST		request_8	1623278778230	1623278778881	OK	 
REQUEST		request_9	1623278778882	1623278778999	OK	 
REQUEST		LOGIN	1623278781009	1623278781681	OK	 
REQUEST		request_11	1623278781703	1623278781982	OK	 
REQUEST		request_14	1623278781705	1623278782234	OK	 
REQUEST		request_61	1623278781707	1623278782238	OK	 
REQUEST		request_22	1623278781896	1623278782241	OK	 
REQUEST		request_20	1623278781895	1623278782243	OK	 
REQUEST		request_24	1623278781897	1623278782250	OK	 
REQUEST		request_21	1623278781896	1623278782269	OK	 
REQUEST		request_23	1623278781897	1623278782273	OK	 
REQUEST		request_54	1623278781960	1623278782276	OK	 
REQUEST		request_12	1623278781704	1623278782279	OK	 
REQUEST		request_15	1623278781705	1623278782282	OK	 
REQUEST		request_57	1623278781962	1623278782287	OK	 
REQUEST		request_52	1623278781958	1623278782296	OK	 
REQUEST		request_25	1623278782242	1623278782310	OK	 
REQUEST		request_26	1623278782247	1623278782320	OK	 
REQUEST		request_27	1623278782268	1623278782333	OK	 
REQUEST		request_56	1623278781961	1623278782336	OK	 
REQUEST		request_14	1623278782236	1623278782338	OK	 
REQUEST		request_28	1623278782272	1623278782342	OK	 
REQUEST		request_29	1623278782274	1623278782352	OK	 
REQUEST		request_16	1623278781706	1623278782355	OK	 
REQUEST		request_30	1623278782312	1623278782377	OK	 
REQUEST		request_59	1623278782288	1623278782380	OK	 
REQUEST		request_31	1623278782321	1623278782386	OK	 
REQUEST		request_32	1623278782334	1623278782403	OK	 
REQUEST		request_60	1623278782298	1623278782405	OK	 
REQUEST		request_34	1623278782343	1623278782411	OK	 
REQUEST		request_51	1623278781900	1623278782415	OK	 
REQUEST		request_35	1623278782353	1623278782424	OK	 
REQUEST		request_55	1623278781961	1623278782427	OK	 
REQUEST		request_16	1623278782378	1623278782453	OK	 
REQUEST		request_36	1623278782387	1623278782455	OK	 
REQUEST		request_19	1623278781835	1623278782457	OK	 
REQUEST		request_37	1623278782404	1623278782471	OK	 
REQUEST		request_23	1623278782275	1623278782480	OK	 
REQUEST		request_39	1623278782412	1623278782488	OK	 
REQUEST		request_40	1623278782424	1623278782494	OK	 
REQUEST		request_41	1623278782454	1623278782522	OK	 
REQUEST		request_42	1623278782456	1623278782529	OK	 
REQUEST		request_43	1623278782458	1623278782531	OK	 
REQUEST		request_58	1623278782277	1623278782555	OK	 
REQUEST		request_44	1623278782472	1623278782567	OK	 
REQUEST		request_48	1623278782523	1623278782589	OK	 
REQUEST		request_49	1623278782530	1623278782593	OK	 
REQUEST		request_50	1623278782532	1623278782599	OK	 
REQUEST		request_17	1623278781706	1623278782600	OK	 
REQUEST		request_13	1623278781898	1623278782610	OK	 
REQUEST		request_23	1623278782480	1623278782633	OK	 
REQUEST		request_18	1623278781706	1623278782663	OK	 
REQUEST		request_53	1623278781960	1623278782679	OK	 
REQUEST		request_45	1623278782489	1623278782690	OK	 
REQUEST		request_46	1623278782495	1623278782769	OK	 
REQUEST		request_23	1623278782634	1623278782853	OK	 
REQUEST		LOGGEDIn	1623278787860	1623278788378	OK	 
REQUEST		request_63	1623278788387	1623278788451	OK	 
REQUEST		request_98	1623278788391	1623278788521	OK	 
REQUEST		request_69	1623278788453	1623278788524	OK	 
REQUEST		request_99	1623278788391	1623278788528	OK	 
REQUEST		request_93	1623278788391	1623278788553	OK	 
REQUEST		request_92	1623278788390	1623278788584	OK	 
REQUEST		request_70	1623278788525	1623278788596	OK	 
REQUEST		request_67	1623278788389	1623278788665	OK	 
REQUEST		request_64	1623278788388	1623278788667	OK	 
REQUEST		request_65	1623278788388	1623278788669	OK	 
REQUEST		request_66	1623278788389	1623278788671	OK	 
REQUEST		request_71	1623278788597	1623278788711	OK	 
REQUEST		request_68	1623278788390	1623278788724	OK	 
REQUEST		request_73	1623278788668	1623278788733	OK	 
REQUEST		request_72	1623278788666	1623278788737	OK	 
REQUEST		request_75	1623278788672	1623278788739	OK	 
REQUEST		request_77	1623278788726	1623278788793	OK	 
REQUEST		request_76	1623278788712	1623278788798	OK	 
REQUEST		request_81	1623278788740	1623278788806	OK	 
REQUEST		request_80	1623278788738	1623278788808	OK	 
REQUEST		request_65	1623278788670	1623278788850	OK	 
REQUEST		request_82	1623278788794	1623278788864	OK	 
REQUEST		request_83	1623278788799	1623278788868	OK	 
REQUEST		request_84	1623278788807	1623278788880	OK	 
REQUEST		request_85	1623278788809	1623278788882	OK	 
REQUEST		request_86	1623278788865	1623278788934	OK	 
REQUEST		request_74	1623278788670	1623278788942	OK	 
REQUEST		request_87	1623278788869	1623278788944	OK	 
REQUEST		request_88	1623278788881	1623278788955	OK	 
REQUEST		request_65	1623278788851	1623278788985	OK	 
REQUEST		request_79	1623278788734	1623278789377	OK	 
REQUEST		request_89	1623278788883	1623278789395	OK	 
REQUEST		request_90	1623278788935	1623278789553	OK	 
USER	FOO	END	1623278789585
