RUN	JJ.Framework.JJSim	jjsim	1622651869192	JJ.Framework.JJSim-SIMULATION_1_1:SIMULATION_2_0:SIMULATION_3_:SIMULATION_4_0:Iterations_10	3.5.1
USER	Users_1	START	1622651870663
REQUEST	Scen_1,NPI	NPI_1245318229	1622651870689	1622651876160	OK	 
GROUP	Scen_1,NPI	1622651870670	1622651876206	5471	OK
GROUP	Scen_1	1622651870666	1622651877215	5471	OK
REQUEST	Scen_1,NPI	NPI_1821049651	1622651877218	1622651877395	OK	 
GROUP	Scen_1,NPI	1622651877216	1622651877396	177	OK
GROUP	Scen_1	1622651877215	1622651878474	177	OK
REQUEST	Scen_1,NPI	NPI_1114976883	1622651878475	1622651878891	OK	 
GROUP	Scen_1,NPI	1622651878474	1622651878892	416	OK
GROUP	Scen_1	1622651878474	1622651880304	416	OK
REQUEST	Scen_1,NPI	NPI_1740270032	1622651880306	1622651880706	OK	 
GROUP	Scen_1,NPI	1622651880305	1622651880707	400	OK
GROUP	Scen_1	1622651880304	1622651882055	400	OK
REQUEST	Scen_1,NPI	NPI_1245419696	1622651882056	1622651882263	OK	 
GROUP	Scen_1,NPI	1622651882055	1622651882264	207	OK
GROUP	Scen_1	1622651882055	1622651883868	207	OK
REQUEST	Scen_1,NPI	NPI_1942331400	1622651883869	1622651884049	OK	 
GROUP	Scen_1,NPI	1622651883869	1622651884050	180	OK
GROUP	Scen_1	1622651883869	1622651885588	180	OK
REQUEST	Scen_1,NPI	NPI_1144239955	1622651885589	1622651886190	OK	 
GROUP	Scen_1,NPI	1622651885588	1622651886191	601	OK
GROUP	Scen_1	1622651885588	1622651887561	601	OK
REQUEST	Scen_1,NPI	NPI_1538137419	1622651887562	1622651887934	OK	 
GROUP	Scen_1,NPI	1622651887562	1622651887935	372	OK
GROUP	Scen_1	1622651887561	1622651889581	372	OK
REQUEST	Scen_1,NPI	NPI_1306830377	1622651889582	1622651889759	OK	 
GROUP	Scen_1,NPI	1622651889581	1622651889760	177	OK
GROUP	Scen_1	1622651889581	1622651891140	177	OK
REQUEST	Scen_1,NPI	NPI_1962487256	1622651891141	1622651891553	OK	 
GROUP	Scen_1,NPI	1622651891141	1622651891554	412	OK
GROUP	Scen_1	1622651891140	1622651893022	412	OK
USER	Users_1	END	1622651893025
