RUN	Optum.Framework.OptumSim	optumsim	1620841266746	 	3.5.1
USER	Users_1	START	1620841268239
REQUEST	Scen_1,Login	BasePage	1620841268256	1620841268537	OK	 
REQUEST	Scen_1,Login	request_1	1620841268555	1620841268633	OK	 
REQUEST	Scen_1,Login	request_2	1620841268635	1620841268705	OK	 
REQUEST	Scen_1,Login	request_3	1620841268706	1620841268772	OK	 
REQUEST	Scen_1,Login	request_4	1620841268773	1620841268839	OK	 
REQUEST	Scen_1,Login	request_5	1620841268840	1620841270844	OK	 
GROUP	Scen_1,Login	1620841268242	1620841270845	2565	OK
REQUEST	Scen_1,Search1	Search_1	1620841271848	1620841271997	OK	 
GROUP	Scen_1,Search1	1620841271848	1620841271997	149	OK
REQUEST	Scen_1,Search2	Search_2	1620841274255	1620841276050	OK	 
GROUP	Scen_1,Search2	1620841274254	1620841276051	1795	OK
REQUEST	Scen_1,Search3	Search_3	1620841278767	1620841279647	OK	 
GROUP	Scen_1,Search3	1620841278766	1620841279648	880	OK
REQUEST	Scen_1,Search1	Search_1	1620841282275	1620841282515	OK	 
GROUP	Scen_1,Search1	1620841282275	1620841282516	240	OK
REQUEST	Scen_1,Search2	Search_2	1620841284786	1620841286999	OK	 
GROUP	Scen_1,Search2	1620841284785	1620841286999	2213	OK
REQUEST	Scen_1,Search3	Search_3	1620841289017	1620841289583	OK	 
GROUP	Scen_1,Search3	1620841289016	1620841289583	566	OK
REQUEST	Scen_1,Search1	Search_1	1620841292479	1620841292602	OK	 
GROUP	Scen_1,Search1	1620841292478	1620841292603	123	OK
REQUEST	Scen_1,Search2	Search_2	1620841294715	1620841296649	OK	 
GROUP	Scen_1,Search2	1620841294714	1620841296649	1934	OK
REQUEST	Scen_1,Search3	Search_3	1620841299236	1620841299750	OK	 
GROUP	Scen_1,Search3	1620841299236	1620841299751	514	OK
REQUEST	Scen_1,Search3	Search_3	1620841302432	1620841302882	OK	 
GROUP	Scen_1,Search3	1620841302431	1620841302882	450	OK
GROUP	Scen_1	1620841268242	1620841303884	11429	OK
USER	Users_1	END	1620841303886
