RUN	Optum.Framework.OptumSim	optumsim	1620926104652	 	3.5.1
USER	Users_1	START	1620926106109
REQUEST	Scen_1,Login	BasePage	1620926106128	1620926106465	OK	 
REQUEST	Scen_1,Login	BasePage_1	1620926106489	1620926106590	OK	 
REQUEST	Scen_1,Login	BasePage_2	1620926106597	1620926106687	OK	 
REQUEST	Scen_1,Login	BasePage_3	1620926106688	1620926106771	OK	 
REQUEST	Scen_1,Login	BasePage_4	1620926106772	1620926106854	OK	 
REQUEST	Scen_1,Login	BasePage_5	1620926106856	1620926108464	OK	 
GROUP	Scen_1,Login	1620926106112	1620926108466	2301	OK
REQUEST	Scen_1,SearchByActiveMember	Select_SearchByActiveMember	1620926109474	1620926109788	OK	 
GROUP	Scen_1,SearchByActiveMember	1620926109474	1620926109789	314	OK
REQUEST	Scen_1,SearchName_douglas	Search_1	1620926111474	1620926112249	OK	 
REQUEST	Scen_1,SearchName_douglas	Search_2003330312	1620926112254	1620926112761	OK	 
GROUP	Scen_1,SearchName_douglas	1620926111471	1620926112762	1282	OK
REQUEST	Scen_1,S_2003330312	Select_douglas	1620926114275	1620926114373	OK	 
REQUEST	Scen_1,S_2003330312	request_1	1620926114375	1620926116755	OK	 
REQUEST	Scen_1,S_2003330312	request_2003330312	1620926116757	1620926118816	OK	 
GROUP	Scen_1,S_2003330312	1620926114275	1620926118817	4537	OK
REQUEST	Scen_1,DrillDown_douglas	64881	1620926120080	1620926120607	OK	 
GROUP	Scen_1,DrillDown_douglas	1620926120078	1620926120608	527	OK
GROUP	Scen_1	1620926106111	1620926122337	8961	OK
USER	Users_1	END	1620926122340
