RUN	Optum.Framework.OptumSim	optumsim	1620854536468	 	3.5.1
USER	Users_1	START	1620854538425
REQUEST	Scen_1,Login	BasePage	1620854538441	1620854538724	OK	 
REQUEST	Scen_1,Login	BasePage_1	1620854538744	1620854538827	OK	 
REQUEST	Scen_1,Login	BasePage_2	1620854538833	1620854538897	OK	 
REQUEST	Scen_1,Login	BasePage_3	1620854538898	1620854538965	OK	 
REQUEST	Scen_1,Login	BasePage_4	1620854538967	1620854539037	OK	 
REQUEST	Scen_1,Login	BasePage_5	1620854539039	1620854541015	OK	 
GROUP	Scen_1,Login	1620854538428	1620854541018	2543	OK
REQUEST	Scen_1,SearchByActiveMember	Select_SearchByActiveMember	1620854542027	1620854542394	OK	 
GROUP	Scen_1,SearchByActiveMember	1620854542026	1620854542395	367	OK
REQUEST	Scen_1,SearchMembers	request_2	1620854544642	1620854545519	OK	 
REQUEST	Scen_1,SearchMembers	request_3	1620854545521	1620854546339	OK	 
GROUP	Scen_1,SearchMembers	1620854544641	1620854546341	1695	OK
REQUEST	Scen_1,Search3	Search_3	1620854548383	1620854548824	OK	 
GROUP	Scen_1,Search3	1620854548382	1620854548825	441	OK
REQUEST	Scen_1,SearchByActiveMember	Select_SearchByActiveMember	1620854551753	1620854551879	OK	 
GROUP	Scen_1,SearchByActiveMember	1620854551752	1620854551882	126	OK
REQUEST	Scen_1,SearchMembers	request_2	1620854554462	1620854555350	OK	 
REQUEST	Scen_1,SearchMembers	request_3	1620854555351	1620854556169	OK	 
GROUP	Scen_1,SearchMembers	1620854554461	1620854556170	1706	OK
REQUEST	Scen_1,Search3	Search_3	1620854558499	1620854559037	OK	 
GROUP	Scen_1,Search3	1620854558499	1620854559037	538	OK
REQUEST	Scen_1,SearchByActiveMember	Select_SearchByActiveMember	1620854561818	1620854562172	OK	 
GROUP	Scen_1,SearchByActiveMember	1620854561817	1620854562172	354	OK
REQUEST	Scen_1,SearchMembers	request_2	1620854564197	1620854565076	OK	 
REQUEST	Scen_1,SearchMembers	request_3	1620854565077	1620854566000	OK	 
GROUP	Scen_1,SearchMembers	1620854564196	1620854566001	1802	OK
REQUEST	Scen_1,Search3	Search_3	1620854568217	1620854568650	OK	 
GROUP	Scen_1,Search3	1620854568216	1620854568651	433	OK
REQUEST	Scen_1,SearchByActiveMember	Select_SearchByActiveMember	1620854571043	1620854573372	OK	 
GROUP	Scen_1,SearchByActiveMember	1620854571042	1620854573373	2329	OK
REQUEST	Scen_1,SearchMembers	request_2	1620854575869	1620854576753	OK	 
REQUEST	Scen_1,SearchMembers	request_3	1620854576754	1620854577877	OK	 
GROUP	Scen_1,SearchMembers	1620854575869	1620854577878	2007	OK
REQUEST	Scen_1,Search3	Search_3	1620854580300	1620854580853	OK	 
GROUP	Scen_1,Search3	1620854580299	1620854580854	553	OK
REQUEST	Scen_1,SearchByActiveMember	Select_SearchByActiveMember	1620854583297	1620854583916	OK	 
GROUP	Scen_1,SearchByActiveMember	1620854583296	1620854583917	619	OK
REQUEST	Scen_1,SearchMembers	request_2	1620854586507	1620854587284	OK	 
REQUEST	Scen_1,SearchMembers	request_3	1620854587285	1620854588220	OK	 
GROUP	Scen_1,SearchMembers	1620854586506	1620854588221	1712	OK
REQUEST	Scen_1,Search3	Search_3	1620854591193	1620854591700	OK	 
GROUP	Scen_1,Search3	1620854591192	1620854591700	507	OK
REQUEST	Scen_1,SearchByActiveMember	Select_SearchByActiveMember	1620854594463	1620854594801	OK	 
GROUP	Scen_1,SearchByActiveMember	1620854594462	1620854594802	338	OK
REQUEST	Scen_1,SearchMembers	request_2	1620854596912	1620854597743	OK	 
REQUEST	Scen_1,SearchMembers	request_3	1620854597745	1620854598565	OK	 
GROUP	Scen_1,SearchMembers	1620854596911	1620854598566	1651	OK
REQUEST	Scen_1,Search3	Search_3	1620854601133	1620854601634	OK	 
GROUP	Scen_1,Search3	1620854601132	1620854601635	501	OK
REQUEST	Scen_1,SearchByActiveMember	Select_SearchByActiveMember	1620854603851	1620854604422	OK	 
GROUP	Scen_1,SearchByActiveMember	1620854603850	1620854604423	571	OK
REQUEST	Scen_1,SearchMembers	request_2	1620854606749	1620854607640	OK	 
REQUEST	Scen_1,SearchMembers	request_3	1620854607642	1620854608437	OK	 
GROUP	Scen_1,SearchMembers	1620854606748	1620854608438	1686	OK
REQUEST	Scen_1,Search3	Search_3	1620854610983	1620854611466	OK	 
GROUP	Scen_1,Search3	1620854610982	1620854611467	483	OK
REQUEST	Scen_1,SearchByActiveMember	Select_SearchByActiveMember	1620854613614	1620854613777	OK	 
GROUP	Scen_1,SearchByActiveMember	1620854613613	1620854613778	163	OK
REQUEST	Scen_1,SearchMembers	request_2	1620854615863	1620854616789	OK	 
REQUEST	Scen_1,SearchMembers	request_3	1620854616790	1620854617610	OK	 
GROUP	Scen_1,SearchMembers	1620854615862	1620854617611	1746	OK
REQUEST	Scen_1,Search3	Search_3	1620854619694	1620854620476	OK	 
GROUP	Scen_1,Search3	1620854619693	1620854620476	782	OK
REQUEST	Scen_1,SearchByActiveMember	Select_SearchByActiveMember	1620854622811	1620854622953	OK	 
GROUP	Scen_1,SearchByActiveMember	1620854622810	1620854622954	142	OK
REQUEST	Scen_1,SearchMembers	request_2	1620854625451	1620854626314	OK	 
REQUEST	Scen_1,SearchMembers	request_3	1620854626315	1620854627091	OK	 
GROUP	Scen_1,SearchMembers	1620854625450	1620854627092	1639	OK
REQUEST	Scen_1,Search3	Search_3	1620854629789	1620854630613	OK	 
GROUP	Scen_1,Search3	1620854629788	1620854630614	824	OK
REQUEST	Scen_1,SearchByActiveMember	Select_SearchByActiveMember	1620854633104	1620854633302	OK	 
GROUP	Scen_1,SearchByActiveMember	1620854633103	1620854633303	198	OK
REQUEST	Scen_1,SearchMembers	request_2	1620854636122	1620854636962	OK	 
REQUEST	Scen_1,SearchMembers	request_3	1620854636963	1620854637986	OK	 
GROUP	Scen_1,SearchMembers	1620854636121	1620854637987	1863	OK
REQUEST	Scen_1,Search3	Search_3	1620854640670	1620854641264	OK	 
GROUP	Scen_1,Search3	1620854640670	1620854641265	594	OK
REQUEST	Scen_1,Search3	Search_3	1620854644158	1620854644643	OK	 
GROUP	Scen_1,Search3	1620854644157	1620854644644	485	OK
GROUP	Scen_1	1620854538428	1620854645645	31398	OK
USER	Users_1	END	1620854645648
