RUN	Optum.Framework.OptumSim	optumsim	1620926022779	 	3.5.1
USER	Users_1	START	1620926024330
REQUEST	Scen_1,Login	BasePage	1620926024348	1620926024740	OK	 
REQUEST	Scen_1,Login	BasePage_1	1620926024763	1620926024857	OK	 
REQUEST	Scen_1,Login	BasePage_2	1620926024863	1620926024946	OK	 
REQUEST	Scen_1,Login	BasePage_3	1620926024947	1620926025029	OK	 
REQUEST	Scen_1,Login	BasePage_4	1620926025030	1620926025114	OK	 
REQUEST	Scen_1,Login	BasePage_5	1620926025116	1620926026842	OK	 
GROUP	Scen_1,Login	1620926024333	1620926026844	2461	OK
REQUEST	Scen_1,SearchByActiveMember	Select_SearchByActiveMember	1620926027850	1620926028031	OK	 
GROUP	Scen_1,SearchByActiveMember	1620926027849	1620926028032	181	OK
REQUEST	Scen_1,SearchName_douglas	Search_1	1620926029085	1620926030589	OK	 
REQUEST	Scen_1,SearchName_douglas	Search_2003330312	1620926030595	1620926031128	OK	 
GROUP	Scen_1,SearchName_douglas	1620926029081	1620926031129	2037	OK
REQUEST	Scen_1,S_2003330312	Select_douglas	1620926032478	1620926032588	OK	 
REQUEST	Scen_1,S_2003330312	request_1	1620926032589	1620926035037	OK	 
REQUEST	Scen_1,S_2003330312	request_2003330312	1620926035039	1620926037699	OK	 
GROUP	Scen_1,S_2003330312	1620926032477	1620926037700	5218	OK
REQUEST	Scen_1,DrillDown_douglas	request_3	1620926039374	1620926040466	OK	 
GROUP	Scen_1,DrillDown_douglas	1620926039374	1620926040467	1092	OK
GROUP	Scen_1	1620926024332	1620926041895	10989	OK
USER	Users_1	END	1620926041898
