RUN	Optum.Framework.OptumSim	optumsim	1621527119399	 	3.5.1
USER	Users_1	START	1621527120843
REQUEST	Scen_1,Login	BasePage	1621527120862	1621527121132	OK	 
REQUEST	Scen_1,Login	BasePage_1	1621527121156	1621527121236	OK	 
REQUEST	Scen_1,Login	BasePage_2	1621527121242	1621527121302	OK	 
REQUEST	Scen_1,Login	BasePage_3	1621527121303	1621527121368	OK	 
REQUEST	Scen_1,Login	BasePage_4	1621527121370	1621527121434	OK	 
REQUEST	Scen_1,Login	BasePage_5	1621527121436	1621527123452	OK	 
GROUP	Scen_1,Login	1621527120846	1621527123454	2555	OK
REQUEST	Scen_1,SearchByActiveMember	Select_SearchByActiveMember	1621527124461	1621527124586	OK	 
GROUP	Scen_1,SearchByActiveMember	1621527124461	1621527124586	125	OK
USER	Users_1	START	1621527125836
REQUEST	Scen_1,Login	BasePage	1621527125837	1621527126134	OK	 
REQUEST	Scen_1,Login	BasePage_1	1621527126136	1621527126220	OK	 
REQUEST	Scen_1,Login	BasePage_2	1621527126222	1621527126301	OK	 
REQUEST	Scen_1,Login	BasePage_3	1621527126302	1621527126384	OK	 
REQUEST	Scen_1,Login	BasePage_4	1621527126385	1621527126450	OK	 
REQUEST	Scen_1,SearchName_douglas	Search_1	1621527126588	1621527127393	OK	 
REQUEST	Scen_1,SearchName_douglas	Search_2003330312	1621527127399	1621527128170	OK	 
GROUP	Scen_1,SearchName_douglas	1621527126584	1621527128171	1576	OK
REQUEST	Scen_1,Login	BasePage_5	1621527126452	1621527128699	OK	 
GROUP	Scen_1,Login	1621527125836	1621527128700	2854	OK
REQUEST	Scen_1,SearchByActiveMember	Select_SearchByActiveMember	1621527129705	1621527129825	OK	 
GROUP	Scen_1,SearchByActiveMember	1621527129704	1621527129826	120	OK
REQUEST	Scen_1,S_2003330312	Select_douglas	1621527129542	1621527129831	OK	 
REQUEST	Scen_1,S_2003330312	request_1	1621527129832	1621527132669	OK	 
REQUEST	Scen_1,SearchName_thomas	Search_1	1621527131621	1621527132699	OK	 
REQUEST	Scen_1,SearchName_thomas	Search_1503326775	1621527132701	1621527134512	OK	 
GROUP	Scen_1,SearchName_thomas	1621527131619	1621527134513	2889	OK
REQUEST	Scen_1,S_1503326775	Select_thomas	1621527136117	1621527136308	OK	 
REQUEST	Scen_1,S_2003330312	request_2003330312	1621527132671	1621527136571	OK	 
GROUP	Scen_1,S_2003330312	1621527129541	1621527136572	7026	OK
REQUEST	Scen_1,DrillDown_douglas	64881	1621527138387	1621527138909	OK	 
GROUP	Scen_1,DrillDown_douglas	1621527138386	1621527138910	522	OK
REQUEST	Scen_1,S_1503326775	request_1	1621527136309	1621527139222	OK	 
REQUEST	Scen_1,SearchByActiveMember	Select_SearchByActiveMember	1621527139928	1621527140243	OK	 
GROUP	Scen_1,SearchByActiveMember	1621527139927	1621527140244	315	OK
REQUEST	Scen_1,S_1503326775	request_1503326775	1621527139224	1621527141502	OK	 
GROUP	Scen_1,S_1503326775	1621527136116	1621527141504	5382	OK
REQUEST	Scen_1,SearchName_smith	Search_1	1621527141496	1621527142807	OK	 
REQUEST	Scen_1,DrillDown_thomas	68055	1621527143300	1621527143526	OK	 
GROUP	Scen_1,DrillDown_thomas	1621527143299	1621527143526	226	OK
REQUEST	Scen_1,SearchName_smith	Search_2003327496	1621527142809	1621527144958	OK	 
GROUP	Scen_1,SearchName_smith	1621527141495	1621527144959	3460	OK
REQUEST	Scen_1,SearchByActiveMember	Select_SearchByActiveMember	1621527145404	1621527145755	OK	 
GROUP	Scen_1,SearchByActiveMember	1621527145403	1621527145755	351	OK
REQUEST	Scen_1,S_2003327496	Select_smith	1621527146666	1621527146748	OK	 
REQUEST	Scen_1,SearchName_roger	Search_1	1621527146767	1621527148029	OK	 
REQUEST	Scen_1,S_2003327496	request_1	1621527146750	1621527149258	OK	 
REQUEST	Scen_1,SearchName_roger	Search_403328329	1621527148030	1621527149767	OK	 
GROUP	Scen_1,SearchName_roger	1621527146766	1621527149768	2999	OK
REQUEST	Scen_1,S_403328329	Select_roger	1621527151452	1621527151618	OK	 
REQUEST	Scen_1,S_2003327496	request_2003327496	1621527149259	1621527151920	OK	 
GROUP	Scen_1,S_2003327496	1621527146665	1621527151921	5251	OK
REQUEST	Scen_1,S_403328329	request_1	1621527151620	1621527152125	OK	 
REQUEST	Scen_1,DrillDown_smith	67992	1621527153274	1621527153866	OK	 
GROUP	Scen_1,DrillDown_smith	1621527153273	1621527153867	592	OK
REQUEST	Scen_1,S_403328329	request_403328329	1621527152126	1621527154375	OK	 
GROUP	Scen_1,S_403328329	1621527151452	1621527154376	2920	OK
GROUP	Scen_1	1621527120845	1621527155572	21422	OK
REQUEST	Scen_1,Login	BasePage	1621527155573	1621527155643	OK	 
REQUEST	Scen_1,Login	BasePage_1	1621527155645	1621527155706	OK	 
REQUEST	Scen_1,Login	BasePage_2	1621527155707	1621527155772	OK	 
REQUEST	Scen_1,Login	BasePage_3	1621527155773	1621527155846	OK	 
REQUEST	Scen_1,Login	BasePage_4	1621527155848	1621527155917	OK	 
REQUEST	Scen_1,Login	BasePage_5	1621527155918	1621527157766	OK	 
GROUP	Scen_1,Login	1621527155572	1621527157767	2186	OK
REQUEST	Scen_1,DrillDown_roger	63702	1621527155579	1621527158030	OK	 
GROUP	Scen_1,DrillDown_roger	1621527155578	1621527158031	2451	OK
REQUEST	Scen_1,SearchByActiveMember	Select_SearchByActiveMember	1621527158772	1621527158924	OK	 
GROUP	Scen_1,SearchByActiveMember	1621527158771	1621527158924	152	OK
GROUP	Scen_1	1621527125836	1621527159251	20192	OK
REQUEST	Scen_1,Login	BasePage	1621527159252	1621527159315	OK	 
REQUEST	Scen_1,Login	BasePage_1	1621527159317	1621527159388	OK	 
REQUEST	Scen_1,Login	BasePage_2	1621527159389	1621527159455	OK	 
REQUEST	Scen_1,Login	BasePage_3	1621527159456	1621527159523	OK	 
REQUEST	Scen_1,Login	BasePage_4	1621527159525	1621527159588	OK	 
REQUEST	Scen_1,SearchName_baker	Search_1	1621527160450	1621527161854	OK	 
REQUEST	Scen_1,SearchName_baker	Search_1803327625	1621527161855	1621527163492	OK	 
GROUP	Scen_1,SearchName_baker	1621527160449	1621527163493	3041	OK
REQUEST	Scen_1,Login	BasePage_5	1621527159590	1621527164618	OK	 
GROUP	Scen_1,Login	1621527159252	1621527164619	5358	OK
REQUEST	Scen_1,S_1803327625	Select_baker	1621527165079	1621527165246	OK	 
REQUEST	Scen_1,SearchByActiveMember	Select_SearchByActiveMember	1621527165621	1621527165775	OK	 
GROUP	Scen_1,SearchByActiveMember	1621527165620	1621527165775	154	OK
REQUEST	Scen_1,S_1803327625	request_1	1621527165247	1621527167533	OK	 
REQUEST	Scen_1,SearchName_douglas	Search_1	1621527166956	1621527168200	OK	 
REQUEST	Scen_1,SearchName_douglas	Search_2003330312	1621527168201	1621527169225	OK	 
GROUP	Scen_1,SearchName_douglas	1621527166955	1621527169226	2268	OK
REQUEST	Scen_1,S_2003330312	Select_douglas	1621527171093	1621527171274	OK	 
REQUEST	Scen_1,S_1803327625	request_1803327625	1621527167535	1621527171474	OK	 
GROUP	Scen_1,S_1803327625	1621527165078	1621527171475	6392	OK
REQUEST	Scen_1,DrillDown_baker	68321	1621527173442	1621527173870	OK	 
GROUP	Scen_1,DrillDown_baker	1621527173441	1621527173871	428	OK
REQUEST	Scen_1,S_2003330312	request_1	1621527171275	1621527173913	OK	 
REQUEST	Scen_1,SearchByActiveMember	Select_SearchByActiveMember	1621527175194	1621527175404	OK	 
GROUP	Scen_1,SearchByActiveMember	1621527175193	1621527175404	210	OK
REQUEST	Scen_1,S_2003330312	request_2003330312	1621527173915	1621527175984	OK	 
GROUP	Scen_1,S_2003330312	1621527171092	1621527175985	4888	OK
REQUEST	Scen_1,SearchName_thomas	Search_1	1621527176694	1621527177600	OK	 
REQUEST	Scen_1,DrillDown_douglas	64881	1621527177182	1621527177600	OK	 
GROUP	Scen_1,DrillDown_douglas	1621527177181	1621527177601	418	OK
REQUEST	Scen_1,SearchName_thomas	Search_1503326775	1621527177601	1621527178442	OK	 
GROUP	Scen_1,SearchName_thomas	1621527176693	1621527178443	1747	OK
REQUEST	Scen_1,SearchByActiveMember	Select_SearchByActiveMember	1621527178691	1621527178821	OK	 
GROUP	Scen_1,SearchByActiveMember	1621527178691	1621527178824	130	OK
REQUEST	Scen_1,S_1503326775	Select_thomas	1621527180402	1621527180571	OK	 
REQUEST	Scen_1,SearchName_smith	Search_1	1621527180072	1621527181412	OK	 
REQUEST	Scen_1,SearchName_smith	Search_2003327496	1621527181414	1621527182438	OK	 
GROUP	Scen_1,SearchName_smith	1621527180071	1621527182439	2364	OK
REQUEST	Scen_1,S_1503326775	request_1	1621527180572	1621527183460	OK	 
REQUEST	Scen_1,S_2003327496	Select_smith	1621527183906	1621527184286	OK	 
REQUEST	Scen_1,S_1503326775	request_1503326775	1621527183461	1621527185610	OK	 
GROUP	Scen_1,S_1503326775	1621527180401	1621527185611	5206	OK
REQUEST	Scen_1,S_2003327496	request_1	1621527184287	1621527186839	OK	 
REQUEST	Scen_1,DrillDown_thomas	68055	1621527186850	1621527187658	OK	 
GROUP	Scen_1,DrillDown_thomas	1621527186850	1621527187659	808	OK
REQUEST	Scen_1,S_2003327496	request_2003327496	1621527186840	1621527188887	OK	 
GROUP	Scen_1,S_2003327496	1621527183905	1621527188887	4979	OK
GROUP	Scen_1	1621527155572	1621527188919	20170	OK
USER	Users_1	END	1621527188922
REQUEST	Scen_1,DrillDown_smith	67992	1621527190477	1621527191240	OK	 
GROUP	Scen_1,DrillDown_smith	1621527190476	1621527191240	763	OK
GROUP	Scen_1	1621527159251	1621527192536	21322	OK
USER	Users_1	END	1621527192537
