RUN	BO.Framework.BOSim	bosim	1623696071980	 	3.5.1
USER	Users_1	START	1623696073323
REQUEST	LOGIN,LOGIN	LOGIN	1623696073348	1623696073940	OK	 
REQUEST	LOGIN,LOGIN	request_11	1623696073959	1623696074620	OK	 
REQUEST	LOGIN,LOGIN	request_12	1623696074630	1623696074729	OK	 
REQUEST	LOGIN,LOGIN	request_13	1623696074731	1623696075167	OK	 
REQUEST	LOGIN,LOGIN	request_14	1623696075169	1623696075234	OK	 
REQUEST	LOGIN,LOGIN	request_14 Redirect 1	1623696075238	1623696075336	OK	 
REQUEST	LOGIN,LOGIN	error-63062f7857.min.js	1623696075366	1623696075673	OK	 
REQUEST	LOGIN,LOGIN	consumer-7acd47889c.css	1623696075367	1623696075676	OK	 
REQUEST	LOGIN,LOGIN	favicon.ico	1623696075368	1623696075687	OK	 
REQUEST	LOGIN,LOGIN	consumer-optum3-b35069f230.css	1623696075368	1623696075694	OK	 
REQUEST	LOGIN,LOGIN	uitk-req-min-948de8930b.css	1623696075367	1623696075744	OK	 
REQUEST	LOGIN,LOGIN	lib-min-7e6d84b497.js	1623696075365	1623696076941	OK	 
REQUEST	LOGIN,LOGIN	request_19	1623696076974	1623696077374	OK	 
REQUEST	LOGIN,LOGIN	publicSector.js	1623696077382	1623696077453	OK	 
REQUEST	LOGIN,LOGIN	providerExpress_logo.gif	1623696077455	1623696077525	OK	 
REQUEST	LOGIN,LOGIN	loading.gif	1623696077527	1623696077601	OK	 
REQUEST	LOGIN,LOGIN	sso.js	1623696077383	1623696077663	OK	 
REQUEST	LOGIN,LOGIN	home-bar.css	1623696077385	1623696077666	OK	 
REQUEST	LOGIN,LOGIN	tabs.css	1623696077384	1623696077668	OK	 
REQUEST	LOGIN,LOGIN	space.gif	1623696077603	1623696077674	OK	 
REQUEST	LOGIN,LOGIN	uolStyle.css	1623696077384	1623696077726	OK	 
REQUEST	LOGIN,LOGIN	jquery-3.3.1.slim.min.js	1623696077385	1623696077856	OK	 
REQUEST	LOGIN,LOGIN	request_20	1623696077858	1623696078002	OK	 
REQUEST	LOGIN,LOGIN	request_22	1623696078004	1623696078127	OK	 
REQUEST	LOGIN,LOGIN	request_23	1623696078129	1623696078234	OK	 
REQUEST	LOGIN,LOGIN	request_23 Redirect 1	1623696078235	1623696078388	OK	 
REQUEST	LOGIN,LOGIN	request_23 Redirect 2	1623696078389	1623696078526	OK	 
REQUEST	LOGIN,LOGIN	request_23 Redirect 3	1623696078528	1623696079151	OK	 
REQUEST	LOGIN,LOGIN	global-app-config.js	1623696079159	1623696079257	OK	 
REQUEST	LOGIN,LOGIN	newrelic.js	1623696079160	1623696079319	OK	 
REQUEST	LOGIN,LOGIN	uitk-req-min-945fd9447c.js	1623696079159	1623696079321	OK	 
REQUEST	LOGIN,LOGIN	{{favIconPath}}	1623696079158	1623696079348	OK	 
REQUEST	LOGIN,LOGIN	summer.js	1623696079158	1623696079511	OK	 
REQUEST	LOGIN,LOGIN	prelogin-f85aab9ec4.min.js	1623696079160	1623696079619	OK	 
REQUEST	LOGIN,LOGIN	request_25	1623696079626	1623696079695	OK	 
REQUEST	LOGIN,LOGIN	request_26	1623696079696	1623696079775	OK	 
REQUEST	LOGIN,LOGIN	request_27	1623696079776	1623696079858	OK	 
REQUEST	LOGIN,LOGIN	request_28	1623696079859	1623696079999	OK	 
REQUEST	LOGIN,LOGIN	request_29	1623696080001	1623696080153	OK	 
REQUEST	LOGIN,LOGIN	request_45	1623696080155	1623696080568	OK	 
REQUEST	LOGIN,LOGIN	request_46	1623696080572	1623696081010	OK	 
REQUEST	LOGIN,LOGIN	request_50	1623696081014	1623696081093	OK	 
REQUEST	LOGIN,LOGIN	request_51	1623696081094	1623696081534	OK	 
REQUEST	LOGIN,LOGIN	request_52	1623696081538	1623696081960	OK	 
REQUEST	LOGIN,LOGIN	request_53	1623696081961	1623696082128	OK	 
REQUEST	LOGIN,LOGIN	request_54	1623696082129	1623696082229	OK	 
REQUEST	LOGIN,LOGIN	request_55	1623696082231	1623696082338	OK	 
REQUEST	LOGIN,LOGIN	request_56	1623696082339	1623696082444	OK	 
REQUEST	LOGIN,LOGIN	request_57	1623696082446	1623696082677	OK	 
REQUEST	LOGIN,LOGIN	request_58	1623696082678	1623696082881	OK	 
REQUEST	LOGIN,LOGIN	request_60	1623696082882	1623696082984	OK	 
REQUEST	LOGIN,LOGIN	request_61	1623696082985	1623696083341	OK	 
GROUP	LOGIN,LOGIN	1623696073327	1623696083342	9874	OK
GROUP	LOGIN	1623696073325	1623696084514	9874	OK
USER	Users_1	END	1623696084520
