RUN	OCM	ocm	1630177899160	 	3.5.1
USER	OCM	START	1630177900647
REQUEST		request_0	1630177900667	1630177903783	OK	 
REQUEST		request_1	1630177905036	1630177910681	OK	 
REQUEST		request_23	1630177908131	1630177911048	OK	 
REQUEST		request_9	1630177910672	1630177911076	OK	 
REQUEST		request_8	1630177910671	1630177911087	OK	 
REQUEST		request_29	1630177908325	1630177911100	OK	 
REQUEST		request_2	1630177910591	1630177911111	OK	 
REQUEST		request_43	1630177910594	1630177911115	OK	 
REQUEST		request_40	1630177908324	1630177911152	OK	 
REQUEST		request_12	1630177910672	1630177911161	OK	 
REQUEST		request_21	1630177910588	1630177911168	OK	 
REQUEST		request_23	1630177911050	1630177911173	OK	 
REQUEST		request_16	1630177911083	1630177911179	OK	 
REQUEST		request_17	1630177911089	1630177911189	OK	 
REQUEST		request_3	1630177905037	1630177911199	OK	 
REQUEST		request_5	1630177908128	1630177911240	OK	 
REQUEST		request_15	1630177910674	1630177911242	OK	 
REQUEST		request_34	1630177908327	1630177911274	OK	 
REQUEST		request_23	1630177911174	1630177911277	OK	 
REQUEST		request_35	1630177908323	1630177911295	OK	 
REQUEST		request_42	1630177908331	1630177911297	OK	 
REQUEST		request_38	1630177908330	1630177911303	OK	 
REQUEST		request_37	1630177908330	1630177911304	OK	 
REQUEST		request_3	1630177911203	1630177911312	KO	status.find.in(200,201,202,203,204,205,206,207,208,209,304), found 401
REQUEST		request_41	1630177908331	1630177911338	OK	 
REQUEST		request_44	1630177911275	1630177911426	OK	 
REQUEST		request_14	1630177910673	1630177911489	OK	 
REQUEST		request_7	1630177910594	1630177911498	OK	 
REQUEST		request_39	1630177910593	1630177911510	OK	 
REQUEST		request_19	1630177905035	1630177911514	OK	 
REQUEST		request_25	1630177911180	1630177911556	OK	 
REQUEST		request_4	1630177903832	1630177911591	OK	 
REQUEST		request_10	1630177903918	1630177911594	OK	 
REQUEST		request_28	1630177905038	1630177911611	OK	 
REQUEST		request_31	1630177905039	1630177911619	OK	 
REQUEST		request_32	1630177905039	1630177911623	KO	status.find.in(200,201,202,203,204,205,206,207,208,209,304), found 400
REQUEST		request_13	1630177903917	1630177911674	OK	 
REQUEST		request_27	1630177908323	1630177911748	OK	 
REQUEST		request_20	1630177908332	1630177911775	OK	 
REQUEST		request_30	1630177910592	1630177911804	OK	 
REQUEST		request_36	1630177908329	1630177911829	OK	 
REQUEST		request_24	1630177908132	1630177911943	OK	 
REQUEST		request_22	1630177910588	1630177911947	OK	 
REQUEST		request_33	1630177910592	1630177912040	OK	 
REQUEST		request_18	1630177911163	1630177912327	OK	 
REQUEST		request_11	1630177910589	1630177912409	OK	 
REQUEST		request_6	1630177905040	1630177913491	OK	 
REQUEST		request_26	1630177908322	1630177915767	OK	 
REQUEST		request_45	1630177935824	1630177939665	OK	 
REQUEST		request_50	1630177940975	1630177941102	OK	 
REQUEST		request_49	1630177940975	1630177941110	OK	 
REQUEST		request_51	1630177940976	1630177941112	OK	 
REQUEST		request_48	1630177940977	1630177941181	OK	 
REQUEST		request_52	1630177940977	1630177941187	OK	 
REQUEST		request_46	1630177940978	1630177941228	OK	 
REQUEST		request_53	1630177939749	1630177941615	OK	 
REQUEST		request_47	1630177940978	1630177942568	OK	 
REQUEST		request_54	1630177939853	1630177944424	OK	 
REQUEST		request_55	1630177981431	1630177981875	OK	 
REQUEST		request_56	1630177981876	1630177982379	OK	 
REQUEST		request_57	1630178002381	1630178002854	OK	 
REQUEST		request_58	1630178002856	1630178004057	OK	 
REQUEST		request_59	1630178002857	1630178004580	OK	 
USER	OCM	END	1630178004584
