RUN	Optum.Framework.OptumSim	optumsim	1621523922150	 	3.5.1
USER	Users_1	START	1621523923612
REQUEST	Scen_1,Login	BasePage	1621523923631	1621523923914	OK	 
REQUEST	Scen_1,Login	BasePage_1	1621523923937	1621523924021	OK	 
REQUEST	Scen_1,Login	BasePage_2	1621523924028	1621523924094	OK	 
REQUEST	Scen_1,Login	BasePage_3	1621523924095	1621523924164	OK	 
REQUEST	Scen_1,Login	BasePage_4	1621523924165	1621523924242	OK	 
REQUEST	Scen_1,Login	BasePage_5	1621523924243	1621523925984	OK	 
GROUP	Scen_1,Login	1621523923616	1621523925985	2320	OK
REQUEST	Scen_1,SearchByActiveMember	Select_SearchByActiveMember	1621523926995	1621523927147	OK	 
GROUP	Scen_1,SearchByActiveMember	1621523926994	1621523927148	152	OK
REQUEST	Scen_1,SearchName_douglas	Search_1	1621523928713	1621523929363	OK	 
REQUEST	Scen_1,SearchName_douglas	Search_2003330312	1621523929370	1621523930283	OK	 
GROUP	Scen_1,SearchName_douglas	1621523928709	1621523930284	1563	OK
REQUEST	Scen_1,S_2003330312	Select_douglas	1621523932247	1621523932331	OK	 
REQUEST	Scen_1,S_2003330312	request_1	1621523932333	1621523935611	OK	 
REQUEST	Scen_1,S_2003330312	request_2003330312	1621523935613	1621523937744	OK	 
GROUP	Scen_1,S_2003330312	1621523932246	1621523937745	5493	OK
REQUEST	Scen_1,DrillDown_douglas	64881	1621523939747	1621523940529	OK	 
GROUP	Scen_1,DrillDown_douglas	1621523939745	1621523940530	782	OK
REQUEST	Scen_1,SearchByActiveMember	Select_SearchByActiveMember	1621523941743	1621523941924	OK	 
GROUP	Scen_1,SearchByActiveMember	1621523941743	1621523941925	181	OK
REQUEST	Scen_1,SearchName_thomas	Search_1	1621523943541	1621523945545	OK	 
REQUEST	Scen_1,SearchName_thomas	Search_1503326775	1621523945547	1621523947286	OK	 
GROUP	Scen_1,SearchName_thomas	1621523943540	1621523947287	3743	OK
REQUEST	Scen_1,S_1503326775	Select_thomas	1621523948686	1621523949010	OK	 
REQUEST	Scen_1,S_1503326775	request_1	1621523949011	1621523951791	OK	 
REQUEST	Scen_1,S_1503326775	request_1503326775	1621523951793	1621523954863	OK	 
GROUP	Scen_1,S_1503326775	1621523948685	1621523954864	6174	OK
REQUEST	Scen_1,DrillDown_thomas	68055	1621523956728	1621523956891	OK	 
GROUP	Scen_1,DrillDown_thomas	1621523956727	1621523956892	163	OK
REQUEST	Scen_1,SearchByActiveMember	Select_SearchByActiveMember	1621523958593	1621523958987	OK	 
GROUP	Scen_1,SearchByActiveMember	1621523958592	1621523958988	394	OK
REQUEST	Scen_1,SearchName_smith	Search_1	1621523960112	1621523961926	OK	 
REQUEST	Scen_1,SearchName_smith	Search_2003327496	1621523961927	1621523963362	OK	 
GROUP	Scen_1,SearchName_smith	1621523960111	1621523963363	3249	OK
REQUEST	Scen_1,S_2003327496	Select_smith	1621523964371	1621523964504	OK	 
REQUEST	Scen_1,S_2003327496	request_1	1621523964506	1621523967150	OK	 
REQUEST	Scen_1,S_2003327496	request_2003327496	1621523967151	1621523969917	OK	 
GROUP	Scen_1,S_2003327496	1621523964371	1621523969918	5543	OK
REQUEST	Scen_1,DrillDown_smith	67992	1621523971163	1621523971356	OK	 
GROUP	Scen_1,DrillDown_smith	1621523971162	1621523971357	193	OK
GROUP	Scen_1	1621523923615	1621523972999	29950	OK
REQUEST	Scen_1,Login	BasePage	1621523973000	1621523973260	OK	 
REQUEST	Scen_1,Login	BasePage_1	1621523973262	1621523973326	OK	 
REQUEST	Scen_1,Login	BasePage_2	1621523973327	1621523973389	OK	 
REQUEST	Scen_1,Login	BasePage_3	1621523973390	1621523973456	OK	 
REQUEST	Scen_1,Login	BasePage_4	1621523973457	1621523973521	OK	 
REQUEST	Scen_1,Login	BasePage_5	1621523973523	1621523975649	OK	 
GROUP	Scen_1,Login	1621523972999	1621523975650	2642	OK
REQUEST	Scen_1,SearchByActiveMember	Select_SearchByActiveMember	1621523976653	1621523977286	OK	 
GROUP	Scen_1,SearchByActiveMember	1621523976652	1621523977287	633	OK
REQUEST	Scen_1,SearchName_roger	Search_1	1621523979150	1621523980873	OK	 
REQUEST	Scen_1,SearchName_roger	Search_403328329	1621523980875	1621523981896	OK	 
GROUP	Scen_1,SearchName_roger	1621523979150	1621523981896	2744	OK
REQUEST	Scen_1,S_403328329	Select_roger	1621523983273	1621523983363	OK	 
REQUEST	Scen_1,S_403328329	request_1	1621523983364	1621523984967	OK	 
REQUEST	Scen_1,S_403328329	request_403328329	1621523984969	1621523988303	OK	 
GROUP	Scen_1,S_403328329	1621523983272	1621523988304	5027	OK
REQUEST	Scen_1,DrillDown_roger	63702	1621523990044	1621523990514	OK	 
GROUP	Scen_1,DrillDown_roger	1621523990043	1621523990514	470	OK
REQUEST	Scen_1,SearchByActiveMember	Select_SearchByActiveMember	1621523991526	1621523991927	OK	 
GROUP	Scen_1,SearchByActiveMember	1621523991525	1621523991928	401	OK
REQUEST	Scen_1,SearchName_baker	Search_1	1621523993036	1621523993572	OK	 
REQUEST	Scen_1,SearchName_baker	Search_1803327625	1621523993573	1621523994389	OK	 
GROUP	Scen_1,SearchName_baker	1621523993035	1621523994390	1352	OK
REQUEST	Scen_1,S_1803327625	Select_baker	1621523996183	1621523996272	OK	 
REQUEST	Scen_1,S_1803327625	request_1	1621523996273	1621523997155	OK	 
REQUEST	Scen_1,S_1803327625	request_1803327625	1621523997156	1621524000633	OK	 
GROUP	Scen_1,S_1803327625	1621523996182	1621524000634	4448	OK
REQUEST	Scen_1,DrillDown_baker	68321	1621524002052	1621524002234	OK	 
GROUP	Scen_1,DrillDown_baker	1621524002051	1621524002235	182	OK
REQUEST	Scen_1,SearchByActiveMember	Select_SearchByActiveMember	1621524003765	1621524003917	OK	 
GROUP	Scen_1,SearchByActiveMember	1621524003764	1621524003918	152	OK
REQUEST	Scen_1,SearchName_douglas	Search_1	1621524005367	1621524005840	OK	 
REQUEST	Scen_1,SearchName_douglas	Search_2003330312	1621524005842	1621524006319	OK	 
GROUP	Scen_1,SearchName_douglas	1621524005366	1621524006320	950	OK
REQUEST	Scen_1,S_2003330312	Select_douglas	1621524007674	1621524007758	OK	 
REQUEST	Scen_1,S_2003330312	request_1	1621524007759	1621524010774	OK	 
REQUEST	Scen_1,S_2003330312	request_2003330312	1621524010775	1621524012855	OK	 
GROUP	Scen_1,S_2003330312	1621524007673	1621524012855	5179	OK
REQUEST	Scen_1,DrillDown_douglas	64881	1621524014219	1621524014564	OK	 
GROUP	Scen_1,DrillDown_douglas	1621524014218	1621524014565	345	OK
GROUP	Scen_1	1621523972999	1621524016264	24525	OK
REQUEST	Scen_1,Login	BasePage	1621524016265	1621524016548	OK	 
REQUEST	Scen_1,Login	BasePage_1	1621524016550	1621524016613	OK	 
REQUEST	Scen_1,Login	BasePage_2	1621524016614	1621524016692	OK	 
REQUEST	Scen_1,Login	BasePage_3	1621524016693	1621524016755	OK	 
REQUEST	Scen_1,Login	BasePage_4	1621524016756	1621524016820	OK	 
REQUEST	Scen_1,Login	BasePage_5	1621524016821	1621524019104	OK	 
GROUP	Scen_1,Login	1621524016264	1621524019105	2833	OK
REQUEST	Scen_1,SearchByActiveMember	Select_SearchByActiveMember	1621524020108	1621524020336	OK	 
GROUP	Scen_1,SearchByActiveMember	1621524020108	1621524020337	228	OK
REQUEST	Scen_1,SearchName_thomas	Search_1	1621524022251	1621524023472	OK	 
REQUEST	Scen_1,SearchName_thomas	Search_1503326775	1621524023474	1621524024701	OK	 
GROUP	Scen_1,SearchName_thomas	1621524022250	1621524024702	2448	OK
REQUEST	Scen_1,S_1503326775	Select_thomas	1621524026602	1621524026687	OK	 
REQUEST	Scen_1,S_1503326775	request_1	1621524026688	1621524029716	OK	 
REQUEST	Scen_1,S_1503326775	request_1503326775	1621524029717	1621524033301	OK	 
GROUP	Scen_1,S_1503326775	1621524026601	1621524033302	6697	OK
REQUEST	Scen_1,DrillDown_thomas	68055	1621524035178	1621524035341	OK	 
GROUP	Scen_1,DrillDown_thomas	1621524035177	1621524035342	163	OK
REQUEST	Scen_1,SearchByActiveMember	Select_SearchByActiveMember	1621524036929	1621524037337	OK	 
GROUP	Scen_1,SearchByActiveMember	1621524036928	1621524037338	408	OK
REQUEST	Scen_1,SearchName_smith	Search_1	1621524038492	1621524039855	OK	 
REQUEST	Scen_1,SearchName_smith	Search_2003327496	1621524039856	1621524041165	OK	 
GROUP	Scen_1,SearchName_smith	1621524038492	1621524041165	2672	OK
REQUEST	Scen_1,S_2003327496	Select_smith	1621524043068	1621524043211	OK	 
REQUEST	Scen_1,S_2003327496	request_1	1621524043213	1621524045897	OK	 
REQUEST	Scen_1,S_2003327496	request_2003327496	1621524045898	1621524048968	OK	 
GROUP	Scen_1,S_2003327496	1621524043068	1621524048969	5897	OK
REQUEST	Scen_1,DrillDown_smith	67992	1621524050296	1621524050514	OK	 
GROUP	Scen_1,DrillDown_smith	1621524050295	1621524050515	218	OK
REQUEST	Scen_1,SearchByActiveMember	Select_SearchByActiveMember	1621524052504	1621524052862	OK	 
GROUP	Scen_1,SearchByActiveMember	1621524052503	1621524052863	358	OK
REQUEST	Scen_1,SearchName_roger	Search_1	1621524054423	1621524055983	OK	 
REQUEST	Scen_1,SearchName_roger	Search_403328329	1621524055985	1621524057773	OK	 
GROUP	Scen_1,SearchName_roger	1621524054422	1621524057773	3348	OK
REQUEST	Scen_1,S_403328329	Select_roger	1621524059653	1621524059739	OK	 
REQUEST	Scen_1,S_403328329	request_1	1621524059740	1621524060745	OK	 
REQUEST	Scen_1,S_403328329	request_403328329	1621524060746	1621524063518	OK	 
GROUP	Scen_1,S_403328329	1621524059652	1621524063519	3863	OK
REQUEST	Scen_1,DrillDown_roger	63702	1621524064570	1621524064764	OK	 
GROUP	Scen_1,DrillDown_roger	1621524064569	1621524064765	194	OK
GROUP	Scen_1	1621524016264	1621524065910	29327	OK
USER	Users_1	END	1621524065913
