RUN	Optum.Framework.OptumSim	optumsim	1621526147578	 	3.5.1
USER	Users_1	START	1621526150454
REQUEST	Scen_1,Login	BasePage	1621526150471	1621526150750	OK	 
REQUEST	Scen_1,Login	BasePage_1	1621526150773	1621526150852	OK	 
REQUEST	Scen_1,Login	BasePage_2	1621526150859	1621526150921	OK	 
REQUEST	Scen_1,Login	BasePage_3	1621526150922	1621526151003	OK	 
REQUEST	Scen_1,Login	BasePage_4	1621526151005	1621526151069	OK	 
REQUEST	Scen_1,Login	BasePage_5	1621526151071	1621526152996	OK	 
GROUP	Scen_1,Login	1621526150457	1621526152998	2490	OK
REQUEST	Scen_1,SearchByActiveMember	Select_SearchByActiveMember	1621526154004	1621526154153	OK	 
GROUP	Scen_1,SearchByActiveMember	1621526154003	1621526154154	149	OK
REQUEST	Scen_1,SearchName_douglas	Search_1	1621526155798	1621526156474	OK	 
REQUEST	Scen_1,SearchName_douglas	Search_2003330312	1621526156479	1621526157090	OK	 
GROUP	Scen_1,SearchName_douglas	1621526155794	1621526157091	1287	OK
REQUEST	Scen_1,S_2003330312	Select_douglas	1621526159061	1621526159138	OK	 
REQUEST	Scen_1,S_2003330312	request_1	1621526159140	1621526162005	OK	 
REQUEST	Scen_1,S_2003330312	request_2003330312	1621526162007	1621526164664	OK	 
GROUP	Scen_1,S_2003330312	1621526159060	1621526164665	5599	OK
REQUEST	Scen_1,DrillDown_douglas	64881	1621526166048	1621526166521	OK	 
GROUP	Scen_1,DrillDown_douglas	1621526166046	1621526166522	473	OK
GROUP	Scen_1	1621526150457	1621526167653	9998	OK
REQUEST	Scen_1,Login	BasePage	1621526167655	1621526167716	OK	 
REQUEST	Scen_1,Login	BasePage_1	1621526167718	1621526167785	OK	 
REQUEST	Scen_1,Login	BasePage_2	1621526167787	1621526167849	OK	 
REQUEST	Scen_1,Login	BasePage_3	1621526167850	1621526167917	OK	 
REQUEST	Scen_1,Login	BasePage_4	1621526167918	1621526167985	OK	 
REQUEST	Scen_1,Login	BasePage_5	1621526167987	1621526169992	OK	 
GROUP	Scen_1,Login	1621526167654	1621526169993	2329	OK
REQUEST	Scen_1,SearchByActiveMember	Select_SearchByActiveMember	1621526170998	1621526171191	OK	 
GROUP	Scen_1,SearchByActiveMember	1621526170997	1621526171192	193	OK
REQUEST	Scen_1,SearchName_thomas	Search_1	1621526173042	1621526174602	OK	 
REQUEST	Scen_1,SearchName_thomas	Search_1503326775	1621526174604	1621526176136	OK	 
GROUP	Scen_1,SearchName_thomas	1621526173041	1621526176137	3092	OK
REQUEST	Scen_1,S_1503326775	Select_thomas	1621526177253	1621526177336	OK	 
REQUEST	Scen_1,S_1503326775	request_1	1621526177337	1621526179849	OK	 
REQUEST	Scen_1,S_1503326775	request_1503326775	1621526179850	1621526182588	OK	 
GROUP	Scen_1,S_1503326775	1621526177252	1621526182589	5333	OK
REQUEST	Scen_1,DrillDown_thomas	68055	1621526183713	1621526184056	OK	 
GROUP	Scen_1,DrillDown_thomas	1621526183712	1621526184056	343	OK
GROUP	Scen_1	1621526167654	1621526185244	11290	OK
REQUEST	Scen_1,Login	BasePage	1621526185245	1621526185314	OK	 
REQUEST	Scen_1,Login	BasePage_1	1621526185316	1621526185376	OK	 
REQUEST	Scen_1,Login	BasePage_2	1621526185377	1621526185442	OK	 
REQUEST	Scen_1,Login	BasePage_3	1621526185443	1621526185507	OK	 
REQUEST	Scen_1,Login	BasePage_4	1621526185508	1621526185586	OK	 
REQUEST	Scen_1,Login	BasePage_5	1621526185587	1621526187913	OK	 
GROUP	Scen_1,Login	1621526185244	1621526187914	2662	OK
REQUEST	Scen_1,SearchByActiveMember	Select_SearchByActiveMember	1621526188918	1621526189108	OK	 
GROUP	Scen_1,SearchByActiveMember	1621526188917	1621526189109	190	OK
REQUEST	Scen_1,SearchName_smith	Search_1	1621526190890	1621526192518	OK	 
REQUEST	Scen_1,SearchName_smith	Search_2003327496	1621526192519	1621526194055	OK	 
GROUP	Scen_1,SearchName_smith	1621526190889	1621526194055	3164	OK
REQUEST	Scen_1,S_2003327496	Select_smith	1621526195248	1621526196019	OK	 
REQUEST	Scen_1,S_2003327496	request_1	1621526196021	1621526199022	OK	 
REQUEST	Scen_1,S_2003327496	request_2003327496	1621526199024	1621526202863	OK	 
GROUP	Scen_1,S_2003327496	1621526195247	1621526202864	7611	OK
REQUEST	Scen_1,DrillDown_smith	67992	1621526203944	1621526204297	OK	 
GROUP	Scen_1,DrillDown_smith	1621526203944	1621526204297	353	OK
GROUP	Scen_1	1621526185244	1621526206085	13980	OK
REQUEST	Scen_1,Login	BasePage	1621526206086	1621526206156	OK	 
REQUEST	Scen_1,Login	BasePage_1	1621526206157	1621526206221	OK	 
REQUEST	Scen_1,Login	BasePage_2	1621526206222	1621526206293	OK	 
REQUEST	Scen_1,Login	BasePage_3	1621526206295	1621526206357	OK	 
REQUEST	Scen_1,Login	BasePage_4	1621526206358	1621526206424	OK	 
REQUEST	Scen_1,Login	BasePage_5	1621526206425	1621526209414	OK	 
GROUP	Scen_1,Login	1621526206086	1621526209415	3322	OK
REQUEST	Scen_1,SearchByActiveMember	Select_SearchByActiveMember	1621526210421	1621526210585	OK	 
GROUP	Scen_1,SearchByActiveMember	1621526210420	1621526210586	164	OK
REQUEST	Scen_1,SearchName_roger	Search_1	1621526211638	1621526212793	OK	 
REQUEST	Scen_1,SearchName_roger	Search_403328329	1621526212795	1621526213616	OK	 
GROUP	Scen_1,SearchName_roger	1621526211637	1621526213617	1976	OK
REQUEST	Scen_1,S_403328329	Select_roger	1621526215032	1621526215111	OK	 
REQUEST	Scen_1,S_403328329	request_1	1621526215113	1621526215663	OK	 
REQUEST	Scen_1,S_403328329	request_403328329	1621526215664	1621526219553	OK	 
GROUP	Scen_1,S_403328329	1621526215031	1621526219553	4518	OK
REQUEST	Scen_1,DrillDown_roger	63702	1621526221172	1621526221467	OK	 
GROUP	Scen_1,DrillDown_roger	1621526221171	1621526221468	295	OK
GROUP	Scen_1	1621526206085	1621526222525	10275	OK
REQUEST	Scen_1,Login	BasePage	1621526222527	1621526222786	OK	 
REQUEST	Scen_1,Login	BasePage_1	1621526222787	1621526222852	OK	 
REQUEST	Scen_1,Login	BasePage_2	1621526222853	1621526222917	OK	 
REQUEST	Scen_1,Login	BasePage_3	1621526222919	1621526222982	OK	 
REQUEST	Scen_1,Login	BasePage_4	1621526222983	1621526223055	OK	 
REQUEST	Scen_1,Login	BasePage_5	1621526223056	1621526227336	OK	 
GROUP	Scen_1,Login	1621526222526	1621526227337	4803	OK
REQUEST	Scen_1,SearchByActiveMember	Select_SearchByActiveMember	1621526228344	1621526228494	OK	 
GROUP	Scen_1,SearchByActiveMember	1621526228343	1621526228495	150	OK
REQUEST	Scen_1,SearchName_baker	Search_1	1621526229899	1621526230818	OK	 
REQUEST	Scen_1,SearchName_baker	Search_1803327625	1621526230819	1621526231331	OK	 
GROUP	Scen_1,SearchName_baker	1621526229898	1621526231332	1431	OK
REQUEST	Scen_1,S_1803327625	Select_baker	1621526232936	1621526233019	OK	 
REQUEST	Scen_1,S_1803327625	request_1	1621526233021	1621526233442	OK	 
REQUEST	Scen_1,S_1803327625	request_1803327625	1621526233444	1621526237369	OK	 
GROUP	Scen_1,S_1803327625	1621526232935	1621526237370	4429	OK
REQUEST	Scen_1,DrillDown_baker	68321	1621526239122	1621526239311	OK	 
GROUP	Scen_1,DrillDown_baker	1621526239121	1621526239312	189	OK
GROUP	Scen_1	1621526222526	1621526240879	11002	OK
REQUEST	Scen_1,Login	BasePage	1621526240880	1621526241143	OK	 
REQUEST	Scen_1,Login	BasePage_1	1621526241145	1621526241210	OK	 
REQUEST	Scen_1,Login	BasePage_2	1621526241211	1621526241276	OK	 
REQUEST	Scen_1,Login	BasePage_3	1621526241277	1621526241343	OK	 
REQUEST	Scen_1,Login	BasePage_4	1621526241344	1621526241409	OK	 
REQUEST	Scen_1,Login	BasePage_5	1621526241410	1621526243206	OK	 
GROUP	Scen_1,Login	1621526240879	1621526243207	2320	OK
REQUEST	Scen_1,SearchByActiveMember	Select_SearchByActiveMember	1621526244214	1621526244402	OK	 
GROUP	Scen_1,SearchByActiveMember	1621526244213	1621526244402	188	OK
REQUEST	Scen_1,SearchName_douglas	Search_1	1621526245889	1621526246588	OK	 
REQUEST	Scen_1,SearchName_douglas	Search_2003330312	1621526246590	1621526247296	OK	 
GROUP	Scen_1,SearchName_douglas	1621526245888	1621526247297	1405	OK
REQUEST	Scen_1,S_2003330312	Select_douglas	1621526249252	1621526249339	OK	 
REQUEST	Scen_1,S_2003330312	request_1	1621526249340	1621526252324	OK	 
REQUEST	Scen_1,S_2003330312	request_2003330312	1621526252325	1621526255087	OK	 
GROUP	Scen_1,S_2003330312	1621526249251	1621526255088	5833	OK
REQUEST	Scen_1,DrillDown_douglas	64881	1621526256681	1621526256908	OK	 
GROUP	Scen_1,DrillDown_douglas	1621526256680	1621526256909	227	OK
GROUP	Scen_1	1621526240879	1621526257963	9973	OK
REQUEST	Scen_1,Login	BasePage	1621526257964	1621526258030	OK	 
REQUEST	Scen_1,Login	BasePage_1	1621526258031	1621526258100	OK	 
REQUEST	Scen_1,Login	BasePage_2	1621526258101	1621526258164	OK	 
REQUEST	Scen_1,Login	BasePage_3	1621526258165	1621526258232	OK	 
REQUEST	Scen_1,Login	BasePage_4	1621526258233	1621526258296	OK	 
REQUEST	Scen_1,Login	BasePage_5	1621526258297	1621526260207	OK	 
GROUP	Scen_1,Login	1621526257963	1621526260208	2238	OK
REQUEST	Scen_1,SearchByActiveMember	Select_SearchByActiveMember	1621526261215	1621526261391	OK	 
GROUP	Scen_1,SearchByActiveMember	1621526261214	1621526261392	176	OK
REQUEST	Scen_1,SearchName_thomas	Search_1	1621526262922	1621526264610	OK	 
REQUEST	Scen_1,SearchName_thomas	Search_1503326775	1621526264611	1621526266146	OK	 
GROUP	Scen_1,SearchName_thomas	1621526262921	1621526266147	3223	OK
REQUEST	Scen_1,S_1503326775	Select_thomas	1621526267398	1621526267482	OK	 
REQUEST	Scen_1,S_1503326775	request_1	1621526267483	1621526270344	OK	 
REQUEST	Scen_1,S_1503326775	request_1503326775	1621526270346	1621526273212	OK	 
GROUP	Scen_1,S_1503326775	1621526267397	1621526273213	5811	OK
REQUEST	Scen_1,DrillDown_thomas	68055	1621526274629	1621526274800	OK	 
GROUP	Scen_1,DrillDown_thomas	1621526274628	1621526274801	171	OK
GROUP	Scen_1	1621526257963	1621526276426	11619	OK
REQUEST	Scen_1,Login	BasePage	1621526276427	1621526276488	OK	 
REQUEST	Scen_1,Login	BasePage_1	1621526276489	1621526276557	OK	 
REQUEST	Scen_1,Login	BasePage_2	1621526276558	1621526276621	OK	 
REQUEST	Scen_1,Login	BasePage_3	1621526276622	1621526276685	OK	 
REQUEST	Scen_1,Login	BasePage_4	1621526276686	1621526276758	OK	 
REQUEST	Scen_1,Login	BasePage_5	1621526276759	1621526278946	OK	 
GROUP	Scen_1,Login	1621526276426	1621526278946	2514	OK
REQUEST	Scen_1,SearchByActiveMember	Select_SearchByActiveMember	1621526279948	1621526280378	OK	 
GROUP	Scen_1,SearchByActiveMember	1621526279948	1621526280378	430	OK
REQUEST	Scen_1,SearchName_smith	Search_1	1621526282058	1621526284066	OK	 
REQUEST	Scen_1,SearchName_smith	Search_2003327496	1621526284067	1621526284985	OK	 
GROUP	Scen_1,SearchName_smith	1621526282057	1621526284986	2926	OK
REQUEST	Scen_1,S_2003327496	Select_smith	1621526286601	1621526286682	OK	 
REQUEST	Scen_1,S_2003327496	request_1	1621526286683	1621526289494	OK	 
REQUEST	Scen_1,S_2003327496	request_2003327496	1621526289495	1621526292973	OK	 
GROUP	Scen_1,S_2003327496	1621526286601	1621526292974	6370	OK
REQUEST	Scen_1,DrillDown_smith	67992	1621526294614	1621526294979	OK	 
GROUP	Scen_1,DrillDown_smith	1621526294613	1621526294979	365	OK
GROUP	Scen_1	1621526276426	1621526296662	12605	OK
REQUEST	Scen_1,Login	BasePage	1621526296662	1621526296730	OK	 
REQUEST	Scen_1,Login	BasePage_1	1621526296731	1621526296794	OK	 
REQUEST	Scen_1,Login	BasePage_2	1621526296795	1621526296859	OK	 
REQUEST	Scen_1,Login	BasePage_3	1621526296860	1621526296922	OK	 
REQUEST	Scen_1,Login	BasePage_4	1621526296924	1621526296989	OK	 
REQUEST	Scen_1,Login	BasePage_5	1621526296990	1621526298718	OK	 
GROUP	Scen_1,Login	1621526296662	1621526298718	2050	OK
REQUEST	Scen_1,SearchByActiveMember	Select_SearchByActiveMember	1621526299723	1621526299940	OK	 
GROUP	Scen_1,SearchByActiveMember	1621526299722	1621526299940	217	OK
REQUEST	Scen_1,SearchName_roger	Search_1	1621526301361	1621526302909	OK	 
REQUEST	Scen_1,SearchName_roger	Search_403328329	1621526302910	1621526304033	OK	 
GROUP	Scen_1,SearchName_roger	1621526301361	1621526304033	2671	OK
REQUEST	Scen_1,S_403328329	Select_roger	1621526305638	1621526305749	OK	 
REQUEST	Scen_1,S_403328329	request_1	1621526305750	1621526306696	OK	 
REQUEST	Scen_1,S_403328329	request_403328329	1621526306697	1621526309439	OK	 
GROUP	Scen_1,S_403328329	1621526305637	1621526309439	3799	OK
REQUEST	Scen_1,DrillDown_roger	63702	1621526310793	1621526310973	OK	 
GROUP	Scen_1,DrillDown_roger	1621526310792	1621526310973	180	OK
GROUP	Scen_1	1621526296662	1621526312531	8917	OK
REQUEST	Scen_1,Login	BasePage	1621526312532	1621526312593	OK	 
REQUEST	Scen_1,Login	BasePage_1	1621526312594	1621526312659	OK	 
REQUEST	Scen_1,Login	BasePage_2	1621526312660	1621526312723	OK	 
REQUEST	Scen_1,Login	BasePage_3	1621526312724	1621526312785	OK	 
REQUEST	Scen_1,Login	BasePage_4	1621526312786	1621526312849	OK	 
REQUEST	Scen_1,Login	BasePage_5	1621526312850	1621526314993	OK	 
GROUP	Scen_1,Login	1621526312531	1621526314994	2456	OK
REQUEST	Scen_1,SearchByActiveMember	Select_SearchByActiveMember	1621526316001	1621526316250	OK	 
GROUP	Scen_1,SearchByActiveMember	1621526316001	1621526316251	249	OK
REQUEST	Scen_1,SearchName_baker	Search_1	1621526318020	1621526319150	OK	 
REQUEST	Scen_1,SearchName_baker	Search_1803327625	1621526319151	1621526320313	OK	 
GROUP	Scen_1,SearchName_baker	1621526318019	1621526320314	2292	OK
REQUEST	Scen_1,S_1803327625	Select_baker	1621526321796	1621526321879	OK	 
REQUEST	Scen_1,S_1803327625	request_1	1621526321880	1621526322352	OK	 
REQUEST	Scen_1,S_1803327625	request_1803327625	1621526322355	1621526325645	OK	 
GROUP	Scen_1,S_1803327625	1621526321795	1621526325646	3845	OK
REQUEST	Scen_1,DrillDown_baker	68321	1621526326867	1621526327194	OK	 
GROUP	Scen_1,DrillDown_baker	1621526326867	1621526327196	327	OK
GROUP	Scen_1	1621526312531	1621526328428	9169	OK
USER	Users_1	END	1621526328431
