RUN	JJ.Framework.JJSim	jjsim	1622654846419	JJ.Framework.JJSim-SIMULATION_1_0:SIMULATION_2_0:SIMULATION_3_0:SIMULATION_4_0:Iterations_2	3.5.1
USER	Users_3	START	1622654847859
USER	Users_1	START	1622654847859
USER	Users_2	START	1622654847859
REQUEST	NPI,NPI	NPI_1245318229	1622654847883	1622654856142	OK	 
GROUP	NPI,NPI	1622654847864	1622654856178	8259	OK
GROUP	NPI	1622654847862	1622654858050	8259	OK
REQUEST	NPI,NPI	NPI_1821049651	1622654858055	1622654858245	OK	 
GROUP	NPI,NPI	1622654858052	1622654858247	190	OK
GROUP	NPI	1622654858051	1622654859938	190	OK
USER	Users_1	END	1622654859942
REQUEST	TIN,TIN	TIN_391139101	1622654847883	1622654860566	OK	 
GROUP	TIN,TIN	1622654847864	1622654860579	12683	OK
GROUP	TIN	1622654847862	1622654861603	12683	OK
REQUEST	LName,LN	LName_Smith	1622654847883	1622654863460	OK	 
GROUP	LName,LN	1622654847864	1622654863465	15577	OK
GROUP	LName	1622654847862	1622654864925	15577	OK
REQUEST	TIN,TIN	TIN_391139101	1622654861605	1622654866109	OK	 
GROUP	TIN,TIN	1622654861604	1622654866112	4504	OK
GROUP	TIN	1622654861604	1622654867670	4504	OK
USER	Users_2	END	1622654867670
REQUEST	LName,LN	LName_Jones	1622654864926	1622654868103	OK	 
GROUP	LName,LN	1622654864926	1622654868108	3177	OK
GROUP	LName	1622654864925	1622654869710	3177	OK
USER	Users_3	END	1622654869710
