RUN	BO.Framework.BOSim	bosim	1623704092921	 	3.5.1
USER	Users_1	START	1623704094442
REQUEST	LOGIN,LOGIN	LOGIN	1623704094464	1623704095165	OK	 
REQUEST	LOGIN,LOGIN	request_11	1623704095185	1623704095358	OK	 
REQUEST	LOGIN,LOGIN	request_12	1623704095367	1623704095464	OK	 
REQUEST	LOGIN,LOGIN	request_13	1623704095465	1623704095875	OK	 
REQUEST	LOGIN,LOGIN	request_14	1623704095877	1623704095941	OK	 
REQUEST	LOGIN,LOGIN	request_14 Redirect 1	1623704095945	1623704096050	OK	 
REQUEST	LOGIN,LOGIN	favicon.ico	1623704096086	1623704096400	OK	 
REQUEST	LOGIN,LOGIN	consumer-optum3-b35069f230.css	1623704096085	1623704096402	OK	 
REQUEST	LOGIN,LOGIN	consumer-7acd47889c.css	1623704096085	1623704096410	OK	 
REQUEST	LOGIN,LOGIN	error-63062f7857.min.js	1623704096084	1623704096413	OK	 
REQUEST	LOGIN,LOGIN	uitk-req-min-948de8930b.css	1623704096084	1623704096472	OK	 
REQUEST	LOGIN,LOGIN	lib-min-7e6d84b497.js	1623704096083	1623704096940	OK	 
REQUEST	LOGIN,LOGIN	request_19	1623704096965	1623704097517	OK	 
REQUEST	LOGIN,LOGIN	publicSector.js	1623704097526	1623704097602	OK	 
REQUEST	LOGIN,LOGIN	providerExpress_logo.gif	1623704097604	1623704097680	OK	 
REQUEST	LOGIN,LOGIN	loading.gif	1623704097681	1623704097750	OK	 
REQUEST	LOGIN,LOGIN	space.gif	1623704097751	1623704097820	OK	 
REQUEST	LOGIN,LOGIN	tabs.css	1623704097527	1623704097822	OK	 
REQUEST	LOGIN,LOGIN	sso.js	1623704097527	1623704097826	OK	 
REQUEST	LOGIN,LOGIN	home-bar.css	1623704097528	1623704097827	OK	 
REQUEST	LOGIN,LOGIN	uolStyle.css	1623704097528	1623704097888	OK	 
REQUEST	LOGIN,LOGIN	jquery-3.3.1.slim.min.js	1623704097528	1623704098023	OK	 
REQUEST	LOGIN,LOGIN	request_20	1623704098025	1623704098097	OK	 
REQUEST	LOGIN,LOGIN	request_22	1623704098099	1623704098168	OK	 
REQUEST	LOGIN,LOGIN	request_23	1623704098169	1623704098241	OK	 
REQUEST	LOGIN,LOGIN	request_23 Redirect 1	1623704098242	1623704098437	OK	 
REQUEST	LOGIN,LOGIN	request_23 Redirect 2	1623704098439	1623704098641	OK	 
REQUEST	LOGIN,LOGIN	request_23 Redirect 3	1623704098643	1623704098966	OK	 
REQUEST	LOGIN,LOGIN	global-app-config.js	1623704098973	1623704099073	OK	 
REQUEST	LOGIN,LOGIN	newrelic.js	1623704098975	1623704099075	OK	 
REQUEST	LOGIN,LOGIN	uitk-req-min-945fd9447c.js	1623704098974	1623704099132	OK	 
REQUEST	LOGIN,LOGIN	{{favIconPath}}	1623704098973	1623704099167	OK	 
REQUEST	LOGIN,LOGIN	prelogin-f85aab9ec4.min.js	1623704098974	1623704099200	OK	 
REQUEST	LOGIN,LOGIN	summer.js	1623704098972	1623704099311	OK	 
REQUEST	LOGIN,LOGIN	request_25	1623704099313	1623704099385	OK	 
REQUEST	LOGIN,LOGIN	request_26	1623704099387	1623704099457	OK	 
REQUEST	LOGIN,LOGIN	request_27	1623704099458	1623704099529	OK	 
REQUEST	LOGIN,LOGIN	request_28	1623704099531	1623704099610	OK	 
REQUEST	LOGIN,LOGIN	request_29	1623704099611	1623704099679	OK	 
REQUEST	LOGIN,LOGIN	request_45	1623704099681	1623704100105	OK	 
REQUEST	LOGIN,LOGIN	request_46	1623704100108	1623704100756	OK	 
REQUEST	LOGIN,LOGIN	request_51	1623704100761	1623704101570	OK	 
REQUEST	LOGIN,LOGIN	request_52	1623704101573	1623704102020	OK	 
REQUEST	LOGIN,LOGIN	request_53	1623704102021	1623704102188	OK	 
REQUEST	LOGIN,LOGIN	request_54	1623704102190	1623704102312	OK	 
REQUEST	LOGIN,LOGIN	request_55	1623704102313	1623704102434	OK	 
REQUEST	LOGIN,LOGIN	request_56	1623704102436	1623704102538	OK	 
REQUEST	LOGIN,LOGIN	request_57	1623704102540	1623704102826	OK	 
REQUEST	LOGIN,LOGIN	request_58	1623704102828	1623704103250	OK	 
REQUEST	LOGIN,LOGIN	request_60	1623704103251	1623704103365	OK	 
REQUEST	LOGIN,LOGIN	request_61	1623704103367	1623704103700	OK	 
GROUP	LOGIN,LOGIN	1623704094446	1623704103701	9115	OK
REQUEST	LOGIN,LOGGED_IN	LOGGEDIn	1623704104855	1623704105027	OK	 
REQUEST	LOGIN,LOGGED_IN	request_63	1623704105029	1623704105101	OK	 
REQUEST	LOGIN,LOGGED_IN	request_65	1623704105103	1623704105176	OK	 
REQUEST	LOGIN,LOGGED_IN	request_65 Redirect 1	1623704105177	1623704105319	OK	 
REQUEST	LOGIN,LOGGED_IN	request_65 Redirect 2	1623704105320	1623704105445	OK	 
REQUEST	LOGIN,LOGGED_IN	request_65 Redirect 3	1623704105446	1623704105578	OK	 
REQUEST	LOGIN,LOGGED_IN	{{favIconPath}}	1623704105580	1623704105766	OK	 
REQUEST	LOGIN,LOGGED_IN	summer.js	1623704105580	1623704105855	OK	 
REQUEST	LOGIN,LOGGED_IN	request_68	1623704105857	1623704105933	OK	 
REQUEST	LOGIN,LOGGED_IN	request_70	1623704105935	1623704106191	OK	 
REQUEST	LOGIN,LOGGED_IN	request_71	1623704106193	1623704106264	OK	 
REQUEST	LOGIN,LOGGED_IN	request_74	1623704106266	1623704106532	OK	 
REQUEST	LOGIN,LOGGED_IN	request_76	1623704106534	1623704106679	OK	 
REQUEST	LOGIN,LOGGED_IN	request_77	1623704106681	1623704106750	OK	 
REQUEST	LOGIN,LOGGED_IN	request_79	1623704106751	1623704107268	OK	 
REQUEST	LOGIN,LOGGED_IN	request_89	1623704107271	1623704107920	OK	 
REQUEST	LOGIN,LOGGED_IN	request_90	1623704107926	1623704108861	OK	 
REQUEST	LOGIN,LOGGED_IN	request_92	1623704108892	1623704109001	OK	 
REQUEST	LOGIN,LOGGED_IN	request_93	1623704109003	1623704109172	OK	 
REQUEST	LOGIN,LOGGED_IN	request_98	1623704109175	1623704109349	OK	 
REQUEST	LOGIN,LOGGED_IN	request_99	1623704109350	1623704109533	OK	 
GROUP	LOGIN,LOGGED_IN	1623704104855	1623704109535	4614	OK
REQUEST	LOGIN,SEARCH	request_3	1623704111452	1623704112098	KO	status.find.in(200,201,202,203,204,205,206,207,208,209,304), found 400
REQUEST	LOGIN,SEARCH	request_4	1623704112100	1623704112741	KO	status.find.in(200,201,202,203,204,205,206,207,208,209,304), found 400
REQUEST	LOGIN,SEARCH	request_6	1623704112742	1623704113397	KO	status.find.in(200,201,202,203,204,205,206,207,208,209,304), found 400
REQUEST	LOGIN,SEARCH	request_7	1623704113398	1623704114035	KO	status.find.in(200,201,202,203,204,205,206,207,208,209,304), found 400
REQUEST	LOGIN,SEARCH	request_8	1623704114036	1623704114759	KO	status.find.in(200,201,202,203,204,205,206,207,208,209,304), found 400
REQUEST	LOGIN,SEARCH	request_11	1623704114760	1623704115405	KO	status.find.in(200,201,202,203,204,205,206,207,208,209,304), found 400
REQUEST	LOGIN,SEARCH	request_12	1623704115406	1623704116074	KO	status.find.in(200,201,202,203,204,205,206,207,208,209,304), found 400
REQUEST	LOGIN,SEARCH	request_15	1623704116074	1623704116717	KO	status.find.in(200,201,202,203,204,205,206,207,208,209,304), found 400
REQUEST	LOGIN,SEARCH	request_18	1623704116718	1623704117358	KO	status.find.in(200,201,202,203,204,205,206,207,208,209,304), found 400
REQUEST	LOGIN,SEARCH	request_26	1623704117359	1623704117992	KO	status.find.in(200,201,202,203,204,205,206,207,208,209,304), found 400
REQUEST	LOGIN,SEARCH	request_27	1623704117993	1623704118637	KO	status.find.in(200,201,202,203,204,205,206,207,208,209,304), found 400
REQUEST	LOGIN,SEARCH	request_29	1623704118638	1623704118743	OK	 
REQUEST	LOGIN,SEARCH	request_30	1623704118744	1623704118921	OK	 
REQUEST	LOGIN,SEARCH	request_35	1623704118923	1623704119083	OK	 
REQUEST	LOGIN,SEARCH	request_36	1623704119085	1623704119258	OK	 
REQUEST	LOGIN,SEARCH	request_39	1623704119260	1623704119409	OK	 
GROUP	LOGIN,SEARCH	1623704111452	1623704119409	7939	KO
GROUP	LOGIN	1623704094444	1623704120959	21668	KO
USER	Users_1	END	1623704120964
