RUN	Optum.Framework.OptumSim	optumsim	1622569577882	Optum.Framework.OptumSim-SIMULATION_1_3:SIMULATION_2_0:SIMULATION_3_0:SIMULATION_4_0:Iterations_10	3.5.1
USER	Users_1	START	1622569579956
REQUEST	Scen_1,Login	BasePage	1622569579975	1622569580404	OK	 
REQUEST	Scen_1,Login	BasePage_1	1622569580432	1622569580508	OK	 
REQUEST	Scen_1,Login	BasePage_2	1622569580515	1622569580577	OK	 
REQUEST	Scen_1,Login	BasePage_3	1622569580578	1622569580664	OK	 
REQUEST	Scen_1,Login	BasePage_4	1622569580665	1622569580747	OK	 
REQUEST	Scen_1,Login	BasePage_5	1622569580748	1622569582595	OK	 
GROUP	Scen_1,Login	1622569579959	1622569582596	2582	OK
REQUEST	Scen_1,SearchByActiveMember	Select_SearchByActiveMember	1622569583603	1622569583740	OK	 
GROUP	Scen_1,SearchByActiveMember	1622569583603	1622569583741	137	OK
USER	Users_1	START	1622569585946
REQUEST	Scen_1,Login	BasePage	1622569585947	1622569586218	OK	 
REQUEST	Scen_1,SearchName_douglas	Search_1	1622569585453	1622569586216	OK	 
REQUEST	Scen_1,Login	BasePage_1	1622569586219	1622569586294	OK	 
REQUEST	Scen_1,Login	BasePage_2	1622569586295	1622569586360	OK	 
REQUEST	Scen_1,Login	BasePage_3	1622569586361	1622569586426	OK	 
REQUEST	Scen_1,Login	BasePage_4	1622569586427	1622569586494	OK	 
REQUEST	Scen_1,SearchName_douglas	Search_2003330312	1622569586221	1622569586784	OK	 
GROUP	Scen_1,SearchName_douglas	1622569585450	1622569586785	1326	OK
REQUEST	Scen_1,Login	BasePage_5	1622569586495	1622569588325	OK	 
GROUP	Scen_1,Login	1622569585946	1622569588326	2373	OK
REQUEST	Scen_1,S_2003330312	Select_douglas	1622569588761	1622569588837	OK	 
REQUEST	Scen_1,SearchByActiveMember	Select_SearchByActiveMember	1622569589330	1622569589430	OK	 
GROUP	Scen_1,SearchByActiveMember	1622569589330	1622569589431	100	OK
REQUEST	Scen_1,S_2003330312	request_1	1622569588838	1622569590888	OK	 
USER	Users_1	START	1622569592946
REQUEST	Scen_1,Login	BasePage	1622569592947	1622569593259	OK	 
REQUEST	Scen_1,SearchName_thomas	Search_1	1622569591176	1622569593263	OK	 
REQUEST	Scen_1,Login	BasePage_1	1622569593260	1622569593346	OK	 
REQUEST	Scen_1,Login	BasePage_2	1622569593347	1622569593411	OK	 
REQUEST	Scen_1,Login	BasePage_3	1622569593412	1622569593477	OK	 
REQUEST	Scen_1,Login	BasePage_4	1622569593477	1622569593545	OK	 
REQUEST	Scen_1,SearchName_thomas	Search_903323080	1622569593264	1622569595905	OK	 
GROUP	Scen_1,SearchName_thomas	1622569591176	1622569595906	4728	OK
REQUEST	Scen_1,S_2003330312	request_2003330312	1622569590889	1622569596725	OK	 
GROUP	Scen_1,S_2003330312	1622569588760	1622569596726	7962	OK
REQUEST	Scen_1,S_903323080	Select_thomas	1622569596975	1622569597146	OK	 
REQUEST	Scen_1,Login	BasePage_5	1622569593546	1622569597544	OK	 
GROUP	Scen_1,Login	1622569592946	1622569597545	4593	OK
REQUEST	Scen_1,S_903323080	request_1	1622569597147	1622569598056	OK	 
REQUEST	Scen_1,DrillDown_douglas	64881	1622569597981	1622569598664	OK	 
GROUP	Scen_1,DrillDown_douglas	1622569597981	1622569598665	683	OK
REQUEST	Scen_1,SearchByActiveMember	Select_SearchByActiveMember	1622569598548	1622569598701	OK	 
GROUP	Scen_1,SearchByActiveMember	1622569598548	1622569598702	153	OK
REQUEST	Scen_1,SearchByActiveMember	Select_SearchByActiveMember	1622569599970	1622569600412	OK	 
GROUP	Scen_1,SearchByActiveMember	1622569599970	1622569600413	442	OK
REQUEST	Scen_1,S_903323080	request_903323080	1622569598058	1622569601128	OK	 
GROUP	Scen_1,S_903323080	1622569596975	1622569601129	4150	OK
REQUEST	Scen_1,SearchName_smith	Search_1	1622569599916	1622569601507	OK	 
REQUEST	Scen_1,SearchName_smith	Search_403324605	1622569601508	1622569602352	OK	 
GROUP	Scen_1,SearchName_smith	1622569599916	1622569602353	2435	OK
REQUEST	Scen_1,DrillDown_thomas	68806	1622569602448	1622569603178	OK	 
GROUP	Scen_1,DrillDown_thomas	1622569602447	1622569603179	730	OK
REQUEST	Scen_1,SearchName_roger	Search_1	1622569602345	1622569603201	OK	 
REQUEST	Scen_1,SearchName_roger	Search_403328329	1622569603202	1622569604028	OK	 
GROUP	Scen_1,SearchName_roger	1622569602345	1622569604029	1682	OK
REQUEST	Scen_1,S_403324605	Select_smith	1622569603951	1622569604037	OK	 
REQUEST	Scen_1,S_403324605	request_1	1622569604038	1622569605118	OK	 
REQUEST	Scen_1,SearchByActiveMember	Select_SearchByActiveMember	1622569605113	1622569605253	OK	 
GROUP	Scen_1,SearchByActiveMember	1622569605113	1622569605253	140	OK
REQUEST	Scen_1,S_403328329	Select_roger	1622569605661	1622569605825	OK	 
REQUEST	Scen_1,S_403328329	request_1	1622569605825	1622569606758	OK	 
REQUEST	Scen_1,S_403324605	request_403324605	1622569605119	1622569607665	OK	 
GROUP	Scen_1,S_403324605	1622569603951	1622569607666	3712	OK
REQUEST	Scen_1,SearchName_baker	Search_1	1622569607232	1622569608398	OK	 
REQUEST	Scen_1,SearchName_baker	Search_1803327625	1622569608399	1622569609515	OK	 
GROUP	Scen_1,SearchName_baker	1622569607231	1622569609516	2282	OK
REQUEST	Scen_1,DrillDown_smith	68530	1622569609502	1622569610023	OK	 
GROUP	Scen_1,DrillDown_smith	1622569609502	1622569610024	521	OK
REQUEST	Scen_1,S_403328329	request_403328329	1622569606759	1622569610513	OK	 
GROUP	Scen_1,S_403328329	1622569605660	1622569610514	4851	OK
REQUEST	Scen_1,S_1803327625	Select_baker	1622569610550	1622569610840	OK	 
REQUEST	Scen_1,S_1803327625	request_1	1622569610841	1622569610956	OK	 
REQUEST	Scen_1,SearchByActiveMember	Select_SearchByActiveMember	1622569611191	1622569611546	OK	 
GROUP	Scen_1,SearchByActiveMember	1622569611191	1622569611547	355	OK
REQUEST	Scen_1,DrillDown_roger	63702	1622569611555	1622569612470	OK	 
GROUP	Scen_1,DrillDown_roger	1622569611555	1622569612470	915	OK
REQUEST	Scen_1,S_1803327625	request_1803327625	1622569610957	1622569613416	OK	 
GROUP	Scen_1,S_1803327625	1622569610550	1622569613416	2864	OK
REQUEST	Scen_1,SearchName_douglas	Search_1	1622569612801	1622569613472	OK	 
REQUEST	Scen_1,SearchName_douglas	Search_2003330312	1622569613473	1622569613924	OK	 
GROUP	Scen_1,SearchName_douglas	1622569612800	1622569613925	1122	OK
REQUEST	Scen_1,SearchByActiveMember	Select_SearchByActiveMember	1622569613726	1622569614110	OK	 
GROUP	Scen_1,SearchByActiveMember	1622569613725	1622569614111	384	OK
REQUEST	Scen_1,S_2003330312	Select_douglas	1622569615055	1622569615150	OK	 
REQUEST	Scen_1,DrillDown_baker	68847	1622569614622	1622569615663	OK	 
GROUP	Scen_1,DrillDown_baker	1622569614622	1622569615663	1041	OK
REQUEST	Scen_1,SearchName_thomas	Search_1	1622569615173	1622569616228	OK	 
REQUEST	Scen_1,SearchName_thomas	Search_903323080	1622569616229	1622569617270	OK	 
GROUP	Scen_1,SearchName_thomas	1622569615173	1622569617271	2096	OK
REQUEST	Scen_1,SearchByActiveMember	Select_SearchByActiveMember	1622569617217	1622569617582	OK	 
GROUP	Scen_1,SearchByActiveMember	1622569617217	1622569617582	365	OK
REQUEST	Scen_1,S_2003330312	request_1	1622569615151	1622569618228	OK	 
REQUEST	Scen_1,S_903323080	Select_thomas	1622569619039	1622569619201	OK	 
REQUEST	Scen_1,S_903323080	request_1	1622569619202	1622569620871	OK	 
REQUEST	Scen_1,SearchName_smith	Search_1	1622569618748	1622569620961	OK	 
REQUEST	Scen_1,S_2003330312	request_2003330312	1622569618229	1622569623760	OK	 
GROUP	Scen_1,S_2003330312	1622569615055	1622569623761	8703	OK
REQUEST	Scen_1,SearchName_smith	Search_403324605	1622569620962	1622569623760	OK	 
GROUP	Scen_1,SearchName_smith	1622569618747	1622569623761	5011	OK
REQUEST	Scen_1,DrillDown_douglas	64881	1622569624803	1622569625673	OK	 
GROUP	Scen_1,DrillDown_douglas	1622569624803	1622569625674	870	OK
REQUEST	Scen_1,S_903323080	request_903323080	1622569620872	1622569625710	OK	 
GROUP	Scen_1,S_903323080	1622569619039	1622569625710	6669	OK
REQUEST	Scen_1,S_403324605	Select_smith	1622569625447	1622569625741	OK	 
REQUEST	Scen_1,S_403324605	request_1	1622569625742	1622569626442	OK	 
REQUEST	Scen_1,SearchByActiveMember	Select_SearchByActiveMember	1622569627395	1622569627743	OK	 
GROUP	Scen_1,SearchByActiveMember	1622569627395	1622569627743	348	OK
REQUEST	Scen_1,DrillDown_thomas	68806	1622569627008	1622569628262	OK	 
GROUP	Scen_1,DrillDown_thomas	1622569627007	1622569628263	1254	OK
REQUEST	Scen_1,S_403324605	request_403324605	1622569626443	1622569628608	OK	 
GROUP	Scen_1,S_403324605	1622569625446	1622569628608	3159	OK
REQUEST	Scen_1,