RUN	JJ.Framework.JJSim	jjsim	1622647485840	JJ.Framework.JJSim-SIMULATION_1_1:SIMULATION_2_:SIMULATION_3_:SIMULATION_4_0:Iterations_10	3.5.1
USER	Users_1	START	1622647487197
REQUEST	Scen_1,NPI	NPI_1245318229	1622647487218	1622647492776	OK	 
GROUP	Scen_1,NPI	1622647487202	1622647492818	5558	OK
GROUP	Scen_1	1622647487200	1622647494569	5558	OK
REQUEST	Scen_1,NPI	NPI_1821049651	1622647494574	1622647494786	OK	 
GROUP	Scen_1,NPI	1622647494571	1622647494788	212	OK
GROUP	Scen_1	1622647494570	1622647495939	212	OK
REQUEST	Scen_1,NPI	NPI_1114976883	1622647495941	1622647496398	OK	 
GROUP	Scen_1,NPI	1622647495940	1622647496400	457	OK
GROUP	Scen_1	1622647495940	1622647497457	457	OK
REQUEST	Scen_1,NPI	NPI_1740270032	1622647497459	1622647497888	OK	 
GROUP	Scen_1,NPI	1622647497458	1622647497890	429	OK
GROUP	Scen_1	1622647497457	1622647499238	429	OK
REQUEST	Scen_1,NPI	NPI_1245419696	1622647499239	1622647499631	OK	 
GROUP	Scen_1,NPI	1622647499238	1622647499632	392	OK
GROUP	Scen_1	1622647499238	1622647500917	392	OK
REQUEST	Scen_1,NPI	NPI_1942331400	1622647500919	1622647501084	OK	 
GROUP	Scen_1,NPI	1622647500917	1622647501086	165	OK
GROUP	Scen_1	1622647500917	1622647502517	165	OK
REQUEST	Scen_1,NPI	NPI_1144239955	1622647502518	1622647503011	OK	 
GROUP	Scen_1,NPI	1622647502518	1622647503013	493	OK
GROUP	Scen_1	1622647502517	1622647504125	493	OK
REQUEST	Scen_1,NPI	NPI_1538137419	1622647504126	1622647504335	OK	 
GROUP	Scen_1,NPI	1622647504125	1622647504336	209	OK
GROUP	Scen_1	1622647504125	1622647505854	209	OK
REQUEST	Scen_1,NPI	NPI_1306830377	1622647505856	1622647506113	OK	 
GROUP	Scen_1,NPI	1622647505855	1622647506114	257	OK
GROUP	Scen_1	1622647505855	1622647507807	257	OK
REQUEST	Scen_1,NPI	NPI_1962487256	1622647507809	1622647508129	OK	 
GROUP	Scen_1,NPI	1622647507808	1622647508131	320	OK
GROUP	Scen_1	1622647507807	1622647509398	320	OK
USER	Users_1	END	1622647509401
