RUN	ocmlogin	ocmlogin	1630523443557	 	3.5.1
USER	ocmlogin	START	1630523448068
REQUEST		Authenticate	1630523448084	1630523449147	OK	 
REQUEST		request_0	1630523449171	1630523450004	OK	 
REQUEST		request_1	1630523450007	1630523450105	OK	 
REQUEST		request_2	1630523450109	1630523450209	OK	 
REQUEST		request_2 Redirect 1	1630523450213	1630523450316	OK	 
REQUEST		request_2 Redirect 2	1630523450318	1630523450435	OK	 
REQUEST		bootstrap.min.css	1630523450487	1630523451149	OK	 
REQUEST		common.css	1630523450488	1630523451961	OK	 
REQUEST		msidpassword.js	1630523450489	1630523457781	OK	 
REQUEST		common.js	1630523450490	1630523457784	OK	 
REQUEST		UHG_Header_Logo.png	1630523450489	1630523457789	OK	 
REQUEST		request_3	1630523457791	1630523458553	OK	 
REQUEST		global-this	1630523459006	1630523461954	OK	 
REQUEST		global-this	1630523461955	1630523462057	OK	 
REQUEST		global-this	1630523462059	1630523462171	OK	 
REQUEST		zone-patch-user-media.js	1630523458920	1630523462327	OK	 
REQUEST		webapis-rtc-peer-connection.min.js	1630523458919	1630523462330	OK	 
REQUEST		runtime.min.js	1630523458920	1630523462411	OK	 
REQUEST		system.min.js	1630523458922	1630523462419	OK	 
REQUEST		amd.min.js	1630523462329	1630523462435	OK	 
REQUEST		named-exports.min.js	1630523462331	1630523462437	OK	 
REQUEST		zone.min.js	1630523458826	1630523462754	OK	 
REQUEST		import-map-overrides.js	1630523458921	1630523462870	OK	 
REQUEST		icon?family=Material+Icons	1630523458737	1630523462877	OK	 
REQUEST		css2?family=Roboto:wght@300;400;500&display=swap	1630523458661	1630523463054	OK	 
REQUEST		d3.v3.min.js	1630523460093	1630523463152	OK	 
REQUEST		popper.min.js	1630523458922	1630523463316	OK	 
REQUEST		bootstrap.min.js	1630523458739	1630523463831	OK	 
REQUEST		minified.min.js	1630523462413	1630523464057	OK	 
REQUEST		jquery-3.3.1.slim.min.js	1630523458559	1630523468513	OK	 
REQUEST		request_13	1630523468518	1630523470856	OK	 
REQUEST		request_21	1630523470859	1630523485177	OK	 
REQUEST		request_22	1630523485179	1630523485675	OK	 
REQUEST		request_23	1630523485676	1630523486345	OK	 
REQUEST		request_24	1630523486346	1630523487979	OK	 
REQUEST		request_25	1630523487980	1630523488257	OK	 
REQUEST		request_26	1630523488259	1630523493838	OK	 
REQUEST		request_27	1630523493878	1630523494050	OK	 
REQUEST		request_28	1630523494053	1630523496770	OK	 
REQUEST		request_29	1630523496772	1630523499337	OK	 
REQUEST		request_30	1630523499338	1630523501090	OK	 
REQUEST		request_31	1630523501092	1630523501266	OK	 
REQUEST		request_32	1630523501270	1630523501664	OK	 
REQUEST		request_33	1630523501665	1630523502625	KO	status.find.in(200,201,202,203,204,205,206,207,208,209,304), found 400
REQUEST		request_34	1630523502628	1630523505615	OK	 
REQUEST		request_35	1630523505616	1630523505896	OK	 
REQUEST		request_36	1630523505898	1630523506035	KO	status.find.in(200,201,202,203,204,205,206,207,208,209,304), found 400
REQUEST		request_37	1630523506036	1630523506173	OK	 
REQUEST		request_38	1630523506174	1630523506351	OK	 
REQUEST		request_39	1630523506353	1630523506849	OK	 
REQUEST		request_40	1630523506850	1630523506991	OK	 
REQUEST		request_41	1630523506992	1630523507125	OK	 
REQUEST		request_42	1630523507126	1630523507734	OK	 
REQUEST		request_43	1630523507735	1630523507869	OK	 
REQUEST		request_44	1630523507870	1630523508491	OK	 
REQUEST		request_45	1630523508493	1630523508696	OK	 
USER	ocmlogin	END	1630523508703
