RUN	Optum.Framework.OptumSim	optumsim	1620857937851	 	3.5.1
USER	Users_1	START	1620857939328
REQUEST	Scen_1,Login	BasePage	1620857939347	1620857939621	OK	 
REQUEST	Scen_1,Login	BasePage_1	1620857939644	1620857939734	OK	 
REQUEST	Scen_1,Login	BasePage_2	1620857939740	1620857940479	OK	 
REQUEST	Scen_1,Login	BasePage_3	1620857940480	1620857940546	OK	 
REQUEST	Scen_1,Login	BasePage_4	1620857940548	1620857940646	OK	 
REQUEST	Scen_1,Login	BasePage_5	1620857940647	1620857942247	OK	 
GROUP	Scen_1,Login	1620857939331	1620857942249	2867	OK
REQUEST	Scen_1,SearchByActiveMember	Select_SearchByActiveMember	1620857943257	1620857943417	OK	 
GROUP	Scen_1,SearchByActiveMember	1620857943256	1620857943418	160	OK
REQUEST	Scen_1,SearchMembers	Search_NAME	1620857946356	1620857946870	OK	 
REQUEST	Scen_1,SearchMembers	Search_NAME_2	1620857946872	1620857947380	OK	 
GROUP	Scen_1,SearchMembers	1620857946350	1620857947381	1022	OK
REQUEST	Scen_1,Search3	Search_3	1620857950200	1620857953014	OK	 
GROUP	Scen_1,Search3	1620857950198	1620857953015	2814	OK
REQUEST	Scen_1,SearchByActiveMember	Select_SearchByActiveMember	1620857955557	1620857955979	OK	 
GROUP	Scen_1,SearchByActiveMember	1620857955556	1620857955980	422	OK
REQUEST	Scen_1,SearchMembers	Search_NAME	1620857958507	1620857959362	OK	 
REQUEST	Scen_1,SearchMembers	Search_NAME_2	1620857959364	1620857960485	OK	 
GROUP	Scen_1,SearchMembers	1620857958506	1620857960486	1976	OK
REQUEST	Scen_1,Search3	Search_3	1620857962708	1620857963162	OK	 
GROUP	Scen_1,Search3	1620857962707	1620857963163	454	OK
REQUEST	Scen_1,SearchByActiveMember	Select_SearchByActiveMember	1620857965358	1620857965485	OK	 
GROUP	Scen_1,SearchByActiveMember	1620857965357	1620857965486	127	OK
REQUEST	Scen_1,SearchMembers	Search_NAME	1620857968366	1620857969160	OK	 
REQUEST	Scen_1,SearchMembers	Search_NAME_2	1620857969162	1620857970010	OK	 
GROUP	Scen_1,SearchMembers	1620857968365	1620857970011	1642	OK
REQUEST	Scen_1,Search3	Search_3	1620857972192	1620857972774	OK	 
GROUP	Scen_1,Search3	1620857972191	1620857972775	582	OK
REQUEST	Scen_1,SearchByActiveMember	Select_SearchByActiveMember	1620857975672	1620857976009	OK	 
GROUP	Scen_1,SearchByActiveMember	1620857975671	1620857976009	337	OK
REQUEST	Scen_1,SearchMembers	Search_NAME	1620857978721	1620857979532	OK	 
REQUEST	Scen_1,SearchMembers	Search_NAME_2	1620857979533	1620857980529	OK	 
GROUP	Scen_1,SearchMembers	1620857978720	1620857980530	1807	OK
REQUEST	Scen_1,Search3	Search_3	1620857983215	1620857983734	OK	 
GROUP	Scen_1,Search3	1620857983214	1620857983735	519	OK
REQUEST	Scen_1,SearchByActiveMember	Select_SearchByActiveMember	1620857986660	1620857986795	OK	 
GROUP	Scen_1,SearchByActiveMember	1620857986659	1620857986796	135	OK
REQUEST	Scen_1,SearchMembers	Search_NAME	1620857989433	1620857990493	OK	 
REQUEST	Scen_1,SearchMembers	Search_NAME_2	1620857990494	1620857991618	OK	 
GROUP	Scen_1,SearchMembers	1620857989432	1620857991619	2184	OK
REQUEST	Scen_1,Search3	Search_3	1620857994088	1620857994585	OK	 
GROUP	Scen_1,Search3	1620857994087	1620857994586	497	OK
REQUEST	Scen_1,SearchByActiveMember	Select_SearchByActiveMember	1620857996676	1620857996852	OK	 
GROUP	Scen_1,SearchByActiveMember	1620857996676	1620857996853	176	OK
REQUEST	Scen_1,SearchMembers	Search_NAME	1620857999221	1620857999708	OK	 
REQUEST	Scen_1,SearchMembers	Search_NAME_2	1620857999709	1620858000529	OK	 
GROUP	Scen_1,SearchMembers	1620857999220	1620858000530	1307	OK
REQUEST	Scen_1,Search3	Search_3	1620858002808	1620858003493	OK	 
GROUP	Scen_1,Search3	1620858002807	1620858003494	685	OK
REQUEST	Scen_1,SearchByActiveMember	Select_SearchByActiveMember	1620858006241	1620858006381	OK	 
GROUP	Scen_1,SearchByActiveMember	1620858006240	1620858006382	140	OK
REQUEST	Scen_1,SearchMembers	Search_NAME	1620858008508	1620858009537	OK	 
REQUEST	Scen_1,SearchMembers	Search_NAME_2	1620858009538	1620858011176	OK	 
GROUP	Scen_1,SearchMembers	1620858008507	1620858011177	2667	OK
REQUEST	Scen_1,Search3	Search_3	1620858013426	1620858013938	OK	 
GROUP	Scen_1,Search3	1620858013425	1620858013939	512	OK
REQUEST	Scen_1,SearchByActiveMember	Select_SearchByActiveMember	1620858015971	1620858016186	OK	 
GROUP	Scen_1,SearchByActiveMember	1620858015970	1620858016186	215	OK
REQUEST	Scen_1,SearchMembers	Search_NAME	1620858018356	1620858019160	OK	 
REQUEST	Scen_1,SearchMembers	Search_NAME_2	1620858019162	1620858019982	OK	 
GROUP	Scen_1,SearchMembers	1620858018355	1620858019983	1624	OK
REQUEST	Scen_1,Search3	Search_3	1620858022683	1620858023461	OK	 
GROUP	Scen_1,Search3	1620858022682	1620858023462	778	OK
REQUEST	Scen_1,SearchByActiveMember	Select_SearchByActiveMember	1620858025478	1620858025949	OK	 
GROUP	Scen_1,SearchByActiveMember	1620858025477	1620858025950	471	OK
REQUEST	Scen_1,SearchMembers	Search_NAME	1620858028649	1620858029814	OK	 
REQUEST	Scen_1,SearchMembers	Search_NAME_2	1620858029815	1620858030958	OK	 
GROUP	Scen_1,SearchMembers	1620858028648	1620858030958	2308	OK
REQUEST	Scen_1,Search3	Search_3	1620858033273	1620858033807	OK	 
GROUP	Scen_1,Search3	1620858033272	1620858033807	534	OK
REQUEST	Scen_1,SearchByActiveMember	Select_SearchByActiveMember	1620858036630	1620858036780	OK	 
GROUP	Scen_1,SearchByActiveMember	1620858036629	1620858036781	150	OK
REQUEST	Scen_1,SearchMembers	Search_NAME	1620858039455	1620858040873	OK	 
REQUEST	Scen_1,SearchMembers	Search_NAME_2	1620858040874	1620858041692	OK	 
GROUP	Scen_1,SearchMembers	1620858039454	1620858041692	2236	OK
REQUEST	Scen_1,Search3	Search_3	1620858044221	1620858044968	OK	 
GROUP	Scen_1,Search3	1620858044221	1620858044969	747	OK
REQUEST	Scen_1,Search3	Search_3	1620858047731	1620858048234	OK	 
GROUP	Scen_1,Search3	1620858047730	1620858048235	503	OK
GROUP	Scen_1	1620857939330	1620858049240	32598	OK
REQUEST	Scen_1,Login	BasePage	1620858049241	1620858049504	OK	 
REQUEST	Scen_1,Login	BasePage_1	1620858049505	1620858049571	OK	 
REQUEST	Scen_1,Login	BasePage_2	1620858049573	1620858049649	OK	 
REQUEST	Scen_1,Login	BasePage_3	1620858049650	1620858049717	OK	 
REQUEST	Scen_1,Login	BasePage_4	1620858049718	1620858049794	OK	 
REQUEST	Scen_1,Login	BasePage_5	1620858049795	1620858051598	OK	 
GROUP	Scen_1,Login	1620858049241	1620858051599	2351	OK
REQUEST	Scen_1,SearchByActiveMember	Select_SearchByActiveMember	1620858052606	1620858052732	OK	 
GROUP	Scen_1,SearchByActiveMember	1620858052605	1620858052733	126	OK
REQUEST	Scen_1,SearchMembers	Search_NAME	1620858055608	1620858056314	OK	 
REQUEST	Scen_1,SearchMembers	Search_NAME_2	1620858056315	1620858056847	OK	 
GROUP	Scen_1,SearchMembers	1620858055607	1620858056847	1238	OK
REQUEST	Scen_1,Search3	Search_3	1620858058941	1620858059608	OK	 
GROUP	Scen_1,Search3	1620858058940	1620858059609	667	OK
REQUEST	Scen_1,SearchByActiveMember	Select_SearchByActiveMember	1620858062021	1620858062207	OK	 
GROUP	Scen_1,SearchByActiveMember	1620858062020	1620858062208	186	OK
REQUEST	Scen_1,SearchMembers	Search_NAME	1620858064516	1620858065655	OK	 
REQUEST	Scen_1,SearchMembers	Search_NAME_2	1620858065656	1620858066575	OK	 
GROUP	Scen_1,SearchMembers	1620858064515	1620858066575	2058	OK
REQUEST	Scen_1,Search3	Search_3	1620858069482	1620858069953	OK	 
GROUP	Scen_1,Search3	1620858069481	1620858069954	471	OK
REQUEST	Scen_1,SearchByActiveMember	Select_SearchByActiveMember	1620858072712	1620858072881	OK	 
GROUP	Scen_1,SearchByActiveMember	1620858072711	1620858072882	169	OK
REQUEST	Scen_1,SearchMembers	Search_NAME	1620858075583	1620858076361	OK	 
REQUEST	Scen_1,SearchMembers	Search_NAME_2	1620858076362	1620858077324	OK	 
GROUP	Scen_1,SearchMembers	1620858075582	1620858077325	1740	OK
REQUEST	Scen_1,Search3	Search_3	1620858079528	1620858080092	OK	 
GROUP	Scen_1,Search3	1620858079527	1620858080093	564	OK
REQUEST	Scen_1,SearchByActiveMember	Select_SearchByActiveMember	1620858082984	1620858083137	OK	 
GROUP	Scen_1,SearchByActiveMember	1620858082983	1620858083138	153	OK
REQUEST	Scen_1,SearchMembers	Search_NAME	1620858085583	1620858086341	OK	 
REQUEST	Scen_1,SearchMembers	Search_NAME_2	1620858086342	1620858087158	OK	 
GROUP	Scen_1,SearchMembers	1620858085582	1620858087159	1574	OK
REQUEST	Scen_1,Search3	Search_3	1620858090059	1620858090639	OK	 
GROUP	Scen_1,Search3	1620858090058	1620858090640	580	OK
REQUEST	Scen_1,