RUN	FOO	foo	1623278259843	 	3.5.1
USER	FOO	START	1623278261237
REQUEST		request_0	1623278261250	1623278261903	OK	 
REQUEST		request_1	1623278261919	1623278262094	OK	 
REQUEST		request_2	1623278261923	1623278262620	OK	 
REQUEST		request_3	1623278265627	1623278266333	OK	 
REQUEST		request_4	1623278266335	1623278266452	OK	 
REQUEST		request_5	1623278266336	1623278266978	OK	 
REQUEST		request_6	1623278267982	1623278268156	OK	 
REQUEST		request_7	1623278269163	1623278269283	OK	 
REQUEST		request_8	1623278272291	1623278272938	OK	 
REQUEST		request_9	1623278272939	1623278273056	OK	 
REQUEST		LOGIN	1623278275067	1623278275878	OK	 
REQUEST		request_11	1623278275902	1623278276182	OK	 
REQUEST		request_14	1623278275903	1623278276372	OK	 
REQUEST		request_20	1623278276028	1623278276377	OK	 
REQUEST		request_22	1623278276029	1623278276386	OK	 
REQUEST		request_23	1623278276030	1623278276389	OK	 
REQUEST		request_21	1623278276029	1623278276392	OK	 
REQUEST		request_12	1623278275903	1623278276409	OK	 
REQUEST		request_15	1623278275904	1623278276421	OK	 
REQUEST		request_54	1623278276096	1623278276436	OK	 
REQUEST		request_25	1623278276381	1623278276450	OK	 
REQUEST		request_61	1623278275905	1623278276452	OK	 
REQUEST		request_26	1623278276387	1623278276457	OK	 
REQUEST		request_24	1623278276030	1623278276458	OK	 
REQUEST		request_13	1623278276031	1623278276462	OK	 
REQUEST		request_14	1623278276375	1623278276473	OK	 
REQUEST		request_16	1623278275904	1623278276484	OK	 
REQUEST		request_57	1623278276098	1623278276506	OK	 
REQUEST		request_27	1623278276390	1623278276524	OK	 
REQUEST		request_31	1623278276461	1623278276528	OK	 
REQUEST		request_30	1623278276458	1623278276530	OK	 
REQUEST		request_28	1623278276402	1623278276532	OK	 
REQUEST		request_23	1623278276391	1623278276552	OK	 
REQUEST		request_56	1623278276098	1623278276582	OK	 
REQUEST		request_55	1623278276097	1623278276589	OK	 
REQUEST		request_32	1623278276529	1623278276597	OK	 
REQUEST		request_35	1623278276533	1623278276599	OK	 
REQUEST		request_59	1623278276508	1623278276601	OK	 
REQUEST		request_19	1623278275967	1623278276614	OK	 
REQUEST		request_29	1623278276451	1623278276640	OK	 
REQUEST		request_51	1623278276033	1623278276663	OK	 
REQUEST		request_16	1623278276525	1623278276665	OK	 
REQUEST		request_34	1623278276531	1623278276667	OK	 
REQUEST		request_37	1623278276599	1623278276668	OK	 
REQUEST		request_36	1623278276598	1623278276670	OK	 
REQUEST		request_39	1623278276615	1623278276681	OK	 
REQUEST		request_60	1623278276583	1623278276691	OK	 
REQUEST		request_52	1623278276093	1623278276697	OK	 
REQUEST		request_40	1623278276642	1623278276707	OK	 
REQUEST		request_23	1623278276553	1623278276708	OK	 
REQUEST		request_58	1623278276438	1623278276712	OK	 
REQUEST		request_44	1623278276670	1623278276736	OK	 
REQUEST		request_41	1623278276666	1623278276738	OK	 
REQUEST		request_42	1623278276668	1623278276739	OK	 
REQUEST		request_43	1623278276669	1623278276740	OK	 
REQUEST		request_17	1623278275905	1623278276756	OK	 
REQUEST		request_49	1623278276738	1623278276807	OK	 
REQUEST		request_48	1623278276737	1623278276809	OK	 
REQUEST		request_50	1623278276740	1623278276810	OK	 
REQUEST		request_18	1623278275905	1623278276823	OK	 
REQUEST		request_53	1623278276096	1623278276901	OK	 
REQUEST		request_23	1623278276709	1623278276918	OK	 
REQUEST		request_45	1623278276682	1623278277053	OK	 
REQUEST		request_46	1623278276708	1623278277103	OK	 
REQUEST		LoggedIn	1623278282111	1623278282758	OK	 
REQUEST		request_63	1623278282767	1623278282840	OK	 
REQUEST		request_69	1623278282841	1623278282915	OK	 
REQUEST		request_93	1623278282769	1623278282924	OK	 
REQUEST		request_92	1623278282769	1623278282939	OK	 
REQUEST		request_99	1623278282770	1623278282963	OK	 
REQUEST		request_98	1623278282770	1623278282965	OK	 
REQUEST		request_70	1623278282916	1623278282982	OK	 
REQUEST		request_67	1623278282768	1623278283044	OK	 
REQUEST		request_66	1623278282768	1623278283048	OK	 
REQUEST		request_64	1623278282767	1623278283050	OK	 
REQUEST		request_65	1623278282768	1623278283052	OK	 
REQUEST		request_72	1623278283044	1623278283113	OK	 
REQUEST		request_68	1623278282769	1623278283114	OK	 
REQUEST		request_73	1623278283049	1623278283117	OK	 
REQUEST		request_75	1623278283052	1623278283119	OK	 
REQUEST		request_71	1623278282983	1623278283122	OK	 
REQUEST		request_77	1623278283115	1623278283187	OK	 
REQUEST		request_80	1623278283120	1623278283188	OK	 
REQUEST		request_81	1623278283123	1623278283193	OK	 
REQUEST		request_65	1623278283053	1623278283215	OK	 
REQUEST		request_74	1623278283051	1623278283244	OK	 
REQUEST		request_82	1623278283187	1623278283253	OK	 
REQUEST		request_83	1623278283189	1623278283255	OK	 
REQUEST		request_84	1623278283194	1623278283264	OK	 
REQUEST		request_85	1623278283245	1623278283320	OK	 
REQUEST		request_76	1623278283114	1623278283325	OK	 
REQUEST		request_87	1623278283256	1623278283328	OK	 
REQUEST		request_86	1623278283253	1623278283329	OK	 
REQUEST		request_88	1623278283265	1623278283336	OK	 
REQUEST		request_65	1623278283216	1623278283374	OK	 
REQUEST		request_79	1623278283118	1623278283512	OK	 
REQUEST		request_89	1623278283321	1623278283718	OK	 
REQUEST		request_90	1623278283327	1623278284284	OK	 
USER	FOO	END	1623278284320
