RUN	Boo2.Framework.Boo2	boo2	1623428962389	 	3.5.1
USER	Boo2	START	1623428963709
REQUEST		LOGIN	1623428963721	1623428964332	OK	 
REQUEST		request_1	1623428964361	1623428964698	OK	 
REQUEST		request_15	1623428964607	1623428964948	OK	 
REQUEST		request_14	1623428964607	1623428964955	OK	 
REQUEST		request_13	1623428964606	1623428964960	OK	 
REQUEST		request_12	1623428964606	1623428964978	OK	 
REQUEST		request_4	1623428964362	1623428964981	OK	 
REQUEST		request_52	1623428964485	1623428964994	OK	 
REQUEST		request_5	1623428964363	1623428964996	OK	 
REQUEST		request_2	1623428964362	1623428964999	OK	 
REQUEST		request_16	1623428964949	1623428965016	OK	 
REQUEST		request_11	1623428964605	1623428965018	OK	 
REQUEST		request_3	1623428964608	1623428965021	OK	 
REQUEST		request_18	1623428964976	1623428965046	OK	 
REQUEST		request_19	1623428964980	1623428965052	OK	 
REQUEST		request_6	1623428964363	1623428965068	OK	 
REQUEST		request_4	1623428964983	1623428965081	OK	 
REQUEST		request_20	1623428965017	1623428965084	OK	 
REQUEST		request_22	1623428965020	1623428965086	OK	 
REQUEST		request_17	1623428964959	1623428965088	OK	 
REQUEST		request_23	1623428965048	1623428965115	OK	 
REQUEST		request_24	1623428965053	1623428965124	OK	 
REQUEST		request_10	1623428964605	1623428965129	OK	 
REQUEST		request_46	1623428964674	1623428965147	OK	 
REQUEST		request_26	1623428965089	1623428965156	OK	 
REQUEST		request_6	1623428965085	1623428965158	OK	 
REQUEST		request_43	1623428964670	1623428965169	OK	 
REQUEST		request_28	1623428965125	1623428965191	OK	 
REQUEST		request_42	1623428964610	1623428965201	OK	 
REQUEST		request_29	1623428965131	1623428965202	OK	 
REQUEST		request_31	1623428965159	1623428965229	OK	 
REQUEST		request_30	1623428965157	1623428965230	OK	 
REQUEST		request_48	1623428964675	1623428965245	OK	 
REQUEST		request_47	1623428964674	1623428965256	OK	 
REQUEST		request_32	1623428965192	1623428965262	OK	 
REQUEST		request_25	1623428965087	1623428965285	OK	 
REQUEST		request_44	1623428964673	1623428965289	OK	 
REQUEST		request_50	1623428965170	1623428965291	OK	 
REQUEST		request_36	1623428965231	1623428965301	OK	 
REQUEST		request_35	1623428965230	1623428965302	OK	 
REQUEST		request_49	1623428965148	1623428965304	OK	 
REQUEST		request_37	1623428965263	1623428965334	OK	 
REQUEST		request_39	1623428965286	1623428965356	OK	 
REQUEST		request_45	1623428964673	1623428965360	OK	 
REQUEST		request_40	1623428965301	1623428965366	OK	 
REQUEST		request_41	1623428965303	1623428965375	OK	 
REQUEST		request_51	1623428965246	1623428965380	OK	 
REQUEST		request_9	1623428964364	1623428965394	OK	 
REQUEST		request_33	1623428965202	1623428966019	OK	 
REQUEST		request_27	1623428965116	1623428966366	OK	 
REQUEST		SEARCHPAGE	1623428971377	1623428971639	OK	 
REQUEST		SEARCH_MEMBER	1623428976646	1623428977613	OK	 
REQUEST		request_55	1623428977619	1623428977691	OK	 
REQUEST		request_68	1623428977692	1623428977759	OK	 
REQUEST		request_83	1623428977622	1623428977770	OK	 
REQUEST		request_89	1623428977623	1623428977775	OK	 
REQUEST		request_90	1623428977624	1623428977792	OK	 
REQUEST		request_84	1623428977623	1623428977804	OK	 
REQUEST		request_69	1623428977760	1623428977829	OK	 
REQUEST		request_65	1623428977621	1623428977895	OK	 
REQUEST		request_67	1623428977622	1623428977897	OK	 
REQUEST		request_55	1623428977692	1623428977899	OK	 
REQUEST		request_70	1623428977830	1623428977901	OK	 
REQUEST		request_63	1623428977620	1623428977906	OK	 
REQUEST		request_72	1623428977898	1623428977964	OK	 
REQUEST		request_73	1623428977901	1623428977969	OK	 
REQUEST		request_71	1623428977896	1623428977970	OK	 
REQUEST		request_74	1623428977907	1623428977978	OK	 
REQUEST		request_66	1623428977622	1623428977982	OK	 
REQUEST		request_55	1623428977900	1623428978021	OK	 
REQUEST		request_75	1623428977965	1623428978031	OK	 
REQUEST		request_77	1623428977971	1623428978038	OK	 
REQUEST		request_76	1623428977970	1623428978040	OK	 
REQUEST		request_78	1623428977978	1623428978044	OK	 
REQUEST		request_64	1623428977621	1623428978074	OK	 
REQUEST		request_55	1623428978022	1623428978227	OK	 
REQUEST		request_80	1623428978032	1623428978463	OK	 
REQUEST		request_81	1623428978039	1623428979460	OK	 
REQUEST		request_79	1623428977983	1623428979871	OK	 
USER	Boo2	END	1623428979907
