RUN	JJ.Framework.JJSim	jjsim	1622662421934	JJ.Framework.JJSim-SIMULATION_1_1:SIMULATION_2_1:SIMULATION_3_0:SIMULATION_4_0:Iterations_5	3.5.1
USER	Users_1	START	1622662423507
USER	Users_2	START	1622662423507
REQUEST	NPI,NPI	NPI_1245318229	1622662423531	1622662431473	OK	 
GROUP	NPI,NPI	1622662423512	1622662431509	7942	OK
REQUEST	TIN,TIN	TIN_391139101	1622662423531	1622662431528	KO	status.find.in(200,201,202,203,204,205,206,207,208,209,304), found 500
GROUP	TIN,TIN	1622662423512	1622662431530	7997	KO
GROUP	NPI	1622662423510	1622662432595	7942	OK
REQUEST	NPI,NPI	NPI_1821049651	1622662432600	1622662432761	OK	 
GROUP	NPI,NPI	1622662432598	1622662432762	161	OK
GROUP	TIN	1622662423510	1622662433149	7997	KO
REQUEST	TIN,TIN	TIN_391139101	1622662433150	1622662433722	KO	status.find.in(200,201,202,203,204,205,206,207,208,209,304), found 500
GROUP	TIN,TIN	1622662433149	1622662433722	572	KO
GROUP	NPI	1622662432596	1622662434660	161	OK
REQUEST	NPI,NPI	NPI_1114976883	1622662434662	1622662434809	OK	 
GROUP	NPI,NPI	1622662434661	1622662434811	147	OK
GROUP	TIN	1622662433149	1622662435339	572	KO
GROUP	NPI	1622662434661	1622662435976	147	OK
REQUEST	TIN,TIN	TIN_391139101	1622662435341	1622662436106	KO	status.find.in(200,201,202,203,204,205,206,207,208,209,304), found 500
GROUP	TIN,TIN	1622662435340	1622662436107	765	KO
REQUEST	NPI,NPI	NPI_1740270032	1622662435978	1622662436148	OK	 
GROUP	NPI,NPI	1622662435977	1622662436149	170	OK
GROUP	TIN	1622662435340	1622662437475	765	KO
GROUP	NPI	1622662435977	1622662437524	170	OK
REQUEST	NPI,NPI	NPI_1245419696	1622662437526	1622662437699	OK	 
GROUP	NPI,NPI	1622662437525	1622662437699	173	OK
REQUEST	TIN,TIN	TIN_391139101	1622662437476	1622662437750	KO	status.find.in(200,201,202,203,204,205,206,207,208,209,304), found 500
GROUP	TIN,TIN	1622662437476	1622662437750	274	KO
GROUP	TIN	1622662437475	1622662439223	274	KO
GROUP	NPI	1622662437525	1622662439597	173	OK
USER	Users_1	END	1622662439600
REQUEST	TIN,TIN	TIN_391139101	1622662439225	1622662439802	KO	status.find.in(200,201,202,203,204,205,206,207,208,209,304), found 500
GROUP	TIN,TIN	1622662439224	1622662439802	577	KO
GROUP	TIN	1622662439224	1622662441492	577	KO
USER	Users_2	END	1622662441494
