RUN	Optum.Framework.OptumSim	optumsim	1620856753268	 	3.5.1
USER	Users_1	START	1620856754719
REQUEST	Scen_1,Login	BasePage	1620856754735	1620856755033	OK	 
REQUEST	Scen_1,Login	BasePage_1	1620856755051	1620856755126	OK	 
REQUEST	Scen_1,Login	BasePage_2	1620856755132	1620856755194	OK	 
REQUEST	Scen_1,Login	BasePage_3	1620856755195	1620856755262	OK	 
REQUEST	Scen_1,Login	BasePage_4	1620856755263	1620856755334	OK	 
REQUEST	Scen_1,Login	BasePage_5	1620856755336	1620856757076	OK	 
GROUP	Scen_1,Login	1620856754722	1620856757078	2313	OK
REQUEST	Scen_1,SearchByActiveMember	Select_SearchByActiveMember	1620856758086	1620856758238	OK	 
GROUP	Scen_1,SearchByActiveMember	1620856758085	1620856758239	152	OK
REQUEST	Scen_1,SearchMembers	request_2	1620856760259	1620856760963	OK	 
REQUEST	Scen_1,SearchMembers	request_3	1620856760965	1620856761411	OK	 
GROUP	Scen_1,SearchMembers	1620856760258	1620856761412	1150	OK
REQUEST	Scen_1,Search3	Search_3	1620856763665	1620856764139	OK	 
GROUP	Scen_1,Search3	1620856763664	1620856764140	474	OK
REQUEST	Scen_1,SearchByActiveMember	Select_SearchByActiveMember	1620856766480	1620856766616	OK	 
GROUP	Scen_1,SearchByActiveMember	1620856766479	1620856766617	136	OK
REQUEST	Scen_1,SearchMembers	request_2	1620856769457	1620856769975	OK	 
REQUEST	Scen_1,SearchMembers	request_3	1620856769977	1620856770691	OK	 
GROUP	Scen_1,SearchMembers	1620856769456	1620856770692	1232	OK
REQUEST	Scen_1,Search3	Search_3	1620856772949	1620856773453	OK	 
GROUP	Scen_1,Search3	1620856772948	1620856773454	504	OK
REQUEST	Scen_1,SearchByActiveMember	Select_SearchByActiveMember	1620856776450	1620856776605	OK	 
GROUP	Scen_1,SearchByActiveMember	1620856776449	1620856776606	155	OK
REQUEST	Scen_1,SearchMembers	request_2	1620856779001	1620856779488	OK	 
REQUEST	Scen_1,SearchMembers	request_3	1620856779490	1620856780010	OK	 
GROUP	Scen_1,SearchMembers	1620856779000	1620856780011	1007	OK
REQUEST	Scen_1,Search3	Search_3	1620856782580	1620856783041	OK	 
GROUP	Scen_1,Search3	1620856782580	1620856783042	461	OK
REQUEST	Scen_1,SearchByActiveMember	Select_SearchByActiveMember	1620856785318	1620856785462	OK	 
GROUP	Scen_1,SearchByActiveMember	1620856785317	1620856785463	144	OK
REQUEST	Scen_1,SearchMembers	request_2	1620856787507	1620856788304	OK	 
REQUEST	Scen_1,SearchMembers	request_3	1620856788305	1620856788814	OK	 
GROUP	Scen_1,SearchMembers	1620856787506	1620856788815	1306	OK
REQUEST	Scen_1,Search3	Search_3	1620856791168	1620856791683	OK	 
GROUP	Scen_1,Search3	1620856791167	1620856791684	515	OK
REQUEST	Scen_1,SearchByActiveMember	Select_SearchByActiveMember	1620856793850	1620856793999	OK	 
GROUP	Scen_1,SearchByActiveMember	1620856793849	1620856793999	149	OK
REQUEST	Scen_1,SearchMembers	request_2	1620856796420	1620856797009	OK	 
REQUEST	Scen_1,SearchMembers	request_3	1620856797011	1620856797490	OK	 
GROUP	Scen_1,SearchMembers	1620856796419	1620856797491	1068	OK
REQUEST	Scen_1,Search3	Search_3	1620856800497	1620856801393	OK	 
GROUP	Scen_1,Search3	1620856800495	1620856801394	896	OK
REQUEST	Scen_1,SearchByActiveMember	Select_SearchByActiveMember	1620856803797	1620856803947	OK	 
GROUP	Scen_1,SearchByActiveMember	1620856803796	1620856803948	150	OK
REQUEST	Scen_1,SearchMembers	request_2	1620856806635	1620856807148	OK	 
REQUEST	Scen_1,SearchMembers	request_3	1620856807149	1620856807636	OK	 
GROUP	Scen_1,SearchMembers	1620856806634	1620856807636	1000	OK
REQUEST	Scen_1,Search3	Search_3	1620856810043	1620856810730	OK	 
GROUP	Scen_1,Search3	1620856810042	1620856810731	687	OK
REQUEST	Scen_1,SearchByActiveMember	Select_SearchByActiveMember	1620856813630	1620856813991	OK	 
GROUP	Scen_1,SearchByActiveMember	1620856813629	1620856813992	361	OK
REQUEST	Scen_1,SearchMembers	request_2	1620856816716	1620856817284	OK	 
REQUEST	Scen_1,SearchMembers	request_3	1620856817285	1620856817800	OK	 
GROUP	Scen_1,SearchMembers	1620856816715	1620856817801	1083	OK
REQUEST	Scen_1,Search3	Search_3	1620856820380	1620856820868	OK	 
GROUP	Scen_1,Search3	1620856820379	1620856820869	488	OK
REQUEST	Scen_1,SearchByActiveMember	Select_SearchByActiveMember	1620856823657	1620856824022	OK	 
GROUP	Scen_1,SearchByActiveMember	1620856823656	1620856824023	365	OK
REQUEST	Scen_1,SearchMembers	request_2	1620856826224	1620856826704	OK	 
REQUEST	Scen_1,SearchMembers	request_3	1620856826705	1620856827382	OK	 
GROUP	Scen_1,SearchMembers	1620856826223	1620856827383	1157	OK
REQUEST	Scen_1,Search3	Search_3	1620856829715	1620856830493	OK	 
GROUP	Scen_1,Search3	1620856829714	1620856830494	778	OK
REQUEST	Scen_1,SearchByActiveMember	Select_SearchByActiveMember	1620856833067	1620856833206	OK	 
GROUP	Scen_1,SearchByActiveMember	1620856833066	1620856833207	139	OK
REQUEST	Scen_1,SearchMembers	request_2	1620856836159	1620856836843	OK	 
REQUEST	Scen_1,SearchMembers	request_3	1620856836844	1620856837351	OK	 
GROUP	Scen_1,SearchMembers	1620856836158	1620856837351	1191	OK
REQUEST	Scen_1,Search3	Search_3	1620856839416	1620856839915	OK	 
GROUP	Scen_1,Search3	1620856839415	1620856839916	499	OK
REQUEST	Scen_1,SearchByActiveMember	Select_SearchByActiveMember	1620856842214	1620856842397	OK	 
GROUP	Scen_1,SearchByActiveMember	1620856842213	1620856842397	183	OK
REQUEST	Scen_1,SearchMembers	request_2	1620856844849	1620856845338	OK	 
REQUEST	Scen_1,SearchMembers	request_3	1620856845339	1620856845853	OK	 
GROUP	Scen_1,SearchMembers	1620856844848	1620856845853	1003	OK
REQUEST	Scen_1,Search3	Search_3	1620856848435	1620856848924	OK	 
GROUP	Scen_1,Search3	1620856848434	1620856848925	489	OK
REQUEST	Scen_1,Search3	Search_3	1620856850998	1620856853325	OK	 
GROUP	Scen_1,Search3	1620856850997	1620856853326	2327	OK
GROUP	Scen_1	1620856754722	1620856854332	23562	OK
USER	Users_1	END	1620856854335
