RUN	FOO	foo	1623278122523	 	3.5.1
USER	FOO	START	1623278124016
REQUEST		request_0	1623278124028	1623278124824	OK	 
REQUEST		request_1	1623278124837	1623278125009	OK	 
REQUEST		request_2	1623278124838	1623278125546	OK	 
REQUEST		request_3	1623278128553	1623278129263	OK	 
REQUEST		request_4	1623278129264	1623278129382	OK	 
REQUEST		request_5	1623278129265	1623278129916	OK	 
REQUEST		request_6	1623278130921	1623278131094	OK	 
REQUEST		request_7	1623278132095	1623278132211	OK	 
REQUEST		request_8	1623278135216	1623278135927	OK	 
REQUEST		request_9	1623278135928	1623278136044	OK	 
REQUEST		LOGIN	1623278138051	1623278138831	OK	 
REQUEST		request_11	1623278138845	1623278139242	OK	 
REQUEST		request_23	1623278139032	1623278139494	OK	 
REQUEST		request_21	1623278139031	1623278139498	OK	 
REQUEST		request_14	1623278138846	1623278139510	OK	 
REQUEST		request_22	1623278139031	1623278139511	OK	 
REQUEST		request_20	1623278139030	1623278139512	OK	 
REQUEST		request_54	1623278139220	1623278139529	OK	 
REQUEST		request_12	1623278138845	1623278139535	OK	 
REQUEST		request_61	1623278138848	1623278139539	OK	 
REQUEST		request_52	1623278139157	1623278139555	OK	 
REQUEST		request_24	1623278139032	1623278139562	OK	 
REQUEST		request_25	1623278139496	1623278139569	OK	 
REQUEST		request_15	1623278138846	1623278139571	OK	 
REQUEST		request_26	1623278139510	1623278139577	OK	 
REQUEST		request_14	1623278139511	1623278139619	OK	 
REQUEST		request_16	1623278138847	1623278139626	OK	 
REQUEST		request_30	1623278139570	1623278139638	OK	 
REQUEST		request_56	1623278139221	1623278139640	OK	 
REQUEST		request_57	1623278139221	1623278139642	OK	 
REQUEST		request_31	1623278139577	1623278139647	OK	 
REQUEST		request_23	1623278139497	1623278139648	OK	 
REQUEST		request_28	1623278139513	1623278139649	OK	 
REQUEST		request_27	1623278139512	1623278139649	OK	 
REQUEST		request_59	1623278139556	1623278139650	OK	 
REQUEST		request_51	1623278139094	1623278139686	OK	 
REQUEST		request_55	1623278139221	1623278139701	OK	 
REQUEST		request_19	1623278138969	1623278139708	OK	 
REQUEST		request_16	1623278139639	1623278139710	OK	 
REQUEST		request_35	1623278139650	1623278139719	OK	 
REQUEST		request_34	1623278139649	1623278139721	OK	 
REQUEST		request_32	1623278139647	1623278139722	OK	 
REQUEST		request_13	1623278139033	1623278139723	OK	 
REQUEST		request_60	1623278139641	1623278139740	OK	 
REQUEST		request_58	1623278139530	1623278139741	OK	 
REQUEST		request_29	1623278139564	1623278139755	OK	 
REQUEST		request_37	1623278139710	1623278139779	OK	 
REQUEST		request_36	1623278139708	1623278139780	OK	 
REQUEST		request_39	1623278139720	1623278139786	OK	 
REQUEST		request_41	1623278139722	1623278139789	OK	 
REQUEST		request_40	1623278139721	1623278139790	OK	 
REQUEST		request_23	1623278139648	1623278139802	OK	 
REQUEST		request_42	1623278139755	1623278139825	OK	 
REQUEST		request_43	1623278139779	1623278139845	OK	 
REQUEST		request_44	1623278139781	1623278139849	OK	 
REQUEST		request_48	1623278139790	1623278139859	OK	 
REQUEST		request_17	1623278138847	1623278139874	OK	 
REQUEST		request_49	1623278139826	1623278139898	OK	 
REQUEST		request_50	1623278139846	1623278139913	OK	 
REQUEST		request_18	1623278138848	1623278139938	OK	 
REQUEST		request_53	1623278139220	1623278139942	OK	 
REQUEST		request_23	1623278139803	1623278140027	OK	 
REQUEST		request_45	1623278139787	1623278140158	OK	 
REQUEST		request_46	1623278139789	1623278140269	OK	 
REQUEST		LoggedIn	1623278145272	1623278145775	OK	 
REQUEST		request_63	1623278145783	1623278145848	OK	 
REQUEST		request_69	1623278145849	1623278145928	OK	 
REQUEST		request_93	1623278145785	1623278145936	OK	 
REQUEST		request_92	1623278145785	1623278145963	OK	 
REQUEST		request_98	1623278145785	1623278145970	OK	 
REQUEST		request_99	1623278145786	1623278145994	OK	 
REQUEST		request_70	1623278145929	1623278146031	OK	 
REQUEST		request_67	1623278145784	1623278146086	OK	 
REQUEST		request_64	1623278145783	1623278146088	OK	 
REQUEST		request_71	1623278146031	1623278146106	OK	 
REQUEST		request_66	1623278145784	1623278146112	OK	 
REQUEST		request_65	1623278145783	1623278146114	OK	 
REQUEST		request_68	1623278145784	1623278146153	OK	 
REQUEST		request_72	1623278146087	1623278146156	OK	 
REQUEST		request_73	1623278146090	1623278146158	OK	 
REQUEST		request_74	1623278146107	1623278146189	OK	 
REQUEST		request_75	1623278146112	1623278146190	OK	 
REQUEST		request_77	1623278146153	1623278146233	OK	 
REQUEST		request_78	1623278146157	1623278146234	OK	 
REQUEST		request_81	1623278146190	1623278146265	OK	 
REQUEST		request_80	1623278146189	1623278146267	OK	 
REQUEST		request_65	1623278146114	1623278146271	OK	 
REQUEST		request_76	1623278146114	1623278146275	OK	 
REQUEST		request_82	1623278146233	1623278146306	OK	 
REQUEST		request_83	1623278146235	1623278146308	OK	 
REQUEST		request_85	1623278146267	1623278146337	OK	 
REQUEST		request_84	1623278146266	1623278146342	OK	 
REQUEST		request_86	1623278146275	1623278146348	OK	 
REQUEST		request_87	1623278146306	1623278146377	OK	 
REQUEST		request_88	1623278146309	1623278146377	OK	 
REQUEST		request_65	1623278146272	1623278146417	OK	 
REQUEST		request_89	1623278146337	1623278146606	OK	 
REQUEST		request_79	1623278146158	1623278146684	OK	 
REQUEST		request_90	1623278146343	1623278148482	OK	 
USER	FOO	END	1623278148488
