RUN	Boo2	boo2	1623336287383	 	3.5.1
USER	Boo2	START	1623336288809
REQUEST		LOGIN	1623336288825	1623336289432	OK	 
REQUEST		request_1	1623336289460	1623336291084	OK	 
REQUEST		request_4	1623336289462	1623336291337	OK	 
REQUEST		request_13	1623336290822	1623336291351	OK	 
REQUEST		request_45	1623336291063	1623336291364	OK	 
REQUEST		request_2	1623336289461	1623336291374	OK	 
REQUEST		request_12	1623336290822	1623336291376	OK	 
REQUEST		request_15	1623336290823	1623336291378	OK	 
REQUEST		request_14	1623336290823	1623336291380	OK	 
REQUEST		request_5	1623336289462	1623336291386	OK	 
REQUEST		request_46	1623336291064	1623336291401	OK	 
REQUEST		request_48	1623336291065	1623336291415	OK	 
REQUEST		request_43	1623336291002	1623336291420	OK	 
REQUEST		request_4	1623336291339	1623336291434	OK	 
REQUEST		request_11	1623336290821	1623336291439	OK	 
REQUEST		request_52	1623336290680	1623336291450	OK	 
REQUEST		request_16	1623336291362	1623336291452	OK	 
REQUEST		request_6	1623336289463	1623336291454	OK	 
REQUEST		request_42	1623336290885	1623336291466	OK	 
REQUEST		request_19	1623336291383	1623336291469	OK	 
REQUEST		request_17	1623336291377	1623336291475	OK	 
REQUEST		request_49	1623336291365	1623336291501	OK	 
REQUEST		request_50	1623336291402	1623336291504	OK	 
REQUEST		request_47	1623336291064	1623336291517	OK	 
REQUEST		request_51	1623336291416	1623336291518	OK	 
REQUEST		request_18	1623336291379	1623336291528	OK	 
REQUEST		request_20	1623336291441	1623336291530	OK	 
REQUEST		request_22	1623336291453	1623336291538	OK	 
REQUEST		request_44	1623336291063	1623336291553	OK	 
REQUEST		request_6	1623336291470	1623336291555	OK	 
REQUEST		request_23	1623336291476	1623336291563	OK	 
REQUEST		request_10	1623336290821	1623336291596	OK	 
REQUEST		request_24	1623336291529	1623336291605	OK	 
REQUEST		request_26	1623336291539	1623336291616	OK	 
REQUEST		request_28	1623336291564	1623336291652	OK	 
REQUEST		request_29	1623336291597	1623336291671	OK	 
REQUEST		request_30	1623336291606	1623336291685	OK	 
REQUEST		request_31	1623336291617	1623336291696	OK	 
REQUEST		request_9	1623336289463	1623336291710	OK	 
REQUEST		request_3	1623336290824	1623336291724	OK	 
REQUEST		request_32	1623336291652	1623336291738	OK	 
REQUEST		request_25	1623336291531	1623336291740	OK	 
REQUEST		request_35	1623336291686	1623336291770	OK	 
REQUEST		request_36	1623336291697	1623336291783	OK	 
REQUEST		request_39	1623336291741	1623336291828	OK	 
REQUEST		request_37	1623336291739	1623336291829	OK	 
REQUEST		request_40	1623336291771	1623336291849	OK	 
REQUEST		request_41	1623336291784	1623336291870	OK	 
REQUEST		request_27	1623336291557	1623336291962	OK	 
REQUEST		request_33	1623336291672	1623336292262	OK	 
REQUEST		SEARCHPAGE	1623336297273	1623336297530	OK	 
REQUEST		SEARCH_MEMBER	1623336302535	1623336303079	OK	 
REQUEST		request_55	1623336303086	1623336303157	OK	 
REQUEST		request_83	1623336303090	1623336303204	OK	 
REQUEST		request_68	1623336303158	1623336303227	OK	 
REQUEST		request_90	1623336303091	1623336303228	OK	 
REQUEST		request_89	1623336303091	1623336303246	OK	 
REQUEST		request_84	1623336303090	1623336303273	OK	 
REQUEST		request_69	1623336303227	1623336303299	OK	 
REQUEST		request_55	1623336303158	1623336303328	OK	 
REQUEST		request_67	1623336303089	1623336303359	OK	 
REQUEST		request_65	1623336303089	1623336303362	OK	 
REQUEST		request_70	1623336303300	1623336303368	OK	 
REQUEST		request_71	1623336303360	1623336303428	OK	 
REQUEST		request_72	1623336303362	1623336303429	OK	 
REQUEST		request_73	1623336303368	1623336303436	OK	 
REQUEST		request_63	1623336303088	1623336303438	OK	 
REQUEST		request_55	1623336303329	1623336303460	OK	 
REQUEST		request_75	1623336303429	1623336303504	OK	 
REQUEST		request_74	1623336303428	1623336303505	OK	 
REQUEST		request_66	1623336303089	1623336303507	OK	 
REQUEST		request_76	1623336303436	1623336303509	OK	 
REQUEST		request_77	1623336303439	1623336303510	OK	 
REQUEST		request_78	1623336303505	1623336303573	OK	 
REQUEST		request_64	1623336303088	1623336303592	OK	 
REQUEST		request_55	1623336303460	1623336303664	OK	 
REQUEST		request_81	1623336303510	1623336303842	OK	 
REQUEST		request_80	1623336303508	1623336303904	OK	 
REQUEST		request_79	1623336303506	1623336304285	OK	 
USER	Boo2	END	1623336304316
