RUN	Boo2	boo2	1623285645620	 	3.5.1
USER	Boo2	START	1623285647073
REQUEST		LOGIN	1623285647091	1623285647735	OK	 
REQUEST		request_1	1623285647766	1623285648047	OK	 
REQUEST		request_14	1623285647954	1623285648306	OK	 
REQUEST		request_12	1623285647954	1623285648311	OK	 
REQUEST		request_4	1623285647772	1623285648328	OK	 
REQUEST		request_13	1623285647954	1623285648331	OK	 
REQUEST		request_15	1623285647955	1623285648334	OK	 
REQUEST		request_52	1623285647892	1623285648351	OK	 
REQUEST		request_5	1623285647773	1623285648355	OK	 
REQUEST		request_45	1623285648025	1623285648370	OK	 
REQUEST		request_3	1623285647955	1623285648372	OK	 
REQUEST		request_11	1623285647953	1623285648372	OK	 
REQUEST		request_16	1623285648309	1623285648377	OK	 
REQUEST		request_2	1623285647768	1623285648395	OK	 
REQUEST		request_46	1623285648025	1623285648400	OK	 
REQUEST		request_43	1623285648023	1623285648402	OK	 
REQUEST		request_19	1623285648335	1623285648406	OK	 
REQUEST		request_6	1623285647773	1623285648425	OK	 
REQUEST		request_4	1623285648330	1623285648433	OK	 
REQUEST		request_20	1623285648375	1623285648445	OK	 
REQUEST		request_22	1623285648378	1623285648447	OK	 
REQUEST		request_17	1623285648326	1623285648451	OK	 
REQUEST		request_18	1623285648333	1623285648455	OK	 
REQUEST		request_23	1623285648407	1623285648477	OK	 
REQUEST		request_48	1623285648026	1623285648479	OK	 
REQUEST		request_47	1623285648026	1623285648481	OK	 
REQUEST		request_42	1623285647957	1623285648487	OK	 
REQUEST		request_51	1623285648403	1623285648496	OK	 
REQUEST		request_49	1623285648371	1623285648508	OK	 
REQUEST		request_50	1623285648401	1623285648517	OK	 
REQUEST		request_24	1623285648447	1623285648518	OK	 
REQUEST		request_6	1623285648446	1623285648520	OK	 
REQUEST		request_26	1623285648456	1623285648534	OK	 
REQUEST		request_10	1623285647953	1623285648544	OK	 
REQUEST		request_28	1623285648519	1623285648585	OK	 
REQUEST		request_29	1623285648521	1623285648595	OK	 
REQUEST		request_30	1623285648535	1623285648603	OK	 
REQUEST		request_31	1623285648545	1623285648623	OK	 
REQUEST		request_25	1623285648452	1623285648645	OK	 
REQUEST		request_32	1623285648586	1623285648650	OK	 
REQUEST		request_35	1623285648604	1623285648672	OK	 
REQUEST		request_36	1623285648624	1623285648695	OK	 
REQUEST		request_37	1623285648646	1623285648714	OK	 
REQUEST		request_39	1623285648651	1623285648718	OK	 
REQUEST		request_9	1623285647774	1623285648731	OK	 
REQUEST		request_40	1623285648673	1623285648745	OK	 
REQUEST		request_41	1623285648696	1623285648774	OK	 
REQUEST		request_44	1623285648024	1623285648778	OK	 
REQUEST		request_27	1623285648478	1623285648902	OK	 
REQUEST		request_33	1623285648595	1623285649035	OK	 
REQUEST		SEARCHPAGE	1623285654045	1623285654313	OK	 
REQUEST		SEARCH_MEMBER	1623285659319	1623285660799	OK	 
REQUEST		request_55	1623285660806	1623285660979	OK	 
REQUEST		request_84	1623285660810	1623285660983	OK	 
REQUEST		request_90	1623285660811	1623285660984	OK	 
REQUEST		request_89	1623285660810	1623285660996	OK	 
REQUEST		request_83	1623285660809	1623285661158	OK	 
REQUEST		request_61	1623285660980	1623285661161	OK	 
REQUEST		request_55	1623285660980	1623285661163	OK	 
REQUEST		request_62	1623285661162	1623285661341	OK	 
REQUEST		request_55	1623285661164	1623285661343	OK	 
REQUEST		request_56	1623285660807	1623285661518	OK	 
REQUEST		request_57	1623285660808	1623285661520	OK	 
REQUEST		request_63	1623285661343	1623285661521	OK	 
REQUEST		request_59	1623285660809	1623285661522	OK	 
REQUEST		request_58	1623285660808	1623285661524	OK	 
REQUEST		request_55	1623285661344	1623285661549	OK	 
REQUEST		request_60	1623285660809	1623285661702	OK	 
REQUEST		request_65	1623285661521	1623285661703	OK	 
REQUEST		request_68	1623285661524	1623285661705	OK	 
REQUEST		request_66	1623285661522	1623285661707	OK	 
REQUEST		request_70	1623285661704	1623285661886	OK	 
REQUEST		request_72	1623285661709	1623285661887	OK	 
REQUEST		request_64	1623285661519	1623285661957	OK	 
REQUEST		request_73	1623285661886	1623285661962	OK	 
REQUEST		request_74	1623285661888	1623285661964	OK	 
REQUEST		request_75	1623285661958	1623285662027	OK	 
REQUEST		request_76	1623285661963	1623285662030	OK	 
REQUEST		request_77	1623285661965	1623285662041	OK	 
REQUEST		request_78	1623285662028	1623285662103	OK	 
REQUEST		request_80	1623285662042	1623285662264	OK	 
REQUEST		request_82	1623285662267	1623285662340	OK	 
REQUEST		request_81	1623285662104	1623285662501	OK	 
REQUEST		request_69	1623285661703	1623285662728	OK	 
REQUEST		request_67	1623285661523	1623285662728	OK	 
REQUEST		request_71	1623285661705	1623285662729	OK	 
REQUEST		request_79	1623285662031	1623285663131	OK	 
USER	Boo2	END	1623285663165
