RUN	Optum.Framework.OptumSim	optumsim	1625597123786	Optum.Framework.OptumSim-SIMULATION_1_1:SIMULATION_2_1:SIMULATION_3_1:Iterations_1	3.5.1
USER	Users_1	START	1625597125299
REQUEST	Scen_1,Login	BasePage	1625597125319	1625597125600	OK	 
REQUEST	Scen_1,Login	favicon.ico	1625597125661	1625597125905	OK	 
REQUEST	Scen_1,Login	runtime-es5.a02b527030695c21acab.js	1625597125662	1625597126000	OK	 
REQUEST	Scen_1,Login	runtime-es2015.a02b527030695c21acab.js	1625597125662	1625597126003	OK	 
REQUEST	Scen_1,Login	icon?family=Material+Icons	1625597125665	1625597126012	OK	 
REQUEST	Scen_1,Login	styles-es5.8dcb7b1cdd5d944ad068.js	1625597125907	1625597126042	OK	 
REQUEST	Scen_1,Login	polyfills-es5.7951a9b6d5d3faf73072.js	1625597125663	1625597126134	OK	 
REQUEST	Scen_1,Login	polyfills-es2015.08b3d487343e8bcb5f4b.js	1625597125664	1625597126139	OK	 
REQUEST	Scen_1,Login	styles-es2015.8dcb7b1cdd5d944ad068.js	1625597125664	1625597126143	OK	 
REQUEST	Scen_1,Login	main-es2015.8a12e6f1e5b08471ce36.js	1625597126002	1625597127022	OK	 
REQUEST	Scen_1,Login	main-es5.8a12e6f1e5b08471ce36.js	1625597126005	1625597127067	OK	 
REQUEST	Scen_1,Login	BasePage_1	1625597127079	1625597127141	OK	 
REQUEST	Scen_1,Login	BasePage_2	1625597127144	1625597127205	OK	 
REQUEST	Scen_1,Login	BasePage_3	1625597127207	1625597127269	OK	 
REQUEST	Scen_1,Login	favicon.ico	1625597127274	1625597127335	OK	 
REQUEST	Scen_1,Login	polyfills-es2015.08b3d487343e8bcb5f4b.js	1625597127276	1625597127342	OK	 
REQUEST	Scen_1,Login	runtime-es5.a02b527030695c21acab.js	1625597127275	1625597127343	OK	 
REQUEST	Scen_1,Login	polyfills-es5.7951a9b6d5d3faf73072.js	1625597127276	1625597127344	OK	 
REQUEST	Scen_1,Login	styles-es2015.8dcb7b1cdd5d944ad068.js	1625597127277	1625597127344	OK	 
REQUEST	Scen_1,Login	runtime-es2015.a02b527030695c21acab.js	1625597127275	1625597127345	OK	 
REQUEST	Scen_1,Login	BasePage_4	1625597127345	1625597127771	OK	 
REQUEST	Scen_1,Login	BasePage_5	1625597127772	1625597128470	OK	 
GROUP	Scen_1,Login	1625597125302	1625597128470	3082	OK
REQUEST	Scen_1,SearchByActiveMember	Select_SearchByActiveMember	1625597129478	1625597129683	OK	 
GROUP	Scen_1,SearchByActiveMember	1625597129477	1625597129684	205	OK
REQUEST	Scen_1,SearchName_Name	Search_1	1625597131498	1625597131764	OK	 
REQUEST	Scen_1,SearchName_Name	Search_3231359	1625597131768	1625597132123	OK	 
GROUP	Scen_1,SearchName_Name	1625597131497	1625597132123	621	OK
REQUEST	Scen_1,S_3231359	Select_Smith	1625597133935	1625597134085	OK	 
REQUEST	Scen_1,S_3231359	request_1	1625597134088	1625597135342	OK	 
REQUEST	Scen_1,S_3231359	request_3231359	1625597135344	1625597135567	OK	 
GROUP	Scen_1,S_3231359	1625597133935	1625597135568	1627	OK
REQUEST	Scen_1,DrillDown_Smith	70078	1625597136808	1625597137994	OK	 
GROUP	Scen_1,DrillDown_Smith	1625597136807	1625597137995	1186	OK
GROUP	Scen_1	1625597125301	1625597139736	6721	OK
USER	Users_1	END	1625597139738
