RUN	RecordedSimulation	recordedsimulation	1620755451581	 	3.5.1
USER	RecordedSimulation	START	1620755453051
REQUEST		request_0	1620755453065	1620755453335	OK	 
REQUEST		favicon.ico	1620755453380	1620755453683	OK	 
REQUEST		runtime-es2015.c0bb11c1c8ec25951629.js	1620755453381	1620755453733	OK	 
REQUEST		runtime-es5.c0bb11c1c8ec25951629.js	1620755453382	1620755453735	OK	 
REQUEST		icon?family=Material+Icons	1620755453383	1620755453741	OK	 
REQUEST		styles-es2015.8dcb7b1cdd5d944ad068.js	1620755453383	1620755453790	OK	 
REQUEST		styles-es5.8dcb7b1cdd5d944ad068.js	1620755453685	1620755453820	OK	 
REQUEST		polyfills-es2015.08b3d487343e8bcb5f4b.js	1620755453382	1620755453849	OK	 
REQUEST		polyfills-es5.7951a9b6d5d3faf73072.js	1620755453382	1620755453852	OK	 
REQUEST		request_1	1620755453790	1620755453873	OK	 
REQUEST		request_2	1620755453821	1620755453888	OK	 
REQUEST		request_3	1620755453850	1620755453915	OK	 
REQUEST		request_4	1620755453853	1620755453917	OK	 
REQUEST		request_5	1620755453874	1620755453943	OK	 
REQUEST		request_6	1620755453889	1620755453956	OK	 
REQUEST		request_7	1620755453916	1620755454044	OK	 
REQUEST		main-es2015.aae24381a3abc08cf082.js	1620755453733	1620755454412	OK	 
REQUEST		main-es5.aae24381a3abc08cf082.js	1620755453735	1620755454445	OK	 
REQUEST		request_8	1620755453918	1620755460512	OK	 
REQUEST		request_9	1620755482518	1620755485695	OK	 
USER	RecordedSimulation	END	1620755485698
