RUN	JJ.Framework.JJSim	jjsim	1622661190789	JJ.Framework.JJSim-SIMULATION_1_1:SIMULATION_2_1:SIMULATION_3_1:SIMULATION_4_0:Iterations_5	3.5.1
USER	Users_2	START	1622661192200
USER	Users_1	START	1622661192200
USER	Users_3	START	1622661192200
REQUEST	TIN,TIN	TIN_391139101	1622661192225	1622661197563	KO	status.find.in(200,201,202,203,204,205,206,207,208,209,304), found 500
GROUP	TIN,TIN	1622661192205	1622661197578	5338	KO
REQUEST	NPI,NPI	NPI_1245318229	1622661192225	1622661197730	OK	 
GROUP	NPI,NPI	1622661192205	1622661197747	5505	OK
REQUEST	LName,LN	LName_Smith	1622661192225	1622661197988	KO	status.find.in(200,201,202,203,204,205,206,207,208,209,304), found 500
GROUP	LName,LN	1622661192205	1622661197989	5763	KO
GROUP	TIN	1622661192203	1622661198671	5338	KO
GROUP	NPI	1622661192203	1622661199397	5505	OK
REQUEST	NPI,NPI	NPI_1821049651	1622661199398	1622661199616	OK	 
GROUP	NPI,NPI	1622661199397	1622661199617	218	OK
REQUEST	TIN,TIN	TIN_391139101	1622661198676	1622661199676	KO	status.find.in(200,201,202,203,204,205,206,207,208,209,304), found 500
GROUP	TIN,TIN	1622661198673	1622661199676	1000	KO
GROUP	LName	1622661192203	1622661199912	5763	KO
REQUEST	LName,LN	LName_Jones	1622661199913	1622661200004	KO	status.find.in(200,201,202,203,204,205,206,207,208,209,304), found 500
GROUP	LName,LN	1622661199912	1622661200005	91	KO
GROUP	NPI	1622661199397	1622661201136	218	OK
GROUP	LName	1622661199912	1622661201347	91	KO
GROUP	TIN	1622661198672	1622661201412	1000	KO
REQUEST	LName,LN	LName_Rogers	1622661201348	1622661201630	KO	status.find.in(200,201,202,203,204,205,206,207,208,209,304), found 500
GROUP	LName,LN	1622661201347	1622661201631	282	KO
REQUEST	NPI,NPI	NPI_1114976883	1622661201138	1622661201720	OK	 
GROUP	NPI,NPI	1622661201137	1622661201722	582	OK
REQUEST	TIN,TIN	TIN_391139101	1622661201414	1622661202004	KO	status.find.in(200,201,202,203,204,205,206,207,208,209,304), found 500
GROUP	TIN,TIN	1622661201413	1622661202004	590	KO
GROUP	LName	1622661201347	1622661203044	282	KO
GROUP	TIN	1622661201413	1622661203280	590	KO
REQUEST	LName,LN	LName_Smith	1622661203045	1622661203404	KO	status.find.in(200,201,202,203,204,205,206,207,208,209,304), found 500
GROUP	LName,LN	1622661203045	1622661203404	359	KO
GROUP	NPI	1622661201137	1622661203621	582	OK
REQUEST	TIN,TIN	TIN_391139101	1622661203281	1622661203660	KO	status.find.in(200,201,202,203,204,205,206,207,208,209,304), found 500
GROUP	TIN,TIN	1622661203280	1622661203661	379	KO
REQUEST	NPI,NPI	NPI_1740270032	1622661203622	1622661203715	KO	status.find.in(200,201,202,203,204,205,206,207,208,209,304), found 500
GROUP	NPI,NPI	1622661203621	1622661203716	93	KO
GROUP	TIN	1622661203280	1622661205013	379	KO
GROUP	LName	1622661203044	1622661205242	359	KO
REQUEST	TIN,TIN	TIN_391139101	1622661205014	1622661205481	KO	status.find.in(200,201,202,203,204,205,206,207,208,209,304), found 500
GROUP	TIN,TIN	1622661205013	1622661205481	467	KO
GROUP	NPI	1622661203621	1622661205611	93	KO
REQUEST	LName,LN	LName_Smith	1622661205243	1622661205640	KO	status.find.in(200,201,202,203,204,205,206,207,208,209,304), found 500
GROUP	LName,LN	1622661205243	1622661205640	397	KO
REQUEST	NPI,NPI	NPI_1245419696	1622661205612	1622661205689	KO	status.find.in(200,201,202,203,204,205,206,207,208,209,304), found 500
GROUP	NPI,NPI	1622661205612	1622661205690	77	KO
GROUP	LName	1622661205242	1622661206849	397	KO
USER	Users_3	END	1622661206851
GROUP	NPI	1622661205612	1622661206923	77	KO
USER	Users_1	END	1622661206923
GROUP	TIN	1622661205013	1622661207209	467	KO
USER	Users_2	END	1622661207210
