RUN	JJ.Framework.JJSim	jjsim	1622592906051	JJ.Framework.JJSim-SIMULATION_1_1:SIMULATION_2_:SIMULATION_3_:SIMULATION_4_0:Iterations_3	3.5.1
USER	Users_1	START	1622592907565
REQUEST	Scen_1,NPI	NPI	1622592907581	1622592913270	OK	 
GROUP	Scen_1,NPI	1622592907568	1622592913299	5689	OK
REQUEST	Scen_1,TIN	TIN	1622592913301	1622592939310	OK	 
GROUP	Scen_1,TIN	1622592913299	1622592939352	26009	OK
REQUEST	Scen_1,LN	LName	1622592939353	1622592945255	OK	 
GROUP	Scen_1,LN	1622592939352	1622592945266	5902	OK
GROUP	Scen_1	1622592907567	1622592945266	37600	OK
REQUEST	Scen_1,NPI	NPI	1622592945267	1622592945604	OK	 
GROUP	Scen_1,NPI	1622592945266	1622592945605	337	OK
REQUEST	Scen_1,TIN	TIN	1622592945605	1622592973245	OK	 
GROUP	Scen_1,TIN	1622592945605	1622592973263	27640	OK
REQUEST	Scen_1,LN	LName	1622592973264	1622592979116	OK	 
GROUP	Scen_1,LN	1622592973264	1622592979121	5852	OK
GROUP	Scen_1	1622592945266	1622592979121	33829	OK
REQUEST	Scen_1,NPI	NPI	1622592979122	1622592979466	OK	 
GROUP	Scen_1,NPI	1622592979122	1622592979467	344	OK
REQUEST	Scen_1,TIN	TIN	1622592979467	1622593001401	OK	 
GROUP	Scen_1,TIN	1622592979467	1622593001421	21934	OK
REQUEST	Scen_1,LN	LName	1622593001422	1622593006803	OK	 
GROUP	Scen_1,LN	1622593001421	1622593006809	5381	OK
GROUP	Scen_1	1622592979122	1622593006809	27659	OK
USER	Users_1	END	1622593006811
