RUN	JJ.Framework.JJSim	jjsim	1622733642878	JJ.Framework.JJSim-SIMULATION_1_0:SIMULATION_2_0:SIMULATION_3_1:SIMULATION_4_0:Iterations_10	3.5.1
USER	Users_3	START	1622733644247
REQUEST	LName,LN_Smith_WI	LName_Control	1622733644265	1622733665322	OK	 
GROUP	LName,LN_Smith_WI	1622733644251	1622733665371	21057	OK
GROUP	LName	1622733644249	1622733666481	21057	OK
REQUEST	LName,LN_Smith_WI	LName_Control	1622733666486	1622733686618	OK	 
GROUP	LName,LN_Smith_WI	1622733666483	1622733686624	20132	OK
GROUP	LName	1622733666482	1622733687938	20132	OK
REQUEST	LName,LN_Smith_WI	LName_Control	1622733687939	1622733709462	OK	 
GROUP	LName,LN_Smith_WI	1622733687939	1622733709469	21523	OK
GROUP	LName	1622733687938	1622733710827	21523	OK
REQUEST	LName,LN_Smith_WI	LName_Control	1622733710828	1622733731985	OK	 
GROUP	LName,LN_Smith_WI	1622733710828	1622733731990	21157	OK
GROUP	LName	1622733710827	1622733733374	21157	OK
REQUEST	LName,LN_Smith_WI	LName_Control	1622733733376	1622733756855	OK	 
GROUP	LName,LN_Smith_WI	1622733733375	1622733756860	23479	OK
GROUP	LName	1622733733374	1622733758332	23479	OK
REQUEST	LName,LN_Smith_WI	LName_Control	1622733758333	1622733779140	OK	 
GROUP	LName,LN_Smith_WI	1622733758333	1622733779148	20807	OK
GROUP	LName	1622733758332	1622733780406	20807	OK
REQUEST	LName,LN_Smith_WI	LName_Control	1622733780408	1622733804761	OK	 
GROUP	LName,LN_Smith_WI	1622733780407	1622733804765	24353	OK
GROUP	LName	1622733780406	1622733805967	24353	OK
REQUEST	LName,LN_Smith_WI	LName_Control	1622733805969	1622733832737	OK	 
GROUP	LName,LN_Smith_WI	1622733805968	1622733832742	26768	OK
GROUP	LName	1622733805968	1622733833777	26768	OK
REQUEST	LName,LN_Smith_WI	LName_Control	1622733833779	1622733868729	OK	 
GROUP	LName,LN_Smith_WI	1622733833778	1622733868735	34950	OK
GROUP	LName	1622733833778	1622733870575	34950	OK
REQUEST	LName,LN_Smith_WI	LName_Control	1622733870576	1622733896946	OK	 
GROUP	LName,LN_Smith_WI	1622733870575	1622733896951	26370	OK
GROUP	LName	1622733870575	1622733898857	26370	OK
USER	Users_3	END	1622733898860
