RUN	FOO	foo	1623278411977	 	3.5.1
USER	FOO	START	1623278413456
REQUEST		request_0	1623278413471	1623278414127	OK	 
REQUEST		request_1	1623278414143	1623278414313	OK	 
REQUEST		request_2	1623278414145	1623278414838	OK	 
REQUEST		request_3	1623278417845	1623278418543	OK	 
REQUEST		request_4	1623278418544	1623278418658	OK	 
REQUEST		request_5	1623278418545	1623278419179	OK	 
REQUEST		request_6	1623278420181	1623278420362	OK	 
REQUEST		request_7	1623278421364	1623278421516	OK	 
REQUEST		request_8	1623278424518	1623278425161	OK	 
REQUEST		request_9	1623278425161	1623278425278	OK	 
REQUEST		LOGIN	1623278427287	1623278428146	OK	 
REQUEST		request_11	1623278428171	1623278428408	OK	 
REQUEST		request_20	1623278428299	1623278428580	OK	 
REQUEST		request_24	1623278428301	1623278428586	OK	 
REQUEST		request_14	1623278428173	1623278428603	OK	 
REQUEST		request_21	1623278428300	1623278428606	OK	 
REQUEST		request_22	1623278428300	1623278428609	OK	 
REQUEST		request_23	1623278428301	1623278428611	OK	 
REQUEST		request_54	1623278428307	1623278428618	OK	 
REQUEST		request_15	1623278428173	1623278428620	OK	 
REQUEST		request_12	1623278428172	1623278428624	OK	 
REQUEST		request_61	1623278428175	1623278428627	OK	 
REQUEST		request_57	1623278428308	1623278428636	OK	 
REQUEST		request_13	1623278428302	1623278428653	OK	 
REQUEST		request_25	1623278428584	1623278428657	OK	 
REQUEST		request_52	1623278428305	1623278428661	OK	 
REQUEST		request_56	1623278428307	1623278428666	OK	 
REQUEST		request_26	1623278428602	1623278428675	OK	 
REQUEST		request_27	1623278428608	1623278428683	OK	 
REQUEST		request_28	1623278428610	1623278428686	OK	 
REQUEST		request_14	1623278428605	1623278428709	OK	 
REQUEST		request_30	1623278428658	1623278428725	OK	 
REQUEST		request_16	1623278428173	1623278428733	OK	 
REQUEST		request_51	1623278428303	1623278428735	OK	 
REQUEST		request_59	1623278428637	1623278428742	OK	 
REQUEST		request_31	1623278428676	1623278428749	OK	 
REQUEST		request_55	1623278428307	1623278428751	OK	 
REQUEST		request_29	1623278428612	1623278428752	OK	 
REQUEST		request_58	1623278428619	1623278428756	OK	 
REQUEST		request_32	1623278428685	1623278428757	OK	 
REQUEST		request_34	1623278428687	1623278428763	OK	 
REQUEST		request_60	1623278428662	1623278428782	OK	 
REQUEST		request_19	1623278428237	1623278428791	OK	 
REQUEST		request_23	1623278428613	1623278428793	OK	 
REQUEST		request_35	1623278428726	1623278428810	OK	 
REQUEST		request_36	1623278428754	1623278428819	OK	 
REQUEST		request_16	1623278428750	1623278428821	OK	 
REQUEST		request_37	1623278428757	1623278428825	OK	 
REQUEST		request_39	1623278428764	1623278428831	OK	 
REQUEST		request_40	1623278428792	1623278428859	OK	 
REQUEST		request_42	1623278428820	1623278428891	OK	 
REQUEST		request_43	1623278428822	1623278428893	OK	 
REQUEST		request_44	1623278428826	1623278428898	OK	 
REQUEST		request_41	1623278428811	1623278428900	OK	 
REQUEST		request_23	1623278428794	1623278428944	OK	 
REQUEST		request_17	1623278428174	1623278428955	OK	 
REQUEST		request_48	1623278428892	1623278428961	OK	 
REQUEST		request_49	1623278428894	1623278428963	OK	 
REQUEST		request_50	1623278428899	1623278428991	OK	 
REQUEST		request_18	1623278428174	1623278429034	OK	 
REQUEST		request_53	1623278428306	1623278429039	OK	 
REQUEST		request_45	1623278428832	1623278429105	OK	 
REQUEST		request_23	1623278428945	1623278429142	OK	 
REQUEST		request_46	1623278428860	1623278429253	OK	 
REQUEST		LOGGEDIn	1623278434257	1623278434612	OK	 
REQUEST		request_63	1623278434620	1623278434689	OK	 
REQUEST		request_98	1623278434623	1623278434740	OK	 
REQUEST		request_99	1623278434624	1623278434750	OK	 
REQUEST		request_93	1623278434623	1623278434751	OK	 
REQUEST		request_69	1623278434690	1623278434759	OK	 
REQUEST		request_92	1623278434622	1623278434799	OK	 
REQUEST		request_70	1623278434760	1623278434835	OK	 
REQUEST		request_66	1623278434621	1623278434890	OK	 
REQUEST		request_67	1623278434622	1623278434893	OK	 
REQUEST		request_65	1623278434621	1623278434894	OK	 
REQUEST		request_68	1623278434622	1623278434896	OK	 
REQUEST		request_64	1623278434620	1623278434897	OK	 
REQUEST		request_71	1623278434836	1623278434933	OK	 
REQUEST		request_72	1623278434891	1623278434962	OK	 
REQUEST		request_75	1623278434897	1623278434968	OK	 
REQUEST		request_73	1623278434894	1623278434973	OK	 
REQUEST		request_76	1623278434899	1623278434993	OK	 
REQUEST		request_77	1623278434934	1623278435001	OK	 
REQUEST		request_78	1623278434962	1623278435028	OK	 
REQUEST		request_74	1623278434895	1623278435036	OK	 
REQUEST		request_80	1623278434973	1623278435052	OK	 
REQUEST		request_81	1623278434994	1623278435062	OK	 
REQUEST		request_82	1623278435001	1623278435067	OK	 
REQUEST		request_65	1623278434896	1623278435071	OK	 
REQUEST		request_83	1623278435029	1623278435100	OK	 
REQUEST		request_84	1623278435037	1623278435109	OK	 
REQUEST		request_85	1623278435052	1623278435120	OK	 
REQUEST		request_87	1623278435068	1623278435143	OK	 
REQUEST		request_86	1623278435063	1623278435145	OK	 
REQUEST		request_88	1623278435101	1623278435172	OK	 
REQUEST		request_65	1623278435072	1623278435198	OK	 
REQUEST		request_79	1623278434969	1623278435231	OK	 
REQUEST		request_89	1623278435109	1623278435439	OK	 
REQUEST		request_90	1623278435121	1623278435637	OK	 
USER	FOO	END	1623278435668
