RUN	JJ.Framework.JJSim	jjsim	1622655487487	JJ.Framework.JJSim-SIMULATION_1_1:SIMULATION_2_0:SIMULATION_3_0:SIMULATION_4_0:Iterations_10	3.5.1
USER	Users_1	START	1622655488948
REQUEST	NPI,NPI	NPI_1245318229	1622655488974	1622655494816	OK	 
GROUP	NPI,NPI	1622655488953	1622655494861	5842	OK
GROUP	NPI	1622655488951	1622655496558	5842	OK
REQUEST	NPI,NPI	NPI_1821049651	1622655496562	1622655496773	OK	 
GROUP	NPI,NPI	1622655496560	1622655496775	211	OK
GROUP	NPI	1622655496559	1622655498324	211	OK
REQUEST	NPI,NPI	NPI_1114976883	1622655498325	1622655498544	OK	 
GROUP	NPI,NPI	1622655498324	1622655498545	219	OK
GROUP	NPI	1622655498324	1622655499591	219	OK
REQUEST	NPI,NPI	NPI_1740270032	1622655499593	1622655499757	OK	 
GROUP	NPI,NPI	1622655499592	1622655499757	164	OK
GROUP	NPI	1622655499592	1622655501420	164	OK
REQUEST	NPI,NPI	NPI_1245419696	1622655501422	1622655501658	OK	 
GROUP	NPI,NPI	1622655501421	1622655501659	236	OK
GROUP	NPI	1622655501421	1622655503064	236	OK
REQUEST	NPI,NPI	NPI_1942331400	1622655503065	1622655503325	OK	 
GROUP	NPI,NPI	1622655503064	1622655503326	260	OK
GROUP	NPI	1622655503064	1622655505139	260	OK
REQUEST	NPI,NPI	NPI_1144239955	1622655505140	1622655505347	OK	 
GROUP	NPI,NPI	1622655505140	1622655505349	207	OK
GROUP	NPI	1622655505139	1622655506670	207	OK
REQUEST	NPI,NPI	NPI_1538137419	1622655506671	1622655507033	OK	 
GROUP	NPI,NPI	1622655506670	1622655507034	362	OK
GROUP	NPI	1622655506670	1622655508046	362	OK
REQUEST	NPI,NPI	NPI_1306830377	1622655508047	1622655508224	OK	 
GROUP	NPI,NPI	1622655508046	1622655508225	177	OK
GROUP	NPI	1622655508046	1622655509770	177	OK
REQUEST	NPI,NPI	NPI_1962487256	1622655509771	1622655509976	OK	 
GROUP	NPI,NPI	1622655509771	1622655509977	205	OK
GROUP	NPI	1622655509771	1622655511845	205	OK
USER	Users_1	END	1622655511847
