RUN	BO.Framework.BOSim	bosim	1623703579771	 	3.5.1
USER	Users_1	START	1623703581291
REQUEST	LOGIN,LOGIN	LOGIN	1623703581311	1623703582032	OK	 
REQUEST	LOGIN,LOGIN	request_11	1623703582051	1623703582217	OK	 
REQUEST	LOGIN,LOGIN	request_12	1623703582222	1623703582322	OK	 
REQUEST	LOGIN,LOGIN	request_13	1623703582323	1623703582776	OK	 
REQUEST	LOGIN,LOGIN	request_14	1623703582777	1623703582844	OK	 
REQUEST	LOGIN,LOGIN	request_14 Redirect 1	1623703582847	1623703582944	OK	 
REQUEST	LOGIN,LOGIN	lib-min-7e6d84b497.js	1623703582974	1623703583198	OK	 
REQUEST	LOGIN,LOGIN	consumer-optum3-b35069f230.css	1623703582976	1623703583367	OK	 
REQUEST	LOGIN,LOGIN	error-63062f7857.min.js	1623703582974	1623703583373	OK	 
REQUEST	LOGIN,LOGIN	favicon.ico	1623703582976	1623703583374	OK	 
REQUEST	LOGIN,LOGIN	consumer-7acd47889c.css	1623703582975	1623703583374	OK	 
REQUEST	LOGIN,LOGIN	uitk-req-min-948de8930b.css	1623703582975	1623703583429	OK	 
REQUEST	LOGIN,LOGIN	request_19	1623703583436	1623703583952	OK	 
REQUEST	LOGIN,LOGIN	publicSector.js	1623703583958	1623703584040	OK	 
REQUEST	LOGIN,LOGIN	providerExpress_logo.gif	1623703584040	1623703584129	OK	 
REQUEST	LOGIN,LOGIN	loading.gif	1623703584129	1623703584217	OK	 
REQUEST	LOGIN,LOGIN	tabs.css	1623703583959	1623703584260	OK	 
REQUEST	LOGIN,LOGIN	home-bar.css	1623703583960	1623703584262	OK	 
REQUEST	LOGIN,LOGIN	sso.js	1623703583959	1623703584269	OK	 
REQUEST	LOGIN,LOGIN	space.gif	1623703584218	1623703584308	OK	 
REQUEST	LOGIN,LOGIN	uolStyle.css	1623703583960	1623703584331	OK	 
REQUEST	LOGIN,LOGIN	jquery-3.3.1.slim.min.js	1623703583961	1623703584396	OK	 
REQUEST	LOGIN,LOGIN	request_20	1623703584397	1623703584487	OK	 
REQUEST	LOGIN,LOGIN	request_22	1623703584488	1623703584574	OK	 
REQUEST	LOGIN,LOGIN	request_23	1623703584574	1623703584661	OK	 
REQUEST	LOGIN,LOGIN	request_23 Redirect 1	1623703584662	1623703584804	OK	 
REQUEST	LOGIN,LOGIN	request_23 Redirect 2	1623703584805	1623703584941	OK	 
REQUEST	LOGIN,LOGIN	request_23 Redirect 3	1623703584942	1623703585204	OK	 
REQUEST	LOGIN,LOGIN	uitk-req-min-945fd9447c.js	1623703585211	1623703585315	OK	 
REQUEST	LOGIN,LOGIN	global-app-config.js	1623703585210	1623703585316	OK	 
REQUEST	LOGIN,LOGIN	newrelic.js	1623703585212	1623703585325	OK	 
REQUEST	LOGIN,LOGIN	{{favIconPath}}	1623703585210	1623703585403	OK	 
REQUEST	LOGIN,LOGIN	prelogin-f85aab9ec4.min.js	1623703585211	1623703585441	OK	 
REQUEST	LOGIN,LOGIN	summer.js	1623703585209	1623703585564	OK	 
REQUEST	LOGIN,LOGIN	request_25	1623703585564	1623703585663	OK	 
REQUEST	LOGIN,LOGIN	request_26	1623703585664	1623703585754	OK	 
REQUEST	LOGIN,LOGIN	request_27	1623703585755	1623703585835	OK	 
REQUEST	LOGIN,LOGIN	request_28	1623703585836	1623703585932	OK	 
REQUEST	LOGIN,LOGIN	request_29	1623703585933	1623703586020	OK	 
REQUEST	LOGIN,LOGIN	request_45	1623703586021	1623703586503	OK	 
REQUEST	LOGIN,LOGIN	request_46	1623703586504	1623703586975	OK	 
REQUEST	LOGIN,LOGIN	request_51	1623703586976	1623703588522	OK	 
REQUEST	LOGIN,LOGIN	request_52	1623703588525	1623703589972	OK	 
REQUEST	LOGIN,LOGIN	request_53	1623703589973	1623703590160	OK	 
REQUEST	LOGIN,LOGIN	request_54	1623703590161	1623703590265	OK	 
REQUEST	LOGIN,LOGIN	request_55	1623703590266	1623703590390	OK	 
REQUEST	LOGIN,LOGIN	request_56	1623703590391	1623703590510	OK	 
REQUEST	LOGIN,LOGIN	request_57	1623703590510	1623703590687	OK	 
REQUEST	LOGIN,LOGIN	request_58	1623703590688	1623703590853	OK	 
REQUEST	LOGIN,LOGIN	request_60	1623703590854	1623703590963	OK	 
REQUEST	LOGIN,LOGIN	request_61	1623703590964	1623703591334	OK	 
GROUP	LOGIN,LOGIN	1623703581295	1623703591334	9934	OK
REQUEST	LOGIN,LOGGED_IN	LOGGEDIn	1623703592506	1623703592897	OK	 
REQUEST	LOGIN,LOGGED_IN	request_63	1623703592899	1623703592968	OK	 
REQUEST	LOGIN,LOGGED_IN	request_65	1623703592969	1623703593040	OK	 
REQUEST	LOGIN,LOGGED_IN	request_65 Redirect 1	1623703593040	1623703593186	OK	 
REQUEST	LOGIN,LOGGED_IN	request_65 Redirect 2	1623703593186	1623703593312	OK	 
REQUEST	LOGIN,LOGGED_IN	request_65 Redirect 3	1623703593312	1623703593526	OK	 
REQUEST	LOGIN,LOGGED_IN	{{favIconPath}}	1623703593528	1623703593800	OK	 
REQUEST	LOGIN,LOGGED_IN	summer.js	1623703593528	1623703593815	OK	 
REQUEST	LOGIN,LOGGED_IN	request_68	1623703593815	1623703593888	OK	 
REQUEST	LOGIN,LOGGED_IN	request_70	1623703593889	1623703593960	OK	 
REQUEST	LOGIN,LOGGED_IN	request_71	1623703593961	1623703594047	OK	 
REQUEST	LOGIN,LOGGED_IN	request_74	1623703594048	1623703594181	OK	 
REQUEST	LOGIN,LOGGED_IN	request_76	1623703594182	1623703594274	OK	 
REQUEST	LOGIN,LOGGED_IN	request_77	1623703594275	1623703594347	OK	 
REQUEST	LOGIN,LOGGED_IN	request_79	1623703594348	1623703594566	OK	 
REQUEST	LOGIN,LOGGED_IN	request_89	1623703594567	1623703595334	OK	 
REQUEST	LOGIN,LOGGED_IN	request_90	1623703595335	1623703595760	OK	 
REQUEST	LOGIN,LOGGED_IN	request_92	1623703595760	1623703595874	OK	 
REQUEST	LOGIN,LOGGED_IN	request_93	1623703595875	1623703596064	OK	 
REQUEST	LOGIN,LOGGED_IN	request_98	1623703596066	1623703596230	OK	 
REQUEST	LOGIN,LOGGED_IN	request_99	1623703596231	1623703596393	OK	 
GROUP	LOGIN,LOGGED_IN	1623703592505	1623703596394	3871	OK
REQUEST	LOGIN,SEARCH	request_0	1623703598263	1623703598625	KO	status.find.in(200,201,202,203,204,205,206,207,208,209,304), found 404
REQUEST	LOGIN,SEARCH	request_3	1623703598627	1623703598751	KO	status.find.in(200,201,202,203,204,205,206,207,208,209,304), found 404
REQUEST	LOGIN,SEARCH	request_4	1623703598751	1623703598851	KO	status.find.in(200,201,202,203,204,205,206,207,208,209,304), found 404
REQUEST	LOGIN,SEARCH	request_6	1623703598852	1623703598949	KO	status.find.in(200,201,202,203,204,205,206,207,208,209,304), found 404
REQUEST	LOGIN,SEARCH	request_7	1623703598950	1623703599432	KO	status.find.in(200,201,202,203,204,205,206,207,208,209,304), found 404
REQUEST	LOGIN,SEARCH	request_8	1623703599433	1623703599612	KO	status.find.in(200,201,202,203,204,205,206,207,208,209,304), found 404
REQUEST	LOGIN,SEARCH	request_11	1623703599613	1623703599692	KO	status.find.in(200,201,202,203,204,205,206,207,208,209,304), found 404
REQUEST	LOGIN,SEARCH	request_12	1623703599693	1623703599771	KO	status.find.in(200,201,202,203,204,205,206,207,208,209,304), found 404
REQUEST	LOGIN,SEARCH	request_15	1623703599772	1623703599849	KO	status.find.in(200,201,202,203,204,205,206,207,208,209,304), found 404
REQUEST	LOGIN,SEARCH	request_18	1623703599849	1623703599925	KO	status.find.in(200,201,202,203,204,205,206,207,208,209,304), found 404
REQUEST	LOGIN,SEARCH	request_26	1623703599926	1623703600006	KO	status.find.in(200,201,202,203,204,205,206,207,208,209,304), found 404
REQUEST	LOGIN,SEARCH	request_27	1623703600007	1623703600083	KO	status.find.in(200,201,202,203,204,205,206,207,208,209,304), found 404
REQUEST	LOGIN,SEARCH	request_29	1623703600084	1623703600192	OK	 
REQUEST	LOGIN,SEARCH	request_30	1623703600192	1623703600725	OK	 
REQUEST	LOGIN,SEARCH	request_35	1623703600727	1623703600969	OK	 
REQUEST	LOGIN,SEARCH	request_36	1623703600970	1623703601177	OK	 
GROUP	LOGIN,SEARCH	1623703598262	1623703601178	2900	KO
GROUP	LOGIN	1623703581294	1623703603111	16705	KO
USER	Users_1	END	1623703603117
