RUN	MarsTest.Framework.MarsSim	marssim	1623802842786	MarsTest.Framework.MarsSim-SIMULATION_1_1:SIMULATION_2_0:SIMULATION_3_0:Iterations_2	3.5.1
USER	MarsTest	START	1623802844137
REQUEST	MarsTest / APIs,SearchByMetaData		1623802844153	1623802846328	OK	 
GROUP	MarsTest / APIs,SearchByMetaData	1623802844140	1623802846347	2175	OK
REQUEST	MarsTest / APIs,GetDocumentById		1623802847352	1623802848043	OK	 
GROUP	MarsTest / APIs,GetDocumentById	1623802847348	1623802848045	691	OK
REQUEST	MarsTest / APIs,FindAllStates		1623802849050	1623802849164	OK	 
GROUP	MarsTest / APIs,FindAllStates	1623802849049	1623802849165	114	OK
REQUEST	MarsTest / APIs,GetClusterByProviderType		1623802850168	1623802850344	OK	 
GROUP	MarsTest / APIs,GetClusterByProviderType	1623802850167	1623802850345	176	OK
REQUEST	MarsTest / APIs,GetProviderAddress		1623802851352	1623802851435	OK	 
GROUP	MarsTest / APIs,GetProviderAddress	1623802851351	1623802851436	83	OK
REQUEST	MarsTest / APIs,GetProviderName		1623802852438	1623802852528	OK	 
GROUP	MarsTest / APIs,GetProviderName	1623802852437	1623802852529	90	OK
REQUEST	MarsTest / APIs,findMemberLinxById		1623802853535	1623802853899	OK	 
GROUP	MarsTest / APIs,findMemberLinxById	1623802853534	1623802853900	364	OK
GROUP	MarsTest / APIs	1623802844140	1623802854903	3693	OK
REQUEST	MarsTest / APIs,SearchByMetaData		1623802854904	1623802857025	OK	 
GROUP	MarsTest / APIs,SearchByMetaData	1623802854904	1623802857026	2121	OK
REQUEST	MarsTest / APIs,GetDocumentById		1623802858029	1623802858246	OK	 
GROUP	MarsTest / APIs,GetDocumentById	1623802858028	1623802858247	217	OK
REQUEST	MarsTest / APIs,FindAllStates		1623802859254	1623802859370	OK	 
GROUP	MarsTest / APIs,FindAllStates	1623802859253	1623802859371	116	OK
REQUEST	MarsTest / APIs,GetClusterByProviderType		1623802860375	1623802860491	OK	 
GROUP	MarsTest / APIs,GetClusterByProviderType	1623802860374	1623802860492	116	OK
REQUEST	MarsTest / APIs,GetProviderAddress		1623802861498	1623802861584	OK	 
GROUP	MarsTest / APIs,GetProviderAddress	1623802861497	1623802861585	86	OK
REQUEST	MarsTest / APIs,GetProviderName		1623802862588	1623802862698	OK	 
GROUP	MarsTest / APIs,GetProviderName	1623802862587	1623802862698	110	OK
REQUEST	MarsTest / APIs,findMemberLinxById		1623802863705	1623802864088	OK	 
GROUP	MarsTest / APIs,findMemberLinxById	1623802863704	1623802864089	383	OK
GROUP	MarsTest / APIs	1623802854904	1623802865094	3149	OK
USER	MarsTest	END	1623802865098
