RUN	BO.Framework.BOSim	bosim	1625604342237	BO.Framework.BOSim-SIMULATION_1_1:SIMULATION_2_1:SIMULATION_3_1:Iterations_1	3.5.1
USER	Users_1	START	1625604343738
REQUEST	LOGIN,LOGIN	LOGIN	1625604343774	1625604344570	OK	 
REQUEST	LOGIN,LOGIN	request_11	1625604344590	1625604344763	OK	 
REQUEST	LOGIN,LOGIN	request_12	1625604344776	1625604344870	OK	 
REQUEST	LOGIN,LOGIN	request_13	1625604344872	1625604345646	OK	 
REQUEST	LOGIN,LOGIN	request_15	1625604345647	1625604345747	OK	 
REQUEST	LOGIN,LOGIN	lib-min-7e6d84b497.js	1625604345779	1625604345999	OK	 
REQUEST	LOGIN,LOGIN	consumer-f4de93c8c0.css	1625604345781	1625604346081	OK	 
REQUEST	LOGIN,LOGIN	error-63062f7857.min.js	1625604345780	1625604346090	OK	 
REQUEST	LOGIN,LOGIN	consumer-optum3-b35069f230.css	1625604345781	1625604346136	OK	 
REQUEST	LOGIN,LOGIN	favicon.ico	1625604345782	1625604346141	OK	 
REQUEST	LOGIN,LOGIN	uitk-req-min-d9a14967e2.css	1625604345780	1625604346144	OK	 
REQUEST	LOGIN,LOGIN	request_19	1625604346149	1625604346726	OK	 
REQUEST	LOGIN,LOGIN	publicSector.js	1625604346732	1625604346853	OK	 
REQUEST	LOGIN,LOGIN	providerExpress_logo.gif	1625604346855	1625604346919	OK	 
REQUEST	LOGIN,LOGIN	loading.gif	1625604346920	1625604346991	OK	 
REQUEST	LOGIN,LOGIN	tabs.css	1625604346734	1625604346998	OK	 
REQUEST	LOGIN,LOGIN	sso.js	1625604346733	1625604347000	OK	 
REQUEST	LOGIN,LOGIN	home-bar.css	1625604346734	1625604347006	OK	 
REQUEST	LOGIN,LOGIN	space.gif	1625604346992	1625604347060	OK	 
REQUEST	LOGIN,LOGIN	uolStyle.css	1625604346734	1625604347065	OK	 
REQUEST	LOGIN,LOGIN	jquery-3.3.1.slim.min.js	1625604346735	1625604347198	OK	 
REQUEST	LOGIN,LOGIN	request_20	1625604347200	1625604347271	OK	 
REQUEST	LOGIN,LOGIN	request_22	1625604347272	1625604347338	OK	 
REQUEST	LOGIN,LOGIN	request_23	1625604347339	1625604347410	OK	 
REQUEST	LOGIN,LOGIN	request_23 Redirect 1	1625604347412	1625604347577	OK	 
REQUEST	LOGIN,LOGIN	request_23 Redirect 2	1625604347578	1625604347700	OK	 
REQUEST	LOGIN,LOGIN	request_23 Redirect 3	1625604347701	1625604347922	OK	 
REQUEST	LOGIN,LOGIN	uitk-req-min-945fd9447c.js	1625604347930	1625604348032	OK	 
REQUEST	LOGIN,LOGIN	newrelic.js	1625604347931	1625604348035	OK	 
REQUEST	LOGIN,LOGIN	global-app-config.js	1625604347930	1625604348036	OK	 
REQUEST	LOGIN,LOGIN	prelogin-bc70ccfc21.min.js	1625604347931	1625604348090	OK	 
REQUEST	LOGIN,LOGIN	{{favIconPath}}	1625604347930	1625604348120	OK	 
REQUEST	LOGIN,LOGIN	summer.js	1625604347929	1625604348294	OK	 
REQUEST	LOGIN,LOGIN	request_25	1625604348296	1625604348366	OK	 
REQUEST	LOGIN,LOGIN	request_27	1625604348368	1625604348434	OK	 
REQUEST	LOGIN,LOGIN	request_28	1625604348436	1625604348501	OK	 
REQUEST	LOGIN,LOGIN	request_29	1625604348502	1625604348571	OK	 
REQUEST	LOGIN,LOGIN	request_45	1625604348572	1625604349010	OK	 
REQUEST	LOGIN,LOGIN	request_46	1625604349012	1625604349513	OK	 
REQUEST	LOGIN,LOGIN	request_51	1625604349517	1625604349998	OK	 
REQUEST	LOGIN,LOGIN	request_52	1625604350002	1625604350432	OK	 
REQUEST	LOGIN,LOGIN	request_53	1625604350433	1625604350591	OK	 
REQUEST	LOGIN,LOGIN	request_54	1625604350592	1625604350688	OK	 
REQUEST	LOGIN,LOGIN	request_55	1625604350689	1625604350786	OK	 
REQUEST	LOGIN,LOGIN	request_56	1625604350787	1625604350880	OK	 
REQUEST	LOGIN,LOGIN	request_57	1625604350881	1625604351023	OK	 
REQUEST	LOGIN,LOGIN	request_58	1625604351024	1625604351166	OK	 
REQUEST	LOGIN,LOGIN	request_60	1625604351167	1625604351254	OK	 
REQUEST	LOGIN,LOGIN	request_61	1625604351255	1625604351685	OK	 
GROUP	LOGIN,LOGIN	1625604343743	1625604351685	7801	OK
REQUEST	LOGIN,LOGGED_IN	request_65	1625604353597	1625604353659	OK	 
REQUEST	LOGIN,LOGGED_IN	request_65 Redirect 1	1625604353660	1625604353893	OK	 
REQUEST	LOGIN,LOGGED_IN	request_65 Redirect 2	1625604353894	1625604354049	OK	 
REQUEST	LOGIN,LOGGED_IN	request_65 Redirect 3	1625604354050	1625604354254	OK	 
REQUEST	LOGIN,LOGGED_IN	{{favIconPath}}	1625604354255	1625604354444	OK	 
REQUEST	LOGIN,LOGGED_IN	summer.js	1625604354255	1625604354486	OK	 
REQUEST	LOGIN,LOGGED_IN	request_68	1625604354487	1625604354552	OK	 
REQUEST	LOGIN,LOGGED_IN	request_70	1625604354553	1625604354614	OK	 
REQUEST	LOGIN,LOGGED_IN	request_71	1625604354615	1625604354694	OK	 
REQUEST	LOGIN,LOGGED_IN	request_74	1625604354695	1625604354762	OK	 
REQUEST	LOGIN,LOGGED_IN	request_76	1625604354764	1625604354847	OK	 
REQUEST	LOGIN,LOGGED_IN	request_79	1625604354848	1625604355034	OK	 
REQUEST	LOGIN,LOGGED_IN	request_89	1625604355037	1625604355295	OK	 
REQUEST	LOGIN,LOGGED_IN	request_90	1625604355299	1625604355718	OK	 
REQUEST	LOGIN,LOGGED_IN	request_92	1625604355748	1625604355845	OK	 
REQUEST	LOGIN,LOGGED_IN	request_93	1625604355846	1625604355988	OK	 
REQUEST	LOGIN,LOGGED_IN	request_98	1625604355989	1625604356258	OK	 
REQUEST	LOGIN,LOGGED_IN	request_99	1625604356259	1625604356601	OK	 
REQUEST	LOGIN,LOGGED_IN	request_101	1625604356602	1625604356680	OK	 
GROUP	LOGIN,LOGGED_IN	1625604353597	1625604356681	3033	OK
REQUEST	LOGIN,SEARCH	request_3	1625604357944	1625604358005	OK	 
REQUEST	LOGIN,SEARCH	request_4	1625604358006	1625604358070	OK	 
REQUEST	LOGIN,SEARCH	request_4 Redirect 1	1625604358071	1625604358213	OK	 
REQUEST	LOGIN,SEARCH	request_4 Redirect 2	1625604358214	1625604358339	OK	 
REQUEST	LOGIN,SEARCH	request_4 Redirect 3	1625604358340	1625604358535	OK	 
REQUEST	LOGIN,SEARCH	{{favIconPath}}	1625604358537	1625604358723	OK	 
REQUEST	LOGIN,SEARCH	summer.js	1625604358537	1625604358823	OK	 
REQUEST	LOGIN,SEARCH	request_6	1625604358824	1625604358892	OK	 
REQUEST	LOGIN,SEARCH	request_7	1625604358894	1625604358958	OK	 
REQUEST	LOGIN,SEARCH	request_8	1625604358959	1625604359068	OK	 
REQUEST	LOGIN,SEARCH	request_11	1625604359069	1625604359136	OK	 
REQUEST	LOGIN,SEARCH	request_12	1625604359137	1625604359723	OK	 
REQUEST	LOGIN,SEARCH	request_18	1625604359724	1625604359790	OK	 
REQUEST	LOGIN,SEARCH	request_26	1625604359791	1625604360281	OK	 
REQUEST	LOGIN,SEARCH	request_27	1625604360292	1625604360378	OK	 
REQUEST	LOGIN,SEARCH	request_29	1625604360378	1625604360509	OK	 
REQUEST	LOGIN,SEARCH	request_30	1625604360510	1625604360754	OK	 
REQUEST	LOGIN,SEARCH	request_35	1625604360756	1625604361014	OK	 
REQUEST	LOGIN,SEARCH	request_36	1625604361015	1625604361184	OK	 
GROUP	LOGIN,SEARCH	1625604357943	1625604361185	3213	OK
GROUP	LOGIN	1625604343740	1625604362201	14047	OK
USER	Users_1	END	1625604362205
