RUN	JJ.Framework.JJSim	jjsim	1622664179638	JJ.Framework.JJSim-SIMULATION_1_1:SIMULATION_2_1:SIMULATION_3_0:SIMULATION_4_0:Iterations_3	3.5.1
USER	Users_1	START	1622664180961
USER	Users_2	START	1622664180961
REQUEST	NPI,NPI_Control	NPI_Control	1622664180982	1622664186423	OK	 
GROUP	NPI,NPI_Control	1622664180967	1622664186457	5441	OK
REQUEST	TIN,TIN_Control	TIN_Control	1622664180982	1622664186623	KO	status.find.in(200,201,202,203,204,205,206,207,208,209,304), found 500
GROUP	TIN,TIN_Control	1622664180967	1622664186624	5641	KO
GROUP	NPI	1622664180964	1622664187728	5441	OK
GROUP	TIN	1622664180964	1622664188474	5641	KO
REQUEST	NPI,NPI_Control	NPI_Control	1622664187733	1622664188609	OK	 
GROUP	NPI,NPI_Control	1622664187731	1622664188610	876	OK
REQUEST	TIN,TIN_Control	TIN_Control	1622664188475	1622664189081	KO	status.find.in(200,201,202,203,204,205,206,207,208,209,304), found 500
GROUP	TIN,TIN_Control	1622664188475	1622664189082	606	KO
GROUP	NPI	1622664187729	1622664189616	876	OK
REQUEST	NPI,NPI_Control	NPI_Control	1622664189617	1622664189956	OK	 
GROUP	NPI,NPI_Control	1622664189617	1622664189957	339	OK
GROUP	TIN	1622664188474	1622664190503	606	KO
GROUP	NPI	1622664189617	1622664191319	339	OK
USER	Users_1	END	1622664191322
REQUEST	TIN,TIN_Control	TIN_Control	1622664190504	1622664191845	KO	status.find.in(200,201,202,203,204,205,206,207,208,209,304), found 500
GROUP	TIN,TIN_Control	1622664190504	1622664191846	1341	KO
GROUP	TIN	1622664190503	1622664193758	1341	KO
USER	Users_2	END	1622664193759
