RUN	JJ.Framework.JJSim	jjsim	1622593789184	JJ.Framework.JJSim-SIMULATION_1_1:SIMULATION_2_:SIMULATION_3_:SIMULATION_4_0:Iterations_100	3.5.1
USER	Users_1	START	1622593790646
REQUEST	Scen_1,NPI	NPI	1622593790663	1622593796172	OK	 
GROUP	Scen_1,NPI	1622593790649	1622593796202	5509	OK
GROUP	Scen_1	1622593790649	1622593796202	5509	OK
REQUEST	Scen_1,NPI	NPI	1622593796205	1622593796367	OK	 
GROUP	Scen_1,NPI	1622593796203	1622593796368	162	OK
GROUP	Scen_1	1622593796203	1622593796368	162	OK
REQUEST	Scen_1,NPI	NPI	1622593796368	1622593796553	OK	 
GROUP	Scen_1,NPI	1622593796368	1622593796554	185	OK
GROUP	Scen_1	1622593796368	1622593796554	185	OK
REQUEST	Scen_1,NPI	NPI	1622593796555	1622593796709	OK	 
GROUP	Scen_1,NPI	1622593796554	1622593796711	154	OK
GROUP	Scen_1	1622593796554	1622593796711	154	OK
REQUEST	Scen_1,NPI	NPI	1622593796711	1622593796912	OK	 
GROUP	Scen_1,NPI	1622593796711	1622593796914	201	OK
GROUP	Scen_1	1622593796711	1622593796914	201	OK
REQUEST	Scen_1,NPI	NPI	1622593796915	1622593797295	OK	 
GROUP	Scen_1,NPI	1622593796914	1622593797296	380	OK
GROUP	Scen_1	1622593796914	1622593797296	380	OK
REQUEST	Scen_1,NPI	NPI	1622593797297	1622593797446	OK	 
GROUP	Scen_1,NPI	1622593797296	1622593797447	149	OK
GROUP	Scen_1	1622593797296	1622593797447	149	OK
REQUEST	Scen_1,NPI	NPI	1622593797448	1622593797703	OK	 
GROUP	Scen_1,NPI	1622593797447	1622593797704	255	OK
GROUP	Scen_1	1622593797447	1622593797704	255	OK
REQUEST	Scen_1,NPI	NPI	1622593797705	1622593797851	OK	 
GROUP	Scen_1,NPI	1622593797705	1622593797852	146	OK
GROUP	Scen_1	1622593797705	1622593797852	146	OK
REQUEST	Scen_1,NPI	NPI	1622593797853	1622593797991	OK	 
GROUP	Scen_1,NPI	1622593797853	1622593797992	138	OK
GROUP	Scen_1	1622593797853	1622593797992	138	OK
REQUEST	Scen_1,NPI	NPI	1622593797993	1622593798164	OK	 
GROUP	Scen_1,NPI	1622593797993	1622593798165	171	OK
GROUP	Scen_1	1622593797993	1622593798165	171	OK
REQUEST	Scen_1,NPI	NPI	1622593798166	1622593798299	OK	 
GROUP	Scen_1,NPI	1622593798166	1622593798300	133	OK
GROUP	Scen_1	1622593798166	1622593798300	133	OK
REQUEST	Scen_1,NPI	NPI	1622593798301	1622593798458	OK	 
GROUP	Scen_1,NPI	1622593798300	1622593798460	157	OK
GROUP	Scen_1	1622593798300	1622593798460	157	OK
REQUEST	Scen_1,NPI	NPI	1622593798461	1622593798610	OK	 
GROUP	Scen_1,NPI	1622593798460	1622593798611	149	OK
GROUP	Scen_1	1622593798460	1622593798611	149	OK
REQUEST	Scen_1,NPI	NPI	1622593798612	1622593798751	OK	 
GROUP	Scen_1,NPI	1622593798612	1622593798752	139	OK
GROUP	Scen_1	1622593798612	1622593798752	139	OK
REQUEST	Scen_1,NPI	NPI	1622593798753	1622593798963	OK	 
GROUP	Scen_1,NPI	1622593798752	1622593798964	210	OK
GROUP	Scen_1	1622593798752	1622593798964	210	OK
REQUEST	Scen_1,NPI	NPI	1622593798965	1622593799131	OK	 
GROUP	Scen_1,NPI	1622593798964	1622593799132	166	OK
GROUP	Scen_1	1622593798964	1622593799132	166	OK
REQUEST	Scen_1,NPI	NPI	1622593799132	1622593799269	OK	 
GROUP	Scen_1,NPI	1622593799132	1622593799270	137	OK
GROUP	Scen_1	1622593799132	1622593799270	137	OK
REQUEST	Scen_1,NPI	NPI	1622593799271	1622593799445	OK	 
GROUP	Scen_1,NPI	1622593799270	1622593799445	174	OK
GROUP	Scen_1	1622593799270	1622593799446	174	OK
REQUEST	Scen_1,NPI	NPI	1622593799446	1622593799615	OK	 
GROUP	Scen_1,NPI	1622593799446	1622593799617	169	OK
GROUP	Scen_1	1622593799446	1622593799617	169	OK
REQUEST	Scen_1,NPI	NPI	1622593799617	1622593799751	OK	 
GROUP	Scen_1,NPI	1622593799617	1622593799752	134	OK
GROUP	Scen_1	1622593799617	1622593799752	134	OK
REQUEST	Scen_1,NPI	NPI	1622593799752	1622593799915	OK	 
GROUP	Scen_1,NPI	1622593799752	1622593799915	163	OK
GROUP	Scen_1	1622593799752	1622593799915	163	OK
REQUEST	Scen_1,NPI	NPI	1622593799916	1622593802229	OK	 
GROUP	Scen_1,NPI	1622593799916	1622593802230	2313	OK
GROUP	Scen_1	1622593799916	1622593802230	2313	OK
REQUEST	Scen_1,NPI	NPI	1622593802231	1622593802379	OK	 
GROUP	Scen_1,NPI	1622593802231	1622593802380	148	OK
GROUP	Scen_1	1622593802231	1622593802380	148	OK
REQUEST	Scen_1,NPI	NPI	1622593802381	1622593802520	OK	 
GROUP	Scen_1,NPI	1622593802380	1622593802521	139	OK
GROUP	Scen_1	1622593802380	1622593802521	139	OK
REQUEST	Scen_1,NPI	NPI	1622593802522	1622593802667	OK	 
GROUP	Scen_1,NPI	1622593802521	1622593802668	145	OK
GROUP	Scen_1	1622593802521	1622593802668	145	OK
REQUEST	Scen_1,NPI	NPI	1622593802669	1622593802816	OK	 
GROUP	Scen_1,NPI	1622593802668	1622593802817	147	OK
GROUP	Scen_1	1622593802668	1622593802817	147	OK
REQUEST	Scen_1,NPI	NPI	1622593802818	1622593802966	OK	 
GROUP	Scen_1,NPI	1622593802817	1622593802967	148	OK
GROUP	Scen_1	1622593802817	1622593802967	148	OK
REQUEST	Scen_1,NPI	NPI	1622593802968	1622593803109	OK	 
GROUP	Scen_1,NPI	1622593802968	1622593803110	141	OK
GROUP	Scen_1	1622593802968	1622593803111	141	OK
REQUEST	Scen_1,NPI	NPI	1622593803111	1622593803526	OK	 
GROUP	Scen_1,NPI	1622593803111	1622593803527	415	OK
GROUP	Scen_1	1622593803111	1622593803527	415	OK
REQUEST	Scen_1,NPI	NPI	1622593803528	1622593803681	OK	 
GROUP	Scen_1,NPI	1622593803527	1622593803682	153	OK
GROUP	Scen_1	1622593803527	1622593803682	153	OK
REQUEST	Scen_1,NPI	NPI	1622593803683	1622593803855	OK	 
GROUP	Scen_1,NPI	1622593803683	1622593803856	172	OK
GROUP	Scen_1	1622593803683	1622593803856	172	OK
REQUEST	Scen_1,NPI	NPI	1622593803857	1622593804000	OK	 
GROUP	Scen_1,NPI	1622593803856	1622593804001	143	OK
GROUP	Scen_1	1622593803856	1622593804001	143	OK
REQUEST	Scen_1,NPI	NPI	1622593804002	1622593804167	OK	 
GROUP	Scen_1,NPI	1622593804001	1622593804168	165	OK
GROUP	Scen_1	1622593804001	1622593804168	165	OK
REQUEST	Scen_1,NPI	NPI	1622593804169	1622593804314	OK	 
GROUP	Scen_1,NPI	1622593804168	1622593804315	145	OK
GROUP	Scen_1	1622593804168	1622593804315	145	OK
REQUEST	Scen_1,NPI	NPI	1622593804315	1622593804495	OK	 
GROUP	Scen_1,NPI	1622593804315	1622593804496	180	OK
GROUP	Scen_1	1622593804315	1622593804496	180	OK
REQUEST	Scen_1,NPI	NPI	1622593804497	1622593804645	OK	 
GROUP	Scen_1,NPI	1622593804497	1622593804646	148	OK
GROUP	Scen_1	1622593804497	1622593804646	148	OK
REQUEST	Scen_1,NPI	NPI	1622593804647	1622593804794	OK	 
GROUP	Scen_1,NPI	1622593804646	1622593804795	147	OK
GROUP	Scen_1	1622593804646	1622593804795	147	OK
REQUEST	Scen_1,NPI	NPI	1622593804796	1622593804957	OK	 
GROUP	Scen_1,NPI	1622593804796	1622593804958	161	OK
GROUP	Scen_1	1622593804796	1622593804958	161	OK
REQUEST	Scen_1,NPI	NPI	1622593804959	1622593805125	OK	 
GROUP	Scen_1,NPI	1622593804958	1622593805127	166	OK
GROUP	Scen_1	1622593804958	1622593805127	166	OK
REQUEST	Scen_1,NPI	NPI	1622593805127	1622593805258	OK	 
GROUP	Scen_1,NPI	1622593805127	1622593805259	131	OK
GROUP	Scen_1	1622593805127	1622593805259	131	OK
REQUEST	Scen_1,NPI	NPI	1622593805260	1622593805406	OK	 
GROUP	Scen_1,NPI	1622593805260	1622593805408	146	OK
GROUP	Scen_1	1622593805260	1622593805408	146	OK
REQUEST	Scen_1,NPI	NPI	1622593805408	1622593805580	OK	 
GROUP	Scen_1,NPI	1622593805408	1622593805581	172	OK
GROUP	Scen_1	1622593805408	1622593805581	172	OK
REQUEST	Scen_1,NPI	NPI	1622593805582	1622593805752	OK	 
GROUP	Scen_1,NPI	1622593805582	1622593805753	170	OK
GROUP	Scen_1	1622593805582	1622593805753	170	OK
REQUEST	Scen_1,NPI	NPI	1622593805753	1622593805909	OK	 
GROUP	Scen_1,NPI	1622593805753	1622593805914	156	OK
GROUP	Scen_1	1622593805753	1622593805914	156	OK
REQUEST	Scen_1,NPI	NPI	1622593805915	1622593806052	OK	 
GROUP	Scen_1,NPI	1622593805914	1622593806053	137	OK
GROUP	Scen_1	1622593805914	1622593806053	137	OK
REQUEST	Scen_1,NPI	NPI	1622593806054	1622593806191	OK	 
GROUP	Scen_1,NPI	1622593806053	1622593806192	137	OK
GROUP	Scen_1	1622593806053	1622593806192	137	OK
REQUEST	Scen_1,NPI	NPI	1622593806193	1622593806338	OK	 
GROUP	Scen_1,NPI	1622593806192	1622593806339	145	OK
GROUP	Scen_1	1622593806192	1622593806339	145	OK
REQUEST	Scen_1,NPI	NPI	1622593806340	1622593806482	OK	 
GROUP	Scen_1,NPI	1622593806339	1622593806483	142	OK
GROUP	Scen_1	1622593806339	1622593806483	142	OK
REQUEST	Scen_1,NPI	NPI	1622593806484	1622593806819	OK	 
GROUP	Scen_1,NPI	1622593806483	1622593806820	335	OK
GROUP	Scen_1	1622593806483	1622593806820	335	OK
REQUEST	Scen_1,NPI	NPI	1622593806820	1622593807534	OK	 
GROUP	Scen_1,NPI	1622593806820	1622593807535	714	OK
GROUP	Scen_1	1622593806820	1622593807535	714	OK
REQUEST	Scen_1,NPI	NPI	1622593807536	1622593807713	OK	 
GROUP	Scen_1,NPI	1622593807535	1622593807715	177	OK
GROUP	Scen_1	1622593807535	1622593807715	177	OK
REQUEST	Scen_1,NPI	NPI	1622593807715	1622593807861	OK	 
GROUP	Scen_1,NPI	1622593807715	1622593807862	146	OK
GROUP	Scen_1	1622593807715	1622593807862	146	OK
REQUEST	Scen_1,NPI	NPI	1622593807863	1622593808000	OK	 
GROUP	Scen_1,NPI	1622593807862	1622593808001	137	OK
GROUP	Scen_1	1622593807862	1622593808001	137	OK
REQUEST	Scen_1,NPI	NPI	1622593808001	1622593808156	OK	 
GROUP	Scen_1,NPI	1622593808001	1622593808157	155	OK
GROUP	Scen_1	1622593808001	1622593808157	155	OK
REQUEST	Scen_1,NPI	NPI	1622593808158	1622593808297	OK	 
GROUP	Scen_1,NPI	1622593808157	1622593808298	139	OK
GROUP	Scen_1	1622593808157	1622593808298	139	OK
REQUEST	Scen_1,NPI	NPI	1622593808298	1622593808442	OK	 
GROUP	Scen_1,NPI	1622593808298	1622593808443	144	OK
GROUP	Scen_1	1622593808298	1622593808443	144	OK
REQUEST	Scen_1,NPI	NPI	1622593808444	1622593808593	OK	 
GROUP	Scen_1,NPI	1622593808443	1622593808594	149	OK
GROUP	Scen_1	1622593808443	1622593808594	149	OK
REQUEST	Scen_1,NPI	NPI	1622593808595	1622593808734	OK	 
GROUP	Scen_1,NPI	1622593808594	1622593808735	139	OK
GROUP	Scen_1	1622593808594	1622593808735	139	OK
REQUEST	Scen_1,NPI	NPI	1622593808736	1622593808869	OK	 
GROUP	Scen_1,NPI	1622593808736	1622593808870	133	OK
GROUP	Scen_1	1622593808736	1622593808870	133	OK
REQUEST	Scen_1,NPI	NPI	1622593808870	1622593809018	OK	 
GROUP	Scen_1,NPI	1622593808870	1622593809019	148	OK
GROUP	Scen_1	1622593808870	1622593809019	148	OK
REQUEST	Scen_1,NPI	NPI	1622593809019	1622593809178	OK	 
GROUP	Scen_1,NPI	1622593809019	1622593809179	159	OK
GROUP	Scen_1	1622593809019	1622593809179	159	OK
REQUEST	Scen_1,NPI	NPI	1622593809180	1622593809332	OK	 
GROUP	Scen_1,NPI	1622593809179	1622593809336	152	OK
GROUP	Scen_1	1622593809179	1622593809336	152	OK
REQUEST	Scen_1,NPI	NPI	1622593809336	1622593809482	OK	 
GROUP	Scen_1,NPI	1622593809336	1622593809483	146	OK
GROUP	Scen_1	1622593809336	1622593809483	146	OK
REQUEST	Scen_1,NPI	NPI	1622593809484	1622593809629	OK	 
GROUP	Scen_1,NPI	1622593809484	1622593809630	145	OK
GROUP	Scen_1	1622593809484	1622593809630	145	OK
REQUEST	Scen_1,NPI	NPI	1622593809630	1622593809773	OK	 
GROUP	Scen_1,NPI	1622593809630	1622593809773	143	OK
GROUP	Scen_1	1622593809630	1622593809773	143	OK
REQUEST	Scen_1,NPI	NPI	1622593809774	1622593809928	OK	 
GROUP	Scen_1,NPI	1622593809774	1622593809929	154	OK
GROUP	Scen_1	1622593809774	1622593809929	154	OK
REQUEST	Scen_1,NPI	NPI	1622593809929	1622593810103	OK	 
GROUP	Scen_1,NPI	1622593809929	1622593810104	174	OK
GROUP	Scen_1	1622593809929	1622593810104	174	OK
REQUEST	Scen_1,NPI	NPI	1622593810105	1622593810256	OK	 
GROUP	Scen_1,NPI	1622593810104	1622593810257	151	OK
GROUP	Scen_1	1622593810104	1622593810257	151	OK
REQUEST	Scen_1,NPI	NPI	1622593810258	1622593810423	OK	 
GROUP	Scen_1,NPI	1622593810257	1622593810424	165	OK
GROUP	Scen_1	1622593810257	1622593810424	165	OK
REQUEST	Scen_1,NPI	NPI	1622593810425	1622593810581	OK	 
GROUP	Scen_1,NPI	1622593810425	1622593810582	156	OK
GROUP	Scen_1	1622593810424	1622593810582	156	OK
REQUEST	Scen_1,NPI	NPI	1622593810583	1622593810725	OK	 
GROUP	Scen_1,NPI	1622593810583	1622593810726	142	OK
GROUP	Scen_1	1622593810583	1622593810726	142	OK
REQUEST	Scen_1,NPI	NPI	1622593810726	1622593810882	OK	 
GROUP	Scen_1,NPI	1622593810726	1622593810883	156	OK
GROUP	Scen_1	1622593810726	1622593810883	156	OK
REQUEST	Scen_1,NPI	NPI	1622593810884	1622593811019	OK	 
GROUP	Scen_1,NPI	1622593810883	1622593811020	135	OK
GROUP	Scen_1	1622593810883	1622593811020	135	OK
REQUEST	Scen_1,NPI	NPI	1622593811021	1622593811181	OK	 
GROUP	Scen_1,NPI	1622593811020	1622593811182	160	OK
GROUP	Scen_1	1622593811020	1622593811182	160	OK
REQUEST	Scen_1,NPI	NPI	1622593811183	1622593811346	OK	 
GROUP	Scen_1,NPI	1622593811182	1622593811347	163	OK
GROUP	Scen_1	1622593811182	1622593811347	163	OK
REQUEST	Scen_1,NPI	NPI	1622593811348	1622593811510	OK	 
GROUP	Scen_1,NPI	1622593811347	1622593811511	162	OK
GROUP	Scen_1	1622593811347	1622593811511	162	OK
REQUEST	Scen_1,NPI	NPI	1622593811512	1622593811687	OK	 
GROUP	Scen_1,NPI	1622593811511	1622593811688	175	OK
GROUP	Scen_1	1622593811511	1622593811688	175	OK
REQUEST	Scen_1,NPI	NPI	1622593811689	1622593811933	OK	 
GROUP	Scen_1,NPI	1622593811688	1622593811934	244	OK
GROUP	Scen_1	1622593811688	1622593811934	244	OK
REQUEST	Scen_1,NPI	NPI	1622593811935	1622593812087	OK	 
GROUP	Scen_1,NPI	1622593811934	1622593812088	152	OK
GROUP	Scen_1	1622593811934	1622593812088	152	OK
REQUEST	Scen_1,NPI	NPI	1622593812088	1622593812243	OK	 
GROUP	Scen_1,NPI	1622593812088	1622593812244	155	OK
GROUP	Scen_1	1622593812088	1622593812244	155	OK
REQUEST	Scen_1,NPI	NPI	1622593812244	1622593812548	OK	 
GROUP	Scen_1,NPI	1622593812244	1622593812549	304	OK
GROUP	Scen_1	1622593812244	1622593812549	304	OK
REQUEST	Scen_1,NPI	NPI	1622593812550	1622593813063	OK	 
GROUP	Scen_1,NPI	1622593812549	1622593813064	513	OK
GROUP	Scen_1	1622593812549	1622593813064	513	OK
REQUEST	Scen_1,NPI	NPI	1622593813065	1622593813212	OK	 
GROUP	Scen_1,NPI	1622593813064	1622593813213	147	OK
GROUP	Scen_1	1622593813064	1622593813213	147	OK
REQUEST	Scen_1,NPI	NPI	1622593813214	1622593813364	OK	 
GROUP	Scen_1,NPI	1622593813214	1622593813365	150	OK
GROUP	Scen_1	1622593813213	1622593813365	150	OK
REQUEST	Scen_1,NPI	NPI	1622593813366	1622593813507	OK	 
GROUP	Scen_1,NPI	1622593813365	1622593813507	141	OK
GROUP	Scen_1	1622593813365	1622593813507	141	OK
REQUEST	Scen_1,NPI	NPI	1622593813508	1622593813646	OK	 
GROUP	Scen_1,NPI	1622593813508	1622593813647	138	OK
GROUP	Scen_1	1622593813508	1622593813647	138	OK
REQUEST	Scen_1,NPI	NPI	1622593813647	1622593813800	OK	 
GROUP	Scen_1,NPI	1622593813647	1622593813800	153	OK
GROUP	Scen_1	1622593813647	1622593813800	153	OK
REQUEST	Scen_1,NPI	NPI	1622593813801	1622593813938	OK	 
GROUP	Scen_1,NPI	1622593813801	1622593813938	137	OK
GROUP	Scen_1	1622593813801	1622593813938	137	OK
REQUEST	Scen_1,NPI	NPI	1622593813939	1622593814096	OK	 
GROUP	Scen_1,NPI	1622593813938	1622593814096	157	OK
GROUP	Scen_1	1622593813938	1622593814096	157	OK
REQUEST	Scen_1,NPI	NPI	1622593814097	1622593814242	OK	 
GROUP	Scen_1,NPI	1622593814097	1622593814242	145	OK
GROUP	Scen_1	1622593814097	1622593814242	145	OK
REQUEST	Scen_1,NPI	NPI	1622593814243	1622593814401	OK	 
GROUP	Scen_1,NPI	1622593814243	1622593814402	158	OK
GROUP	Scen_1	1622593814243	1622593814402	158	OK
REQUEST	Scen_1,NPI	NPI	1622593814402	1622593814560	OK	 
GROUP	Scen_1,NPI	1622593814402	1622593814561	158	OK
GROUP	Scen_1	1622593814402	1622593814561	158	OK
REQUEST	Scen_1,NPI	NPI	1622593814561	1622593814703	OK	 
GROUP	Scen_1,NPI	1622593814561	1622593814703	142	OK
GROUP	Scen_1	1622593814561	1622593814704	142	OK
REQUEST	Scen_1,NPI	NPI	1622593814704	1622593814848	OK	 
GROUP	Scen_1,NPI	1622593814704	1622593814849	144	OK
GROUP	Scen_1	1622593814704	1622593814849	144	OK
REQUEST	Scen_1,NPI	NPI	1622593814849	1622593815008	OK	 
GROUP	Scen_1,NPI	1622593814849	1622593815009	159	OK
GROUP	Scen_1	1622593814849	1622593815009	159	OK
REQUEST	Scen_1,NPI	NPI	1622593815010	1622593815185	OK	 
GROUP	Scen_1,NPI	1622593815009	1622593815186	175	OK
GROUP	Scen_1	1622593815009	1622593815186	175	OK
REQUEST	Scen_1,NPI	NPI	1622593815186	1622593815324	OK	 
GROUP	Scen_1,NPI	1622593815186	1622593815324	138	OK
GROUP	Scen_1	1622593815186	1622593815324	138	OK
REQUEST	Scen_1,NPI	NPI	1622593815325	1622593815499	OK	 
GROUP	Scen_1,NPI	1622593815325	1622593815500	174	OK
GROUP	Scen_1	1622593815325	1622593815500	174	OK
REQUEST	Scen_1,NPI	NPI	1622593815501	1622593815644	OK	 
GROUP	Scen_1,NPI	1622593815500	1622593815645	143	OK
GROUP	Scen_1	1622593815500	1622593815645	143	OK
USER	Users_1	END	1622593815648
