RUN	StarTest.Framework.StarSim	starsim	1624992314726	StarTest.Framework.StarSim-SIMULATION_1_40:SIMULATION_2_0:SIMULATION_3_0:Iterations_1000	3.5.1
USER	Users_1	START	1624992316222
REQUEST	LOGIN	LOGIN	1624992316242	1624992316620	OK	 
GROUP	LOGIN	1624992316224	1624992316642	378	OK
USER	Users_1	START	1624992316719
REQUEST	LOGIN	LOGIN	1624992316719	1624992317173	OK	 
GROUP	LOGIN	1624992316719	1624992317174	454	OK
USER	Users_1	START	1624992317221
REQUEST	GetStarNote	GetStarNote	1624992316649	1624992317312	OK	 
GROUP	GetStarNote	1624992316644	1624992317314	663	OK
REQUEST	LOGIN	LOGIN	1624992317221	1624992317507	OK	 
GROUP	LOGIN	1624992317221	1624992317508	286	OK
REQUEST	GetStarNote	GetStarNote	1624992317174	1624992317592	OK	 
GROUP	GetStarNote	1624992317174	1624992317594	418	OK
REQUEST	GetStarNote	GetStarNote	1624992317509	1624992317897	OK	 
GROUP	GetStarNote	1624992317508	1624992317898	388	OK
USER	Users_1	START	1624992318220
REQUEST	LOGIN	LOGIN	1624992318221	1624992318484	OK	 
GROUP	LOGIN	1624992318220	1624992318485	263	OK
USER	Users_1	START	1624992319214
REQUEST	LOGIN	LOGIN	1624992319215	1624992319473	OK	 
GROUP	LOGIN	1624992319214	1624992319474	258	OK
REQUEST	GetEpisodeOfCare	GetEpisodeOfCare	1624992319079	1624992319516	OK	 
GROUP	GetEpisodeOfCare	1624992319077	1624992319517	437	OK
USER	Users_1	START	1624992319715
REQUEST	GetStarNote	GetStarNote	1624992319475	1624992319878	OK	 
GROUP	GetStarNote	1624992319475	1624992319879	403	OK
REQUEST	LOGIN	LOGIN	1624992319715	1624992319975	OK	 
GROUP	LOGIN	1624992319715	1624992319976	260	OK
USER	Users_1	START	1624992320217
REQUEST	GetEpisodeOfCare	GetEpisodeOfCare	1624992319905	1624992320391	OK	 
GROUP	GetEpisodeOfCare	1624992319905	1624992320392	486	OK
REQUEST	GetStarNote	GetStarNote	1624992319977	1624992320396	OK	 
GROUP	GetStarNote	1624992319976	1624992320397	419	OK
REQUEST	LOGIN	LOGIN	1624992320218	1624992320473	OK	 
GROUP	LOGIN	1624992320217	1624992320474	255	OK
REQUEST	GetEpisodeOfCare	GetEpisodeOfCare	1624992320428	1624992320817	OK	 
GROUP	GetEpisodeOfCare	1624992320427	1624992320818	389	OK
USER	Users_1	START	1624992321215
REQUEST	LOGIN	LOGIN	1624992321216	1624992321576	OK	 
GROUP	LOGIN	1624992321215	1624992321577	360	OK
REQUEST	GetStarUIMemberList	GetStarUIMemberList	1624992321267	1624992322047	OK	 
GROUP	GetStarUIMemberList	1624992321267	1624992322048	780	OK
REQUEST	GetEpisodeOfCare	GetEpisodeOfCare	1624992321465	1624992322085	OK	 
GROUP	GetEpisodeOfCare	1624992321464	1624992322086	620	OK
REQUEST	GetStarNote	GetStarNote	1624992321578	1624992322148	OK	 
GROUP	GetStarNote	1624992321577	1624992322149	570	OK
USER	Users_1	START	1624992322216
REQUEST	GetEpisodeOfCare	GetEpisodeOfCare	1624992321920	1624992322364	OK	 
GROUP	GetEpisodeOfCare	1624992321919	1624992322365	444	OK
REQUEST	LOGIN	LOGIN	1624992322217	1624992322469	OK	 
GROUP	LOGIN	1624992322216	1624992322471	252	OK
USER	Users_1	START	1624992322713
REQUEST	LOGIN	LOGIN	1624992322714	1624992322967	OK	 
GROUP	LOGIN	1624992322713	1624992322968	253	OK
REQUEST	GetStarUIMemberList	GetStarUIMemberList	1624992322302	1624992323006	OK	 
GROUP	GetStarUIMemberList	1624992322301	1624992323007	704	OK
USER	Users_1	START	1624992323215
REQUEST	GetStarUIMemberList	GetStarUIMemberList	1624992322590	1624992323379	OK	 
GROUP	GetStarUIMemberList	1624992322589	1624992323380	789	OK
REQUEST	LOGIN	LOGIN	1624992323216	1624992323501	OK	 
GROUP	LOGIN	1624992323215	1624992323502	285	OK
REQUEST	GetStarNote	GetStarNote	1624992323502	1624992324113	OK	 
GROUP	GetStarNote	1624992323502	1624992324114	611	OK
REQUEST	GetStarNote	GetStarNote	1624992322471	1624992324113	OK	 
GROUP	GetStarNote	1624992322471	1624992324114	1642	OK
REQUEST	GetStarNote	GetStarNote	1624992322969	1624992324114	OK	 
GROUP	GetStarNote	1624992322968	1624992324114	1145	OK
REQUEST	GetStarNote	GetStarNote	1624992318486	1624992324118	OK	 
GROUP	GetStarNote	1624992318486	1624992324118	5632	OK
REQUEST	GetStarNote	GetStarNote	1624992320474	1624992324124	OK	 
GROUP	GetStarNote	1624992320474	1624992324125	3650	OK
REQUEST	GetStarUIMemberList	GetStarUIMemberList	1624992323358	1624992324174	OK	 
GROUP	GetStarUIMemberList	1624992323358	1624992324175	816	OK
USER	Users_1	START	1624992324217
REQUEST	LOGIN	LOGIN	1624992324218	1624992324469	OK	 
GROUP	LOGIN	1624992324217	1624992324471	251	OK
REQUEST	GetStarNote	GetStarNote	1624992324472	1624992324975	OK	 
GROUP	GetStarNote	1624992324471	1624992324976	503	OK
REQUEST	GetStarUIMemberDetail	GetStarUIMemberDetail	1624992324564	1624992325059	OK	 
GROUP	GetStarUIMemberDetail	1624992324563	1624992325059	495	OK
USER	Users_1	START	1624992325215
REQUEST	GetStarUIMemberDetail	GetStarUIMemberDetail	1624992324800	1624992325459	OK	 
GROUP	GetStarUIMemberDetail	1624992324799	1624992325459	659	OK
REQUEST	LOGIN	LOGIN	1624992325216	1624992325474	OK	 
GROUP	LOGIN	1624992325215	1624992325474	258	OK
USER	Users_1	START	1624992325712
REQUEST	GetEpisodeOfCare	GetEpisodeOfCare	1624992324858	1624992325725	OK	 
GROUP	GetEpisodeOfCare	1624992324858	1624992325726	867	OK
REQUEST	LOGIN	LOGIN	1624992325713	1624992326002	OK	 
GROUP	LOGIN	1624992325712	1624992326003	289	OK
REQUEST	GetStarNote	GetStarNote	1624992325475	1624992326047	OK	 
GROUP	GetStarNote	1624992325475	1624992326048	572	OK
REQUEST	GetEpisodeOfCare	GetEpisodeOfCare	1624992325145	1624992326117	OK	 
GROUP	GetEpisodeOfCare	1624992325144	1624992326118	972	OK
REQUEST	GetEpisodeOfCare	GetEpisodeOfCare	1624992325412	1624992326189	OK	 
GROUP	GetEpisodeOfCare	1624992325411	1624992326190	777	OK
USER	Users_1	START	1624992326216
REQUEST	GetEpisodeOfCare	GetEpisodeOfCare	1624992325450	1624992326273	OK	 
GROUP	GetEpisodeOfCare	1624992325449	1624992326273	823	OK
REQUEST	GetStarUIMemberDetail	GetStarUIMemberDetail	1624992325422	1624992326304	OK	 
GROUP	GetStarUIMemberDetail	1624992325422	1624992326305	882	OK
REQUEST	GetStarUIMemberList	GetStarUIMemberList	1624992325042	1624992326397	OK	 
GROUP	GetStarUIMemberList	1624992325041	1624992326398	1355	OK
REQUEST	GetEpisodeOfCare	GetEpisodeOfCare	1624992326062	1624992326506	OK	 
GROUP	GetEpisodeOfCare	1624992326062	1624992326506	444	OK
REQUEST	LOGIN	LOGIN	1624992326217	1624992326572	OK	 
GROUP	LOGIN	1624992326216	1624992326573	355	OK
REQUEST	GetStarNote	GetStarNote	1624992326004	1624992326574	OK	 
GROUP	GetStarNote	1624992326004	1624992326575	570	OK
REQUEST	GetEpisodeOfCare	GetEpisodeOfCare	1624992326158	1624992326644	OK	 
GROUP	GetEpisodeOfCare	1624992326158	1624992326645	486	OK
REQUEST	GetStarNote	GetStarNote	1624992326574	1624992326947	OK	 
GROUP	GetStarNote	1624992326574	1624992326948	373	OK
REQUEST	GetStarUIMemberDetail	GetStarUIMemberDetail	1624992326707	1624992327185	OK	 
GROUP	GetStarUIMemberDetail	1624992326707	1624992327185	478	OK
USER	Users_1	START	1624992327217
REQUEST	GetEpisodeOfCare	GetEpisodeOfCare	1624992326942	1624992327349	OK	 
GROUP	GetEpisodeOfCare	1624992326941	1624992327350	407	OK
REQUEST	LOGIN	LOGIN	1624992327217	1624992327481	OK	 
GROUP	LOGIN	1624992327217	1624992327482	264	OK
REQUEST	GetStarNote	GetStarNote	1624992327483	1624992328012	OK	 
GROUP	GetStarNote	1624992327483	1624992328013	529	OK
REQUEST	GetStarUIMemberList	GetStarUIMemberList	1624992327481	1624992328204	OK	 
GROUP	GetStarUIMemberList	1624992327481	1624992328205	723	OK
USER	Users_1	START	1624992328213
REQUEST	GetStarUIMemberDetail	GetStarUIMemberDetail	1624992327845	1624992328418	OK	 
GROUP	GetStarUIMemberDetail	1624992327844	1624992328419	573	OK
REQUEST	LOGIN	LOGIN	1624992328214	1624992328469	OK	 
GROUP	LOGIN	1624992328213	1624992328470	255	OK
REQUEST	GetEpisodeOfCare	GetEpisodeOfCare	1624992327961	1624992328693	OK	 
GROUP	GetEpisodeOfCare	1624992327960	1624992328693	732	OK
USER	Users_1	START	1624992328713
REQUEST	LOGIN	LOGIN	1624992328713	1624992328963	OK	 
GROUP	LOGIN	1624992328713	1624992328964	250	OK
REQUEST	GetEpisodeOfCare	GetEpisodeOfCare	1624992328051	1624992329029	OK	 
GROUP	GetEpisodeOfCare	1624992328050	1624992329029	978	OK
REQUEST	GetStarNote	GetStarNote	1624992328471	1624992329047	OK	 
GROUP	GetStarNote	1624992328470	1624992329048	576	OK
USER	Users_1	START	1624992329215
REQUEST	LOGIN	LOGIN	1624992329215	1624992329476	OK	 
GROUP	LOGIN	1624992329215	1624992329477	261	OK
REQUEST	GetStarNote	GetStarNote	1624992328965	1624992329526	OK	 
GROUP	GetStarNote	1624992328965	1624992329527	561	OK
REQUEST	GetStarUIMemberList	GetStarUIMemberList	1624992327992	1624992329553	OK	 
GROUP	GetStarUIMemberList	1624992327992	1624992329553	1561	OK
USER	Users_1	START	1624992330216
REQUEST	GetStarNote	GetStarNote	1624992329478	1624992330231	OK	 
GROUP	GetStarNote	1624992329478	1624992330231	753	OK
REQUEST	GetStarUIMemberList	GetStarUIMemberList	1624992328377	1624992330290	OK	 
GROUP	GetStarUIMemberList	1624992328376	1624992330291	1913	OK
REQUEST	GetStarUIMemberList	GetStarUIMemberList	1624992328383	1624992330345	OK	 
GROUP	GetStarUIMemberList	1624992328382	1624992330346	1962	OK
REQUEST	GetStarUIMemberList	GetStarUIMemberList	1624992328312	1624992330466	OK	 
GROUP	GetStarUIMemberList	1624992328312	1624992330467	2154	OK
REQUEST	LOGIN	LOGIN	1624992330217	1624992330492	OK	 
GROUP	LOGIN	1624992330217	1624992330493	275	OK
REQUEST	GetStarUIMemberDetail	GetStarUIMemberDetail	1624992329267	1624992330686	OK	 
GROUP	GetStarUIMemberDetail	1624992329267	1624992330687	1419	OK
REQUEST	GetEpisodeOfCare	GetEpisodeOfCare	1624992329260	1624992330759	OK	 
GROUP	GetEpisodeOfCare	1624992329260	1624992330760	1499	OK
REQUEST	GetStarUIMemberList	GetStarUIMemberList	1624992328688	1624992330776	OK	 
GROUP	GetStarUIMemberList	1624992328687	1624992330777	2088	OK
REQUEST	GetEpisodeOfCare	GetEpisodeOfCare	1624992329686	1624992331075	OK	 
GROUP	GetEpisodeOfCare	1624992329686	1624992331076	1389	OK
REQUEST	GetStarNote	GetStarNote	1624992330494	1624992331204	OK	 
GROUP	GetStarNote	1624992330494	1624992331205	710	OK
USER	Users_1	START	1624992331216
REQUEST	GetStarUIMemberList	GetStarUIMemberList	1624992329750	1624992331226	OK	 
GROUP	GetStarUIMemberList	1624992329749	1624992331227	1476	OK
REQUEST	LOGIN	LOGIN	1624992331216	1624992331525	OK	 
GROUP	LOGIN	1624992331216	1624992331526	309	OK
REQUEST	GetStarUIMemberList	GetStarUIMemberList	1624992330475	1624992331550	OK	 
GROUP	GetStarUIMemberList	1624992330474	1624992331550	1075	OK
USER	Users_1	START	1624992331716
REQUEST	GetStarUIMemberDetail	GetStarUIMemberDetail	1624992331205	1624992331781	OK	 
GROUP	GetStarUIMemberDetail	1624992331204	1624992331782	576	OK
REQUEST	ChatTranscript	ChatTranscript	1624992326730	1624992331887	OK	 
GROUP	ChatTranscript	1624992326729	1624992331887	5157	OK
REQUEST	ChatTranscript	ChatTranscript	1624992327775	1624992331888	OK	 
GROUP	ChatTranscript	1624992327774	1624992331889	4113	OK
REQUEST	ChatTranscript	ChatTranscript	1624992329769	1624992331892	OK	 
GROUP	ChatTranscript	1624992329768	1624992331893	2123	OK
REQUEST	ChatTranscript	ChatTranscript	1624992330508	1624992331892	OK	 
GROUP	ChatTranscript	1624992330508	1624992331893	1384	OK
REQUEST	ChatTranscript	ChatTranscript	1624992327875	1624992331893	OK	 
GROUP	ChatTranscript	1624992327875	1624992331893	4018	OK
REQUEST	LOGIN	LOGIN	1624992331717	1624992331983	OK	 
GROUP	LOGIN	1624992331716	1624992331984	266	OK
REQUEST	GetStarUIMemberDetail	GetStarUIMemberDetail	1624992331434	1624992332202	OK	 
GROUP	GetStarUIMemberDetail	1624992331433	1624992332203	768	OK
USER	Users_1	START	1624992332215
REQUEST	GetStarNote	GetStarNote	1624992331527	1624992332324	OK	 
GROUP	GetStarNote	1624992331527	1624992332325	797	OK
REQUEST	GetEpisodeOfCare	GetEpisodeOfCare	1624992331674	1624992332371	OK	 
GROUP	GetEpisodeOfCare	1624992331673	1624992332371	697	OK
REQUEST	LOGIN	LOGIN	1624992332216	1624992332478	OK	 
GROUP	LOGIN	1624992332215	1624992332479	262	OK
REQUEST	GetStarUIMemberDetail	GetStarUIMemberDetail	1624992331776	1624992332562	OK	 
GROUP	GetStarUIMemberDetail	1624992331775	1624992332562	786	OK
REQUEST	GetStarUIMemberList	GetStarUIMemberList	1624992331502	1624992332763	OK	 
GROUP	GetStarUIMemberList	1624992331502	1624992332764	1261	OK
REQUEST	GetStarNote	GetStarNote	1624992331985	1624992332925	OK	 
GROUP	GetStarNote	1624992331984	1624992332926	940	OK
REQUEST	GetStarUIMemberDetail	GetStarUIMemberDetail	1624992332367	1624992332938	OK	 
GROUP	GetStarUIMemberDetail	1624992332366	1624992332939	571	OK
REQUEST	GetStarNote	GetStarNote	1624992332480	1624992333028	OK	 
GROUP	GetStarNote	1624992332479	1624992333030	548	OK
REQUEST	ChatTranscript	ChatTranscript	1624992333121	1624992333206	OK	 
GROUP	ChatTranscript	1624992333120	1624992333207	85	OK
USER	Users_1	START	1624992333214
REQUEST	GetStarNote	GetStarNote	1624992332985	1624992333316	OK	 
GROUP	GetStarNote	1624992332985	1624992333317	331	OK
REQUEST	ChatTranscript	ChatTranscript	1624992333374	1624992333462	OK	 
GROUP	ChatTranscript	1624992333373	1624992333463	88	OK
REQUEST	LOGIN	LOGIN	1624992333215	1624992333469	OK	 
GROUP	LOGIN	1624992333214	1624992333470	254	OK
REQUEST	GetStarUIMemberDetail	GetStarUIMemberDetail	1624992332540	1624992333546	OK	 
GROUP	GetStarUIMemberDetail	1624992332539	1624992333547	1006	OK
REQUEST	GetEpisodeOfCare	GetEpisodeOfCare	1624992332498	1624992333610	OK	 
GROUP	GetEpisodeOfCare	1624992332497	1624992333611	1112	OK
REQUEST	GetEpisodeOfCare	GetEpisodeOfCare	1624992332727	1624992333635	OK	 
GROUP	GetEpisodeOfCare	1624992332726	1624992333636	908	OK
REQUEST	GetStarNote	GetStarNote	1624992333215	1624992333750	OK	 
GROUP	GetStarNote	1624992333214	1624992333751	535	OK
REQUEST	GetStarUIMemberDetail	GetStarUIMemberDetail	1624992332985	1624992333754	OK	 
GROUP	GetStarUIMemberDetail	1624992332984	1624992333754	769	OK
REQUEST	GetEpisodeOfCare	GetEpisodeOfCare	1624992333121	1624992333883	OK	 
GROUP	GetEpisodeOfCare	1624992333120	1624992333884	762	OK
USER	Users_1	START	1624992334212
REQUEST	GetStarNote	GetStarNote	1624992333470	1624992334291	OK	 
GROUP	GetStarNote	1624992333470	1624992334293	821	OK
REQUEST	GetEpisodeOfCare	GetEpisodeOfCare	1624992333882	1624992334312	OK	 
GROUP	GetEpisodeOfCare	1624992333881	1624992334313	430	OK
REQUEST	GetStarUIMemberList	GetStarUIMemberList	1624992332633	1624992334339	OK	 
GROUP	GetStarUIMemberList	1624992332632	1624992334340	1706	OK
REQUEST	ChatTranscript	ChatTranscript	1624992334202	1624992334491	OK	 
GROUP	ChatTranscript	1624992334202	1624992334491	289	OK
REQUEST	ChatTranscript	ChatTranscript	1624992334499	1624992334609	OK	 
GROUP	ChatTranscript	1624992334498	1624992334610	110	OK
REQUEST	GetStarNote	GetStarNote	1624992334277	1624992334640	OK	 
GROUP	GetStarNote	1624992334276	1624992334641	363	OK
USER	Users_1	START	1624992334715
REQUEST	GetStarUIMemberList	GetStarUIMemberList	1624992333984	1624992334810	OK	 
GROUP	GetStarUIMemberList	1624992333984	1624992334811	826	OK
REQUEST	GetEpisodeOfCare	GetEpisodeOfCare	1624992334201	1624992334816	OK	 
GROUP	GetEpisodeOfCare	1624992334200	1624992334816	615	OK
REQUEST	GetStarNote	GetStarNote	1624992334475	1624992334841	OK	 
GROUP	GetStarNote	1624992334474	1624992334841	366	OK
REQUEST	GetStarUIMemberDetail	GetStarUIMemberDetail	1624992334231	1624992334900	OK	 
GROUP	GetStarUIMemberDetail	1624992334231	1624992334901	669	OK
REQUEST	GetStarNote	GetStarNote	1624992334761	1624992335013	OK	 
GROUP	GetStarNote	1624992334760	1624992335013	252	OK
REQUEST	ChatTranscript	ChatTranscript	1624992334934	1624992335030	OK	 
GROUP	ChatTranscript	1624992334933	1624992335031	96	OK
REQUEST	GetEpisodeOfCare	GetEpisodeOfCare	1624992334646	1624992335103	OK	 
GROUP	GetEpisodeOfCare	1624992334646	1624992335103	457	OK
USER	Users_1	START	1624992335212
REQUEST	GetStarNote	GetStarNote	1624992334815	1624992335251	OK	 
GROUP	GetStarNote	1624992334815	1624992335252	436	OK
REQUEST	GetStarNote	GetStarNote	1624992334582	1624992335605	OK	 
GROUP	GetStarNote	1624992334582	1624992335605	1023	OK
REQUEST	ChatTranscript	ChatTranscript	1624992335840	1624992335925	OK	 
GROUP	ChatTranscript	1624992335839	1624992335925	85	OK
REQUEST	GetStarUIMemberList	GetStarUIMemberList	1624992335246	1624992336215	OK	 
GROUP	GetStarUIMemberList	1624992335246	1624992336215	969	OK
USER	Users_1	START	1624992336215
REQUEST	GetStarUIMemberList	GetStarUIMemberList	1624992335370	1624992336398	OK	 
GROUP	GetStarUIMemberList	1624992335370	1624992336398	1028	OK
REQUEST	GetEpisodeOfCare	GetEpisodeOfCare	1624992335643	1624992336500	OK	 
GROUP	GetEpisodeOfCare	1624992335643	1624992336500	857	OK
REQUEST	ChatTranscript	ChatTranscript	1624992336430	1624992336509	OK	 
GROUP	