RUN	Boo2.Framework.Boo2	boo2	1623426529564	 	3.5.1
USER	Boo2	START	1623426531438
REQUEST		LOGIN	1623426531452	1623426532123	OK	 
REQUEST		request_1	1623426532152	1623426532425	OK	 
REQUEST		request_4	1623426532154	1623426532611	OK	 
REQUEST		request_12	1623426532276	1623426532637	OK	 
REQUEST		request_45	1623426532345	1623426532652	OK	 
REQUEST		request_5	1623426532154	1623426532655	OK	 
REQUEST		request_2	1623426532153	1623426532657	OK	 
REQUEST		request_14	1623426532277	1623426532658	OK	 
REQUEST		request_15	1623426532277	1623426532663	OK	 
REQUEST		request_13	1623426532276	1623426532666	OK	 
REQUEST		request_52	1623426532214	1623426532676	OK	 
REQUEST		request_43	1623426532342	1623426532680	OK	 
REQUEST		request_3	1623426532278	1623426532704	OK	 
REQUEST		request_11	1623426532275	1623426532707	OK	 
REQUEST		request_48	1623426532346	1623426532712	OK	 
REQUEST		request_4	1623426532615	1623426532714	OK	 
REQUEST		request_6	1623426532154	1623426532718	OK	 
REQUEST		request_16	1623426532651	1623426532734	OK	 
REQUEST		request_19	1623426532669	1623426532753	OK	 
REQUEST		request_50	1623426532681	1623426532778	OK	 
REQUEST		request_42	1623426532280	1623426532780	OK	 
REQUEST		request_20	1623426532711	1623426532788	OK	 
REQUEST		request_47	1623426532346	1623426532795	OK	 
REQUEST		request_18	1623426532665	1623426532806	OK	 
REQUEST		request_17	1623426532662	1623426532807	OK	 
REQUEST		request_51	1623426532713	1623426532809	OK	 
REQUEST		request_6	1623426532735	1623426532820	OK	 
REQUEST		request_10	1623426532274	1623426532822	OK	 
REQUEST		request_22	1623426532754	1623426532830	OK	 
REQUEST		request_23	1623426532789	1623426532866	OK	 
REQUEST		request_49	1623426532653	1623426532881	OK	 
REQUEST		request_24	1623426532807	1623426532888	OK	 
REQUEST		request_28	1623426532830	1623426532909	OK	 
REQUEST		request_26	1623426532821	1623426532911	OK	 
REQUEST		request_29	1623426532867	1623426532943	OK	 
REQUEST		request_30	1623426532889	1623426532963	OK	 
REQUEST		request_32	1623426532912	1623426532996	OK	 
REQUEST		request_31	1623426532910	1623426532999	OK	 
REQUEST		request_25	1623426532808	1623426533014	OK	 
REQUEST		request_46	1623426532345	1623426533021	OK	 
REQUEST		request_35	1623426532965	1623426533043	OK	 
REQUEST		request_44	1623426532344	1623426533066	OK	 
REQUEST		request_9	1623426532155	1623426533075	OK	 
REQUEST		request_37	1623426533000	1623426533085	OK	 
REQUEST		request_36	1623426532998	1623426533087	OK	 
REQUEST		request_39	1623426533015	1623426533097	OK	 
REQUEST		request_40	1623426533044	1623426533129	OK	 
REQUEST		request_41	1623426533086	1623426533163	OK	 
REQUEST		request_27	1623426532823	1623426533231	OK	 
REQUEST		request_33	1623426532944	1623426533455	OK	 
REQUEST		SEARCHPAGE	1623426538462	1623426538721	OK	 
REQUEST		SEARCH_MEMBER	1623426543728	1623426544293	OK	 
REQUEST		request_55	1623426544302	1623426544373	OK	 
REQUEST		request_93	1623426544301	1623426544400	OK	 
REQUEST		request_84	1623426544305	1623426544434	OK	 
REQUEST		request_89	1623426544306	1623426544439	OK	 
REQUEST		request_68	1623426544374	1623426544444	OK	 
REQUEST		request_83	1623426544305	1623426544480	OK	 
REQUEST		request_90	1623426544306	1623426544505	OK	 
REQUEST		request_69	1623426544445	1623426544513	OK	 
REQUEST		request_55	1623426544375	1623426544547	OK	 
REQUEST		request_67	1623426544305	1623426544568	OK	 
REQUEST		request_65	1623426544304	1623426544575	OK	 
REQUEST		request_70	1623426544513	1623426544576	OK	 
REQUEST		request_63	1623426544303	1623426544589	OK	 
REQUEST		request_71	1623426544569	1623426544635	OK	 
REQUEST		request_72	1623426544576	1623426544642	OK	 
REQUEST		request_73	1623426544577	1623426544646	OK	 
REQUEST		request_74	1623426544590	1623426544657	OK	 
REQUEST		request_66	1623426544304	1623426544660	OK	 
REQUEST		request_55	1623426544548	1623426544668	OK	 
REQUEST		request_75	1623426544636	1623426544706	OK	 
REQUEST		request_76	1623426544643	1623426544708	OK	 
REQUEST		request_77	1623426544647	1623426544713	OK	 
REQUEST		request_78	1623426544658	1623426544726	OK	 
REQUEST		request_64	1623426544304	1623426544765	OK	 
REQUEST		request_55	1623426544669	1623426544802	OK	 
REQUEST		request_80	1623426544707	1623426545161	OK	 
REQUEST		request_81	1623426544709	1623426545217	OK	 
REQUEST		request_79	1623426544661	1623426545316	OK	 
USER	Boo2	END	1623426545345
