RUN	MarsTest.Framework.MarsSim	marssim	1623857494789	MarsTest.Framework.MarsSim-SIMULATION_1_1:SIMULATION_2_0:SIMULATION_3_0:Iterations_2	3.5.1
USER	MarsTest	START	1623857496265
REQUEST	MarsTest / APIs,SearchByMetaData		1623857496282	1623857499312	OK	 
GROUP	MarsTest / APIs,SearchByMetaData	1623857496268	1623857499333	3030	OK
REQUEST	MarsTest / APIs,GetDocumentById		1623857500343	1623857500797	OK	 
GROUP	MarsTest / APIs,GetDocumentById	1623857500340	1623857500799	454	OK
REQUEST	MarsTest / APIs,FindAllStates		1623857501803	1623857501918	OK	 
GROUP	MarsTest / APIs,FindAllStates	1623857501802	1623857501920	115	OK
REQUEST	MarsTest / APIs,GetClusterByProviderType		1623857502923	1623857503664	OK	 
GROUP	MarsTest / APIs,GetClusterByProviderType	1623857502922	1623857503665	741	OK
REQUEST	MarsTest / APIs,GetProviderAddress		1623857504667	1623857504762	OK	 
GROUP	MarsTest / APIs,GetProviderAddress	1623857504666	1623857504763	95	OK
REQUEST	MarsTest / APIs,GetProviderName		1623857505768	1623857505860	OK	 
GROUP	MarsTest / APIs,GetProviderName	1623857505767	1623857505861	92	OK
REQUEST	MarsTest / APIs,GetCensus		1623857506867	1623857508146	OK	 
GROUP	MarsTest / APIs,GetCensus	1623857506866	1623857508150	1279	OK
REQUEST	MarsTest / APIs,findMemberLinxById		1623857509156	1623857509686	OK	 
GROUP	MarsTest / APIs,findMemberLinxById	1623857509155	1623857509687	530	OK
GROUP	MarsTest / APIs	1623857496268	1623857510692	6336	OK
REQUEST	MarsTest / APIs,SearchByMetaData		1623857510693	1623857513783	OK	 
GROUP	MarsTest / APIs,SearchByMetaData	1623857510693	1623857513784	3090	OK
REQUEST	MarsTest / APIs,GetDocumentById		1623857514787	1623857516345	OK	 
GROUP	MarsTest / APIs,GetDocumentById	1623857514786	1623857516346	1558	OK
REQUEST	MarsTest / APIs,FindAllStates		1623857517352	1623857517457	OK	 
GROUP	MarsTest / APIs,FindAllStates	1623857517352	1623857517458	105	OK
REQUEST	MarsTest / APIs,GetClusterByProviderType		1623857518464	1623857518620	OK	 
GROUP	MarsTest / APIs,GetClusterByProviderType	1623857518463	1623857518621	156	OK
REQUEST	MarsTest / APIs,GetProviderAddress		1623857519622	1623857519706	OK	 
GROUP	MarsTest / APIs,GetProviderAddress	1623857519622	1623857519707	84	OK
REQUEST	MarsTest / APIs,GetProviderName		1623857520708	1623857520789	OK	 
GROUP	MarsTest / APIs,GetProviderName	1623857520707	1623857520790	81	OK
REQUEST	MarsTest / APIs,GetCensus		1623857521792	1623857522922	OK	 
GROUP	MarsTest / APIs,GetCensus	1623857521791	1623857522928	1130	OK
REQUEST	MarsTest / APIs,findMemberLinxById		1623857523934	1623857524288	OK	 
GROUP	MarsTest / APIs,findMemberLinxById	1623857523933	1623857524289	354	OK
GROUP	MarsTest / APIs	1623857510693	1623857525294	6558	OK
USER	MarsTest	END	1623857525298
