RUN	LandingPage	landingpage	1623705284479	 	3.5.1
USER	LandingPage	START	1623705286427
REQUEST		request_0	1623705286440	1623705286790	OK	 
REQUEST		request_0 Redirect 1	1623705286802	1623705287231	OK	 
REQUEST		request_0 Redirect 2	1623705287234	1623705287366	OK	 
REQUEST		request_0 Redirect 3	1623705287368	1623705287534	OK	 
REQUEST		summer.js	1623705287589	1623705287969	OK	 
REQUEST		prelogin-f85aab9ec4.min.js	1623705287972	1623705288135	OK	 
REQUEST		global-app-config.js	1623705287591	1623705288209	OK	 
REQUEST		{{favIconPath}}	1623705287591	1623705288240	OK	 
REQUEST		newrelic.js	1623705288151	1623705288245	OK	 
REQUEST		{{favIconPath}}	1623705288240	1623705288338	OK	 
REQUEST		request_2	1623705288247	1623705288348	OK	 
REQUEST		uitk-req-min-945fd9447c.js	1623705287592	1623705288354	OK	 
REQUEST		request_1	1623705288210	1623705288365	OK	 
REQUEST		uitk-req-min-948de8930b.css	1623705287590	1623705288414	OK	 
REQUEST		request_11	1623705287593	1623705288435	OK	 
REQUEST		request_5	1623705288356	1623705288461	OK	 
REQUEST		request_3	1623705288340	1623705288492	OK	 
REQUEST		request_14	1623705288493	1623705288560	OK	 
REQUEST		lib-min-7e6d84b497.js	1623705287592	1623705288566	OK	 
REQUEST		request_40	1623705287715	1623705288586	OK	 
REQUEST		request_7	1623705288367	1623705288593	OK	 
REQUEST		request_12	1623705288462	1623705288604	OK	 
REQUEST		request_44	1623705287777	1623705288605	OK	 
REQUEST		request_28	1623705287899	1623705288628	OK	 
REQUEST		request_31	1623705287901	1623705288631	OK	 
REQUEST		request_29	1623705287900	1623705288633	OK	 
REQUEST		request_25	1623705287780	1623705288640	OK	 
REQUEST		request_13	1623705287777	1623705288646	OK	 
REQUEST		request_42	1623705287776	1623705288662	OK	 
REQUEST		request_18	1623705288605	1623705288668	OK	 
REQUEST		request_16	1623705288584	1623705288676	OK	 
REQUEST		request_17	1623705288603	1623705288699	OK	 
REQUEST		request_30	1623705287900	1623705288701	OK	 
REQUEST		request_26	1623705287898	1623705288703	OK	 
REQUEST		request_40	1623705288588	1623705288709	OK	 
REQUEST		request_10	1623705288425	1623705288714	OK	 
REQUEST		request_32	1623705288629	1623705288751	OK	 
REQUEST		request_33	1623705288632	1623705288753	OK	 
REQUEST		request_15	1623705288561	1623705288757	OK	 
REQUEST		request_19	1623705288669	1623705288766	OK	 
REQUEST		request_21	1623705288677	1623705288779	OK	 
REQUEST		request_23	1623705288715	1623705288781	OK	 
REQUEST		request_34	1623705288634	1623705288808	OK	 
REQUEST		request_4	1623705288349	1623705288821	OK	 
REQUEST		request_35	1623705288702	1623705288823	OK	 
REQUEST		request_36	1623705288704	1623705288825	OK	 
REQUEST		request_22	1623705288700	1623705288829	OK	 
REQUEST		request_27	1623705287899	1623705288856	OK	 
REQUEST		request_37	1623705288752	1623705288867	OK	 
REQUEST		request_38	1623705288753	1623705288869	OK	 
REQUEST		request_39	1623705288809	1623705288927	OK	 
REQUEST		request_43	1623705288826	1623705288943	OK	 
REQUEST		request_45	1623705288861	1623705288977	OK	 
REQUEST		request_47	1623705288868	1623705288985	OK	 
REQUEST		request_41	1623705288823	1623705289007	OK	 
REQUEST		request_46	1623705287781	1623705289320	OK	 
REQUEST		request_48	1623705290328	1623705290448	OK	 
USER	LandingPage	END	1623705290456
