RUN	Optum.Framework.OptumSim	optumsim	1621527243986	 	3.5.1
USER	Users_1	START	1621527245406
REQUEST	Scen_1,Login	BasePage	1621527245425	1621527245705	OK	 
REQUEST	Scen_1,Login	BasePage_1	1621527245730	1621527245812	OK	 
REQUEST	Scen_1,Login	BasePage_2	1621527245819	1621527245880	OK	 
REQUEST	Scen_1,Login	BasePage_3	1621527245881	1621527245945	OK	 
REQUEST	Scen_1,Login	BasePage_4	1621527245947	1621527246014	OK	 
REQUEST	Scen_1,Login	BasePage_5	1621527246015	1621527247871	OK	 
GROUP	Scen_1,Login	1621527245409	1621527247872	2410	OK
REQUEST	Scen_1,SearchByActiveMember	Select_SearchByActiveMember	1621527248881	1621527249057	OK	 
GROUP	Scen_1,SearchByActiveMember	1621527248881	1621527249058	176	OK
USER	Users_1	START	1621527250400
REQUEST	Scen_1,Login	BasePage	1621527250401	1621527250678	OK	 
REQUEST	Scen_1,Login	BasePage_1	1621527250680	1621527250757	OK	 
REQUEST	Scen_1,Login	BasePage_2	1621527250759	1621527250820	OK	 
REQUEST	Scen_1,Login	BasePage_3	1621527250822	1621527250887	OK	 
REQUEST	Scen_1,Login	BasePage_4	1621527250888	1621527250955	OK	 
REQUEST	Scen_1,SearchName_douglas	Search_1	1621527250261	1621527251392	OK	 
REQUEST	Scen_1,SearchName_douglas	Search_2003330312	1621527251398	1621527252273	OK	 
GROUP	Scen_1,SearchName_douglas	1621527250259	1621527252273	2006	OK
REQUEST	Scen_1,Login	BasePage_5	1621527250957	1621527253810	OK	 
GROUP	Scen_1,Login	1621527250401	1621527253811	3400	OK
REQUEST	Scen_1,S_2003330312	Select_douglas	1621527254036	1621527254167	OK	 
REQUEST	Scen_1,SearchByActiveMember	Select_SearchByActiveMember	1621527254817	1621527254940	OK	 
GROUP	Scen_1,SearchByActiveMember	1621527254816	1621527254940	123	OK
REQUEST	Scen_1,S_2003330312	request_1	1621527254169	1621527257632	OK	 
REQUEST	Scen_1,SearchName_thomas	Search_1	1621527256732	1621527258406	OK	 
REQUEST	Scen_1,SearchName_thomas	Search_1503326775	1621527258408	1621527260377	OK	 
GROUP	Scen_1,SearchName_thomas	1621527256732	1621527260377	3643	OK
REQUEST	Scen_1,S_2003330312	request_2003330312	1621527257634	1621527261889	OK	 
GROUP	Scen_1,S_2003330312	1621527254034	1621527261890	7849	OK
REQUEST	Scen_1,S_1503326775	Select_thomas	1621527262344	1621527262618	OK	 
REQUEST	Scen_1,DrillDown_douglas	64881	1621527263110	1621527263531	OK	 
GROUP	Scen_1,DrillDown_douglas	1621527263109	1621527263532	421	OK
REQUEST	Scen_1,SearchByActiveMember	Select_SearchByActiveMember	1621527264611	1621527265073	OK	 
GROUP	Scen_1,SearchByActiveMember	1621527264610	1621527265074	462	OK
REQUEST	Scen_1,S_1503326775	request_1	1621527262620	1621527265323	OK	 
REQUEST	Scen_1,S_1503326775	request_1503326775	1621527265325	1621527268135	OK	 
GROUP	Scen_1,S_1503326775	1621527262343	1621527268137	5787	OK
REQUEST	Scen_1,SearchName_smith	Search_1	1621527267021	1621527268332	OK	 
REQUEST	Scen_1,SearchName_smith	Search_2003327496	1621527268333	1621527269268	OK	 
GROUP	Scen_1,SearchName_smith	1621527267020	1621527269269	2246	OK
REQUEST	Scen_1,DrillDown_thomas	68055	1621527269480	1621527269599	OK	 
GROUP	Scen_1,DrillDown_thomas	1621527269479	1621527269600	119	OK
REQUEST	Scen_1,SearchByActiveMember	Select_SearchByActiveMember	1621527270950	1621527271083	OK	 
GROUP	Scen_1,SearchByActiveMember	1621527270949	1621527271083	133	OK
REQUEST	Scen_1,S_2003327496	Select_smith	1621527271111	1621527271190	OK	 
REQUEST	Scen_1,S_2003327496	request_1	1621527271192	1621527273573	OK	 
REQUEST	Scen_1,SearchName_roger	Search_1	1621527272663	1621527274186	OK	 
REQUEST	Scen_1,SearchName_roger	Search_403328329	1621527274188	1621527275826	OK	 
GROUP	Scen_1,SearchName_roger	1621527272662	1621527275827	3161	OK
REQUEST	Scen_1,S_403328329	Select_roger	1621527276920	1621527277106	OK	 
REQUEST	Scen_1,S_2003327496	request_2003327496	1621527273575	1621527277221	OK	 
GROUP	Scen_1,S_2003327496	1621527271110	1621527277222	6106	OK
REQUEST	Scen_1,S_403328329	request_1	1621527277107	1621527278078	OK	 
REQUEST	Scen_1,DrillDown_smith	67992	1621527278363	1621527278999	OK	 
GROUP	Scen_1,DrillDown_smith	1621527278362	1621527279000	636	OK
REQUEST	Scen_1,S_403328329	request_403328329	1621527278079	1621527280536	OK	 
GROUP	Scen_1,S_403328329	1621527276919	1621527280537	3614	OK
GROUP	Scen_1	1621527245409	1621527280810	22312	OK
REQUEST	Scen_1,Login	BasePage	1621527280812	1621527284171	OK	 
REQUEST	Scen_1,Login	BasePage_1	1621527284172	1621527284236	OK	 
REQUEST	Scen_1,Login	BasePage_2	1621527284237	1621527284317	OK	 
REQUEST	Scen_1,DrillDown_roger	63702	1621527281646	1621527284317	OK	 
GROUP	Scen_1,DrillDown_roger	1621527281645	1621527284318	2671	OK
REQUEST	Scen_1,Login	BasePage_3	1621527284318	1621527284385	OK	 
REQUEST	Scen_1,Login	BasePage_4	1621527284386	1621527284454	OK	 
GROUP	Scen_1	1621527250401	1621527285674	22651	OK
REQUEST	Scen_1,Login	BasePage	1621527285675	1621527285742	OK	 
REQUEST	Scen_1,Login	BasePage_1	1621527285743	1621527285809	OK	 
REQUEST	Scen_1,Login	BasePage_2	1621527285811	1621527285875	OK	 
REQUEST	Scen_1,Login	BasePage_3	1621527285876	1621527285941	OK	 
REQUEST	Scen_1,Login	BasePage_4	1621527285942	1621527286013	OK	 
REQUEST	Scen_1,Login	BasePage_5	1621527284456	1621527286782	OK	 
GROUP	Scen_1,Login	1621527280811	1621527286783	5964	OK
REQUEST	Scen_1,SearchByActiveMember	Select_SearchByActiveMember	1621527287790	1621527287945	OK	 
GROUP	Scen_1,SearchByActiveMember	1621527287789	1621527287945	155	OK
REQUEST	Scen_1,Login	BasePage_5	1621527286014	1621527288314	OK	 
GROUP	Scen_1,Login	1621527285674	1621527288315	2633	OK
REQUEST	Scen_1,SearchName_baker	Search_1	1621527288965	1621527290365	OK	 
REQUEST	Scen_1,SearchByActiveMember	Select_SearchByActiveMember	1621527289318	1621527290365	OK	 
GROUP	Scen_1,SearchByActiveMember	1621527289318	1621527290366	1047	OK
REQUEST	Scen_1,SearchName_baker	Search_1803327625	1621527290367	1621527290981	OK	 
GROUP	Scen_1,SearchName_baker	1621527288964	1621527290982	2014	OK
REQUEST	Scen_1,SearchName_douglas	Search_1	1621527291385	1621527292107	OK	 
REQUEST	Scen_1,S_1803327625	Select_baker	1621527292178	1621527292316	OK	 
REQUEST	Scen_1,SearchName_douglas	Search_2003330312	1621527292108	1621527292813	OK	 
GROUP	Scen_1,SearchName_douglas	1621527291384	1621527292814	1427	OK
REQUEST	Scen_1,S_1803327625	request_1	1621527292317	1621527293438	OK	 
REQUEST	Scen_1,S_2003330312	Select_douglas	1621527293922	1621527294090	OK	 
REQUEST	Scen_1,S_1803327625	request_1803327625	1621527293440	1621527296408	OK	 
GROUP	Scen_1,S_1803327625	1621527292177	1621527296408	4227	OK
REQUEST	Scen_1,S_2003330312	request_1	1621527294091	1621527296895	OK	 
REQUEST	Scen_1,DrillDown_baker	68321	1621527297748	1621527298354	OK	 
GROUP	Scen_1,DrillDown_baker	1621527297747	1621527298355	606	OK
REQUEST	Scen_1,S_2003330312	request_2003330312	1621527296896	1621527298968	OK	 
GROUP	Scen_1,S_2003330312	1621527293921	1621527298969	5044	OK
REQUEST	Scen_1,SearchByActiveMember	Select_SearchByActiveMember	1621527299706	1621527300298	OK	 
GROUP	Scen_1,SearchByActiveMember	1621527299706	1621527300298	592	OK
REQUEST	Scen_1,DrillDown_douglas	64881	1621527300122	1621527300595	OK	 
GROUP	Scen_1,DrillDown_douglas	1621527300121	1621527300596	473	OK
REQUEST	Scen_1,SearchByActiveMember	Select_SearchByActiveMember	1621527302017	1621527302156	OK	 
GROUP	Scen_1,SearchByActiveMember	1621527302016	1621527302157	139	OK
REQUEST	Scen_1,SearchName_thomas	Search_1	1621527301889	1621527302866	OK	 
REQUEST	Scen_1,SearchName_thomas	Search_1503326775	1621527302867	1621527303882	OK	 
GROUP	Scen_1,SearchName_thomas	1621527301888	1621527303883	1992	OK
REQUEST	Scen_1,S_1503326775	Select_thomas	1621527305811	1621527305919	OK	 
REQUEST	Scen_1,SearchName_smith	Search_1	1621527304132	1621527306443	OK	 
REQUEST	Scen_1,SearchName_smith	Search_2003327496	1621527306444	1621527308081	OK	 
GROUP	Scen_1,SearchName_smith	1621527304131	1621527308081	3948	OK
REQUEST	Scen_1,S_1503326775	request_1	1621527305920	1621527308897	OK	 
REQUEST	Scen_1,S_2003327496	Select_smith	1621527309317	1621527309499	OK	 
REQUEST	Scen_1,S_1503326775	request_1503326775	1621527308898	1621527311766	OK	 
GROUP	Scen_1,S_1503326775	1621527305810	1621527311767	5953	OK
REQUEST	Scen_1,S_2003327496	request_1	1621527309500	1621527312075	OK	 
REQUEST	Scen_1,DrillDown_thomas	68055	1621527313687	1621527314225	OK	 
GROUP	Scen_1,DrillDown_thomas	1621527313686	1621527314226	538	OK
REQUEST	Scen_1,S_2003327496	request_2003327496	1621527312077	1621527314533	OK	 
GROUP	Scen_1,S_2003327496	1621527309317	1621527314534	5213	OK
GROUP	Scen_1	1621527280811	1621527315930	22041	OK
REQUEST	Scen_1,Login	BasePage	1621527315931	1621527316004	OK	 
REQUEST	Scen_1,Login	BasePage_1	1621527316005	1621527316073	OK	 
REQUEST	Scen_1,Login	BasePage_2	1621527316074	1621527316136	OK	 
REQUEST	Scen_1,Login	BasePage_3	1621527316137	1621527316213	OK	 
REQUEST	Scen_1,Login	BasePage_4	1621527316214	1621527316275	OK	 
REQUEST	Scen_1,DrillDown_smith	67992	1621527316460	1621527317089	OK	 
GROUP	Scen_1,DrillDown_smith	1621527316459	1621527317090	629	OK
REQUEST	Scen_1,Login	BasePage_5	1621527316276	1621527318055	OK	 
GROUP	Scen_1,Login	1621527315931	1621527318055	2119	OK
GROUP	Scen_1	1621527285674	1621527318501	20553	OK
REQUEST	Scen_1,Login	BasePage	1621527318502	1621527318704	OK	 
REQUEST	Scen_1,Login	BasePage_1	1621527318705	1621527318969	OK	 
REQUEST	Scen_1,Login	BasePage_2	1621527318970	1621527319034	OK	 
REQUEST	Scen_1,Login	BasePage_3	1621527319035	1621527319115	OK	 
REQUEST	Scen_1,Login	BasePage_4	1621527319116	1621527319181	OK	 
REQUEST	Scen_1,SearchByActiveMember	Select_SearchByActiveMember	1621527319058	1621527319231	OK	 
GROUP	Scen_1,SearchByActiveMember	1621527319057	1621527319232	173	OK
REQUEST	Scen_1,Login	BasePage_5	1621527319182	1621527321492	OK	 
GROUP	Scen_1,Login	1621527318501	1621527321492	2985	OK
REQUEST	Scen_1,SearchName_roger	Search_1	1621527320510	1621527322511	OK	 
REQUEST	Scen_1,SearchByActiveMember	Select_SearchByActiveMember	1621527322499	1621527322695	OK	 
GROUP	Scen_1,SearchByActiveMember	1621527322498	1621527322696	196	OK
REQUEST	Scen_1,SearchName_roger	Search_403328329	1621527322512	1621527324055	OK	 
GROUP	Scen_1,SearchName_roger	1621527320509	1621527324056	3544	OK
REQUEST	Scen_1,SearchName_baker	Search_1	1621527324505	1621527325343	OK	 
REQUEST	Scen_1,S_403328329	Select_roger	1621527325282	1621527325433	OK	 
REQUEST	Scen_1,SearchName_baker	Search_1803327625	1621527325344	1621527325898	OK	 
GROUP	Scen_1,SearchName_baker	1621527324504	1621527325899	1392	OK
REQUEST	Scen_1,S_403328329	request_1	1621527325434	1621527326102	OK	 
REQUEST	Scen_1,S_1803327625	Select_baker	1621527326974	1621527327150	OK	 
REQUEST	Scen_1,S_1803327625	request_1	1621527327151	1621527327536	OK	 
REQUEST	Scen_1,S_403328329	request_403328329	1621527326103	1621527328870	OK	 
GROUP	Scen_1,S_403328329	1621527325282	1621527328870	3586	OK
REQUEST	Scen_1,S_1803327625	request_1803327625	1621527327537	1621527330530	OK	 
GROUP	Scen_1,S_1803327625	1621527326974	1621527330531	3554	OK
REQUEST	Scen_1,DrillDown_roger	63702	1621527330794	1621527331025	OK	 
GROUP	Scen_1,DrillDown_roger	1621527330793	1621527331025	231	OK
REQUEST	Scen_1,DrillDown_baker	68321	1621527331953	1621527332108	OK	 
GROUP	Scen_1,DrillDown_baker	1621527331952	1621527332109	155	OK
REQUEST	Scen_1,SearchByActiveMember	Select_SearchByActiveMember	1621527332187	1621527332347	OK	 
GROUP	Scen_1,SearchByActiveMember	1621527332187	1621527332348	160	OK
REQUEST	Scen_1,SearchByActiveMember	Select_SearchByActiveMember	1621527333513	1621527333653	OK	 
GROUP	Scen_1,SearchByActiveMember	1621527333512	1621527333654	140	OK
REQUEST	Scen_1,SearchName_douglas	Search_1	1621527334313	1621527334911	OK	 
REQUEST	Scen_1,SearchName_douglas	Search_2003330312	1621527334912	1621527336139	OK	 
GROUP	Scen_1,SearchName_douglas	1621527334312	1621527336140	1825	OK
REQUEST	Scen_1,SearchName_thomas	Search_1	1621527335093	1621527336974	OK	 
REQUEST	Scen_1,S_2003330312	Select_douglas	1621527337642	1621527338053	OK	 
REQUEST	Scen_1,SearchName_thomas	Search_1503326775	1621527336975	1621527338903	OK	 
GROUP	Scen_1,SearchName_thomas	1621527335092	1621527338904	3809	OK
REQUEST	Scen_1,S_1503326775	Select_thomas	1621527340850	1621527340980	OK	 
REQUEST	Scen_1,S_2003330312	request_1	1621527338054	1621527341361	OK	 
REQUEST	Scen_1,S_1503326775	request_1	1621527340981	1621527343613	OK	 
REQUEST	Scen_1,S_2003330312	request_2003330312	1621527341362	1621527344225	OK	 
GROUP	Scen_1,S_2003330312	1621527337641	1621527344226	6581	OK
REQUEST	Scen_1,S_1503326775	request_1503326775	1621527343614	1621527345969	OK	 
GROUP	Scen_1,S_1503326775	1621527340850	1621527345970	5117	OK
REQUEST	Scen_1,DrillDown_douglas	64881	1621527345609	1621527346092	OK	 
GROUP	Scen_1,DrillDown_douglas	1621527345608	1621527346092	483	OK
GROUP	Scen_1	1621527315930	1621527347310	18702	OK
REQUEST	Scen_1,DrillDown_thomas	68055	1621527347205	1621527347523	OK	 
GROUP	Scen_1,DrillDown_thomas	1621527347204	1621527347524	318	OK
REQUEST	Scen_1,Login	BasePage	1621527347311	1621527347573	OK	 
REQUEST	Scen_1,Login	BasePage_1	1621527347574	1621527347640	OK	 
REQUEST	Scen_1,Login	BasePage_2	1621527347640	1621527347709	OK	 
REQUEST	Scen_1,Login	BasePage_3	1621527347710	1621527347776	OK	 
REQUEST	Scen_1,Login	BasePage_4	1621527347777	1621527347845	OK	 
GROUP	Scen_1	1621527318501	1621527348954	17666	OK
REQUEST	Scen_1,Login	BasePage	1621527348955	1621527349025	OK	 
REQUEST	Scen_1,Login	BasePage_1	1621527349026	1621527349094	OK	 
REQUEST	Scen_1,Login	BasePage_2	1621527349095	1621527349160	OK	 
REQUEST	Scen_1,Login	BasePage_3	1621527349161	1621527349225	OK	 
REQUEST	Scen_1,Login	BasePage_4	1621527349226	1621527349298	OK	 
REQUEST	Scen_1,Login	BasePage_5	1621527347846	1621527349963	OK	 
GROUP	Scen_1,Login	1621527347310	1621527349963	2648	OK
REQUEST	Scen_1,SearchByActiveMember	Select_SearchByActiveMember	1621527350967	1621527351114	OK	 
GROUP	Scen_1,SearchByActiveMember	1621527350967	1621527351114	147	OK
REQUEST	Scen_1,Login	BasePage_5	1621527349299	1621527352935	OK	 
GROUP	Scen_1,Login	1621527348954	1621527352936	3975	OK
REQUEST	Scen_1,SearchByActiveMember	Select_SearchByActiveMember	1621527353939	1621527354108	OK	 
GROUP	Scen_1,SearchByActiveMember	1621527353938	1621527354108	169	OK
REQUEST	Scen_1,SearchName_smith	Search_1	1621527352828	1621527354469	OK	 
REQUEST	Scen_1,SearchName_smith	Search_2003327496	1621527354470	1621527356618	OK	 
GROUP	Scen_1,SearchName_smith	1621527352827	1621527356619	3789	OK
REQUEST	Scen_1,SearchName_roger	Search_1	1621527355412	1621527357335	OK	 
REQUEST	Scen_1,S_2003327496	Select_smith	1621527358588	1621527358764	OK	 
REQUEST	Scen_1,SearchName_roger	Search_403328329	1621527357336	1621527358932	OK	 
GROUP	Scen_1,SearchName_roger	1621527355411	1621527358933	3519	OK
REQUEST	Scen_1,S_403328329	Select_roger	1621527360913	1621527361081	OK	 
REQUEST	Scen_1,S_2003327496	request_1	1621527358765	1621527361739	OK	 
REQUEST	Scen_1,S_403328329	request_1	1621527361082	1621527362046	OK	 
REQUEST	Scen_1,S_2003327496	request_2003327496	1621527361740	1621527366449	OK	 
GROUP	Scen_1,S_2003327496	1621527358588	1621527366450	7859	OK
REQUEST	Scen_1,S_403328329	request_403328329	1621527362047	1621527366758	OK	 
GROUP	Scen_1,S_403328329	1621527360912	1621527366759	5843	OK
REQUEST	Scen_1,DrillDown_smith	67992	1621527367520	1621527368289	OK	 
GROUP	Scen_1,DrillDown_smith	1621527367519	1621527368290	769	OK
REQUEST	Scen_1,DrillDown_roger	63702	1621527368668	1621527368859	OK	 
GROUP	Scen_1,DrillDown_roger	1621527368667	1621527368860	191	OK
REQUEST	Scen_1,SearchByActiveMember	Select_SearchByActiveMember	1621527370124	1621527370335	OK	 
GROUP	Scen_1,SearchByActiveMember	1621527370123	1621527370336	211	OK
REQUEST	Scen_1,SearchByActiveMember	Select_SearchByActiveMember	1621527370637	1621527371106	OK	 
GROUP	Scen_1,SearchByActiveMember	1621527370636	1621527371106	469	OK
REQUEST	Scen_1,SearchName_douglas	Search_1	1621527372570	1621527373603	OK	 
REQUEST	Scen_1,SearchName_baker	Search_1	1621527372169	1621527373799	OK	 
REQUEST	Scen_1,SearchName_douglas	Search_2003330312	1621527373605	1621527374744	OK	 
GROUP	Scen_1,SearchName_douglas	1621527372569	1621527374745	2172	OK
REQUEST	Scen_1,SearchName_baker	Search_1803327625	1621527373800	1621527374849	OK	 
GROUP	Scen_1,SearchName_baker	1621527372168	1621527374849	2679	OK
REQUEST	Scen_1,S_2003330312	Select_douglas	1621527376181	1621527376351	OK	 
REQUEST	Scen_1,S_1803327625	Select_baker	1621527376667	1621527376810	OK	 
REQUEST	Scen_1,S_1803327625	request_1	1621527376811	1621527377117	OK	 
REQUEST	Scen_1,S_2003330312	request_1	1621527376352	1621527378635	OK	 
REQUEST	Scen_1,S_1803327625	request_1803327625	1621527377118	1621527379556	OK	 
GROUP	Scen_1,S_1803327625	1621527376666	1621527379557	2887	OK
REQUEST	Scen_1,DrillDown_baker	68321	1621527381188	1621527381604	OK	 
GROUP	Scen_1,DrillDown_baker	1621527381187	1621527381605	416	OK
REQUEST	Scen_1,S_2003330312	request_2003330312	1621527378636	1621527381689	OK	 
GROUP	Scen_1,S_2003330312	1621527376180	1621527381690	5506	OK
GROUP	Scen_1	1621527347310	1621527382896	21405	OK
REQUEST	Scen_1,Login	BasePage	1621527382896	1621527383092	OK	 
REQUEST	Scen_1,Login	BasePage_1	1621527383093	1621527383158	OK	 
REQUEST	Scen_1,Login	BasePage_2	1621527383159	1621527383264	OK	 
REQUEST	Scen_1,Login	BasePage_3	1621527383265	1621527383450	OK	 
REQUEST	Scen_1,DrillDown_douglas	64881	1621527382819	1621527383450	OK	 
GROUP	Scen_1,DrillDown_douglas	1621527382819	1621527383451	631	OK
REQUEST	Scen_1,Login	BasePage_4	1621527383451	1621527383630	OK	 
GROUP	Scen_1	1621527348954	1621527385234	22475	OK
REQUEST	Scen_1,Login	BasePage	1621527385235	1621527385381	OK	 
REQUEST	Scen_1,Login	BasePage_1	1621527385382	1621527385560	OK	 
REQUEST	Scen_1,Login	BasePage_2	1621527385561	1621527385742	OK	 
REQUEST	Scen_1,Login	BasePage_3	1621527385743	1621527385923	OK	 
REQUEST	Scen_1,Login	BasePage_4	1621527385924	1621527386102	OK	 
REQUEST	Scen_1,Login	BasePage_5	1621527383631	1621527386926	OK	 
GROUP	Scen_1,Login	1621527382896	1621527386927	4025	OK
REQUEST	Scen_1,Login	BasePage_5	1621527386103	1621527388069	OK	 
GROUP	Scen_1,Login	1621527385234	1621527388069	2829	OK
REQUEST	Scen_1,SearchByActiveMember	Select_SearchByActiveMember	1621527387929	1621527388672	OK	 
GROUP	Scen_1,SearchByActiveMember	1621527387928	1621527388672	743	OK
REQUEST	Scen_1,SearchByActiveMember	Select_SearchByActiveMember	1621527389072	1621527389232	OK	 
GROUP	Scen_1,SearchByActiveMember	1621527389072	1621527389233	160	OK
REQUEST	Scen_1,SearchName_thomas	Search_1	1621527389881	1621527392405	OK	 
REQUEST	Scen_1,SearchName_smith	Search_1	1621527390406	1621527392869	OK	 
REQUEST	Scen_1,SearchName_thomas	Search_1503326775	1621527392407	1621527394609	OK	 
GROUP	Scen_1,SearchName_thomas	1621527389880	1621527394610	4726	OK
REQUEST	Scen_1,SearchName_smith	Search_2003327496	1621527392870	1621527395430	OK	 
GROUP	Scen_1,SearchName_smith	1621527390405	1621527395430	5023	OK
REQUEST	Scen_1,S_1503326775	Select_thomas	1621527395681	1621527395866	OK	 
REQUEST	Scen_1,S_2003327496	Select_smith	1621527397272	1621527397435	OK	 
REQUEST	Scen_1,S_1503326775	request_1	1621527395867	1621527399832	OK	 
REQUEST	Scen_1,S_2003327496	request_1	1621527397436	1621527400753	OK	 
REQUEST	Scen_1,S_1503326775	request_1503326775	1621527399833	1621527409560	OK	 
GROUP	Scen_1,S_1503326775	1621527395680	1621527409560	13877	OK
REQUEST	Scen_1,S_2003327496	request_2003327496	1621527400754	1621527410072	OK	 
GROUP	Scen_1,S_2003327496	1621527397271	1621527410072	12798	OK
REQUEST	Scen_1,DrillDown_thomas	68055	1621527410579	1621527410999	OK	 
GROUP	Scen_1,DrillDown_thomas	1621527410579	1621527411000	420	OK
REQUEST	Scen_1,DrillDown_smith	67992	1621527411992	1621527412106	OK	 
GROUP	Scen_1,DrillDown_smith	1621527411991	1621527412106	114	OK
REQUEST	Scen_1,SearchByActiveMember	Select_SearchByActiveMember	1621527412330	1621527412735	OK	 
GROUP	Scen_1,SearchByActiveMember	1621527412329	1621527412735	405	OK
REQUEST	Scen_1,SearchByActiveMember	Select_SearchByActiveMember	1621527413374	1621527413579	OK	 
GROUP	Scen_1,SearchByActiveMember	1621527413373	1621527413580	205	OK
REQUEST	Scen_1,SearchName_baker	Search_1	1621527414830	1621527415807	OK	 
REQUEST	Scen_1,SearchName_roger	Search_1	1621527414497	1621527415823	OK	 
REQUEST	Scen_1,SearchName_roger	Search_403328329	1621527415824	1621527416934	OK	 
GROUP	Scen_1,SearchName_roger	1621527414496	1621527416935	2436	OK
REQUEST	Scen_1,SearchName_baker	Search_1803327625	1621527415808	1621527417339	OK	 
GROUP	Scen_1,SearchName_baker	1621527414830	1621527417340	2508	OK
REQUEST	Scen_1,S_1803327625	Select_baker	1621527418360	1621527418505	OK	 
REQUEST	Scen_1,S_1803327625	request_1	1621527418507	1621527418758	OK	 
REQUEST	Scen_1,S_403328329	Select_roger	1621527418694	1621527419032	OK	 
REQUEST	Scen_1,S_403328329	request_1	1621527419033	1621527419595	OK	 
REQUEST	Scen_1,S_1803327625	request_1803327625	1621527418759	1621527422974	OK	 
GROUP	Scen_1,S_1803327625	1621527418359	1621527422975	4611	OK
REQUEST	Scen_1,S_403328329	request_403328329	1621527419596	1621527423998	OK	 
GROUP	Scen_1,S_403328329	1621527418694	1621527423999	5302	OK
REQUEST	Scen_1,DrillDown_baker	68321	1621527424969	1621527425215	OK	 
GROUP	Scen_1,DrillDown_baker	1621527424969	1621527425216	246	OK
REQUEST	Scen_1,DrillDown_roger	63702	1621527425815	1621527426002	OK	 
GROUP	Scen_1,DrillDown_roger	1621527425815	1621527426003	187	OK
GROUP	Scen_1	1621527385234	1621527426715	28494	OK
USER	Users_1	END	1621527426718
GROUP	Scen_1	1621527382896	1621527427069	32121	OK
USER	Users_1	END	1621527427069
