RUN	StarTest.Framework.StarSim	starsim	1632763251750	StarTest.Framework.StarSim-SIMULATION_1_10:SIMULATION_2_0:SIMULATION_3_0:Iterations_10	3.5.1
USER	Users_1	START	1632763253239
USER	Users_1	START	1632763253337
USER	Users_1	START	1632763253439
USER	Users_1	START	1632763253535
REQUEST	Authenticate	Authenticate	1632763253265	1632763253586	OK	 
GROUP	Authenticate	1632763253241	1632763253600	321	OK
REQUEST	Authenticate	Authenticate	1632763253337	1632763253625	OK	 
GROUP	Authenticate	1632763253337	1632763253625	288	OK
USER	Users_1	START	1632763253639
REQUEST	Authenticate	Authenticate	1632763253440	1632763253718	OK	 
GROUP	Authenticate	1632763253439	1632763253719	278	OK
USER	Users_1	START	1632763253737
REQUEST	Authenticate	Authenticate	1632763253536	1632763253803	OK	 
GROUP	Authenticate	1632763253535	1632763253804	267	OK
USER	Users_1	START	1632763253838
REQUEST	Authenticate	Authenticate	1632763253640	1632763253897	OK	 
GROUP	Authenticate	1632763253639	1632763253897	257	OK
USER	Users_1	START	1632763253936
REQUEST	Authenticate	Authenticate	1632763253737	1632763254008	OK	 
GROUP	Authenticate	1632763253737	1632763254009	271	OK
USER	Users_1	START	1632763254041
REQUEST	Authenticate	Authenticate	1632763253839	1632763254099	OK	 
GROUP	Authenticate	1632763253839	1632763254100	260	OK
USER	Users_1	START	1632763254136
REQUEST	GetStarNote	GetStarNote	1632763253720	1632763254143	OK	 
GROUP	GetStarNote	1632763253719	1632763254145	423	OK
REQUEST	GetStarNote	GetStarNote	1632763253608	1632763254186	OK	 
GROUP	GetStarNote	1632763253602	1632763254186	578	OK
REQUEST	Authenticate	Authenticate	1632763253937	1632763254209	OK	 
GROUP	Authenticate	1632763253936	1632763254209	272	OK
REQUEST	GetStarNote	GetStarNote	1632763253804	1632763254216	OK	 
GROUP	GetStarNote	1632763253804	1632763254216	412	OK
REQUEST	GetStarNote	GetStarNote	1632763253898	1632763254249	OK	 
GROUP	GetStarNote	1632763253898	1632763254250	351	OK
REQUEST	Authenticate	Authenticate	1632763254042	1632763254312	OK	 
GROUP	Authenticate	1632763254041	1632763254313	270	OK
REQUEST	GetStarNote	GetStarNote	1632763254010	1632763254356	OK	 
GROUP	GetStarNote	1632763254009	1632763254357	346	OK
REQUEST	GetStarNote	GetStarNote	1632763253626	1632763254389	OK	 
GROUP	GetStarNote	1632763253626	1632763254390	763	OK
REQUEST	Authenticate	Authenticate	1632763254137	1632763254391	OK	 
GROUP	Authenticate	1632763254137	1632763254392	254	OK
REQUEST	GetStarNote	GetStarNote	1632763254101	1632763254493	OK	 
GROUP	GetStarNote	1632763254100	1632763254493	392	OK
REQUEST	GetStarNote	GetStarNote	1632763254210	1632763254774	OK	 
GROUP	GetStarNote	1632763254210	1632763254775	564	OK
REQUEST	GetStarNote	GetStarNote	1632763254393	1632763254777	OK	 
GROUP	GetStarNote	1632763254392	1632763254777	384	OK
REQUEST	GetStarNote	GetStarNote	1632763254314	1632763254837	OK	 
GROUP	GetStarNote	1632763254314	1632763254837	523	OK
REQUEST	GetEpisodeOfCare	GetEpisodeOfCare	1632763255153	1632763256951	OK	 
REQUEST	GetEpisodeOfCare	GetEpisodeOfCare	1632763255193	1632763256951	OK	 
GROUP	GetEpisodeOfCare	1632763255192	1632763256951	1758	OK
GROUP	GetEpisodeOfCare	1632763255151	1632763256951	1798	OK
REQUEST	GetEpisodeOfCare	GetEpisodeOfCare	1632763255254	1632763257025	OK	 
GROUP	GetEpisodeOfCare	1632763255253	1632763257025	1771	OK
REQUEST	GetEpisodeOfCare	GetEpisodeOfCare	1632763255220	1632763257117	OK	 
GROUP	GetEpisodeOfCare	1632763255219	1632763257117	1897	OK
REQUEST	GetEpisodeOfCare	GetEpisodeOfCare	1632763255363	1632763257221	OK	 
GROUP	GetEpisodeOfCare	1632763255362	1632763257221	1858	OK
REQUEST	GetEpisodeOfCare	GetEpisodeOfCare	1632763255782	1632763257565	OK	 
GROUP	GetEpisodeOfCare	1632763255781	1632763257566	1783	OK
REQUEST	GetEpisodeOfCare	GetEpisodeOfCare	1632763255394	1632763257597	OK	 
GROUP	GetEpisodeOfCare	1632763255393	1632763257597	2203	OK
REQUEST	GetEpisodeOfCare	GetEpisodeOfCare	1632763255500	1632763257700	OK	 
GROUP	GetEpisodeOfCare	1632763255499	1632763257700	2200	OK
REQUEST	GetEpisodeOfCare	GetEpisodeOfCare	1632763255782	1632763257721	OK	 
GROUP	GetEpisodeOfCare	1632763255781	1632763257722	1939	OK
REQUEST	GetEpisodeOfCare	GetEpisodeOfCare	1632763255844	1632763258014	OK	 
GROUP	GetEpisodeOfCare	1632763255843	1632763258014	2170	OK
REQUEST	GetStarUIMemberList	GetStarUIMemberList	1632763257955	1632763261220	OK	 
GROUP	GetStarUIMemberList	1632763257954	1632763261220	3265	OK
REQUEST	GetStarUIMemberList	GetStarUIMemberList	1632763258223	1632763261280	OK	 
GROUP	GetStarUIMemberList	1632763258222	1632763261281	3057	OK
REQUEST	GetStarUIMemberList	GetStarUIMemberList	1632763257955	1632763261620	OK	 
GROUP	GetStarUIMemberList	1632763257954	1632763261620	3665	OK
REQUEST	GetStarUIMemberList	GetStarUIMemberList	1632763258120	1632763262026	OK	 
GROUP	GetStarUIMemberList	1632763258119	1632763262027	3906	OK
REQUEST	GetStarUIMemberList	GetStarUIMemberList	1632763258032	1632763262067	OK	 
GROUP	GetStarUIMemberList	1632763258031	1632763262067	4035	OK
REQUEST	GetStarUIMemberList	GetStarUIMemberList	1632763258604	1632763262454	OK	 
GROUP	GetStarUIMemberList	1632763258603	1632763262454	3850	OK
REQUEST	GetStarUIMemberList	GetStarUIMemberList	1632763258570	1632763262461	OK	 
GROUP	GetStarUIMemberList	1632763258569	1632763262462	3891	OK
REQUEST	GetStarUIMemberList	GetStarUIMemberList	1632763258704	1632763262598	OK	 
GROUP	GetStarUIMemberList	1632763258704	1632763262599	3894	OK
REQUEST	GetStarUIMemberList	GetStarUIMemberList	1632763259020	1632763262697	OK	 
REQUEST	GetStarUIMemberList	GetStarUIMemberList	1632763258724	1632763262697	OK	 
GROUP	GetStarUIMemberList	1632763258724	1632763262698	3973	OK
GROUP	GetStarUIMemberList	1632763259019	1632763262698	3677	OK
REQUEST	GetStarUIMemberDetail	GetStarUIMemberDetail	1632763262226	1632763262820	OK	 
GROUP	GetStarUIMemberDetail	1632763262225	1632763262821	594	OK
REQUEST	GetStarUIMemberDetail	GetStarUIMemberDetail	1632763262287	1632763262832	OK	 
GROUP	GetStarUIMemberDetail	1632763262286	1632763262832	545	OK
REQUEST	GetStarUIMemberDetail	GetStarUIMemberDetail	1632763262624	1632763263279	OK	 
GROUP	GetStarUIMemberDetail	1632763262624	1632763263280	655	OK
REQUEST	GetStarUIMemberDetail	GetStarUIMemberDetail	1632763263028	1632763263608	OK	 
GROUP	GetStarUIMemberDetail	1632763263027	1632763263608	580	OK
REQUEST	GetStarUIMemberDetail	GetStarUIMemberDetail	1632763263074	1632763263900	OK	 
GROUP	GetStarUIMemberDetail	1632763263073	1632763263900	826	OK
REQUEST	ChatTranscript	ChatTranscript	1632763263838	1632763263938	OK	 
GROUP	ChatTranscript	1632763263837	1632763263938	100	OK
REQUEST	ChatTranscript	ChatTranscript	1632763263827	1632763263941	OK	 
GROUP	ChatTranscript	1632763263826	1632763263941	114	OK
REQUEST	ChatTranscript	ChatTranscript	1632763264285	1632763264372	OK	 
GROUP	ChatTranscript	1632763264284	1632763264372	87	OK
REQUEST	GetStarUIMemberDetail	GetStarUIMemberDetail	1632763263460	1632763264394	OK	 
GROUP	GetStarUIMemberDetail	1632763263459	1632763264394	934	OK
REQUEST	GetStarUIMemberDetail	GetStarUIMemberDetail	1632763263463	1632763264441	OK	 
GROUP	GetStarUIMemberDetail	1632763263463	1632763264442	978	OK
REQUEST	GetStarUIMemberDetail	GetStarUIMemberDetail	1632763263704	1632763264605	OK	 
GROUP	GetStarUIMemberDetail	1632763263703	1632763264605	901	OK
REQUEST	GetStarUIMemberDetail	GetStarUIMemberDetail	1632763263605	1632763264626	OK	 
GROUP	GetStarUIMemberDetail	1632763263604	1632763264627	1021	OK
REQUEST	ChatTranscript	ChatTranscript	1632763264615	1632763264696	OK	 
GROUP	ChatTranscript	1632763264614	1632763264696	81	OK
REQUEST	GetStarUIMemberDetail	GetStarUIMemberDetail	1632763263704	1632763264706	OK	 
GROUP	GetStarUIMemberDetail	1632763263703	1632763264707	1002	OK
REQUEST	ChatTranscript	ChatTranscript	1632763264906	1632763264979	OK	 
GROUP	ChatTranscript	1632763264905	1632763264980	73	OK
REQUEST	GetStarNote	GetStarNote	1632763264945	1632763265090	OK	 
REQUEST	GetStarNote	GetStarNote	1632763264945	1632763265090	OK	 
GROUP	GetStarNote	1632763264945	1632763265090	145	OK
GROUP	GetStarNote	1632763264945	1632763265090	145	OK
REQUEST	ChatTranscript	ChatTranscript	1632763265398	1632763265492	OK	 
GROUP	ChatTranscript	1632763265397	1632763265492	94	OK
REQUEST	ChatTranscript	ChatTranscript	1632763265444	1632763265525	OK	 
GROUP	ChatTranscript	1632763265443	1632763265526	81	OK
REQUEST	GetStarNote	GetStarNote	1632763265378	1632763265562	OK	 
GROUP	GetStarNote	1632763265377	1632763265562	184	OK
REQUEST	ChatTranscript	ChatTranscript	1632763265611	1632763265703	OK	 
GROUP	ChatTranscript	1632763265611	1632763265703	92	OK
REQUEST	ChatTranscript	ChatTranscript	1632763265630	1632763265706	OK	 
GROUP	ChatTranscript	1632763265629	1632763265706	76	OK
REQUEST	ChatTranscript	ChatTranscript	1632763265713	1632763265790	OK	 
GROUP	ChatTranscript	1632763265712	1632763265790	77	OK
REQUEST	GetStarNote	GetStarNote	1632763265703	1632763265896	OK	 
GROUP	GetStarNote	1632763265702	1632763265897	193	OK
REQUEST	GetStarNote	GetStarNote	1632763265985	1632763266150	OK	 
GROUP	GetStarNote	1632763265985	1632763266151	165	OK
REQUEST	GetStarNote	GetStarNote	1632763266495	1632763266732	OK	 
GROUP	GetStarNote	1632763266494	1632763266732	237	OK
REQUEST	GetStarNote	GetStarNote	1632763266710	1632763266896	OK	 
GROUP	GetStarNote	1632763266709	1632763266897	186	OK
REQUEST	GetEpisodeOfCare	GetEpisodeOfCare	1632763266092	1632763267361	OK	 
GROUP	GetEpisodeOfCare	1632763266091	1632763267361	1269	OK
REQUEST	GetStarNote	GetStarNote	1632763266797	1632763267361	OK	 
GROUP	GetStarNote	1632763266796	1632763267361	564	OK
REQUEST	GetEpisodeOfCare	GetEpisodeOfCare	1632763266898	1632763267433	OK	 
GROUP	GetEpisodeOfCare	1632763266897	1632763267433	535	OK
REQUEST	GetEpisodeOfCare	GetEpisodeOfCare	1632763266092	1632763267444	OK	 
REQUEST	GetStarNote	GetStarNote	1632763266532	1632763267445	OK	 
GROUP	GetStarNote	1632763266532	1632763267445	913	OK
GROUP	GetEpisodeOfCare	1632763266091	1632763267445	1352	OK
REQUEST	GetStarNote	GetStarNote	1632763266709	1632763267445	OK	 
GROUP	GetStarNote	1632763266709	1632763267445	736	OK
REQUEST	GetEpisodeOfCare	GetEpisodeOfCare	1632763266565	1632763267447	OK	 
GROUP	GetEpisodeOfCare	1632763266564	1632763267447	882	OK
REQUEST	GetEpisodeOfCare	GetEpisodeOfCare	1632763267154	1632763267746	OK	 
GROUP	GetEpisodeOfCare	1632763267153	1632763267746	592	OK
REQUEST	GetEpisodeOfCare	GetEpisodeOfCare	1632763267735	1632763268376	OK	 
GROUP	GetEpisodeOfCare	1632763267734	1632763268376	641	OK
REQUEST	GetEpisodeOfCare	GetEpisodeOfCare	1632763267903	1632763268403	OK	 
GROUP	GetEpisodeOfCare	1632763267902	1632763268403	500	OK
REQUEST	GetEpisodeOfCare	GetEpisodeOfCare	1632763268365	1632763269853	OK	 
GROUP	GetEpisodeOfCare	1632763268364	1632763269854	1488	OK
REQUEST	GetEpisodeOfCare	GetEpisodeOfCare	1632763268451	1632763270570	OK	 
GROUP	GetEpisodeOfCare	1632763268450	1632763270571	2119	OK
REQUEST	GetEpisodeOfCare	GetEpisodeOfCare	1632763268451	1632763271082	OK	 
GROUP	GetEpisodeOfCare	1632763268450	1632763271082	2631	OK
REQUEST	GetStarUIMemberList	GetStarUIMemberList	1632763268365	1632763271866	OK	 
GROUP	GetStarUIMemberList	1632763268364	1632763271866	3501	OK
REQUEST	GetStarUIMemberList	GetStarUIMemberList	1632763268451	1632763272269	OK	 
GROUP	GetStarUIMemberList	1632763268450	1632763272270	3818	OK
REQUEST	GetStarUIMemberList	GetStarUIMemberList	1632763268451	1632763272783	OK	 
GROUP	GetStarUIMemberList	1632763268450	1632763272783	4332	OK
REQUEST	GetStarUIMemberList	GetStarUIMemberList	1632763268435	1632763272784	OK	 
GROUP	GetStarUIMemberList	1632763268434	1632763272784	4349	OK
REQUEST	GetStarUIMemberList	GetStarUIMemberList	1632763268753	1632763272784	OK	 
GROUP	GetStarUIMemberList	1632763268752	1632763272784	4031	OK
REQUEST	GetStarUIMemberList	GetStarUIMemberList	1632763269410	1632763272853	OK	 
GROUP	GetStarUIMemberList	1632763269409	1632763272853	3443	OK
REQUEST	GetStarUIMemberList	GetStarUIMemberList	1632763269382	1632763272871	OK	 
GROUP	GetStarUIMemberList	1632763269381	1632763272871	3489	OK
REQUEST	GetStarUIMemberList	GetStarUIMemberList	1632763270860	1632763273189	OK	 
GROUP	GetStarUIMemberList	1632763270859	1632763273189	2329	OK
REQUEST	GetStarUIMemberDetail	GetStarUIMemberDetail	1632763272868	1632763273435	OK	 
GROUP	GetStarUIMemberDetail	1632763272868	1632763273435	567	OK
REQUEST	GetStarUIMemberList	GetStarUIMemberList	1632763271575	1632763273454	OK	 
GROUP	GetStarUIMemberList	1632763271574	1632763273455	1879	OK
REQUEST	GetStarUIMemberList	GetStarUIMemberList	1632763272088	1632763273495	OK	 
GROUP	GetStarUIMemberList	1632763272088	1632763273495	1407	OK
REQUEST	GetStarUIMemberDetail	GetStarUIMemberDetail	1632763273275	1632763273854	OK	 
GROUP	GetStarUIMemberDetail	1632763273274	1632763273854	579	OK
REQUEST	ChatTranscript	ChatTranscript	1632763274441	1632763274544	OK	 
GROUP	ChatTranscript	1632763274441	1632763274545	103	OK
REQUEST	GetStarUIMemberDetail	GetStarUIMemberDetail	1632763273790	1632763274868	OK	 
GROUP	GetStarUIMemberDetail	1632763273789	1632763274868	1078	OK
REQUEST	ChatTranscript	ChatTranscript	1632763274861	1632763274939	OK	 
GROUP	ChatTranscript	1632763274860	1632763274939	78	OK
REQUEST	GetStarUIMemberDetail	GetStarUIMemberDetail	1632763273875	1632763274943	OK	 
GROUP	GetStarUIMemberDetail	1632763273874	1632763274943	1068	OK
REQUEST	ChatTranscript	ChatTranscript	1632763275945	1632763276049	OK	 
GROUP	ChatTranscript	1632763275945	1632763276049	104	OK
REQUEST	GetStarUIMemberDetail	GetStarUIMemberDetail	1632763274498	1632763276508	OK	 
REQUEST	GetStarUIMemberDetail	GetStarUIMemberDetail	1632763274195	1632763276508	OK	 
REQUEST	GetStarUIMemberDetail	GetStarUIMemberDetail	1632763273855	1632763276508	OK	 
REQUEST	GetStarUIMemberDetail	GetStarUIMemberDetail	1632763273790	1632763276508	OK	 
REQUEST	GetStarUIMemberDetail	GetStarUIMemberDetail	1632763274461	1632763276508	OK	 
GROUP	GetStarUIMemberDetail	1632763274195	1632763276508	2313	OK
GROUP	GetStarUIMemberDetail	1632763273854	1632763276508	2653	OK
GROUP	GetStarUIMemberDetail	1632763273789	1632763276508	2718	OK
GROUP	GetStarUIMemberDetail	1632763274497	1632763276508	2010	OK
GROUP	GetStarUIMemberDetail	1632763274460	1632763276508	2047	OK
REQUEST	ChatTranscript	ChatTranscript	1632763275874	1632763276509	OK	 
GROUP	ChatTranscript	1632763275873	1632763276509	635	OK
REQUEST	GetStarUIMemberDetail	GetStarUIMemberDetail	1632763273790	1632763276536	OK	 
GROUP	GetStarUIMemberDetail	1632763273789	1632763276536	2746	OK
REQUEST	GetStarNote	GetStarNote	1632763275551	1632763276814	OK	 
REQUEST	GetStarNote	GetStarNote	1632763275945	1632763276814	OK	 
GROUP	GetStarNote	1632763275550	1632763276814	1263	OK
GROUP	GetStarNote	1632763275944	1632763276814	869	OK
REQUEST	GetStarNote	GetStarNote	1632763277055	1632763277411	OK	 
GROUP	GetStarNote	1632763277054	1632763277412	356	OK
REQUEST	ChatTranscript	ChatTranscript	1632763277511	1632763277595	OK	 
GROUP	ChatTranscript	1632763277511	1632763277595	84	OK
REQUEST	ChatTranscript	ChatTranscript	1632763277511	1632763277601	OK	 
GROUP	ChatTranscript	1632763277511	1632763277601	90	OK
REQUEST	ChatTranscript	ChatTranscript	1632763277511	1632763277605	OK	 
GROUP	ChatTranscript	1632763277511	1632763277605	94	OK
REQUEST	ChatTranscript	ChatTranscript	1632763277511	1632763277607	OK	 
GROUP	ChatTranscript	1632763277511	1632763277607	96	OK
REQUEST	ChatTranscript	ChatTranscript	1632763277511	1632763277615	OK	 
GROUP	ChatTranscript	1632763277511	1632763277615	104	OK
REQUEST	ChatTranscript	ChatTranscript	1632763277542	1632763277619	OK	 
GROUP	ChatTranscript	1632763277542	1632763277619	77	OK
REQUEST	GetStarNote	GetStarNote	1632763277512	1632763277871	OK	 
GROUP	GetStarNote	1632763277512	1632763277872	359	OK
REQUEST	GetEpisodeOfCare	GetEpisodeOfCare	1632763277820	1632763278543	OK	 
REQUEST	GetEpisodeOfCare	GetEpisodeOfCare	1632763277820	1632763278543	OK	 
GROUP	GetEpisodeOfCare	1632763277819	1632763278544	723	OK
GROUP	GetEpisodeOfCare	1632763277819	1632763278544	723	OK
REQUEST	GetEpisodeOfCare	GetEpisodeOfCare	1632763278415	1632763278981	OK	 
GROUP	GetEpisodeOfCare	1632763278414	1632763278982	566	OK
REQUEST	GetStarNote	GetStarNote	1632763278606	1632763279018	OK	 
GROUP	GetStarNote	1632763278605	1632763279018	412	OK
REQUEST	GetStarNote	GetStarNote	1632763278625	1632763279041	OK	 
GROUP	GetStarNote	1632763278624	1632763279041	416	OK
REQUEST	GetStarNote	GetStarNote	1632763278614	1632763279047	OK	 
GROUP	GetStarNote	1632763278613	1632763279047	433	OK
REQUEST	GetStarNote	GetStarNote	1632763278617	1632763279064	OK	 
GROUP	GetStarNote	1632763278617	1632763279065	447	OK
REQUEST	GetStarNote	GetStarNote	1632763278607	1632763279176	OK	 
GROUP	GetStarNote	1632763278607	1632763279177	569	OK
REQUEST	GetEpisodeOfCare	GetEpisodeOfCare	1632763278878	1632763279479	OK	 
GROUP	GetEpisodeOfCare	1632763278877	1632763279479	601	OK
REQUEST	GetStarUIMemberList	GetStarUIMemberList	1632763279545	1632763281174	OK	 
GROUP	GetStarUIMemberList	1632763279545	1632763281174	1629	OK
REQUEST	GetStarUIMemberList	GetStarUIMemberList	1632763279547	1632763281476	OK	 
GROUP	GetStarUIMemberList	1632763279547	1632763281476	1929	OK
REQUEST	GetEpisodeOfCare	GetEpisodeOfCare	1632763280183	1632763282238	OK	 
GROUP	GetEpisodeOfCare	1632763280182	1632763282239	2055	OK
REQUEST	GetEpisodeOfCare	GetEpisodeOfCare	1632763280044	1632763282261	OK	 
GROUP	GetEpisodeOfCare	1632763280043	1632763282261	2217	OK
REQUEST	GetEpisodeOfCare	GetEpisodeOfCare	1632763280023	1632763282266	OK	 
GROUP	GetEpisodeOfCare	1632763280021	1632763282266	2243	OK
REQUEST	GetEpisodeOfCare	GetEpisodeOfCare	1632763280052	1632763282285	OK	 
GROUP	GetEpisodeOfCare	1632763280051	1632763282285	2233	OK
REQUEST	GetEpisodeOfCare	GetEpisodeOfCare	1632763280071	1632763282326	OK	 
GROUP	GetEpisodeOfCare	1632763280071	1632763282327	2255	OK
REQUEST	GetStarUIMemberList	GetStarUIMemberList	1632763280486	1632763282374	OK	 
GROUP	GetStarUIMemberList	1632763280485	1632763282374	1888	OK
REQUEST	GetStarUIMemberList	GetStarUIMemberList	1632763279988	1632763282379	OK	 
GROUP	GetStarUIMemberList	1632763279987	1632763282379	2391	OK
REQUEST	GetStarUIMemberDetail	GetStarUIMemberDetail	1632763282175	1632763282717	OK	 
GROUP	GetStarUIMemberDetail	1632763282175	1632763282717	542	OK
REQUEST	GetStarUIMemberDetail	GetStarUIMemberDetail	1632763282482	1632763282958	OK	 
GROUP	GetStarUIMemberDetail	1632763282482	1632763282959	476	OK
REQUEST	ChatTranscript	ChatTranscript	1632763283718	1632763283809	OK	 
GROUP	ChatTranscript	1632763283718	1632763283809	91	OK
REQUEST	ChatTranscript	ChatTranscript	1632763283964	1632763284052	OK	 
GROUP	ChatTranscript	1632763283964	1632763284052	88	OK
REQUEST	GetStarUIMemberDetail	GetStarUIMemberDetail	1632763283385	1632763284709	OK	 
GROUP	GetStarUIMemberDetail	1632763283384	1632763284709	1324	OK
REQUEST	GetStarUIMemberDetail	GetStarUIMemberDetail	1632763283377	1632763284753	OK	 
GROUP	GetStarUIMemberDetail	1632763283377	1632763284753	1376	OK
REQUEST	GetStarNote	GetStarNote	1632763284812	1632763285185	OK	 
GROUP	GetStarNote	1632763284811	1632763285185	373	OK
REQUEST	GetStarNote	GetStarNote	1632763285054	1632763285718	OK	 
GROUP	GetStarNote	1632763285054	1632763285718	664	OK
REQUEST	ChatTranscript	ChatTranscript	1632763285713	1632763285802	OK	 
GROUP	ChatTranscript	1632763285712	1632763285802	89	OK
REQUEST	ChatTranscript	ChatTranscript	1632763285756	1632763285984	OK	 
GROUP	ChatTranscript	1632763285755	1632763285984	228	OK
REQUEST	GetStarUIMemberList	GetStarUIMemberList	1632763283268	1632763286239	OK	 
GROUP	GetStarUIMemberList	1632763283267	1632763286240	2971	OK
REQUEST	GetStarUIMemberList	GetStarUIMemberList	1632763283244	1632763286268	OK	 
GROUP	GetStarUIMemberList	1632763283244	1632763286268	3024	OK
REQUEST	GetStarUIMemberList	GetStarUIMemberList	1632763283332	1632763286345	OK	 
GROUP	GetStarUIMemberList	1632763283331	1632763286345	3013	OK
REQUEST	GetStarUIMemberList	GetStarUIMemberList	1632763283269	1632763286428	OK	 
GROUP	GetStarUIMemberList	1632763283268	1632763286428	3159	OK
REQUEST	GetStarUIMemberList	GetStarUIMemberList	1632763283289	1632763286443	OK	 
GROUP	GetStarUIMemberList	1632763283289	1632763286444	3154	OK
REQUEST	GetEpisodeOfCare	GetEpisodeOfCare	1632763286192	1632763286731	OK	 
GROUP	GetEpisodeOfCare	1632763286191	1632763286731	539	OK
REQUEST	GetStarNote	GetStarNote	1632763286806	1632763287063	OK	 
GROUP	GetStarNote	1632763286805	1632763287063	257	OK
REQUEST	GetStarNote	GetStarNote	1632763286990	1632763287183	OK	 
GROUP	GetStarNote	1632763286990	1632763287183	193	OK
REQUEST	GetEpisodeOfCare	GetEpisodeOfCare	1632763286720	1632763287521	OK	 
GROUP	GetEpisodeOfCare	1632763286719	1632763287521	801	OK
REQUEST	GetStarNote	GetStarNote	1632763278603	1632763288605	KO	i.n.c.ConnectTimeoutException: connection timed out: coho-api-star-stg.origin-ctc-core.optum.com/10.223.193.236:443
GROUP	GetStarNote	1632763278602	1632763288607	10002	KO
REQUEST	GetStarUIMemberDetail	GetStarUIMemberDetail	1632763287244	1632763289104	OK	 
GROUP	GetStarUIMemberDetail	1632763287244	1632763289105	1860	OK
REQUEST	GetStarUIMemberDetail	GetStarUIMemberDetail	1632763287274	1632763289204	OK	 
GROUP	GetStarUIMemberDetail	1632763287273	1632763289204	1930	OK
REQUEST	GetStarUIMemberDetail	GetStarUIMemberDetail	1632763287450	1632763289214	OK	 
GROUP	GetStarUIMemberDetail	1632763287449	1632763289214	1764	OK
REQUEST	GetStarUIMemberDetail	GetStarUIMemberDetail	1632763287352	1632763289351	OK	 
GROUP	GetStarUIMemberDetail	1632763287351	1632763289352	1999	OK
REQUEST	GetStarUIMemberDetail	GetStarUIMemberDetail	1632763287434	1632763289358	OK	 
GROUP	GetStarUIMemberDetail	1632763287433	1632763289358	1924	OK
REQUEST	GetEpisodeOfCare	GetEpisodeOfCare	1632763288069	1632763289514	OK	 
GROUP	GetEpisodeOfCare	1632763288069	1632763289514	1445	OK
REQUEST	GetStarUIMemberList	GetStarUIMemberList	1632763287734	1632763289924	OK	 
GROUP	GetStarUIMemberList	1632763287733	1632763289924	2190	OK
REQUEST	GetStarUIMemberList	GetStarUIMemberList	1632763288526	1632763290185	OK	 
GROUP	GetStarUIMemberList	1632763288525	1632763290185	1659	OK
REQUEST	ChatTranscript	ChatTranscript	1632763290111	1632763290197	OK	 
GROUP	ChatTranscript	1632763290110	1632763290198	86	OK
REQUEST	ChatTranscript	ChatTranscript	1632763290210	1632763290292	OK	 
GROUP	ChatTranscript	1632763290210	1632763290292	82	OK
REQUEST	ChatTranscript	ChatTranscript	1632763290220	1632763290303	OK	 
GROUP	ChatTranscript	1632763290219	1632763290303	83	OK
REQUEST	ChatTranscript	ChatTranscript	1632763290357	1632763290435	OK	 
GROUP	ChatTranscript	1632763290357	1632763290436	78	OK
REQUEST	ChatTranscript	ChatTranscript	1632763290364	1632763290442	OK	 
GROUP	ChatTranscript	1632763290363	1632763290443	78	OK
REQUEST	GetStarUIMemberDetail	GetStarUIMemberDetail	1632763290930	1632763291431	OK	 
GROUP	GetStarUIMemberDetail	1632763290929	1632763291432	501	OK
REQUEST	GetEpisodeOfCare	GetEpisodeOfCare	1632763289613	1632763291446	OK	 
GROUP	GetEpisodeOfCare	1632763289613	1632763291446	1833	OK
REQUEST	GetStarUIMemberList	GetStarUIMemberList	1632763290520	1632763291451	OK	 
GROUP	GetStarUIMemberList	1632763290519	1632763291451	931	OK
REQUEST	GetEpisodeOfCare	GetEpisodeOfCare	1632763288185	1632763291467	OK	 
GROUP	GetEpisodeOfCare	1632763288184	1632763291468	3282	OK
REQUEST	GetStarNote	GetStarNote	1632763291204	1632763291497	OK	 
GROUP	GetStarNote	1632763291204	1632763291497	293	OK
REQUEST	GetStarNote	GetStarNote	1632763291306	1632763291515	OK	 
GROUP	GetStarNote	1632763291305	1632763291515	209	OK
REQUEST	GetStarNote	GetStarNote	1632763291294	1632763291557	OK	 
GROUP	GetStarNote	1632763291293	1632763291558	263	OK
REQUEST	GetStarNote	GetStarNote	1632763291446	1632763291615	OK	 
GROUP	GetStarNote	1632763291446	1632763291615	169	OK
REQUEST	GetStarNote	GetStarNote	1632763291440	1632763291645	OK	 
GROUP	GetStarNote	1632763291439	1632763291645	205	OK
REQUEST	GetStarUIMemberDetail	GetStarUIMemberDetail	1632763291192	1632763291680	OK	 
GROUP	GetStarUIMemberDetail	1632763291191	1632763291681	488	OK
REQUEST	ChatTranscript	ChatTranscript	1632763292436	1632763292523	OK	 
GROUP	ChatTranscript	1632763292435	1632763292523	87	OK
REQUEST	ChatTranscript	ChatTranscript	1632763292684	1632763293098	OK	 
GROUP	ChatTranscript	1632763292684	1632763293098	414	OK
REQUEST	GetStarUIMemberDetail	GetStarUIMemberDetail	1632763292453	1632763293547	OK	 
GROUP	GetStarUIMemberDetail	1632763292452	1632763293548	1094	OK
REQUEST	GetEpisodeOfCare	GetEpisodeOfCare	1632763292520	1632763293919	OK	 
GROUP	GetEpisodeOfCare	1632763292519	1632763293919	1399	OK
REQUEST	GetStarNote	GetStarNote	1632763293529	1632763293919	OK	 
GROUP	GetStarNote	1632763293529	1632763293919	390	OK
REQUEST	GetEpisodeOfCare	GetEpisodeOfCare	1632763292620	1632763294100	OK	 
REQUEST	GetEpisodeOfCare	GetEpisodeOfCare	1632763292504	1632763294100	OK	 
GROUP	GetEpisodeOfCare	1632763292619	1632763294100	1480	OK
GROUP	GetEpisodeOfCare	1632763292503	1632763294100	1596	OK
REQUEST	GetEpisodeOfCare	GetEpisodeOfCare	1632763292561	1632763294206	OK	 
GROUP	GetEpisodeOfCare	1632763292560	1632763294206	1645	OK
REQUEST	GetStarNote	GetStarNote	1632763294100	1632763294291	OK	 
GROUP	GetStarNote	1632763294100	1632763294291	191	OK
REQUEST	GetStarUIMemberList	GetStarUIMemberList	1632763292452	1632763294627	OK	 
GROUP	GetStarUIMemberList	1632763292451	1632763294628	2175	OK
REQUEST	ChatTranscript	ChatTranscript	1632763294554	1632763294643	OK	 
GROUP	ChatTranscript	1632763294553	1632763294644	89	OK
REQUEST	GetStarUIMemberList	GetStarUIMemberList	1632763292473	1632763294664	OK	 
REQUEST	GetEpisodeOfCare	GetEpisodeOfCare	1632763292650	1632763294665	OK	 
GROUP	GetStarUIMemberList	1632763292473	1632763294665	2191	OK
GROUP	GetEpisodeOfCare	1632763292649	1632763294665	2015	OK
REQUEST	GetEpisodeOfCare	GetEpisodeOfCare	1632763294920	1632763296068	OK	 
GROUP	GetEpisodeOfCare	1632763294920	1632763296068	1148	OK
REQUEST	GetEpisodeOfCare	GetEpisodeOfCare	1632763295295	1632763296786	OK	 
GROUP	GetEpisodeOfCare	1632763295294	1632763296786	1491	OK
REQUEST	GetStarNote	GetStarNote	1632763295650	1632763296801	OK	 
GROUP	GetStarNote	1632763295650	1632763296801	1151	OK
REQUEST	GetStarUIMemberDetail	GetStarUIMemberDetail	1632763295631	1632763296853	OK	 
GROUP	GetStarUIMemberDetail	1632763295631	1632763296853	1222	OK
REQUEST	GetStarUIMemberDetail	GetStarUIMemberDetail	1632763295670	1632763297092	OK	 
GROUP	GetStarUIMemberDetail	1632763295669	1632763297092	1422	OK
REQUEST	GetStarUIMemberList	GetStarUIMemberList	1632763294920	1632763297166	OK	 
GROUP	GetStarUIMemberList	1632763294920	1632763297167	2246	OK
REQUEST	GetStarUIMemberList	GetStarUIMemberList	1632763295104	1632763297643	OK	 
GROUP	GetStarUIMemberList	1632763295103	1632763297644	2539	OK
REQUEST	GetStarUIMemberList	GetStarUIMemberList	1632763295212	1632763297966	OK	 
GROUP	GetStarUIMemberList	1632763295212	1632763297966	2754	OK
REQUEST	GetStarUIMemberList	GetStarUIMemberList	1632763295670	1632763297970	OK	 
GROUP	GetStarUIMemberList	1632763295669	1632763297971	2300	OK
REQUEST	GetStarUIMemberList	GetStarUIMemberList	1632763295104	1632763297975	OK	 
GROUP	GetStarUIMemberList	1632763295103	1632763297976	2871	OK
REQUEST	ChatTranscript	ChatTranscript	1632763297858	1632763298182	OK	 
GROUP	ChatTranscript	1632763297858	1632763298182	324	OK
REQUEST	ChatTranscript	ChatTranscript	1632763298094	1632763298197	OK	 
GROUP	ChatTranscript	1632763298094	1632763298197	103	OK
REQUEST	GetEpisodeOfCare	GetEpisodeOfCare	1632763297804	1632763298386	OK	 
GROUP	GetEpisodeOfCare	1632763297803	1632763298386	582	OK
REQUEST	GetStarUIMemberList	GetStarUIMemberList	1632763297069	1632763298656	OK	 
GROUP	GetStarUIMemberList	1632763297069	1632763298656	1587	OK
REQUEST	GetStarUIMemberList	GetStarUIMemberList	1632763297793	1632763298999	OK	 
GROUP	GetStarUIMemberList	1632763297792	1632763298999	1206	OK
REQUEST	GetStarUIMemberDetail	GetStarUIMemberDetail	1632763298645	1632763299200	OK	 
GROUP	GetStarUIMemberDetail	1632763298644	1632763299200	555	OK
REQUEST	GetStarNote	GetStarNote	1632763299189	1632763299548	OK	 
GROUP	GetStarNote	1632763299189	1632763299548	359	OK
REQUEST	GetStarNote	GetStarNote	1632763299200	1632763299586	OK	 
GROUP	GetStarNote	1632763299200	1632763299586	386	OK
REQUEST	GetStarUIMemberDetail	GetStarUIMemberDetail	1632763298973	1632763299619	OK	 
GROUP	GetStarUIMemberDetail	1632763298972	1632763299619	646	OK
REQUEST	GetStarUIMemberDetail	GetStarUIMemberDetail	1632763298972	1632763299761	OK	 
GROUP	GetStarUIMemberDetail	1632763298971	1632763299761	789	OK
REQUEST	GetStarUIMemberDetail	GetStarUIMemberDetail	1632763298980	1632763299841	OK	 
GROUP	GetStarUIMemberDetail	1632763298979	1632763299841	861	OK
REQUEST	ChatTranscript	ChatTranscript	1632763300201	1632763300279	OK	 
GROUP	ChatTranscript	1632763300201	1632763300280	78	OK
REQUEST	GetStarUIMemberDetail	GetStarUIMemberDetail	1632763299662	1632763300398	OK	 
GROUP	GetStarUIMemberDetail	1632763299661	1632763300398	736	OK
REQUEST	GetStarUIMemberDetail	GetStarUIMemberDetail	1632763300005	1632763300661	OK	 
GROUP	GetStarUIMemberDetail	1632763300004	1632763300661	656	OK
REQUEST	ChatTranscript	ChatTranscript	1632763300624	1632763300710	OK	 
GROUP	ChatTranscript	1632763300624	1632763300710	86	OK
REQUEST	ChatTranscript	ChatTranscript	1632763300767	1632763300902	OK	 
GROUP	ChatTranscript	1632763300766	1632763300902	135	OK
REQUEST	ChatTranscript	ChatTranscript	1632763300847	1632763300930	OK	 
GROUP	ChatTranscript	1632763300847	1632763300930	83	OK
REQUEST	GetStarUIMemberList	GetStarUIMemberList	1632763299392	1632763300965	OK	 
GROUP	GetStarUIMemberList	1632763299392	1632763300965	1573	OK
REQUEST	GetEpisodeOfCare	GetEpisodeOfCare	1632763300550	1632763301183	OK	 
GROUP	GetEpisodeOfCare	1632763300549	1632763301183	633	OK
REQUEST	GetEpisodeOfCare	GetEpisodeOfCare	1632763300592	1632763301217	OK	 
GROUP	GetEpisodeOfCare	1632763300592	1632763301217	625	OK
REQUEST	GetStarNote	GetStarNote	1632763301284	1632763301475	OK	 
GROUP	GetStarNote	1632763301283	1632763301475	191	OK
REQUEST	ChatTranscript	ChatTranscript	1632763301404	1632763301525	OK	 
GROUP	ChatTranscript	1632763301404	1632763301525	121	OK
REQUEST	ChatTranscript	ChatTranscript	1632763301664	1632763301761	OK	 
GROUP	ChatTranscript	1632763301663	1632763301761	97	OK
REQUEST	GetStarNote	GetStarNote	1632763301715	1632763301888	OK	 
GROUP	GetStarNote	1632763301715	1632763301888	173	OK
REQUEST	GetStarNote	GetStarNote	1632763301905	1632763302117	OK	 
REQUEST	GetStarNote	GetStarNote	1632763301938	1632763302117	OK	 
GROUP	GetStarNote	1632763301937	1632763302117	179	OK
GROUP	GetStarNote	1632763301904	1632763302117	212	OK
REQUEST	GetStarUIMemberDetail	GetStarUIMemberDetail	1632763301971	1632763302561	OK	 
GROUP	GetStarUIMemberDetail	1632763301970	1632763302561	590	OK
REQUEST	GetStarNote	GetStarNote	1632763302532	1632763302858	OK	 
GROUP	GetStarNote	1632763302531	1632763302858	326	OK
REQUEST	GetStarNote	GetStarNote	1632763302767	1632763303110	OK	 
GROUP	GetStarNote	1632763302767	1632763303110	343	OK
REQUEST	GetEpisodeOfCare	GetEpisodeOfCare	1632763302482	1632763303231	OK	 
GROUP	GetEpisodeOfCare	1632763302481	1632763303231	749	OK
REQUEST	GetEpisodeOfCare	GetEpisodeOfCare	1632763302891	1632763303541	OK	 
GROUP	GetEpisodeOfCare	1632763302890	1632763303541	650	OK
REQUEST	ChatTranscript	ChatTranscript	1632763303566	1632763303652	OK	 
GROUP	ChatTranscript	1632763303565	1632763303652	86	OK
REQUEST	GetStarUIMemberList	GetStarUIMemberList	1632763302220	1632763303719	OK	 
GROUP	GetStarUIMemberList	1632763302219	1632763303719	1499	OK
REQUEST	GetStarUIMemberList	GetStarUIMemberList	1632763302189	1632763303763	OK	 
GROUP	GetStarUIMemberList	1632763302189	1632763303763	1574	OK
REQUEST	GetEpisodeOfCare	GetEpisodeOfCare	1632763303123	1632763303824	OK	 
GROUP	GetEpisodeOfCare	1632763303122	1632763303824	701	OK
REQUEST	GetStarUIMemberDetail	GetStarUIMemberDetail	1632763298169	1632763303920	OK	 
GROUP	GetStarUIMemberDetail	1632763298168	1632763303921	5751	OK
REQUEST	GetEpisodeOfCare	GetEpisodeOfCare	1632763303120	1632763303993	OK	 
GROUP	GetEpisodeOfCare	1632763303119	1632763303993	873	OK
REQUEST	GetEpisodeOfCare	GetEpisodeOfCare	1632763303860	1632763304369	OK	 
GROUP	GetEpisodeOfCare	1632763303860	1632763304369	509	OK
REQUEST	GetEpisodeOfCare	GetEpisodeOfCare	1632763304115	1632763304650	OK	 
GROUP	GetEpisodeOfCare	1632763304114	1632763304650	535	OK
REQUEST	GetStarUIMemberDetail	GetStarUIMemberDetail	1632763304725	1632763305241	OK	 
GROUP	GetStarUIMemberDetail	1632763304724	1632763305242	516	OK
REQUEST	GetStarUIMemberList	GetStarUIMemberList	1632763304238	1632763305384	OK	 
GROUP	GetStarUIMemberList	1632763304237	1632763305384	1146	OK
REQUEST	GetStarUIMemberList	GetStarUIMemberList	1632763304547	1632763305567	OK	 
GROUP	GetStarUIMemberList	1632763304547	1632763305567	1020	OK
REQUEST	ChatTranscript	ChatTranscript	1632763304924	1632763306004	OK	 
GROUP	ChatTranscript	1632763304923	1632763306004	1080	OK
REQUEST	GetStarNote	GetStarNote	1632763304658	1632763306118	OK	 
GROUP	GetStarNote	1632763304658	1632763306118	1460	OK
REQUEST	GetStarUIMemberDetail	GetStarUIMemberDetail	1632763304765	1632763306573	OK	 
GROUP	GetStarUIMemberDetail	1632763304764	1632763306574	1808	OK
REQUEST	ChatTranscript	ChatTranscript	1632763306243	1632763306624	OK	 
GROUP	ChatTranscript	1632763306242	1632763306624	381	OK
REQUEST	GetStarUIMemberList	GetStarUIMemberList	1632763305373	1632763307080	OK	 
GROUP	GetStarUIMemberList	1632763305372	1632763307080	1707	OK
REQUEST	GetStarUIMemberDetail	GetStarUIMemberDetail	1632763306390	1632763307084	OK	 
GROUP	GetStarUIMemberDetail	1632763306390	1632763307084	694	OK
REQUEST	GetStarUIMemberList	GetStarUIMemberList	1632763305655	1632763307392	OK	 
GROUP	GetStarUIMemberList	1632763305654	1632763307392	1737	OK
REQUEST	GetStarUIMemberList	GetStarUIMemberList	1632763304999	1632763307476	OK	 
GROUP	GetStarUIMemberList	1632763304999	1632763307476	2477	OK
REQUEST	GetStarUIMemberList	GetStarUIMemberList	1632763304829	1632763307478	OK	 
GROUP	GetStarUIMemberList	1632763304829	1632763307478	2649	OK
REQUEST	GetStarNote	GetStarNote	1632763307011	1632763307492	OK	 
GROUP	GetStarNote	1632763307010	1632763307492	481	OK
REQUEST	GetStarUIMemberDetail	GetStarUIMemberDetail	1632763306572	1632763307539	OK	 
GROUP	GetStarUIMemberDetail	1632763306571	1632763307540	967	OK
REQUEST	GetStarNote	GetStarNote	1632763307629	1632763307777	OK	 
GROUP	GetStarNote	1632763307629	1632763307778	148	OK
REQUEST	ChatTranscript	ChatTranscript	1632763307580	1632763307891	OK	 
GROUP	ChatTranscript	1632763307579	1632763307892	311	OK
REQUEST	GetEpisodeOfCare	GetEpisodeOfCare	1632763307120	1632763307979	OK	 
GROUP	GetEpisodeOfCare	1632763307119	1632763307979	859	OK
REQUEST	ChatTranscript	ChatTranscript	1632763308088	1632763308392	OK	 
GROUP	ChatTranscript	1632763308087	1632763308392	304	OK
REQUEST	ChatTranscript	ChatTranscript	1632763308541	1632763308633	OK	 
GROUP	ChatTranscript	1632763308541	1632763308633	92	OK
REQUEST	GetStarUIMemberDetail	GetStarUIMemberDetail	1632763308084	1632763308782	OK	 
GROUP	GetStarUIMemberDetail	1632763308084	1632763308782	698	OK
REQUEST	GetStarNote	GetStarNote	1632763308898	1632763309378	OK	 
GROUP	GetStarNote	1632763308897	1632763309378	480	OK
REQUEST	GetEpisodeOfCare	GetEpisodeOfCare	1632763308493	1632763309525	OK	 
GROUP	GetEpisodeOfCare	1632763308493	1632763309526	1032	OK
REQUEST	GetStarNote	GetStarNote	1632763309397	1632763309658	OK	 
GROUP	GetStarNote	1632763309396	1632763309658	261	OK
REQUEST	GetStarUIMemberDetail	GetStarUIMemberDetail	1632763308393	1632763309729	OK	 
GROUP	GetStarUIMemberDetail	1632763308392	1632763309729	1336	OK
REQUEST	GetStarUIMemberDetail	GetStarUIMemberDetail	1632763308477	1632763309803	OK	 
GROUP	GetStarUIMemberDetail	1632763308477	1632763309803	1326	OK
REQUEST	GetStarUIMemberDetail	GetStarUIMemberDetail	1632763308479	1632763309827	OK	 
GROUP	GetStarUIMemberDetail	1632763308479	1632763309827	1348	OK
REQUEST	ChatTranscript	ChatTranscript	1632763309784	1632763309864	OK	 
GROUP	ChatTranscript	1632763309783	1632763309864	80	OK
REQUEST	GetStarNote	GetStarNote	1632763309638	1632763309895	OK	 
GROUP	GetStarNote	1632763309637	1632763309895	257	OK
REQUEST	GetEpisodeOfCare	GetEpisodeOfCare	1632763308781	1632763309933	OK	 
GROUP	GetEpisodeOfCare	1632763308781	1632763309933	1152	OK
REQUEST	GetStarUIMemberList	GetStarUIMemberList	1632763308984	1632763310539	OK	 
GROUP	GetStarUIMemberList	1632763308983	1632763310540	1555	OK
REQUEST	ChatTranscript	ChatTranscript	1632763310734	1632763310838	OK	 
GROUP	ChatTranscript	1632763310734	1632763310838	104	OK
REQUEST	GetEpisodeOfCare	GetEpisodeOfCare	1632763310384	1632763311233	OK	 
GROUP	GetEpisodeOfCare	1632763310383	1632763311233	849	OK
REQUEST	ChatTranscript	ChatTranscript	1632763310810	1632763311347	OK	 
GROUP	ChatTranscript	1632763310809	1632763311348	537	OK
REQUEST	ChatTranscript	ChatTranscript	1632763310828	1632763311522	OK	 
GROUP	ChatTranscript	1632763310828	1632763311522	694	OK
REQUEST	GetStarNote	GetStarNote	1632763310869	1632763311855	OK	 
GROUP	GetStarNote	1632763310868	1632763311855	986	OK
REQUEST	GetEpisodeOfCare	GetEpisodeOfCare	1632763310901	1632763311934	OK	 
GROUP	GetEpisodeOfCare	1632763310900	1632763311934	1033	OK
REQUEST	GetStarUIMemberList	GetStarUIMemberList	1632763310530	1632763312009	OK	 
GROUP	GetStarUIMemberList	1632763310529	1632763312009	1479	OK
REQUEST	GetStarNote	GetStarNote	1632763311844	1632763312073	OK	 
GROUP	GetStarNote	1632763311844	1632763312074	229	OK
REQUEST	GetEpisodeOfCare	GetEpisodeOfCare	1632763310664	1632763312173	OK	 
GROUP	GetEpisodeOfCare	1632763310663	1632763312174	1509	OK
REQUEST	GetStarUIMemberList	GetStarUIMemberList	1632763310939	1632763312306	OK	 
GROUP	GetStarUIMemberList	1632763310939	1632763312306	1367	OK
REQUEST	GetStarUIMemberDetail	GetStarUIMemberDetail	1632763311543	1632763312340	OK	 
GROUP	GetStarUIMemberDetail	1632763311543	1632763312341	797	OK
REQUEST	GetStarNote	GetStarNote	1632763312354	1632763312535	OK	 
GROUP	GetStarNote	1632763312354	1632763312535	181	OK
REQUEST	GetStarNote	GetStarNote	1632763312527	1632763312679	OK	 
GROUP	GetStarNote	1632763312526	1632763312680	152	OK
REQUEST	GetStarUIMemberList	GetStarUIMemberList	1632763312234	1632763313145	OK	 
GROUP	GetStarUIMemberList	1632763312234	1632763313145	911	OK
REQUEST	ChatTranscript	ChatTranscript	1632763313342	1632763313419	OK	 
GROUP	ChatTranscript	1632763313341	1632763313419	77	OK
REQUEST	GetEpisodeOfCare	GetEpisodeOfCare	1632763312862	1632763313658	OK	 
GROUP	GetEpisodeOfCare	1632763312861	1632763313658	796	OK
REQUEST	GetStarUIMemberDetail	GetStarUIMemberDetail	1632763313014	1632763314189	OK	 
GROUP	GetStarUIMemberDetail	1632763313013	1632763314189	1175	OK
REQUEST	GetStarUIMemberDetail	GetStarUIMemberDetail	1632763313308	1632763314373	OK	 
GROUP	GetStarUIMemberDetail	1632763313308	1632763314374	1065	OK
REQUEST	GetEpisodeOfCare	GetEpisodeOfCare	1632763313077	1632763314634	OK	 
GROUP	GetEpisodeOfCare	1632763313077	1632763314634	1557	OK
REQUEST	GetEpisodeOfCare	GetEpisodeOfCare	1632763313683	1632763314681	OK	 
GROUP	GetEpisodeOfCare	1632763313683	1632763314681	998	OK
REQUEST	GetStarNote	GetStarNote	1632763314421	1632763314804	OK	 
GROUP	GetStarNote	1632763314421	1632763314804	383	OK
REQUEST	GetEpisodeOfCare	GetEpisodeOfCare	1632763313542	1632763314928	OK	 
GROUP	GetEpisodeOfCare	1632763313541	1632763314928	1386	OK
REQUEST	GetStarUIMemberDetail	GetStarUIMemberDetail	1632763314152	1632763314981	OK	 
GROUP	GetStarUIMemberDetail	1632763314152	1632763314981	829	OK
REQUEST	GetStarUIMemberList	GetStarUIMemberList	1632763312935	1632763315197	OK	 
GROUP	GetStarUIMemberList	1632763312935	1632763315197	2262	OK
REQUEST	ChatTranscript	ChatTranscript	1632763315194	1632763315280	OK	 
GROUP	ChatTranscript	1632763315194	1632763315281	86	OK
REQUEST	GetStarUIMemberList	GetStarUIMemberList	1632763313175	1632763315351	OK	 
GROUP	GetStarUIMemberList	1632763313175	1632763315351	2176	OK
REQUEST	ChatTranscript	ChatTranscript	1632763315380	1632763315464	OK	 
GROUP	ChatTranscript	1632763315379	1632763315464	84	OK
REQUEST	GetStarUIMemberList	GetStarUIMemberList	1632763314664	1632763315605	OK	 
GROUP	GetStarUIMemberList	1632763314663	1632763315605	941	OK
REQUEST	ChatTranscript	ChatTranscript	1632763315984	1632763316314	OK	 
GROUP	ChatTranscript	1632763315984	1632763316314	330	OK
REQUEST	GetStarNote	GetStarNote	1632763316285	1632763316708	OK	 
GROUP	GetStarNote	1632763316285	1632763316708	423	OK
REQUEST	GetEpisodeOfCare	GetEpisodeOfCare	1632763315811	1632763316758	OK	 
GROUP	GetEpisodeOfCare	1632763315810	1632763316758	947	OK
REQUEST	GetStarNote	GetStarNote	1632763316467	1632763317164	OK	 
GROUP	GetStarNote	1632763316467	1632763317164	697	OK
REQUEST	GetStarUIMemberDetail	GetStarUIMemberDetail	1632763316198	1632763317425	OK	 
GROUP	GetStarUIMemberDetail	1632763316197	1632763317425	1227	OK
REQUEST	GetStarUIMemberDetail	GetStarUIMemberDetail	1632763316608	1632763317432	OK	 
GROUP	GetStarUIMemberDetail	1632763316608	1632763317432	824	OK
REQUEST	GetStarUIMemberDetail	GetStarUIMemberDetail	1632763316357	1632763317443	OK	 
GROUP	GetStarUIMemberDetail	1632763316356	1632763317444	1086	OK
REQUEST	GetStarUIMemberList	GetStarUIMemberList	1632763315636	1632763317489	OK	 
GROUP	GetStarUIMemberList	1632763315635	1632763317489	1853	OK
REQUEST	GetStarUIMemberList	GetStarUIMemberList	1632763315683	1632763317489	OK	 
GROUP	GetStarUIMemberList	1632763315683	1632763317489	1806	OK
REQUEST	GetStarUIMemberList	GetStarUIMemberList	1632763315929	1632763317793	OK	 
GROUP	GetStarUIMemberList	1632763315928	1632763317793	1864	OK
REQUEST	GetStarNote	GetStarNote	1632763317320	1632763317801	OK	 
GROUP	GetStarNote	1632763317320	1632763317801	481	OK
REQUEST	GetEpisodeOfCare	GetEpisodeOfCare	1632763317713	1632763318255	OK	 
GROUP	GetEpisodeOfCare	1632763317713	1632763318255	542	OK
REQUEST	ChatTranscript	ChatTranscript	1632763318429	1632763318503	OK	 
GROUP	ChatTranscript	1632763318429	1632763318503	74	OK
REQUEST	ChatTranscript	ChatTranscript	1632763318438	1632763318522	OK	 
GROUP	ChatTranscript	1632763318437	1632763318522	84	OK
REQUEST	ChatTranscript	ChatTranscript	1632763318449	1632763318538	OK	 
GROUP	ChatTranscript	1632763318449	1632763318538	89	OK
REQUEST	GetEpisodeOfCare	GetEpisodeOfCare	1632763318170	1632763318638	OK	 
GROUP	GetEpisodeOfCare	1632763318170	1632763318638	468	OK
REQUEST	GetStarUIMemberDetail	GetStarUIMemberDetail	1632763318495	1632763319211	OK	 
GROUP	GetStarUIMemberDetail	1632763318495	1632763319211	716	OK
REQUEST	GetStarUIMemberDetail	GetStarUIMemberDetail	1632763318495	1632763319222	OK	 
GROUP	GetStarUIMemberDetail	1632763318495	1632763319222	727	OK
REQUEST	GetStarUIMemberList	GetStarUIMemberList	1632763317764	1632763319268	OK	 
GROUP	GetStarUIMemberList	1632763317763	1632763319268	1504	OK
REQUEST	GetStarUIMemberDetail	GetStarUIMemberDetail	1632763318798	1632763319627	OK	 
GROUP	GetStarUIMemberDetail	1632763318798	1632763319627	829	OK
REQUEST	GetStarNote	GetStarNote	1632763319529	1632763319710	OK	 
REQUEST	GetStarNote	GetStarNote	1632763319544	1632763319710	OK	 
GROUP	GetStarNote	1632763319529	1632763319711	181	OK
GROUP	GetStarNote	1632763319544	1632763319711	166	OK
REQUEST	GetStarNote	GetStarNote	1632763319504	1632763319714	OK	 
GROUP	GetStarNote	1632763319504	1632763319715	210	OK
REQUEST	ChatTranscript	ChatTranscript	1632763320214	1632763320298	OK	 
GROUP	ChatTranscript	1632763320213	1632763320298	84	OK
REQUEST	ChatTranscript	ChatTranscript	1632763320224	1632763320306	OK	 
GROUP	ChatTranscript	1632763320223	1632763320307	82	OK
REQUEST	GetStarUIMemberList	GetStarUIMemberList	1632763319261	1632763320335	OK	 
GROUP	GetStarUIMemberList	1632763319261	1632763320335	1074	OK
REQUEST	ChatTranscript	ChatTranscript	1632763320633	1632763320717	OK	 
GROUP	ChatTranscript	1632763320633	1632763320717	84	OK
REQUEST	GetStarUIMemberDetail	GetStarUIMemberDetail	1632763320270	1632763320737	OK	 
GROUP	GetStarUIMemberDetail	1632763320269	1632763320738	467	OK
REQUEST	GetStarUIMemberList	GetStarUIMemberList	1632763319641	1632763320764	OK	 
GROUP	GetStarUIMemberList	1632763319641	1632763320764	1123	OK
REQUEST	GetEpisodeOfCare	GetEpisodeOfCare	1632763318802	1632763320887	OK	 
GROUP	GetEpisodeOfCare	1632763318802	1632763320888	2085	OK
REQUEST	GetEpisodeOfCare	GetEpisodeOfCare	1632763320713	1632763321315	OK	 
GROUP	GetEpisodeOfCare	1632763320712	1632763321315	602	OK
REQUEST	GetEpisodeOfCare	GetEpisodeOfCare	1632763320713	1632763321454	OK	 
GROUP	GetEpisodeOfCare	1632763320712	1632763321454	741	OK
REQUEST	GetEpisodeOfCare	GetEpisodeOfCare	1632763320718	1632763321492	OK	 
GROUP	GetEpisodeOfCare	1632763320717	1632763321492	774	OK
REQUEST	GetStarNote	GetStarNote	1632763321311	1632763321559	OK	 
GROUP	GetStarNote	1632763321311	1632763321559	248	OK
REQUEST	GetStarNote	GetStarNote	1632763321303	1632763321569	OK	 
GROUP	GetStarNote	1632763321302	1632763321569	266	OK
REQUEST	ChatTranscript	ChatTranscript	1632763321743	1632763321823	OK	 
GROUP	ChatTranscript	1632763321743	1632763321823	80	OK
REQUEST	GetStarUIMemberDetail	GetStarUIMemberDetail	1632763321341	1632763321850	OK	 
GROUP	GetStarUIMemberDetail	1632763321340	1632763321851	509	OK
REQUEST	GetStarNote	GetStarNote	1632763321723	1632763321905	OK	 
GROUP	GetStarNote	1632763321722	1632763321905	182	OK
REQUEST	GetStarUIMemberDetail	GetStarUIMemberDetail	1632763321765	1632763322280	OK	 
GROUP	GetStarUIMemberDetail	1632763321765	1632763322280	515	OK
REQUEST	ChatTranscript	ChatTranscript	1632763322854	1632763322928	OK	 
GROUP	ChatTranscript	1632763322854	1632763322928	74	OK
REQUEST	GetStarUIMemberList	GetStarUIMemberList	1632763321893	1632763323008	OK	 
GROUP	GetStarUIMemberList	1632763321893	1632763323009	1115	OK
REQUEST	GetStarNote	GetStarNote	1632763322824	1632763323120	OK	 
GROUP	GetStarNote	1632763322824	1632763323121	296	OK
REQUEST	ChatTranscript	ChatTranscript	1632763323283	1632763323360	OK	 
GROUP	ChatTranscript	1632763323283	1632763323360	77	OK
REQUEST	GetEpisodeOfCare	GetEpisodeOfCare	1632763322566	1632763323717	OK	 
GROUP	GetEpisodeOfCare	1632763322565	1632763323717	1151	OK
REQUEST	GetEpisodeOfCare	GetEpisodeOfCare	1632763322570	1632763323921	OK	 
GROUP	GetEpisodeOfCare	1632763322569	1632763323921	1351	OK
REQUEST	GetEpisodeOfCare	GetEpisodeOfCare	1632763322909	1632763324034	OK	 
GROUP	GetEpisodeOfCare	1632763322909	1632763324034	1125	OK
REQUEST	GetStarNote	GetStarNote	1632763323935	1632763324232	OK	 
GROUP	GetStarNote	1632763323935	1632763324232	297	OK
REQUEST	GetStarUIMemberDetail	GetStarUIMemberDetail	1632763324014	1632763324498	OK	 
GROUP	GetStarUIMemberDetail	1632763324014	1632763324499	484	OK
REQUEST	GetStarUIMemberList	GetStarUIMemberList	1632763322320	1632763324565	OK	 
GROUP	GetStarUIMemberList	1632763322319	1632763324566	2245	OK
REQUEST	GetStarUIMemberList	GetStarUIMemberList	1632763322455	1632763324592	OK	 
GROUP	GetStarUIMemberList	1632763322455	1632763324592	2137	OK
REQUEST	GetStarUIMemberList	GetStarUIMemberList	1632763322494	1632763324599	OK	 
GROUP	GetStarUIMemberList	1632763322494	1632763324599	2105	OK
REQUEST	GetStarNote	GetStarNote	1632763324366	1632763324606	OK	 
GROUP	GetStarNote	1632763324366	1632763324606	240	OK
REQUEST	GetEpisodeOfCare	GetEpisodeOfCare	1632763324123	1632763324641	OK	 
GROUP	GetEpisodeOfCare	1632763324123	1632763324641	518	OK
REQUEST	ChatTranscript	ChatTranscript	1632763325503	1632763325579	OK	 
GROUP	ChatTranscript	1632763325503	1632763325579	76	OK
REQUEST	GetStarUIMemberList	GetStarUIMemberList	1632763324720	1632763326197	OK	 
GROUP	GetStarUIMemberList	1632763324719	1632763326197	1477	OK
REQUEST	GetStarUIMemberList	GetStarUIMemberList	1632763325036	1632763326471	OK	 
GROUP	GetStarUIMemberList	1632763325035	1632763326472	1435	OK
REQUEST	GetStarUIMemberDetail	GetStarUIMemberDetail	1632763325570	1632763326730	OK	 
GROUP	GetStarUIMemberDetail	1632763325569	1632763326731	1160	OK
REQUEST	GetEpisodeOfCare	GetEpisodeOfCare	1632763325607	1632763326780	OK	 
GROUP	GetEpisodeOfCare	1632763325607	1632763326780	1173	OK
REQUEST	GetStarUIMemberList	GetStarUIMemberList	1632763324922	1632763326841	OK	 
GROUP	GetStarUIMemberList	1632763324921	1632763326841	1919	OK
REQUEST	GetEpisodeOfCare	GetEpisodeOfCare	1632763325236	1632763326860	OK	 
GROUP	GetEpisodeOfCare	1632763325236	1632763326860	1624	OK
REQUEST	GetStarUIMemberDetail	GetStarUIMemberDetail	1632763325605	1632763326883	OK	 
GROUP	GetStarUIMemberDetail	1632763325605	1632763326883	1278	OK
REQUEST	GetStarUIMemberDetail	GetStarUIMemberDetail	1632763325595	1632763326921	OK	 
REQUEST	GetStarNote	GetStarNote	1632763326584	1632763326921	OK	 
GROUP	GetStarNote	1632763326583	1632763326921	337	OK
GROUP	GetStarUIMemberDetail	1632763325595	1632763326921	1326	OK
REQUEST	GetStarUIMemberList	GetStarUIMemberList	1632763325643	1632763327281	OK	 
GROUP	GetStarUIMemberList	1632763325642	1632763327282	1638	OK
REQUEST	GetStarUIMemberDetail	GetStarUIMemberDetail	1632763327203	1632763327811	OK	 
GROUP	GetStarUIMemberDetail	1632763327203	1632763327811	608	OK
REQUEST	ChatTranscript	ChatTranscript	1632763327735	1632763327877	OK	 
GROUP	ChatTranscript	1632763327734	1632763327877	142	OK
REQUEST	ChatTranscript	ChatTranscript	1632763327885	1632763327960	OK	 
GROUP	ChatTranscript	1632763327885	1632763327961	75	OK
REQUEST	ChatTranscript	ChatTranscript	1632763327922	1632763328002	OK	 
GROUP	ChatTranscript	1632763327921	1632763328002	80	OK
REQUEST	GetStarUIMemberDetail	GetStarUIMemberDetail	1632763327473	1632763328148	OK	 
GROUP	GetStarUIMemberDetail	1632763327473	1632763328149	675	OK
REQUEST	GetStarUIMemberDetail	GetStarUIMemberDetail	1632763327844	1632763328707	OK	 
GROUP	GetStarUIMemberDetail	1632763327844	1632763328707	863	OK
REQUEST	ChatTranscript	ChatTranscript	1632763328812	1632763328891	OK	 
GROUP	ChatTranscript	1632763328812	1632763328892	79	OK
REQUEST	GetEpisodeOfCare	GetEpisodeOfCare	1632763327922	1632763328932	OK	 
GROUP	GetEpisodeOfCare	1632763327922	1632763328932	1010	OK
REQUEST	GetStarUIMemberDetail	GetStarUIMemberDetail	1632763328287	1632763329099	OK	 
GROUP	GetStarUIMemberDetail	1632763328287	1632763329099	812	OK
REQUEST	GetStarNote	GetStarNote	1632763328882	1632763329183	OK	 
GROUP	GetStarNote	1632763328882	1632763329183	301	OK
REQUEST	ChatTranscript	ChatTranscript	1632763329154	1632763329291	OK	 
GROUP	ChatTranscript	1632763329153	1632763329291	137	OK
REQUEST	GetStarNote	GetStarNote	1632763328964	1632763329294	OK	 
GROUP	GetStarNote	1632763328963	1632763329295	330	OK
REQUEST	GetStarNote	GetStarNote	1632763329007	1632763329446	OK	 
GROUP	GetStarNote	1632763329006	1632763329447	439	OK
REQUEST	GetStarUIMemberList	GetStarUIMemberList	1632763327785	1632763329574	OK	 
GROUP	GetStarUIMemberList	1632763327785	1632763329575	1789	OK
REQUEST	GetStarUIMemberList	GetStarUIMemberList	1632763327865	1632763329647	OK	 
GROUP	GetStarUIMemberList	1632763327864	1632763329647	1782	OK
REQUEST	ChatTranscript	ChatTranscript	1632763329709	1632763329791	OK	 
GROUP	ChatTranscript	1632763329708	1632763329791	82	OK
REQUEST	GetStarNote	GetStarNote	1632763329895	1632763330178	OK	 
GROUP	GetStarNote	1632763329894	1632763330179	283	OK
REQUEST	ChatTranscript	ChatTranscript	1632763330104	1632763330209	OK	 
GROUP	ChatTranscript	1632763330104	1632763330210	105	OK
REQUEST	GetStarNote	GetStarNote	1632763330294	1632763330555	OK	 
GROUP	GetStarNote	1632763330294	1632763330556	261	OK
REQUEST	GetStarNote	GetStarNote	1632763330795	1632763331227	OK	 
GROUP	GetStarNote	1632763330794	1632763331227	432	OK
REQUEST	GetEpisodeOfCare	GetEpisodeOfCare	1632763330189	1632763331264	OK	 
GROUP	GetEpisodeOfCare	1632763330189	1632763331264	1075	OK
REQUEST	GetStarUIMemberDetail	GetStarUIMemberDetail	1632763330581	1632763331328	OK	 
GROUP	GetStarUIMemberDetail	1632763330581	1632763331328	747	OK
REQUEST	GetEpisodeOfCare	GetEpisodeOfCare	1632763330299	1632763331499	OK	 
GROUP	GetEpisodeOfCare	1632763330298	1632763331500	1200	OK
REQUEST	GetStarNote	GetStarNote	1632763331214	1632763331563	OK	 
GROUP	GetStarNote	1632763331214	1632763331563	349	OK
REQUEST	GetEpisodeOfCare	GetEpisodeOfCare	1632763330452	1632763331567	OK	 
GROUP	GetEpisodeOfCare	1632763330452	1632763331567	1115	OK
REQUEST	GetStarUIMemberDetail	GetStarUIMemberDetail	1632763330653	1632763331610	OK	 
GROUP	GetStarUIMemberDetail	1632763330653	1632763331611	957	OK
REQUEST	GetStarUIMemberList	GetStarUIMemberList	1632763329936	1632763331890	OK	 
GROUP	GetStarUIMemberList	1632763329936	1632763331891	1954	OK
REQUEST	GetEpisodeOfCare	GetEpisodeOfCare	1632763331559	1632763332048	OK	 
GROUP	GetEpisodeOfCare	1632763331558	1632763332049	489	OK
REQUEST	GetEpisodeOfCare	GetEpisodeOfCare	1632763331185	1632763332400	OK	 
GROUP	GetEpisodeOfCare	1632763331184	1632763332400	1215	OK
REQUEST	ChatTranscript	ChatTranscript	1632763332332	1632763332433	OK	 
GROUP	ChatTranscript	1632763332331	1632763332433	101	OK
REQUEST	ChatTranscript	ChatTranscript	1632763332612	1632763332731	OK	 
GROUP	ChatTranscript	1632763332611	1632763332731	119	OK
REQUEST	GetEpisodeOfCare	GetEpisodeOfCare	1632763332229	1632763332927	OK	 
GROUP	GetEpisodeOfCare	1632763332229	1632763332928	698	OK
REQUEST	GetEpisodeOfCare	GetEpisodeOfCare	1632763332565	1632763333596	OK	 
GROUP	GetEpisodeOfCare	1632763332565	1632763333596	1031	OK
REQUEST	GetStarUIMemberDetail	GetStarUIMemberDetail	1632763332894	1632763333708	OK	 
GROUP	GetStarUIMemberDetail	1632763332893	1632763333709	814	OK
REQUEST	GetStarNote	GetStarNote	1632763333435	1632763333814	OK	 
GROUP	GetStarNote	1632763333435	1632763333814	379	OK
REQUEST	GetStarNote	GetStarNote	1632763333738	1632763334075	OK	 
GROUP	GetStarNote	1632763333737	1632763334075	337	OK
REQUEST	GetStarUIMemberList	GetStarUIMemberList	1632763332267	1632763334111	OK	 
GROUP	GetStarUIMemberList	1632763332266	1632763334111	1844	OK
REQUEST	GetStarUIMemberList	GetStarUIMemberList	1632763332569	1632763334989	OK	 
GROUP	GetStarUIMemberList	1632763332568	1632763334989	2420	OK
REQUEST	GetEpisodeOfCare	GetEpisodeOfCare	1632763334820	1632763335294	OK	 
GROUP	GetEpisodeOfCare	1632763334819	1632763335294	474	OK
REQUEST	GetStarUIMemberList	GetStarUIMemberList	1632763333406	1632763335437	OK	 
REQUEST	GetStarUIMemberList	GetStarUIMemberList	1632763333052	1632763335437	OK	 
GROUP	GetStarUIMemberList	1632763333051	1632763335437	2385	OK
GROUP	GetStarUIMemberList	1632763333405	1632763335437	2031	OK
REQUEST	ChatTranscript	ChatTranscript	1632763334714	1632763335486	OK	 
GROUP	ChatTranscript	1632763334714	1632763335486	772	OK
REQUEST	GetStarUIMemberList	GetStarUIMemberList	1632763332501	1632763335512	OK	 
GROUP	GetStarUIMemberList	1632763332500	1632763335512	3011	OK
REQUEST	GetStarUIMemberList	GetStarUIMemberList	1632763333932	1632763335531	OK	 
GROUP	GetStarUIMemberList	1632763333932	1632763335532	1599	OK
REQUEST	GetEpisodeOfCare	GetEpisodeOfCare	1632763335082	1632763335823	OK	 
GROUP	GetEpisodeOfCare	1632763335082	1632763335823	741	OK
REQUEST	GetStarUIMemberDetail	GetStarUIMemberDetail	1632763335115	1632763335916	OK	 
GROUP	GetStarUIMemberDetail	1632763335115	1632763335916	801	OK
REQUEST	GetStarUIMemberList	GetStarUIMemberList	1632763334597	1632763336339	OK	 
GROUP	GetStarUIMemberList	1632763334597	1632763336339	1742	OK
REQUEST	GetStarUIMemberDetail	GetStarUIMemberDetail	1632763335991	1632763336466	OK	 
GROUP	GetStarUIMemberDetail	1632763335991	1632763336467	475	OK
REQUEST	GetStarNote	GetStarNote	1632763336491	1632763337066	OK	 
GROUP	GetStarNote	1632763336491	1632763337066	575	OK
REQUEST	ChatTranscript	ChatTranscript	1632763336916	1632763337209	OK	 
GROUP	ChatTranscript	1632763336916	1632763337210	293	OK
REQUEST	GetStarUIMemberDetail	GetStarUIMemberDetail	1632763336443	1632763337482	OK	 
GROUP	GetStarUIMemberDetail	1632763336442	1632763337482	1039	OK
REQUEST	GetStarUIMemberDetail	GetStarUIMemberDetail	1632763336443	1632763337578	OK	 
GROUP	GetStarUIMemberDetail	1632763336442	1632763337578	1135	OK
REQUEST	GetStarUIMemberDetail	GetStarUIMemberDetail	1632763336513	1632763337619	OK	 
GROUP	GetStarUIMemberDetail	1632763336513	1632763337619	1106	OK
REQUEST	ChatTranscript	ChatTranscript	1632763337468	1632763337745	OK	 
GROUP	ChatTranscript	1632763337468	1632763337745	277	OK
REQUEST	GetStarUIMemberDetail	GetStarUIMemberDetail	1632763336537	1632763337755	OK	 
GROUP	GetStarUIMemberDetail	1632763336537	1632763337755	1218	OK
REQUEST	GetStarUIMemberDetail	GetStarUIMemberDetail	1632763337344	1632763338125	OK	 
GROUP	GetStarUIMemberDetail	1632763337344	1632763338125	781	OK
REQUEST	GetStarUIMemberList	GetStarUIMemberList	1632763336300	1632763338346	OK	 
GROUP	GetStarUIMemberList	1632763336300	1632763338346	2046	OK
REQUEST	GetStarNote	GetStarNote	1632763338214	1632763338417	OK	 
GROUP	GetStarNote	1632763338213	1632763338417	203	OK
REQUEST	GetStarUIMemberList	GetStarUIMemberList	1632763336825	1632763338506	OK	 
GROUP	GetStarUIMemberList	1632763336824	1632763338506	1681	OK
REQUEST	GetEpisodeOfCare	GetEpisodeOfCare	1632763338067	1632763338584	OK	 
GROUP	GetEpisodeOfCare	1632763338067	1632763338584	517	OK
REQUEST	ChatTranscript	ChatTranscript	1632763338486	1632763338791	OK	 
GROUP	ChatTranscript	1632763338486	1632763338791	305	OK
REQUEST	ChatTranscript	ChatTranscript	1632763338582	1632763338898	OK	 
GROUP	ChatTranscript	1632763338582	1632763338898	316	OK
REQUEST	ChatTranscript	ChatTranscript	1632763338625	1632763338910	OK	 
GROUP	ChatTranscript	1632763338624	1632763338910	285	OK
REQUEST	GetStarNote	GetStarNote	1632763338750	1632763338915	OK	 
GROUP	GetStarNote	1632763338750	1632763338915	165	OK
REQUEST	ChatTranscript	ChatTranscript	1632763338761	1632763339041	OK	 
GROUP	ChatTranscript	1632763338760	1632763339041	280	OK
REQUEST	ChatTranscript	ChatTranscript	1632763339131	1632763339224	OK	 
GROUP	ChatTranscript	1632763339131	1632763339224	93	OK
REQUEST	GetStarNote	GetStarNote	1632763339798	1632763340207	OK	 
GROUP	GetStarNote	1632763339797	1632763340207	409	OK
REQUEST	GetStarNote	GetStarNote	1632763339916	1632763340315	OK	 
GROUP	GetStarNote	1632763339916	1632763340315	399	OK
REQUEST	GetEpisodeOfCare	GetEpisodeOfCare	1632763339418	1632763340320	OK	 
GROUP	GetEpisodeOfCare	1632763339417	1632763340320	902	OK
REQUEST	GetStarUIMemberDetail	GetStarUIMemberDetail	1632763339349	1632763340381	OK	 
GROUP	GetStarUIMemberDetail	1632763339349	1632763340381	1032	OK
REQUEST	GetStarNote	GetStarNote	1632763340043	1632763340384	OK	 
GROUP	GetStarNote	1632763340043	1632763340385	341	OK
REQUEST	GetStarNote	GetStarNote	1632763339904	1632763340385	OK	 
GROUP	GetStarNote	1632763339903	1632763340385	481	OK
REQUEST	GetStarUIMemberDetail	GetStarUIMemberDetail	1632763339510	1632763340557	OK	 
GROUP	GetStarUIMemberDetail	1632763339510	1632763340557	1047	OK
REQUEST	GetStarNote	GetStarNote	1632763340231	1632763340561	OK	 
GROUP	GetStarNote	1632763340230	1632763340561	330	OK
REQUEST	GetEpisodeOfCare	GetEpisodeOfCare	1632763339920	1632763340713	OK	 
GROUP	GetEpisodeOfCare	1632763339919	1632763340714	793	OK
REQUEST	GetStarUIMemberList	GetStarUIMemberList	1632763339589	1632763341081	OK	 
GROUP	GetStarUIMemberList	1632763339589	1632763341081	1492	OK
REQUEST	GetEpisodeOfCare	GetEpisodeOfCare	1632763341209	1632763342186	OK	 
GROUP	GetEpisodeOfCare	1632763341209	1632763342186	977	OK
REQUEST	ChatTranscript	ChatTranscript	1632763341563	1632763342190	OK	 
GROUP	ChatTranscript	1632763341563	1632763342190	627	OK
REQUEST	ChatTranscript	ChatTranscript	1632763341384	1632763342200	OK	 
GROUP	ChatTranscript	1632763341384	1632763342200	816	OK
REQUEST	GetStarNote	GetStarNote	1632763343192	1632763343456	OK	 
GROUP	GetStarNote	1632763343192	1632763343456	264	OK
REQUEST	GetStarNote	GetStarNote	1632763343205	1632763343561	OK	 
GROUP	GetStarNote	1632763343204	1632763343561	356	OK
REQUEST	GetEpisodeOfCare	GetEpisodeOfCare	1632763341386	1632763343729	OK	 
GROUP	GetEpisodeOfCare	1632763341386	1632763343729	2343	OK
REQUEST	GetEpisodeOfCare	GetEpisodeOfCare	1632763341320	1632763343770	OK	 
GROUP	GetEpisodeOfCare	1632763341320	1632763343770	2450	OK
REQUEST	GetStarUIMemberDetail	GetStarUIMemberDetail	1632763342085	1632763343793	OK	 
GROUP	GetStarUIMemberDetail	1632763342084	1632763343794	1708	OK
REQUEST	GetEpisodeOfCare	GetEpisodeOfCare	1632763341386	1632763343808	OK	 
GROUP	GetEpisodeOfCare	1632763341386	1632763343808	2422	OK
REQUEST	GetEpisodeOfCare	GetEpisodeOfCare	1632763341564	1632763343866	OK	 
GROUP	GetEpisodeOfCare	1632763341564	1632763343866	2302	OK
REQUEST	GetStarUIMemberList	GetStarUIMemberList	1632763341323	1632763344102	OK	 
GROUP	GetStarUIMemberList	1632763341323	1632763344102	2779	OK
REQUEST	GetStarUIMemberList	GetStarUIMemberList	1632763341719	1632763344319	OK	 
GROUP	GetStarUIMemberList	1632763341719	1632763344319	2600	OK
REQUEST	GetStarUIMemberList	GetStarUIMemberList	1632763343192	1632763344663	OK	 
GROUP	GetStarUIMemberList	1632763343191	1632763344663	1471	OK
REQUEST	ChatTranscript	ChatTranscript	1632763344795	1632763344882	OK	 
GROUP	ChatTranscript	1632763344795	1632763344882	87	OK
REQUEST	GetEpisodeOfCare	GetEpisodeOfCare	1632763344462	1632763345085	OK	 
GROUP	GetEpisodeOfCare	1632763344462	1632763345085	623	OK
REQUEST	GetEpisodeOfCare	GetEpisodeOfCare	1632763344562	1632763345448	OK	 
GROUP	GetEpisodeOfCare	1632763344562	1632763345449	886	OK
REQUEST	GetStarNote	GetStarNote	1632763345885	1632763346307	OK	 
GROUP	GetStarNote	1632763345884	1632763346307	422	OK
REQUEST	GetStarUIMemberDetail	GetStarUIMemberDetail	1632763345108	1632763346510	OK	 
GROUP	GetStarUIMemberDetail	1632763345107	1632763346510	1402	OK
REQUEST	GetStarUIMemberDetail	GetStarUIMemberDetail	1632763345322	1632763346656	OK	 
GROUP	GetStarUIMemberDetail	1632763345321	1632763346657	1334	OK
REQUEST	GetStarUIMemberDetail	GetStarUIMemberDetail	1632763345665	1632763346879	OK	 
GROUP	GetStarUIMemberDetail	1632763345664	1632763346879	1214	OK
REQUEST	GetStarUIMemberList	GetStarUIMemberList	1632763344733	1632763347664	OK	 
GROUP	GetStarUIMemberList	1632763344733	1632763347665	2931	OK
REQUEST	GetStarUIMemberList	GetStarUIMemberList	1632763344812	1632763347731	OK	 
GROUP	GetStarUIMemberList	1632763344812	1632763347732	2919	OK
REQUEST	GetStarUIMemberList	GetStarUIMemberList	1632763344773	1632763347732	OK	 
GROUP	GetStarUIMemberList	1632763344773	1632763347732	2959	OK
REQUEST	GetStarUIMemberList	GetStarUIMemberList	1632763344869	1632763347734	OK	 
GROUP	GetStarUIMemberList	1632763344869	1632763347734	2865	OK
REQUEST	ChatTranscript	ChatTranscript	1632763347513	1632763347782	OK	 
GROUP	ChatTranscript	1632763347513	1632763347782	269	OK
REQUEST	ChatTranscript	ChatTranscript	1632763347657	1632763347794	OK	 
GROUP	ChatTranscript	1632763347657	1632763347794	137	OK
REQUEST	GetStarUIMemberList	GetStarUIMemberList	1632763346086	1632763347861	OK	 
GROUP	GetStarUIMemberList	1632763346086	1632763347861	1775	OK
REQUEST	GetStarUIMemberList	GetStarUIMemberList	1632763346453	1632763347938	OK	 
GROUP	GetStarUIMemberList	1632763346453	1632763347938	1485	OK
REQUEST	ChatTranscript	ChatTranscript	1632763347881	1632763347959	OK	 
GROUP	ChatTranscript	1632763347881	1632763347959	78	OK
REQUEST	GetEpisodeOfCare	GetEpisodeOfCare	1632763347308	1632763348091	OK	 
GROUP	GetEpisodeOfCare	1632763347307	1632763348091	783	OK
USER	Users_1	END	1632763348787
USER	Users_1	END	1632763348965
REQUEST	GetStarNote	GetStarNote	1632763348799	1632763349164	OK	 
GROUP	GetStarNote	1632763348798	1632763349164	365	OK
REQUEST	GetStarUIMemberDetail	GetStarUIMemberDetail	1632763348668	1632763349828	OK	 
GROUP	GetStarUIMemberDetail	1632763348667	1632763349828	1160	OK
REQUEST	GetStarUIMemberDetail	GetStarUIMemberDetail	1632763348734	1632763350135	OK	 
GROUP	GetStarUIMemberDetail	1632763348734	1632763350135	1401	OK
REQUEST	GetStarUIMemberDetail	GetStarUIMemberDetail	1632763348734	1632763350216	OK	 
GROUP	GetStarUIMemberDetail	1632763348734	1632763350217	1482	OK
REQUEST	GetStarUIMemberDetail	GetStarUIMemberDetail	1632763348735	1632763350282	OK	 
GROUP	GetStarUIMemberDetail	1632763348734	1632763350283	1547	OK
REQUEST	GetStarUIMemberDetail	GetStarUIMemberDetail	1632763348865	1632763350313	OK	 
GROUP	GetStarUIMemberDetail	1632763348865	1632763350313	1448	OK
REQUEST	GetStarUIMemberDetail	GetStarUIMemberDetail	1632763348944	1632763350542	OK	 
GROUP	GetStarUIMemberDetail	1632763348943	1632763350542	1598	OK
REQUEST	GetEpisodeOfCare	GetEpisodeOfCare	1632763350170	1632763350751	OK	 
GROUP	GetEpisodeOfCare	1632763350170	1632763350751	581	OK
REQUEST	GetStarUIMemberList	GetStarUIMemberList	1632763349095	1632763350815	OK	 
GROUP	GetStarUIMemberList	1632763349094	1632763350815	1720	OK
REQUEST	ChatTranscript	ChatTranscript	1632763350834	1632763350913	OK	 
GROUP	ChatTranscript	1632763350834	1632763350913	79	OK
REQUEST	ChatTranscript	ChatTranscript	1632763351142	1632763351229	OK	 
GROUP	ChatTranscript	1632763351141	1632763351229	87	OK
REQUEST	ChatTranscript	ChatTranscript	1632763351220	1632763351302	OK	 
GROUP	ChatTranscript	1632763351220	1632763351302	82	OK
REQUEST	ChatTranscript	ChatTranscript	1632763351283	1632763351397	OK	 
GROUP	ChatTranscript	1632763351283	1632763351397	114	OK
REQUEST	ChatTranscript	ChatTranscript	1632763351319	1632763351444	OK	 
GROUP	ChatTranscript	1632763351319	1632763351444	125	OK
REQUEST	ChatTranscript	ChatTranscript	1632763351544	1632763351635	OK	 
GROUP	ChatTranscript	1632763351543	1632763351635	91	OK
REQUEST	GetStarNote	GetStarNote	1632763351916	1632763352189	OK	 
GROUP	GetStarNote	1632763351916	1632763352189	273	OK
REQUEST	GetStarUIMemberDetail	GetStarUIMemberDetail	1632763351818	1632763352371	OK	 
GROUP	GetStarUIMemberDetail	1632763351818	1632763352371	553	OK
USER	Users_1	END	1632763352404
REQUEST	GetStarNote	GetStarNote	1632763352235	1632763352492	OK	 
GROUP	GetStarNote	1632763352234	1632763352492	257	OK
REQUEST	GetStarNote	GetStarNote	1632763352303	1632763352493	OK	 
GROUP	GetStarNote	1632763352303	1632763352493	190	OK
USER	Users_1	END	1632763352641
REQUEST	GetStarNote	GetStarNote	1632763352450	1632763352748	OK	 
GROUP	GetStarNote	1632763352449	1632763352748	298	OK
REQUEST	GetStarUIMemberList	GetStarUIMemberList	1632763351757	1632763352992	OK	 
GROUP	GetStarUIMemberList	1632763351756	1632763352992	1235	OK
REQUEST	ChatTranscript	ChatTranscript	1632763353376	1632763353463	OK	 
GROUP	ChatTranscript	1632763353376	1632763353463	87	OK
REQUEST	GetEpisodeOfCare	GetEpisodeOfCare	1632763353195	1632763353808	OK	 
GROUP	GetEpisodeOfCare	1632763353194	1632763353809	613	OK
REQUEST	GetEpisodeOfCare	GetEpisodeOfCare	1632763353498	1632763354182	OK	 
GROUP	GetEpisodeOfCare	1632763353498	1632763354182	684	OK
REQUEST	GetEpisodeOfCare	GetEpisodeOfCare	1632763353498	1632763354356	OK	 
GROUP	GetEpisodeOfCare	1632763353497	1632763354356	858	OK
REQUEST	GetEpisodeOfCare	GetEpisodeOfCare	1632763353750	1632763354404	OK	 
GROUP	GetEpisodeOfCare	1632763353749	1632763354404	654	OK
REQUEST	GetStarNote	GetStarNote	1632763354469	1632763354633	OK	 
GROUP	GetStarNote	1632763354469	1632763354633	164	OK
REQUEST	GetStarUIMemberDetail	GetStarUIMemberDetail	1632763353999	1632763354652	OK	 
GROUP	GetStarUIMemberDetail	1632763353998	1632763354653	653	OK
REQUEST	ChatTranscript	ChatTranscript	1632763355654	1632763355734	OK	 
GROUP	ChatTranscript	1632763355653	1632763355734	80	OK
REQUEST	GetStarUIMemberList	GetStarUIMemberList	1632763354811	1632763356132	OK	 
GROUP	GetStarUIMemberList	1632763354810	1632763356132	1321	OK
REQUEST	GetEpisodeOfCare	GetEpisodeOfCare	1632763355634	1632763356379	OK	 
GROUP	GetEpisodeOfCare	1632763355633	1632763356379	745	OK
USER	Users_1	END	1632763356740
REQUEST	GetStarUIMemberList	GetStarUIMemberList	1632763355184	1632763356812	OK	 
GROUP	GetStarUIMemberList	1632763355184	1632763356812	1628	OK
REQUEST	GetStarUIMemberList	GetStarUIMemberList	1632763355361	1632763356887	OK	 
GROUP	GetStarUIMemberList	1632763355361	1632763356887	1526	OK
REQUEST	GetStarUIMemberList	GetStarUIMemberList	1632763355409	1632763357019	OK	 
GROUP	GetStarUIMemberList	1632763355409	1632763357019	1610	OK
REQUEST	GetStarUIMemberDetail	GetStarUIMemberDetail	1632763357138	1632763357603	OK	 
GROUP	GetStarUIMemberDetail	1632763357137	1632763357604	465	OK
REQUEST	GetStarUIMemberDetail	GetStarUIMemberDetail	1632763357815	1632763358620	OK	 
GROUP	GetStarUIMemberDetail	1632763357815	1632763358620	805	OK
REQUEST	GetStarUIMemberDetail	GetStarUIMemberDetail	1632763357888	1632763358621	OK	 
GROUP	GetStarUIMemberDetail	1632763357888	1632763358622	733	OK
REQUEST	GetStarUIMemberList	GetStarUIMemberList	1632763357384	1632763358683	OK	 
GROUP	GetStarUIMemberList	1632763357384	1632763358683	1299	OK
REQUEST	ChatTranscript	ChatTranscript	1632763358609	1632763358692	OK	 
GROUP	ChatTranscript	1632763358609	1632763358692	83	OK
REQUEST	GetStarUIMemberDetail	GetStarUIMemberDetail	1632763358022	1632763358716	OK	 
GROUP	GetStarUIMemberDetail	1632763358021	1632763358717	694	OK
USER	Users_1	END	1632763359697
REQUEST	ChatTranscript	ChatTranscript	1632763359627	1632763359713	OK	 
GROUP	ChatTranscript	1632763359627	1632763359713	86	OK
REQUEST	ChatTranscript	ChatTranscript	1632763359624	1632763359717	OK	 
GROUP	ChatTranscript	1632763359624	1632763359718	93	OK
REQUEST	ChatTranscript	ChatTranscript	1632763359719	1632763359799	OK	 
GROUP	ChatTranscript	1632763359719	1632763359799	80	OK
REQUEST	GetStarUIMemberDetail	GetStarUIMemberDetail	1632763359684	1632763360272	OK	 
GROUP	GetStarUIMemberDetail	1632763359684	1632763360273	588	OK
USER	Users_1	END	1632763360719
USER	Users_1	END	1632763360724
USER	Users_1	END	1632763360803
REQUEST	ChatTranscript	ChatTranscript	1632763361274	1632763361372	OK	 
GROUP	ChatTranscript	1632763361274	1632763361373	98	OK
USER	Users_1	END	1632763362379
