RUN	JJ.Framework.JJSim	jjsim	1622764855584	JJ.Framework.JJSim-SIMULATION_1_0:SIMULATION_2_0:SIMULATION_3_1:SIMULATION_4_:Iterations_600	3.5.1
USER	Users_3	START	1622764857011
REQUEST	LName,LN	LName_Smith_WI	1622764857029	1622764868849	OK	 
GROUP	LName,LN	1622764857016	1622764868881	11820	OK
GROUP	LName	1622764857014	1622764870762	11820	OK
REQUEST	LName,LN	LName_Smith_WI	1622764870765	1622764877537	OK	 
GROUP	LName,LN	1622764870763	1622764877540	6772	OK
GROUP	LName	1622764870762	1622764879472	6772	OK
REQUEST	LName,LN	LName_Smith_WI	1622764879473	1622764885758	OK	 
GROUP	LName,LN	1622764879472	1622764885759	6285	OK
GROUP	LName	1622764879472	1622764887311	6285	OK
REQUEST	LName,LN	LName_Smith_WI	1622764887312	1622764893016	OK	 
GROUP	LName,LN	1622764887311	1622764893017	5704	OK
GROUP	LName	1622764887311	1622764894410	5704	OK
REQUEST	LName,LN	LName_Smith_WI	1622764894411	1622764899617	OK	 
GROUP	LName,LN	1622764894410	1622764899618	5206	OK
GROUP	LName	1622764894410	1622764901354	5206	OK
REQUEST	LName,LN	LName_Smith_WI	1622764901355	1622764906620	OK	 
GROUP	LName,LN	1622764901354	1622764906622	5265	OK
GROUP	LName	1622764901354	1622764908524	5265	OK
REQUEST	LName,LN	LName_Smith_WI	1622764908524	1622764913421	OK	 
GROUP	LName,LN	1622764908524	1622764913422	4897	OK
GROUP	LName	1622764908524	1622764914778	4897	OK
REQUEST	LName,LN	LName_Smith_WI	1622764914778	1622764919798	OK	 
GROUP	LName,LN	1622764914778	1622764919801	5020	OK
GROUP	LName	1622764914778	1622764921296	5020	OK
REQUEST	LName,LN	LName_Smith_WI	1622764921297	1622764931265	OK	 
GROUP	LName,LN	1622764921296	1622764931267	9968	OK
GROUP	LName	1622764921296	1622764932549	9968	OK
REQUEST	LName,LN	LName_Smith_WI	1622764932550	1622764937233	OK	 
GROUP	LName,LN	1622764932549	1622764937235	4683	OK
GROUP	LName	1622764932549	1622764939141	4683	OK
REQUEST	LName,LN	LName_Smith_WI	1622764939142	1622764945807	OK	 
GROUP	LName,LN	1622764939142	1622764945809	6665	OK
GROUP	LName	1622764939141	1622764947137	6665	OK
REQUEST	LName,LN	LName_Smith_WI	1622764947137	1622764952709	OK	 
GROUP	LName,LN	1622764947137	1622764952711	5572	OK
GROUP	LName	1622764947137	1622764954535	5572	OK
REQUEST	LName,LN	LName_Smith_WI	1622764954536	1622764959970	OK	 
GROUP	LName,LN	1622764954535	1622764959972	5434	OK
GROUP	LName	1622764954535	1622764960978	5434	OK
REQUEST	LName,LN	LName_Smith_WI	1622764960979	1622764967974	OK	 
GROUP	LName,LN	1622764960979	1622764967977	6995	OK
GROUP	LName	1622764960979	1622764969104	6995	OK
REQUEST	LName,LN	LName_Smith_WI	1622764969105	1622764976406	OK	 
GROUP	LName,LN	1622764969105	1622764976411	7301	OK
GROUP	LName	1622764969104	1622764978037	7301	OK
REQUEST	LName,LN	LName_Smith_WI	1622764978039	1622764985651	OK	 
GROUP	LName,LN	1622764978038	1622764985653	7612	OK
GROUP	LName	1622764978038	1622764987387	7612	OK
REQUEST	LName,LN	LName_Smith_WI	1622764987388	1622764997679	OK	 
GROUP	LName,LN	1622764987387	1622764997681	10291	OK
GROUP	LName	1622764987387	1622764999397	10291	OK
REQUEST	LName,LN	LName_Smith_WI	1622764999398	1622765005142	OK	 
GROUP	LName,LN	1622764999397	1622765005144	5744	OK
GROUP	LName	1622764999397	1622765006239	5744	OK
REQUEST	LName,LN	LName_Smith_WI	1622765006241	1622765011405	OK	 
GROUP	LName,LN	1622765006240	1622765011407	5164	OK
GROUP	LName	1622765006240	1622765012660	5164	OK
REQUEST	LName,LN	LName_Smith_WI	1622765012661	1622765017885	OK	 
GROUP	LName,LN	1622765012660	1622765017888	5224	OK
GROUP	LName	1622765012660	1622765019474	5224	OK
REQUEST	LName,LN	LName_Smith_WI	1622765019475	1622765025340	OK	 
GROUP	LName,LN	1622765019475	1622765025342	5865	OK
GROUP	LName	1622765019474	1622765026398	5865	OK
REQUEST	LName,LN	LName_Smith_WI	1622765026399	1622765031021	OK	 
GROUP	LName,LN	1622765026399	1622765031023	4622	OK
GROUP	LName	1622765026399	1622765032030	4622	OK
REQUEST	LName,LN	LName_Smith_WI	1622765032032	1622765036866	OK	 
GROUP	LName,LN	1622765032031	1622765036868	4834	OK
GROUP	LName	1622765032030	1622765038382	4834	OK
REQUEST	LName,LN	LName_Smith_WI	1622765038384	1622765043757	OK	 
GROUP	LName,LN	1622765038383	1622765043759	5373	OK
GROUP	LName	1622765038382	1622765045236	5373	OK
REQUEST	LName,LN	LName_Smith_WI	1622765045238	1622765049959	OK	 
GROUP	LName,LN	1622765045237	1622765049963	4721	OK
GROUP	LName	1622765045236	1622765051221	4721	OK
REQUEST	LName,LN	LName_Smith_WI	1622765051222	1622765057605	OK	 
GROUP	LName,LN	1622765051221	1622765057607	6383	OK
GROUP	LName	1622765051221	1622765059551	6383	OK
REQUEST	LName,LN	LName_Smith_WI	1622765059552	1622765065013	OK	 
GROUP	LName,LN	1622765059552	1622765065015	5461	OK
GROUP	LName	1622765059551	1622765066212	5461	OK
REQUEST	LName,LN	LName_Smith_WI	1622765066212	1622765072185	OK	 
GROUP	LName,LN	1622765066212	1622765072186	5973	OK
GROUP	LName	1622765066212	1622765073279	5973	OK
REQUEST	LName,LN	LName_Smith_WI	1622765073281	1622765079623	OK	 
GROUP	LName,LN	1622765073280	1622765079625	6342	OK
GROUP	LName	1622765073280	1622765080687	6342	OK
REQUEST	LName,LN	LName_Smith_WI	1622765080688	1622765087511	OK	 
GROUP	LName,LN	1622765080688	1622765087514	6823	OK
GROUP	LName	1622765080687	1622765089346	6823	OK
REQUEST	LName,LN	LName_Smith_WI	1622765089348	1622765096100	OK	 
GROUP	LName,LN	1622765089347	1622765096101	6752	OK
GROUP	LName	1622765089347	1622765097138	6752	OK
REQUEST	LName,LN	LName_Smith_WI	1622765097139	1622765107688	OK	 
GROUP	LName,LN	1622765097138	1622765107690	10549	OK
GROUP	LName	1622765097138	1622765108699	10549	OK
REQUEST	LName,LN	LName_Smith_WI	1622765108700	1622765117046	OK	 
GROUP	LName,LN	1622765108699	1622765117048	8346	OK
GROUP	LName	1622765108699	1622765118182	8346	OK
REQUEST	LName,LN	LName_Smith_WI	1622765118183	1622765125326	OK	 
GROUP	LName,LN	1622765118182	1622765125327	7143	OK
GROUP	LName	1622765118182	1622765126667	7143	OK
REQUEST	LName,LN	LName_Smith_WI	1622765126669	1622765133289	OK	 
GROUP	LName,LN	1622765126668	1622765133292	6620	OK
GROUP	LName	1622765126668	1622765134700	6620	OK
REQUEST	LName,LN	LName_Smith_WI	1622765134701	1622765145693	OK	 
GROUP	LName,LN	1622765134700	1622765145695	10992	OK
GROUP	LName	1622765134700	1622765147048	10992	OK
REQUEST	LName,LN	LName_Smith_WI	1622765147049	1622765154969	OK	 
GROUP	LName,LN	1622765147049	1622765154971	7920	OK
GROUP	LName	1622765147049	1622765156974	7920	OK
REQUEST	LName,LN	LName_Smith_WI	1622765156975	1622765163007	OK	 
GROUP	LName,LN	1622765156975	1622765163008	6032	OK
GROUP	LName	1622765156974	1622765164100	6032	OK
REQUEST	LName,LN	LName_Smith_WI	1622765164101	1622765172040	OK	 
GROUP	LName,LN	1622765164101	1622765172041	7939	OK
GROUP	LName	1622765164100	1622765173402	7939	OK
REQUEST	LName,LN	LName_Smith_WI	1622765173403	1622765180040	OK	 
GROUP	LName,LN	1622765173402	1622765180042	6637	OK
GROUP	LName	1622765173402	1622765181190	6637	OK
REQUEST	LName,LN	LName_Smith_WI	1622765181191	1622765187294	OK	 
GROUP	LName,LN	1622765181191	1622765187296	6103	OK
GROUP	LName	1622765181190	1622765189126	6103	OK
REQUEST	LName,LN	LName_Smith_WI	1622765189128	1622765195459	OK	 
GROUP	LName,LN	1622765189127	1622765195461	6331	OK
GROUP	LName	1622765189127	1622765196827	6331	OK
REQUEST	LName,LN	LName_Smith_WI	1622765196829	1622765203687	OK	 
GROUP	LName,LN	1622765196828	1622765203689	6858	OK
GROUP	LName	1622765196827	1622765204850	6858	OK
REQUEST	LName,LN	LName_Smith_WI	1622765204851	1622765210494	OK	 
GROUP	LName,LN	1622765204851	1622765210496	5643	OK
GROUP	LName	1622765204851	1622765211734	5643	OK
REQUEST	LName,LN	LName_Smith_WI	1622765211735	1622765216983	OK	 
GROUP	LName,LN	1622765211734	1622765216986	5248	OK
GROUP	LName	1622765211734	1622765218460	5248	OK
REQUEST	LName,LN	LName_Smith_WI	1622765218462	1622765223864	OK	 
GROUP	LName,LN	1622765218461	1622765223866	5402	OK
GROUP	LName	1622765218460	1622765225194	5402	OK
REQUEST	LName,LN	LName_Smith_WI	1622765225195	1622765231045	OK	 
GROUP	LName,LN	1622765225194	1622765231047	5850	OK
GROUP	LName	1622765225194	1622765232821	5850	OK
REQUEST	LName,LN	LName_Smith_WI	1622765232823	1622765238163	OK	 
GROUP	LName,LN	1622765232822	1622765238165	5340	OK
GROUP	LName	1622765232822	1622765239412	5340	OK
REQUEST	LName,LN	LName_Smith_WI	1622765239413	1622765247503	OK	 
GROUP	LName,LN	1622765239412	1622765247505	8090	OK
GROUP	LName	1622765239412	1622765248578	8090	OK
REQUEST	LName,LN	LName_Smith_WI	1622765248580	1622765254865	OK	 
GROUP	LName,LN	1622765248579	1622765254868	6285	OK
GROUP	LName	1622765248578	1622765256392	6285	OK
REQUEST	LName,LN	LName_Smith_WI	1622765256393	1622765262063	OK	 
GROUP	LName,LN	1622765256393	1622765262065	5670	OK
GROUP	LName	1622765256392	1622765263889	5670	OK
REQUEST	LName,LN	LName_Smith_WI	1622765263891	1622765270894	OK	 
GROUP	LName,LN	1622765263890	1622765270896	7003	OK
GROUP	LName	1622765263890	1622765272582	7003	OK
REQUEST	LName,LN	LName_Smith_WI	1622765272583	1622765279004	OK	 
GROUP	LName,LN	1622765272582	1622765279005	6421	OK
GROUP	LName	1622765272582	1622765280516	6421	OK
REQUEST	LName,LN	LName_Smith_WI	1622765280517	1622765289436	OK	 
GROUP	LName,LN	1622765280517	1622765289437	8919	OK
GROUP	LName	1622765280516	1622765290951	8919	OK
REQUEST	LName,LN	LName_Smith_WI	1622765290951	1622765296858	OK	 
GROUP	LName,LN	1622765290951	1622765296861	5907	OK
GROUP	LName	1622765290951	1622765298069	5907	OK
REQUEST	LName,LN	LName_Smith_WI	1622765298070	1622765303978	OK	 
GROUP	LName,LN	1622765298069	1622765303980	5908	OK
GROUP	LName	1622765298069	1622765305174	5908	OK
REQUEST	LName,LN	LName_Smith_WI	1622765305175	1622765312634	OK	 
GROUP	LName,LN	1622765305174	1622765312636	7459	OK
GROUP	LName	1622765305174	1622765314424	7459	OK
REQUEST	LName,LN	LName_Smith_WI	1622765314425	1622765320050	OK	 
GROUP	LName,LN	1622765314424	1622765320051	5625	OK
GROUP	LName	1622765314424	1622765321118	5625	OK
REQUEST	LName,LN	LName_Smith_WI	1622765321118	1622765327708	OK	 
GROUP	LName,LN	1622765321118	1622765327710	6590	OK
GROUP	LName	1622765321118	1622765328735	6590	OK
REQUEST	LName,LN	LName_Smith_WI	1622765328737	1622765334375	OK	 
GROUP	LName,LN	1622765328736	1622765334378	5638	OK
GROUP	LName	1622765328736	1622765335866	5638	OK
REQUEST	LName,LN	LName_Smith_WI	1622765335867	1622765340990	OK	 
GROUP	LName,LN	1622765335866	1622765340992	5123	OK
GROUP	LName	1622765335866	1622765341999	5123	OK
REQUEST	LName,LN	LName_Smith_WI	1622765342000	1622765347146	OK	 
GROUP	LName,LN	1622765342000	1622765347147	5146	OK
GROUP	LName	1622765341999	1622765348617	5146	OK
REQUEST	LName,LN	LName_Smith_WI	1622765348618	1622765355120	OK	 
GROUP	LName,LN	1622765348618	1622765355121	6502	OK
GROUP	LName	1622765348617	1622765356974	6502	OK
REQUEST	LName,LN	LName_Smith_WI	1622765356975	1622765363416	OK	 
GROUP	LName,LN	1622765356975	1622765363417	6441	OK
GROUP	LName	1622765356974	1622765365341	6441	OK
REQUEST	LName,LN	LName_Smith_WI	1622765365342	1622765370627	OK	 
GROUP	LName,LN	1622765365341	1622765370630	5285	OK
GROUP	LName	1622765365341	1622765371774	5285	OK
REQUEST	LName,LN	LName_Smith_WI	1622765371775	1622765377279	OK	 
GROUP	LName,LN	1622765371775	1622765377281	5504	OK
GROUP	LName	1622765371774	1622765378918	5504	OK
REQUEST	LName,LN	LName_Smith_WI	1622765378919	1622765383944	OK	 
GROUP	LName,LN	1622765378918	1622765383945	5025	OK
GROUP	LName	1622765378918	1622765385812	5025	OK
REQUEST	LName,LN	LName_Smith_WI	1622765385813	1622765392297	OK	 
GROUP	LName,LN	1622765385812	1622765392298	6484	OK
GROUP	LName	1622765385812	1622765394172	6484	OK
REQUEST	LName,LN	LName_Smith_WI	1622765394172	1622765405302	OK	 
GROUP	LName,LN	1622765394172	1622765405303	11130	OK
GROUP	LName	1622765394172	1622765406317	11130	OK
REQUEST	LName,LN	LName_Smith_WI	1622765406318	1622765412377	OK	 
GROUP	LName,LN	1622765406317	1622765412381	6059	OK
GROUP	LName	1622765406317	1622765414263	6059	OK
REQUEST	LName,LN	LName_Smith_WI	1622765414265	1622765427933	OK	 
GROUP	LName,LN	1622765414264	1622765427935	13668	OK
GROUP	LName	1622765414264	1622765429102	13668	OK
REQUEST	LName,LN	LName_Smith_WI	1622765429103	1622765435140	OK	 
GROUP	LName,LN	1622765429103	1622765435141	6037	OK
GROUP	LName	1622765429102	1622765436618	6037	OK
REQUEST	LName,LN	LName_Smith_WI	1622765436619	1622765442974	OK	 
GROUP	LName,LN	1622765436619	1622765442975	6355	OK
GROUP	LName	1622765436618	1622765444287	6355	OK
REQUEST	LName,LN	LName_Smith_WI	1622765444288	1622765455664	OK	 
GROUP	LName,LN	1622765444287	1622765455665	11376	OK
GROUP	LName	1622765444287	1622765457292	11376	OK
REQUEST	LName,LN	LName_Smith_WI	1622765457293	1622765463557	OK	 
GROUP	LName,LN	1622765457292	1622765463560	6264	OK
GROUP	LName	1622765457292	1622765465224	6264	OK
REQUEST	LName,LN	LName_Smith_WI	1622765465225	1622765471282	OK	 
GROUP	LName,LN	1622765465224	1622765471283	6057	OK
GROUP	LName	1622765465224	1622765472413	6057	OK
REQUEST	LName,LN	LName_Smith_WI	1622765472414	1622765482177	OK	 
GROUP	LName,LN	1622765472414	1622765482178	9763	OK
GROUP	LName	1622765472414	1622765484112	9763	OK
REQUEST	LName,LN	LName_Smith_WI	1622765484113	1622765493787	OK	 
GROUP	LName,LN	1622765484112	1622765493789	9674	OK
GROUP	LName	1622765484112	1622765494960	9674	OK
REQUEST	LName,LN	LName_Smith_WI	1622765494961	1622765507944	OK	 
GROUP	LName,LN	1622765494960	1622765507946	12983	OK
GROUP	LName	1622765494960	1622765509152	12983	OK
REQUEST	LName,LN	LName_Smith_WI	1622765509153	1622765516188	OK	 
GROUP	LName,LN	1622765509152	1622765516190	7035	OK
GROUP	LName	1622765509152	1622765517742	7035	OK
REQUEST	LName,LN	LName_Smith_WI	1622765517743	1622765525935	KO	j.n.ConnectException: Operation timed out
GROUP	LName,LN	1622765517742	1622765525937	8192	KO
GROUP	LName	1622765517742	1622765527345	8192	KO
REQUEST	LName,LN	LName_Smith_WI	1622765527347	1622765539690	OK	 
GROUP	LName,LN	1622765527346	1622765539691	12343	OK
GROUP	LName	1622765527346	1622765541091	12343	OK
REQUEST	LName,LN	LName_Smith_WI	1622765541092	1622765549509	OK	 
GROUP	LName,LN	1622765541092	1622765549511	8417	OK
GROUP	LName	1622765541091	1622765550909	8417	OK
REQUEST	LName,LN	LName_Smith_WI	1622765550910	1622765557155	OK	 
GROUP	LName,LN	1622765550909	1622765557156	6245	OK
GROUP	LName	1622765550909	1622765558670	6245	OK
REQUEST	LName,LN	LName_Smith_WI	1622765558671	1622765565400	OK	 
GROUP	LName,LN	1622765558671	1622765565402	6729	OK
GROUP	LName	1622765558670	1622765566442	6729	OK
REQUEST	LName,LN	LName_Smith_WI	1622765566443	1622765574378	OK	 
GROUP	LName,LN	1622765566443	1622765574380	7935	OK
GROUP	LName	1622765566442	1622765575875	7935	OK
REQUEST	LName,LN	LName_Smith_WI	1622765575877	1622765584234	OK	 
GROUP	LName,LN	1622765575876	1622765584236	8357	OK
GROUP	LName	1622765575876	1622765585409	8357	OK
REQUEST	LName,LN	LName_Smith_WI	1622765585410	1622765598823	OK	 
GROUP	LName,LN	1622765585409	1622765598824	13413	OK
GROUP	LName	1622765585409	1622765600423	13413	OK
REQUEST	LName,LN	LName_Smith_WI	1622765600424	1622765610707	OK	 
GROUP	LName,LN	1622765600424	1622765610709	10283	OK
GROUP	LName	1622765600424	1622765612076	10283	OK
REQUEST	LName,LN	LName_Smith_WI	1622765612077	1622765623307	OK	 
GROUP	LName,LN	1622765612076	1622765623308	11230	OK
GROUP	LName	1622765612076	1622765624824	11230	OK
REQUEST	LName,LN	LName_Smith_WI	1622765624825	1622765639286	OK	 
GROUP	LName,LN	1622765624824	1622765639288	14461	OK
GROUP	LName	1622765624824	1622765641242	14461	OK
REQUEST	LName,LN	LName_Smith_WI	1622765641244	1622765650342	OK	 
GROUP	LName,LN	1622765641243	1622765650343	9098	OK
GROUP	LName	1622765641243	1622765651450	9098	OK
REQUEST	LName,LN	LName_Smith_WI	1622765651452	1622765669054	OK	 
GROUP	LName,LN	1622765651451	1622765669056	17602	OK
GROUP	LName	1622765651451	1622765670465	17602	OK
REQUEST	LName,LN	LName_Smith_WI	1622765670466	1622765680514	OK	 
GROUP	LName,LN	1622765670465	1622765680515	10048	OK
GROUP	LName	1622765670465	1622765681802	10048	OK
REQUEST	LName,LN	LName_Smith_WI	1622765681803	1622765692518	OK	 
GROUP	LName,LN	1622765681802	1622765692519	10715	OK
GROUP	LName	1622765681802	1622765693768	10715	OK
REQUEST	LName,LN	LName_Smith_WI	1622765693769	1622765702105	OK	 
GROUP	LName,LN	1622765693769	1622765702107	8336	OK
GROUP	LName	1622765693769	1622765703468	8336	OK
REQUEST	LName,LN	LName_Smith_WI	1622765703469	1622765714118	OK	 
GROUP	LName,LN	1622765703468	1622765714119	10649	OK
GROUP	LName	1622765703468	1622765715826	10649	OK
REQUEST	LName,LN	LName_Smith_WI	1622765715827	1622765724043	OK	 
GROUP	LName,LN	1622765715827	1622765724044	8216	OK
GROUP	LName	1622765715827	1622765725928	8216	OK
REQUEST	LName,LN	LName_Smith_WI	1622765725929	1622765734194	OK	 
GROUP	LName,LN	1622765725929	1622765734196	8265	OK
GROUP	LName	1622765725928	1622765736099	8265	OK
REQUEST	LName,LN	LName_Smith_WI	1622765736100	1622765743705	OK	 
GROUP	LName,LN	1622765736099	1622765743706	7605	OK
GROUP	LName	1622765736099	1622765745271	7605	OK
REQUEST	LName,LN	LName_Smith_WI	1622765745272	1622765752359	OK	 
GROUP	LName,LN	1622765745272	1622765752362	7087	OK
GROUP	LName	1622765745271	1622765754253	7087	OK
REQUEST	LName,LN	LName_Smith_WI	1622765754254	1622765760398	OK	 
GROUP	LName,LN	1622765754253	1622765760399	6144	OK
GROUP	LName	1622765754253	1622765761438	6144	OK
REQUEST	LName,LN	LName_Smith_WI	1622765761439	1622765767012	OK	 
GROUP	LName,LN	1622765761438	1622765767014	5573	OK
GROUP	LName	1622765761438	1622765768649	5573	OK
REQUEST	LName,LN	LName_Smith_WI	1622765768650	1622765776053	OK	 
GROUP	LName,LN	1622765768650	1622765776055	7403	OK
GROUP	LName	1622765768649	1622765777138	7403	OK
REQUEST	LName,LN	LName_Smith_WI	1622765777139	1622765787480	OK	 
GROUP	LName,LN	1622765777139	1622765787482	10341	OK
GROUP	LName	1622765777138	1622765789152	10341	OK
REQUEST	LName,LN	LName_Smith_WI	1622765789153	1622765801335	OK	 
GROUP	LName,LN	1622765789153	1622765801337	12182	OK
GROUP	LName	1622765789152	1622765803086	12182	OK
REQUEST	LName,LN	LName_Smith_WI	1622765803087	1622765809187	OK	 
GROUP	LName,LN	1622765803086	1622765809188	6100	OK
GROUP	LName	1622765803086	1622765811057	6100	OK
REQUEST	LName,LN	LName_Smith_WI	1622765811059	1622765818722	OK	 
GROUP	LName,LN	1622765811058	1622765818724	7663	OK
GROUP	LName	1622765811058	1622765820452	7663	OK
REQUEST	LName,LN	LName_Smith_WI	1622765820453	1622765827708	OK	 
GROUP	LName,LN	1622765820453	1622765827709	7255	OK
GROUP	LName	1622765820453	1622765829177	7255	OK
REQUEST	LName,LN	LName_Smith_WI	1622765829178	1622765835682	OK	 
GROUP	LName,LN	1622765829177	1622765835683	6504	OK
GROUP	LName	1622765829177	1622765836803	6504	OK
REQUEST	LName,LN	LName_Smith_WI	1622765836804	1622765843825	OK	 
GROUP	LName,LN	1622765836803	1622765843827	7021	OK
GROUP	LName	1622765836803	1622765845630	7021	OK
REQUEST	LName,LN	LName_Smith_WI	1622765845631	1622765853157	OK	 
GROUP	LName,LN	1622765845630	1622765853158	7526	OK
GROUP	LName	1622765845630	1622765855087	7526	OK
REQUEST	LName,LN	LName_Smith_WI	1622765855088	1622765863897	KO	status.find.in(200,201,202,203,204,205,206,207,208,209,304), found 500
GROUP	LName,LN	1622765855087	1622765863899	8809	KO
GROUP	LName	1622765855087	1622765865063	8809	KO
REQUEST	LName,LN	LName_Smith_WI	1622765865064	1622765876787	OK	 
GROUP	LName,LN	1622765865063	1622765876788	11723	OK
GROUP	LName	1622765865063	1622765878454	11723	OK
REQUEST	LName,LN	LName_Smith_WI	1622765878454	1622765884424	OK	 
GROUP	LName,LN	1622765878454	1622765884425	5970	OK
GROUP	LName	1622765878454	1622765886377	5970	OK
REQUEST	LName,LN	LName_Smith_WI	1622765886378	1622765893128	OK	 
GROUP	LName,LN	1622765886378	1622765893132	6750	OK
GROUP	LName	1622765886377	1622765894902	6750	OK
REQUEST	LName,LN	LName_Smith_WI	1622765894903	1622765908049	OK	 
GROUP	LName,LN	1622765894903	1622765908051	13146	OK
GROUP	LName	1622765894902	1622765909894	13146	OK
REQUEST	LName,LN	LName_Smith_WI	1622765909895	1622765918118	OK	 
GROUP	LName,LN	1622765909894	1622765918119	8223	OK
GROUP	LName	1622765909894	1622765919736	8223	OK
REQUEST	LName,LN	LName_Smith_WI	1622765919737	1622765925897	OK	 
GROUP	LName,LN	1622765919736	1622765925898	6160	OK
GROUP	LName	1622765919736	1622765927803	6160	OK
REQUEST	LName,LN	LName_Smith_WI	1622765927804	1622765934295	OK	 
GROUP	LName,LN	1622765927803	1622765934298	6491	OK
GROUP	LName	1622765927803	1622765935751	6491	OK
REQUEST	LName,LN	LName_Smith_WI	1622765935752	1622765942493	OK	 
GROUP	LName,LN	1622765935751	1622765942495	6741	OK
GROUP	LName	1622765935751	1622765943736	6741	OK
REQUEST	LName,LN	LName_Smith_WI	1622765943737	1622765949247	OK	 
GROUP	LName,LN	1622765943736	1622765949248	5510	OK
GROUP	LName	1622765943736	1622765950578	5510	OK
REQUEST	LName,LN	LName_Smith_WI	1622765950579	1622765956311	OK	 
GROUP	LName,LN	1622765950578	1622765956313	5732	OK
GROUP	LName	1622765950578	1622765958282	5732	OK
REQUEST	LName,LN	LName_Smith_WI	1622765958283	1622765966192	OK	 
GROUP	LName,LN	1622765958282	1622765966194	7909	OK
GROUP	LName	1622765958282	1622765967712	7909	OK
REQUEST	LName,LN	LName_Smith_WI	1622765967713	1622765974359	OK	 
GROUP	LName,LN	1622765967712	1622765974360	6646	OK
GROUP	LName	1622765967712	1622765975610	6646	OK
REQUEST	LName,LN	LName_Smith_WI	1622765975611	1622765982311	OK	 
GROUP	LName,LN	1622765975611	1622765982312	6700	OK
GROUP	LName	1622765975610	1622765983481	6700	OK
REQUEST	LName,LN	LName_Smith_WI	1622765983482	1622765989133	OK	 
GROUP	LName,LN	1622765983482	1622765989134	5651	OK
GROUP	LName	1622765983481	1622765990685	5651	OK
REQUEST	LName,LN	LName_Smith_WI	1622765990687	1622765998745	OK	 
GROUP	LName,LN	1622765990686	1622765998748	8058	OK
GROUP	LName	1622765990686	1622766000235	8058	OK
REQUEST	LName,LN	LName_Smith_WI	1622766000236	1622766006426	OK	 
GROUP	LName,LN	1622766000235	1622766006428	6190	OK
GROUP	LName	1622766000235	1622766007584	6190	OK
REQUEST	LName,LN	LName_Smith_WI	1622766007585	1622766015846	OK	 
GROUP	LName,LN	1622766007585	1622766015847	8261	OK
GROUP	LName	1622766007584	1622766017579	8261	OK
REQUEST	LName,LN	LName_Smith_WI	1622766017580	1622766029784	OK	 
GROUP	LName,LN	1622766017579	1622766029786	12204	OK
GROUP	LName	1622766017579	1622766031374	12204	OK
REQUEST	LName,LN	LName_Smith_WI	1622766031375	1622766045921	OK	 
GROUP	LName,LN	1622766031375	1622766045924	14546	OK
GROUP	LName	1622766031375	1622766047756	14546	OK
REQUEST	LName,LN	LName_Smith_WI	1622766047757	1622766055023	OK	 
GROUP	LName,LN	1622766047756	1622766055025	7266	OK
GROUP	LName	1622766047756	1622766056983	7266	OK
REQUEST	LName,LN	LName_Smith_WI	1622766056984	1622766064357	OK	 
GROUP	LName,LN	1622766056984	1622766064359	7373	OK
GROUP	LName	1622766056983	1622766066155	7373	OK
REQUEST	LName,LN	LName_Smith_WI	1622766066156	1622766079623	OK	 
GROUP	LName,LN	1622766066155	1622766079624	13467	OK
GROUP	LName	1622766066155	1622766081603	13467	OK
REQUEST	LName,LN	LName_Smith_WI	1622766081604	1622766093388	OK	 
GROUP	LName,LN	1622766081603	1622766093391	11784	OK
GROUP	LName	1622766081603	1622766095021	11784	OK
REQUEST	LName,LN	LName_Smith_WI	1622766095022	1622766110440	OK	 
GROUP	LName,LN	1622766095022	1622766110441	15418	OK
GROUP	LName	1622766095021	1622766112081	15418	OK
REQUEST	LName,LN	LName_Smith_WI	1622766112082	1622766126104	OK	 
GROUP	LName,LN	1622766112081	1622766126106	14022	OK
GROUP	LName	1622766112081	1622766127251	14022	OK
REQUEST	LName,LN	LName_Smith_WI	1622766127251	1622766137090	OK	 
GROUP	LName,LN	1622766127251	1622766137092	9839	OK
GROUP	LName	1622766127251	1622766138961	9839	OK
REQUEST	LName,LN	LName_Smith_WI	1622766138962	1622766146696	OK	 
GROUP	LName,LN	1622766138961	1622766146699	7734	OK
GROUP	LName	1622766138961	1622766147979	7734	OK
REQUEST	LName,LN	LName_Smith_WI	1622766147980	1622766157462	OK	 
GROUP	LName,LN	1622766147979	1622766157463	9482	OK
GROUP	LName	1622766147979	1622766158984	9482	OK
REQUEST	LName,LN	LName_Smith_WI	1622766158985	1622766171241	OK	 
GROUP	LName,LN	1622766158985	1622766171242	12256	OK
GROUP	LName	1622766158984	1622766172658	12256	OK
REQUEST	LName,LN	LName_Smith_WI	1622766172660	1622766179641	OK	 
GROUP	LName,LN	1622766172659	1622766179642	6981	OK
GROUP	LName	1622766172659	1622766181332	6981	OK
REQUEST	LName,LN	LName_Smith_WI	1622766181332	1622766187181	OK	 
GROUP	LName,LN	1622766181332	1622766187184	5849	OK
GROUP	LName	1622766181332	1622766188896	5849	OK
REQUEST	LName,LN	LName_Smith_WI	1622766188897	1622766195625	OK	 
GROUP	LName,LN	1622766188897	1622766195627	6728	OK
GROUP	LName	1622766188896	1622766197607	6728	OK
REQUEST	LName,LN	LName_Smith_WI	1622766197608	1622766204267	OK	 
GROUP	LName,LN	1622766197607	1622766204269	6659	OK
GROUP	LName	1622766197607	1622766206040	6659	OK
REQUEST	LName,LN	LName_Smith_WI	1622766206041	1622766215377	OK	 
GROUP	LName,LN	1622766206041	1622766215378	9336	OK
GROUP	LName	1622766206040	1622766216544	9336	OK
REQUEST	LName,LN	LName_Smith_WI	1622766216544	1622766222569	OK	 
GROUP	LName,LN	1622766216544	1622766222571	6025	OK
GROUP	LName	1622766216544	1622766223724	6025	OK
REQUEST	LName,LN	LName_Smith_WI	1622766223725	1622766230901	OK	 
GROUP	LName,LN	1622766223725	1622766230903	7176	OK
GROUP	LName	1622766223724	1622766232329	7176	OK
REQUEST	LName,LN	LName_Smith_WI	1622766232330	1622766237613	OK	 
GROUP	LName,LN	1622766232329	1622766237615	5283	OK
GROUP	LName	1622766232329	1622766238919	5283	OK
REQUEST	LName,LN	LName_Smith_WI	1622766238920	1622766244167	OK	 
GROUP	LName,LN	1622766238919	1622766244169	5247	OK
GROUP	LName	1622766238919	1622766245260	5247	OK
REQUEST	LName,LN	LName_Smith_WI	1622766245261	1622766253408	OK	 
GROUP	LName,LN	1622766245260	1622766253410	8147	OK
GROUP	LName	1622766245260	1622766255185	8147	OK
REQUEST	LName,LN	LName_Smith_WI	1622766255186	1622766263058	OK	 
GROUP	LName,LN	1622766255185	1622766263059	7872	OK
GROUP	LName	1622766255185	1622766264597	7872	OK
REQUEST	LName,LN	LName_Smith_WI	1622766264598	1622766275387	OK	 
GROUP	LName,LN	1622766264598	1622766275388	10789	OK
GROUP	LName	1622766264597	1622766276927	10789	OK
REQUEST	LName,LN	LName_Smith_WI	1622766276928	1622766284614	OK	 
GROUP	LName,LN	1622766276927	1622766284615	7686	OK
GROUP	LName	1622766276927	1622766286309	7686	OK
REQUEST	LName,LN	LName_Smith_WI	1622766286310	1622766293634	OK	 
GROUP	LName,LN	1622766286309	1622766293637	7324	OK
GROUP	LName	1622766286309	1622766295552	7324	OK
REQUEST	LName,LN	LName_Smith_WI	1622766295553	1622766305636	OK	 
GROUP	LName,LN	1622766295552	1622766305638	10083	OK
GROUP	LName	1622766295552	1622766307168	10083	OK
REQUEST	LName,LN	LName_Smith_WI	1622766307168	1622766313350	OK	 
GROUP	LName,LN	1622766307168	1622766313351	6182	OK
GROUP	LName	1622766307168	1622766314453	6182	OK
REQUEST	LName,LN	LName_Smith_WI	1622766314454	1622766323784	OK	 
GROUP	LName,LN	1622766314454	1622766323786	9330	OK
GROUP	LName	1622766314453	1622766325540	9330	OK
REQUEST	LName,LN	LName_Smith_WI	1622766325541	1622766335433	OK	 
GROUP	LName,LN	1622766325540	1622766335435	9892	OK
GROUP	LName	1622766325540	1622766337085	9892	OK
REQUEST	LName,LN	LName_Smith_WI	1622766337086	1622766343835	OK	 
GROUP	LName,LN	1622766337086	1622766343836	6749	OK
GROUP	LName	1622766337085	1622766344947	6749	OK
REQUEST	LName,LN	LName_Smith_WI	1622766344948	1622766350892	OK	 
GROUP	LName,LN	1622766344947	1622766350893	5944	OK
GROUP	LName	1622766344947	1622766352868	5944	OK
REQUEST	LName,LN	LName_Smith_WI	1622766352868	1622766360202	OK	 
GROUP	LName,LN	1622766352868	1622766360203	7334	OK
GROUP	LName	1622766352868	1622766361658	7334	OK
REQUEST	LName,LN	LName_Smith_WI	1622766361659	1622766367181	OK	 
GROUP	LName,LN	1622766361658	1622766367184	5522	OK
GROUP	LName	1622766361658	1622766368702	5522	OK
REQUEST	LName,LN	LName_Smith_WI	1622766368702	1622766373462	OK	 
GROUP	LName,LN	1622766368702	1622766373464	4760	OK
GROUP	LName	1622766368702	1622766375301	4760	OK
REQUEST	LName,LN	LName_Smith_WI	1622766375301	1622766380191	OK	 
GROUP	LName,LN	1622766375301	1622766380192	4890	OK
GROUP	LName	1622766375301	1622766382103	4890	OK
REQUEST	LName,LN	LName_Smith_WI	1622766382104	1622766387249	OK	 
GROUP	LName,LN	1622766382103	1622766387250	5145	OK
GROUP	LName	1622766382103	1622766389040	5145	OK
REQUEST	LName,LN	LName_Smith_WI	1622766389041	1622766393761	OK	 
GROUP	LName,LN	1622766389040	1622766393763	4720	OK
GROUP	LName	1622766389040	1622766394916	4720	OK
REQUEST	LName,LN	LName_Smith_WI	1622766394917	1622766399233	OK	 
GROUP	LName,LN	1622766394916	1622766399235	4316	OK
GROUP	LName	1622766394916	1622766401140	4316	OK
REQUEST	LName,LN	LName_Smith_WI	1622766401141	1622766405645	OK	 
GROUP	LName,LN	1622766401140	1622766405647	4504	OK
GROUP	LName	1622766401140	1622766407113	4504	OK
REQUEST	LName,LN	LName_Smith_WI	1622766407114	1622766411942	OK	 
GROUP	LName,LN	1622766407113	1622766411944	4828	OK
GROUP	LName	1622766407113	1622766413705	4828	OK
REQUEST	LName,LN	LName_Smith_WI	1622766413706	1622766418341	OK	 
GROUP	LName,LN	1622766413706	1622766418343	4635	OK
GROUP	LName	1622766413705	1622766419937	4635	OK
REQUEST	LName,LN	LName_Smith_WI	1622766419938	1622766434289	OK	 
GROUP	LName,LN	1622766419938	1622766434290	14351	OK
GROUP	LName	1622766419938	1622766436137	14351	OK
REQUEST	LName,LN	LName_Smith_WI	1622766436138	1622766446086	OK	 
GROUP	LName,LN	1622766436138	1622766446087	9948	OK
GROUP	LName	1622766436137	1622766447871	9948	OK
REQUEST	LName,LN	LName_Smith_WI	1622766447872	1622766452587	OK	 
GROUP	LName,LN	1622766447871	1622766452588	4715	OK
GROUP	LName	1622766447871	1622766453994	4715	OK
REQUEST	LName,LN	LName_Smith_WI	1622766453995	1622766458524	OK	 
GROUP	LName,LN	1622766453994	1622766458526	4529	OK
GROUP	LName	1622766453994	1622766459710	4529	OK
REQUEST	LName,LN	LName_Smith_WI	1622766459711	1622766464610	OK	 
GROUP	LName,LN	1622766459711	1622766464611	4899	OK
GROUP	LName	1622766459710	1622766466071	4899	OK
REQUEST	LName,LN	LName_Smith_WI	1622766466072	1622766470834	OK	 
GROUP	LName,LN	1622766466072	1622766470835	4762	OK
GROUP	LName	1622766466072	1622766472009	4762	OK
REQUEST	LName,LN	LName_Smith_WI	1622766472010	1622766476470	OK	 
GROUP	LName,LN	1622766472010	1622766476472	4460	OK
GROUP	LName	1622766472009	1622766478075	4460	OK
REQUEST	LName,LN	LName_Smith_WI	1622766478076	1622766482782	OK	 
GROUP	LName,LN	1622766478075	1622766482784	4706	OK
GROUP	LName	1622766478075	1622766484260	4706	OK
REQUEST	LName,LN	LName_Smith_WI	1622766484261	1622766489042	OK	 
GROUP	LName,LN	1622766484260	1622766489043	4781	OK
GROUP	LName	1622766484260	1622766490788	4781	OK
REQUEST	LName,LN	LName_Smith_WI	1622766490789	1622766495374	OK	 
GROUP	LName,LN	1622766490789	1622766495375	4585	OK
GROUP	LName	1622766490789	1622766496554	4585	OK
REQUEST	LName,LN	LName_Smith_WI	1622766496555	1622766501910	OK	 
GROUP	LName,LN	1622766496554	1622766501911	5355	OK
GROUP	LName	1622766496554	1622766502989	5355	OK
REQUEST	LName,LN	LName_Smith_WI	1622766502990	1622766507524	OK	 
GROUP	LName,LN	1622766502989	1622766507527	4534	OK
GROUP	LName	1622766502989	1622766508771	4534	OK
REQUEST	LName,LN	LName_Smith_WI	1622766508772	1622766514670	OK	 
GROUP	LName,LN	1622766508771	1622766514671	5898	OK
GROUP	LName	1622766508771	1622766516073	5898	OK
REQUEST	LName,LN	LName_Smith_WI	1622766516074	1622766520989	OK	 
GROUP	LName,LN	1622766516074	1622766520990	4915	OK
GROUP	LName	1622766516073	1622766522216	4915	OK
REQUEST	LName,LN	LName_Smith_WI	1622766522217	1622766526887	OK	 
GROUP	LName,LN	1622766522217	1622766526888	4670	OK
GROUP	LName	1622766522216	1622766528635	4670	OK
REQUEST	LName,LN	LName_Smith_WI	1622766528636	1622766533534	OK	 
GROUP	LName,LN	1622766528636	1622766533536	4898	OK
GROUP	LName	1622766528635	1622766535070	4898	OK
REQUEST	LName,LN	LName_Smith_WI	1622766535070	1622766539591	OK	 
GROUP	LName,LN	1622766535070	1622766539592	4521	OK
GROUP	LName	1622766535070	1622766541332	4521	OK
REQUEST	LName,LN	LName_Smith_WI	1622766541333	1622766546410	OK	 
GROUP	LName,LN	1622766541333	1622766546412	5077	OK
GROUP	LName	1622766541332	1622766548114	5077	OK
REQUEST	LName,LN	LName_Smith_WI	1622766548115	1622766552647	OK	 
GROUP	LName,LN	1622766548114	1622766552648	4532	OK
GROUP	LName	1622766548114	1622766553851	4532	OK
REQUEST	LName,LN	LName_Smith_WI	1622766553852	1622766558939	OK	 
GROUP	LName,LN	1622766553851	1622766558942	5087	OK
GROUP	LName	1622766553851	1622766560169	5087	OK
REQUEST	LName,LN	LName_Smith_WI	1622766560170	1622766565076	OK	 
GROUP	LName,LN	1622766560170	1622766565077	4906	OK
GROUP	LName	1622766560169	1622766566115	4906	OK
REQUEST	LName,LN	LName_Smith_WI	1622766566116	1622766571496	OK	 
GROUP	LName,LN	1622766566115	1622766571497	5380	OK
GROUP	LName	1622766566115	1622766573395	5380	OK
REQUEST	LName,LN	LName_Smith_WI	1622766573395	1622766577747	OK	 
GROUP	LName,LN	1622766573395	1622766577748	4352	OK
GROUP	LName	1622766573395	1622766579008	4352	OK
REQUEST	LName,LN	LName_Smith_WI	1622766579009	1622766583507	OK	 
GROUP	LName,LN	1622766579009	1622766583510	4498	OK
GROUP	LName	1622766579009	1622766585094	4498	OK
REQUEST	LName,LN	LName_Smith_WI	1622766585095	1622766589455	OK	 
GROUP	LName,LN	1622766585094	1622766589457	4360	OK
GROUP	LName	1622766585094	1622766590821	4360	OK
REQUEST	LName,LN	LName_Smith_WI	1622766590822	1622766596057	OK	 
GROUP	LName,LN	1622766590822	1622766596058	5235	OK
GROUP	LName	1622766590821	1622766597211	5235	OK
REQUEST	LName,LN	LName_Smith_WI	1622766597212	1622766602147	OK	 
GROUP	LName,LN	1622766597212	1622766602148	4935	OK
GROUP	LName	1622766597211	1622766603443	4935	OK
REQUEST	LName,LN	LName_Smith_WI	1622766603444	1622766608085	OK	 
GROUP	LName,LN	1622766603444	1622766608087	4641	OK
GROUP	LName	1622766603444	1622766610038	4641	OK
REQUEST	LName,LN	LName_Smith_WI	1622766610039	1622766614701	OK	 
GROUP	LName,LN	1622766610039	1622766614703	4662	OK
GROUP	LName	1622766610038	1622766615878	4662	OK
REQUEST	LName,LN	LName_Smith_WI	1622766615879	1622766626109	OK	 
GROUP	LName,LN	1622766615878	1622766626110	10230	OK
GROUP	LName	1622766615878	1622766627842	10230	OK
REQUEST	LName,LN	LName_Smith_WI	1622766627843	1622766632448	OK	 
GROUP	LName,LN	1622766627842	1622766632449	4605	OK
GROUP	LName	1622766627842	1622766634087	4605	OK
REQUEST	LName,LN	LName_Smith_WI	1622766634088	1622766639024	OK	 
GROUP	LName,LN	1622766634087	1622766639027	4936	OK
GROUP	LName	1622766634087	1622766640506	4936	OK
REQUEST	LName,LN	LName_Smith_WI	1622766640507	1622766645363	OK	 
GROUP	LName,LN	1622766640507	1622766645365	4856	OK
GROUP	LName	1622766640507	1622766647166	4856	OK
REQUEST	LName,LN	LName_Smith_WI	1622766647167	1622766652238	OK	 
GROUP	LName,LN	1622766647166	1622766652240	5071	OK
GROUP	LName	1622766647166	1622766653801	5071	OK
REQUEST	LName,LN	LName_Smith_WI	1622766653802	1622766658114	OK	 
GROUP	LName,LN	1622766653802	1622766658115	4312	OK
GROUP	LName	1622766653801	1622766659578	4312	OK
REQUEST	LName,LN	LName_Smith_WI	1622766659579	1622766664151	OK	 
GROUP	LName,LN	1622766659578	1622766664154	4572	OK
GROUP	LName	1622766659578	1622766665560	4572	OK
REQUEST	LName,LN	LName_Smith_WI	1622766665560	1622766670098	OK	 
GROUP	LName,LN	1622766665560	1622766670100	4538	OK
GROUP	LName	1622766665560	1622766671147	4538	OK
REQUEST	LName,LN	LName_Smith_WI	1622766671148	1622766675926	OK	 
GROUP	LName,LN	1622766671147	1622766675927	4778	OK
GROUP	LName	1622766671147	1622766677850	4778	OK
REQUEST	LName,LN	LName_Smith_WI	1622766677850	1622766682333	OK	 
GROUP	LName,LN	1622766677850	1622766682334	4483	OK
GROUP	LName	1622766677850	1622766683591	4483	OK
REQUEST	LName,LN	LName_Smith_WI	1622766683592	1622766687969	OK	 
GROUP	LName,LN	1622766683591	1622766687972	4377	OK
GROUP	LName	1622766683591	1622766689003	4377	OK
REQUEST	LName,LN	LName_Smith_WI	1622766689004	1622766694410	OK	 
GROUP	LName,LN	1622766689003	1622766694411	5406	OK
GROUP	LName	1622766689003	1622766696131	5406	OK
REQUEST	LName,LN	LName_Smith_WI	1622766696131	1622766700412	OK	 
GROUP	LName,LN	1622766696131	1622766700414	4281	OK
GROUP	LName	1622766696131	1622766701492	4281	OK
REQUEST	LName,LN	LName_Smith_WI	1622766701493	1622766705797	OK	 
GROUP	LName,LN	1622766701493	1622766705799	4304	OK
GROUP	LName	1622766701493	1622766707457	4304	OK
REQUEST	LName,LN	LName_Smith_WI	1622766707458	1622766711782	OK	 
GROUP	LName,LN	1622766707458	1622766711784	4324	OK
GROUP	LName	1622766707457	1622766713281	4324	OK
REQUEST	LName,LN	LName_Smith_WI	1622766713282	1622766717558	OK	 
GROUP	LName,LN	1622766713282	1622766717559	4276	OK
GROUP	LName	1622766713281	1622766718671	4276	OK
REQUEST	LName,LN	LName_Smith_WI	1622766718672	1622766722961	OK	 
GROUP	LName,LN	1622766718671	1622766722962	4289	OK
GROUP	LName	1622766718671	1622766723997	4289	OK
REQUEST	LName,LN	LName_Smith_WI	1622766723998	1622766728871	OK	 
GROUP	LName,LN	1622766723998	1622766728873	4873	OK
GROUP	LName	1622766723997	1622766730110	4873	OK
REQUEST	LName,LN	LName_Smith_WI	1622766730111	1622766734788	OK	 
GROUP	LName,LN	1622766730111	1622766734791	4677	OK
GROUP	LName	1622766730111	1622766736780	4677	OK
REQUEST	LName,LN	LName_Smith_WI	1622766736781	1622766742065	OK	 
GROUP	LName,LN	1622766736780	1622766742066	5284	OK
GROUP	LName	1622766736780	1622766743793	5284	OK
REQUEST	LName,LN	LName_Smith_WI	1622766743794	1622766748609	OK	 
GROUP	LName,LN	1622766743793	1622766748610	4815	OK
GROUP	LName	1622766743793	1622766750482	4815	OK
REQUEST	LName,LN	LName_Smith_WI	1622766750482	1622766760664	OK	 
GROUP	LName,LN	1622766750482	1622766760666	10182	OK
GROUP	LName	1622766750482	1622766762640	10182	OK
REQUEST	LName,LN	LName_Smith_WI	1622766762641	1622766767886	OK	 
GROUP	LName,LN	1622766762640	1622766767889	5245	OK
GROUP	LName	1622766762640	1622766769765	5245	OK
REQUEST	LName,LN	LName_Smith_WI	1622766769766	1622766774722	OK	 
GROUP	LName,LN	1622766769765	1622766774723	4956	OK
GROUP	LName	1622766769765	1622766776391	4956	OK
REQUEST	LName,LN	LName_Smith_WI	1622766776392	1622766781081	OK	 
GROUP	LName,LN	1622766776392	1622766781082	4689	OK
GROUP	LName	1622766776392	1622766783057	4689	OK
REQUEST	LName,LN	LName_Smith_WI	1622766783058	1622766787863	OK	 
GROUP	LName,LN	1622766783058	1622766787864	4805	OK
GROUP	LName	1622766783057	1622766788973	4805	OK
REQUEST	LName,LN	LName_Smith_WI	1622766788974	1622766794248	OK	 
GROUP	LName,LN	1622766788974	1622766794250	5274	OK
GROUP	LName	1622766788973	1622766795464	5274	OK
REQUEST	LName,LN	LName_Smith_WI	1622766795465	1622766800281	OK	 
GROUP	LName,LN	1622766795465	1622766800282	4816	OK
GROUP	LName	1622766795465	1622766801482	4816	OK
REQUEST	LName,LN	LName_Smith_WI	1622766801483	1622766806330	OK	 
GROUP	LName,LN	1622766801482	1622766806332	4847	OK
GROUP	LName	1622766801482	1622766807441	4847	OK
REQUEST	LName,LN	LName_Smith_WI	1622766807442	1622766812456	OK	 
GROUP	LName,LN	1622766807441	1622766812458	5014	OK
GROUP	LName	1622766807441	1622766813907	5014	OK
REQUEST	LName,LN	LName_Smith_WI	1622766813908	1622766818726	OK	 
GROUP	LName,LN	1622766813907	1622766818728	4818	OK
GROUP	LName	1622766813907	1622766819748	4818	OK
REQUEST	LName,LN	LName_Smith_WI	1622766819749	1622766824813	OK	 
GROUP	LName,LN	1622766819748	1622766824815	5064	OK
GROUP	LName	1622766819748	1622766826319	5064	OK
REQUEST	LName,LN	LName_Smith_WI	1622766826320	1622766835562	OK	 
GROUP	LName,LN	1622766826319	1622766835563	9242	OK
GROUP	LName	1622766826319	1622766837431	9242	OK
REQUEST	LName,LN	LName_Smith_WI	1622766837432	1622766842131	OK	 
GROUP	LName,LN	1622766837432	1622766842132	4699	OK
GROUP	LName	1622766837432	1622766843734	4699	OK
REQUEST	LName,LN	LName_Smith_WI	1622766843735	1622766848079	OK	 
GROUP	LName,LN	1622766843734	1622766848081	4344	OK
GROUP	LName	1622766843734	1622766849769	4344	OK
REQUEST	LName,LN	LName_Smith_WI	1622766849770	1622766854296	OK	 
GROUP	LName,LN	1622766849769	1622766854297	4526	OK
GROUP	LName	1622766849769	1622766855915	4526	OK
REQUEST	LName,LN	LName_Smith_WI	1622766855916	1622766860882	OK	 
GROUP	LName,LN	1622766855915	1622766860883	4966	OK
GROUP	LName	1622766855915	1622766862351	4966	OK
REQUEST	LName,LN	LName_Smith_WI	1622766862352	1622766867068	OK	 
GROUP	LName,LN	1622766862351	1622766867069	4716	OK
GROUP	LName	1622766862351	1622766868656	4716	OK
REQUEST	LName,LN	LName_Smith_WI	1622766868657	1622766873450	OK	 
GROUP	LName,LN	1622766868656	1622766873453	4793	OK
GROUP	LName	1622766868656	1622766874948	4793	OK
REQUEST	LName,LN	LName_Smith_WI	1622766874949	1622766879465	OK	 
GROUP	LName,LN	1622766874949	1622766879466	4516	OK
GROUP	LName	1622766874949	1622766881138	4516	OK
REQUEST	LName,LN	LName_Smith_WI	1622766881139	1622766886660	OK	 
GROUP	LName,LN	1622766881139	1622766886662	5521	OK
GROUP	LName	1622766881138	1622766887950	5521	OK
REQUEST	LName,LN	LName_Smith_WI	1622766887950	1622766892920	OK	 
GROUP	LName,LN	1622766887950	1622766892922	4970	OK
GROUP	LName	1622766887950	1622766894382	4970	OK
REQUEST	LName,LN	LName_Smith_WI	1622766894383	1622766898929	OK	 
GROUP	LName,LN	1622766894382	1622766898931	4546	OK
GROUP	LName	1622766894382	1622766900180	4546	OK
REQUEST	LName,LN	LName_Smith_WI	1622766900181	1622766904772	OK	 
GROUP	LName,LN	1622766900180	1622766904773	4591	OK
GROUP	LName	1622766900180	1622766906732	4591	OK
REQUEST	LName,LN	LName_Smith_WI	1622766906733	1622766911535	OK	 
GROUP	LName,LN	1622766906732	1622766911536	4802	OK
GROUP	LName	1622766906732	1622766912862	4802	OK
REQUEST	LName,LN	LName_Smith_WI	1622766912863	1622766917404	OK	 
GROUP	LName,LN	1622766912863	1622766917405	4541	OK
GROUP	LName	1622766912862	1622766919074	4541	OK
REQUEST	LName,LN	LName_Smith_WI	1622766919075	1622766923758	OK	 
GROUP	LName,LN	1622766919074	1622766923760	4683	OK
GROUP	LName	1622766919074	1622766925432	4683	OK
REQUEST	LName,LN	LName_Smith_WI	1622766925433	1622766929755	OK	 
GROUP	LName,LN	1622766925432	1622766929756	4322	OK
GROUP	LName	1622766925432	1622766931011	4322	OK
REQUEST	LName,LN	LName_Smith_WI	1622766931012	1622766936038	OK	 
GROUP	LName,LN	1622766931011	1622766936040	5026	OK
GROUP	LName	1622766931011	1622766937753	5026	OK
REQUEST	LName,LN	LName_Smith_WI	1622766937754	1622766942379	OK	 
GROUP	LName,LN	1622766937753	1622766942381	4625	OK
GROUP	LName	1622766937753	1622766944216	4625	OK
REQUEST	LName,LN	LName_Smith_WI	1622766944217	1622766955284	KO	status.find.in(200,201,202,203,204,205,206,207,208,209,304), found 500
GROUP	LName,LN	1622766944216	1622766955285	11067	KO
GROUP	LName	1622766944216	1622766957097	11067	KO
REQUEST	LName,LN	LName_Smith_WI	1622766957099	1622766965464	OK	 
GROUP	LName,LN	1622766957098	1622766965467	8365	OK
GROUP	LName	1622766957098	1622766966642	8365	OK
REQUEST	LName,LN	LName_Smith_WI	1622766966643	1622766971778	OK	 
GROUP	LName,LN	1622766966643	1622766971779	5135	OK
GROUP	LName	1622766966642	1622766972809	5135	OK
REQUEST	LName,LN	LName_Smith_WI	1622766972810	1622766982518	OK	 
GROUP	LName,LN	1622766972809	1622766982519	9708	OK
GROUP	LName	1622766972809	1622766983607	9708	OK
REQUEST	LName,LN	LName_Smith_WI	1622766983609	1622766988097	OK	 
GROUP	LName,LN	1622766983608	1622766988100	4488	OK
GROUP	LName	1622766983607	1622766989426	4488	OK
REQUEST	LName,LN	LName_Smith_WI	1622766989427	1622766994322	OK	 
GROUP	LName,LN	1622766989427	1622766994324	4895	OK
GROUP	LName	1622766989426	1622766995555	4895	OK
REQUEST	LName,LN	LName_Smith_WI	1622766995555	1622767000150	OK	 
GROUP	LName,LN	1622766995555	1622767000151	4595	OK
GROUP	LName	1622766995555	1622767002052	4595	OK
REQUEST	LName,LN	LName_Smith_WI	1622767002053	1622767006476	OK	 
GROUP	LName,LN	1622767002053	1622767006478	4423	OK
GROUP	LName	1622767002052	1622767008189	4423	OK
REQUEST	LName,LN	LName_Smith_WI	1622767008190	1622767012643	OK	 
GROUP	LName,LN	1622767008189	1622767012644	4453	OK
GROUP	LName	1622767008189	1622767014441	4453	OK
REQUEST	LName,LN	LName_Smith_WI	1622767014442	1622767019566	OK	 
GROUP	LName,LN	1622767014442	1622767019567	5124	OK
GROUP	LName	1622767014441	1622767021082	5124	OK
REQUEST	LName,LN	LName_Smith_WI	1622767021083	1622767025375	OK	 
GROUP	LName,LN	1622767021083	1622767025377	4292	OK
GROUP	LName	1622767021083	1622767027141	4292	OK
REQUEST	LName,LN	LName_Smith_WI	1622767027142	1622767031545	OK	 
GROUP	LName,LN	1622767027142	1622767031546	4403	OK
GROUP	LName	1622767027141	1622767033021	4403	OK
REQUEST	LName,LN	LName_Smith_WI	1622767033022	1622767037451	OK	 
GROUP	LName,LN	1622767033021	1622767037452	4429	OK
GROUP	LName	1622767033021	1622767038766	4429	OK
REQUEST	LName,LN	LName_Smith_WI	1622767038766	1622767042973	OK	 
GROUP	LName,LN	1622767038766	1622767042975	4207	OK
GROUP	LName	1622767038766	1622767044303	4207	OK
REQUEST	LName,LN	LName_Smith_WI	1622767044304	1622767049335	OK	 
GROUP	LName,LN	1622767044304	1622767049336	5031	OK
GROUP	LName	1622767044303	1622767050394	5031	OK
REQUEST	LName,LN	LName_Smith_WI	1622767050395	1622767054928	OK	 
GROUP	LName,LN	1622767050394	1622767054929	4533	OK
GROUP	LName	1622767050394	1622767056820	4533	OK
REQUEST	LName,LN	LName_Smith_WI	1622767056821	1622767060903	OK	 
GROUP	LName,LN	1622767056820	1622767060905	4082	OK
GROUP	LName	1622767056820	1622767062403	4082	OK
REQUEST	LName,LN	LName_Smith_WI	1622767062404	1622767066530	OK	 
GROUP	LName,LN	1622767062403	1622767066531	4126	OK
GROUP	LName	1622767062403	1622767067771	4126	OK
REQUEST	LName,LN	LName_Smith_WI	1622767067772	1622767074129	OK	 
GROUP	LName,LN	1622767067772	1622767074131	6357	OK
GROUP	LName	1622767067772	1622767075443	6357	OK
REQUEST	LName,LN	LName_Smith_WI	1622767075444	1622767080235	OK	 
GROUP	LName,LN	1622767075443	1622767080238	4791	OK
GROUP	LName	1622767075443	1622767082108	4791	OK
REQUEST	LName,LN	LName_Smith_WI	1622767082109	1622767086883	OK	 
GROUP	LName,LN	1622767082109	1622767086885	4774	OK
GROUP	LName	1622767082108	1622767088208	4774	OK
REQUEST	LName,LN	LName_Smith_WI	1622767088209	1622767093357	OK	 
GROUP	LName,LN	1622767088209	1622767093358	5148	OK
GROUP	LName	1622767088208	1622767095112	5148	OK
REQUEST	LName,LN	LName_Smith_WI	1622767095113	1622767100984	OK	 
GROUP	LName,LN	1622767095113	1622767100987	5871	OK
GROUP	LName	1622767095112	1622767102576	5871	OK
REQUEST	LName,LN	LName_Smith_WI	1622767102577	1622767107186	OK	 
GROUP	LName,LN	1622767102576	1622767107187	4609	OK
GROUP	LName	1622767102576	1622767109075	4609	OK
REQUEST	LName,LN	LName_Smith_WI	1622767109076	1622767113634	OK	 
GROUP	LName,LN	1622767109075	1622767113635	4558	OK
GROUP	LName	1622767109075	1622767115276	4558	OK
REQUEST	LName,LN	LName_Smith_WI	1622767115277	1622767119883	OK	 
GROUP	LName,LN	1622767115277	1622767119885	4606	OK
GROUP	LName	1622767115277	1622767121522	4606	OK
REQUEST	LName,LN	LName_Smith_WI	1622767121523	1622767127650	OK	 
GROUP	LName,LN	1622767121522	1622767127651	6127	OK
GROUP	LName	1622767121522	1622767129242	6127	OK
REQUEST	LName,LN	LName_Smith_WI	1622767129243	1622767134284	OK	 
GROUP	LName,LN	1622767129242	1622767134285	5041	OK
GROUP	LName	1622767129242	1622767135575	5041	OK
REQUEST	LName,LN	LName_Smith_WI	1622767135576	1622767140097	OK	 
GROUP	LName,LN	1622767135576	1622767140098	4521	OK
GROUP	LName	1622767135576	1622767141802	4521	OK
REQUEST	LName,LN	LName_Smith_WI	1622767141803	1622767146485	OK	 
GROUP	LName,LN	1622767141802	1622767146486	4682	OK
GROUP	LName	1622767141802	1622767147933	4682	OK
REQUEST	LName,LN	LName_Smith_WI	1622767147933	1622767153530	OK	 
GROUP	LName,LN	1622767147933	1622767153530	5597	OK
GROUP	LName	1622767147933	1622767155439	5597	OK
REQUEST	LName,LN	LName_Smith_WI	1622767155439	1622767160309	OK	 
GROUP	LName,LN	1622767155439	1622767160310	4870	OK
GROUP	LName	1622767155439	1622767161742	4870	OK
REQUEST	LName,LN	LName_Smith_WI	1622767161743	1622767166331	OK	 
GROUP	LName,LN	1622767161743	1622767166332	4588	OK
GROUP	LName	1622767161743	1622767168019	4588	OK
REQUEST	LName,LN	LName_Smith_WI	1622767168020	1622767172815	OK	 
GROUP	LName,LN	1622767168020	1622767172816	4795	OK
GROUP	LName	1622767168020	1622767174160	4795	OK
REQUEST	LName,LN	LName_Smith_WI	1622767174161	1622767179186	OK	 
GROUP	LName,LN	1622767174161	1622767179188	5025	OK
GROUP	LName	1622767174160	1622767180926	5025	OK
REQUEST	LName,LN	LName_Smith_WI	1622767180927	1622767185218	OK	 
GROUP	LName,LN	1622767180926	1622767185219	4291	OK
GROUP	LName	1622767180926	1622767187133	4291	OK
REQUEST	LName,LN	LName_Smith_WI	1622767187134	1622767191974	OK	 
GROUP	LName,LN	1622767187134	1622767191975	4840	OK
GROUP	LName	1622767187134	1622767193651	4840	OK
REQUEST	LName,LN	LName_Smith_WI	1622767193652	1622767198042	OK	 
GROUP	LName,LN	1622767193651	1622767198044	4390	OK
GROUP	LName	1622767193651	1622767199900	4390	OK
REQUEST	LName,LN	LName_Smith_WI	1622767199901	1622767205415	OK	 
GROUP	LName,LN	1622767199900	1622767205417	5514	OK
GROUP	LName	1622767199900	1622767206728	5514	OK
REQUEST	LName,LN	LName_Smith_WI	1622767206729	1622767211680	OK	 
GROUP	LName,LN	1622767206729	1622767211682	4951	OK
GROUP	LName	1622767206728	1622767213402	4951	OK
REQUEST	LName,LN	LName_Smith_WI	1622767213403	1622767217922	OK	 
GROUP	LName,LN	1622767213402	1622767217925	4519	OK
GROUP	LName	1622767213402	1622767219151	4519	OK
REQUEST	LName,LN	LName_Smith_WI	1622767219151	1622767224253	OK	 
GROUP	LName,LN	1622767219151	1622767224254	5102	OK
GROUP	LName	1622767219151	1622767226015	5102	OK
REQUEST	LName,LN	LName_Smith_WI	1622767226015	1622767232559	OK	 
GROUP	LName,LN	1622767226015	1622767232560	6544	OK
GROUP	LName	1622767226015	1622767233728	6544	OK
REQUEST	LName,LN	LName_Smith_WI	1622767233729	1622767238490	OK	 
GROUP	LName,LN	1622767233729	1622767238492	4761	OK
GROUP	LName	1622767233729	1622767240164	4761	OK
REQUEST	LName,LN	LName_Smith_WI	1622767240164	1622767245078	OK	 
GROUP	LName,LN	1622767240164	1622767245079	4914	OK
GROUP	LName	1622767240164	1622767246292	4914	OK
REQUEST	LName,LN	LName_Smith_WI	1622767246293	1622767251292	OK	 
GROUP	LName,LN	1622767246293	1622767251293	4999	OK
GROUP	LName	1622767246292	1622767253059	4999	OK
REQUEST	LName,LN	LName_Smith_WI	1622767253060	1622767257879	OK	 
GROUP	LName,LN	1622767253059	1622767257882	4819	OK
GROUP	LName	1622767253059	1622767258991	4819	OK
REQUEST	LName,LN	LName_Smith_WI	1622767258992	1622767263533	OK	 
GROUP	LName,LN	1622767258991	1622767263534	4541	OK
GROUP	LName	1622767258991	1622767265082	4541	OK
REQUEST	LName,LN	LName_Smith_WI	1622767265083	1622767270237	OK	 
GROUP	LName,LN	1622767265082	1622767270238	5154	OK
GROUP	LName	1622767265082	1622767272044	5154	OK
REQUEST	LName,LN	LName_Smith_WI	1622767272045	1622767276352	OK	 
GROUP	LName,LN	1622767272044	1622767276354	4307	OK
GROUP	LName	1622767272044	1622767277631	4307	OK
REQUEST	LName,LN	LName_Smith_WI	1622767277631	1622767282770	OK	 
GROUP	LName,LN	1622767277631	1622767282771	5139	OK
GROUP	LName	1622767277631	1622767284447	5139	OK
REQUEST	LName,LN	LName_Smith_WI	1622767284448	1622767289245	OK	 
GROUP	LName,LN	1622767284447	1622767289246	4797	OK
GROUP	LName	1622767284447	1622767291095	4797	OK
REQUEST	LName,LN	LName_Smith_WI	1622767291096	1622767295641	OK	 
GROUP	LName,LN	1622767291096	1622767295644	4545	OK
GROUP	LName	1622767291096	1622767296667	4545	OK
REQUEST	LName,LN	LName_Smith_WI	1622767296668	1622767301080	OK	 
GROUP	LName,LN	1622767296668	1622767301082	4412	OK
GROUP	LName	1622767296668	1622767303049	4412	OK
REQUEST	LName,LN	LName_Smith_WI	1622767303050	1622767307448	OK	 
GROUP	LName,LN	1622767303049	1622767307450	4398	OK
GROUP	LName	1622767303049	1622767308744	4398	OK
REQUEST	LName,LN	LName_Smith_WI	1622767308745	1622767313285	OK	 
GROUP	LName,LN	1622767308744	1622767313288	4540	OK
GROUP	LName	1622767308744	1622767315197	4540	OK
REQUEST	LName,LN	LName_Smith_WI	1622767315197	1622767319315	OK	 
GROUP	LName,LN	1622767315197	1622767319316	4118	OK
GROUP	LName	1622767315197	1622767320668	4118	OK
REQUEST	LName,LN	LName_Smith_WI	1622767320668	1622767325093	OK	 
GROUP	LName,LN	1622767320668	1622767325095	4425	OK
GROUP	LName	1622767320668	1622767326834	4425	OK
REQUEST	LName,LN	LName_Smith_WI	1622767326835	1622767331340	OK	 
GROUP	LName,LN	1622767326835	1622767331342	4505	OK
GROUP	LName	1622767326834	1622767332933	4505	OK
REQUEST	LName,LN	LName_Smith_WI	1622767332934	1622767337797	OK	 
GROUP	LName,LN	1622767332934	1622767337798	4863	OK
GROUP	LName	1622767332934	1622767339176	4863	OK
REQUEST	LName,LN	LName_Smith_WI	1622767339177	1622767343810	OK	 
GROUP	LName,LN	1622767339177	1622767343812	4633	OK
GROUP	LName	1622767339176	1622767345667	4633	OK
REQUEST	LName,LN	LName_Smith_WI	1622767345668	1622767349993	OK	 
GROUP	LName,LN	1622767345667	1622767349996	4325	OK
GROUP	LName	1622767345667	1622767351117	4325	OK
REQUEST	LName,LN	LName_Smith_WI	1622767351118	1622767355723	OK	 
GROUP	LName,LN	1622767351117	1622767355724	4605	OK
GROUP	LName	1622767351117	1622767356922	4605	OK
REQUEST	LName,LN	LName_Smith_WI	1622767356923	1622767361701	OK	 
GROUP	LName,LN	1622767356922	1622767361702	4778	OK
GROUP	LName	1622767356922	1622767363076	4778	OK
REQUEST	LName,LN	LName_Smith_WI	1622767363077	1622767367183	OK	 
GROUP	LName,LN	1622767363076	1622767367185	4106	OK
GROUP	LName	1622767363076	1622767368360	4106	OK
REQUEST	LName,LN	LName_Smith_WI	1622767368360	1622767372607	OK	 
GROUP	LName,LN	1622767368360	1622767372608	4247	OK
GROUP	LName	1622767368360	1622767374245	4247	OK
REQUEST	LName,LN	LName_Smith_WI	1622767374245	1622767378550	OK	 
GROUP	LName,LN	1622767374245	1622767378551	4305	OK
GROUP	LName	1622767374245	1622767380516	4305	OK
REQUEST	LName,LN	LName_Smith_WI	1622767380517	1622767384508	OK	 
GROUP	LName,LN	1622767380516	1622767384510	3991	OK
GROUP	LName	1622767380516	1622767386481	3991	OK
REQUEST	LName,LN	LName_Smith_WI	1622767386482	1622767391047	OK	 
GROUP	LName,LN	1622767386481	1622767391048	4565	OK
GROUP	LName	1622767386481	1622767392423	4565	OK
REQUEST	LName,LN	LName_Smith_WI	1622767392424	1622767396675	OK	 
GROUP	LName,LN	1622767392423	1622767396676	4251	OK
GROUP	LName	1622767392423	1622767398601	4251	OK
REQUEST	LName,LN	LName_Smith_WI	1622767398602	1622767403221	OK	 
GROUP	LName,LN	1622767398602	1622767403224	4619	OK
GROUP	LName	1622767398601	1622767405086	4619	OK
REQUEST	LName,LN	LName_Smith_WI	1622767405086	1622767409709	OK	 
GROUP	LName,LN	1622767405086	1622767409711	4623	OK
GROUP	LName	1622767405086	1622767410934	4623	OK
REQUEST	LName,LN	LName_Smith_WI	1622767410935	1622767416335	OK	 
GROUP	LName,LN	1622767410934	1622767416336	5400	OK
GROUP	LName	1622767410934	1622767417385	5400	OK
REQUEST	LName,LN	LName_Smith_WI	1622767417386	1622767421734	OK	 
GROUP	LName,LN	1622767417386	1622767421736	4348	OK
GROUP	LName	1622767417386	1622767422868	4348	OK
REQUEST	LName,LN	LName_Smith_WI	1622767422869	1622767427493	OK	 
GROUP	LName,LN	1622767422869	1622767427494	4624	OK
GROUP	LName	1622767422869	1622767429078	4624	OK
REQUEST	LName,LN	LName_Smith_WI	1622767429078	1622767433694	OK	 
GROUP	LName,LN	1622767429078	1622767433695	4616	OK
GROUP	LName	1622767429078	1622767435535	4616	OK
REQUEST	LName,LN	LName_Smith_WI	1622767435536	1622767440232	OK	 
GROUP	LName,LN	1622767435535	1622767440234	4696	OK
GROUP	LName	1622767435535	1622767442053	4696	OK
REQUEST	LName,LN	LName_Smith_WI	1622767442054	1622767446443	OK	 
GROUP	LName,LN	1622767442054	1622767446444	4389	OK
GROUP	LName	1622767442053	1622767447729	4389	OK
REQUEST	LName,LN	LName_Smith_WI	1622767447730	1622767452897	OK	 
GROUP	LName,LN	1622767447729	1622767452898	5167	OK
GROUP	LName	1622767447729	1622767454284	5167	OK
REQUEST	LName,LN	LName_Smith_WI	1622767454284	1622767458723	OK	 
GROUP	LName,LN	1622767454284	1622767458725	4439	OK
GROUP	LName	1622767454284	1622767460695	4439	OK
REQUEST	LName,LN	LName_Smith_WI	1622767460696	1622767465422	OK	 
GROUP	LName,LN	1622767460696	1622767465424	4726	OK
GROUP	LName	1622767460696	1622767466614	4726	OK
REQUEST	LName,LN	LName_Smith_WI	1622767466614	1622767471020	OK	 
GROUP	LName,LN	1622767466614	1622767471021	4406	OK
GROUP	LName	1622767466614	1622767472290	4406	OK
REQUEST	LName,LN	LName_Smith_WI	1622767472291	1622767476787	OK	 
GROUP	LName,LN	1622767472290	1622767476789	4496	OK
GROUP	LName	1622767472290	1622767478085	4496	OK
REQUEST	LName,LN	LName_Smith_WI	1622767478086	1622767482378	OK	 
GROUP	LName,LN	1622767478086	1622767482379	4292	OK
GROUP	LName	1622767478086	1622767483721	4292	OK
REQUEST	LName,LN	LName_Smith_WI	1622767483722	1622767488965	OK	 
GROUP	LName,LN	1622767483721	1622767488966	5243	OK
GROUP	LName	1622767483721	1622767490829	5243	OK
REQUEST	LName,LN	LName_Smith_WI	1622767490830	1622767495179	OK	 
GROUP	LName,LN	1622767490829	1622767495181	4349	OK
GROUP	LName	1622767490829	1622767496725	4349	OK
REQUEST	LName,LN	LName_Smith_WI	1622767496726	1622767501324	OK	 
GROUP	LName,LN	1622767496725	1622767501326	4598	OK
GROUP	LName	1622767496725	1622767502649	4598	OK
REQUEST	LName,LN	LName_Smith_WI	1622767502650	1622767507083	OK	 
GROUP	LName,LN	1622767502649	1622767507085	4433	OK
GROUP	LName	1622767502649	1622767508107	4433	OK
REQUEST	LName,LN	LName_Smith_WI	1622767508108	1622767513030	OK	 
GROUP	LName,LN	1622767508107	1622767513033	4922	OK
GROUP	LName	1622767508107	1622767514105	4922	OK
REQUEST	LName,LN	LName_Smith_WI	1622767514105	1622767518757	OK	 
GROUP	LName,LN	1622767514105	1622767518758	4652	OK
GROUP	LName	1622767514105	1622767520498	4652	OK
REQUEST	LName,LN	LName_Smith_WI	1622767520499	1622767525248	OK	 
GROUP	LName,LN	1622767520498	1622767525249	4749	OK
GROUP	LName	1622767520498	1622767526298	4749	OK
REQUEST	LName,LN	LName_Smith_WI	1622767526298	1622767530715	OK	 
GROUP	LName,LN	1622767526298	1622767530718	4417	OK
GROUP	LName	1622767526298	1622767532386	4417	OK
REQUEST	LName,LN	LName_Smith_WI	1622767532387	1622767536654	OK	 
GROUP	LName,LN	1622767532386	1622767536655	4267	OK
GROUP	LName	1622767532386	1622767537699	4267	OK
REQUEST	LName,LN	LName_Smith_WI	1622767537700	1622767542335	OK	 
GROUP	LName,LN	1622767537700	1622767542336	4635	OK
GROUP	LName	1622767537699	1622767543789	4635	OK
REQUEST	LName,LN	LName_Smith_WI	1622767543790	1622767548258	OK	 
GROUP	LName,LN	1622767543789	1622767548261	4468	OK
GROUP	LName	1622767543789	1622767550139	4468	OK
REQUEST	LName,LN	LName_Smith_WI	1622767550140	1622767554801	OK	 
GROUP	LName,LN	1622767550139	1622767554803	4661	OK
GROUP	LName	1622767550139	1622767556285	4661	OK
REQUEST	LName,LN	LName_Smith_WI	1622767556286	1622767563675	OK	 
GROUP	LName,LN	1622767556285	1622767563676	7389	OK
GROUP	LName	1622767556285	1622767565485	7389	OK
REQUEST	LName,LN	LName_Smith_WI	1622767565486	1622767575470	OK	 
GROUP	LName,LN	1622767565485	1622767575473	9984	OK
GROUP	LName	1622767565485	1622767577280	9984	OK
REQUEST	LName,LN	LName_Smith_WI	1622767577281	1622767582381	OK	 
GROUP	LName,LN	1622767577281	1622767582383	5100	OK
GROUP	LName	1622767577281	1622767583493	5100	OK
REQUEST	LName,LN	LName_Smith_WI	1622767583494	1622767588014	OK	 
GROUP	LName,LN	1622767583494	1622767588015	4520	OK
GROUP	LName	1622767583493	1622767589181	4520	OK
REQUEST	LName,LN	LName_Smith_WI	1622767589182	1622767593824	OK	 
GROUP	LName,LN	1622767589181	1622767593826	4642	OK
GROUP	LName	1622767589181	1622767595570	4642	OK
REQUEST	LName,LN	LName_Smith_WI	1622767595571	1622767600203	OK	 
GROUP	LName,LN	1622767595571	1622767600204	4632	OK
GROUP	LName	1622767595571	1622767602079	4632	OK
REQUEST	LName,LN	LName_Smith_WI	1622767602080	1622767606497	OK	 
GROUP	LName,LN	1622767602080	1622767606498	4417	OK
GROUP	LName	1622767602079	1622767607656	4417	OK
REQUEST	LName,LN	LName_Smith_WI	1622767607657	1622767611925	OK	 
GROUP	LName,LN	1622767607657	1622767611926	4268	OK
GROUP	LName	1622767607656	1622767613723	4268	OK
REQUEST	LName,LN	LName_Smith_WI	1622767613724	1622767617967	OK	 
GROUP	LName,LN	1622767613724	1622767617969	4243	OK
GROUP	LName	1622767613724	1622767619228	4243	OK
REQUEST	LName,LN	LName_Smith_WI	1622767619228	1622767624050	OK	 
GROUP	LName,LN	1622767619228	1622767624052	4822	OK
GROUP	LName	1622767619228	1622767625276	4822	OK
REQUEST	LName,LN	LName_Smith_WI	1622767625277	1622767629390	OK	 
GROUP	LName,LN	1622767625276	1622767629392	4113	OK
GROUP	LName	1622767625276	1622767630591	4113	OK
REQUEST	LName,LN	LName_Smith_WI	1622767630592	1622767640911	OK	 
GROUP	LName,LN	1622767630591	1622767640913	10319	OK
GROUP	LName	1622767630591	1622767642775	10319	OK
REQUEST	LName,LN	LName_Smith_WI	1622767642776	1622767647827	OK	 
GROUP	LName,LN	1622767642775	1622767647828	5051	OK
GROUP	LName	1622767642775	1622767649260	5051	OK
REQUEST	LName,LN	LName_Smith_WI	1622767649261	1622767654773	OK	 
GROUP	LName,LN	1622767649260	1622767654776	5512	OK
GROUP	LName	1622767649260	1622767655831	5512	OK
REQUEST	LName,LN	LName_Smith_WI	1622767655832	1622767660601	OK	 
GROUP	LName,LN	1622767655832	1622767660602	4769	OK
GROUP	LName	1622767655832	1622767661734	4769	OK
REQUEST	LName,LN	LName_Smith_WI	1622767661735	1622767666647	OK	 
GROUP	LName,LN	1622767661735	1622767666648	4912	OK
GROUP	LName	1622767661734	1622767667983	4912	OK
REQUEST	LName,LN	LName_Smith_WI	1622767667984	1622767673456	OK	 
GROUP	LName,LN	1622767667983	1622767673458	5472	OK
GROUP	LName	1622767667983	1622767674754	5472	OK
REQUEST	LName,LN	LName_Smith_WI	1622767674755	1622767679508	OK	 
GROUP	LName,LN	1622767674755	1622767679509	4753	OK
GROUP	LName	1622767674754	1622767680898	4753	OK
REQUEST	LName,LN	LName_Smith_WI	1622767680899	1622767685245	OK	 
GROUP	LName,LN	1622767680898	1622767685246	4346	OK
GROUP	LName	1622767680898	1622767686796	4346	OK
REQUEST	LName,LN	LName_Smith_WI	1622767686797	1622767696508	OK	 
GROUP	LName,LN	1622767686797	1622767696510	9711	OK
GROUP	LName	1622767686796	1622767698377	9711	OK
REQUEST	LName,LN	LName_Smith_WI	1622767698377	1622767703254	OK	 
GROUP	LName,LN	1622767698377	1622767703255	4877	OK
GROUP	LName	1622767698377	1622767704511	4877	OK
REQUEST	LName,LN	LName_Smith_WI	1622767704511	1622767709353	OK	 
GROUP	LName,LN	1622767704511	1622767709355	4842	OK
GROUP	LName	1622767704511	1622767710656	4842	OK
REQUEST	LName,LN	LName_Smith_WI	1622767710656	1622767715140	OK	 
GROUP	LName,LN	1622767710656	1622767715142	4484	OK
GROUP	LName	1622767710656	1622767716253	4484	OK
REQUEST	LName,LN	LName_Smith_WI	1622767716254	1622767721076	OK	 
GROUP	LName,LN	1622767716254	1622767721077	4822	OK
GROUP	LName	1622767716254	1622767723007	4822	OK
REQUEST	LName,LN	LName_Smith_WI	1622767723007	1622767728493	OK	 
GROUP	LName,LN	1622767723007	1622767728495	5486	OK
GROUP	LName	1622767723007	1622767729640	5486	OK
REQUEST	LName,LN	LName_Smith_WI	1622767729641	1622767734534	OK	 
GROUP	LName,LN	1622767729641	1622767734536	4893	OK
GROUP	LName	1622767729640	1622767735981	4893	OK
REQUEST	LName,LN	LName_Smith_WI	1622767735981	1622767740535	OK	 
GROUP	LName,LN	1622767735981	1622767740536	4554	OK
GROUP	LName	1622767735981	1622767742099	4554	OK
REQUEST	LName,LN	LName_Smith_WI	1622767742100	1622767746733	OK	 
GROUP	LName,LN	1622767742100	1622767746734	4633	OK
GROUP	LName	1622767742099	1622767748096	4633	OK
REQUEST	LName,LN	LName_Smith_WI	1622767748097	1622767752523	OK	 
GROUP	LName,LN	1622767748096	1622767752525	4426	OK
GROUP	LName	1622767748096	1622767753653	4426	OK
REQUEST	LName,LN	LName_Smith_WI	1622767753653	1622767758509	OK	 
GROUP	LName,LN	1622767753653	1622767758510	4856	OK
GROUP	LName	1622767753653	1622767760450	4856	OK
REQUEST	LName,LN	LName_Smith_WI	1622767760451	1622767764996	OK	 
GROUP	LName,LN	1622767760451	1622767764997	4545	OK
GROUP	LName	1622767760451	1622767766649	4545	OK
REQUEST	LName,LN	LName_Smith_WI	1622767766650	1622767771598	OK	 
GROUP	LName,LN	1622767766649	1622767771601	4948	OK
GROUP	LName	1622767766649	1622767773368	4948	OK
REQUEST	LName,LN	LName_Smith_WI	1622767773369	1622767778062	OK	 
GROUP	LName,LN	1622767773369	1622767778063	4693	OK
GROUP	LName	1622767773369	1622767779782	4693	OK
REQUEST	LName,LN	LName_Smith_WI	1622767779783	1622767784966	OK	 
GROUP	LName,LN	1622767779782	1622767784968	5183	OK
GROUP	LName	1622767779782	1622767786959	5183	OK
REQUEST	LName,LN	LName_Smith_WI	1622767786960	1622767791681	OK	 
GROUP	LName,LN	1622767786959	1622767791684	4721	OK
GROUP	LName	1622767786959	1622767792942	4721	OK
REQUEST	LName,LN	LName_Smith_WI	1622767792943	1622767797487	OK	 
GROUP	LName,LN	1622767792943	1622767797488	4544	OK
GROUP	LName	1622767792942	1622767799462	4544	OK
REQUEST	LName,LN	LName_Smith_WI	1622767799463	1622767804257	OK	 
GROUP	LName,LN	1622767799463	1622767804258	4794	OK
GROUP	LName	1622767799462	1622767805536	4794	OK
REQUEST	LName,LN	LName_Smith_WI	1622767805537	1622767810110	OK	 
GROUP	LName,LN	1622767805537	1622767810114	4573	OK
GROUP	LName	1622767805536	1622767811126	4573	OK
REQUEST	LName,LN	LName_Smith_WI	1622767811127	1622767816110	OK	 
GROUP	LName,LN	1622767811126	1622767816111	4983	OK
GROUP	LName	1622767811126	1622767817246	4983	OK
REQUEST	LName,LN	LName_Smith_WI	1622767817247	1622767821756	OK	 
GROUP	LName,LN	1622767817247	1622767821757	4509	OK
GROUP	LName	1622767817246	1622767823376	4509	OK
REQUEST	LName,LN	LName_Smith_WI	1622767823377	1622767828190	OK	 
GROUP	LName,LN	1622767823376	1622767828192	4813	OK
GROUP	LName	1622767823376	1622767829764	4813	OK
REQUEST	LName,LN	LName_Smith_WI	1622767829765	1622767834883	OK	 
GROUP	LName,LN	1622767829765	1622767834884	5118	OK
GROUP	LName	1622767829764	1622767836446	5118	OK
REQUEST	LName,LN	LName_Smith_WI	1622767836446	1622767840983	OK	 
GROUP	LName,LN	1622767836446	1622767840984	4537	OK
GROUP	LName	1622767836446	1622767842169	4537	OK
REQUEST	LName,LN	LName_Smith_WI	1622767842169	1622767846713	OK	 
GROUP	LName,LN	1622767842169	1622767846716	4544	OK
GROUP	LName	1622767842169	1622767848714	4544	OK
REQUEST	LName,LN	LName_Smith_WI	1622767848715	1622767853155	OK	 
GROUP	LName,LN	1622767848715	1622767853156	4440	OK
GROUP	LName	1622767848715	1622767854869	4440	OK
REQUEST	LName,LN	LName_Smith_WI	1622767854870	1622767863010	OK	 
GROUP	LName,LN	1622767854870	1622767863012	8140	OK
GROUP	LName	1622767854870	1622767864218	8140	OK
REQUEST	LName,LN	LName_Smith_WI	1622767864218	1622767869138	OK	 
GROUP	LName,LN	1622767864218	1622767869141	4920	OK
GROUP	LName	1622767864218	1622767870807	4920	OK
REQUEST	LName,LN	LName_Smith_WI	1622767870807	1622767875612	OK	 
GROUP	LName,LN	1622767870807	1622767875613	4805	OK
GROUP	LName	1622767870807	1622767877095	4805	OK
REQUEST	LName,LN	LName_Smith_WI	1622767877096	1622767882296	OK	 
GROUP	LName,LN	1622767877096	1622767882297	5200	OK
GROUP	LName	1622767877095	1622767884024	5200	OK
REQUEST	LName,LN	LName_Smith_WI	1622767884025	1622767888509	OK	 
GROUP	LName,LN	1622767884024	1622767888511	4484	OK
GROUP	LName	1622767884024	1622767890328	4484	OK
REQUEST	LName,LN	LName_Smith_WI	1622767890328	1622767894548	OK	 
GROUP	LName,LN	1622767890328	1622767894549	4220	OK
GROUP	LName	1622767890328	1622767896352	4220	OK
REQUEST	LName,LN	LName_Smith_WI	1622767896353	1622767900850	OK	 
GROUP	LName,LN	1622767896352	1622767900851	4497	OK
GROUP	LName	1622767896352	1622767902615	4497	OK
REQUEST	LName,LN	LName_Smith_WI	1622767902616	1622767907037	OK	 
GROUP	LName,LN	1622767902615	1622767907039	4421	OK
GROUP	LName	1622767902615	1622767908825	4421	OK
REQUEST	LName,LN	LName_Smith_WI	1622767908827	1622767914547	OK	 
GROUP	LName,LN	1622767908825	1622767914548	5720	OK
GROUP	LName	1622767908825	1622767915673	5720	OK
REQUEST	LName,LN	LName_Smith_WI	1622767915674	1622767919845	OK	 
GROUP	LName,LN	1622767915674	1622767919846	4171	OK
GROUP	LName	1622767915673	1622767921356	4171	OK
REQUEST	LName,LN	LName_Smith_WI	1622767921357	1622767925670	OK	 
GROUP	LName,LN	1622767921357	1622767925672	4313	OK
GROUP	LName	1622767921356	1622767927615	4313	OK
REQUEST	LName,LN	LName_Smith_WI	1622767927615	1622767931908	OK	 
GROUP	LName,LN	1622767927615	1622767931909	4293	OK
GROUP	LName	1622767927615	1622767933564	4293	OK
REQUEST	LName,LN	LName_Smith_WI	1622767933565	1622767938634	OK	 
GROUP	LName,LN	1622767933564	1622767938636	5069	OK
GROUP	LName	1622767933564	1622767940504	5069	OK
REQUEST	LName,LN	LName_Smith_WI	1622767940505	1622767945203	OK	 
GROUP	LName,LN	1622767940504	1622767945205	4698	OK
GROUP	LName	1622767940504	1622767946392	4698	OK
REQUEST	LName,LN	LName_Smith_WI	1622767946393	1622767950637	OK	 
GROUP	LName,LN	1622767946393	1622767950639	4244	OK
GROUP	LName	1622767946393	1622767951858	4244	OK
REQUEST	LName,LN	LName_Smith_WI	1622767951859	1622767956177	OK	 
GROUP	LName,LN	1622767951858	1622767956179	4318	OK
GROUP	LName	1622767951858	1622767958028	4318	OK
REQUEST	LName,LN	LName_Smith_WI	1622767958029	1622767962612	OK	 
GROUP	LName,LN	1622767958029	1622767962615	4583	OK
GROUP	LName	1622767958029	1622767964367	4583	OK
REQUEST	LName,LN	LName_Smith_WI	1622767964368	1622767969349	OK	 
GROUP	LName,LN	1622767964367	1622767969350	4981	OK
GROUP	LName	1622767964367	1622767971086	4981	OK
REQUEST	LName,LN	LName_Smith_WI	1622767971086	1622767975332	OK	 
GROUP	LName,LN	1622767971086	1622767975333	4246	OK
GROUP	LName	1622767971086	1622767977222	4246	OK
REQUEST	LName,LN	LName_Smith_WI	1622767977223	1622767981883	OK	 
GROUP	LName,LN	1622767977222	1622767981885	4660	OK
GROUP	LName	1622767977222	1622767982929	4660	OK
REQUEST	LName,LN	LName_Smith_WI	1622767982930	1622767987134	OK	 
GROUP	LName,LN	1622767982929	1622767987135	4204	OK
GROUP	LName	1622767982929	1622767988705	4204	OK
REQUEST	LName,LN	LName_Smith_WI	1622767988705	1622767993402	OK	 
GROUP	LName,LN	1622767988705	1622767993403	4697	OK
GROUP	LName	1622767988705	1622767994487	4697	OK
REQUEST	LName,LN	LName_Smith_WI	1622767994488	1622767999332	OK	 
GROUP	LName,LN	1622767994487	1622767999335	4844	OK
GROUP	LName	1622767994487	1622768000409	4844	OK
REQUEST	LName,LN	LName_Smith_WI	1622768000409	1622768005729	OK	 
GROUP	LName,LN	1622768000409	1622768005730	5320	OK
GROUP	LName	1622768000409	1622768006916	5320	OK
REQUEST	LName,LN	LName_Smith_WI	1622768006917	1622768011501	OK	 
GROUP	LName,LN	1622768006916	1622768011502	4584	OK
GROUP	LName	1622768006916	1622768012835	4584	OK
REQUEST	LName,LN	LName_Smith_WI	1622768012835	1622768019030	OK	 
GROUP	LName,LN	1622768012835	1622768019033	6195	OK
GROUP	LName	1622768012835	1622768020931	6195	OK
REQUEST	LName,LN	LName_Smith_WI	1622768020932	1622768025366	OK	 
GROUP	LName,LN	1622768020931	1622768025367	4434	OK
GROUP	LName	1622768020931	1622768026730	4434	OK
REQUEST	LName,LN	LName_Smith_WI	1622768026730	1622768036323	OK	 
GROUP	LName,LN	1622768026730	1622768036324	9593	OK
GROUP	LName	1622768026730	1622768037452	9593	OK
REQUEST	LName,LN	LName_Smith_WI	1622768037453	1622768041909	OK	 
GROUP	LName,LN	1622768037452	1622768041911	4456	OK
GROUP	LName	1622768037452	1622768043532	4456	OK
REQUEST	LName,LN	LName_Smith_WI	1622768043532	1622768048861	OK	 
GROUP	LName,LN	1622768043532	1622768048863	5329	OK
GROUP	LName	1622768043532	1622768050765	5329	OK
REQUEST	LName,LN	LName_Smith_WI	1622768050766	1622768056092	OK	 
GROUP	LName,LN	1622768050766	1622768056093	5326	OK
GROUP	LName	1622768050765	1622768057481	5326	OK
REQUEST	LName,LN	LName_Smith_WI	1622768057481	1622768063124	OK	 
GROUP	LName,LN	1622768057481	1622768063127	5643	OK
GROUP	LName	1622768057481	1622768065049	5643	OK
REQUEST	LName,LN	LName_Smith_WI	1622768065050	1622768069523	OK	 
GROUP	LName,LN	1622768065049	1622768069524	4473	OK
GROUP	LName	1622768065049	1622768071160	4473	OK
REQUEST	LName,LN	LName_Smith_WI	1622768071161	1622768075514	OK	 
GROUP	LName,LN	1622768071160	1622768075516	4353	OK
GROUP	LName	1622768071160	1622768076980	4353	OK
REQUEST	LName,LN	LName_Smith_WI	1622768076980	1622768081435	OK	 
GROUP	LName,LN	1622768076980	1622768081437	4455	OK
GROUP	LName	1622768076980	1622768082521	4455	OK
REQUEST	LName,LN	LName_Smith_WI	1622768082521	1622768086751	OK	 
GROUP	LName,LN	1622768082521	1622768086752	4230	OK
GROUP	LName	1622768082521	1622768088206	4230	OK
REQUEST	LName,LN	LName_Smith_WI	1622768088207	1622768092697	OK	 
GROUP	LName,LN	1622768088207	1622768092698	4490	OK
GROUP	LName	1622768088206	1622768093877	4490	OK
REQUEST	LName,LN	LName_Smith_WI	1622768093878	1622768098573	OK	 
GROUP	LName,LN	1622768093878	1622768098575	4695	OK
GROUP	LName	1622768093878	1622768099892	4695	OK
REQUEST	LName,LN	LName_Smith_WI	1622768099893	1622768104373	OK	 
GROUP	LName,LN	1622768099892	1622768104374	4480	OK
GROUP	LName	1622768099892	1622768105388	4480	OK
REQUEST	LName,LN	LName_Smith_WI	1622768105389	1622768109758	OK	 
GROUP	LName,LN	1622768105388	1622768109759	4369	OK
GROUP	LName	1622768105388	1622768111333	4369	OK
REQUEST	LName,LN	LName_Smith_WI	1622768111333	1622768116004	OK	 
GROUP	LName,LN	1622768111333	1622768116006	4671	OK
GROUP	LName	1622768111333	1622768117473	4671	OK
REQUEST	LName,LN	LName_Smith_WI	1622768117473	1622768122252	OK	 
GROUP	LName,LN	1622768117473	1622768122253	4779	OK
GROUP	LName	1622768117473	1622768124033	4779	OK
REQUEST	LName,LN	LName_Smith_WI	1622768124033	1622768128799	OK	 
GROUP	LName,LN	1622768124033	1622768128801	4766	OK
GROUP	LName	1622768124033	1622768130714	4766	OK
REQUEST	LName,LN	LName_Smith_WI	1622768130715	1622768135368	OK	 
GROUP	LName,LN	1622768130714	1622768135370	4653	OK
GROUP	LName	1622768130714	1622768137346	4653	OK
REQUEST	LName,LN	LName_Smith_WI	1622768137347	1622768142188	OK	 
GROUP	LName,LN	1622768137347	1622768142189	4841	OK
GROUP	LName	1622768137346	1622768143465	4841	OK
REQUEST	LName,LN	LName_Smith_WI	1622768143465	1622768147710	OK	 
GROUP	LName,LN	1622768143465	1622768147711	4245	OK
GROUP	LName	1622768143465	1622768148765	4245	OK
REQUEST	LName,LN	LName_Smith_WI	1622768148766	1622768154386	OK	 
GROUP	LName,LN	1622768148765	1622768154389	5620	OK
GROUP	LName	1622768148765	1622768155719	5620	OK
REQUEST	LName,LN	LName_Smith_WI	1622768155719	1622768160517	OK	 
GROUP	LName,LN	1622768155719	1622768160518	4798	OK
GROUP	LName	1622768155719	1622768162109	4798	OK
REQUEST	LName,LN	LName_Smith_WI	1622768162110	1622768167135	OK	 
GROUP	LName,LN	1622768162109	1622768167135	5025	OK
GROUP	LName	1622768162109	1622768168434	5025	OK
REQUEST	LName,LN	LName_Smith_WI	1622768168434	1622768173240	OK	 
GROUP	LName,LN	1622768168434	1622768173242	4806	OK
GROUP	LName	1622768168434	1622768175083	4806	OK
REQUEST	LName,LN	LName_Smith_WI	1622768175083	1622768181381	OK	 
GROUP	LName,LN	1622768175083	1622768181383	6298	OK
GROUP	LName	1622768175083	1622768183147	6298	OK
REQUEST	LName,LN	LName_Smith_WI	1622768183149	1622768188060	OK	 
GROUP	LName,LN	1622768183148	1622768188061	4911	OK
GROUP	LName	1622768183148	1622768189583	4911	OK
REQUEST	LName,LN	LName_Smith_WI	1622768189584	1622768194462	OK	 
GROUP	LName,LN	1622768189583	1622768194465	4878	OK
GROUP	LName	1622768189583	1622768196311	4878	OK
REQUEST	LName,LN	LName_Smith_WI	1622768196312	1622768201588	OK	 
GROUP	LName,LN	1622768196311	1622768201589	5276	OK
GROUP	LName	1622768196311	1622768203518	5276	OK
REQUEST	LName,LN	LName_Smith_WI	1622768203519	1622768209092	OK	 
GROUP	LName,LN	1622768203519	1622768209093	5573	OK
GROUP	LName	1622768203518	1622768210726	5573	OK
REQUEST	LName,LN	LName_Smith_WI	1622768210726	1622768215983	OK	 
GROUP	LName,LN	1622768210726	1622768215985	5257	OK
GROUP	LName	1622768210726	1622768217288	5257	OK
REQUEST	LName,LN	LName_Smith_WI	1622768217289	1622768222297	OK	 
GROUP	LName,LN	1622768217289	1622768222299	5008	OK
GROUP	LName	1622768217289	1622768223583	5008	OK
REQUEST	LName,LN	LName_Smith_WI	1622768223584	1622768228312	OK	 
GROUP	LName,LN	1622768223583	1622768228313	4728	OK
GROUP	LName	1622768223583	1622768230175	4728	OK
REQUEST	LName,LN	LName_Smith_WI	1622768230176	1622768235865	OK	 
GROUP	LName,LN	1622768230175	1622768235867	5689	OK
GROUP	LName	1622768230175	1622768237232	5689	OK
REQUEST	LName,LN	LName_Smith_WI	1622768237232	1622768242198	OK	 
GROUP	LName,LN	1622768237232	1622768242199	4966	OK
GROUP	LName	1622768237232	1622768244169	4966	OK
REQUEST	LName,LN	LName_Smith_WI	1622768244169	1622768249319	OK	 
GROUP	LName,LN	1622768244169	1622768249320	5150	OK
GROUP	LName	1622768244169	1622768250721	5150	OK
REQUEST	LName,LN	LName_Smith_WI	1622768250721	1622768256321	OK	 
GROUP	LName,LN	1622768250721	1622768256323	5600	OK
GROUP	LName	1622768250721	1622768258170	5600	OK
REQUEST	LName,LN	LName_Smith_WI	1622768258170	1622768263086	OK	 
GROUP	LName,LN	1622768258170	1622768263087	4916	OK
GROUP	LName	1622768258170	1622768265033	4916	OK
REQUEST	LName,LN	LName_Smith_WI	1622768265034	1622768269313	OK	 
GROUP	LName,LN	1622768265034	1622768269314	4279	OK
GROUP	LName	1622768265034	1622768270995	4279	OK
REQUEST	LName,LN	LName_Smith_WI	1622768270995	1622768276922	OK	 
GROUP	LName,LN	1622768270995	1622768276924	5927	OK
GROUP	LName	1622768270995	1622768278187	5927	OK
REQUEST	LName,LN	LName_Smith_WI	1622768278187	1622768283024	OK	 
GROUP	LName,LN	1622768278187	1622768283025	4837	OK
GROUP	LName	1622768278187	1622768284547	4837	OK
REQUEST	LName,LN	LName_Smith_WI	1622768284547	1622768289779	OK	 
GROUP	LName,LN	1622768284547	1622768289780	5232	OK
GROUP	LName	1622768284547	1622768291108	5232	OK
REQUEST	LName,LN	LName_Smith_WI	1622768291108	1622768295639	OK	 
GROUP	LName,LN	1622768291108	1622768295641	4531	OK
GROUP	LName	1622768291108	1622768297005	4531	OK
REQUEST	LName,LN	LName_Smith_WI	1622768297005	1622768301689	OK	 
GROUP	LName,LN	1622768297005	1622768301690	4684	OK
GROUP	LName	1622768297005	1622768303382	4684	OK
REQUEST	LName,LN	LName_Smith_WI	1622768303382	1622768309253	OK	 
GROUP	LName,LN	1622768303382	1622768309253	5871	OK
GROUP	LName	1622768303382	1622768310653	5871	OK
REQUEST	LName,LN	LName_Smith_WI	1622768310654	1622768316457	OK	 
GROUP	LName,LN	1622768310653	1622768316460	5803	OK
GROUP	LName	1622768310653	1622768317493	5803	OK
REQUEST	LName,LN	LName_Smith_WI	1622768317493	1622768322941	OK	 
GROUP	LName,LN	1622768317493	1622768322941	5448	OK
GROUP	LName	1622768317493	1622768324202	5448	OK
REQUEST	LName,LN	LName_Smith_WI	1622768324202	1622768328807	OK	 
GROUP	LName,LN	1622768324202	1622768328809	4605	OK
GROUP	LName	1622768324202	1622768330608	4605	OK
REQUEST	LName,LN	LName_Smith_WI	1622768330608	1622768335523	OK	 
GROUP	LName,LN	1622768330608	1622768335524	4915	OK
GROUP	LName	1622768330608	1622768337335	4915	OK
REQUEST	LName,LN	LName_Smith_WI	1622768337336	1622768342139	OK	 
GROUP	LName,LN	1622768337335	1622768342140	4803	OK
GROUP	LName	1622768337335	1622768344134	4803	OK
REQUEST	LName,LN	LName_Smith_WI	1622768344135	1622768348511	OK	 
GROUP	LName,LN	1622768344135	1622768348512	4376	OK
GROUP	LName	1622768344135	1622768350011	4376	OK
REQUEST	LName,LN	LName_Smith_WI	1622768350011	1622768354582	OK	 
GROUP	LName,LN	1622768350011	1622768354584	4571	OK
GROUP	LName	1622768350011	1622768355792	4571	OK
REQUEST	LName,LN	LName_Smith_WI	1622768355793	1622768361032	OK	 
GROUP	LName,LN	1622768355792	1622768361033	5239	OK
GROUP	LName	1622768355792	1622768362361	5239	OK
REQUEST	LName,LN	LName_Smith_WI	1622768362361	1622768374387	OK	 
GROUP	LName,LN	1622768362361	1622768374387	12026	OK
GROUP	LName	1622768362361	1622768375807	12026	OK
REQUEST	LName,LN	LName_Smith_WI	1622768375807	1622768380053	OK	 
GROUP	LName,LN	1622768375807	1622768380055	4246	OK
GROUP	LName	1622768375807	1622768381312	4246	OK
REQUEST	LName,LN	LName_Smith_WI	1622768381313	1622768385809	OK	 
GROUP	LName,LN	1622768381312	1622768385810	4496	OK
GROUP	LName	1622768381312	1622768387789	4496	OK
REQUEST	LName,LN	LName_Smith_WI	1622768387789	1622768392526	OK	 
GROUP	LName,LN	1622768387789	1622768392527	4737	OK
GROUP	LName	1622768387789	1622768394240	4737	OK
REQUEST	LName,LN	LName_Smith_WI	1622768394240	1622768398876	OK	 
GROUP	LName,LN	1622768394240	1622768398878	4636	OK
GROUP	LName	1622768394240	1622768400023	4636	OK
REQUEST	LName,LN	LName_Smith_WI	1622768400024	1622768405631	OK	 
GROUP	LName,LN	1622768400024	1622768405631	5607	OK
GROUP	LName	1622768400023	1622768407313	5607	OK
REQUEST	LName,LN	LName_Smith_WI	1622768407313	1622768412184	OK	 
GROUP	LName,LN	1622768407313	1622768412185	4871	OK
GROUP	LName	1622768407313	1622768413333	4871	OK
REQUEST	LName,LN	LName_Smith_WI	1622768413334	1622768418751	OK	 
GROUP	LName,LN	1622768413333	1622768418753	5417	OK
GROUP	LName	1622768413333	1622768420548	5417	OK
REQUEST	LName,LN	LName_Smith_WI	1622768420549	1622768426209	OK	 
GROUP	LName,LN	1622768420549	1622768426209	5660	OK
GROUP	LName	1622768420549	1622768427677	5660	OK
REQUEST	LName,LN	LName_Smith_WI	1622768427677	1622768432583	OK	 
GROUP	LName,LN	1622768427677	1622768432584	4906	OK
GROUP	LName	1622768427677	1622768434563	4906	OK
REQUEST	LName,LN	LName_Smith_WI	1622768434563	1622768439833	OK	 
GROUP	LName,LN	1622768434563	1622768439834	5270	OK
GROUP	LName	1622768434563	1622768441171	5270	OK
REQUEST	LName,LN	LName_Smith_WI	1622768441171	1622768445983	OK	 
GROUP	LName,LN	1622768441171	1622768445984	4812	OK
GROUP	LName	1622768441171	1622768447020	4812	OK
REQUEST	LName,LN	LName_Smith_WI	1622768447020	1622768451483	OK	 
GROUP	LName,LN	1622768447020	1622768451484	4463	OK
GROUP	LName	1622768447020	1622768453221	4463	OK
REQUEST	LName,LN	LName_Smith_WI	1622768453222	1622768457858	OK	 
GROUP	LName,LN	1622768453222	1622768457860	4636	OK
GROUP	LName	1622768453222	1622768459582	4636	OK
REQUEST	LName,LN	LName_Smith_WI	1622768459582	1622768464209	OK	 
GROUP	LName,LN	1622768459582	1622768464210	4627	OK
GROUP	LName	1622768459582	1622768466062	4627	OK
REQUEST	LName,LN	LName_Smith_WI	1622768466063	1622768471504	OK	 
GROUP	LName,LN	1622768466063	1622768471504	5441	OK
GROUP	LName	1622768466062	1622768472763	5441	OK
REQUEST	LName,LN	LName_Smith_WI	1622768472763	1622768477873	OK	 
GROUP	LName,LN	1622768472763	1622768477875	5110	OK
GROUP	LName	1622768472763	1622768479437	5110	OK
REQUEST	LName,LN	LName_Smith_WI	1622768479437	1622768484457	OK	 
GROUP	LName,LN	1622768479437	1622768484458	5020	OK
GROUP	LName	1622768479437	1622768486286	5020	OK
REQUEST	LName,LN	LName_Smith_WI	1622768486287	1622768490962	OK	 
GROUP	LName,LN	1622768486287	1622768490963	4675	OK
GROUP	LName	1622768486287	1622768492146	4675	OK
REQUEST	LName,LN	LName_Smith_WI	1622768492147	1622768497078	OK	 
GROUP	LName,LN	1622768492147	1622768497080	4931	OK
GROUP	LName	1622768492147	1622768498446	4931	OK
REQUEST	LName,LN	LName_Smith_WI	1622768498447	1622768502912	OK	 
GROUP	LName,LN	1622768498446	1622768502913	4465	OK
GROUP	LName	1622768498446	1622768504107	4465	OK
REQUEST	LName,LN	LName_Smith_WI	1622768504108	1622768508245	OK	 
GROUP	LName,LN	1622768504107	1622768508246	4137	OK
GROUP	LName	1622768504107	1622768509261	4137	OK
REQUEST	LName,LN	LName_Smith_WI	1622768509262	1622768513561	OK	 
GROUP	LName,LN	1622768509262	1622768513563	4299	OK
GROUP	LName	1622768509261	1622768515281	4299	OK
REQUEST	LName,LN	LName_Smith_WI	1622768515282	1622768519910	OK	 
GROUP	LName,LN	1622768515281	1622768519911	4628	OK
GROUP	LName	1622768515281	1622768521479	4628	OK
REQUEST	LName,LN	LName_Smith_WI	1622768521479	1622768526055	OK	 
GROUP	LName,LN	1622768521479	1622768526056	4576	OK
GROUP	LName	1622768521479	1622768527457	4576	OK
REQUEST	LName,LN	LName_Smith_WI	1622768527457	1622768535677	OK	 
GROUP	LName,LN	1622768527457	1622768535678	8220	OK
GROUP	LName	1622768527457	1622768536694	8220	OK
REQUEST	LName,LN	LName_Smith_WI	1622768536695	1622768541098	OK	 
GROUP	LName,LN	1622768536694	1622768541099	4403	OK
GROUP	LName	1622768536694	1622768542821	4403	OK
REQUEST	LName,LN	LName_Smith_WI	1622768542821	1622768548629	OK	 
GROUP	LName,LN	1622768542821	1622768548631	5808	OK
GROUP	LName	1622768542821	1622768549740	5808	OK
REQUEST	LName,LN	LName_Smith_WI	1622768549741	1622768554172	OK	 
GROUP	LName,LN	1622768549741	1622768554173	4431	OK
GROUP	LName	1622768549741	1622768555303	4431	OK
REQUEST	LName,LN	LName_Smith_WI	1622768555304	1622768559808	OK	 
GROUP	LName,LN	1622768555303	1622768559810	4504	OK
GROUP	LName	1622768555303	1622768561249	4504	OK
REQUEST	LName,LN	LName_Smith_WI	1622768561249	1622768565760	OK	 
GROUP	LName,LN	1622768561249	1622768565761	4511	OK
GROUP	LName	1622768561249	1622768567412	4511	OK
REQUEST	LName,LN	LName_Smith_WI	1622768567412	1622768572092	OK	 
GROUP	LName,LN	1622768567412	1622768572095	4680	OK
GROUP	LName	1622768567412	1622768574051	4680	OK
REQUEST	LName,LN	LName_Smith_WI	1622768574051	1622768578498	OK	 
GROUP	LName,LN	1622768574051	1622768578499	4447	OK
GROUP	LName	1622768574051	1622768580179	4447	OK
REQUEST	LName,LN	LName_Smith_WI	1622768580179	1622768584566	OK	 
GROUP	LName,LN	1622768580179	1622768584567	4387	OK
GROUP	LName	1622768580179	1622768586380	4387	OK
REQUEST	LName,LN	LName_Smith_WI	1622768586380	1622768591022	OK	 
GROUP	LName,LN	1622768586380	1622768591023	4642	OK
GROUP	LName	1622768586380	1622768592549	4642	OK
REQUEST	LName,LN	LName_Smith_WI	1622768592549	1622768598511	OK	 
GROUP	LName,LN	1622768592549	1622768598513	5962	OK
GROUP	LName	1622768592549	1622768600158	5962	OK
REQUEST	LName,LN	LName_Smith_WI	1622768600158	1622768604798	OK	 
GROUP	LName,LN	1622768600158	1622768604799	4640	OK
GROUP	LName	1622768600158	1622768606494	4640	OK
REQUEST	LName,LN	LName_Smith_WI	1622768606494	1622768611415	OK	 
GROUP	LName,LN	1622768606494	1622768611417	4921	OK
GROUP	LName	1622768606494	1622768612904	4921	OK
REQUEST	LName,LN	LName_Smith_WI	1622768612904	1622768622278	OK	 
GROUP	LName,LN	1622768612904	1622768622279	9374	OK
GROUP	LName	1622768612904	1622768624007	9374	OK
REQUEST	LName,LN	LName_Smith_WI	1622768624008	1622768628904	OK	 
GROUP	LName,LN	1622768624007	1622768628906	4896	OK
GROUP	LName	1622768624007	1622768630161	4896	OK
REQUEST	LName,LN	LName_Smith_WI	1622768630162	1622768634737	OK	 
GROUP	LName,LN	1622768630161	1622768634737	4575	OK
GROUP	LName	1622768630161	1622768636112	4575	OK
REQUEST	LName,LN	LName_Smith_WI	1622768636114	1622768640338	OK	 
GROUP	LName,LN	1622768636113	1622768640341	4224	OK
GROUP	LName	1622768636113	1622768641636	4224	OK
REQUEST	LName,LN	LName_Smith_WI	1622768641637	1622768646331	OK	 
GROUP	LName,LN	1622768641636	1622768646333	4694	OK
GROUP	LName	1622768641636	1622768647761	4694	OK
REQUEST	LName,LN	LName_Smith_WI	1622768647762	1622768654112	OK	 
GROUP	LName,LN	1622768647761	1622768654114	6350	OK
GROUP	LName	1622768647761	1622768655961	6350	OK
REQUEST	LName,LN	LName_Smith_WI	1622768655962	1622768660560	OK	 
GROUP	LName,LN	1622768655961	1622768660561	4598	OK
GROUP	LName	1622768655961	1622768662202	4598	OK
REQUEST	LName,LN	LName_Smith_WI	1622768662203	1622768666494	OK	 
GROUP	LName,LN	1622768662202	1622768666497	4291	OK
GROUP	LName	1622768662202	1622768668361	4291	OK
REQUEST	LName,LN	LName_Smith_WI	1622768668361	1622768672843	OK	 
GROUP	LName,LN	1622768668361	1622768672845	4482	OK
GROUP	LName	1622768668361	1622768673999	4482	OK
REQUEST	LName,LN	LName_Smith_WI	1622768674000	1622768679080	OK	 
GROUP	LName,LN	1622768674000	1622768679083	5080	OK
GROUP	LName	1622768674000	1622768680727	5080	OK
REQUEST	LName,LN	LName_Smith_WI	1622768680728	1622768685216	OK	 
GROUP	LName,LN	1622768680727	1622768685217	4488	OK
GROUP	LName	1622768680727	1622768686598	4488	OK
REQUEST	LName,LN	LName_Smith_WI	1622768686599	1622768690828	OK	 
GROUP	LName,LN	1622768686599	1622768690830	4229	OK
GROUP	LName	1622768686599	1622768692440	4229	OK
REQUEST	LName,LN	LName_Smith_WI	1622768692441	1622768696971	OK	 
GROUP	LName,LN	1622768692440	1622768696971	4530	OK
GROUP	LName	1622768692440	1622768698263	4530	OK
REQUEST	LName,LN	LName_Smith_WI	1622768698263	1622768703150	OK	 
GROUP	LName,LN	1622768698263	1622768703152	4887	OK
GROUP	LName	1622768698263	1622768705110	4887	OK
REQUEST	LName,LN	LName_Smith_WI	1622768705111	1622768709836	OK	 
GROUP	LName,LN	1622768705111	1622768709837	4725	OK
GROUP	LName	1622768705111	1622768711214	4725	OK
REQUEST	LName,LN	LName_Smith_WI	1622768711215	1622768715445	OK	 
GROUP	LName,LN	1622768711214	1622768715447	4230	OK
GROUP	LName	1622768711214	1622768716859	4230	OK
REQUEST	LName,LN	LName_Smith_WI	1622768716860	1622768721743	OK	 
GROUP	LName,LN	1622768716859	1622768721744	4883	OK
GROUP	LName	1622768716859	1622768723148	4883	OK
REQUEST	LName,LN	LName_Smith_WI	1622768723149	1622768728446	OK	 
GROUP	LName,LN	1622768723148	1622768728449	5297	OK
GROUP	LName	1622768723148	1622768729709	5297	OK
REQUEST	LName,LN	LName_Smith_WI	1622768729709	1622768734756	OK	 
GROUP	LName,LN	1622768729709	1622768734757	5047	OK
GROUP	LName	1622768729709	1622768735790	5047	OK
REQUEST	LName,LN	LName_Smith_WI	1622768735790	1622768740903	OK	 
GROUP	LName,LN	1622768735790	1622768740905	5113	OK
GROUP	LName	1622768735790	1622768742546	5113	OK
REQUEST	LName,LN	LName_Smith_WI	1622768742547	1622768747236	OK	 
GROUP	LName,LN	1622768742546	1622768747237	4689	OK
GROUP	LName	1622768742546	1622768748407	4689	OK
REQUEST	LName,LN	LName_Smith_WI	1622768748407	1622768754353	OK	 
GROUP	LName,LN	1622768748407	1622768754355	5946	OK
GROUP	LName	1622768748407	1622768756010	5946	OK
REQUEST	LName,LN	LName_Smith_WI	1622768756011	1622768760500	OK	 
GROUP	LName,LN	1622768756010	1622768760501	4489	OK
GROUP	LName	1622768756010	1622768761565	4489	OK
REQUEST	LName,LN	LName_Smith_WI	1622768761565	1622768766088	OK	 
GROUP	LName,LN	1622768761565	1622768766090	4523	OK
GROUP	LName	1622768761565	1622768767470	4523	OK
REQUEST	LName,LN	LName_Smith_WI	1622768767471	1622768772118	OK	 
GROUP	LName,LN	1622768767470	1622768772119	4647	OK
GROUP	LName	1622768767470	1622768774102	4647	OK
REQUEST	LName,LN	LName_Smith_WI	1622768774102	1622768778258	OK	 
GROUP	LName,LN	1622768774102	1622768778260	4156	OK
GROUP	LName	1622768774102	1622768780143	4156	OK
REQUEST	LName,LN	LName_Smith_WI	1622768780144	1622768784929	OK	 
GROUP	LName,LN	1622768780143	1622768784930	4785	OK
GROUP	LName	1622768780143	1622768786520	4785	OK
REQUEST	LName,LN	LName_Smith_WI	1622768786521	1622768790968	OK	 
GROUP	LName,LN	1622768786520	1622768790970	4447	OK
GROUP	LName	1622768786520	1622768792091	4447	OK
REQUEST	LName,LN	LName_Smith_WI	1622768792092	1622768796593	OK	 
GROUP	LName,LN	1622768792091	1622768796594	4501	OK
GROUP	LName	1622768792091	1622768798245	4501	OK
REQUEST	LName,LN	LName_Smith_WI	1622768798246	1622768802646	OK	 
GROUP	LName,LN	1622768798245	1622768802648	4400	OK
GROUP	LName	1622768798245	1622768803863	4400	OK
REQUEST	LName,LN	LName_Smith_WI	1622768803863	1622768810811	OK	 
GROUP	LName,LN	1622768803863	1622768810813	6948	OK
GROUP	LName	1622768803863	1622768811846	6948	OK
REQUEST	LName,LN	LName_Smith_WI	1622768811847	1622768816169	OK	 
GROUP	LName,LN	1622768811847	1622768816172	4322	OK
GROUP	LName	1622768811847	1622768817994	4322	OK
REQUEST	LName,LN	LName_Smith_WI	1622768817995	1622768822815	OK	 
GROUP	LName,LN	1622768817994	1622768822816	4820	OK
GROUP	LName	1622768817994	1622768823933	4820	OK
REQUEST	LName,LN	LName_Smith_WI	1622768823934	1622768828507	OK	 
GROUP	LName,LN	1622768823933	1622768828509	4573	OK
GROUP	LName	1622768823933	1622768830224	4573	OK
REQUEST	LName,LN	LName_Smith_WI	1622768830224	1622768834905	OK	 
GROUP	LName,LN	1622768830224	1622768834906	4681	OK
GROUP	LName	1622768830224	1622768836870	4681	OK
REQUEST	LName,LN	LName_Smith_WI	1622768836870	1622768841357	OK	 
GROUP	LName,LN	1622768836870	1622768841358	4487	OK
GROUP	LName	1622768836870	1622768842747	4487	OK
REQUEST	LName,LN	LName_Smith_WI	1622768842748	1622768848412	OK	 
GROUP	LName,LN	1622768842748	1622768848413	5664	OK
GROUP	LName	1622768842748	1622768849822	5664	OK
REQUEST	LName,LN	LName_Smith_WI	1622768849823	1622768854563	OK	 
GROUP	LName,LN	1622768849822	1622768854565	4740	OK
GROUP	LName	1622768849822	1622768856422	4740	OK
REQUEST	LName,LN	LName_Smith_WI	1622768856422	1622768861390	OK	 
GROUP	LName,LN	1622768856422	1622768861391	4968	OK
GROUP	LName	1622768856422	1622768862788	4968	OK
REQUEST	LName,LN	LName_Smith_WI	1622768862789	1622768868194	OK	 
GROUP	LName,LN	1622768862789	1622768868197	5405	OK
GROUP	LName	1622768862788	1622768869430	5405	OK
REQUEST	LName,LN	LName_Smith_WI	1622768869431	1622768874386	OK	 
GROUP	LName,LN	1622768869431	1622768874388	4955	OK
GROUP	LName	1622768869430	1622768875430	4955	OK
REQUEST	LName,LN	LName_Smith_WI	1622768875431	1622768880230	OK	 
GROUP	LName,LN	1622768875430	1622768880232	4799	OK
GROUP	LName	1622768875430	1622768881566	4799	OK
REQUEST	LName,LN	LName_Smith_WI	1622768881567	1622768886204	OK	 
GROUP	LName,LN	1622768881567	1622768886205	4637	OK
GROUP	LName	1622768881566	1622768887225	4637	OK
REQUEST	LName,LN	LName_Smith_WI	1622768887225	1622768896647	OK	 
GROUP	LName,LN	1622768887225	1622768896649	9422	OK
GROUP	LName	1622768887225	1622768897732	9422	OK
REQUEST	LName,LN	LName_Smith_WI	1622768897732	1622768902172	OK	 
GROUP	LName,LN	1622768897732	1622768902173	4440	OK
GROUP	LName	1622768897732	1622768904120	4440	OK
REQUEST	LName,LN	LName_Smith_WI	1622768904120	1622768908415	OK	 
GROUP	LName,LN	1622768904120	1622768908417	4295	OK
GROUP	LName	1622768904120	1622768909418	4295	OK
REQUEST	LName,LN	LName_Smith_WI	1622768909419	1622768914301	OK	 
GROUP	LName,LN	1622768909419	1622768914303	4882	OK
GROUP	LName	1622768909418	1622768915400	4882	OK
REQUEST	LName,LN	LName_Smith_WI	1622768915400	1622768919785	OK	 
GROUP	LName,LN	1622768915400	1622768919787	4385	OK
GROUP	LName	1622768915400	1622768921019	4385	OK
REQUEST	LName,LN	LName_Smith_WI	1622768921020	1622768925318	OK	 
GROUP	LName,LN	1622768921020	1622768925319	4298	OK
GROUP	LName	1622768921019	1622768927031	4298	OK
REQUEST	LName,LN	LName_Smith_WI	1622768927032	1622768931663	OK	 
GROUP	LName,LN	1622768927032	1622768931665	4631	OK
GROUP	LName	1622768927031	1622768933589	4631	OK
REQUEST	LName,LN	LName_Smith_WI	1622768933589	1622768939030	OK	 
GROUP	LName,LN	1622768933589	1622768939032	5441	OK
GROUP	LName	1622768933589	1622768940582	5441	OK
REQUEST	LName,LN	LName_Smith_WI	1622768940583	1622768945493	OK	 
GROUP	LName,LN	1622768940582	1622768945495	4910	OK
GROUP	LName	1622768940582	1622768947077	4910	OK
REQUEST	LName,LN	LName_Smith_WI	1622768947078	1622768951538	OK	 
GROUP	LName,LN	1622768947077	1622768951539	4460	OK
GROUP	LName	1622768947077	1622768952905	4460	OK
REQUEST	LName,LN	LName_Smith_WI	1622768952905	1622768957547	OK	 
GROUP	LName,LN	1622768952905	1622768957548	4642	OK
GROUP	LName	1622768952905	1622768959363	4642	OK
REQUEST	LName,LN	LName_Smith_WI	1622768959363	1622768964207	OK	 
GROUP	LName,LN	1622768959363	1622768964208	4844	OK
GROUP	LName	1622768959363	1622768965247	4844	OK
REQUEST	LName,LN	LName_Smith_WI	1622768965248	1622768970031	OK	 
GROUP	LName,LN	1622768965247	1622768970033	4783	OK
GROUP	LName	1622768965247	1622768971212	4783	OK
REQUEST	LName,LN	LName_Smith_WI	1622768971212	1622768975884	OK	 
GROUP	LName,LN	1622768971212	1622768975886	4672	OK
GROUP	LName	1622768971212	1622768977515	4672	OK
REQUEST	LName,LN	LName_Smith_WI	1622768977515	1622768981955	OK	 
GROUP	LName,LN	1622768977515	1622768981957	4440	OK
GROUP	LName	1622768977515	1622768983771	4440	OK
REQUEST	LName,LN	LName_Smith_WI	1622768983772	1622768988648	OK	 
GROUP	LName,LN	1622768983771	1622768988650	4876	OK
GROUP	LName	1622768983771	1622768989954	4876	OK
REQUEST	LName,LN	LName_Smith_WI	1622768989955	1622768994355	OK	 
GROUP	LName,LN	1622768989955	1622768994357	4400	OK
GROUP	LName	1622768989955	1622768996166	4400	OK
REQUEST	LName,LN	LName_Smith_WI	1622768996166	1622769000445	OK	 
GROUP	LName,LN	1622768996166	1622769000446	4279	OK
GROUP	LName	1622768996166	1622769002319	4279	OK
REQUEST	LName,LN	LName_Smith_WI	1622769002319	1622769007013	OK	 
GROUP	LName,LN	1622769002319	1622769007016	4694	OK
GROUP	LName	1622769002319	1622769008346	4694	OK
REQUEST	LName,LN	LName_Smith_WI	1622769008347	1622769013017	OK	 
GROUP	LName,LN	1622769008346	1622769013018	4670	OK
GROUP	LName	1622769008346	1622769014653	4670	OK
REQUEST	LName,LN	LName_Smith_WI	1622769014654	1622769019280	OK	 
GROUP	LName,LN	1622769014653	1622769019282	4626	OK
GROUP	LName	1622769014653	1622769021030	4626	OK
REQUEST	LName,LN	LName_Smith_WI	1622769021031	1622769025194	OK	 
GROUP	LName,LN	1622769021030	1622769025195	4163	OK
GROUP	LName	1622769021030	1622769026701	4163	OK
REQUEST	LName,LN	LName_Smith_WI	1622769026702	1622769031093	OK	 
GROUP	LName,LN	1622769026702	1622769031095	4391	OK
GROUP	LName	1622769026701	1622769032229	4391	OK
REQUEST	LName,LN	LName_Smith_WI	1622769032230	1622769036613	OK	 
GROUP	LName,LN	1622769032229	1622769036614	4383	OK
GROUP	LName	1622769032229	1622769038232	4383	OK
REQUEST	LName,LN	LName_Smith_WI	1622769038233	1622769043177	OK	 
GROUP	LName,LN	1622769038232	1622769043180	4944	OK
GROUP	LName	1622769038232	1622769044613	4944	OK
REQUEST	LName,LN	LName_Smith_WI	1622769044613	1622769049573	OK	 
GROUP	LName,LN	1622769044613	1622769049574	4960	OK
GROUP	LName	1622769044613	1622769050841	4960	OK
REQUEST	LName,LN	LName_Smith_WI	1622769050841	1622769055315	OK	 
GROUP	LName,LN	1622769050841	1622769055318	4474	OK
GROUP	LName	1622769050841	1622769056761	4474	OK
REQUEST	LName,LN	LName_Smith_WI	1622769056761	1622769061979	OK	 
GROUP	LName,LN	1622769056761	1622769061980	5218	OK
GROUP	LName	1622769056761	1622769063135	5218	OK
REQUEST	LName,LN	LName_Smith_WI	1622769063136	1622769068108	OK	 
GROUP	LName,LN	1622769063136	1622769068111	4972	OK
GROUP	LName	1622769063136	1622769069811	4972	OK
REQUEST	LName,LN	LName_Smith_WI	1622769069812	1622769074719	OK	 
GROUP	LName,LN	1622769069812	1622769074720	4907	OK
GROUP	LName	1622769069811	1622769075749	4907	OK
REQUEST	LName,LN	LName_Smith_WI	1622769075749	1622769080053	OK	 
GROUP	LName,LN	1622769075749	1622769080055	4304	OK
GROUP	LName	1622769075749	1622769081595	4304	OK
REQUEST	LName,LN	LName_Smith_WI	1622769081595	1622769085880	OK	 
GROUP	LName,LN	1622769081595	1622769085881	4285	OK
GROUP	LName	1622769081595	1622769087231	4285	OK
REQUEST	LName,LN	LName_Smith_WI	1622769087231	1622769092468	OK	 
GROUP	LName,LN	1622769087231	1622769092471	5237	OK
GROUP	LName	1622769087231	1622769094443	5237	OK
REQUEST	LName,LN	LName_Smith_WI	1622769094444	1622769098876	OK	 
GROUP	LName,LN	1622769094443	1622769098877	4432	OK
GROUP	LName	1622769094443	1622769100313	4432	OK
REQUEST	LName,LN	LName_Smith_WI	1622769100314	1622769105060	OK	 
GROUP	LName,LN	1622769100313	1622769105062	4746	OK
GROUP	LName	1622769100313	1622769106531	4746	OK
REQUEST	LName,LN	LName_Smith_WI	1622769106532	1622769110910	OK	 
GROUP	LName,LN	1622769106531	1622769110912	4378	OK
GROUP	LName	1622769106531	1622769111982	4378	OK
REQUEST	LName,LN	LName_Smith_WI	1622769111983	1622769116225	OK	 
GROUP	LName,LN	1622769111982	1622769116227	4242	OK
GROUP	LName	1622769111982	1622769117306	4242	OK
REQUEST	LName,LN	LName_Smith_WI	1622769117306	1622769122568	OK	 
GROUP	LName,LN	1622769117306	1622769122570	5262	OK
GROUP	LName	1622769117306	1622769124421	5262	OK
REQUEST	LName,LN	LName_Smith_WI	1622769124421	1622769129023	OK	 
GROUP	LName,LN	1622769124421	1622769129025	4602	OK
GROUP	LName	1622769124421	1622769130933	4602	OK
REQUEST	LName,LN	LName_Smith_WI	1622769130934	1622769135585	OK	 
GROUP	LName,LN	1622769130933	1622769135586	4651	OK
GROUP	LName	1622769130933	1622769137151	4651	OK
REQUEST	LName,LN	LName_Smith_WI	1622769137152	1622769141942	OK	 
GROUP	LName,LN	1622769137151	1622769141945	4790	OK
GROUP	LName	1622769137151	1622769143841	4790	OK
REQUEST	LName,LN	LName_Smith_WI	1622769143842	1622769149257	OK	 
GROUP	LName,LN	1622769143841	1622769149259	5415	OK
GROUP	LName	1622769143841	1622769151005	5415	OK
REQUEST	LName,LN	LName_Smith_WI	1622769151006	1622769155703	OK	 
GROUP	LName,LN	1622769151006	1622769155706	4697	OK
GROUP	LName	1622769151006	1622769156814	4697	OK
REQUEST	LName,LN	LName_Smith_WI	1622769156815	1622769161531	OK	 
GROUP	LName,LN	1622769156814	1622769161532	4716	OK
GROUP	LName	1622769156814	1622769163423	4716	OK
REQUEST	LName,LN	LName_Smith_WI	1622769163424	1622769168178	OK	 
GROUP	LName,LN	1622769163424	1622769168181	4754	OK
GROUP	LName	1622769163424	1622769169366	4754	OK
REQUEST	LName,LN	LName_Smith_WI	1622769169367	1622769174386	OK	 
GROUP	LName,LN	1622769169367	1622769174388	5019	OK
GROUP	LName	1622769169366	1622769176365	5019	OK
REQUEST	LName,LN	LName_Smith_WI	1622769176366	1622769180938	OK	 
GROUP	LName,LN	1622769176365	1622769180940	4572	OK
GROUP	LName	1622769176365	1622769182567	4572	OK
REQUEST	LName,LN	LName_Smith_WI	1622769182567	1622769186967	OK	 
GROUP	LName,LN	1622769182567	1622769186968	4400	OK
GROUP	LName	1622769182567	1622769188186	4400	OK
REQUEST	LName,LN	LName_Smith_WI	1622769188186	1622769192763	OK	 
GROUP	LName,LN	1622769188186	1622769192765	4577	OK
GROUP	LName	1622769188186	1622769194493	4577	OK
USER	Users_3	END	1622769194495
