RUN	MarsTest.Framework.MarsSim	marssim	1623801255566	 	3.5.1
USER	MarsTest	START	1623801257285
REQUEST	MarsTest / APIs,SearchByMetaData		1623801257304	1623801259483	OK	 
GROUP	MarsTest / APIs,SearchByMetaData	1623801257288	1623801259502	2179	OK
REQUEST	MarsTest / APIs,GetDocumentById		1623801260513	1623801260715	OK	 
GROUP	MarsTest / APIs,GetDocumentById	1623801260509	1623801260717	202	OK
REQUEST	MarsTest / APIs,FindAllStates		1623801261722	1623801261835	OK	 
GROUP	MarsTest / APIs,FindAllStates	1623801261721	1623801261836	113	OK
REQUEST	MarsTest / APIs,GetClusterByProviderType		1623801262840	1623801262981	OK	 
GROUP	MarsTest / APIs,GetClusterByProviderType	1623801262839	1623801262982	141	OK
REQUEST	MarsTest / APIs,GetProviderAddress		1623801263988	1623801264068	OK	 
GROUP	MarsTest / APIs,GetProviderAddress	1623801263987	1623801264069	80	OK
REQUEST	MarsTest / APIs,GetProviderName		1623801265076	1623801265165	OK	 
GROUP	MarsTest / APIs,GetProviderName	1623801265075	1623801265166	89	OK
REQUEST	MarsTest / APIs,findMemberLinxById		1623801266173	1623801266747	OK	 
GROUP	MarsTest / APIs,findMemberLinxById	1623801266172	1623801266748	574	OK
GROUP	MarsTest / APIs	1623801257287	1623801267753	3378	OK
REQUEST	MarsTest / APIs,SearchByMetaData		1623801267754	1623801269004	OK	 
GROUP	MarsTest / APIs,SearchByMetaData	1623801267754	1623801269005	1250	OK
REQUEST	MarsTest / APIs,GetDocumentById		1623801270010	1623801270240	OK	 
GROUP	MarsTest / APIs,GetDocumentById	1623801270009	1623801270242	230	OK
REQUEST	MarsTest / APIs,FindAllStates		1623801271248	1623801271361	OK	 
GROUP	MarsTest / APIs,FindAllStates	1623801271247	1623801271361	113	OK
REQUEST	MarsTest / APIs,GetClusterByProviderType		1623801272364	1623801272487	OK	 
GROUP	MarsTest / APIs,GetClusterByProviderType	1623801272363	1623801272488	123	OK
REQUEST	MarsTest / APIs,GetProviderAddress		1623801273495	1623801273590	OK	 
GROUP	MarsTest / APIs,GetProviderAddress	1623801273494	1623801273591	95	OK
REQUEST	MarsTest / APIs,GetProviderName		1623801274596	1623801274702	OK	 
GROUP	MarsTest / APIs,GetProviderName	1623801274595	1623801274702	106	OK
REQUEST	MarsTest / APIs,findMemberLinxById		1623801275705	1623801276173	OK	 
GROUP	MarsTest / APIs,findMemberLinxById	1623801275704	1623801276178	468	OK
GROUP	MarsTest / APIs	1623801267754	1623801277182	2385	OK
REQUEST	MarsTest / APIs,SearchByMetaData		1623801277183	1623801278825	OK	 
GROUP	MarsTest / APIs,SearchByMetaData	1623801277183	1623801278826	1642	OK
REQUEST	MarsTest / APIs,GetDocumentById		1623801279829	1623801280052	OK	 
GROUP	MarsTest / APIs,GetDocumentById	1623801279828	1623801280053	223	OK
REQUEST	MarsTest / APIs,FindAllStates		1623801281058	1623801281166	OK	 
GROUP	MarsTest / APIs,FindAllStates	1623801281057	1623801281167	108	OK
REQUEST	MarsTest / APIs,GetClusterByProviderType		1623801282170	1623801282314	OK	 
GROUP	MarsTest / APIs,GetClusterByProviderType	1623801282169	1623801282315	144	OK
REQUEST	MarsTest / APIs,GetProviderAddress		1623801283319	1623801283400	OK	 
GROUP	MarsTest / APIs,GetProviderAddress	1623801283318	1623801283401	81	OK
REQUEST	MarsTest / APIs,GetProviderName		1623801284406	1623801284487	OK	 
GROUP	MarsTest / APIs,GetProviderName	1623801284405	1623801284488	81	OK
REQUEST	MarsTest / APIs,findMemberLinxById		1623801285493	1623801285893	OK	 
GROUP	MarsTest / APIs,findMemberLinxById	1623801285492	1623801285894	400	OK
GROUP	MarsTest / APIs	1623801277183	1623801286898	2679	OK
REQUEST	MarsTest / APIs,SearchByMetaData		1623801286900	1623801288345	OK	 
GROUP	MarsTest / APIs,SearchByMetaData	1623801286899	1623801288346	1445	OK
REQUEST	MarsTest / APIs,GetDocumentById		1623801289352	1623801289605	OK	 
GROUP	MarsTest / APIs,GetDocumentById	1623801289351	1623801289606	253	OK
REQUEST	MarsTest / APIs,FindAllStates		1623801290612	1623801290736	OK	 
GROUP	MarsTest / APIs,FindAllStates	1623801290611	1623801290737	124	OK
REQUEST	MarsTest / APIs,GetClusterByProviderType		1623801291744	1623801291864	OK	 
GROUP	MarsTest / APIs,GetClusterByProviderType	1623801291743	1623801291865	120	OK
REQUEST	MarsTest / APIs,GetProviderAddress		1623801292871	1623801292949	OK	 
GROUP	MarsTest / APIs,GetProviderAddress	1623801292870	1623801292950	78	OK
REQUEST	MarsTest / APIs,GetProviderName		1623801293954	1623801294035	OK	 
GROUP	MarsTest / APIs,GetProviderName	1623801293954	1623801294035	81	OK
REQUEST	MarsTest / APIs,findMemberLinxById		1623801295042	1623801295473	OK	 
GROUP	MarsTest / APIs,findMemberLinxById	1623801295041	1623801295474	431	OK
GROUP	MarsTest / APIs	1623801286899	1623801296480	2532	OK
REQUEST	MarsTest / APIs,SearchByMetaData		1623801296481	1623801297890	OK	 
GROUP	MarsTest / APIs,SearchByMetaData	1623801296480	1623801297891	1409	OK
REQUEST	MarsTest / APIs,GetDocumentById		1623801298897	1623801300068	OK	 
GROUP	MarsTest / APIs,GetDocumentById	1623801298896	1623801300069	1171	OK
REQUEST	MarsTest / APIs,FindAllStates		1623801301073	1623801301450	OK	 
GROUP	MarsTest / APIs,FindAllStates	1623801301072	1623801301452	377	OK
REQUEST	MarsTest / APIs,GetClusterByProviderType		1623801302457	1623801302589	OK	 
GROUP	MarsTest / APIs,GetClusterByProviderType	1623801302456	1623801302591	132	OK
REQUEST	MarsTest / APIs,GetProviderAddress		1623801303592	1623801303745	OK	 
GROUP	MarsTest / APIs,GetProviderAddress	1623801303591	1623801303746	153	OK
REQUEST	MarsTest / APIs,GetProviderName		1623801304751	1623801304838	OK	 
GROUP	MarsTest / APIs,GetProviderName	1623801304750	1623801304839	87	OK
REQUEST	MarsTest / APIs,findMemberLinxById		1623801305842	1623801306264	OK	 
GROUP	MarsTest / APIs,findMemberLinxById	1623801305841	1623801306265	422	OK
GROUP	MarsTest / APIs	1623801296480	1623801307269	3751	OK
REQUEST	MarsTest / APIs,SearchByMetaData		1623801307269	1623801308754	OK	 
GROUP	MarsTest / APIs,SearchByMetaData	1623801307269	1623801308755	1485	OK
REQUEST	MarsTest / APIs,GetDocumentById		1623801309757	1623801309931	OK	 
GROUP	MarsTest / APIs,GetDocumentById	1623801309756	1623801309932	174	OK
REQUEST	MarsTest / APIs,FindAllStates		1623801310936	1623801311052	OK	 
GROUP	MarsTest / APIs,FindAllStates	1623801310935	1623801311053	116	OK
REQUEST	MarsTest / APIs,GetClusterByProviderType		1623801312055	1623801312175	OK	 
GROUP	MarsTest / APIs,GetClusterByProviderType	1623801312055	1623801312176	120	OK
REQUEST	MarsTest / APIs,GetProviderAddress		1623801313181	1623801313262	OK	 
GROUP	MarsTest / APIs,GetProviderAddress	1623801313180	1623801313263	81	OK
REQUEST	MarsTest / APIs,GetProviderName		1623801314268	1623801314415	OK	 
GROUP	MarsTest / APIs,GetProviderName	1623801314268	1623801314416	147	OK
REQUEST	MarsTest / APIs,findMemberLinxById		1623801315418	1623801315820	OK	 
GROUP	MarsTest / APIs,findMemberLinxById	1623801315417	1623801315822	402	OK
GROUP	MarsTest / APIs	1623801307269	1623801316824	2525	OK
REQUEST	MarsTest / APIs,SearchByMetaData		1623801316825	1623801318348	OK	 
GROUP	MarsTest / APIs,SearchByMetaData	1623801316824	1623801318349	1523	OK
REQUEST	MarsTest / APIs,GetDocumentById		1623801319352	1623801319729	OK	 
GROUP	MarsTest / APIs,GetDocumentById	1623801319351	1623801319730	377	OK
REQUEST	MarsTest / APIs,FindAllStates		1623801320735	1623801320853	OK	 
GROUP	MarsTest / APIs,FindAllStates	1623801320734	1623801320854	118	OK
REQUEST	MarsTest / APIs,GetClusterByProviderType		1623801321858	1623801321977	OK	 
GROUP	MarsTest / APIs,GetClusterByProviderType	1623801321857	1623801321978	119	OK
REQUEST	MarsTest / APIs,GetProviderAddress		1623801322982	1623801323068	OK	 
GROUP	MarsTest / APIs,GetProviderAddress	1623801322981	1623801323069	86	OK
REQUEST	MarsTest / APIs,GetProviderName		1623801324071	1623801324167	OK	 
GROUP	MarsTest / APIs,GetProviderName	1623801324071	1623801324168	96	OK
REQUEST	MarsTest / APIs,findMemberLinxById		1623801325174	1623801325664	OK	 
GROUP	MarsTest / APIs,findMemberLinxById	1623801325173	1623801325664	490	OK
GROUP	MarsTest / APIs	1623801316824	1623801326668	2809	OK
REQUEST	MarsTest / APIs,SearchByMetaData		1623801326669	1623801328113	OK	 
GROUP	MarsTest / APIs,SearchByMetaData	1623801326668	1623801328113	1444	OK
REQUEST	MarsTest / APIs,GetDocumentById		1623801329117	1623801329331	OK	 
GROUP	MarsTest / APIs,GetDocumentById	1623801329116	1623801329332	214	OK
REQUEST	MarsTest / APIs,FindAllStates		1623801330338	1623801330448	OK	 
GROUP	MarsTest / APIs,FindAllStates	1623801330337	1623801330448	110	OK
REQUEST	MarsTest / APIs,GetClusterByProviderType		1623801331453	1623801331592	OK	 
GROUP	MarsTest / APIs,GetClusterByProviderType	1623801331453	1623801331593	139	OK
REQUEST	MarsTest / APIs,GetProviderAddress		1623801332599	1623801332686	OK	 
GROUP	MarsTest / APIs,GetProviderAddress	1623801332599	1623801332687	87	OK
REQUEST	MarsTest / APIs,GetProviderName		1623801333693	1623801333783	OK	 
GROUP	MarsTest / APIs,GetProviderName	1623801333692	1623801333783	90	OK
REQUEST	MarsTest / APIs,findMemberLinxById		1623801334790	1623801335350	OK	 
GROUP	MarsTest / APIs,findMemberLinxById	1623801334789	1623801335351	560	OK
GROUP	MarsTest / APIs	1623801326668	1623801336353	2644	OK
REQUEST	MarsTest / APIs,SearchByMetaData		1623801336354	1623801337906	OK	 
GROUP	MarsTest / APIs,SearchByMetaData	1623801336353	1623801337907	1552	OK
REQUEST	MarsTest / APIs,GetDocumentById		1623801338913	1623801339140	OK	 
GROUP	MarsTest / APIs,GetDocumentById	1623801338912	1623801339141	227	OK
REQUEST	MarsTest / APIs,FindAllStates		1623801340146	1623801340258	OK	 
GROUP	MarsTest / APIs,FindAllStates	1623801340145	1623801340259	112	OK
REQUEST	MarsTest / APIs,GetClusterByProviderType		1623801341260	1623801341390	OK	 
GROUP	MarsTest / APIs,GetClusterByProviderType	1623801341260	1623801341391	130	OK
REQUEST	MarsTest / APIs,GetProviderAddress		1623801342396	1623801342481	OK	 
GROUP	MarsTest / APIs,GetProviderAddress	1623801342396	1623801342482	85	OK
REQUEST	MarsTest / APIs,GetProviderName		1623801343488	1623801343594	OK	 
GROUP	MarsTest / APIs,GetProviderName	1623801343487	1623801343595	106	OK
REQUEST	MarsTest / APIs,findMemberLinxById		1623801344601	1623801344979	OK	 
GROUP	MarsTest / APIs,findMemberLinxById	1623801344600	1623801344980	378	OK
GROUP	MarsTest / APIs	1623801336353	1623801345984	2590	OK
REQUEST	MarsTest / APIs,SearchByMetaData		1623801345985	1623801347329	OK	 
GROUP	MarsTest / APIs,SearchByMetaData	1623801345985	1623801347330	1344	OK
REQUEST	MarsTest / APIs,GetDocumentById		1623801348335	1623801348510	OK	 
GROUP	MarsTest / APIs,GetDocumentById	1623801348334	1623801348511	175	OK
REQUEST	MarsTest / APIs,FindAllStates		1623801349517	1623801349703	OK	 
GROUP	MarsTest / APIs,FindAllStates	1623801349516	1623801349704	186	OK
REQUEST	MarsTest / APIs,GetClusterByProviderType		1623801350709	1623801350821	OK	 
GROUP	MarsTest / APIs,GetClusterByProviderType	1623801350708	1623801350822	112	OK
REQUEST	MarsTest / APIs,GetProviderAddress		1623801351825	1623801351910	OK	 
GROUP	MarsTest / APIs,GetProviderAddress	1623801351825	1623801351910	85	OK
REQUEST	MarsTest / APIs,GetProviderName		1623801352916	1623801352999	OK	 
GROUP	MarsTest / APIs,GetProviderName	1623801352915	1623801352999	83	OK
REQUEST	MarsTest / APIs,findMemberLinxById		1623801354005	1623801354444	OK	 
GROUP	MarsTest / APIs,findMemberLinxById	1623801354004	1623801354445	439	OK
GROUP	MarsTest / APIs	1623801345985	1623801355450	2424	OK
USER	MarsTest	END	1623801355454
