RUN	MarsTest.Framework.MarsSim	marssim	1623803040195	MarsTest.Framework.MarsSim-SIMULATION_1_2:SIMULATION_2_0:SIMULATION_3_0:Iterations_2	3.5.1
USER	MarsTest	START	1623803041679
USER	MarsTest	START	1623803043675
REQUEST	MarsTest / APIs,SearchByMetaData		1623803041697	1623803043957	OK	 
GROUP	MarsTest / APIs,SearchByMetaData	1623803041683	1623803043975	2260	OK
REQUEST	MarsTest / APIs,GetDocumentById		1623803044983	1623803045192	OK	 
GROUP	MarsTest / APIs,GetDocumentById	1623803044981	1623803045194	209	OK
REQUEST	MarsTest / APIs,SearchByMetaData		1623803043676	1623803046289	OK	 
GROUP	MarsTest / APIs,SearchByMetaData	1623803043675	1623803046290	2613	OK
REQUEST	MarsTest / APIs,FindAllStates		1623803046197	1623803046314	OK	 
GROUP	MarsTest / APIs,FindAllStates	1623803046196	1623803046315	117	OK
REQUEST	MarsTest / APIs,GetClusterByProviderType		1623803047321	1623803047449	OK	 
GROUP	MarsTest / APIs,GetClusterByProviderType	1623803047320	1623803047450	128	OK
REQUEST	MarsTest / APIs,GetDocumentById		1623803047296	1623803047477	OK	 
GROUP	MarsTest / APIs,GetDocumentById	1623803047295	1623803047478	181	OK
REQUEST	MarsTest / APIs,GetProviderAddress		1623803048456	1623803048554	OK	 
GROUP	MarsTest / APIs,GetProviderAddress	1623803048456	1623803048555	98	OK
REQUEST	MarsTest / APIs,FindAllStates		1623803048483	1623803048593	OK	 
GROUP	MarsTest / APIs,FindAllStates	1623803048482	1623803048595	110	OK
REQUEST	MarsTest / APIs,GetProviderName		1623803049561	1623803049648	OK	 
GROUP	MarsTest / APIs,GetProviderName	1623803049560	1623803049649	87	OK
REQUEST	MarsTest / APIs,GetClusterByProviderType		1623803049599	1623803049703	OK	 
GROUP	MarsTest / APIs,GetClusterByProviderType	1623803049598	1623803049704	104	OK
REQUEST	MarsTest / APIs,GetProviderAddress		1623803050706	1623803050787	OK	 
GROUP	MarsTest / APIs,GetProviderAddress	1623803050705	1623803050788	81	OK
REQUEST	MarsTest / APIs,findMemberLinxById		1623803050653	1623803051154	OK	 
GROUP	MarsTest / APIs,findMemberLinxById	1623803050652	1623803051155	501	OK
REQUEST	MarsTest / APIs,GetProviderName		1623803051793	1623803051909	OK	 
GROUP	MarsTest / APIs,GetProviderName	1623803051792	1623803051910	116	OK
GROUP	MarsTest / APIs	1623803041682	1623803052157	3400	OK
REQUEST	MarsTest / APIs,findMemberLinxById		1623803052916	1623803053350	OK	 
GROUP	MarsTest / APIs,findMemberLinxById	1623803052915	1623803053352	434	OK
GROUP	MarsTest / APIs	1623803043675	1623803054356	3639	OK
REQUEST	MarsTest / APIs,SearchByMetaData		1623803052158	1623803054737	OK	 
GROUP	MarsTest / APIs,SearchByMetaData	1623803052157	1623803054738	2579	OK
REQUEST	MarsTest / APIs,GetDocumentById		1623803055742	1623803055946	OK	 
GROUP	MarsTest / APIs,GetDocumentById	1623803055740	1623803055947	204	OK
REQUEST	MarsTest / APIs,SearchByMetaData		1623803054357	1623803056634	OK	 
GROUP	MarsTest / APIs,SearchByMetaData	1623803054356	1623803056635	2277	OK
REQUEST	MarsTest / APIs,FindAllStates		1623803056952	1623803057055	OK	 
GROUP	MarsTest / APIs,FindAllStates	1623803056951	1623803057056	103	OK
REQUEST	MarsTest / APIs,GetDocumentById		1623803057641	1623803057829	OK	 
GROUP	MarsTest / APIs,GetDocumentById	1623803057641	1623803057830	188	OK
REQUEST	MarsTest / APIs,GetClusterByProviderType		1623803058058	1623803058170	OK	 
GROUP	MarsTest / APIs,GetClusterByProviderType	1623803058057	1623803058171	112	OK
REQUEST	MarsTest / APIs,FindAllStates		1623803058836	1623803058953	OK	 
GROUP	MarsTest / APIs,FindAllStates	1623803058835	1623803058954	117	OK
REQUEST	MarsTest / APIs,GetProviderAddress		1623803059176	1623803059261	OK	 
GROUP	MarsTest / APIs,GetProviderAddress	1623803059175	1623803059262	85	OK
REQUEST	MarsTest / APIs,GetClusterByProviderType		1623803059956	1623803060196	OK	 
GROUP	MarsTest / APIs,GetClusterByProviderType	1623803059955	1623803060197	240	OK
REQUEST	MarsTest / APIs,GetProviderName		1623803060266	1623803060347	OK	 
GROUP	MarsTest / APIs,GetProviderName	1623803060265	1623803060348	81	OK
REQUEST	MarsTest / APIs,GetProviderAddress		1623803061203	1623803061282	OK	 
GROUP	MarsTest / APIs,GetProviderAddress	1623803061202	1623803061283	79	OK
REQUEST	MarsTest / APIs,findMemberLinxById		1623803061352	1623803061759	OK	 
GROUP	MarsTest / APIs,findMemberLinxById	1623803061351	1623803061760	407	OK
REQUEST	MarsTest / APIs,GetProviderName		1623803062290	1623803062430	OK	 
GROUP	MarsTest / APIs,GetProviderName	1623803062289	1623803062431	140	OK
GROUP	MarsTest / APIs	1623803052157	1623803062764	3571	OK
USER	MarsTest	END	1623803062767
REQUEST	MarsTest / APIs,findMemberLinxById		1623803063435	1623803063830	OK	 
GROUP	MarsTest / APIs,findMemberLinxById	1623803063434	1623803063831	395	OK
GROUP	MarsTest / APIs	1623803054356	1623803064834	3436	OK
USER	MarsTest	END	1623803064835
