RUN	Optum.Framework.OptumSim	optumsim	1620855603425	 	3.5.1
USER	Users_1	START	1620855604921
REQUEST	Scen_1,Login	BasePage	1620855604938	1620855605227	OK	 
REQUEST	Scen_1,Login	BasePage_1	1620855605246	1620855605328	OK	 
REQUEST	Scen_1,Login	BasePage_2	1620855605335	1620855605400	OK	 
REQUEST	Scen_1,Login	BasePage_3	1620855605401	1620855605470	OK	 
REQUEST	Scen_1,Login	BasePage_4	1620855605472	1620855605545	OK	 
REQUEST	Scen_1,Login	BasePage_5	1620855605546	1620855607311	OK	 
GROUP	Scen_1,Login	1620855604924	1620855607313	2343	OK
REQUEST	Scen_1,SearchByActiveMember	Select_SearchByActiveMember	1620855608318	1620855608512	OK	 
GROUP	Scen_1,SearchByActiveMember	1620855608318	1620855608513	194	OK
REQUEST	Scen_1,SearchMembers	request_2	1620855610526	1620855611410	OK	 
REQUEST	Scen_1,SearchMembers	request_3	1620855611412	1620855612229	OK	 
GROUP	Scen_1,SearchMembers	1620855610525	1620855612230	1701	OK
REQUEST	Scen_1,Search3	Search_3	1620855614906	1620855615347	OK	 
GROUP	Scen_1,Search3	1620855614906	1620855615348	441	OK
REQUEST	Scen_1,SearchByActiveMember	Select_SearchByActiveMember	1620855618145	1620855618271	OK	 
GROUP	Scen_1,SearchByActiveMember	1620855618145	1620855618272	126	OK
REQUEST	Scen_1,SearchMembers	request_2	1620855620723	1620855621649	OK	 
REQUEST	Scen_1,SearchMembers	request_3	1620855621650	1620855622418	OK	 
GROUP	Scen_1,SearchMembers	1620855620722	1620855622419	1694	OK
REQUEST	Scen_1,Search3	Search_3	1620855624448	1620855624927	OK	 
GROUP	Scen_1,Search3	1620855624447	1620855624928	479	OK
REQUEST	Scen_1,SearchByActiveMember	Select_SearchByActiveMember	1620855627558	1620855627910	OK	 
GROUP	Scen_1,SearchByActiveMember	1620855627557	1620855627910	352	OK
REQUEST	Scen_1,SearchMembers	request_2	1620855630829	1620855631787	OK	 
REQUEST	Scen_1,SearchMembers	request_3	1620855631789	1620855632608	OK	 
GROUP	Scen_1,SearchMembers	1620855630828	1620855632609	1777	OK
REQUEST	Scen_1,Search3	Search_3	1620855635292	1620855635992	OK	 
GROUP	Scen_1,Search3	1620855635292	1620855635993	700	OK
REQUEST	Scen_1,SearchByActiveMember	Select_SearchByActiveMember	1620855638573	1620855638755	OK	 
GROUP	Scen_1,SearchByActiveMember	1620855638572	1620855638756	182	OK
REQUEST	Scen_1,SearchMembers	request_2	1620855641126	1620855641925	OK	 
REQUEST	Scen_1,SearchMembers	request_3	1620855641926	1620855642745	OK	 
GROUP	Scen_1,SearchMembers	1620855641126	1620855642746	1618	OK
REQUEST	Scen_1,Search3	Search_3	1620855645623	1620855646325	OK	 
GROUP	Scen_1,Search3	1620855645622	1620855646326	702	OK
REQUEST	Scen_1,SearchByActiveMember	Select_SearchByActiveMember	1620855648598	1620855648726	OK	 
GROUP	Scen_1,SearchByActiveMember	1620855648597	1620855648727	128	OK
REQUEST	Scen_1,SearchMembers	request_2	1620855651504	1620855652477	OK	 
REQUEST	Scen_1,SearchMembers	request_3	1620855652479	1620855653292	OK	 
GROUP	Scen_1,SearchMembers	1620855651503	1620855653293	1786	OK
REQUEST	Scen_1,Search3	Search_3	1620855655898	1620855656363	OK	 
GROUP	Scen_1,Search3	1620855655897	1620855656364	465	OK
REQUEST	Scen_1,SearchByActiveMember	Select_SearchByActiveMember	1620855658656	1620855658802	OK	 
GROUP	Scen_1,SearchByActiveMember	1620855658655	1620855658802	146	OK
REQUEST	Scen_1,SearchMembers	request_2	1620855661273	1620855662223	OK	 
REQUEST	Scen_1,SearchMembers	request_3	1620855662224	1620855662979	OK	 
GROUP	Scen_1,SearchMembers	1620855661272	1620855662980	1705	OK
REQUEST	Scen_1,Search3	Search_3	1620855665960	1620855666706	OK	 
GROUP	Scen_1,Search3	1620855665959	1620855666707	746	OK
REQUEST	Scen_1,SearchByActiveMember	Select_SearchByActiveMember	1620855668786	1620855668918	OK	 
GROUP	Scen_1,SearchByActiveMember	1620855668785	1620855668919	132	OK
REQUEST	Scen_1,SearchMembers	request_2	1620855671356	1620855672120	OK	 
REQUEST	Scen_1,SearchMembers	request_3	1620855672122	1620855672861	OK	 
GROUP	Scen_1,SearchMembers	1620855671355	1620855672861	1503	OK
REQUEST	Scen_1,Search3	Search_3	1620855674921	1620855675410	OK	 
GROUP	Scen_1,Search3	1620855674920	1620855675411	489	OK
REQUEST	Scen_1,SearchByActiveMember	Select_SearchByActiveMember	1620855678332	1620855678451	OK	 
GROUP	Scen_1,SearchByActiveMember	1620855678331	1620855678452	119	OK
REQUEST	Scen_1,SearchMembers	request_2	1620855681069	1620855682066	OK	 
REQUEST	Scen_1,SearchMembers	request_3	1620855682068	1620855682810	OK	 
GROUP	Scen_1,SearchMembers	1620855681069	1620855682811	1739	OK
REQUEST	Scen_1,Search3	Search_3	1620855684891	1620855686264	OK	 
GROUP	Scen_1,Search3	1620855684890	1620855686265	1373	OK
REQUEST	Scen_1,SearchByActiveMember	Select_SearchByActiveMember	1620855689237	1620855689402	OK	 
GROUP	Scen_1,SearchByActiveMember	1620855689236	1620855689403	165	OK
REQUEST	Scen_1,SearchMembers	request_2	1620855692276	1620855693330	OK	 
REQUEST	Scen_1,SearchMembers	request_3	1620855693331	1620855694150	OK	 
GROUP	Scen_1,SearchMembers	1620855692275	1620855694151	1873	OK
REQUEST	Scen_1,Search3	Search_3	1620855696498	1620855697017	OK	 
GROUP	Scen_1,Search3	1620855696497	1620855697018	519	OK
REQUEST	Scen_1,SearchByActiveMember	Select_SearchByActiveMember	1620855699919	1620855700192	OK	 
GROUP	Scen_1,SearchByActiveMember	1620855699918	1620855700193	273	OK
REQUEST	Scen_1,SearchMembers	request_2	1620855702981	1620855703772	OK	 
REQUEST	Scen_1,SearchMembers	request_3	1620855703773	1620855704553	OK	 
GROUP	Scen_1,SearchMembers	1620855702980	1620855704553	1571	OK
REQUEST	Scen_1,Search3	Search_3	1620855707223	1620855707765	OK	 
GROUP	Scen_1,Search3	1620855707222	1620855707765	542	OK
REQUEST	Scen_1,Search3	Search_3	1620855710014	1620855710738	OK	 
GROUP	Scen_1,Search3	1620855710014	1620855710738	724	OK
GROUP	Scen_1	1620855604923	1620855711740	28307	OK
USER	Users_1	END	1620855711743
