RUN	MarsTest.Framework.MarsSim	marssim	1623880517879	MarsTest.Framework.MarsSim-SIMULATION_1_1:SIMULATION_2_0:SIMULATION_3_0:Iterations_10	3.5.1
USER	MarsTestApi8	START	1623880519397
REQUEST	MarsTestApi / API,findMemberLinxById		1623880519414	1623880520663	OK	 
GROUP	MarsTestApi / API,findMemberLinxById	1623880519400	1623880520682	1249	OK
GROUP	MarsTestApi / API	1623880519399	1623880521689	1249	OK
REQUEST	MarsTestApi / API,findMemberLinxById		1623880521693	1623880522239	OK	 
GROUP	MarsTestApi / API,findMemberLinxById	1623880521690	1623880522240	546	OK
GROUP	MarsTestApi / API	1623880521690	1623880523245	546	OK
REQUEST	MarsTestApi / API,findMemberLinxById		1623880523245	1623880523551	OK	 
GROUP	MarsTestApi / API,findMemberLinxById	1623880523245	1623880523552	306	OK
GROUP	MarsTestApi / API	1623880523245	1623880524554	306	OK
REQUEST	MarsTestApi / API,findMemberLinxById		1623880524555	1623880524843	OK	 
GROUP	MarsTestApi / API,findMemberLinxById	1623880524554	1623880524845	288	OK
GROUP	MarsTestApi / API	1623880524554	1623880525846	288	OK
REQUEST	MarsTestApi / API,findMemberLinxById		1623880525847	1623880526149	OK	 
GROUP	MarsTestApi / API,findMemberLinxById	1623880525847	1623880526151	302	OK
GROUP	MarsTestApi / API	1623880525847	1623880527155	302	OK
REQUEST	MarsTestApi / API,findMemberLinxById		1623880527156	1623880527671	OK	 
GROUP	MarsTestApi / API,findMemberLinxById	1623880527155	1623880527672	515	OK
GROUP	MarsTestApi / API	1623880527155	1623880528677	515	OK
REQUEST	MarsTestApi / API,findMemberLinxById		1623880528678	1623880529004	OK	 
GROUP	MarsTestApi / API,findMemberLinxById	1623880528677	1623880529006	326	OK
GROUP	MarsTestApi / API	1623880528677	1623880530007	326	OK
REQUEST	MarsTestApi / API,findMemberLinxById		1623880530008	1623880530533	OK	 
GROUP	MarsTestApi / API,findMemberLinxById	1623880530008	1623880530537	525	OK
GROUP	MarsTestApi / API	1623880530008	1623880531542	525	OK
REQUEST	MarsTestApi / API,findMemberLinxById		1623880531543	1623880531869	OK	 
GROUP	MarsTestApi / API,findMemberLinxById	1623880531542	1623880531871	326	OK
GROUP	MarsTestApi / API	1623880531542	1623880532871	326	OK
REQUEST	MarsTestApi / API,findMemberLinxById		1623880532873	1623880533219	OK	 
GROUP	MarsTestApi / API,findMemberLinxById	1623880532872	1623880533220	346	OK
GROUP	MarsTestApi / API	1623880532872	1623880534222	346	OK
USER	MarsTestApi8	END	1623880534225
