RUN	BO.Framework.BOSim	bosim	1623697456456	 	3.5.1
USER	Users_1	START	1623697457848
REQUEST	LOGIN,LOGIN	LOGIN	1623697457874	1623697458951	OK	 
REQUEST	LOGIN,LOGIN	request_11	1623697458971	1623697459256	OK	 
REQUEST	LOGIN,LOGIN	request_12	1623697459266	1623697459364	OK	 
REQUEST	LOGIN,LOGIN	request_13	1623697459365	1623697459792	OK	 
REQUEST	LOGIN,LOGIN	request_14	1623697459794	1623697459859	OK	 
REQUEST	LOGIN,LOGIN	request_14 Redirect 1	1623697459861	1623697459959	OK	 
REQUEST	LOGIN,LOGIN	favicon.ico	1623697459995	1623697460312	OK	 
REQUEST	LOGIN,LOGIN	error-63062f7857.min.js	1623697459993	1623697460314	OK	 
REQUEST	LOGIN,LOGIN	consumer-optum3-b35069f230.css	1623697459995	1623697460326	OK	 
REQUEST	LOGIN,LOGIN	consumer-7acd47889c.css	1623697459994	1623697460386	OK	 
REQUEST	LOGIN,LOGIN	uitk-req-min-948de8930b.css	1623697459994	1623697460433	OK	 
REQUEST	LOGIN,LOGIN	lib-min-7e6d84b497.js	1623697459992	1623697460567	OK	 
REQUEST	LOGIN,LOGIN	request_19	1623697460609	1623697461075	OK	 
REQUEST	LOGIN,LOGIN	publicSector.js	1623697461082	1623697461150	OK	 
REQUEST	LOGIN,LOGIN	providerExpress_logo.gif	1623697461151	1623697461219	OK	 
REQUEST	LOGIN,LOGIN	loading.gif	1623697461220	1623697461304	OK	 
REQUEST	LOGIN,LOGIN	home-bar.css	1623697461084	1623697461361	OK	 
REQUEST	LOGIN,LOGIN	sso.js	1623697461082	1623697461363	OK	 
REQUEST	LOGIN,LOGIN	tabs.css	1623697461083	1623697461365	OK	 
REQUEST	LOGIN,LOGIN	uolStyle.css	1623697461083	1623697461369	OK	 
REQUEST	LOGIN,LOGIN	space.gif	1623697461304	1623697461373	OK	 
REQUEST	LOGIN,LOGIN	jquery-3.3.1.slim.min.js	1623697461084	1623697461489	OK	 
REQUEST	LOGIN,LOGIN	request_20	1623697461491	1623697461561	OK	 
REQUEST	LOGIN,LOGIN	request_22	1623697461562	1623697461632	OK	 
REQUEST	LOGIN,LOGIN	request_23	1623697461633	1623697461716	OK	 
REQUEST	LOGIN,LOGIN	request_23 Redirect 1	1623697461716	1623697461865	OK	 
REQUEST	LOGIN,LOGIN	request_23 Redirect 2	1623697461866	1623697461989	OK	 
REQUEST	LOGIN,LOGIN	request_23 Redirect 3	1623697461990	1623697462190	OK	 
REQUEST	LOGIN,LOGIN	global-app-config.js	1623697462196	1623697462297	OK	 
REQUEST	LOGIN,LOGIN	newrelic.js	1623697462197	1623697462360	OK	 
REQUEST	LOGIN,LOGIN	uitk-req-min-945fd9447c.js	1623697462196	1623697462416	OK	 
REQUEST	LOGIN,LOGIN	{{favIconPath}}	1623697462195	1623697462422	OK	 
REQUEST	LOGIN,LOGIN	summer.js	1623697462195	1623697462802	OK	 
REQUEST	LOGIN,LOGIN	prelogin-f85aab9ec4.min.js	1623697462197	1623697462826	OK	 
REQUEST	LOGIN,LOGIN	request_25	1623697462830	1623697462901	OK	 
REQUEST	LOGIN,LOGIN	request_26	1623697462902	1623697463014	OK	 
REQUEST	LOGIN,LOGIN	request_27	1623697463015	1623697463093	OK	 
REQUEST	LOGIN,LOGIN	request_28	1623697463094	1623697463189	OK	 
REQUEST	LOGIN,LOGIN	request_29	1623697463190	1623697463269	OK	 
REQUEST	LOGIN,LOGIN	request_45	1623697463270	1623697463648	OK	 
REQUEST	LOGIN,LOGIN	request_46	1623697463651	1623697464423	OK	 
REQUEST	LOGIN,LOGIN	request_51	1623697464427	1623697464851	OK	 
REQUEST	LOGIN,LOGIN	request_52	1623697464854	1623697465179	OK	 
REQUEST	LOGIN,LOGIN	request_53	1623697465180	1623697465486	OK	 
REQUEST	LOGIN,LOGIN	request_54	1623697465487	1623697465585	OK	 
REQUEST	LOGIN,LOGIN	request_55	1623697465586	1623697465679	OK	 
REQUEST	LOGIN,LOGIN	request_56	1623697465679	1623697465788	OK	 
REQUEST	LOGIN,LOGIN	request_57	1623697465789	1623697465987	OK	 
REQUEST	LOGIN,LOGIN	request_58	1623697465988	1623697466208	OK	 
REQUEST	LOGIN,LOGIN	request_60	1623697466209	1623697466310	OK	 
REQUEST	LOGIN,LOGIN	request_61	1623697466310	1623697467674	OK	 
GROUP	LOGIN,LOGIN	1623697457853	1623697467674	9697	OK
REQUEST	LOGIN,LOGGED_IN	LOGGEDIn	1623697469213	1623697469616	OK	 
REQUEST	LOGIN,LOGGED_IN	request_63	1623697469617	1623697469696	OK	 
REQUEST	LOGIN,LOGGED_IN	request_65	1623697469697	1623697469775	OK	 
REQUEST	LOGIN,LOGGED_IN	request_65 Redirect 1	1623697469775	1623697469913	OK	 
REQUEST	LOGIN,LOGGED_IN	request_65 Redirect 2	1623697469914	1623697470040	OK	 
REQUEST	LOGIN,LOGGED_IN	request_65 Redirect 3	1623697470041	1623697470237	OK	 
REQUEST	LOGIN,LOGGED_IN	{{favIconPath}}	1623697470239	1623697470433	OK	 
REQUEST	LOGIN,LOGGED_IN	summer.js	1623697470238	1623697471228	OK	 
REQUEST	LOGIN,LOGGED_IN	request_68	1623697471230	1623697471358	OK	 
REQUEST	LOGIN,LOGGED_IN	request_70	1623697471359	1623697471490	OK	 
REQUEST	LOGIN,LOGGED_IN	request_71	1623697471491	1623697471587	OK	 
REQUEST	LOGIN,LOGGED_IN	request_74	1623697471588	1623697471848	OK	 
REQUEST	LOGIN,LOGGED_IN	request_76	1623697471849	1623697472058	OK	 
REQUEST	LOGIN,LOGGED_IN	request_77	1623697472059	1623697472130	OK	 
REQUEST	LOGIN,LOGGED_IN	request_79	1623697472131	1623697473006	OK	 
REQUEST	LOGIN,LOGGED_IN	request_89	1623697473010	1623697474130	OK	 
REQUEST	LOGIN,LOGGED_IN	request_90	1623697474134	1623697475496	OK	 
REQUEST	LOGIN,LOGGED_IN	request_92	1623697475521	1623697475689	OK	 
REQUEST	LOGIN,LOGGED_IN	request_93	1623697475690	1623697475844	OK	 
REQUEST	LOGIN,LOGGED_IN	request_98	1623697475845	1623697476073	OK	 
REQUEST	LOGIN,LOGGED_IN	request_99	1623697476073	1623697476294	OK	 
GROUP	LOGIN,LOGGED_IN	1623697469212	1623697476294	7035	OK
GROUP	LOGIN	1623697457851	1623697477783	16732	OK
USER	Users_1	END	1623697477787
