RUN	JJ.Framework.JJSim	jjsim	1622664624855	JJ.Framework.JJSim-SIMULATION_1_1:SIMULATION_2_1:SIMULATION_3_0:SIMULATION_4_0:Iterations_5	3.5.1
USER	Users_2	START	1622664626276
USER	Users_1	START	1622664626276
REQUEST	NPI,NPI	NPI_1245318229	1622664626298	1622664633273	OK	 
GROUP	NPI,NPI	1622664626280	1622664633306	6975	OK
REQUEST	TIN,TIN	TIN_391139101	1622664626298	1622664633417	KO	status.find.in(200,201,202,203,204,205,206,207,208,209,304), found 500
GROUP	TIN,TIN	1622664626280	1622664633420	7119	KO
REQUEST	TIN,TIN_Control	TIN_Control	1622664634505	1622664635005	KO	status.find.in(200,201,202,203,204,205,206,207,208,209,304), found 500
GROUP	TIN,TIN_Control	1622664634502	1622664635006	500	KO
REQUEST	NPI,NPI_Control	NPI_Control	1622664635089	1622664635260	OK	 
GROUP	NPI,NPI_Control	1622664635089	1622664635261	171	OK
GROUP	NPI	1622664626278	1622664636272	7146	OK
REQUEST	NPI,NPI	NPI_1821049651	1622664636275	1622664636472	OK	 
GROUP	NPI,NPI	1622664636274	1622664636473	197	OK
GROUP	TIN	1622664626278	1622664636586	7619	KO
REQUEST	TIN,TIN	TIN_391139101	1622664636587	1622664636673	KO	status.find.in(200,201,202,203,204,205,206,207,208,209,304), found 500
GROUP	TIN,TIN	1622664636586	1622664636674	86	KO
REQUEST	NPI,NPI_Control	NPI_Control	1622664637534	1622664637725	OK	 
GROUP	NPI,NPI_Control	1622664637533	1622664637726	191	OK
REQUEST	TIN,TIN_Control	TIN_Control	1622664637737	1622664637919	KO	status.find.in(200,201,202,203,204,205,206,207,208,209,304), found 500
GROUP	TIN,TIN_Control	1622664637737	1622664637919	182	KO
GROUP	TIN	1622664636586	1622664639001	268	KO
REQUEST	TIN,TIN	TIN_391139101	1622664639002	1622664639340	KO	status.find.in(200,201,202,203,204,205,206,207,208,209,304), found 500
GROUP	TIN,TIN	1622664639002	1622664639341	338	KO
GROUP	NPI	1622664636273	1622664639622	388	OK
REQUEST	NPI,NPI	NPI_1114976883	1622664639624	1622664639727	KO	status.find.in(200,201,202,203,204,205,206,207,208,209,304), found 500
GROUP	NPI,NPI	1622664639623	1622664639728	103	KO
REQUEST	TIN,TIN_Control	TIN_Control	1622664640688	1622664641080	KO	status.find.in(200,201,202,203,204,205,206,207,208,209,304), found 500
GROUP	TIN,TIN_Control	1622664640688	1622664641081	392	KO
REQUEST	NPI,NPI_Control	NPI_Control	1622664641725	1622664642207	OK	 
GROUP	NPI,NPI_Control	1622664641725	1622664642208	482	OK
GROUP	TIN	1622664639001	1622664642762	730	KO
REQUEST	TIN,TIN	TIN_391139101	1622664642763	1622664643947	KO	status.find.in(200,201,202,203,204,205,206,207,208,209,304), found 500
GROUP	TIN,TIN	1622664642762	1622664643947	1184	KO
GROUP	NPI	1622664639622	1622664644040	585	KO
REQUEST	NPI,NPI	NPI_1740270032	1622664644042	1622664644181	OK	 
GROUP	NPI,NPI	1622664644041	1622664644182	139	OK
REQUEST	TIN,TIN_Control	TIN_Control	1622664645142	1622664645551	KO	status.find.in(200,201,202,203,204,205,206,207,208,209,304), found 500
GROUP	TIN,TIN_Control	1622664645141	1622664645551	409	KO
REQUEST	NPI,NPI_Control	NPI_Control	1622664645713	1622664645812	KO	status.find.in(200,201,202,203,204,205,206,207,208,209,304), found 500
GROUP	NPI,NPI_Control	1622664645713	1622664645812	99	KO
GROUP	TIN	1622664642762	1622664647322	1593	KO
GROUP	NPI	1622664644040	1622664647589	238	KO
REQUEST	TIN,TIN	TIN_391139101	1622664647324	1622664647772	KO	status.find.in(200,201,202,203,204,205,206,207,208,209,304), found 500
GROUP	TIN,TIN	1622664647323	1622664647773	448	KO
REQUEST	NPI,NPI	NPI_1245419696	1622664647591	1622664647945	OK	 
GROUP	NPI,NPI	1622664647590	1622664647946	354	OK
REQUEST	NPI,NPI_Control	NPI_Control	1622664649513	1622664649683	OK	 
GROUP	NPI,NPI_Control	1622664649512	1622664649684	170	OK
REQUEST	TIN,TIN_Control	TIN_Control	1622664649660	1622664649754	KO	status.find.in(200,201,202,203,204,205,206,207,208,209,304), found 500
GROUP	TIN,TIN_Control	1622664649659	1622664649755	94	KO
GROUP	TIN	1622664647323	1622664650959	542	KO
USER	Users_2	END	1622664650962
GROUP	NPI	1622664647590	1622664651209	524	OK
USER	Users_1	END	1622664651210
