RUN	JJ.Framework.JJSim	jjsim	1622676691355	JJ.Framework.JJSim-SIMULATION_1_1:SIMULATION_2_1:SIMULATION_3_1:SIMULATION_4_0:Iterations_3	3.5.1
USER	Users_2	START	1622676692822
USER	Users_1	START	1622676692822
USER	Users_3	START	1622676692822
REQUEST	LName,LN	LName_Smith	1622676692850	1622676698212	KO	status.find.in(200,201,202,203,204,205,206,207,208,209,304), found 500
REQUEST	TIN,TIN	TIN_391139101	1622676692850	1622676698212	KO	status.find.in(200,201,202,203,204,205,206,207,208,209,304), found 500
GROUP	TIN,TIN	1622676692828	1622676698234	5362	KO
GROUP	LName,LN	1622676692828	1622676698234	5362	KO
REQUEST	NPI,NPI	NPI_1245318229	1622676692850	1622676698258	OK	 
GROUP	NPI,NPI	1622676692828	1622676698273	5408	OK
GROUP	LName	1622676692825	1622676699283	5362	KO
GROUP	TIN	1622676692825	1622676699423	5362	KO
REQUEST	LName,LN	LName_Jones	1622676699288	1622676699951	KO	status.find.in(200,201,202,203,204,205,206,207,208,209,304), found 500
GROUP	LName,LN	1622676699286	1622676699952	663	KO
REQUEST	TIN,TIN	TIN_391139101	1622676699425	1622676699951	KO	status.find.in(200,201,202,203,204,205,206,207,208,209,304), found 500
GROUP	TIN,TIN	1622676699424	1622676699952	526	KO
GROUP	NPI	1622676692825	1622676700241	5408	OK
REQUEST	NPI,NPI	NPI_1821049651	1622676700242	1622676700415	OK	 
GROUP	NPI,NPI	1622676700241	1622676700416	173	OK
GROUP	TIN	1622676699424	1622676701457	526	KO
GROUP	LName	1622676699284	1622676701604	663	KO
REQUEST	LName,LN	LName_Rogers	1622676701605	1622676701893	KO	status.find.in(200,201,202,203,204,205,206,207,208,209,304), found 500
GROUP	LName,LN	1622676701605	1622676701894	288	KO
REQUEST	TIN,TIN	TIN_391139101	1622676701459	1622676701928	KO	status.find.in(200,201,202,203,204,205,206,207,208,209,304), found 500
GROUP	TIN,TIN	1622676701458	1622676701929	469	KO
GROUP	NPI	1622676700241	1622676702313	173	OK
REQUEST	NPI,NPI	NPI_1114976883	1622676702314	1622676702698	OK	 
GROUP	NPI,NPI	1622676702314	1622676702700	384	OK
GROUP	TIN	1622676701457	1622676703068	469	KO
USER	Users_2	END	1622676703071
GROUP	LName	1622676701604	1622676703116	288	KO
USER	Users_3	END	1622676703116
GROUP	NPI	1622676702313	1622676704258	384	OK
USER	Users_1	END	1622676704260
