RUN	GOO.Framework.GOO	goo	1623257664236	GOO.Framework.GOO-SIMULATION_1_1:SIMULATION_2_0:SIMULATION_3_0:SIMULATION_4_:Iterations_2	3.5.1
USER	Users_1	START	1623257665583
USER	Users_3	START	1623257665583
USER	Users_2	START	1623257665583
REQUEST	NPI,NPI	NPI_1245318229	1623257665611	1623257672350	OK	 
GROUP	NPI,NPI	1623257665588	1623257672373	6739	OK
GROUP	NPI	1623257665586	1623257674203	6739	OK
REQUEST	NPI,NPI	NPI_1821049651	1623257674208	1623257674394	OK	 
GROUP	NPI,NPI	1623257674205	1623257674395	186	OK
GROUP	NPI	1623257674204	1623257676309	186	OK
USER	Users_1	END	1623257676312
REQUEST	TIN,TIN	TIN_391139101	1623257665611	1623257676352	OK	 
GROUP	TIN,TIN	1623257665588	1623257676357	10741	OK
GROUP	TIN	1623257665586	1623257677779	10741	OK
REQUEST	LName,LN	LName_Smith_WI	1623257665611	1623257678077	OK	 
GROUP	LName,LN	1623257665588	1623257678081	12466	OK
GROUP	LName	1623257665586	1623257679213	12466	OK
REQUEST	TIN,TIN	TIN_391139101	1623257677781	1623257681793	OK	 
GROUP	TIN,TIN	1623257677780	1623257681795	4012	OK
GROUP	TIN	1623257677780	1623257683091	4012	OK
USER	Users_2	END	1623257683092
REQUEST	LName,LN	LName_Smith_WI	1623257679215	1623257685139	OK	 
GROUP	LName,LN	1623257679214	1623257685142	5924	OK
GROUP	LName	1623257679213	1623257686816	5924	OK
USER	Users_3	END	1623257686818
