RUN	Boo2	boo2	1623286008362	 	3.5.1
USER	Boo2	START	1623286009815
REQUEST		LOGIN	1623286009830	1623286010521	OK	 
REQUEST		request_1	1623286010549	1623286010835	OK	 
REQUEST		request_4	1623286010551	1623286011055	OK	 
REQUEST		request_12	1623286010704	1623286011074	OK	 
REQUEST		request_45	1623286010774	1623286011088	OK	 
REQUEST		request_15	1623286010706	1623286011090	OK	 
REQUEST		request_14	1623286010705	1623286011095	OK	 
REQUEST		request_13	1623286010705	1623286011100	OK	 
REQUEST		request_5	1623286010552	1623286011104	OK	 
REQUEST		request_52	1623286010634	1623286011110	OK	 
REQUEST		request_43	1623286010770	1623286011115	OK	 
REQUEST		request_48	1623286010775	1623286011149	OK	 
REQUEST		request_2	1623286010551	1623286011154	OK	 
REQUEST		request_11	1623286010704	1623286011162	OK	 
REQUEST		request_4	1623286011058	1623286011167	OK	 
REQUEST		request_6	1623286010552	1623286011174	OK	 
REQUEST		request_16	1623286011087	1623286011175	OK	 
REQUEST		request_19	1623286011102	1623286011183	OK	 
REQUEST		request_47	1623286010775	1623286011219	OK	 
REQUEST		request_49	1623286011089	1623286011221	OK	 
REQUEST		request_50	1623286011116	1623286011222	OK	 
REQUEST		request_17	1623286011091	1623286011238	OK	 
REQUEST		request_18	1623286011099	1623286011250	OK	 
REQUEST		request_51	1623286011151	1623286011252	OK	 
REQUEST		request_42	1623286010708	1623286011253	OK	 
REQUEST		request_46	1623286010774	1623286011254	OK	 
REQUEST		request_6	1623286011176	1623286011256	OK	 
REQUEST		request_20	1623286011166	1623286011258	OK	 
REQUEST		request_22	1623286011184	1623286011265	OK	 
REQUEST		request_10	1623286010703	1623286011310	OK	 
REQUEST		request_23	1623286011240	1623286011330	OK	 
REQUEST		request_24	1623286011251	1623286011332	OK	 
REQUEST		request_26	1623286011259	1623286011343	OK	 
REQUEST		request_28	1623286011312	1623286011396	OK	 
REQUEST		request_29	1623286011331	1623286011418	OK	 
REQUEST		request_30	1623286011332	1623286011420	OK	 
REQUEST		request_31	1623286011344	1623286011431	OK	 
REQUEST		request_3	1623286010706	1623286011453	OK	 
REQUEST		request_25	1623286011257	1623286011477	OK	 
REQUEST		request_32	1623286011397	1623286011484	OK	 
REQUEST		request_9	1623286010553	1623286011498	OK	 
REQUEST		request_44	1623286010773	1623286011510	OK	 
REQUEST		request_35	1623286011421	1623286011518	OK	 
REQUEST		request_36	1623286011432	1623286011520	OK	 
REQUEST		request_39	1623286011486	1623286011563	OK	 
REQUEST		request_37	1623286011478	1623286011565	OK	 
REQUEST		request_40	1623286011519	1623286011608	OK	 
REQUEST		request_41	1623286011521	1623286011610	OK	 
REQUEST		request_27	1623286011265	1623286011611	OK	 
REQUEST		request_33	1623286011419	1623286011901	OK	 
REQUEST		SEARCHPAGE	1623286016913	1623286017178	OK	 
REQUEST		SEARCH_MEMBER	1623286022185	1623286022810	OK	 
REQUEST		request_55	1623286022818	1623286022893	OK	 
REQUEST		request_90	1623286022822	1623286022966	OK	 
REQUEST		request_68	1623286022894	1623286022969	OK	 
REQUEST		request_89	1623286022822	1623286022972	OK	 
REQUEST		request_83	1623286022821	1623286023007	OK	 
REQUEST		request_69	1623286022970	1623286023042	OK	 
REQUEST		request_55	1623286022894	1623286023099	OK	 
REQUEST		request_65	1623286022820	1623286023100	OK	 
REQUEST		request_67	1623286022821	1623286023102	OK	 
REQUEST		request_70	1623286023043	1623286023114	OK	 
REQUEST		request_63	1623286022819	1623286023117	OK	 
REQUEST		request_71	1623286023101	1623286023176	OK	 
REQUEST		request_72	1623286023102	1623286023178	OK	 
REQUEST		request_66	1623286022820	1623286023188	OK	 
REQUEST		request_73	1623286023115	1623286023197	OK	 
REQUEST		request_74	1623286023118	1623286023200	OK	 
REQUEST		request_55	1623286023100	1623286023232	OK	 
REQUEST		request_64	1623286022819	1623286023241	OK	 
REQUEST		request_75	1623286023178	1623286023264	OK	 
REQUEST		request_76	1623286023179	1623286023266	OK	 
REQUEST		request_77	1623286023190	1623286023274	OK	 
REQUEST		request_78	1623286023199	1623286023284	OK	 
REQUEST		request_84	1623286022821	1623286023331	OK	 
REQUEST		request_55	1623286023233	1623286023467	OK	 
REQUEST		request_80	1623286023242	1623286023569	OK	 
REQUEST		request_81	1623286023265	1623286023861	OK	 
REQUEST		request_79	1623286023201	1623286024943	OK	 
USER	Boo2	END	1623286024976
