RUN	ocmlogin	ocmlogin	1630419930538	 	3.5.1
USER	ocmlogin	START	1630419934153
REQUEST		Authenticate	1630419934176	1630419934556	OK	 
REQUEST		request_0	1630419934584	1630419935260	OK	 
REQUEST		request_1	1630419935264	1630419935677	OK	 
REQUEST		request_2	1630419935682	1630419935772	OK	 
REQUEST		request_2 Redirect 1	1630419935776	1630419936187	OK	 
REQUEST		request_2 Redirect 2	1630419936189	1630419936296	OK	 
REQUEST		bootstrap.min.css	1630419936373	1630419936663	OK	 
REQUEST		msidpassword.js	1630419936375	1630419941804	OK	 
REQUEST		UHG_Header_Logo.png	1630419936375	1630419941808	OK	 
REQUEST		common.css	1630419936374	1630419941818	OK	 
REQUEST		common.js	1630419936376	1630419942781	OK	 
REQUEST		request_3	1630419942785	1630419944379	OK	 
REQUEST		zone-patch-user-media.js	1630419946671	1630419952341	OK	 
REQUEST		webapis-rtc-peer-connection.min.js	1630419946670	1630419952350	OK	 
REQUEST		global-this	1630419946735	1630419952353	OK	 
REQUEST		global-this	1630419952354	1630419952433	OK	 
REQUEST		global-this	1630419952434	1630419952508	OK	 
REQUEST		popper.min.js	1630419946674	1630419952530	OK	 
REQUEST		zone.min.js	1630419945601	1630419952542	OK	 
REQUEST		amd.min.js	1630419952344	1630419952668	OK	 
REQUEST		named-exports.min.js	1630419952351	1630419952670	OK	 
REQUEST		bootstrap.min.js	1630419944521	1630419952677	OK	 
REQUEST		minified.min.js	1630419952544	1630419952700	OK	 
REQUEST		icon?family=Material+Icons	1630419944520	1630419952765	OK	 
REQUEST		css2?family=Roboto:wght@300;400;500&display=swap	1630419944455	1630419952810	OK	 
REQUEST		runtime.min.js	1630419946672	1630419952812	OK	 
REQUEST		system.min.js	1630419946673	1630419952835	OK	 
REQUEST		omni-chat-widget-settings.js	1630419946808	1630419952884	OK	 
REQUEST		omni-chat-widget.css	1630419952041	1630419953038	OK	 
REQUEST		d3.v3.min.js	1630419952042	1630419953205	OK	 
REQUEST		jquery-2.2.4.min.js	1630419944454	1630419953447	OK	 
REQUEST		import-map-overrides.js	1630419946672	1630419953512	OK	 
REQUEST		jquery-3.3.1.slim.min.js	1630419944388	1630419954393	OK	 
REQUEST		omni-chat-widget.js	1630419952040	1630419957314	OK	 
REQUEST		request_21	1630419957323	1630419957407	OK	 
REQUEST		request_22	1630419957408	1630419957476	OK	 
REQUEST		request_23	1630419957478	1630419957553	OK	 
REQUEST		request_24	1630419957554	1630419957717	OK	 
REQUEST		request_25	1630419957719	1630419958062	OK	 
REQUEST		request_26	1630419958063	1630419961813	OK	 
REQUEST		request_27	1630419961864	1630419962077	OK	 
REQUEST		request_28	1630419962078	1630419962156	OK	 
REQUEST		request_29	1630419962158	1630419962555	OK	 
REQUEST		request_30	1630419962556	1630419963329	OK	 
REQUEST		request_31	1630419963331	1630419963538	OK	 
REQUEST		request_32	1630419963543	1630419964197	OK	 
REQUEST		request_33	1630419964199	1630419964277	KO	status.find.in(200,201,202,203,204,205,206,207,208,209,304), found 400
REQUEST		request_34	1630419964280	1630419966032	OK	 
REQUEST		request_35	1630419966033	1630419966204	OK	 
REQUEST		request_36	1630419966206	1630419966649	KO	status.find.in(200,201,202,203,204,205,206,207,208,209,304), found 400
REQUEST		request_37	1630419966651	1630419967125	OK	 
REQUEST		request_38	1630419967126	1630419967249	OK	 
REQUEST		request_39	1630419967250	1630419967348	OK	 
REQUEST		request_40	1630419967350	1630419967499	OK	 
REQUEST		request_41	1630419967500	1630419967577	OK	 
REQUEST		request_42	1630419967579	1630419967657	OK	 
REQUEST		request_43	1630419967658	1630419967740	OK	 
REQUEST		request_44	1630419967741	1630419967920	OK	 
REQUEST		request_45	1630419967921	1630419968086	OK	 
USER	ocmlogin	END	1630419968098
