RUN	BO.Framework.BOSim	bosim	1623686383674	 	3.5.1
USER	Users_1	START	1623686386182
REQUEST	LOGIN,LOGIN	LOGIN	1623686386206	1623686387601	OK	 
REQUEST	LOGIN,LOGIN	request_11	1623686387620	1623686387973	OK	 
REQUEST	LOGIN,LOGIN	request_12	1623686387982	1623686388504	OK	 
REQUEST	LOGIN,LOGIN	request_13	1623686388505	1623686388846	OK	 
REQUEST	LOGIN,LOGIN	request_14	1623686388846	1623686388911	OK	 
REQUEST	LOGIN,LOGIN	request_14 Redirect 1	1623686388914	1623686389010	OK	 
REQUEST	LOGIN,LOGIN	error-63062f7857.min.js	1623686389042	1623686389340	OK	 
REQUEST	LOGIN,LOGIN	favicon.ico	1623686389044	1623686389348	OK	 
REQUEST	LOGIN,LOGIN	consumer-7acd47889c.css	1623686389043	1623686389350	OK	 
REQUEST	LOGIN,LOGIN	consumer-optum3-b35069f230.css	1623686389043	1623686389357	OK	 
REQUEST	LOGIN,LOGIN	uitk-req-min-948de8930b.css	1623686389042	1623686389423	OK	 
REQUEST	LOGIN,LOGIN	lib-min-7e6d84b497.js	1623686389041	1623686390276	OK	 
REQUEST	LOGIN,LOGIN	request_16	1623686390302	1623686390468	OK	 
REQUEST	LOGIN,LOGIN	request_16 Redirect 1	1623686390469	1623686390859	OK	 
REQUEST	LOGIN,LOGIN	publicSector.js	1623686390865	1623686390932	OK	 
REQUEST	LOGIN,LOGIN	providerExpress_logo.gif	1623686390933	1623686391002	OK	 
REQUEST	LOGIN,LOGIN	loading.gif	1623686391003	1623686391070	OK	 
REQUEST	LOGIN,LOGIN	tabs.css	1623686390866	1623686391134	OK	 
REQUEST	LOGIN,LOGIN	space.gif	1623686391070	1623686391136	OK	 
REQUEST	LOGIN,LOGIN	sso.js	1623686390865	1623686391138	OK	 
REQUEST	LOGIN,LOGIN	home-bar.css	1623686390867	1623686391140	OK	 
REQUEST	LOGIN,LOGIN	uolStyle.css	1623686390866	1623686391346	OK	 
REQUEST	LOGIN,LOGIN	jquery-3.3.1.slim.min.js	1623686390867	1623686391547	OK	 
REQUEST	LOGIN,LOGIN	request_17	1623686391548	1623686391815	KO	status.find.in(200,201,202,203,204,205,206,207,208,209,304), found 404
REQUEST	LOGIN,LOGIN	request_18	1623686391817	1623686391978	KO	status.find.in(200,201,202,203,204,205,206,207,208,209,304), found 404
REQUEST	LOGIN,LOGIN	request_19	1623686391979	1623686392111	KO	status.find.in(200,201,202,203,204,205,206,207,208,209,304), found 400
REQUEST	LOGIN,LOGIN	request_20	1623686392112	1623686392178	OK	 
REQUEST	LOGIN,LOGIN	request_21	1623686392180	1623686392249	OK	 
REQUEST	LOGIN,LOGIN	request_22	1623686392250	1623686392315	OK	 
REQUEST	LOGIN,LOGIN	request_23	1623686392316	1623686392388	OK	 
REQUEST	LOGIN,LOGIN	request_23 Redirect 1	1623686392389	1623686392574	OK	 
REQUEST	LOGIN,LOGIN	request_23 Redirect 2	1623686392574	1623686392702	OK	 
REQUEST	LOGIN,LOGIN	request_23 Redirect 3	1623686392703	1623686392904	OK	 
REQUEST	LOGIN,LOGIN	global-app-config.js	1623686392910	1623686393010	OK	 
REQUEST	LOGIN,LOGIN	newrelic.js	1623686392912	1623686393012	OK	 
REQUEST	LOGIN,LOGIN	uitk-req-min-945fd9447c.js	1623686392911	1623686393069	OK	 
REQUEST	LOGIN,LOGIN	prelogin-f85aab9ec4.min.js	1623686392911	1623686393071	OK	 
REQUEST	LOGIN,LOGIN	{{favIconPath}}	1623686392910	1623686393093	OK	 
REQUEST	LOGIN,LOGIN	summer.js	1623686392909	1623686394304	OK	 
REQUEST	LOGIN,LOGIN	request_24	1623686394305	1623686394484	OK	 
REQUEST	LOGIN,LOGIN	request_25	1623686394484	1623686394665	OK	 
REQUEST	LOGIN,LOGIN	request_26	1623686394666	1623686394843	OK	 
REQUEST	LOGIN,LOGIN	request_27	1623686394844	1623686395027	OK	 
REQUEST	LOGIN,LOGIN	request_28	1623686395028	1623686395209	OK	 
REQUEST	LOGIN,LOGIN	request_29	1623686395210	1623686395387	OK	 
REQUEST	LOGIN,LOGIN	request_30	1623686395388	1623686395568	OK	 
REQUEST	LOGIN,LOGIN	request_31	1623686395569	1623686395751	OK	 
REQUEST	LOGIN,LOGIN	request_32	1623686395751	1623686395932	OK	 
REQUEST	LOGIN,LOGIN	request_33	1623686395932	1623686396112	OK	 
REQUEST	LOGIN,LOGIN	request_34	1623686396113	1623686396293	OK	 
REQUEST	LOGIN,LOGIN	request_35	1623686396295	1623686396473	OK	 
REQUEST	LOGIN,LOGIN	request_36	1623686396474	1623686396653	OK	 
REQUEST	LOGIN,LOGIN	request_37	1623686396654	1623686396834	OK	 
REQUEST	LOGIN,LOGIN	request_38	1623686396835	1623686397014	OK	 
REQUEST	LOGIN,LOGIN	request_39	1623686397015	1623686397195	OK	 
REQUEST	LOGIN,LOGIN	request_40	1623686397196	1623686397377	OK	 
REQUEST	LOGIN,LOGIN	request_41	1623686397378	1623686397451	OK	 
REQUEST	LOGIN,LOGIN	request_42	1623686397452	1623686397519	OK	 
REQUEST	LOGIN,LOGIN	request_43	1623686397520	1623686397590	OK	 
REQUEST	LOGIN,LOGIN	request_44	1623686397591	1623686397656	OK	 
REQUEST	LOGIN,LOGIN	request_45	1623686397657	1623686398322	OK	 
REQUEST	LOGIN,LOGIN	request_46	1623686398324	1623686399452	OK	 
REQUEST	LOGIN,LOGIN	request_47	1623686399455	1623686399520	OK	 
REQUEST	LOGIN,LOGIN	request_48	1623686399521	1623686399586	OK	 
REQUEST	LOGIN,LOGIN	request_49	1623686399587	1623686399655	OK	 
REQUEST	LOGIN,LOGIN	request_50	1623686399655	1623686399723	OK	 
REQUEST	LOGIN,LOGIN	request_51	1623686399724	1623686400189	OK	 
REQUEST	LOGIN,LOGIN	request_52	1623686400191	1623686400571	OK	 
REQUEST	LOGIN,LOGIN	request_53	1623686400572	1623686400738	OK	 
REQUEST	LOGIN,LOGIN	request_54	1623686400739	1623686400862	OK	 
REQUEST	LOGIN,LOGIN	request_55	1623686400863	1623686400966	OK	 
REQUEST	LOGIN,LOGIN	request_56	1623686400967	1623686401067	OK	 
REQUEST	LOGIN,LOGIN	request_57	1623686401067	1623686401559	OK	 
REQUEST	LOGIN,LOGIN	request_58	1623686401560	1623686401971	OK	 
REQUEST	LOGIN,LOGIN	request_59	1623686401972	1623686402080	OK	 
REQUEST	LOGIN,LOGIN	request_60	1623686402081	1623686402196	OK	 
REQUEST	LOGIN,LOGIN	request_61	1623686402196	1623686402742	OK	 
GROUP	LOGIN,LOGIN	1623686386186	1623686402742	16415	KO
GROUP	LOGIN	1623686386184	1623686404467	16415	KO
USER	Users_1	END	1623686404472
