RUN	JJ.Framework.JJSim	jjsim	1622664235023	JJ.Framework.JJSim-SIMULATION_1_1:SIMULATION_2_1:SIMULATION_3_0:SIMULATION_4_0:Iterations_3	3.5.1
USER	Users_2	START	1622664236426
USER	Users_1	START	1622664236426
REQUEST	NPI,NPI_Control	NPI_Control	1622664236447	1622664241914	OK	 
GROUP	NPI,NPI_Control	1622664236431	1622664241948	5467	OK
REQUEST	TIN,TIN_Control	TIN_Control	1622664236447	1622664243046	KO	status.find.in(200,201,202,203,204,205,206,207,208,209,304), found 500
GROUP	TIN,TIN_Control	1622664236431	1622664243048	6599	KO
GROUP	NPI	1622664236429	1622664243463	5467	OK
REQUEST	NPI,NPI_Control	NPI_Control	1622664243468	1622664243617	OK	 
GROUP	NPI,NPI_Control	1622664243465	1622664243618	149	OK
GROUP	TIN	1622664236429	1622664244681	6599	KO
REQUEST	TIN,TIN_Control	TIN_Control	1622664244682	1622664245402	KO	status.find.in(200,201,202,203,204,205,206,207,208,209,304), found 500
GROUP	TIN,TIN_Control	1622664244681	1622664245402	720	KO
GROUP	NPI	1622664243464	1622664245553	149	OK
REQUEST	NPI,NPI_Control	NPI_Control	1622664245555	1622664245834	KO	status.find.in(200,201,202,203,204,205,206,207,208,209,304), found 500
GROUP	NPI,NPI_Control	1622664245554	1622664245835	279	KO
GROUP	TIN	1622664244681	1622664246975	720	KO
GROUP	NPI	1622664245554	1622664247226	279	KO
USER	Users_1	END	1622664247230
REQUEST	TIN,TIN_Control	TIN_Control	1622664246976	1622664248485	KO	status.find.in(200,201,202,203,204,205,206,207,208,209,304), found 500
GROUP	TIN,TIN_Control	1622664246975	1622664248486	1509	KO
GROUP	TIN	1622664246975	1622664249953	1509	KO
USER	Users_2	END	1622664249954
