RUN	BO.Framework.BOSim	bosim	1623686669332	 	3.5.1
USER	Users_1	START	1623686670788
REQUEST	LOGIN,LOGIN	LOGIN	1623686670811	1623686671478	OK	 
REQUEST	LOGIN,LOGIN	request_11	1623686671496	1623686671658	OK	 
REQUEST	LOGIN,LOGIN	request_12	1623686671668	1623686671766	OK	 
REQUEST	LOGIN,LOGIN	request_13	1623686671767	1623686672111	OK	 
REQUEST	LOGIN,LOGIN	request_14	1623686672113	1623686672178	OK	 
REQUEST	LOGIN,LOGIN	request_14 Redirect 1	1623686672182	1623686672278	OK	 
REQUEST	LOGIN,LOGIN	consumer-7acd47889c.css	1623686672308	1623686672614	OK	 
REQUEST	LOGIN,LOGIN	error-63062f7857.min.js	1623686672307	1623686672624	OK	 
REQUEST	LOGIN,LOGIN	consumer-optum3-b35069f230.css	1623686672308	1623686672625	OK	 
REQUEST	LOGIN,LOGIN	favicon.ico	1623686672309	1623686672627	OK	 
REQUEST	LOGIN,LOGIN	uitk-req-min-948de8930b.css	1623686672308	1623686672806	OK	 
REQUEST	LOGIN,LOGIN	lib-min-7e6d84b497.js	1623686672306	1623686673339	OK	 
REQUEST	LOGIN,LOGIN	request_16	1623686673365	1623686673555	OK	 
REQUEST	LOGIN,LOGIN	request_16 Redirect 1	1623686673556	1623686673887	OK	 
REQUEST	LOGIN,LOGIN	publicSector.js	1623686673896	1623686673962	OK	 
REQUEST	LOGIN,LOGIN	providerExpress_logo.gif	1623686673964	1623686674034	OK	 
REQUEST	LOGIN,LOGIN	loading.gif	1623686674035	1623686674108	OK	 
REQUEST	LOGIN,LOGIN	sso.js	1623686673897	1623686674170	OK	 
REQUEST	LOGIN,LOGIN	tabs.css	1623686673897	1623686674176	OK	 
REQUEST	LOGIN,LOGIN	home-bar.css	1623686673898	1623686674178	OK	 
REQUEST	LOGIN,LOGIN	space.gif	1623686674109	1623686674180	OK	 
REQUEST	LOGIN,LOGIN	uolStyle.css	1623686673898	1623686674236	OK	 
REQUEST	LOGIN,LOGIN	jquery-3.3.1.slim.min.js	1623686673899	1623686674481	OK	 
REQUEST	LOGIN,LOGIN	request_17	1623686674483	1623686675376	KO	status.find.in(200,201,202,203,204,205,206,207,208,209,304), found 404
REQUEST	LOGIN,LOGIN	request_18	1623686675379	1623686675541	KO	status.find.in(200,201,202,203,204,205,206,207,208,209,304), found 404
REQUEST	LOGIN,LOGIN	request_19	1623686675543	1623686675671	KO	status.find.in(200,201,202,203,204,205,206,207,208,209,304), found 400
REQUEST	LOGIN,LOGIN	request_20	1623686675673	1623686675739	OK	 
REQUEST	LOGIN,LOGIN	request_21	1623686675742	1623686675814	OK	 
REQUEST	LOGIN,LOGIN	request_22	1623686675816	1623686675892	OK	 
REQUEST	LOGIN,LOGIN	request_23	1623686675894	1623686675970	OK	 
REQUEST	LOGIN,LOGIN	request_23 Redirect 1	1623686675971	1623686676201	OK	 
REQUEST	LOGIN,LOGIN	request_23 Redirect 2	1623686676203	1623686676325	OK	 
REQUEST	LOGIN,LOGIN	request_23 Redirect 3	1623686676326	1623686676602	OK	 
REQUEST	LOGIN,LOGIN	global-app-config.js	1623686676610	1623686676707	OK	 
REQUEST	LOGIN,LOGIN	newrelic.js	1623686676612	1623686676710	OK	 
REQUEST	LOGIN,LOGIN	uitk-req-min-945fd9447c.js	1623686676611	1623686676763	OK	 
REQUEST	LOGIN,LOGIN	{{favIconPath}}	1623686676610	1623686676844	OK	 
REQUEST	LOGIN,LOGIN	prelogin-f85aab9ec4.min.js	1623686676611	1623686677058	OK	 
REQUEST	LOGIN,LOGIN	summer.js	1623686676609	1623686677325	OK	 
REQUEST	LOGIN,LOGIN	request_24	1623686677327	1623686677392	OK	 
REQUEST	LOGIN,LOGIN	request_25	1623686677393	1623686677461	OK	 
REQUEST	LOGIN,LOGIN	request_26	1623686677462	1623686677534	OK	 
REQUEST	LOGIN,LOGIN	request_27	1623686677535	1623686677662	OK	 
REQUEST	LOGIN,LOGIN	request_28	1623686677664	1623686677795	OK	 
REQUEST	LOGIN,LOGIN	request_29	1623686677797	1623686677864	OK	 
REQUEST	LOGIN,LOGIN	request_30	1623686677865	1623686677941	OK	 
REQUEST	LOGIN,LOGIN	request_31	1623686677943	1623686678009	OK	 
REQUEST	LOGIN,LOGIN	request_32	1623686678011	1623686678078	OK	 
REQUEST	LOGIN,LOGIN	request_33	1623686678079	1623686678145	OK	 
REQUEST	LOGIN,LOGIN	request_34	1623686678147	1623686678214	OK	 
REQUEST	LOGIN,LOGIN	request_35	1623686678215	1623686678282	OK	 
REQUEST	LOGIN,LOGIN	request_36	1623686678283	1623686678351	OK	 
REQUEST	LOGIN,LOGIN	request_37	1623686678352	1623686678620	OK	 
REQUEST	LOGIN,LOGIN	request_38	1623686678622	1623686678688	OK	 
REQUEST	LOGIN,LOGIN	request_39	1623686678689	1623686678759	OK	 
REQUEST	LOGIN,LOGIN	request_40	1623686678760	1623686678831	OK	 
REQUEST	LOGIN,LOGIN	request_41	1623686678832	1623686678899	OK	 
REQUEST	LOGIN,LOGIN	request_42	1623686678901	1623686678968	OK	 
REQUEST	LOGIN,LOGIN	request_43	1623686678970	1623686679038	OK	 
REQUEST	LOGIN,LOGIN	request_44	1623686679040	1623686679107	OK	 
REQUEST	LOGIN,LOGIN	request_45	1623686679107	1623686679710	OK	 
REQUEST	LOGIN,LOGIN	request_46	1623686679712	1623686680312	OK	 
REQUEST	LOGIN,LOGIN	request_47	1623686680316	1623686680401	OK	 
REQUEST	LOGIN,LOGIN	request_48	1623686680402	1623686680469	OK	 
REQUEST	LOGIN,LOGIN	request_49	1623686680471	1623686680542	OK	 
REQUEST	LOGIN,LOGIN	request_50	1623686680543	1623686680611	OK	 
REQUEST	LOGIN,LOGIN	request_51	1623686680612	1623686681106	OK	 
REQUEST	LOGIN,LOGIN	request_52	1623686681107	1623686681501	OK	 
REQUEST	LOGIN,LOGIN	request_53	1623686681502	1623686681674	OK	 
REQUEST	LOGIN,LOGIN	request_54	1623686681675	1623686681775	OK	 
REQUEST	LOGIN,LOGIN	request_55	1623686681776	1623686681874	OK	 
REQUEST	LOGIN,LOGIN	request_56	1623686681875	1623686681970	OK	 
REQUEST	LOGIN,LOGIN	request_57	1623686681971	1623686682188	OK	 
REQUEST	LOGIN,LOGIN	request_58	1623686682189	1623686682412	OK	 
REQUEST	LOGIN,LOGIN	request_59	1623686682413	1623686682519	OK	 
REQUEST	LOGIN,LOGIN	request_60	1623686682520	1623686682624	OK	 
REQUEST	LOGIN,LOGIN	request_61	1623686682625	1623686684042	OK	 
GROUP	LOGIN,LOGIN	1623686670792	1623686684043	13083	KO
GROUP	LOGIN	1623686670790	1623686685398	13083	KO
USER	Users_1	END	1623686685404
