RUN	JJ.Framework.JJSim	jjsim	1622664444533	JJ.Framework.JJSim-SIMULATION_1_1:SIMULATION_2_1:SIMULATION_3_0:SIMULATION_4_0:Iterations_10	3.5.1
USER	Users_1	START	1622664445989
USER	Users_2	START	1622664445989
REQUEST	NPI,NPI_Control	NPI_Control	1622664446008	1622664451436	OK	 
GROUP	NPI,NPI_Control	1622664445994	1622664451471	5428	OK
REQUEST	TIN,TIN_Control	TIN_Control	1622664446008	1622664451740	KO	status.find.in(200,201,202,203,204,205,206,207,208,209,304), found 500
GROUP	TIN,TIN_Control	1622664445994	1622664451742	5732	KO
GROUP	NPI	1622664445991	1622664452726	5428	OK
REQUEST	NPI,NPI_Control	NPI_Control	1622664452732	1622664452891	OK	 
GROUP	NPI,NPI_Control	1622664452729	1622664452892	159	OK
GROUP	TIN	1622664445991	1622664453027	5732	KO
REQUEST	TIN,TIN_Control	TIN_Control	1622664453029	1622664453582	KO	status.find.in(200,201,202,203,204,205,206,207,208,209,304), found 500
GROUP	TIN,TIN_Control	1622664453028	1622664453583	553	KO
GROUP	NPI	1622664452727	1622664454654	159	OK
REQUEST	NPI,NPI_Control	NPI_Control	1622664454655	1622664455118	OK	 
GROUP	NPI,NPI_Control	1622664454655	1622664455119	463	OK
GROUP	TIN	1622664453028	1622664455125	553	KO
REQUEST	TIN,TIN_Control	TIN_Control	1622664455126	1622664455601	KO	status.find.in(200,201,202,203,204,205,206,207,208,209,304), found 500
GROUP	TIN,TIN_Control	1622664455126	1622664455602	475	KO
GROUP	NPI	1622664454654	1622664457067	463	OK
GROUP	TIN	1622664455125	1622664457123	475	KO
REQUEST	TIN,TIN_Control	TIN_Control	1622664457124	1622664457226	KO	status.find.in(200,201,202,203,204,205,206,207,208,209,304), found 500
GROUP	TIN,TIN_Control	1622664457124	1622664457226	102	KO
REQUEST	NPI,NPI_Control	NPI_Control	1622664457069	1622664457226	OK	 
GROUP	NPI,NPI_Control	1622664457068	1622664457226	157	OK
GROUP	NPI	1622664457068	1622664458496	157	OK
REQUEST	NPI,NPI_Control	NPI_Control	1622664458497	1622664458693	OK	 
GROUP	NPI,NPI_Control	1622664458496	1622664458694	196	OK
GROUP	TIN	1622664457124	1622664459190	102	KO
GROUP	NPI	1622664458496	1622664459809	196	OK
REQUEST	TIN,TIN_Control	TIN_Control	1622664459191	1622664459820	KO	status.find.in(200,201,202,203,204,205,206,207,208,209,304), found 500
GROUP	TIN,TIN_Control	1622664459191	1622664459821	629	KO
REQUEST	NPI,NPI_Control	NPI_Control	1622664459811	1622664459893	KO	status.find.in(200,201,202,203,204,205,206,207,208,209,304), found 500
GROUP	NPI,NPI_Control	1622664459810	1622664459894	82	KO
GROUP	NPI	1622664459810	1622664461542	82	KO
REQUEST	NPI,NPI_Control	NPI_Control	1622664461543	1622664461700	OK	 
GROUP	NPI,NPI_Control	1622664461542	1622664461701	157	OK
GROUP	TIN	1622664459190	1622664461708	629	KO
REQUEST	TIN,TIN_Control	TIN_Control	1622664461709	1622664461815	KO	status.find.in(200,201,202,203,204,205,206,207,208,209,304), found 500
GROUP	TIN,TIN_Control	1622664461709	1622664461816	106	KO
GROUP	TIN	1622664461708	1622664463186	106	KO
GROUP	NPI	1622664461542	1622664463192	157	OK
REQUEST	NPI,NPI_Control	NPI_Control	1622664463193	1622664463373	OK	 
GROUP	NPI,NPI_Control	1622664463193	1622664463373	180	OK
REQUEST	TIN,TIN_Control	TIN_Control	1622664463188	1622664463820	KO	status.find.in(200,201,202,203,204,205,206,207,208,209,304), found 500
GROUP	TIN,TIN_Control	1622664463187	1622664463821	632	KO
GROUP	NPI	1622664463192	1622664465254	180	OK
GROUP	TIN	1622664463187	1622664465436	632	KO
REQUEST	TIN,TIN_Control	TIN_Control	1622664465437	1622664466076	KO	status.find.in(200,201,202,203,204,205,206,207,208,209,304), found 500
GROUP	TIN,TIN_Control	1622664465437	1622664466076	639	KO
REQUEST	NPI,NPI_Control	NPI_Control	1622664465255	1622664466690	OK	 
GROUP	NPI,NPI_Control	1622664465255	1622664466690	1435	OK
GROUP	TIN	1622664465436	1622664467198	639	KO
REQUEST	TIN,TIN_Control	TIN_Control	1622664467199	1622664467525	KO	status.find.in(200,201,202,203,204,205,206,207,208,209,304), found 500
GROUP	TIN,TIN_Control	1622664467199	1622664467526	326	KO
GROUP	NPI	1622664465254	1622664467843	1435	OK
REQUEST	NPI,NPI_Control	NPI_Control	1622664467844	1622664467930	KO	status.find.in(200,201,202,203,204,205,206,207,208,209,304), found 500
GROUP	NPI,NPI_Control	1622664467844	1622664467930	86	KO
GROUP	TIN	1622664467199	1622664469255	326	KO
GROUP	NPI	1622664467843	1622664469921	86	KO
USER	Users_1	END	1622664469924
REQUEST	TIN,TIN_Control	TIN_Control	1622664469256	1622664469930	KO	status.find.in(200,201,202,203,204,205,206,207,208,209,304), found 500
GROUP	TIN,TIN_Control	1622664469256	1622664469931	674	KO
GROUP	TIN	1622664469256	1622664471750	674	KO
USER	Users_2	END	1622664471752
