RUN	full2	full2	1623708389443	 	3.5.1
USER	full2	START	1623708391385
REQUEST		request_0	1623708391401	1623708391691	OK	 
REQUEST		request_0 Redirect 1	1623708391702	1623708392203	OK	 
REQUEST		request_0 Redirect 2	1623708392205	1623708392328	OK	 
REQUEST		request_0 Redirect 3	1623708392329	1623708392630	OK	 
REQUEST		request_1	1623708392809	1623708393093	OK	 
REQUEST		request_4	1623708392811	1623708393173	OK	 
REQUEST		request_3	1623708392810	1623708393183	OK	 
REQUEST		global-app-config.js	1623708392686	1623708393188	OK	 
REQUEST		request_2	1623708392810	1623708393191	OK	 
REQUEST		request_39	1623708392687	1623708393203	OK	 
REQUEST		request_6	1623708392812	1623708393221	OK	 
REQUEST		request_32	1623708392878	1623708393223	OK	 
REQUEST		request_35	1623708392880	1623708393238	OK	 
REQUEST		request_5	1623708392811	1623708393245	OK	 
REQUEST		request_8	1623708393175	1623708393265	OK	 
REQUEST		request_30	1623708392875	1623708393278	OK	 
REQUEST		{{favIconPath}}	1623708392685	1623708393291	OK	 
REQUEST		request_11	1623708393222	1623708393295	OK	 
REQUEST		request_7	1623708393106	1623708393302	OK	 
REQUEST		request_34	1623708392879	1623708393306	OK	 
REQUEST		request_12	1623708393246	1623708393318	OK	 
REQUEST		request_37	1623708393239	1623708393328	OK	 
REQUEST		request_13	1623708393266	1623708393340	OK	 
REQUEST		request_29	1623708392812	1623708393342	OK	 
REQUEST		request_33	1623708392879	1623708393347	OK	 
REQUEST		request_10	1623708393192	1623708393355	OK	 
REQUEST		request_14	1623708393295	1623708393367	OK	 
REQUEST		request_15	1623708393304	1623708393373	OK	 
REQUEST		request_38	1623708393279	1623708393385	OK	 
REQUEST		{{favIconPath}}	1623708393292	1623708393386	OK	 
REQUEST		request_9	1623708393185	1623708393388	OK	 
REQUEST		request_36	1623708393224	1623708393403	OK	 
REQUEST		uitk-req-min-945fd9447c.js	1623708392687	1623708393487	OK	 
REQUEST		summer.js	1623708392684	1623708393493	OK	 
REQUEST		request_16	1623708393319	1623708393539	OK	 
REQUEST		request_19	1623708393367	1623708393540	OK	 
REQUEST		request_18	1623708393356	1623708393542	OK	 
REQUEST		request_21	1623708393389	1623708393543	OK	 
REQUEST		request_17	1623708393341	1623708393544	OK	 
REQUEST		newrelic.js	1623708393387	1623708393607	OK	 
REQUEST		request_24	1623708393542	1623708393613	OK	 
REQUEST		request_23	1623708393541	1623708393615	OK	 
REQUEST		request_25	1623708393543	1623708393617	OK	 
REQUEST		request_22	1623708393540	1623708393618	OK	 
REQUEST		request_31	1623708392878	1623708393653	OK	 
REQUEST		uitk-req-min-948de8930b.css	1623708392685	1623708393658	OK	 
REQUEST		prelogin-f85aab9ec4.min.js	1623708393190	1623708394098	OK	 
REQUEST		request_26	1623708393544	1623708394116	OK	 
REQUEST		request_27	1623708393614	1623708394207	OK	 
REQUEST		request_20	1623708393374	1623708394399	OK	 
REQUEST		lib-min-7e6d84b497.js	1623708392686	1623708394519	OK	 
USER	full2	END	1623708394542
