RUN	JJ.Framework.JJSim	jjsim	1622655973961	JJ.Framework.JJSim-SIMULATION_1_0:SIMULATION_2_0:SIMULATION_3_1:SIMULATION_4_0:Iterations_10	3.5.1
USER	Users_3	START	1622655975472
REQUEST	LName,LN	LName_Smith	1622655975492	1622655982042	KO	status.find.in(200,201,202,203,204,205,206,207,208,209,304), found 500
GROUP	LName,LN	1622655975476	1622655982060	6550	KO
GROUP	LName	1622655975475	1622655983892	6550	KO
REQUEST	LName,LN	LName_Jones	1622655983897	1622655985516	KO	status.find.in(200,201,202,203,204,205,206,207,208,209,304), found 500
GROUP	LName,LN	1622655983895	1622655985517	1619	KO
GROUP	LName	1622655983893	1622655986758	1619	KO
REQUEST	LName,LN	LName_Rogers	1622655986760	1622655987466	KO	status.find.in(200,201,202,203,204,205,206,207,208,209,304), found 500
GROUP	LName,LN	1622655986759	1622655987467	706	KO
GROUP	LName	1622655986759	1622655989009	706	KO
REQUEST	LName,LN	LName_Smith	1622655989011	1622655989514	KO	status.find.in(200,201,202,203,204,205,206,207,208,209,304), found 500
GROUP	LName,LN	1622655989010	1622655989514	503	KO
GROUP	LName	1622655989010	1622655991062	503	KO
REQUEST	LName,LN	LName_Smith	1622655991063	1622655991763	KO	status.find.in(200,201,202,203,204,205,206,207,208,209,304), found 500
GROUP	LName,LN	1622655991063	1622655991763	700	KO
GROUP	LName	1622655991063	1622655992938	700	KO
REQUEST	LName,LN	LName_Jones	1622655992940	1622655993984	KO	status.find.in(200,201,202,203,204,205,206,207,208,209,304), found 500
GROUP	LName,LN	1622655992939	1622655993984	1044	KO
GROUP	LName	1622655992939	1622655995036	1044	KO
REQUEST	LName,LN	LName_Rogers	1622655995037	1622655995554	KO	status.find.in(200,201,202,203,204,205,206,207,208,209,304), found 500
GROUP	LName,LN	1622655995036	1622655995555	517	KO
GROUP	LName	1622655995036	1622655996819	517	KO
REQUEST	LName,LN	LName_Smith	1622655996820	1622655997500	KO	status.find.in(200,201,202,203,204,205,206,207,208,209,304), found 500
GROUP	LName,LN	1622655996820	1622655997501	680	KO
GROUP	LName	1622655996819	1622655998983	680	KO
REQUEST	LName,LN	LName_Jones	1622655998984	1622655999546	KO	status.find.in(200,201,202,203,204,205,206,207,208,209,304), found 500
GROUP	LName,LN	1622655998983	1622655999547	562	KO
GROUP	LName	1622655998983	1622656001211	562	KO
REQUEST	LName,LN	LName_Rogers	1622656001211	1622656001594	KO	status.find.in(200,201,202,203,204,205,206,207,208,209,304), found 500
GROUP	LName,LN	1622656001211	1622656001594	383	KO
GROUP	LName	1622656001211	1622656003224	383	KO
USER	Users_3	END	1622656003227
