RUN	Bo3	bo3	1623688113398	 	3.5.1
USER	Bo3	START	1623688114831
REQUEST		request_0	1623688114847	1623688115353	OK	 
REQUEST		request_0 Redirect 1	1623688115365	1623688116713	OK	 
REQUEST		publicSector.js	1623688116913	1623688117017	OK	 
REQUEST		providerExpress_logo.gif	1623688117022	1623688117091	OK	 
REQUEST		loading.gif	1623688117093	1623688117170	OK	 
REQUEST		space.gif	1623688117172	1623688117243	OK	 
REQUEST		sso.js	1623688116914	1623688117284	OK	 
REQUEST		tabs.css	1623688116914	1623688117288	OK	 
REQUEST		home-bar.css	1623688116916	1623688117300	OK	 
REQUEST		request_42	1623688116761	1623688117302	OK	 
REQUEST		request_1	1623688117243	1623688117311	OK	 
REQUEST		uolStyle.css	1623688116915	1623688117355	OK	 
REQUEST		request_35	1623688117012	1623688117362	OK	 
REQUEST		request_2	1623688117286	1623688117376	OK	 
REQUEST		request_3	1623688117298	1623688117379	OK	 
REQUEST		request_4	1623688117301	1623688117380	OK	 
REQUEST		request_38	1623688117013	1623688117400	OK	 
REQUEST		request_37	1623688117013	1623688117420	OK	 
REQUEST		request_32	1623688116917	1623688117426	OK	 
REQUEST		request_33	1623688117008	1623688117428	OK	 
REQUEST		request_7	1623688117361	1623688117429	OK	 
REQUEST		request_5	1623688117312	1623688117439	OK	 
REQUEST		request_11	1623688117381	1623688117454	OK	 
REQUEST		request_36	1623688117012	1623688117465	OK	 
REQUEST		request_12	1623688117429	1623688117500	OK	 
REQUEST		request_8	1623688117378	1623688117503	OK	 
REQUEST		request_34	1623688117011	1623688117514	OK	 
REQUEST		request_40	1623688117402	1623688117516	OK	 
REQUEST		request_4	1623688117382	1623688117519	OK	 
REQUEST		request_14	1623688117455	1623688117527	OK	 
REQUEST		request_41	1623688117422	1623688117537	OK	 
REQUEST		jquery-3.3.1.slim.min.js	1623688116916	1623688117542	OK	 
REQUEST		request_16	1623688117501	1623688117572	OK	 
REQUEST		request_9	1623688117380	1623688117578	OK	 
REQUEST		request_19	1623688117527	1623688117595	OK	 
REQUEST		request_17	1623688117505	1623688117609	OK	 
REQUEST		request_20	1623688117543	1623688117638	OK	 
REQUEST		request_21	1623688117573	1623688117644	OK	 
REQUEST		request_22	1623688117579	1623688117651	OK	 
REQUEST		request_4	1623688117519	1623688117664	OK	 
REQUEST		request_23	1623688117596	1623688117666	OK	 
REQUEST		request_24	1623688117610	1623688117679	OK	 
REQUEST		request_25	1623688117639	1623688117710	OK	 
REQUEST		request_29	1623688117667	1623688117738	OK	 
REQUEST		request_39	1623688117364	1623688117740	OK	 
REQUEST		request_30	1623688117680	1623688117751	OK	 
REQUEST		request_13	1623688117440	1623688117753	OK	 
REQUEST		request_31	1623688117712	1623688117781	OK	 
REQUEST		request_4	1623688117665	1623688117851	OK	 
REQUEST		request_26	1623688117645	1623688118968	OK	 
REQUEST		request_27	1623688117652	1623688119026	OK	 
USER	Bo3	END	1623688119036
