RUN	JJ.Framework.JJSim	jjsim	1626711327610	JJ.Framework.JJSim-SIMULATION_1_1:SIMULATION_2_0:SIMULATION_3_0:Iterations_10	3.5.1
USER	Users_1	START	1626711329153
REQUEST	NPI,NPI	NPI_1245318229	1626711329179	1626711334981	OK	 
GROUP	NPI,NPI	1626711329158	1626711335002	5802	OK
GROUP	NPI	1626711329156	1626711336644	5802	OK
REQUEST	NPI,NPI	NPI_1821049651	1626711336650	1626711337130	OK	 
GROUP	NPI,NPI	1626711336647	1626711337132	480	OK
GROUP	NPI	1626711336645	1626711338199	480	OK
REQUEST	NPI,NPI	NPI_1114976883	1626711338201	1626711338428	OK	 
GROUP	NPI,NPI	1626711338200	1626711338430	227	OK
GROUP	NPI	1626711338199	1626711340189	227	OK
REQUEST	NPI,NPI	NPI_1740270032	1626711340190	1626711340320	OK	 
GROUP	NPI,NPI	1626711340189	1626711340321	130	OK
GROUP	NPI	1626711340189	1626711341418	130	OK
REQUEST	NPI,NPI	NPI_1245419696	1626711341420	1626711341642	OK	 
GROUP	NPI,NPI	1626711341419	1626711341643	222	OK
GROUP	NPI	1626711341418	1626711343621	222	OK
REQUEST	NPI,NPI	NPI_1942331400	1626711343622	1626711344197	OK	 
GROUP	NPI,NPI	1626711343622	1626711344198	575	OK
GROUP	NPI	1626711343621	1626711345482	575	OK
REQUEST	NPI,NPI	NPI_1144239955	1626711345484	1626711345960	OK	 
GROUP	NPI,NPI	1626711345483	1626711345961	476	OK
GROUP	NPI	1626711345482	1626711347621	476	OK
REQUEST	NPI,NPI	NPI_1538137419	1626711347622	1626711347757	OK	 
GROUP	NPI,NPI	1626711347621	1626711347758	135	OK
GROUP	NPI	1626711347621	1626711349222	135	OK
REQUEST	NPI,NPI	NPI_1306830377	1626711349224	1626711349394	OK	 
GROUP	NPI,NPI	1626711349223	1626711349395	170	OK
GROUP	NPI	1626711349223	1626711351157	170	OK
REQUEST	NPI,NPI	NPI_1962487256	1626711351158	1626711351308	OK	 
GROUP	NPI,NPI	1626711351157	1626711351310	150	OK
GROUP	NPI	1626711351157	1626711353074	150	OK
USER	Users_1	END	1626711353078
