RUN	Optum.Framework.OptumSim	optumsim	1621614046142	 	3.5.1
USER	Users_1	START	1621614047526
REQUEST	Scen_1,Login	BasePage	1621614047544	1621614047809	OK	 
REQUEST	Scen_1,Login	BasePage_1	1621614047830	1621614047903	OK	 
REQUEST	Scen_1,Login	BasePage_2	1621614047909	1621614047975	OK	 
REQUEST	Scen_1,Login	BasePage_3	1621614047976	1621614048039	OK	 
REQUEST	Scen_1,Login	BasePage_4	1621614048041	1621614048104	OK	 
REQUEST	Scen_1,Login	BasePage_5	1621614048105	1621614050751	OK	 
GROUP	Scen_1,Login	1621614047529	1621614050752	3176	OK
REQUEST	Scen_1,SearchByActiveMember	Select_SearchByActiveMember	1621614051761	1621614051944	OK	 
GROUP	Scen_1,SearchByActiveMember	1621614051761	1621614051945	183	OK
USER	Users_1	START	1621614052518
REQUEST	Scen_1,Login	BasePage	1621614052519	1621614052840	OK	 
REQUEST	Scen_1,Login	BasePage_1	1621614052841	1621614052914	OK	 
REQUEST	Scen_1,Login	BasePage_2	1621614052915	1621614052977	OK	 
REQUEST	Scen_1,Login	BasePage_3	1621614052978	1621614053043	OK	 
REQUEST	Scen_1,Login	BasePage_4	1621614053044	1621614053107	OK	 
REQUEST	Scen_1,SearchName_douglas	Search_1	1621614053156	1621614054233	OK	 
REQUEST	Scen_1,SearchName_douglas	Search_2003330312	1621614054238	1621614055563	OK	 
GROUP	Scen_1,SearchName_douglas	1621614053153	1621614055563	2402	OK
REQUEST	Scen_1,Login	BasePage_5	1621614053108	1621614055972	OK	 
GROUP	Scen_1,Login	1621614052518	1621614055973	3448	OK
REQUEST	Scen_1,S_2003330312	Select_douglas	1621614056818	1621614056907	OK	 
REQUEST	Scen_1,SearchByActiveMember	Select_SearchByActiveMember	1621614056975	1621614057086	OK	 
GROUP	Scen_1,SearchByActiveMember	1621614056975	1621614057086	111	OK
REQUEST	Scen_1,S_2003330312	request_1	1621614056908	1621614059659	OK	 
REQUEST	Scen_1,SearchName_thomas	Search_1	1621614058970	1621614059966	OK	 
REQUEST	Scen_1,SearchName_thomas	Search_1503326775	1621614059967	1621614062935	OK	 
GROUP	Scen_1,SearchName_thomas	1621614058970	1621614062936	3964	OK
REQUEST	Scen_1,S_1503326775	Select_thomas	1621614064877	1621614065041	OK	 
REQUEST	Scen_1,S_2003330312	request_2003330312	1621614059660	1621614065265	OK	 
GROUP	Scen_1,S_2003330312	1621614056817	1621614065266	8445	OK
REQUEST	Scen_1,DrillDown_douglas	64881	1621614066307	1621614066615	OK	 
GROUP	Scen_1,DrillDown_douglas	1621614066306	1621614066615	308	OK
REQUEST	Scen_1,S_1503326775	request_1	1621614065042	1621614067273	OK	 
REQUEST	Scen_1,SearchByActiveMember	Select_SearchByActiveMember	1621614068445	1621614068773	OK	 
GROUP	Scen_1,SearchByActiveMember	1621614068445	1621614068773	328	OK
REQUEST	Scen_1,S_1503326775	request_1503326775	1621614067274	1621614069794	OK	 
GROUP	Scen_1,S_1503326775	1621614064877	1621614069795	4915	OK
REQUEST	Scen_1,SearchName_smith	Search_1	1621614070247	1621614071479	OK	 
REQUEST	Scen_1,DrillDown_thomas	68055	1621614071300	1621614072152	OK	 
GROUP	Scen_1,DrillDown_thomas	1621614071299	1621614072152	852	OK
REQUEST	Scen_1,SearchName_smith	Search_2003327496	1621614071480	1621614072376	OK	 
GROUP	Scen_1,SearchName_smith	1621614070246	1621614072377	2128	OK
REQUEST	Scen_1,S_2003327496	Select_smith	1621614073535	1621614073709	OK	 
REQUEST	Scen_1,SearchByActiveMember	Select_SearchByActiveMember	1621614073728	1621614073891	OK	 
GROUP	Scen_1,SearchByActiveMember	1621614073727	1621614073892	163	OK
REQUEST	Scen_1,S_2003327496	request_1	1621614073710	1621614076552	OK	 
REQUEST	Scen_1,SearchName_roger	Search_1	1621614075152	1621614077785	OK	 
REQUEST	Scen_1,SearchName_roger	Search_403328329	1621614077786	1621614079935	OK	 
GROUP	Scen_1,SearchName_roger	1621614075151	1621614079935	4782	OK
REQUEST	Scen_1,S_2003327496	request_2003327496	1621614076553	1621614081572	OK	 
GROUP	Scen_1,S_2003327496	1621614073534	1621614081573	8035	OK
REQUEST	Scen_1,S_403328329	Select_roger	1621614081706	1621614081794	OK	 
REQUEST	Scen_1,S_403328329	request_1	1621614081795	1621614082680	OK	 
REQUEST	Scen_1,DrillDown_smith	67992	1621614083100	1621614083723	OK	 
GROUP	Scen_1,DrillDown_smith	1621614083099	1621614083723	623	OK
REQUEST	Scen_1,S_403328329	request_403328329	1621614082681	1621614084953	OK	 
GROUP	Scen_1,S_403328329	1621614081705	1621614084953	3245	OK
REQUEST	Scen_1,SearchByActiveMember	Select_SearchByActiveMember	1621614085037	1621614085173	OK	 
GROUP	Scen_1,SearchByActiveMember	1621614085037	1621614085173	136	OK
REQUEST	Scen_1,DrillDown_roger	63702	1621614086358	1621614087242	OK	 
GROUP	Scen_1,DrillDown_roger	1621614086358	1621614087242	884	OK
REQUEST	Scen_1,SearchName_baker	Search_1	1621614087012	1621614087819	OK	 
REQUEST	Scen_1,SearchName_baker	Search_1803327625	1621614087820	1621614088326	OK	 
GROUP	Scen_1,SearchName_baker	1621614087012	1621614088327	1313	OK
REQUEST	Scen_1,SearchByActiveMember	Select_SearchByActiveMember	1621614088852	1621614089195	OK	 
GROUP	Scen_1,SearchByActiveMember	1621614088851	1621614089196	343	OK
REQUEST	Scen_1,S_1803327625	Select_baker	1621614089784	1621614089935	OK	 
REQUEST	Scen_1,S_1803327625	request_1	1621614089936	1621614090938	OK	 
REQUEST	Scen_1,SearchName_douglas	Search_1	1621614090494	1621614091175	OK	 
REQUEST	Scen_1,SearchName_douglas	Search_2003330312	1621614091176	1621614092526	OK	 
GROUP	Scen_1,SearchName_douglas	1621614090493	1621614092527	2031	OK
REQUEST	Scen_1,S_2003330312	Select_douglas	1621614094054	1621614094222	OK	 
REQUEST	Scen_1,S_1803327625	request_1803327625	1621614090939	1621614094679	OK	 
GROUP	Scen_1,S_1803327625	1621614089784	1621614094680	4893	OK
REQUEST	Scen_1,S_2003330312	request_1	1621614094223	1621614096420	OK	 
REQUEST	Scen_1,DrillDown_baker	68321	1621614096621	1621614097340	OK	 
GROUP	Scen_1,DrillDown_baker	1621614096621	1621614097341	719	OK
REQUEST	Scen_1,SearchByActiveMember	Select_SearchByActiveMember	1621614098553	1621614098713	OK	 
GROUP	Scen_1,SearchByActiveMember	1621614098553	1621614098713	160	OK
REQUEST	Scen_1,S_2003330312	request_2003330312	1621614096421	1621614098723	OK	 
GROUP	Scen_1,S_2003330312	1621614094053	1621614098724	4667	OK
REQUEST	Scen_1,DrillDown_douglas	64881	1621614100008	1621614101030	OK	 
GROUP	Scen_1,DrillDown_douglas	1621614100007	1621614101031	1022	OK
REQUEST	Scen_1,SearchName_thomas	Search_1	1621614099736	1621614101094	OK	 
REQUEST	Scen_1,SearchName_thomas	Search_1503326775	1621614101095	1621614102125	OK	 
GROUP	Scen_1,SearchName_thomas	1621614099735	1621614102126	2388	OK
REQUEST	Scen_1,SearchByActiveMember	Select_SearchByActiveMember	1621614102951	1621614103104	OK	 
GROUP	Scen_1,SearchByActiveMember	1621614102950	1621614103105	153	OK
REQUEST	Scen_1,S_1503326775	Select_thomas	1621614103832	1621614103907	OK	 
REQUEST	Scen_1,SearchName_smith	Search_1	1621614104485	1621614105429	OK	 
REQUEST	Scen_1,SearchName_smith	Search_2003327496	1621614105430	1621614107072	OK	 
REQUEST	Scen_1,S_1503326775	request_1	1621614103908	1621614107072	OK	 
GROUP	Scen_1,SearchName_smith	1621614104485	1621614107072	2586	OK
REQUEST	Scen_1,S_2003327496	Select_smith	1621614108957	1621614109111	OK	 
REQUEST	Scen_1,S_1503326775	request_1503326775	1621614107073	1621614109937	OK	 
GROUP	Scen_1,S_1503326775	1621614103832	1621614109938	6103	OK
REQUEST	Scen_1,S_2003327496	request_1	1621614109112	1621614111473	OK	 
REQUEST	Scen_1,DrillDown_thomas	68055	1621614111727	1621614112294	OK	 
GROUP	Scen_1,DrillDown_thomas	1621614111727	1621614112295	567	OK
REQUEST	Scen_1,S_2003327496	request_2003327496	1621614111474	1621614113683	OK	 
GROUP	Scen_1,S_2003327496	1621614108956	1621614113683	4724	OK
REQUEST	Scen_1,SearchByActiveMember	Select_SearchByActiveMember	1621614113672	1621614114017	OK	 
GROUP	Scen_1,SearchByActiveMember	1621614113672	1621614114018	345	OK
REQUEST	Scen_1,DrillDown_smith	67992	1621614115382	1621614116184	OK	 
GROUP	Scen_1,DrillDown_smith	1621614115382	1621614116184	802	OK
REQUEST	Scen_1,SearchName_roger	Search_1	1621614115185	1621614116347	OK	 
REQUEST	Scen_1,SearchName_roger	Search_403328329	1621614116348	1621614117310	OK	 
GROUP	Scen_1,SearchName_roger	1621614115185	1621614117310	2124	OK
REQUEST	Scen_1,SearchByActiveMember	Select_SearchByActiveMember	1621614117550	1621614117699	OK	 
GROUP	Scen_1,SearchByActiveMember	1621614117550	1621614117700	149	OK
REQUEST	Scen_1,S_403328329	Select_roger	1621614119057	1621614119192	OK	 
REQUEST	Scen_1,S_403328329	request_1	1621614119193	1621614119972	OK	 
REQUEST	Scen_1,SearchName_baker	Search_1	1621614119527	1621614120297	OK	 
REQUEST	Scen_1,SearchName_baker	Search_1803327625	1621614120298	1621614121433	OK	 
GROUP	Scen_1,SearchName_baker	1621614119527	1621614121434	1905	OK
REQUEST	Scen_1,S_1803327625	Select_baker	1621614122513	1621614122645	OK	 
REQUEST	Scen_1,S_1803327625	request_1	1621614122646	1621614123454	OK	 
REQUEST	Scen_1,S_403328329	request_403328329	1621614119973	1621614124273	OK	 
GROUP	Scen_1,S_403328329	1621614119056	1621614124274	5214	OK
REQUEST	Scen_1,DrillDown_roger	63702	1621614125411	1621614126220	OK	 
GROUP	Scen_1,DrillDown_roger	1621614125410	1621614126221	809	OK
REQUEST	Scen_1,S_1803327625	request_1803327625	1621614123455	1621614126254	OK	 
GROUP	Scen_1,S_1803327625	1621614122512	1621614126255	3739	OK
REQUEST	Scen_1,DrillDown_baker	68321	1621614127569	1621614128163	OK	 
GROUP	Scen_1,DrillDown_baker	1621614127569	1621614128164	594	OK
REQUEST	Scen_1,SearchByActiveMember	Select_SearchByActiveMember	1621614128220	1621614128586	OK	 
GROUP	Scen_1,SearchByActiveMember	1621614128219	1621614128586	366	OK
REQUEST	Scen_1,SearchByActiveMember	Select_SearchByActiveMember	1621614129577	1621614129985	OK	 
GROUP	Scen_1,SearchByActiveMember	1621614129576	1621614129986	408	OK
REQUEST	Scen_1,SearchName_douglas	Search_1	1621614130427	1621614131300	OK	 
REQUEST	Scen_1,SearchName_douglas	Search_2003330312	1621614131301	1621614132770	OK	 
GROUP	Scen_1,SearchName_douglas	1621614130426	1621614132771	2342	OK
REQUEST	Scen_1,SearchName_thomas	Search_1	1621614130989	1621614133182	OK	 
REQUEST	Scen_1,S_2003330312	Select_douglas	1621614134345	1621614134512	OK	 
REQUEST	Scen_1,SearchName_thomas	Search_1503326775	1621614133183	1621614134730	OK	 
GROUP	Scen_1,SearchName_thomas	1621614130988	1621614134731	3740	OK
REQUEST	Scen_1,S_1503326775	Select_thomas	1621614136121	1621614136287	OK	 
REQUEST	Scen_1,S_2003330312	request_1	1621614134513	1621614137377	OK	 
REQUEST	Scen_1,S_1503326775	request_1	1621614136288	1621614139121	OK	 
REQUEST	Scen_1,S_2003330312	request_2003330312	1621614137378	1621614140658	OK	 
GROUP	Scen_1,S_2003330312	1621614134344	1621614140658	6311	OK
REQUEST	Scen_1,S_1503326775	request_1503326775	1621614139122	1621614142091	OK	 
GROUP	Scen_1,S_1503326775	1621614136120	1621614142091	5968	OK
REQUEST	Scen_1,DrillDown_douglas	64881	1621614142096	1621614142514	OK	 
GROUP	Scen_1,DrillDown_douglas	1621614142095	1621614142514	418	OK
REQUEST	Scen_1,DrillDown_thomas	68055	1621614143612	1621614143764	OK	 
GROUP	Scen_1,DrillDown_thomas	1621614143611	1621614143765	152	OK
REQUEST	Scen_1,SearchByActiveMember	Select_SearchByActiveMember	1621614143825	1621614143951	OK	 
GROUP	Scen_1,SearchByActiveMember	1621614143825	1621614143952	126	OK
REQUEST	Scen_1,SearchByActiveMember	Select_SearchByActiveMember	1621614145279	1621614145386	OK	 
GROUP	Scen_1,SearchByActiveMember	1621614145279	1621614145387	107	OK
REQUEST	Scen_1,SearchName_smith	Search_1	1621614145319	1621614146286	OK	 
REQUEST	Scen_1,SearchName_smith	Search_2003327496	1621614146288	1621614147971	OK	 
GROUP	Scen_1,SearchName_smith	1621614145318	1621614147971	2650	OK
REQUEST	Scen_1,SearchName_roger	Search_1	1621614147071	1621614148952	OK	 
REQUEST	Scen_1,S_2003327496	Select_smith	1621614149053	1621614149212	OK	 
REQUEST	Scen_1,SearchName_roger	Search_403328329	1621614148953	1621614149873	OK	 
GROUP	Scen_1,SearchName_roger	1621614147071	1621614149874	2801	OK
REQUEST	Scen_1,S_403328329	Select_roger	1621614151373	1621614151500	OK	 
REQUEST	Scen_1,S_2003327496	request_1	1621614149213	1621614152123	OK	 
REQUEST	Scen_1,S_403328329	request_1	1621614151501	1621614152431	OK	 
REQUEST	Scen_1,S_2003327496	request_2003327496	1621614152124	1621614156633	OK	 
GROUP	Scen_1,S_2003327496	1621614149052	1621614156634	7578	OK
REQUEST	Scen_1,S_403328329	request_403328329	1621614152432	1621614157017	OK	 
GROUP	Scen_1,S_403328329	1621614151372	1621614157018	5642	OK
REQUEST	Scen_1,DrillDown_smith	67992	1621614157726	1621614157883	OK	 
GROUP	Scen_1,DrillDown_smith	1621614157726	1621614157884	157	OK
REQUEST	Scen_1,DrillDown_roger	63702	1621614158209	1621614158459	OK	 
GROUP	Scen_1,DrillDown_roger	1621614158209	1621614158460	250	OK
REQUEST	Scen_1,SearchByActiveMember	Select_SearchByActiveMember	1621614159727	1621614162572	OK	 
REQUEST	Scen_1,SearchByActiveMember	Select_SearchByActiveMember	1621614160196	1621614162572	OK	 
GROUP	Scen_1,SearchByActiveMember	1621614160195	1621614162572	2376	OK
GROUP	Scen_1,SearchByActiveMember	1621614159726	1621614162572	2845	OK
REQUEST	Scen_1,SearchName_douglas	Search_1	1621614164244	1621614165305	OK	 
REQUEST	Scen_1,SearchName_baker	Search_1	1621614164389	1621614165521	OK	 
REQUEST	Scen_1,SearchName_douglas	Search_2003330312	1621614165306	1621614166462	OK	 
GROUP	Scen_1,SearchName_douglas	1621614164244	1621614166462	2217	OK
REQUEST	Scen_1,SearchName_baker	Search_1803327625	1621614165522	1621614166583	OK	 
GROUP	Scen_1,SearchName_baker	1621614164389	1621614166583	2193	OK
REQUEST	Scen_1,S_2003330312	Select_douglas	1621614167599	1621614167742	OK	 
REQUEST	Scen_1,S_1803327625	Select_baker	1621614168040	1621614168120	OK	 
REQUEST	Scen_1,S_1803327625	request_1	1621614168121	1621614168411	OK	 
REQUEST	Scen_1,S_2003330312	request_1	1621614167743	1621614170661	OK	 
REQUEST	Scen_1,S_1803327625	request_1803327625	1621614168411	1621614171615	OK	 
GROUP	Scen_1,S_1803327625	1621614168040	1621614171615	3574	OK
REQUEST	Scen_1,S_2003330312	request_2003330312	1621614170661	1621614173408	OK	 
REQUEST	Scen_1,DrillDown_baker	68321	1621614172763	1621614173408	OK	 
GROUP	Scen_1,DrillDown_baker	1621614172762	1621614173409	645	OK
GROUP	Scen_1,S_2003330312	1621614167599	1621614173409	5808	OK
REQUEST	Scen_1,SearchByActiveMember	Select_SearchByActiveMember	1621614175091	1621614175389	OK	 
GROUP	Scen_1,SearchByActiveMember	1621614175091	1621614175390	298	OK
REQUEST	Scen_1,DrillDown_douglas	64881	1621614175326	1621614175551	OK	 
GROUP	Scen_1,DrillDown_douglas	1621614175326	1621614175552	225	OK
REQUEST	Scen_1,SearchName_thomas	Search_1	1621614176682	1621614177572	OK	 
REQUEST	Scen_1,SearchByActiveMember	Select_SearchByActiveMember	1621614177533	1621614177666	OK	 
GROUP	Scen_1,SearchByActiveMember	1621614177532	1621614177666	133	OK
REQUEST	Scen_1,SearchName_thomas	Search_1503326775	1621614177574	1621614178853	OK	 
GROUP	Scen_1,SearchName_thomas	1621614176681	1621614178853	2169	OK
REQUEST	Scen_1,SearchName_smith	Search_1	1621614178897	1621614180802	OK	 
REQUEST	Scen_1,S_1503326775	Select_thomas	1621614180726	1621614180866	OK	 
REQUEST	Scen_1,SearchName_smith	Search_2003327496	1621614180803	1621614181724	OK	 
GROUP	Scen_1,SearchName_smith	1621614178897	1621614181724	2826	OK
REQUEST	Scen_1,S_2003327496	Select_smith	1621614182877	1621614183024	OK	 
REQUEST	Scen_1,S_1503326775	request_1	1621614180867	1621614183973	OK	 
REQUEST	Scen_1,S_2003327496	request_1	1621614183025	1621614186123	OK	 
REQUEST	Scen_1,S_1503326775	request_1503326775	1621614183974	1621614188313	OK	 
GROUP	Scen_1,S_1503326775	1621614180726	1621614188314	7585	OK
REQUEST	Scen_1,S_2003327496	request_2003327496	1621614186124	1621614189463	OK	 
GROUP	Scen_1,S_2003327496	1621614182876	1621614189463	6584	OK
REQUEST	Scen_1,DrillDown_thomas	68055	1621614189795	1621614189917	OK	 
GROUP	Scen_1,DrillDown_thomas	1621614189794	1621614189917	122	OK
REQUEST	Scen_1,SearchByActiveMember	Select_SearchByActiveMember	1621614191551	1621614192037	OK	 
GROUP	Scen_1,SearchByActiveMember	1621614191551	1621614192037	486	OK
REQUEST	Scen_1,DrillDown_smith	67992	1621614191461	1621614192075	OK	 
GROUP	Scen_1,DrillDown_smith	1621614191461	1621614192076	614	OK
REQUEST	Scen_1,SearchByActiveMember	Select_SearchByActiveMember	1621614193100	1621614193235	OK	 
GROUP	Scen_1,SearchByActiveMember	1621614193100	1621614193236	135	OK
REQUEST	Scen_1,SearchName_roger	Search_1	1621614193529	1621614194431	OK	 
REQUEST	Scen_1,SearchName_baker	Search_1	1621614194283	1621614195646	OK	 
REQUEST	Scen_1,SearchName_baker	Search_1803327625	1621614195647	1621614196975	OK	 
GROUP	Scen_1,SearchName_baker	1621614194283	1621614196975	2691	OK
REQUEST	Scen_1,SearchName_roger	Search_403328329	1621614194432	1621614196975	OK	 
GROUP	Scen_1,SearchName_roger	1621614193529	1621614196976	3445	OK
REQUEST	Scen_1,S_403328329	Select_roger	1621614198184	1621614198335	OK	 
REQUEST	Scen_1,S_1803327625	Select_baker	1621614198964	1621614199049	OK	 
REQUEST	Scen_1,S_403328329	request_1	1621614198336	1621614199520	OK	 
REQUEST	Scen_1,S_1803327625	request_1	1621614199050	1621614199629	OK	 
REQUEST	Scen_1,S_403328329	request_403328329	1621614199521	1621614204412	OK	 
GROUP	Scen_1,S_403328329	1621614198183	1621614204413	6226	OK
REQUEST	Scen_1,S_1803327625	request_1803327625	1621614199629	1621614204476	OK	 
GROUP	Scen_1,S_1803327625	1621614198964	1621614204477	5511	OK
REQUEST	Scen_1,DrillDown_roger	63702	1621614205426	1621614205624	OK	 
GROUP	Scen_1,DrillDown_roger	1621614205426	1621614205624	198	OK
REQUEST	Scen_1,DrillDown_baker	68321	1621614205573	1621614205762	OK	 
GROUP	Scen_1,DrillDown_baker	1621614205572	1621614205763	189	OK
GROUP	Scen_1	1621614052518	1621614207130	93456	OK
REQUEST	Scen_1,Login	BasePage	1621614207131	1621614207191	OK	 
REQUEST	Scen_1,Login	BasePage_1	1621614207192	1621614207258	OK	 
REQUEST	Scen_1,Login	BasePage_2	1621614207259	1621614207322	OK	 
REQUEST	Scen_1,Login	BasePage_3	1621614207323	1621614207389	OK	 
REQUEST	Scen_1,Login	BasePage_4	1621614207390	1621614207454	OK	 
GROUP	Scen_1	1621614047529	1621614207532	100133	OK
REQUEST	Scen_1,Login	BasePage	1621614207533	1621614207594	OK	 
REQUEST	Scen_1,Login	BasePage_1	1621614207595	1621614207660	OK	 
REQUEST	Scen_1,Login	BasePage_2	1621614207661	1621614207725	OK	 
REQUEST	Scen_1,Login	BasePage_3	1621614207725	1621614207785	OK	 
REQUEST	Scen_1,Login	BasePage_4	1621614207786	1621614207849	OK	 
REQUEST	Scen_1,Login	BasePage_5	1621614207455	1621614211826	OK	 
GROUP	Scen_1,Login	1621614207130	1621614211826	4690	OK
REQUEST	Scen_1,Login	BasePage_5	1621614207850	1621614212269	OK	 
GROUP	Scen_1,Login	1621614207532	1621614212269	4732	OK
REQUEST	Scen_1,SearchByActiveMember	Select_SearchByActiveMember	1621614212828	1621614212973	OK	 
GROUP	Scen_1,SearchByActiveMember	1621614212828	1621614212974	145	OK
REQUEST	Scen_1,SearchByActiveMember	Select_SearchByActiveMember	1621614213271	1621614213444	OK	 
GROUP	Scen_1,SearchByActiveMember	1621614213270	1621614213445	173	OK
REQUEST	Scen_1,SearchName_douglas	Search_1	1621614214913	1621614215842	OK	 
REQUEST	Scen_1,SearchName_douglas	Search_2003330312	1621614215843	1621614217240	OK	 
GROUP	Scen_1,SearchName_douglas	1621614214912	1621614217241	2326	OK
REQUEST	Scen_1,SearchName_thomas	Search_1	1621614215433	1621614217662	OK	 
REQUEST	Scen_1,SearchName_thomas	Search_1503326775	1621614217663	1621614219171	OK	 
GROUP	Scen_1,SearchName_thomas	1621614215432	1621614219171	3737	OK
REQUEST	Scen_1,S_2003330312	Select_douglas	1621614219192	1621614219314	OK	 
REQUEST	Scen_1,S_1503326775	Select_thomas	1621614220582	1621614220659	OK	 
REQUEST	Scen_1,S_2003330312	request_1	1621614219315	1621614221758	OK	 
REQUEST	Scen_1,S_1503326775	request_1	1621614220660	1621614223294	OK	 
REQUEST	Scen_1,S_2003330312	request_2003330312	1621614221759	1621614224542	OK	 
GROUP	Scen_1,S_2003330312	1621614219192	1621614224542	5348	OK
REQUEST	Scen_1,S_1503326775	request_1503326775	1621614223295	1621614226021	OK	 
GROUP	Scen_1,S_1503326775	1621614220582	1621614226021	5437	OK
REQUEST	Scen_1,DrillDown_douglas	64881	1621614225723	1621614226117	OK	 
GROUP	Scen_1,DrillDown_douglas	1621614225723	1621614226118	394	OK
REQUEST	Scen_1,DrillDown_thomas	68055	1621614227297	1621614227415	OK	 
GROUP	Scen_1,DrillDown_thomas	1621614227297	1621614227416	118	OK
REQUEST	Scen_1,SearchByActiveMember	Select_SearchByActiveMember	1621614227239	1621614227701	OK	 
GROUP	Scen_1,SearchByActiveMember	1621614227238	1621614227702	462	OK
REQUEST	Scen_1,SearchByActiveMember	Select_SearchByActiveMember	1621614228594	1621614229000	OK	 
GROUP	Scen_1,SearchByActiveMember	1621614228593	1621614229000	406	OK
REQUEST	Scen_1,SearchName_smith	Search_1	1621614228745	1621614231101	OK	 
REQUEST	Scen_1,SearchName_roger	Search_1	1621614230518	1621614232872	OK	 
REQUEST	Scen_1,SearchName_smith	Search_2003327496	1621614231102	1621614233304	OK	 
GROUP	Scen_1,SearchName_smith	1621614228745	1621614233305	4558	OK
REQUEST	Scen_1,SearchName_roger	Search_403328329	1621614232873	1621614234472	OK	 
GROUP	Scen_1,SearchName_roger	1621614230517	1621614234472	3953	OK
REQUEST	Scen_1,S_2003327496	Select_smith	1621614234445	1621614234574	OK	 
REQUEST	Scen_1,S_403328329	Select_roger	1621614235918	1621614236088	OK	 
REQUEST	Scen_1,S_403328329	request_1	1621614236088	1621614236629	OK	 
REQUEST	Scen_1,S_2003327496	request_1	1621614234575	1621614236799	OK	 
REQUEST	Scen_1,S_403328329	request_403328329	1621614236629	1621614242343	OK	 
GROUP	Scen_1,S_403328329	1621614235917	1621614242343	6425	OK
REQUEST	Scen_1,S_2003327496	request_2003327496	1621614236800	1621614242360	OK	 
GROUP	Scen_1,S_2003327496	1621614234445	1621614242360	7913	OK
REQUEST	Scen_1,DrillDown_smith	67992	1621614243646	1621614243948	OK	 
GROUP	Scen_1,DrillDown_smith	1621614243645	1621614243948	302	OK
REQUEST	Scen_1,DrillDown_roger	63702	1621614243957	1621614244322	OK	 
GROUP	Scen_1,DrillDown_roger	1621614243957	1621614244322	365	OK
REQUEST	Scen_1,SearchByActiveMember	Select_SearchByActiveMember	1621614245373	1621614245552	OK	 
GROUP	Scen_1,SearchByActiveMember	1621614245372	1621614245553	179	OK
REQUEST	Scen_1,SearchByActiveMember	Select_SearchByActiveMember	1621614245688	1621614245832	OK	 
GROUP	Scen_1,SearchByActiveMember	1621614245688	1621614245832	144	OK
REQUEST	Scen_1,SearchName_douglas	Search_1	1621614247122	1621614247952	OK	 
REQUEST	Scen_1,SearchName_baker	Search_1	1621614247496	1621614248192	OK	 
REQUEST	Scen_1,SearchName_douglas	Search_2003330312	1621614247953	1621614248587	OK	 
GROUP	Scen_1,SearchName_douglas	1621614247121	1621614248588	1464	OK
REQUEST	Scen_1,SearchName_baker	Search_1803327625	1621614248193	1621614248894	OK	 
GROUP	Scen_1,SearchName_baker	1621614247495	1621614248895	1397	OK
REQUEST	Scen_1,S_2003330312	Select_douglas	1621614250501	1621614250643	OK	 
REQUEST	Scen_1,S_1803327625	Select_baker	1621614250849	1621614250926	OK	 
REQUEST	Scen_1,S_1803327625	request_1	1621614250926	1621614252069	OK	 
REQUEST	Scen_1,S_2003330312	request_1	1621614250644	1621614253500	OK	 
REQUEST	Scen_1,S_1803327625	request_1803327625	1621614252069	1621614254658	OK	 
GROUP	Scen_1,S_1803327625	1621614250849	1621614254659	3809	OK
REQUEST	Scen_1,DrillDown_baker	68321	1621614255902	1621614256575	OK	 
GROUP	Scen_1,DrillDown_baker	1621614255902	1621614256576	673	OK
REQUEST	Scen_1,S_2003330312	request_2003330312	1621614253500	1621614256635	OK	 
GROUP	Scen_1,S_2003330312	1621614250500	1621614256636	6133	OK
REQUEST	Scen_1,SearchByActiveMember	Select_SearchByActiveMember	1621614257585	1621614257729	OK	 
GROUP	Scen_1,SearchByActiveMember	1621614257585	1621614257729	144	OK
REQUEST	Scen_1,DrillDown_douglas	64881	1621614258170	1621614259030	OK	 
GROUP	Scen_1,DrillDown_douglas	1621614258169	1621614259030	860	OK
REQUEST	Scen_1,SearchByActiveMember	Select_SearchByActiveMember	1621614260468	1621614260620	OK	 
GROUP	Scen_1,SearchByActiveMember	1621614260468	1621614260621	152	OK
REQUEST	Scen_1,SearchName_thomas	Search_1	1621614259292	1621614260978	OK	 
REQUEST	Scen_1,SearchName_thomas	Search_1503326775	1621614260979	1621614262821	OK	 
GROUP	Scen_1,SearchName_thomas	1621614259292	1621614262821	3528	OK
REQUEST	Scen_1,SearchName_smith	Search_1	1621614261888	1621614263743	OK	 
REQUEST	Scen_1,S_1503326775	Select_thomas	1621614264230	1621614264400	OK	 
REQUEST	Scen_1,SearchName_smith	Search_2003327496	1621614263744	1621614264866	OK	 
GROUP	Scen_1,SearchName_smith	1621614261888	1621614264867	2977	OK
REQUEST	Scen_1,S_2003327496	Select_smith	1621614266853	1621614266999	OK	 
REQUEST	Scen_1,S_1503326775	request_1	1621614264401	1621614267099	OK	 
REQUEST	Scen_1,S_2003327496	request_1	1621614266999	1621614269268	OK	 
REQUEST	Scen_1,S_1503326775	request_1503326775	1621614267100	1621614270808	OK	 
GROUP	Scen_1,S_1503326775	1621614264230	1621614270809	6576	OK
REQUEST	Scen_1,DrillDown_thomas	68055	1621614272761	1621614273308	OK	 
GROUP	Scen_1,DrillDown_thomas	1621614272761	1621614273309	547	OK
REQUEST	Scen_1,S_2003327496	request_2003327496	1621614269269	1621614273308	OK	 
GROUP	Scen_1,S_2003327496	1621614266852	1621614273309	6454	OK
REQUEST	Scen_1,SearchByActiveMember	Select_SearchByActiveMember	1621614275096	1621614276102	OK	 
GROUP	Scen_1,SearchByActiveMember	1621614275096	1621614276102	1006	OK
REQUEST	Scen_1,DrillDown_smith	67992	1621614275273	1621614276540	OK	 
GROUP	Scen_1,DrillDown_smith	1621614275272	1621614276540	1267	OK
REQUEST	Scen_1,SearchByActiveMember	Select_SearchByActiveMember	1621614278072	1621614278230	OK	 
GROUP	Scen_1,SearchByActiveMember	1621614278072	1621614278230	158	OK
REQUEST	Scen_1,SearchName_roger	Search_1	1621614277983	1621614279000	OK	 
REQUEST	Scen_1,SearchName_roger	Search_403328329	1621614279001	1621614281355	OK	 
REQUEST	Scen_1,SearchName_baker	Search_1	1621614280059	1621614281355	OK	 
GROUP	Scen_1,SearchName_roger	1621614277983	1621614281356	3371	OK
REQUEST	Scen_1,SearchName_baker	Search_1803327625	1621614281356	1621614282277	OK	 
GROUP	Scen_1,SearchName_baker	1621614280058	1621614282277	2217	OK
REQUEST	Scen_1,S_403328329	Select_roger	1621614282889	1621614283010	OK	 
REQUEST	Scen_1,S_403328329	request_1	1621614283011	1621614283711	OK	 
REQUEST	Scen_1,S_1803327625	Select_baker	1621614284149	1621614284313	OK	 
REQUEST	Scen_1,S_1803327625	request_1	1621614284314	1621614285141	OK	 
REQUEST	Scen_1,S_403328329	request_403328329	1621614283711	1621614288114	OK	 
GROUP	Scen_1,S_403328329	1621614282889	1621614288114	5224	OK
REQUEST	Scen_1,S_1803327625	request_1803327625	1621614285141	1621614289650	OK	 
GROUP	Scen_1,S_1803327625	1621614284149	1621614289650	5500	OK
REQUEST	Scen_1,DrillDown_roger	63702	1621614290109	1621614290419	OK	 
GROUP	Scen_1,DrillDown_roger	1621614290108	1621614290419	310	OK
REQUEST	Scen_1,DrillDown_baker	68321	1621614290793	1621614291049	OK	 
GROUP	Scen_1,DrillDown_baker	1621614290792	1621614291050	256	OK
REQUEST	Scen_1,SearchByActiveMember	Select_SearchByActiveMember	1621614292298	1621614292439	OK	 
GROUP	Scen_1,SearchByActiveMember	1621614292297	1621614292439	141	OK
REQUEST	Scen_1,SearchByActiveMember	Select_SearchByActiveMember	1621614292173	1621614292722	OK	 
GROUP	Scen_1,SearchByActiveMember	1621614292172	1621614292722	549	OK
REQUEST	Scen_1,SearchName_douglas	Search_1	1621614294570	1621614295487	OK	 
REQUEST	Scen_1,SearchName_thomas	Search_1	1621614294414	1621614295651	OK	 
REQUEST	Scen_1,SearchName_douglas	Search_2003330312	1621614295488	1621614296409	OK	 
GROUP	Scen_1,SearchName_douglas	1621614294569	1621614296409	1838	OK
REQUEST	Scen_1,SearchName_thomas	Search_1503326775	1621614295652	1621614297023	OK	 
GROUP	Scen_1,SearchName_thomas	1621614294414	1621614297023	2608	OK
REQUEST	Scen_1,S_2003330312	Select_douglas	1621614298021	1621614298103	OK	 
REQUEST	Scen_1,S_1503326775	Select_thomas	1621614298533	1621614298613	OK	 
REQUEST	Scen_1,S_2003330312	request_1	1621614298103	1621614300632	OK	 
REQUEST	Scen_1,S_1503326775	request_1	1621614298613	1621614301323	OK	 
REQUEST	Scen_1,S_2003330312	request_2003330312	1621614300633	1621614306645	OK	 
GROUP	Scen_1,S_2003330312	1621614298021	1621614306646	8623	OK
REQUEST	Scen_1,S_1503326775	request_1503326775	1621614301324	1621614307058	OK	 
GROUP	Scen_1,S_1503326775	1621614298532	1621614307058	8524	OK
REQUEST	Scen_1,DrillDown_thomas	68055	1621614308160	1621614308271	OK	 
GROUP	Scen_1,DrillDown_thomas	1621614308160	1621614308271	111	OK
REQUEST	Scen_1,DrillDown_douglas	64881	1621614308060	1621614308424	OK	 
GROUP	Scen_1,DrillDown_douglas	1621614308060	1621614308425	364	OK
REQUEST	Scen_1,SearchByActiveMember	Select_SearchByActiveMember	1621614309343	1621614309710	OK	 
GROUP	Scen_1,SearchByActiveMember	1621614309343	1621614309710	367	OK
REQUEST	Scen_1,SearchByActiveMember	Select_SearchByActiveMember	1621614310114	1621614310470	OK	 
GROUP	Scen_1,SearchByActiveMember	1621614310114	1621614310470	356	OK
REQUEST	Scen_1,SearchName_smith	Search_1	1621614311431	1621614312588	OK	 
REQUEST	Scen_1,SearchName_roger	Search_1	1621614311960	1621614313404	OK	 
REQUEST	Scen_1,SearchName_smith	Search_2003327496	1621614312588	1621614313919	OK	 
GROUP	Scen_1,SearchName_smith	1621614311431	1621614313919	2488	OK
REQUEST	Scen_1,SearchName_roger	Search_403328329	1621614313405	1621614314447	OK	 
GROUP	Scen_1,SearchName_roger	1621614311959	1621614314447	2486	OK
REQUEST	Scen_1,S_2003327496	Select_smith	1621614315118	1621614315192	OK	 
REQUEST	Scen_1,S_403328329	Select_roger	1621614316229	1621614316319	OK	 
REQUEST	Scen_1,S_403328329	request_1	1621614316320	1621614316787	OK	 
REQUEST	Scen_1,S_2003327496	request_1	1621614315193	1621614317913	OK	 
REQUEST	Scen_1,S_403328329	request_403328329	1621614316788	1621614319859	OK	 
GROUP	Scen_1,S_403328329	1621614316228	1621614319859	3628	OK
REQUEST	Scen_1,S_2003327496	request_2003327496	1621614317914	1621614321702	OK	 
GROUP	Scen_1,S_2003327496	1621614315117	1621614321703	6582	OK
REQUEST	Scen_1,DrillDown_roger	63702	1621614321357	1621614322831	OK	 
GROUP	Scen_1,DrillDown_roger	1621614321356	1621614322832	1474	OK
REQUEST	Scen_1,DrillDown_smith	67992	1621614323378	1621614323498	OK	 
GROUP	Scen_1,DrillDown_smith	1621614323377	1621614323498	120	OK
REQUEST	Scen_1,SearchByActiveMember	Select_SearchByActiveMember	1621614324213	1621614325515	OK	 
GROUP	Scen_1,SearchByActiveMember	1621614324213	1621614325515	1302	OK
REQUEST	Scen_1,SearchByActiveMember	Select_SearchByActiveMember	1621614324678	1621614325598	OK	 
GROUP	Scen_1,SearchByActiveMember	1621614324677	1621614325599	920	OK
REQUEST	Scen_1,SearchName_douglas	Search_1	1621614326913	1621614328768	OK	 
REQUEST	Scen_1,SearchName_baker	Search_1	1621614327062	1621614328768	OK	 
REQUEST	Scen_1,SearchName_douglas	Search_2003330312	1621614328769	1621614329996	OK	 
GROUP	Scen_1,SearchName_douglas	1621614326912	1621614329997	3082	OK
REQUEST	Scen_1,SearchName_baker	Search_1803327625	1621614328769	1621614329996	OK	 
GROUP	Scen_1,SearchName_baker	1621614327062	1621614329997	2933	OK
REQUEST	Scen_1,S_1803327625	Select_baker	1621614331789	1621614331919	OK	 
REQUEST	Scen_1,S_2003330312	Select_douglas	1621614331813	1621614331919	OK	 
REQUEST	Scen_1,S_1803327625	request_1	1621614331920	1621614332237	OK	 
REQUEST	Scen_1,S_2003330312	request_1	1621614331920	1621614334230	OK	 
REQUEST	Scen_1,S_1803327625	request_1803327625	1621614332238	1621614335424	OK	 
GROUP	Scen_1,S_1803327625	1621614331788	1621614335424	3633	OK
REQUEST	Scen_1,S_2003330312	request_2003330312	1621614334231	1621614337485	OK	 
GROUP	Scen_1,S_2003330312	1621614331812	1621614337485	5670	OK
REQUEST	Scen_1,DrillDown_baker	68321	1621614337287	1621614337555	OK	 
GROUP	Scen_1,DrillDown_baker	1621614337286	1621614337556	268	OK
REQUEST	Scen_1,DrillDown_douglas	64881	1621614339179	1621614339390	OK	 
GROUP	Scen_1,DrillDown_douglas	1621614339179	1621614339392	211	OK
REQUEST	Scen_1,SearchByActiveMember	Select_SearchByActiveMember	1621614339373	1621614339495	OK	 
GROUP	Scen_1,SearchByActiveMember	1621614339373	1621614339496	122	OK
REQUEST	Scen_1,SearchByActiveMember	Select_SearchByActiveMember	1621614341044	1621614341437	OK	 
GROUP	Scen_1,SearchByActiveMember	1621614341043	1621614341437	393	OK
REQUEST	Scen_1,SearchName_thomas	Search_1	1621614340769	1621614342080	OK	 
REQUEST	Scen_1,SearchName_thomas	Search_1503326775	1621614342081	1621614344333	OK	 
GROUP	Scen_1,SearchName_thomas	1621614340769	1621614344333	3563	OK
REQUEST	Scen_1,SearchName_smith	Search_1	1621614342857	1621614345055	OK	 
REQUEST	Scen_1,S_1503326775	Select_thomas	1621614346010	1621614346188	OK	 
REQUEST	Scen_1,SearchName_smith	Search_2003327496	1621614345056	1621614346475	OK	 
GROUP	Scen_1,SearchName_smith	1621614342856	1621614346476	3617	OK
REQUEST	Scen_1,S_2003327496	Select_smith	1621614347485	1621614347820	OK	 
REQUEST	Scen_1,S_1503326775	request_1	1621614346189	1621614349147	OK	 
REQUEST	Scen_1,S_2003327496	request_1	1621614347821	1621614349961	OK	 
REQUEST	Scen_1,S_1503326775	request_1503326775	1621614349148	1621614353856	OK	 
GROUP	Scen_1,S_1503326775	1621614346010	1621614353856	7844	OK
REQUEST	Scen_1,S_2003327496	request_2003327496	1621614349962	1621614354676	OK	 
GROUP	Scen_1,S_2003327496	1621614347484	1621614354677	7189	OK
REQUEST	Scen_1,DrillDown_thomas	68055	1621614355828	1621614356146	OK	 
GROUP	Scen_1,DrillDown_thomas	1621614355827	1621614356146	318	OK
REQUEST	Scen_1,DrillDown_smith	67992	1621614356114	1621614356417	OK	 
GROUP	Scen_1,DrillDown_smith	1621614356113	1621614356418	303	OK
REQUEST	Scen_1,SearchByActiveMember	Select_SearchByActiveMember	1621614357861	1621614358050	OK	 
GROUP	Scen_1,SearchByActiveMember	1621614357861	1621614358050	189	OK
REQUEST	Scen_1,SearchByActiveMember	Select_SearchByActiveMember	1621614357961	1621614358133	OK	 
GROUP	Scen_1,SearchByActiveMember	1621614357961	1621614358134	172	OK
REQUEST	Scen_1,SearchName_baker	Search_1	1621614359265	1621614360406	OK	 
REQUEST	Scen_1,SearchName_baker	Search_1803327625	1621614360408	1621614362355	OK	 
GROUP	Scen_1,SearchName_baker	1621614359264	1621614362356	3088	OK
REQUEST	Scen_1,SearchName_roger	Search_1	1621614359692	1621614362662	OK	 
REQUEST	Scen_1,S_1803327625	Select_baker	1621614363458	1621614363637	OK	 
REQUEST	Scen_1,SearchName_roger	Search_403328329	1621614362663	1621614363999	OK	 
GROUP	Scen_1,SearchName_roger	1621614359692	1621614364000	4306	OK
REQUEST	Scen_1,S_1803327625	request_1	1621614363638	1621614364608	OK	 
REQUEST	Scen_1,S_403328329	Select_roger	1621614365846	1621614366204	OK	 
REQUEST	Scen_1,S_1803327625	request_1803327625	1621614364609	1621614367165	OK	 
GROUP	Scen_1,S_1803327625	1621614363457	1621614367166	3705	OK
REQUEST	Scen_1,S_403328329	request_1	1621614366205	1621614367203	OK	 
REQUEST	Scen_1,DrillDown_baker	68321	1621614368254	1621614369009	OK	 
GROUP	Scen_1,DrillDown_baker	1621614368253	1621614369010	755	OK
REQUEST	Scen_1,S_403328329	request_403328329	1621614367203	1621614369421	OK	 
GROUP	Scen_1,S_403328329	1621614365845	1621614369422	3574	OK
GROUP	Scen_1	1621614207532	1621614370863	102974	OK
REQUEST	Scen_1,Login	BasePage	1621614370864	1621614371207	OK	 
REQUEST	Scen_1,Login	BasePage_1	1621614371208	1621614371275	OK	 
REQUEST	Scen_1,Login	BasePage_2	1621614371276	1621614371344	OK	 
REQUEST	Scen_1,Login	BasePage_3	1621614371345	1621614371410	OK	 
REQUEST	Scen_1,Login	BasePage_4	1621614371410	1621614371482	OK	 
REQUEST	Scen_1,DrillDown_roger	63702	1621614370873	1621614371498	OK	 
GROUP	Scen_1,DrillDown_roger	1621614370872	1621614371499	625	OK
GROUP	Scen_1	1621614207130	1621614373332	100897	OK
REQUEST	Scen_1,Login	BasePage	1621614373333	1621614373399	OK	 
REQUEST	Scen_1,Login	BasePage_1	1621614373400	1621614373666	OK	 
REQUEST	Scen_1,Login	BasePage_2	1621614373666	1621614373739	OK	 
REQUEST	Scen_1,Login	BasePage_3	1621614373740	1621614373808	OK	 
REQUEST	Scen_1,Login	BasePage_4	1621614373809	1621614373873	OK	 
REQUEST	Scen_1,Login	BasePage_5	1621614371483	1621614374336	OK	 
GROUP	Scen_1,Login	1621614370864	1621614374336	3468	OK
REQUEST	Scen_1,SearchByActiveMember	Select_SearchByActiveMember	1621614375348	1621614375491	OK	 
GROUP	Scen_1,SearchByActiveMember	1621614375347	1621614375492	143	OK
REQUEST	Scen_1,Login	BasePage_5	1621614373874	1621614376281	OK	 
GROUP	Scen_1,Login	1621614373332	1621614376282	2944	OK
REQUEST	Scen_1,SearchByActiveMember	Select_SearchByActiveMember	1621614377293	1621614377447	OK	 
GROUP	Scen_1,SearchByActiveMember	1621614377293	1621614377448	154	OK
REQUEST	Scen_1,SearchName_douglas	Search_1	1621614377493	1621614378637	OK	 
REQUEST	Scen_1,SearchName_douglas	Search_2003330312	1621614378638	1621614379354	OK	 
GROUP	Scen_1,SearchName_douglas	1621614377492	1621614379354	1860	OK
REQUEST	Scen_1,SearchName_thomas	Search_1	1621614378794	1621614380480	OK	 
REQUEST	Scen_1,S_2003330312	Select_douglas	1621614380896	1621614381066	OK	 
REQUEST	Scen_1,SearchName_thomas	Search_1503326775	1621614380481	1621614381330	OK	 
GROUP	Scen_1,SearchName_thomas	1621614378794	1621614381331	2535	OK
REQUEST	Scen_1,S_1503326775	Select_thomas	1621614383099	1621614383246	OK	 
REQUEST	Scen_1,S_2003330312	request_1	1621614381066	1621614383654	OK	 
REQUEST	Scen_1,S_1503326775	request_1	1621614383247	1621614386011	OK	 
REQUEST	Scen_1,S_2003330312	request_2003330312	1621614383655	1621614386033	OK	 
GROUP	Scen_1,S_2003330312	1621614380895	1621614386033	5136	OK
REQUEST	Scen_1,S_1503326775	request_1503326775	1621614386012	1621614388262	OK	 
GROUP	Scen_1,S_1503326775	1621614383098	1621614388263	5161	OK
REQUEST	Scen_1,DrillDown_douglas	64881	1621614387652	1621614388674	OK	 
GROUP	Scen_1,DrillDown_douglas	1621614387651	1621614388675	1022	OK
REQUEST	Scen_1,DrillDown_thomas	68055	1621614389454	1621614389569	OK	 
GROUP	Scen_1,DrillDown_thomas	1621614389453	1621614389569	115	OK
REQUEST	Scen_1,SearchByActiveMember	Select_SearchByActiveMember	1621614390003	1621614390430	OK	 
GROUP	Scen_1,SearchByActiveMember	1621614390002	1621614390430	427	OK
REQUEST	Scen_1,SearchByActiveMember	Select_SearchByActiveMember	1621614391263	1621614391631	OK	 
GROUP	Scen_1,SearchByActiveMember	1621614391262	1621614391632	368	OK
REQUEST	Scen_1,SearchName_smith	Search_1	1621614392322	1621614393485	OK	 
REQUEST	Scen_1,SearchName_roger	Search_1	1621614392927	1621614394714	OK	 
REQUEST	Scen_1,SearchName_smith	Search_2003327496	1621614393486	1621614395942	OK	 
GROUP	Scen_1,SearchName_smith	1621614392321	1621614395942	3619	OK
REQUEST	Scen_1,SearchName_roger	Search_403328329	1621614394715	1621614396839	OK	 
GROUP	Scen_1,SearchName_roger	1621614392926	1621614396839	3911	OK
REQUEST	Scen_1,S_2003327496	Select_smith	1621614397106	1621614397237	OK	 
REQUEST	Scen_1,S_403328329	Select_roger	1621614398334	1621614398421	OK	 
REQUEST	Scen_1,S_403328329	request_1	1621614398422	1621614399219	OK	 
REQUEST	Scen_1,S_2003327496	request_1	1621614397238	1621614399526	OK	 
REQUEST	Scen_1,S_403328329	request_403328329	1621614399220	1621614404952	OK	 
GROUP	Scen_1,S_403328329	1621614398333	1621614404952	6616	OK
REQUEST	Scen_1,S_2003327496	request_2003327496	1621614399527	1621614405363	OK	 
GROUP	Scen_1,S_2003327496	1621614397105	1621614405364	8255	OK
REQUEST	Scen_1,DrillDown_roger	63702	1621614406548	1621614406795	OK	 
GROUP	Scen_1,DrillDown_roger	1621614406547	1621614406795	247	OK
REQUEST	Scen_1,DrillDown_smith	67992	1621614407354	1621614407469	OK	 
GROUP	Scen_1,DrillDown_smith	1621614407353	1621614407470	115	OK
REQUEST	Scen_1,SearchByActiveMember	Select_SearchByActiveMember	1621614408038	1621614408206	OK	 
GROUP	Scen_1,SearchByActiveMember	1621614408037	1621614408207	168	OK
REQUEST	Scen_1,SearchByActiveMember	Select_SearchByActiveMember	1621614408737	1621614409080	OK	 
GROUP	Scen_1,SearchByActiveMember	1621614408737	1621614409081	343	OK
REQUEST	Scen_1,SearchName_douglas	Search_1	1621614410150	1621614411573	OK	 
REQUEST	Scen_1,SearchName_baker	Search_1	1621614409896	1621614411573	OK	 
REQUEST	Scen_1,SearchName_douglas	Search_2003330312	1621614411574	1621614412839	OK	 
GROUP	Scen_1,SearchName_douglas	1621614410150	1621614412839	2688	OK
REQUEST	Scen_1,SearchName_baker	Search_1803327625	1621614411574	1621614413863	OK	 
GROUP	Scen_1,SearchName_baker	1621614409896	1621614413863	3966	OK
REQUEST	Scen_1,S_2003330312	Select_douglas	1621614414133	1621614414277	OK	 
REQUEST	Scen_1,S_1803327625	Select_baker	1621614415627	1621614415740	OK	 
REQUEST	Scen_1,S_1803327625	request_1	1621614415740	1621614416317	OK	 
REQUEST	Scen_1,S_2003330312	request_1	1621614414277	1621614417230	OK	 
REQUEST	Scen_1,S_1803327625	request_1803327625	1621614416318	1621614421542	OK	 
GROUP	Scen_1,S_1803327625	1621614415626	1621614421543	5914	OK
REQUEST	Scen_1,S_2003330312	request_2003330312	1621614417231	1621614422362	OK	 
GROUP	Scen_1,S_2003330312	1621614414132	1621614422363	8228	OK
REQUEST	Scen_1,DrillDown_baker	68321	1621614423510	1621614423689	OK	 
GROUP	Scen_1,DrillDown_baker	1621614423510	1621614423690	179	OK
REQUEST	Scen_1,DrillDown_douglas	64881	1621614423392	1621614423774	OK	 
GROUP	Scen_1,DrillDown_douglas	1621614423391	1621614423775	382	OK
REQUEST	Scen_1,SearchByActiveMember	Select_SearchByActiveMember	1621614425170	1621614425376	OK	 
GROUP	Scen_1,SearchByActiveMember	1621614425169	1621614425377	206	OK
REQUEST	Scen_1,SearchByActiveMember	Select_SearchByActiveMember	1621614425611	1621614425951	OK	 
GROUP	Scen_1,SearchByActiveMember	1621614425610	1621614425951	340	OK
REQUEST	Scen_1,SearchName_thomas	Search_1	1621614427090	1621614428813	OK	 
REQUEST	Scen_1,SearchName_smith	Search_1	1621614427192	1621614428813	OK	 
REQUEST	Scen_1,SearchName_thomas	Search_1503326775	1621614428814	1621614431704	OK	 
GROUP	Scen_1,SearchName_thomas	1621614427089	1621614431705	4613	OK
REQUEST	Scen_1,SearchName_smith	Search_2003327496	1621614428814	1621614431711	OK	 
GROUP	Scen_1,SearchName_smith	1621614427191	1621614431711	4518	OK
REQUEST	Scen_1,S_2003327496	Select_smith	1621614432809	1621614432949	OK	 
REQUEST	Scen_1,S_1503326775	Select_thomas	1621614433228	1621614433306	OK	 
REQUEST	Scen_1,S_2003327496	request_1	1621614432950	1621614435571	OK	 
REQUEST	Scen_1,S_1503326775	request_1	1621614433307	1621614436390	OK	 
REQUEST	Scen_1,S_2003327496	request_2003327496	1621614435572	1621614439975	OK	 
GROUP	Scen_1,S_2003327496	1621614432808	1621614439976	7164	OK
REQUEST	Scen_1,S_1503326775	request_1503326775	1621614436391	1621614441102	OK	 
GROUP	Scen_1,S_1503326775	1621614433228	1621614441103	7872	OK
REQUEST	Scen_1,DrillDown_smith	67992	1621614441110	1621614441422	OK	 
GROUP	Scen_1,DrillDown_smith	1621614441109	1621614441423	312	OK
REQUEST	Scen_1,DrillDown_thomas	68055	1621614442336	1621614442675	OK	 
GROUP	Scen_1,DrillDown_thomas	1621614442335	1621614442676	339	OK
REQUEST	Scen_1,SearchByActiveMember	Select_SearchByActiveMember	1621614442774	1621614442962	OK	 
GROUP	Scen_1,SearchByActiveMember	1621614442773	1621614442962	188	OK
REQUEST	Scen_1,SearchByActiveMember	Select_SearchByActiveMember	1621614444188	1621614444408	OK	 
GROUP	Scen_1,SearchByActiveMember	1621614444187	1621614444408	220	OK
REQUEST	Scen_1,SearchName_roger	Search_1	1621614444202	1621614445417	OK	 
REQUEST	Scen_1,SearchName_roger	Search_403328329	1621614445418	1621614447344	OK	 
GROUP	Scen_1,SearchName_roger	1621614444201	1621614447345	3141	OK
REQUEST	Scen_1,SearchName_baker	Search_1	1621614446358	1621614447552	OK	 
REQUEST	Scen_1,SearchName_baker	Search_1803327625	1621614447553	1621614448576	OK	 
GROUP	Scen_1,SearchName_baker	1621614446357	1621614448576	2217	OK
REQUEST	Scen_1,S_403328329	Select_roger	1621614449114	1621614449244	OK	 
REQUEST	Scen_1,S_403328329	request_1	1621614449245	1621614449841	OK	 
REQUEST	Scen_1,S_1803327625	Select_baker	1621614449775	1621614449859	OK	 
REQUEST	Scen_1,S_1803327625	request_1	1621614449860	1621614450523	OK	 
REQUEST	Scen_1,S_403328329	request_403328329	1621614449842	1621614455129	OK	 
GROUP	Scen_1,S_403328329	1621614449114	1621614455130	6013	OK
REQUEST	Scen_1,S_1803327625	request_1803327625	1621614450524	1621614455540	OK	 
GROUP	Scen_1,S_1803327625	1621614449775	1621614455540	5763	OK
REQUEST	Scen_1,DrillDown_roger	63702	1621614456993	1621614457196	OK	 
GROUP	Scen_1,DrillDown_roger	1621614456992	1621614457196	203	OK
REQUEST	Scen_1,DrillDown_baker	68321	1621614457125	1621614457300	OK	 
GROUP	Scen_1,DrillDown_baker	1621614457125	1621614457301	175	OK
REQUEST	Scen_1,SearchByActiveMember	Select_SearchByActiveMember	1621614458453	1621614458810	OK	 
GROUP	Scen_1,SearchByActiveMember	1621614458452	1621614458810	357	OK
REQUEST	Scen_1,SearchByActiveMember	Select_SearchByActiveMember	1621614458953	1621614459311	OK	 
GROUP	Scen_1,SearchByActiveMember	1621614458952	1621614459311	358	OK
REQUEST	Scen_1,SearchName_douglas	Search_1	1621614460664	1621614461932	OK	 
REQUEST	Scen_1,SearchName_thomas	Search_1	1621614460651	1621614463117	OK	 
REQUEST	Scen_1,SearchName_douglas	Search_2003330312	1621614461933	1621614463123	OK	 
GROUP	Scen_1,SearchName_douglas	1621614460664	1621614463123	2458	OK
REQUEST	Scen_1,S_2003330312	Select_douglas	1621614464399	1621614464805	OK	 
REQUEST	Scen_1,SearchName_thomas	Search_1503326775	1621614463118	1621614464941	OK	 
GROUP	Scen_1,SearchName_thomas	1621614460650	1621614464942	4289	OK
REQUEST	Scen_1,S_1503326775	Select_thomas	1621614466186	1621614466509	OK	 
REQUEST	Scen_1,S_2003330312	request_1	1621614464806	1621614467313	OK	 
REQUEST	Scen_1,S_1503326775	request_1	1621614466510	1621614469364	OK	 
REQUEST	Scen_1,S_2003330312	request_2003330312	1621614467314	1621614470900	OK	 
GROUP	Scen_1,S_2003330312	1621614464399	1621614470901	6499	OK
REQUEST	Scen_1,S_1503326775	request_1503326775	1621614469365	1621614473002	OK	 
GROUP	Scen_1,S_1503326775	1621614466185	1621614473002	6814	OK
REQUEST	Scen_1,DrillDown_douglas	64881	1621614472218	1621614473208	OK	 
GROUP	Scen_1,DrillDown_douglas	1621614472217	1621614473209	990	OK
REQUEST	Scen_1,SearchByActiveMember	Select_SearchByActiveMember	1621614474541	1621614474783	OK	 
GROUP	Scen_1,SearchByActiveMember	1621614474541	1621614474783	242	OK
REQUEST	Scen_1,DrillDown_thomas	68055	1621614474150	1621614474937	OK	 
GROUP	Scen_1,DrillDown_thomas	1621614474149	1621614474938	787	OK
REQUEST	Scen_1,SearchByActiveMember	Select_SearchByActiveMember	1621614476041	1621614476217	OK	 
GROUP	Scen_1,SearchByActiveMember	1621614476041	1621614476218	176	OK
REQUEST	Scen_1,SearchName_smith	Search_1	1621614476192	1621614477135	OK	 
REQUEST	Scen_1,SearchName_smith	Search_2003327496	1621614477136	1621614478027	OK	 
GROUP	Scen_1,SearchName_smith	1621614476192	1621614478027	1834	OK
REQUEST	Scen_1,SearchName_roger	Search_1	1621614477949	1621614478887	OK	 
REQUEST	Scen_1,S_2003327496	Select_smith	1621614479123	1621614479299	OK	 
REQUEST	Scen_1,SearchName_roger	Search_403328329	1621614478888	1621614479911	OK	 
GROUP	Scen_1,SearchName_roger	1621614477949	1621614479911	1961	OK
REQUEST	Scen_1,S_403328329	Select_roger	1621614481280	1621614481435	OK	 
REQUEST	Scen_1,S_403328329	request_1	1621614481436	1621614482061	OK	 
REQUEST	Scen_1,S_2003327496	request_1	1621614479300	1621614483699	OK	 
REQUEST	Scen_1,S_403328329	request_403328329	1621614482062	1621614486260	OK	 
GROUP	Scen_1,S_403328329	1621614481280	1621614486261	4978	OK
REQUEST	Scen_1,S_2003327496	request_2003327496	1621614483700	1621614487694	OK	 
GROUP	Scen_1,S_2003327496	1621614479122	1621614487694	8569	OK
REQUEST	Scen_1,DrillDown_roger	63702	1621614487755	1621614488102	OK	 
GROUP	Scen_1,DrillDown_roger	1621614487755	1621614488103	347	OK
REQUEST	Scen_1,SearchByActiveMember	Select_SearchByActiveMember	1621614489451	1621614489623	OK	 
GROUP	Scen_1,SearchByActiveMember	1621614489450	1621614489623	172	OK
REQUEST	Scen_1,DrillDown_smith	67992	1621614489131	1621614489665	OK	 
GROUP	Scen_1,DrillDown_smith	1621614489130	1621614489666	534	OK
REQUEST	Scen_1,SearchByActiveMember	Select_SearchByActiveMember	1621614490993	1621614491158	OK	 
GROUP	Scen_1,SearchByActiveMember	1621614490993	1621614491158	165	OK
REQUEST	Scen_1,SearchName_baker	Search_1	1621614491397	1621614491929	OK	 
REQUEST	Scen_1,SearchName_baker	Search_1803327625	1621614491930	1621614492711	OK	 
GROUP	Scen_1,SearchName_baker	1621614491396	1621614492711	1313	OK
REQUEST	Scen_1,SearchName_douglas	Search_1	1621614492735	1621614493735	OK	 
REQUEST	Scen_1,SearchName_douglas	Search_2003330312	1621614493736	1621614494628	OK	 
GROUP	Scen_1,SearchName_douglas	1621614492735	1621614494629	1892	OK
REQUEST	Scen_1,S_1803327625	Select_baker	1621614494553	1621614494714	OK	 
REQUEST	Scen_1,S_1803327625	request_1	1621614494714	1621614495168	OK	 
REQUEST	Scen_1,S_2003330312	Select_douglas	1621614496054	1621614496497	OK	 
REQUEST	Scen_1,S_1803327625	request_1803327625	1621614495169	1621614497725	OK	 
GROUP	Scen_1,S_1803327625	1621614494553	1621614497726	3171	OK
REQUEST	Scen_1,DrillDown_baker	68321	1621614498929	1621614499105	OK	 
GROUP	Scen_1,DrillDown_baker	1621614498928	1621614499105	176	OK
REQUEST	Scen_1,S_2003330312	request_1	1621614496498	1621614499175	OK	 
REQUEST	Scen_1,SearchByActiveMember	Select_SearchByActiveMember	1621614500148	1621614500529	OK	 
GROUP	Scen_1,SearchByActiveMember	1621614500148	1621614500530	381	OK
REQUEST	Scen_1,S_2003330312	request_2003330312	1621614499176	1621614502315	OK	 
GROUP	Scen_1,S_2003330312	1621614496053	1621614502316	6259	OK
REQUEST	Scen_1,SearchName_thomas	Search_1	1621614502210	1621614503156	OK	 
REQUEST	Scen_1,DrillDown_douglas	64881	1621614503387	1621614504284	OK	 
GROUP	Scen_1,DrillDown_douglas	1621614503386	1621614504285	897	OK
REQUEST	Scen_1,SearchName_thomas	Search_1503326775	1621614503157	1621614504290	OK	 
GROUP	Scen_1,SearchName_thomas	1621614502210	1621614504290	2079	OK
REQUEST	Scen_1,SearchByActiveMember	Select_SearchByActiveMember	1621614505362	1621614505736	OK	 
GROUP	Scen_1,SearchByActiveMember	1621614505362	1621614505736	374	OK
REQUEST	Scen_1,S_1503326775	Select_thomas	1621614505852	1621614505936	OK	 
REQUEST	Scen_1,S_1503326775	request_1	1621614505936	1621614508478	OK	 
REQUEST	Scen_1,SearchName_smith	Search_1	1621614506808	1621614508496	OK	 
REQUEST	Scen_1,SearchName_smith	Search_2003327496	1621614508497	1621614511348	OK	 
GROUP	Scen_1,SearchName_smith	1621614506807	1621614511349	4539	OK
REQUEST	Scen_1,S_2003327496	Select_smith	1621614512565	1621614512925	OK	 
REQUEST	Scen_1,S_1503326775	request_1503326775	1621614508479	1621614514012	OK	 
GROUP	Scen_1,S_1503326775	1621614505851	1621614514012	8159	OK
REQUEST	Scen_1,S_2003327496	request_1	1621614512925	1621614515644	OK	 
REQUEST	Scen_1,DrillDown_thomas	68055	1621614515494	1621614516263	OK	 
GROUP	Scen_1,DrillDown_thomas	1621614515493	1621614516264	769	OK
REQUEST	Scen_1,SearchByActiveMember	Select_SearchByActiveMember	1621614517768	1621614517941	OK	 
GROUP	Scen_1,SearchByActiveMember	1621614517768	1621614517941	173	OK
REQUEST	Scen_1,S_2003327496	request_2003327496	1621614515645	1621614518007	OK	 
GROUP	Scen_1,S_2003327496	1621614512565	1621614518007	5441	OK
REQUEST	Scen_1,DrillDown_smith	67992	1621614519358	1621614520257	OK	 
GROUP	Scen_1,DrillDown_smith	1621614519358	1621614520257	899	OK
REQUEST	Scen_1,SearchName_roger	Search_1	1621614519435	1621614520871	OK	 
REQUEST	Scen_1,SearchByActiveMember	Select_SearchByActiveMember	1621614521437	1621614521616	OK	 
GROUP	Scen_1,SearchByActiveMember	1621614521437	1621614521616	179	OK
REQUEST	Scen_1,SearchName_roger	Search_403328329	1621614520872	1621614521998	OK	 
GROUP	Scen_1,SearchName_roger	1621614519434	1621614521998	2562	OK
REQUEST	Scen_1,S_403328329	Select_roger	1621614523237	1621614523393	OK	 
REQUEST	Scen_1,SearchName_baker	Search_1	1621614523317	1621614523943	OK	 
REQUEST	Scen_1,SearchName_baker	Search_1803327625	1621614523944	1621614524488	OK	 
GROUP	Scen_1,SearchName_baker	1621614523317	1621614524489	1170	OK
REQUEST	Scen_1,S_403328329	request_1	1621614523394	1621614524523	OK	 
REQUEST	Scen_1,S_1803327625	Select_baker	1621614525931	1621614526107	OK	 
REQUEST	Scen_1,S_1803327625	request_1	1621614526108	1621614526504	OK	 
REQUEST	Scen_1,S_403328329	request_403328329	1621614524524	1621614527220	OK	 
GROUP	Scen_1,S_403328329	1621614523237	1621614527221	3981	OK
REQUEST	Scen_1,S_1803327625	request_1803327625	1621614526505	1621614529270	OK	 
GROUP	Scen_1,S_1803327625	1621614525931	1621614529270	3337	OK
REQUEST	Scen_1,DrillDown_roger	63702	1621614528293	1621614529270	OK	 
GROUP	Scen_1,DrillDown_roger	1621614528292	1621614529270	977	OK
GROUP	Scen_1	1621614370863	1621614530492	100714	OK
REQUEST	Scen_1,Login	BasePage	1621614530492	1621614530559	OK	 
REQUEST	Scen_1,Login	BasePage_1	1621614530560	1621614530623	OK	 
REQUEST	Scen_1,Login	BasePage_2	1621614530624	1621614530685	OK	 
REQUEST	Scen_1,Login	BasePage_3	1621614530686	1621614530755	OK	 
REQUEST	Scen_1,Login	BasePage_4	1621614530756	1621614530819	OK	 
REQUEST	Scen_1,DrillDown_baker	68321	1621614530884	1621614531427	OK	 
GROUP	Scen_1,DrillDown_baker	1621614530884	1621614531428	543	OK
REQUEST	Scen_1,Login	BasePage_5	1621614530820	1621614532647	OK	 
GROUP	Scen_1,Login	1621614530492	1621614532648	2150	OK
GROUP	Scen_1	1621614373332	1621614532717	101335	OK
REQUEST	Scen_1,Login	BasePage	1621614532718	1621614532778	OK	 
REQUEST	Scen_1,Login	BasePage_1	1621614532779	1621614532842	OK	 
REQUEST	Scen_1,Login	BasePage_2	1621614532843	1621614532905	OK	 
REQUEST	Scen_1,Login	BasePage_3	1621614532906	1621614532972	OK	 
REQUEST	Scen_1,Login	BasePage_4	1621614532973	1621614533036	OK	 
REQUEST	Scen_1,SearchByActiveMember	Select_SearchByActiveMember	1621614533652	1621614533818	OK	 
GROUP	Scen_1,SearchByActiveMember	1621614533651	1621614533819	166	OK
REQUEST	Scen_1,Login	BasePage_5	1621614533037	1621614535047	OK	 
GROUP	Scen_1,Login	1621614532718	1621614535048	2324	OK
REQUEST	Scen_1,SearchName_douglas	Search_1	1621614535036	1621614535719	OK	 
REQUEST	Scen_1,SearchByActiveMember	Select_SearchByActiveMember	1621614536054	1621614536209	OK	 
GROUP	Scen_1,SearchByActiveMember	1621614536054	1621614536210	155	OK
REQUEST	Scen_1,SearchName_douglas	Search_2003330312	1621614535720	1621614536596	OK	 
GROUP	Scen_1,SearchName_douglas	1621614535036	1621614536597	1559	OK
REQUEST	Scen_1,S_2003330312	Select_douglas	1621614537729	1621614537897	OK	 
REQUEST	Scen_1,SearchName_thomas	Search_1	1621614537249	1621614538378	OK	 
REQUEST	Scen_1,SearchName_thomas	Search_1503326775	1621614538378	1621614539236	OK	 
GROUP	Scen_1,SearchName_thomas	1621614537248	1621614539237	1987	OK
REQUEST	Scen_1,S_2003330312	request_1	1621614537898	1621614540278	OK	 
REQUEST	Scen_1,S_1503326775	Select_thomas	1621614540357	1621614540733	OK	 
REQUEST	Scen_1,S_2003330312	request_2003330312	1621614540279	1621614542785	OK	 
GROUP	Scen_1,S_2003330312	1621614537729	1621614542786	5054	OK
REQUEST	Scen_1,S_1503326775	request_1	1621614540734	1621614543604	OK	 
REQUEST	Scen_1,DrillDown_douglas	64881	1621614544134	1621614545244	OK	 
GROUP	Scen_1,DrillDown_douglas	1621614544134	1621614545245	1110	OK
REQUEST	Scen_1,S_1503326775	request_1503326775	1621614543604	1621614545756	OK	 
GROUP	Scen_1,S_1503326775	1621614540357	1621614545756	5398	OK
REQUEST	Scen_1,SearchByActiveMember	Select_SearchByActiveMember	1621614546504	1621614546668	OK	 
GROUP	Scen_1,SearchByActiveMember	1621614546503	1621614546668	164	OK
REQUEST	Scen_1,DrillDown_thomas	68055	1621614546972	1621614547099	OK	 
GROUP	Scen_1,DrillDown_thomas	1621614546972	1621614547100	127	OK
REQUEST	Scen_1,SearchByActiveMember	Select_SearchByActiveMember	1621614549083	1621614549748	OK	 
GROUP	Scen_1,SearchByActiveMember	1621614549083	1621614549749	665	OK
REQUEST	Scen_1,SearchName_smith	Search_1	1621614548666	1621614550055	OK	 
REQUEST	Scen_1,SearchName_smith	Search_2003327496	1621614550056	1621614551335	OK	 
GROUP	Scen_1,SearchName_smith	1621614548665	1621614551336	2668	OK
REQUEST	Scen_1,SearchName_roger	Search_1	1621614551219	1621614552823	OK	 
REQUEST	Scen_1,S_2003327496	Select_smith	1621614553292	1621614553462	OK	 
REQUEST	Scen_1,SearchName_roger	Search_403328329	1621614552824	1621614554254	OK	 
GROUP	Scen_1,SearchName_roger	1621614551219	1621614554254	3034	OK
REQUEST	Scen_1,S_403328329	Select_roger	1621614555537	1621614555669	OK	 
REQUEST	Scen_1,S_2003327496	request_1	1621614553463	1621614556609	OK	 
REQUEST	Scen_1,S_403328329	request_1	1621614555670	1621614556698	OK	 
REQUEST	Scen_1,S_2003327496	request_2003327496	1621614556610	1621614562761	OK	 
GROUP	Scen_1,S_2003327496	1621614553291	1621614562762	9467	OK
REQUEST	Scen_1,S_403328329	request_403328329	1621614556699	1621614562839	OK	 
GROUP	Scen_1,S_403328329	1621614555536	1621614562840	7300	OK
REQUEST	Scen_1,DrillDown_smith	67992	1621614564036	1621614564186	OK	 
GROUP	Scen_1,DrillDown_smith	1621614564036	1621614564187	150	OK
REQUEST	Scen_1,DrillDown_roger	63702	1621614564574	1621614565461	OK	 
GROUP	Scen_1,DrillDown_roger	1621614564573	1621614565461	887	OK
REQUEST	Scen_1,SearchByActiveMember	Select_SearchByActiveMember	1621614565412	1621614565895	OK	 
GROUP	Scen_1,SearchByActiveMember	1621614565412	1621614565895	483	OK
REQUEST	Scen_1,SearchName_baker	Search_1	1621614567033	1621614567646	OK	 
REQUEST	Scen_1,SearchByActiveMember	Select_SearchByActiveMember	1621614567402	1621614567708	OK	 
GROUP	Scen_1,SearchByActiveMember	1621614567401	1621614567708	306	OK
REQUEST	Scen_1,SearchName_baker	Search_1803327625	1621614567646	1621614568234	OK	 
GROUP	Scen_1,SearchName_baker	1621614567033	1621614568235	1201	OK
REQUEST	Scen_1,S_1803327625	Select_baker	1621614569566	1621614569649	OK	 
REQUEST	Scen_1,SearchName_douglas	Search_1	1621614569189	1621614569675	OK	 
REQUEST	Scen_1,S_1803327625	request_1	1621614569650	1621614569957	OK	 
REQUEST	Scen_1,SearchName_douglas	Search_2003330312	1621614569675	1621614570840	OK	 
GROUP	Scen_1,SearchName_douglas	1621614569189	1621614570840	1651	OK
REQUEST	Scen_1,S_2003330312	Select_douglas	1621614572214	1621614572378	OK	 
REQUEST	Scen_1,S_2003330312	request_1	1621614572379	1621614574734	OK	 
REQUEST	Scen_1,S_1803327625	request_1803327625	1621614569958	1621614574899	OK	 
GROUP	Scen_1,S_1803327625	1621614569566	1621614574899	5331	OK
REQUEST	Scen_1,DrillDown_baker	68321	1621614576289	1621614576983	OK	 
GROUP	Scen_1,DrillDown_baker	1621614576288	1621614576984	694	OK
REQUEST	Scen_1,SearchByActiveMember	Select_SearchByActiveMember	1621614578339	1621614578516	OK	 
GROUP	Scen_1,SearchByActiveMember	1621614578338	1621614578516	177	OK
REQUEST	Scen_1,S_2003330312	request_2003330312	1621614574735	1621614579139	OK	 
GROUP	Scen_1,S_2003330312	1621614572213	1621614579139	6923	OK
REQUEST	Scen_1,DrillDown_douglas	64881	1621614581076	1621614581494	OK	 
GROUP	Scen_1,DrillDown_douglas	1621614581075	1621614581495	418	OK
REQUEST	Scen_1,SearchName_thomas	Search_1	1621614580309	1621614581608	OK	 
REQUEST	Scen_1,SearchName_thomas	Search_1503326775	1621614581609	1621614582821	OK	 
GROUP	Scen_1,SearchName_thomas	1621614580308	1621614582822	2511	OK
REQUEST	Scen_1,SearchByActiveMember	Select_SearchByActiveMember	1621614582861	1621614583000	OK	 
GROUP	Scen_1,SearchByActiveMember	1621614582860	1621614583001	139	OK
REQUEST	Scen_1,S_1503326775	Select_thomas	1621614583876	1621614583998	OK	 
REQUEST	Scen_1,SearchName_smith	Search_1	1621614584512	1621614585586	OK	 
REQUEST	Scen_1,S_1503326775	request_1	1621614583999	1621614586817	OK	 
REQUEST	Scen_1,SearchName_smith	Search_2003327496	1621614585587	1621614587636	OK	 
GROUP	Scen_1,SearchName_smith	1621614584511	1621614587637	3123	OK
REQUEST	Scen_1,S_2003327496	Select_smith	1621614589100	1621614589272	OK	 
REQUEST	Scen_1,S_1503326775	request_1503326775	1621614586818	1621614589452	OK	 
GROUP	Scen_1,S_1503326775	1621614583876	1621614589452	5574	OK
REQUEST	Scen_1,DrillDown_thomas	68055	1621614590961	1621614591272	OK	 
GROUP	Scen_1,DrillDown_thomas	1621614590961	1621614591273	311	OK
REQUEST	Scen_1,S_2003327496	request_1	1621614589273	1621614592245	OK	 
REQUEST	Scen_1,SearchByActiveMember	Select_SearchByActiveMember	1621614592383	1621614592860	OK	 
GROUP	Scen_1,SearchByActiveMember	1621614592382	1621614592861	477	OK
REQUEST	Scen_1,S_2003327496	request_2003327496	1621614592245	1621614595214	OK	 
GROUP	Scen_1,S_2003327496	1621614589100	1621614595215	6113	OK
REQUEST	Scen_1,SearchName_roger	Search_1	1621614594306	1621614595726	OK	 
REQUEST	Scen_1,SearchName_roger	Search_403328329	1621614595727	1621614596750	OK	 
GROUP	Scen_1,SearchName_roger	1621614594306	1621614596751	2443	OK
REQUEST	Scen_1,DrillDown_smith	67992	1621614597160	1621614597362	OK	 
GROUP	Scen_1,DrillDown_smith	1621614597159	1621614597362	202	OK
REQUEST	Scen_1,S_403328329	Select_roger	1621614597831	1621614597918	OK	 
REQUEST	Scen_1,S_403328329	request_1	1621614597919	1621614598443	OK	 
REQUEST	Scen_1,SearchByActiveMember	Select_SearchByActiveMember	1621614598619	1621614598756	OK	 
GROUP	Scen_1,SearchByActiveMember	1621614598619	1621614598757	137	OK
REQUEST	Scen_1,SearchName_baker	Search_1	1621614600340	1621614601768	OK	 
REQUEST	Scen_1,S_403328329	request_403328329	1621614598444	1621614602382	OK	 
GROUP	Scen_1,S_403328329	1621614597831	1621614602383	4549	OK
REQUEST	Scen_1,SearchName_baker	Search_1803327625	1621614601769	1621614602894	OK	 
GROUP	Scen_1,SearchName_baker	1621614600340	1621614602894	2553	OK
REQUEST	Scen_1,DrillDown_roger	63702	1621614603423	1621614603816	OK	 
GROUP	Scen_1,DrillDown_roger	1621614603422	1621614603816	393	OK
REQUEST	Scen_1,S_1803327625	Select_baker	1621614603955	1621614604038	OK	 
REQUEST	Scen_1,S_1803327625	request_1	1621614604039	1621614604839	OK	 
REQUEST	Scen_1,SearchByActiveMember	Select_SearchByActiveMember	1621614604864	1621614605006	OK	 
GROUP	Scen_1,SearchByActiveMember	1621614604863	1621614605007	142	OK
REQUEST	Scen_1,SearchName_douglas	Search_1	1621614606064	1621614607501	OK	 
REQUEST	Scen_1,SearchName_douglas	Search_2003330312	1621614607502	1621614609038	OK	 
GROUP	Scen_1,SearchName_douglas	1621614606064	1621614609039	2973	OK
REQUEST	Scen_1,S_1803327625	request_1803327625	1621614604840	1621614609960	OK	 
GROUP	Scen_1,S_1803327625	1621614603955	1621614609960	6003	OK
REQUEST	Scen_1,S_2003330312	Select_douglas	1621614610258	1621614610379	OK	 
REQUEST	Scen_1,DrillDown_baker	68321	1621614611945	1621614612170	OK	 
GROUP	Scen_1,DrillDown_baker	1621614611945	1621614612171	225	OK
REQUEST	Scen_1,S_2003330312	request_1	1621614610380	1621614612827	OK	 
REQUEST	Scen_1,SearchByActiveMember	Select_SearchByActiveMember	1621614614134	1621614614526	OK	 
GROUP	Scen_1,SearchByActiveMember	1621614614133	1621614614527	392	OK
REQUEST	Scen_1,S_2003330312	request_2003330312	1621614612828	1621614615490	OK	 
GROUP	Scen_1,S_2003330312	1621614610257	1621614615490	5230	OK
REQUEST	Scen_1,SearchName_thomas	Search_1	1621614616045	1621614617536	OK	 
REQUEST	Scen_1,DrillDown_douglas	64881	1621614616637	1621614617536	OK	 
GROUP	Scen_1,DrillDown_douglas	1621614616636	1621614617537	899	OK
REQUEST	Scen_1,SearchName_thomas	Search_1503326775	1621614617537	1621614618458	OK	 
GROUP	Scen_1,SearchName_thomas	1621614616044	1621614618458	2412	OK
REQUEST	Scen_1,SearchByActiveMember	Select_SearchByActiveMember	1621614618695	1621614618855	OK	 
GROUP	Scen_1,SearchByActiveMember	1621614618694	1621614618856	160	OK
REQUEST	Scen_1,S_1503326775	Select_thomas	1621614620106	1621614620419	OK	 
REQUEST	Scen_1,SearchName_smith	Search_1	1621614620525	1621614621836	OK	 
REQUEST	Scen_1,S_1503326775	request_1	1621614620420	1621614623170	OK	 
REQUEST	Scen_1,SearchName_smith	Search_2003327496	1621614621837	1621614623477	OK	 
GROUP	Scen_1,SearchName_smith	1621614620524	1621614623478	2951	OK
REQUEST	Scen_1,S_2003327496	Select_smith	1621614624843	1621614625213	OK	 
REQUEST	Scen_1,S_1503326775	request_1503326775	1621614623170	1621614625523	OK	 
GROUP	Scen_1,S_1503326775	1621614620106	1621614625523	5416	OK
REQUEST	Scen_1,S_2003327496	request_1	1621614625213	1621614627544	OK	 
REQUEST	Scen_1,DrillDown_thomas	68055	1621614627440	1621614628170	OK	 
GROUP	Scen_1,DrillDown_thomas	1621614627439	1621614628171	730	OK
REQUEST	Scen_1,SearchByActiveMember	Select_SearchByActiveMember	1621614629299	1621614629491	OK	 
GROUP	Scen_1,SearchByActiveMember	1621614629298	1621614629492	192	OK
REQUEST	Scen_1,S_2003327496	request_2003327496	1621614627545	1621614629622	OK	 
GROUP	Scen_1,S_2003327496	1621614624843	1621614629622	4778	OK
REQUEST	Scen_1,DrillDown_smith	67992	1621614631234	1621614631752	OK	 
GROUP	Scen_1,DrillDown_smith	1621614631233	1621614631753	518	OK
REQUEST	Scen_1,SearchName_roger	Search_1	1621614631002	1621614631932	OK	 
REQUEST	Scen_1,SearchName_roger	Search_403328329	1621614631932	1621614632797	OK	 
GROUP	Scen_1,SearchName_roger	1621614631002	1621614632797	1795	OK
REQUEST	Scen_1,SearchByActiveMember	Select_SearchByActiveMember	1621614633472	1621614633596	OK	 
GROUP	Scen_1,SearchByActiveMember	1621614633471	1621614633596	124	OK
REQUEST	Scen_1,S_403328329	Select_roger	1621614634598	1621614634738	OK	 
REQUEST	Scen_1,S_403328329	request_1	1621614634739	1621614635232	OK	 
REQUEST	Scen_1,SearchName_baker	Search_1	1621614635001	1621614635662	OK	 
REQUEST	Scen_1,SearchName_baker	Search_1803327625	1621614635663	1621614636519	OK	 
GROUP	Scen_1,SearchName_baker	1621614635001	1621614636519	1517	OK
REQUEST	Scen_1,S_1803327625	Select_baker	1621614638187	1621614638364	OK	 
REQUEST	Scen_1,S_1803327625	request_1	1621614638365	1621614638719	OK	 
REQUEST	Scen_1,S_403328329	request_403328329	1621614635233	1621614639079	OK	 
GROUP	Scen_1,S_403328329	1621614634597	1621614639080	4479	OK
REQUEST	Scen_1,S_1803327625	request_1803327625	1621614638720	1621614641396	OK	 
GROUP	Scen_1,S_1803327625	1621614638186	1621614641396	3207	OK
REQUEST	Scen_1,DrillDown_roger	63702	1621614641027	1621614641599	OK	 
GROUP	Scen_1,DrillDown_roger	1621614641027	1621614641599	572	OK
REQUEST	Scen_1,SearchByActiveMember	Select_SearchByActiveMember	1621614642723	1621614642937	OK	 
GROUP	Scen_1,SearchByActiveMember	1621614642723	1621614642937	214	OK
REQUEST	Scen_1,DrillDown_baker	68321	1621614643253	1621614643454	OK	 
GROUP	Scen_1,DrillDown_baker	1621614643252	1621614643454	201	OK
REQUEST	Scen_1,SearchByActiveMember	Select_SearchByActiveMember	1621614645103	1621614645675	OK	 
GROUP	Scen_1,SearchByActiveMember	1621614645102	1621614645675	572	OK
REQUEST	Scen_1,SearchName_douglas	Search_1	1621614644727	1621614645688	OK	 
REQUEST	Scen_1,SearchName_douglas	Search_2003330312	1621614645689	1621614646244	OK	 
GROUP	Scen_1,SearchName_douglas	1621614644727	1621614646244	1516	OK
REQUEST	Scen_1,S_2003330312	Select_douglas	1621614647877	1621614648055	OK	 
REQUEST	Scen_1,SearchName_thomas	Search_1	1621614646944	1621614648410	OK	 
REQUEST	Scen_1,SearchName_thomas	Search_1503326775	1621614648410	1621614649836	OK	 
GROUP	Scen_1,SearchName_thomas	1621614646944	1621614649836	2892	OK
REQUEST	Scen_1,S_2003330312	request_1	1621614648055	1621614651288	OK	 
REQUEST	Scen_1,S_1503326775	Select_thomas	1621614651361	1621614651536	OK	 
REQUEST	Scen_1,S_1503326775	request_1	1621614651537	1621614654094	OK	 
REQUEST	Scen_1,S_2003330312	request_2003330312	1621614651289	1621614655122	OK	 
GROUP	Scen_1,S_2003330312	1621614647877	1621614655123	7244	OK
REQUEST	Scen_1,S_1503326775	request_1503326775	1621614654095	1621614657329	OK	 
GROUP	Scen_1,S_1503326775	1621614651361	1621614657330	5966	OK
REQUEST	Scen_1,DrillDown_douglas	64881	1621614656696	1621614657348	OK	 
GROUP	Scen_1,DrillDown_douglas	1621614656696	1621614657348	652	OK
REQUEST	Scen_1,DrillDown_thomas	68055	1621614658545	1621614658936	OK	 
GROUP	Scen_1,DrillDown_thomas	1621614658545	1621614658937	391	OK
REQUEST	Scen_1,SearchByActiveMember	Select_SearchByActiveMember	1621614659344	1621614659709	OK	 
GROUP	Scen_1,SearchByActiveMember	1621614659344	1621614659710	365	OK
REQUEST	Scen_1,SearchByActiveMember	Select_SearchByActiveMember	1621614660675	1621614660864	OK	 
GROUP	Scen_1,SearchByActiveMember	1621614660675	1621614660865	189	OK
REQUEST	Scen_1,SearchName_smith	Search_1	1621614661478	1621614663512	OK	 
REQUEST	Scen_1,SearchName_roger	Search_1	1621614662222	1621614664592	OK	 
REQUEST	Scen_1,SearchName_smith	Search_2003327496	1621614663513	1621614666021	OK	 
GROUP	Scen_1,SearchName_smith	1621614661478	1621614666021	4542	OK
REQUEST	Scen_1,SearchName_roger	Search_403328329	1621614664593	1621614666766	OK	 
GROUP	Scen_1,SearchName_roger	1621614662222	1621614666766	4543	OK
REQUEST	Scen_1,S_403328329	Select_roger	1621614667832	1621614668005	OK	 
REQUEST	Scen_1,S_2003327496	Select_smith	1621614668001	1621614668186	OK	 
REQUEST	Scen_1,S_403328329	request_1	1621614668005	1621614670347	OK	 
REQUEST	Scen_1,S_2003327496	request_1	1621614668187	1621614671354	OK	 
REQUEST	Scen_1,S_403328329	request_403328329	1621614670347	1621614676207	OK	 
GROUP	Scen_1,S_403328329	1621614667832	1621614676208	8375	OK
REQUEST	Scen_1,S_2003327496	request_2003327496	1621614671355	1621614676747	OK	 
GROUP	Scen_1,S_2003327496	1621614668001	1621614676748	8744	OK
REQUEST	Scen_1,DrillDown_roger	63702	1621614677217	1621614677653	OK	 
GROUP	Scen_1,DrillDown_roger	1621614677216	1621614677654	436	OK
REQUEST	Scen_1,DrillDown_smith	67992	1621614678445	1621614678594	OK	 
GROUP	Scen_1,DrillDown_smith	1621614678444	1621614678595	149	OK
GROUP	Scen_1	1621614530492	1621614679187	92696	OK
REQUEST	Scen_1,Login	BasePage	1621614679187	1621614679441	OK	 
REQUEST	Scen_1,Login	BasePage_1	1621614679441	1621614679505	OK	 
REQUEST	Scen_1,Login	BasePage_2	1621614679505	1621614679571	OK	 
REQUEST	Scen_1,Login	BasePage_3	1621614679572	1621614679635	OK	 
REQUEST	Scen_1,Login	BasePage_4	1621614679636	1621614679702	OK	 
REQUEST	Scen_1,SearchByActiveMember	Select_SearchByActiveMember	1621614680083	1621614681532	OK	 
GROUP	Scen_1,SearchByActiveMember	1621614680083	1621614681532	1449	OK
REQUEST	Scen_1,Login	BasePage_5	1621614679702	1621614682958	OK	 
GROUP	Scen_1,Login	1621614679187	1621614682958	3769	OK
REQUEST	Scen_1,SearchName_baker	Search_1	1621614683004	1621614683922	OK	 
REQUEST	Scen_1,SearchByActiveMember	Select_SearchByActiveMember	1621614683959	1621614684114	OK	 
GROUP	Scen_1,SearchByActiveMember	1621614683959	1621614684115	155	OK
REQUEST	Scen_1,SearchName_baker	Search_1803327625	1621614683922	1621614684794	OK	 
GROUP	Scen_1,SearchName_baker	1621614683004	1621614684795	1790	OK
REQUEST	Scen_1,S_1803327625	Select_baker	1621614686009	1621614686148	OK	 
REQUEST	Scen_1,S_1803327625	request_1	1621614686148	1621614686495	OK	 
REQUEST	Scen_1,SearchName_douglas	Search_1	1621614685346	1621614686920	OK	 
REQUEST	Scen_1,SearchName_douglas	Search_2003330312	1621614686921	1621614688581	OK	 
GROUP	Scen_1,SearchName_douglas	1621614685346	1621614688581	3234	OK
REQUEST	Scen_1,S_2003330312	Select_douglas	1621614690548	1621614690974	OK	 
REQUEST	Scen_1,S_1803327625	request_1803327625	1621614686495	1621614691167	OK	 
GROUP	Scen_1,S_1803327625	1621614686009	1621614691168	5158	OK
REQUEST	Scen_1,DrillDown_baker	68321	1621614692975	1621614693208	OK	 
GROUP	Scen_1,DrillDown_baker	1621614692975	1621614693208	233	OK
REQUEST	Scen_1,S_2003330312	request_1	1621614690974	1621614693724	OK	 
GROUP	Scen_1	1621614532717	1621614694728	97714	OK
REQUEST	Scen_1,Login	BasePage	1621614694728	1621614694983	OK	 
REQUEST	Scen_1,Login	BasePage_1	1621614694983	1621614695049	OK	 
REQUEST	Scen_1,Login	BasePage_2	1621614695049	1621614695113	OK	 
REQUEST	Scen_1,Login	BasePage_3	1621614695114	1621614695177	OK	 
REQUEST	Scen_1,Login	BasePage_4	1621614695178	1621614695245	OK	 
REQUEST	Scen_1,S_2003330312	request_2003330312	1621614693725	1621614696897	OK	 
GROUP	Scen_1,S_2003330312	1621614690548	1621614696897	6348	OK
REQUEST	Scen_1,Login	BasePage_5	1621614695246	1621614697981	OK	 
GROUP	Scen_1,Login	1621614694728	1621614697981	3250	OK
REQUEST	Scen_1,DrillDown_douglas	64881	1621614698064	1621614698346	OK	 
GROUP	Scen_1,DrillDown_douglas	1621614698063	1621614698346	282	OK
REQUEST	Scen_1,SearchByActiveMember	Select_SearchByActiveMember	1621614698992	1621614699247	OK	 
GROUP	Scen_1,SearchByActiveMember	1621614698992	1621614699248	255	OK
REQUEST	Scen_1,SearchByActiveMember	Select_SearchByActiveMember	1621614699672	1621614699778	OK	 
GROUP	Scen_1,SearchByActiveMember	1621614699672	1621614699778	106	OK
REQUEST	Scen_1,SearchName_thomas	Search_1	1621614700304	1621614701287	OK	 
REQUEST	Scen_1,SearchName_smith	Search_1	1621614701084	1621614703041	OK	 
REQUEST	Scen_1,SearchName_thomas	Search_1503326775	1621614701288	1621614703348	OK	 
GROUP	Scen_1,SearchName_thomas	1621614700303	1621614703349	3043	OK
REQUEST	Scen_1,SearchName_smith	Search_2003327496	1621614703042	1621614704764	OK	 
GROUP	Scen_1,SearchName_smith	1621614701084	1621614704764	3679	OK
REQUEST	Scen_1,S_1503326775	Select_thomas	1621614704968	1621614705120	OK	 
REQUEST	Scen_1,S_2003327496	Select_smith	1621614706140	1621614706412	OK	 
REQUEST	Scen_1,S_1503326775	request_1	1621614705121	1621614707711	OK	 
REQUEST	Scen_1,S_2003327496	request_1	1621614706413	1621614708972	OK	 
REQUEST	Scen_1,S_1503326775	request_1503326775	1621614707711	1621614711859	OK	 
GROUP	Scen_1,S_1503326775	1621614704968	1621614711859	6890	OK
REQUEST	Scen_1,S_2003327496	request_2003327496	1621614708973	1621614712965	OK	 
GROUP	Scen_1,S_2003327496	1621614706140	1621614712966	6823	OK
REQUEST	Scen_1,DrillDown_thomas	68055	1621614713812	1621614714128	OK	 
GROUP	Scen_1,DrillDown_thomas	1621614713811	1621614714129	316	OK
REQUEST	Scen_1,DrillDown_smith	67992	1621614714493	1621614714810	OK	 
GROUP	Scen_1,DrillDown_smith	1621614714492	1621614714810	317	OK
REQUEST	Scen_1,SearchByActiveMember	Select_SearchByActiveMember	1621614715766	1621614715928	OK	 
GROUP	Scen_1,SearchByActiveMember	1621614715766	1621614715928	162	OK
REQUEST	Scen_1,SearchByActiveMember	Select_SearchByActiveMember	1621614716333	1621614716487	OK	 
GROUP	Scen_1,SearchByActiveMember	1621614716333	1621614716487	154	OK
REQUEST	Scen_1,SearchName_roger	Search_1	1621614717153	1621614718399	OK	 
REQUEST	Scen_1,SearchName_baker	Search_1	1621614717771	1621614718901	OK	 
REQUEST	Scen_1,SearchName_baker	Search_1803327625	1621614718901	1621614721244	OK	 
GROUP	Scen_1,SearchName_baker	1621614717770	1621614721244	3473	OK
REQUEST	Scen_1,SearchName_roger	Search_403328329	1621614718400	1621614721426	OK	 
GROUP	Scen_1,SearchName_roger	1621614717152	1621614721427	4272	OK
REQUEST	Scen_1,S_403328329	Select_roger	1621614722572	1621614722688	OK	 
REQUEST	Scen_1,S_1803327625	Select_baker	1621614722550	1621614722688	OK	 
REQUEST	Scen_1,S_1803327625	request_1	1621614722689	1621614723112	OK	 
REQUEST	Scen_1,S_403328329	request_1	1621614722689	1621614723610	OK	 
REQUEST	Scen_1,S_1803327625	request_1803327625	1621614723113	1621614728642	OK	 
GROUP	Scen_1,S_1803327625	1621614722549	1621614728642	6090	OK
REQUEST	Scen_1,S_403328329	request_403328329	1621614723611	1621614729154	OK	 
GROUP	Scen_1,S_403328329	1621614722571	1621614729154	6580	OK
REQUEST	Scen_1,DrillDown_roger	63702	1621614730214	1621614730529	OK	 
GROUP	Scen_1,DrillDown_roger	1621614730213	1621614730530	315	OK
REQUEST	Scen_1,DrillDown_baker	68321	1621614730480	1621614730644	OK	 
GROUP	Scen_1,DrillDown_baker	1621614730479	1621614730644	164	OK
REQUEST	Scen_1,SearchByActiveMember	Select_SearchByActiveMember	1621614731672	1621614731835	OK	 
GROUP	Scen_1,SearchByActiveMember	1621614731671	1621614731835	163	OK
REQUEST	Scen_1,SearchByActiveMember	Select_SearchByActiveMember	1621614732381	1621614732536	OK	 
GROUP	Scen_1,SearchByActiveMember	1621614732381	1621614732536	155	OK
REQUEST	Scen_1,SearchName_douglas	Search_1	1621614733138	1621614733658	OK	 
REQUEST	Scen_1,SearchName_douglas	Search_2003330312	1621614733659	1621614734440	OK	 
GROUP	Scen_1,SearchName_douglas	1621614733138	1621614734441	1301	OK
REQUEST	Scen_1,S_2003330312	Select_douglas	1621614735566	1621614735735	OK	 
REQUEST	Scen_1,SearchName_thomas	Search_1	1621614734512	1621614735994	OK	 
REQUEST	Scen_1,SearchName_thomas	Search_1503326775	1621614735995	1621614736937	OK	 
GROUP	Scen_1,SearchName_thomas	1621614734512	1621614736937	2424	OK
REQUEST	Scen_1,S_2003330312	request_1	1621614735736	1621614738265	OK	 
REQUEST	Scen_1,S_1503326775	Select_thomas	1621614738626	1621614738789	OK	 
REQUEST	Scen_1,S_1503326775	request_1	1621614738790	1621614741644	OK	 
REQUEST	Scen_1,S_2003330312	request_2003330312	1621614738265	1621614741718	OK	 
GROUP	Scen_1,S_2003330312	1621614735566	1621614741718	6151	OK
REQUEST	Scen_1,S_1503326775	request_1503326775	1621614741645	1621614744106	OK	 
GROUP	Scen_1,S_1503326775	1621614738626	1621614744106	5478	OK
REQUEST	Scen_1,DrillDown_douglas	64881	1621614743045	1621614744106	OK	 
GROUP	Scen_1,DrillDown_douglas	1621614743044	1621614744106	1061	OK
REQUEST	Scen_1,DrillDown_thomas	68055	1621614745372	1621614745490	OK	 
GROUP	Scen_1,DrillDown_thomas	1621614745371	1621614745490	118	OK
REQUEST	Scen_1,SearchByActiveMember	Select_SearchByActiveMember	1621614745883	1621614746072	OK	 
GROUP	Scen_1,SearchByActiveMember	1621614745883	1621614746072	189	OK
REQUEST	Scen_1,SearchByActiveMember	Select_SearchByActiveMember	1621614747064	1621614747429	OK	 
GROUP	Scen_1,SearchByActiveMember	1621614747063	1621614747429	365	OK
REQUEST	Scen_1,SearchName_smith	Search_1	1621614747596	1621614748448	OK	 
REQUEST	Scen_1,SearchName_smith	Search_2003327496	1621614748448	1621614750044	OK	 
GROUP	Scen_1,SearchName_smith	1621614747596	1621614750044	2448	OK
REQUEST	Scen_1,S_2003327496	Select_smith	1621614751060	1621614751205	OK	 
REQUEST	Scen_1,SearchName_roger	Search_1	1621614748741	1621614751284	OK	 
REQUEST	Scen_1,SearchName_roger	Search_403328329	1621614751285	1621614752297	OK	 
GROUP	Scen_1,SearchName_roger	1621614748740	1621614752297	3555	OK
REQUEST	Scen_1,S_2003327496	request_1	1621614751206	1621614753525	OK	 
REQUEST	Scen_1,S_403328329	Select_roger	1621614753792	1621614753965	OK	 
REQUEST	Scen_1,S_403328329	request_1	1621614753965	1621614754755	OK	 
REQUEST	Scen_1,S_2003327496	request_2003327496	1621614753525	1621614757625	OK	 
GROUP	Scen_1,S_2003327496	1621614751060	1621614757625	6564	OK
REQUEST	Scen_1,S_403328329	request_403328329	1621614754755	1621614758905	OK	 
GROUP	Scen_1,S_403328329	1621614753792	1621614758906	5113	OK
REQUEST	Scen_1,DrillDown_smith	67992	1621614758696	1621614759033	OK	 
GROUP	Scen_1,DrillDown_smith	1621614758696	1621614759033	337	OK
REQUEST	Scen_1,DrillDown_roger	63702	1621614760184	1621614760394	OK	 
GROUP	Scen_1,DrillDown_roger	1621614760184	1621614760394	210	OK
REQUEST	Scen_1,SearchByActiveMember	Select_SearchByActiveMember	1621614760789	1621614760964	OK	 
GROUP	Scen_1,SearchByActiveMember	1621614760789	1621614760964	175	OK
REQUEST	Scen_1,SearchByActiveMember	Select_SearchByActiveMember	1621614762077	1621614762237	OK	 
GROUP	Scen_1,SearchByActiveMember	1621614762076	1621614762237	160	OK
REQUEST	Scen_1,SearchName_baker	Search_1	1621614762474	1621614763150	OK	 
REQUEST	Scen_1,SearchName_baker	Search_1803327625	1621614763150	1621614763868	OK	 
GROUP	Scen_1,SearchName_baker	1621614762473	1621614763868	1394	OK
REQUEST	Scen_1,S_1803327625	Select_baker	1621614765192	1621614765344	OK	 
REQUEST	Scen_1,SearchName_douglas	Search_1	1621614763933	1621614766121	OK	 
REQUEST	Scen_1,S_1803327625	request_1	1621614765345	1621614766427	OK	 
REQUEST	Scen_1,SearchName_douglas	Search_2003330312	1621614766122	1621614766769	OK	 
GROUP	Scen_1,SearchName_douglas	1621614763932	1621614766769	2835	OK
REQUEST	Scen_1,S_2003330312	Select_douglas	1621614768203	1621614768567	OK	 
REQUEST	Scen_1,S_1803327625	request_1803327625	1621614766428	1621614769397	OK	 
GROUP	Scen_1,S_1803327625	1621614765192	1621614769397	4203	OK
REQUEST	Scen_1,DrillDown_baker	68321	1621614770605	1621614770806	OK	 
GROUP	Scen_1,DrillDown_baker	1621614770605	1621614770807	201	OK
REQUEST	Scen_1,S_2003330312	request_1	1621614768568	1621614771343	OK	 
REQUEST	Scen_1,SearchByActiveMember	Select_SearchByActiveMember	1621614772595	1621614773036	OK	 
GROUP	Scen_1,SearchByActiveMember	1621614772595	1621614773037	441	OK
REQUEST	Scen_1,S_2003330312	request_2003330312	1621614771344	1621614773597	OK	 
GROUP	Scen_1,S_2003330312	1621614768202	1621614773597	5392	OK
REQUEST	Scen_1,SearchName_thomas	Search_1	1621614774485	1621614775644	OK	 
REQUEST	Scen_1,DrillDown_douglas	64881	1621614774929	1621614775644	OK	 
GROUP	Scen_1,DrillDown_douglas	1621614774928	1621614775645	715	OK
REQUEST	Scen_1,SearchName_thomas	Search_1503326775	1621614775645	1621614776669	OK	 
GROUP	Scen_1,SearchName_thomas	1621614774484	1621614776669	2183	OK
REQUEST	Scen_1,SearchByActiveMember	Select_SearchByActiveMember	1621614777376	1621614777543	OK	 
GROUP	Scen_1,SearchByActiveMember	1621614777376	1621614777543	167	OK
REQUEST	Scen_1,S_1503326775	Select_thomas	1621614778475	1621614778823	OK	 
REQUEST	Scen_1,SearchName_smith	Search_1	1621614778882	1621614779842	OK	 
REQUEST	Scen_1,S_1503326775	request_1	1621614778824	1621614781174	OK	 
REQUEST	Scen_1,SearchName_smith	Search_2003327496	1621614779843	1621614782017	OK	 
GROUP	Scen_1,SearchName_smith	1621614778881	1621614782017	3134	OK
REQUEST	Scen_1,S_2003327496	Select_smith	1621614783527	1621614783829	OK	 
REQUEST	Scen_1,S_1503326775	request_1503326775	1621614781174	1621614784888	OK	 
GROUP	Scen_1,S_1503326775	1621614778474	1621614784888	6412	OK
REQUEST	Scen_1,DrillDown_thomas	68055	1621614786332	1621614786453	OK	 
GROUP	Scen_1,DrillDown_thomas	1621614786331	1621614786453	121	OK
REQUEST	Scen_1,S_2003327496	request_1	1621614783830	1621614786517	OK	 
REQUEST	Scen_1,SearchByActiveMember	Select_SearchByActiveMember	1621614788399	1621614788767	OK	 
GROUP	Scen_1,SearchByActiveMember	1621614788398	1621614788767	368	OK
REQUEST	Scen_1,S_2003327496	request_2003327496	1621614786518	1621614789164	OK	 
GROUP	Scen_1,S_2003327496	1621614783527	1621614789164	5635	OK
REQUEST	Scen_1,DrillDown_smith	67992	1621614790358	1621614791310	OK	 
GROUP	Scen_1,DrillDown_smith	1621614790358	1621614791310	952	OK
REQUEST	Scen_1,SearchName_roger	Search_1	1621614790008	1621614791346	OK	 
REQUEST	Scen_1,SearchName_roger	Search_403328329	1621614791347	1621614792439	OK	 
GROUP	Scen_1,SearchName_roger	1621614790007	1621614792440	2430	OK
REQUEST	Scen_1,SearchByActiveMember	Select_SearchByActiveMember	1621614792584	1621614792734	OK	 
GROUP	Scen_1,SearchByActiveMember	1621614792584	1621614792734	150	OK
REQUEST	Scen_1,S_403328329	Select_roger	1621614794089	1621614794269	OK	 
REQUEST	Scen_1,SearchName_baker	Search_1	1621614794082	1621614794623	OK	 
REQUEST	Scen_1,S_403328329	request_1	1621614794270	1621614795039	OK	 
REQUEST	Scen_1,SearchName_baker	Search_1803327625	1621614794623	1621614795140	OK	 
GROUP	Scen_1,SearchName_baker	1621614794081	1621614795140	1058	OK
REQUEST	Scen_1,S_1803327625	Select_baker	1621614796604	1621614796789	OK	 
REQUEST	Scen_1,S_1803327625	request_1	1621614796789	1621614797148	OK	 
REQUEST	Scen_1,S_403328329	request_403328329	1621614795040	1621614798477	OK	 
GROUP	Scen_1,S_403328329	1621614794089	1621614798477	4386	OK
REQUEST	Scen_1,S_1803327625	request_1803327625	1621614797149	1621614800015	OK	 
GROUP	Scen_1,S_1803327625	1621614796603	1621614800016	3410	OK
REQUEST	Scen_1,DrillDown_roger	63702	1621614799605	1621614800320	OK	 
GROUP	Scen_1,DrillDown_roger	1621614799604	1621614800321	715	OK
REQUEST	Scen_1,DrillDown_baker	68321	1621614801032	1621614801757	OK	 
GROUP	Scen_1,DrillDown_baker	1621614801031	1621614801757	725	OK
REQUEST	Scen_1,SearchByActiveMember	Select_SearchByActiveMember	1621614802253	1621614802443	OK	 
GROUP	Scen_1,SearchByActiveMember	1621614802252	1621614802443	190	OK
REQUEST	Scen_1,SearchByActiveMember	Select_SearchByActiveMember	1621614803598	1621614803725	OK	 
GROUP	Scen_1,SearchByActiveMember	1621614803598	1621614803726	127	OK
REQUEST	Scen_1,SearchName_douglas	Search_1	1621614804165	1621614805421	OK	 
REQUEST	Scen_1,SearchName_douglas	Search_2003330312	1621614805422	1621614806980	OK	 
GROUP	Scen_1,SearchName_douglas	1621614804164	1621614806980	2814	OK
REQUEST	Scen_1,SearchName_thomas	Search_1	1621614805629	1621614808096	OK	 
REQUEST	Scen_1,S_2003330312	Select_douglas	1621614808085	1621614808274	OK	 
REQUEST	Scen_1,SearchName_thomas	Search_1503326775	1621614808097	1621614810154	OK	 
GROUP	Scen_1,SearchName_thomas	1621614805629	1621614810154	4524	OK
REQUEST	Scen_1,S_2003330312	request_1	1621614808275	1621614811484	OK	 
REQUEST	Scen_1,S_1503326775	Select_thomas	1621614811774	1621614812127	OK	 
REQUEST	Scen_1,S_1503326775	request_1	1621614812128	1621614814352	OK	 
REQUEST	Scen_1,S_2003330312	request_2003330312	1621614811485	1621614815273	OK	 
GROUP	Scen_1,S_2003330312	1621614808084	1621614815274	7186	OK
REQUEST	Scen_1,S_1503326775	request_1503326775	1621614814353	1621614817196	OK	 
GROUP	Scen_1,S_1503326775	1621614811773	1621614817196	5420	OK
REQUEST	Scen_1,DrillDown_douglas	64881	1621614817184	1621614817381	OK	 
GROUP	Scen_1,DrillDown_douglas	1621614817184	1621614817381	197	OK
REQUEST	Scen_1,DrillDown_thomas	68055	1621614818797	1621614819119	OK	 
GROUP	Scen_1,DrillDown_thomas	1621614818797	1621614819119	322	OK
REQUEST	Scen_1,SearchByActiveMember	Select_SearchByActiveMember	1621614818853	1621614819189	OK	 
GROUP	Scen_1,SearchByActiveMember	1621614818853	1621614819190	336	OK
REQUEST	Scen_1,SearchByActiveMember	Select_SearchByActiveMember	1621614820462	1621614820623	OK	 
GROUP	Scen_1,SearchByActiveMember	1621614820461	1621614820623	161	OK
REQUEST	Scen_1,SearchName_smith	Search_1	1621614820673	1621614821910	OK	 
REQUEST	Scen_1,SearchName_smith	Search_2003327496	1621614821911	1621614824080	OK	 
GROUP	Scen_1,SearchName_smith	1621614820673	1621614824080	3406	OK
REQUEST	Scen_1,SearchName_roger	Search_1	1621614821772	1621614824080	OK	 
REQUEST	Scen_1,S_2003327496	Select_smith	1621614825298	1621614825660	OK	 
REQUEST	Scen_1,SearchName_roger	Search_403328329	1621614824081	1621614825918	OK	 
GROUP	Scen_1,SearchName_roger	1621614821772	1621614825919	4145	OK
REQUEST	Scen_1,S_403328329	Select_roger	1621614827825	1621614827997	OK	 
REQUEST	Scen_1,S_2003327496	request_1	1621614825661	1621614828098	OK	 
REQUEST	Scen_1,S_403328329	request_1	1621614827998	1621614828790	OK	 
REQUEST	Scen_1,S_2003327496	request_2003327496	1621614828098	1621614833106	OK	 
GROUP	Scen_1,S_2003327496	1621614825298	1621614833106	7807	OK
REQUEST	Scen_1,S_403328329	request_403328329	1621614828791	1621614833910	OK	 
GROUP	Scen_1,S_403328329	1621614827824	1621614833911	6083	OK
REQUEST	Scen_1,DrillDown_smith	67992	1621614834177	1621614834509	OK	 
GROUP	Scen_1,DrillDown_smith	1621614834177	1621614834509	332	OK
REQUEST	Scen_1,DrillDown_roger	63702	1621614835744	1621614835943	OK	 
GROUP	Scen_1,DrillDown_roger	1621614835744	1621614835943	199	OK
REQUEST	Scen_1,SearchByActiveMember	Select_SearchByActiveMember	1621614835832	1621614835953	OK	 
GROUP	Scen_1,SearchByActiveMember	1621614835832	1621614835954	121	OK
GROUP	Scen_1	1621614679187	1621614837254	97326	OK
USER	Users_1	END	1621614837257
REQUEST	Scen_1,SearchName_baker	Search_1	1621614837480	1621614838211	OK	 
REQUEST	Scen_1,SearchName_baker	Search_1803327625	1621614838212	1621614838826	OK	 
GROUP	Scen_1,SearchName_baker	1621614837480	1621614838826	1345	OK
REQUEST	Scen_1,S_1803327625	Select_baker	1621614840668	1621614840816	OK	 
REQUEST	Scen_1,S_1803327625	request_1	1621614840816	1621614841591	OK	 
REQUEST	Scen_1,S_1803327625	request_1803327625	1621614841591	1621614844457	OK	 
GROUP	Scen_1,S_1803327625	1621614840667	1621614844458	3789	OK
REQUEST	Scen_1,DrillDown_baker	68321	1621614845940	1621614846104	OK	 
GROUP	Scen_1,DrillDown_baker	1621614845939	1621614846104	164	OK
GROUP	Scen_1	1621614694728	1621614847637	94013	OK
USER	Users_1	END	1621614847638
