RUN	BO.Framework.BOSim	bosim	1623704670511	 	3.5.1
USER	Users_1	START	1623704671950
REQUEST	LOGIN,LOGIN	LOGIN	1623704671974	1623704672642	OK	 
REQUEST	LOGIN,LOGIN	request_11	1623704672662	1623704672892	OK	 
REQUEST	LOGIN,LOGIN	request_12	1623704672903	1623704673003	OK	 
REQUEST	LOGIN,LOGIN	request_13	1623704673004	1623704673411	OK	 
REQUEST	LOGIN,LOGIN	request_14	1623704673413	1623704673477	OK	 
REQUEST	LOGIN,LOGIN	request_14 Redirect 1	1623704673480	1623704673577	OK	 
REQUEST	LOGIN,LOGIN	favicon.ico	1623704673610	1623704673917	OK	 
REQUEST	LOGIN,LOGIN	consumer-optum3-b35069f230.css	1623704673610	1623704673921	OK	 
REQUEST	LOGIN,LOGIN	consumer-7acd47889c.css	1623704673609	1623704673930	OK	 
REQUEST	LOGIN,LOGIN	error-63062f7857.min.js	1623704673608	1623704673933	OK	 
REQUEST	LOGIN,LOGIN	uitk-req-min-948de8930b.css	1623704673609	1623704673995	OK	 
REQUEST	LOGIN,LOGIN	lib-min-7e6d84b497.js	1623704673607	1623704674081	OK	 
REQUEST	LOGIN,LOGIN	request_19	1623704674112	1623704674749	OK	 
REQUEST	LOGIN,LOGIN	publicSector.js	1623704674757	1623704674827	OK	 
REQUEST	LOGIN,LOGIN	providerExpress_logo.gif	1623704674829	1623704674906	OK	 
REQUEST	LOGIN,LOGIN	loading.gif	1623704674907	1623704674993	OK	 
REQUEST	LOGIN,LOGIN	sso.js	1623704674758	1623704675031	OK	 
REQUEST	LOGIN,LOGIN	tabs.css	1623704674758	1623704675035	OK	 
REQUEST	LOGIN,LOGIN	home-bar.css	1623704674759	1623704675057	OK	 
REQUEST	LOGIN,LOGIN	space.gif	1623704674995	1623704675075	OK	 
REQUEST	LOGIN,LOGIN	uolStyle.css	1623704674759	1623704675119	OK	 
REQUEST	LOGIN,LOGIN	jquery-3.3.1.slim.min.js	1623704674760	1623704675218	OK	 
REQUEST	LOGIN,LOGIN	request_20	1623704675220	1623704675299	OK	 
REQUEST	LOGIN,LOGIN	request_22	1623704675301	1623704675373	OK	 
REQUEST	LOGIN,LOGIN	request_23	1623704675374	1623704675451	OK	 
REQUEST	LOGIN,LOGIN	request_23 Redirect 1	1623704675452	1623704675668	OK	 
REQUEST	LOGIN,LOGIN	request_23 Redirect 2	1623704675670	1623704675787	OK	 
REQUEST	LOGIN,LOGIN	request_23 Redirect 3	1623704675789	1623704676075	OK	 
REQUEST	LOGIN,LOGIN	global-app-config.js	1623704676082	1623704676184	OK	 
REQUEST	LOGIN,LOGIN	newrelic.js	1623704676083	1623704676207	OK	 
REQUEST	LOGIN,LOGIN	uitk-req-min-945fd9447c.js	1623704676082	1623704676258	OK	 
REQUEST	LOGIN,LOGIN	{{favIconPath}}	1623704676082	1623704676279	OK	 
REQUEST	LOGIN,LOGIN	prelogin-f85aab9ec4.min.js	1623704676083	1623704676371	OK	 
REQUEST	LOGIN,LOGIN	summer.js	1623704676081	1623704676539	OK	 
REQUEST	LOGIN,LOGIN	request_25	1623704676541	1623704676607	OK	 
REQUEST	LOGIN,LOGIN	request_26	1623704676609	1623704676680	OK	 
REQUEST	LOGIN,LOGIN	request_27	1623704676682	1623704676775	OK	 
REQUEST	LOGIN,LOGIN	request_28	1623704676777	1623704676908	OK	 
REQUEST	LOGIN,LOGIN	request_29	1623704676910	1623704676981	OK	 
REQUEST	LOGIN,LOGIN	request_45	1623704676982	1623704677664	OK	 
REQUEST	LOGIN,LOGIN	request_46	1623704677669	1623704678110	OK	 
REQUEST	LOGIN,LOGIN	request_51	1623704678114	1623704678501	OK	 
REQUEST	LOGIN,LOGIN	request_52	1623704678505	1623704678947	OK	 
REQUEST	LOGIN,LOGIN	request_53	1623704678948	1623704679170	OK	 
REQUEST	LOGIN,LOGIN	request_54	1623704679172	1623704679275	OK	 
REQUEST	LOGIN,LOGIN	request_55	1623704679276	1623704679390	OK	 
REQUEST	LOGIN,LOGIN	request_56	1623704679391	1623704679567	OK	 
REQUEST	LOGIN,LOGIN	request_57	1623704679569	1623704679782	OK	 
REQUEST	LOGIN,LOGIN	request_58	1623704679783	1623704679970	OK	 
REQUEST	LOGIN,LOGIN	request_60	1623704679971	1623704680074	OK	 
REQUEST	LOGIN,LOGIN	request_61	1623704680075	1623704680444	OK	 
GROUP	LOGIN,LOGIN	1623704671954	1623704680445	8350	OK
REQUEST	LOGIN,LOGGED_IN	LOGGEDIn	1623704681601	1623704681689	OK	 
REQUEST	LOGIN,LOGGED_IN	request_63	1623704681691	1623704681760	OK	 
REQUEST	LOGIN,LOGGED_IN	request_65	1623704681761	1623704681836	OK	 
REQUEST	LOGIN,LOGGED_IN	request_65 Redirect 1	1623704681838	1623704681987	OK	 
REQUEST	LOGIN,LOGGED_IN	request_65 Redirect 2	1623704681988	1623704682118	OK	 
REQUEST	LOGIN,LOGGED_IN	request_65 Redirect 3	1623704682119	1623704682446	OK	 
REQUEST	LOGIN,LOGGED_IN	{{favIconPath}}	1623704682449	1623704682630	OK	 
REQUEST	LOGIN,LOGGED_IN	summer.js	1623704682449	1623704683770	OK	 
REQUEST	LOGIN,LOGGED_IN	request_68	1623704683772	1623704683847	OK	 
REQUEST	LOGIN,LOGGED_IN	request_70	1623704683849	1623704683921	OK	 
REQUEST	LOGIN,LOGGED_IN	request_71	1623704683922	1623704684007	OK	 
REQUEST	LOGIN,LOGGED_IN	request_74	1623704684009	1623704684141	OK	 
REQUEST	LOGIN,LOGGED_IN	request_76	1623704684143	1623704684234	OK	 
REQUEST	LOGIN,LOGGED_IN	request_77	1623704684236	1623704684312	OK	 
REQUEST	LOGIN,LOGGED_IN	request_79	1623704684313	1623704684843	OK	 
REQUEST	LOGIN,LOGGED_IN	request_89	1623704684847	1623704685236	OK	 
REQUEST	LOGIN,LOGGED_IN	request_90	1623704685241	1623704686496	OK	 
REQUEST	LOGIN,LOGGED_IN	request_92	1623704686522	1623704686710	OK	 
REQUEST	LOGIN,LOGGED_IN	request_93	1623704686711	1623704686884	OK	 
REQUEST	LOGIN,LOGGED_IN	request_98	1623704686886	1623704687057	OK	 
REQUEST	LOGIN,LOGGED_IN	request_99	1623704687058	1623704687254	OK	 
GROUP	LOGIN,LOGGED_IN	1623704681600	1623704687255	5596	OK
REQUEST	LOGIN,SEARCH	request_3	1623704689024	1623704689099	OK	 
REQUEST	LOGIN,SEARCH	request_4	1623704689100	1623704689175	OK	 
REQUEST	LOGIN,SEARCH	request_4 Redirect 1	1623704689176	1623704689326	OK	 
REQUEST	LOGIN,SEARCH	request_4 Redirect 2	1623704689327	1623704689451	OK	 
REQUEST	LOGIN,SEARCH	request_4 Redirect 3	1623704689452	1623704689619	OK	 
REQUEST	LOGIN,SEARCH	{{favIconPath}}	1623704689621	1623704689818	OK	 
REQUEST	LOGIN,SEARCH	summer.js	1623704689621	1623704690260	OK	 
REQUEST	LOGIN,SEARCH	request_6	1623704690262	1623704690343	OK	 
REQUEST	LOGIN,SEARCH	request_7	1623704690344	1623704690416	OK	 
REQUEST	LOGIN,SEARCH	request_8	1623704690417	1623704690490	OK	 
REQUEST	LOGIN,SEARCH	request_11	1623704690492	1623704690598	OK	 
REQUEST	LOGIN,SEARCH	request_12	1623704690599	1623704690803	OK	 
REQUEST	LOGIN,SEARCH	request_15	1623704690804	1623704690874	OK	 
REQUEST	LOGIN,SEARCH	request_18	1623704690875	1623704690966	OK	 
REQUEST	LOGIN,SEARCH	request_26	1623704690968	1623704692694	OK	 
REQUEST	LOGIN,SEARCH	request_27	1623704692706	1623704692775	OK	 
REQUEST	LOGIN,SEARCH	request_29	1623704692776	1623704693128	OK	 
REQUEST	LOGIN,SEARCH	request_30	1623704693129	1623704693321	OK	 
REQUEST	LOGIN,SEARCH	request_35	1623704693323	1623704693493	OK	 
REQUEST	LOGIN,SEARCH	request_36	1623704693494	1623704693671	OK	 
GROUP	LOGIN,SEARCH	1623704689023	1623704693672	4616	OK
GROUP	LOGIN	1623704671952	1623704695089	18562	OK
USER	Users_1	END	1623704695095
