RUN	Optum.Framework.OptumSim	optumsim	1620924972376	 	3.5.1
USER	Users_1	START	1620924973891
REQUEST	Scen_1,Login	BasePage	1620924973907	1620924974248	OK	 
REQUEST	Scen_1,Login	BasePage_1	1620924974269	1620924974362	OK	 
REQUEST	Scen_1,Login	BasePage_2	1620924974370	1620924974452	OK	 
REQUEST	Scen_1,Login	BasePage_3	1620924974453	1620924974547	OK	 
REQUEST	Scen_1,Login	BasePage_4	1620924974549	1620924974632	OK	 
REQUEST	Scen_1,Login	BasePage_5	1620924974633	1620924976516	OK	 
GROUP	Scen_1,Login	1620924973893	1620924976517	2576	OK
REQUEST	Scen_1,SearchByActiveMember	Select_SearchByActiveMember	1620924977525	1620924977720	OK	 
GROUP	Scen_1,SearchByActiveMember	1620924977525	1620924977721	195	OK
REQUEST	Scen_1,SearchName_douglas	Search_1	1620924980614	1620924981107	OK	 
REQUEST	Scen_1,SearchName_douglas	Search_2003330312	1620924981112	1620924981546	OK	 
GROUP	Scen_1,SearchName_douglas	1620924980611	1620924981546	927	OK
REQUEST	Scen_1,S_2003330312	Select_douglas	1620924983557	1620924983651	OK	 
REQUEST	Scen_1,S_2003330312	request_1	1620924983652	1620924986302	OK	 
REQUEST	Scen_1,S_2003330312	request_2003330312	1620924986304	1620924988624	OK	 
GROUP	Scen_1,S_2003330312	1620924983557	1620924988625	5064	OK
GROUP	Scen_1	1620924973893	1620924991206	8762	OK
USER	Users_1	END	1620924991208
