RUN	full	full	1623707929718	 	3.5.1
USER	full	START	1623707931190
REQUEST		request_0	1623707931211	1623707931509	OK	 
REQUEST		request_0 Redirect 1	1623707931520	1623707931928	OK	 
REQUEST		request_0 Redirect 2	1623707931931	1623707932062	OK	 
REQUEST		request_0 Redirect 3	1623707932063	1623707932246	OK	 
REQUEST		request_1	1623707932366	1623707932447	OK	 
REQUEST		request_7	1623707932455	1623707932590	OK	 
REQUEST		request_8	1623707932592	1623707932711	OK	 
REQUEST		request_32	1623707932434	1623707932720	OK	 
REQUEST		request_3	1623707932367	1623707932732	OK	 
REQUEST		global-app-config.js	1623707932305	1623707932748	OK	 
REQUEST		request_39	1623707932307	1623707932765	OK	 
REQUEST		request_5	1623707932368	1623707932782	OK	 
REQUEST		request_30	1623707932432	1623707932787	OK	 
REQUEST		request_4	1623707932368	1623707932800	OK	 
REQUEST		request_35	1623707932435	1623707932806	OK	 
REQUEST		request_6	1623707932369	1623707932808	OK	 
REQUEST		{{favIconPath}}	1623707932305	1623707932825	OK	 
REQUEST		request_33	1623707932434	1623707932854	OK	 
REQUEST		request_34	1623707932434	1623707932863	OK	 
REQUEST		request_11	1623707932783	1623707932866	OK	 
REQUEST		request_2	1623707932367	1623707932868	OK	 
REQUEST		request_37	1623707932788	1623707932884	OK	 
REQUEST		request_12	1623707932802	1623707932886	OK	 
REQUEST		request_29	1623707932369	1623707932891	OK	 
REQUEST		request_10	1623707932733	1623707932901	OK	 
REQUEST		request_38	1623707932807	1623707932911	OK	 
REQUEST		{{favIconPath}}	1623707932826	1623707932926	OK	 
REQUEST		request_36	1623707932723	1623707932935	OK	 
REQUEST		request_14	1623707932866	1623707932951	OK	 
REQUEST		request_15	1623707932875	1623707932953	OK	 
REQUEST		request_17	1623707932904	1623707932984	OK	 
REQUEST		request_9	1623707932713	1623707932991	OK	 
REQUEST		request_16	1623707932887	1623707933037	OK	 
REQUEST		request_19	1623707932954	1623707933041	OK	 
REQUEST		request_18	1623707932952	1623707933043	OK	 
REQUEST		uitk-req-min-945fd9447c.js	1623707932306	1623707933063	OK	 
REQUEST		request_20	1623707932985	1623707933072	OK	 
REQUEST		request_21	1623707932993	1623707933074	OK	 
REQUEST		request_24	1623707933043	1623707933128	OK	 
REQUEST		request_22	1623707933038	1623707933132	OK	 
REQUEST		request_23	1623707933042	1623707933133	OK	 
REQUEST		newrelic.js	1623707932927	1623707933151	OK	 
REQUEST		request_25	1623707933073	1623707933163	OK	 
REQUEST		uitk-req-min-948de8930b.css	1623707932304	1623707933170	OK	 
REQUEST		summer.js	1623707932302	1623707933537	OK	 
REQUEST		request_31	1623707932433	1623707933628	OK	 
REQUEST		request_13	1623707932811	1623707934150	OK	 
REQUEST		prelogin-f85aab9ec4.min.js	1623707932749	1623707934171	OK	 
REQUEST		lib-min-7e6d84b497.js	1623707932306	1623707934557	OK	 
REQUEST		request_26	1623707933075	1623707934708	OK	 
REQUEST		request_28	1623707933131	1623707934739	OK	 
USER	full	END	1623707934776
