RUN	JJ.Framework.JJSim	jjsim	1622675823878	JJ.Framework.JJSim-SIMULATION_1_1:SIMULATION_2_1:SIMULATION_3_1:SIMULATION_4_0:Iterations_5	3.5.1
USER	Users_2	START	1622675825441
USER	Users_3	START	1622675825441
USER	Users_1	START	1622675825441
REQUEST	TIN,TIN	TIN_391139101	1622675825476	1622675830913	KO	status.find.in(200,201,202,203,204,205,206,207,208,209,304), found 500
GROUP	TIN,TIN	1622675825449	1622675830935	5437	KO
REQUEST	NPI,NPI	NPI_1245318229	1622675825476	1622675831000	OK	 
GROUP	NPI,NPI	1622675825449	1622675831017	5524	OK
REQUEST	LName,LN	LName_Smith	1622675825476	1622675831726	KO	status.find.in(200,201,202,203,204,205,206,207,208,209,304), found 500
GROUP	LName,LN	1622675825449	1622675831727	6250	KO
GROUP	TIN	1622675825445	1622675832453	5437	KO
GROUP	NPI	1622675825445	1622675832609	5524	OK
REQUEST	NPI,NPI	NPI_1821049651	1622675832610	1622675832691	KO	status.find.in(200,201,202,203,204,205,206,207,208,209,304), found 500
GROUP	NPI,NPI	1622675832609	1622675832692	81	KO
REQUEST	TIN,TIN	TIN_391139101	1622675832457	1622675832805	KO	status.find.in(200,201,202,203,204,205,206,207,208,209,304), found 500
GROUP	TIN,TIN	1622675832454	1622675832806	348	KO
GROUP	LName	1622675825445	1622675833654	6250	KO
REQUEST	LName,LN	LName_Jones	1622675833655	1622675834097	KO	status.find.in(200,201,202,203,204,205,206,207,208,209,304), found 500
GROUP	LName,LN	1622675833654	1622675834098	442	KO
GROUP	NPI	1622675832609	1622675834117	81	KO
GROUP	TIN	1622675832454	1622675834147	348	KO
REQUEST	NPI,NPI	NPI_1114976883	1622675834118	1622675834612	OK	 
GROUP	NPI,NPI	1622675834118	1622675834613	494	OK
REQUEST	TIN,TIN	TIN_391139101	1622675834147	1622675834618	KO	status.find.in(200,201,202,203,204,205,206,207,208,209,304), found 500
GROUP	TIN,TIN	1622675834147	1622675834618	471	KO
GROUP	LName	1622675833654	1622675835951	442	KO
GROUP	TIN	1622675834147	1622675836148	471	KO
GROUP	NPI	1622675834118	1622675836281	494	OK
REQUEST	NPI,NPI	NPI_1740270032	1622675836282	1622675836378	KO	status.find.in(200,201,202,203,204,205,206,207,208,209,304), found 500
GROUP	NPI,NPI	1622675836281	1622675836379	96	KO
REQUEST	LName,LN	LName_Rogers	1622675835952	1622675836460	KO	status.find.in(200,201,202,203,204,205,206,207,208,209,304), found 500
GROUP	LName,LN	1622675835951	1622675836461	508	KO
REQUEST	TIN,TIN	TIN_391139101	1622675836150	1622675836474	KO	status.find.in(200,201,202,203,204,205,206,207,208,209,304), found 500
GROUP	TIN,TIN	1622675836149	1622675836475	324	KO
GROUP	NPI	1622675836281	1622675837464	96	KO
REQUEST	NPI,NPI	NPI_1245419696	1622675837465	1622675837615	OK	 
GROUP	NPI,NPI	1622675837464	1622675837617	150	OK
GROUP	LName	1622675835951	1622675837827	508	KO
GROUP	TIN	1622675836149	1622675838237	324	KO
REQUEST	LName,LN	LName_Smith	1622675837828	1622675838792	KO	status.find.in(200,201,202,203,204,205,206,207,208,209,304), found 500
GROUP	LName,LN	1622675837827	1622675838793	964	KO
GROUP	NPI	1622675837464	1622675839195	150	OK
USER	Users_1	END	1622675839197
REQUEST	TIN,TIN	TIN_391139101	1622675838238	1622675839744	KO	status.find.in(200,201,202,203,204,205,206,207,208,209,304), found 500
GROUP	TIN,TIN	1622675838237	1622675839744	1506	KO
GROUP	LName	1622675837827	1622675840059	964	KO
REQUEST	LName,LN	LName_Smith	1622675840060	1622675840634	KO	status.find.in(200,201,202,203,204,205,206,207,208,209,304), found 500
GROUP	LName,LN	1622675840059	1622675840635	574	KO
GROUP	TIN	1622675838237	1622675841419	1506	KO
USER	Users_2	END	1622675841420
GROUP	LName	1622675840059	1622675842194	574	KO
USER	Users_3	END	1622675842195
