RUN	JJ.Framework.JJSim	jjsim	1622731246662	JJ.Framework.JJSim-SIMULATION_1_1:SIMULATION_2_0:SIMULATION_3_0:SIMULATION_4_0:Iterations_10	3.5.1
USER	Users_1	START	1622731248116
REQUEST	NPI,NPI	NPI_1245318229	1622731248143	1622731254144	OK	 
GROUP	NPI,NPI	1622731248121	1622731254188	6001	OK
GROUP	NPI	1622731248119	1622731255233	6001	OK
REQUEST	NPI,NPI	NPI_1821049651	1622731255238	1622731257368	OK	 
GROUP	NPI,NPI	1622731255235	1622731257370	2130	OK
GROUP	NPI	1622731255234	1622731259136	2130	OK
REQUEST	NPI,NPI	NPI_1114976883	1622731259137	1622731260130	OK	 
GROUP	NPI,NPI	1622731259136	1622731260132	993	OK
GROUP	NPI	1622731259136	1622731261735	993	OK
REQUEST	NPI,NPI	NPI_1740270032	1622731261737	1622731262585	OK	 
GROUP	NPI,NPI	1622731261736	1622731262586	848	OK
GROUP	NPI	1622731261736	1622731263665	848	OK
REQUEST	NPI,NPI	NPI_1245419696	1622731263666	1622731265982	OK	 
GROUP	NPI,NPI	1622731263666	1622731265984	2316	OK
GROUP	NPI	1622731263665	1622731267432	2316	OK
REQUEST	NPI,NPI	NPI_1942331400	1622731267433	1622731268222	OK	 
GROUP	NPI,NPI	1622731267432	1622731268224	789	OK
GROUP	NPI	1622731267432	1622731270040	789	OK
REQUEST	NPI,NPI	NPI_1144239955	1622731270042	1622731270881	OK	 
GROUP	NPI,NPI	1622731270041	1622731270883	839	OK
GROUP	NPI	1622731270040	1622731272375	839	OK
REQUEST	NPI,NPI	NPI_1538137419	1622731272377	1622731273329	OK	 
GROUP	NPI,NPI	1622731272376	1622731273330	952	OK
GROUP	NPI	1622731272375	1622731275272	952	OK
REQUEST	NPI,NPI	NPI_1306830377	1622731275274	1622731276007	OK	 
GROUP	NPI,NPI	1622731275273	1622731276008	733	OK
GROUP	NPI	1622731275272	1622731277411	733	OK
REQUEST	NPI,NPI	NPI_1962487256	1622731277413	1622731278155	OK	 
GROUP	NPI,NPI	1622731277412	1622731278157	742	OK
GROUP	NPI	1622731277412	1622731279679	742	OK
USER	Users_1	END	1622731279681
