RUN	FOO	foo	1623683827670	 	3.5.1
USER	FOO	START	1623683829160
REQUEST		request_0	1623683829174	1623683829828	OK	 
REQUEST		request_1	1623683829844	1623683830014	OK	 
REQUEST		request_2	1623683829845	1623683830534	OK	 
REQUEST		request_3	1623683833538	1623683834239	OK	 
REQUEST		request_4	1623683834241	1623683834359	OK	 
REQUEST		request_5	1623683834242	1623683834885	OK	 
REQUEST		request_6	1623683835890	1623683836059	OK	 
REQUEST		request_7	1623683837065	1623683837178	OK	 
REQUEST		request_8	1623683840183	1623683840826	OK	 
REQUEST		request_9	1623683840827	1623683840943	OK	 
REQUEST		LOGIN	1623683842949	1623683843702	OK	 
REQUEST		request_11	1623683843726	1623683843992	OK	 
REQUEST		request_20	1623683843905	1623683844180	OK	 
REQUEST		request_22	1623683843906	1623683844184	OK	 
REQUEST		request_21	1623683843906	1623683844187	OK	 
REQUEST		request_14	1623683843728	1623683844199	OK	 
REQUEST		request_23	1623683843907	1623683844202	OK	 
REQUEST		request_15	1623683843728	1623683844207	OK	 
REQUEST		request_12	1623683843727	1623683844215	OK	 
REQUEST		request_61	1623683843730	1623683844219	OK	 
REQUEST		request_54	1623683843914	1623683844224	OK	 
REQUEST		request_24	1623683843908	1623683844236	OK	 
REQUEST		request_26	1623683844186	1623683844259	OK	 
REQUEST		request_16	1623683843729	1623683844261	OK	 
REQUEST		request_25	1623683844183	1623683844262	OK	 
REQUEST		request_27	1623683844198	1623683844265	OK	 
REQUEST		request_28	1623683844202	1623683844270	OK	 
REQUEST		request_52	1623683843912	1623683844276	OK	 
REQUEST		request_13	1623683843908	1623683844278	OK	 
REQUEST		request_14	1623683844200	1623683844299	OK	 
REQUEST		request_56	1623683843915	1623683844302	OK	 
REQUEST		request_31	1623683844266	1623683844338	OK	 
REQUEST		request_30	1623683844260	1623683844340	OK	 
REQUEST		request_23	1623683844203	1623683844345	OK	 
REQUEST		request_32	1623683844271	1623683844350	OK	 
REQUEST		request_51	1623683843910	1623683844385	OK	 
REQUEST		request_55	1623683843915	1623683844390	OK	 
REQUEST		request_58	1623683844225	1623683844398	OK	 
REQUEST		request_34	1623683844339	1623683844405	OK	 
REQUEST		request_35	1623683844340	1623683844406	OK	 
REQUEST		request_59	1623683844277	1623683844416	OK	 
REQUEST		request_60	1623683844303	1623683844424	OK	 
REQUEST		request_36	1623683844351	1623683844431	OK	 
REQUEST		request_29	1623683844240	1623683844435	OK	 
REQUEST		request_57	1623683843915	1623683844437	OK	 
REQUEST		request_19	1623683843824	1623683844462	OK	 
REQUEST		request_37	1623683844406	1623683844476	OK	 
REQUEST		request_39	1623683844407	1623683844478	OK	 
REQUEST		request_23	1623683844346	1623683844479	OK	 
REQUEST		request_40	1623683844431	1623683844500	OK	 
REQUEST		request_41	1623683844436	1623683844504	OK	 
REQUEST		request_16	1623683844263	1623683844525	OK	 
REQUEST		request_42	1623683844464	1623683844536	OK	 
REQUEST		request_44	1623683844478	1623683844552	OK	 
REQUEST		request_43	1623683844476	1623683844554	OK	 
REQUEST		request_49	1623683844537	1623683844615	OK	 
REQUEST		request_48	1623683844527	1623683844616	OK	 
REQUEST		request_50	1623683844553	1623683844619	OK	 
REQUEST		request_53	1623683843914	1623683844622	OK	 
REQUEST		request_17	1623683843729	1623683844625	OK	 
REQUEST		request_23	1623683844479	1623683844678	OK	 
REQUEST		request_18	1623683843730	1623683844684	OK	 
REQUEST		request_45	1623683844502	1623683844873	OK	 
REQUEST		request_46	1623683844505	1623683844892	OK	 
REQUEST		LOGGEDIn	1623683849901	1623683851918	OK	 
REQUEST		request_63	1623683851927	1623683851995	OK	 
REQUEST		request_99	1623683851931	1623683852077	OK	 
REQUEST		request_92	1623683851930	1623683852102	OK	 
REQUEST		request_93	1623683851930	1623683852126	OK	 
REQUEST		request_69	1623683851996	1623683852132	OK	 
REQUEST		request_98	1623683851930	1623683852145	OK	 
REQUEST		request_64	1623683851928	1623683852208	OK	 
REQUEST		request_65	1623683851928	1623683852211	OK	 
REQUEST		request_67	1623683851929	1623683852223	OK	 
REQUEST		request_66	1623683851929	1623683852238	OK	 
REQUEST		request_68	1623683851929	1623683852266	OK	 
REQUEST		request_70	1623683852133	1623683852283	OK	 
REQUEST		request_72	1623683852212	1623683852286	OK	 
REQUEST		request_73	1623683852223	1623683852298	OK	 
REQUEST		request_71	1623683852210	1623683852315	OK	 
REQUEST		request_75	1623683852267	1623683852341	OK	 
REQUEST		request_77	1623683852287	1623683852353	OK	 
REQUEST		request_65	1623683852212	1623683852358	OK	 
REQUEST		request_80	1623683852316	1623683852386	OK	 
REQUEST		request_81	1623683852343	1623683852410	OK	 
REQUEST		request_82	1623683852354	1623683852423	OK	 
REQUEST		request_74	1623683852239	1623683852441	OK	 
REQUEST		request_83	1623683852387	1623683852456	OK	 
REQUEST		request_65	1623683852358	1623683852479	OK	 
REQUEST		request_84	1623683852411	1623683852493	OK	 
REQUEST		request_85	1623683852424	1623683852496	OK	 
REQUEST		request_76	1623683852285	1623683852500	OK	 
REQUEST		request_86	1623683852442	1623683852514	OK	 
REQUEST		request_87	1623683852456	1623683852525	OK	 
REQUEST		request_88	1623683852494	1623683852566	OK	 
REQUEST		request_79	1623683852300	1623683852729	OK	 
REQUEST		request_89	1623683852496	1623683853647	OK	 
REQUEST		request_90	1623683852502	1623683854043	OK	 
USER	FOO	END	1623683854074
