RUN	JJ.Framework.JJSim	jjsim	1622755850519	JJ.Framework.JJSim-SIMULATION_1_0:SIMULATION_2_2:SIMULATION_3_0:SIMULATION_4_:Iterations_600	3.5.1
USER	Users_2	START	1622755851970
USER	Users_2	START	1622755852466
REQUEST	TIN_Control,TIN	TIN_391139101	1622755851990	1622755857592	KO	status.find.in(200,201,202,203,204,205,206,207,208,209,304), found 400
REQUEST	TIN_Control,TIN	TIN_391139101	1622755852467	1622755857592	KO	status.find.in(200,201,202,203,204,205,206,207,208,209,304), found 400
GROUP	TIN_Control,TIN	1622755852467	1622755857620	5125	KO
GROUP	TIN_Control,TIN	1622755851975	1622755857620	5602	KO
GROUP	TIN_Control	1622755851973	1622755858623	5602	KO
GROUP	TIN_Control	1622755852466	1622755858624	5125	KO
REQUEST	TIN_Control,TIN	TIN_391139101	1622755858628	1622755859121	KO	status.find.in(200,201,202,203,204,205,206,207,208,209,304), found 400
GROUP	TIN_Control,TIN	1622755858625	1622755859123	493	KO
REQUEST	TIN_Control,TIN	TIN_391139101	1622755858628	1622755859121	KO	status.find.in(200,201,202,203,204,205,206,207,208,209,304), found 400
GROUP	TIN_Control,TIN	1622755858625	1622755859123	493	KO
GROUP	TIN_Control	1622755858624	1622755860129	493	KO
GROUP	TIN_Control	1622755858624	1622755860129	493	KO
REQUEST	TIN_Control,TIN	TIN_391139101	1622755860130	1622755860553	KO	status.find.in(200,201,202,203,204,205,206,207,208,209,304), found 400
GROUP	TIN_Control,TIN	1622755860130	1622755860554	423	KO
REQUEST	TIN_Control,TIN	TIN_391139101	1622755860130	1622755860771	KO	status.find.in(200,201,202,203,204,205,206,207,208,209,304), found 400
GROUP	TIN_Control,TIN	1622755860130	1622755860772	641	KO
GROUP	TIN_Control	1622755860129	1622755861555	423	KO
GROUP	TIN_Control	1622755860129	1622755861777	641	KO
REQUEST	TIN_Control,TIN	TIN_391139101	1622755861779	1622755862195	KO	status.find.in(200,201,202,203,204,205,206,207,208,209,304), found 400
GROUP	TIN_Control,TIN	1622755861778	1622755862196	416	KO
REQUEST	TIN_Control,TIN	TIN_391139101	1622755861557	1622755862481	KO	status.find.in(200,201,202,203,204,205,206,207,208,209,304), found 400
GROUP	TIN_Control,TIN	1622755861556	1622755862482	924	KO
GROUP	TIN_Control	1622755861777	1622755863197	416	KO
GROUP	TIN_Control	1622755861556	1622755863484	924	KO
REQUEST	TIN_Control,TIN	TIN_391139101	1622755863198	1622755863576	KO	status.find.in(200,201,202,203,204,205,206,207,208,209,304), found 400
GROUP	TIN_Control,TIN	1622755863198	1622755863577	378	KO
REQUEST	TIN_Control,TIN	TIN_391139101	1622755863485	1622755863832	KO	status.find.in(200,201,202,203,204,205,206,207,208,209,304), found 400
GROUP	TIN_Control,TIN	1622755863485	1622755863833	347	KO
GROUP	TIN_Control	1622755863197	1622755864583	378	KO
GROUP	TIN_Control	1622755863484	1622755864833	347	KO
REQUEST	TIN_Control,TIN	TIN_391139101	1622755864585	1622755864909	KO	status.find.in(200,201,202,203,204,205,206,207,208,209,304), found 400
GROUP	TIN_Control,TIN	1622755864584	1622755864910	324	KO
REQUEST	TIN_Control,TIN	TIN_391139101	1622755864835	1622755865181	KO	status.find.in(200,201,202,203,204,205,206,207,208,209,304), found 400
GROUP	TIN_Control,TIN	1622755864834	1622755865182	346	KO
GROUP	TIN_Control	1622755864584	1622755865911	324	KO
GROUP	TIN_Control	1622755864834	1622755866185	346	KO
REQUEST	TIN_Control,TIN	TIN_391139101	1622755865913	1622755866869	KO	status.find.in(200,201,202,203,204,205,206,207,208,209,304), found 400
GROUP	TIN_Control,TIN	1622755865912	1622755866870	956	KO
REQUEST	TIN_Control,TIN	TIN_391139101	1622755866187	1622755867312	KO	status.find.in(200,201,202,203,204,205,206,207,208,209,304), found 400
GROUP	TIN_Control,TIN	1622755866186	1622755867313	1125	KO
GROUP	TIN_Control	1622755865912	1622755867871	956	KO
REQUEST	TIN_Control,TIN	TIN_391139101	1622755867872	1622755868236	KO	status.find.in(200,201,202,203,204,205,206,207,208,209,304), found 400
GROUP	TIN_Control,TIN	1622755867872	1622755868237	364	KO
GROUP	TIN_Control	1622755866185	1622755868318	1125	KO
REQUEST	TIN_Control,TIN	TIN_391139101	1622755868319	1622755868646	KO	status.find.in(200,201,202,203,204,205,206,207,208,209,304), found 400
GROUP	TIN_Control,TIN	1622755868319	1622755868647	327	KO
GROUP	TIN_Control	1622755867872	1622755869239	364	KO
REQUEST	TIN_Control,TIN	TIN_391139101	1622755869240	1622755869567	KO	status.find.in(200,201,202,203,204,205,206,207,208,209,304), found 400
GROUP	TIN_Control,TIN	1622755869240	1622755869568	327	KO
GROUP	TIN_Control	1622755868318	1622755869652	327	KO
REQUEST	TIN_Control,TIN	TIN_391139101	1622755869653	1622755870079	KO	status.find.in(200,201,202,203,204,205,206,207,208,209,304), found 400
GROUP	TIN_Control,TIN	1622755869653	1622755870080	426	KO
GROUP	TIN_Control	1622755869239	1622755870570	327	KO
GROUP	TIN_Control	1622755869653	1622755871085	426	KO
REQUEST	TIN_Control,TIN	TIN_391139101	1622755870571	1622755871275	KO	status.find.in(200,201,202,203,204,205,206,207,208,209,304), found 400
GROUP	TIN_Control,TIN	1622755870571	1622755871276	704	KO
REQUEST	TIN_Control,TIN	TIN_391139101	1622755871086	1622755871720	KO	status.find.in(200,201,202,203,204,205,206,207,208,209,304), found 400
GROUP	TIN_Control,TIN	1622755871086	1622755871721	634	KO
GROUP	TIN_Control	1622755870570	1622755872278	704	KO
GROUP	TIN_Control	1622755871086	1622755872725	634	KO
REQUEST	TIN_Control,TIN	TIN_391139101	1622755872279	1622755872733	KO	status.find.in(200,201,202,203,204,205,206,207,208,209,304), found 400
GROUP	TIN_Control,TIN	1622755872279	1622755872734	454	KO
REQUEST	TIN_Control,TIN	TIN_396005720	1622755872726	1622755873048	KO	status.find.in(200,201,202,203,204,205,206,207,208,209,304), found 400
GROUP	TIN_Control,TIN	1622755872726	1622755873049	322	KO
GROUP	TIN_Control	1622755872278	1622755873735	454	KO
GROUP	TIN_Control	1622755872725	1622755874050	322	KO
REQUEST	TIN_Control,TIN	TIN_391139101	1622755873737	1622755874064	KO	status.find.in(200,201,202,203,204,205,206,207,208,209,304), found 400
GROUP	TIN_Control,TIN	1622755873736	1622755874064	327	KO
REQUEST	TIN_Control,TIN	TIN_391139101	1622755874052	1622755874482	KO	status.find.in(200,201,202,203,204,205,206,207,208,209,304), found 400
GROUP	TIN_Control,TIN	1622755874051	1622755874483	430	KO
GROUP	TIN_Control	1622755873735	1622755875066	327	KO
GROUP	TIN_Control	1622755874051	1622755875487	430	KO
REQUEST	TIN_Control,TIN	TIN_201801426	1622755875066	1622755875498	KO	status.find.in(200,201,202,203,204,205,206,207,208,209,304), found 400
GROUP	TIN_Control,TIN	1622755875066	1622755875499	432	KO
REQUEST	TIN_Control,TIN	TIN_391139101	1622755875488	1622755875844	KO	status.find.in(200,201,202,203,204,205,206,207,208,209,304), found 400
GROUP	TIN_Control,TIN	1622755875488	1622755875845	356	KO
GROUP	TIN_Control	1622755875066	1622755876501	432	KO
GROUP	TIN_Control	1622755875487	1622755876849	356	KO
REQUEST	TIN_Control,TIN	TIN_391139101	1622755876503	1622755877057	KO	status.find.in(200,201,202,203,204,205,206,207,208,209,304), found 400
GROUP	TIN_Control,TIN	1622755876502	1622755877058	554	KO
REQUEST	TIN_Control,TIN	TIN_391139101	1622755876851	1622755877203	KO	status.find.in(200,201,202,203,204,205,206,207,208,209,304), found 400
GROUP	TIN_Control,TIN	1622755876850	1622755877204	352	KO
GROUP	TIN_Control	1622755876502	1622755878062	554	KO
GROUP	TIN_Control	1622755876850	1622755878206	352	KO
REQUEST	TIN_Control,TIN	TIN_391139101	1622755878063	1622755878397	KO	status.find.in(200,201,202,203,204,205,206,207,208,209,304), found 400
GROUP	TIN_Control,TIN	1622755878062	1622755878398	334	KO
REQUEST	TIN_Control,TIN	TIN_391139101	1622755878207	1622755878511	KO	status.find.in(200,201,202,203,204,205,206,207,208,209,304), found 400
GROUP	TIN_Control,TIN	1622755878207	1622755878512	304	KO
GROUP	TIN_Control	1622755878062	1622755879399	334	KO
GROUP	TIN_Control	1622755878206	1622755879513	304	KO
REQUEST	TIN_Control,TIN	TIN_391139101	1622755879401	1622755879754	KO	status.find.in(200,201,202,203,204,205,206,207,208,209,304), found 400
GROUP	TIN_Control,TIN	1622755879400	1622755879755	353	KO
REQUEST	TIN_Control,TIN	TIN_391139101	1622755879514	1622755880422	KO	status.find.in(200,201,202,203,204,205,206,207,208,209,304), found 400
GROUP	TIN_Control,TIN	1622755879514	1622755880423	908	KO
GROUP	TIN_Control	1622755879400	1622755880757	353	KO
REQUEST	TIN_Control,TIN	TIN_391139101	1622755880758	1622755881241	KO	status.find.in(200,201,202,203,204,205,206,207,208,209,304), found 400
GROUP	TIN_Control,TIN	1622755880758	1622755881242	483	KO
GROUP	TIN_Control	1622755879514	1622755881424	908	KO
REQUEST	TIN_Control,TIN	TIN_391139101	1622755881426	1622755881855	KO	status.find.in(200,201,202,203,204,205,206,207,208,209,304), found 400
GROUP	TIN_Control,TIN	1622755881425	1622755881856	429	KO
GROUP	TIN_Control	1622755880757	1622755882242	483	KO
REQUEST	TIN_Control,TIN	TIN_391139101	1622755882244	1622755882778	KO	status.find.in(200,201,202,203,204,205,206,207,208,209,304), found 400
GROUP	TIN_Control,TIN	1622755882243	1622755882779	534	KO
GROUP	TIN_Control	1622755881425	1622755882860	429	KO
REQUEST	TIN_Control,TIN	TIN_391139101	1622755882861	1622755883206	KO	status.find.in(200,201,202,203,204,205,206,207,208,209,304), found 400
GROUP	TIN_Control,TIN	1622755882861	1622755883206	345	KO
GROUP	TIN_Control	1622755882243	1622755883782	534	KO
REQUEST	TIN_Control,TIN	TIN_391139101	1622755883784	1622755884108	KO	status.find.in(200,201,202,203,204,205,206,207,208,209,304), found 400
GROUP	TIN_Control,TIN	1622755883783	1622755884109	324	KO
GROUP	TIN_Control	1622755882860	1622755884210	345	KO
REQUEST	TIN_Control,TIN	TIN_391139101	1622755884211	1622755884620	KO	status.find.in(200,201,202,203,204,205,206,207,208,209,304), found 400
GROUP	TIN_Control,TIN	1622755884210	1622755884621	409	KO
GROUP	TIN_Control	1622755883783	1622755885114	324	KO
REQUEST	TIN_Control,TIN	TIN_391139101	1622755885115	1622755885542	KO	status.find.in(200,201,202,203,204,205,206,207,208,209,304), found 400
GROUP	TIN_Control,TIN	1622755885115	1622755885543	427	KO
GROUP	TIN_Control	1622755884210	1622755885622	409	KO
REQUEST	TIN_Control,TIN	TIN_391139101	1622755885624	1622755886050	KO	status.find.in(200,201,202,203,204,205,206,207,208,209,304), found 400
GROUP	TIN_Control,TIN	1622755885623	1622755886050	426	KO
GROUP	TIN_Control	1622755885114	1622755886545	427	KO
REQUEST	TIN_Control,TIN	TIN_391139101	1622755886546	1622755886975	KO	status.find.in(200,201,202,203,204,205,206,207,208,209,304), found 400
GROUP	TIN_Control,TIN	1622755886545	1622755886976	429	KO
GROUP	TIN_Control	1622755885623	1622755887051	426	KO
REQUEST	TIN_Control,TIN	TIN_391139101	1622755887053	1622755887487	KO	status.find.in(200,201,202,203,204,205,206,207,208,209,304), found 400
GROUP	TIN_Control,TIN	1622755887052	1622755887488	434	KO
GROUP	TIN_Control	1622755886545	1622755887978	429	KO
REQUEST	TIN_Control,TIN	TIN_391139101	1622755887979	1622755888275	KO	status.find.in(200,201,202,203,204,205,206,207,208,209,304), found 400
GROUP	TIN_Control,TIN	1622755887978	1622755888276	296	KO
GROUP	TIN_Control	1622755887051	1622755888491	434	KO
REQUEST	TIN_Control,TIN	TIN_391139101	1622755888492	1622755888821	KO	status.find.in(200,201,202,203,204,205,206,207,208,209,304), found 400
GROUP	TIN_Control,TIN	1622755888491	1622755888821	329	KO
GROUP	TIN_Control	1622755887978	1622755889277	296	KO
REQUEST	TIN_Control,TIN	TIN_391139101	1622755889278	1622755889637	KO	status.find.in(200,201,202,203,204,205,206,207,208,209,304), found 400
GROUP	TIN_Control,TIN	1622755889278	1622755889638	359	KO
GROUP	TIN_Control	1622755888491	1622755889825	329	KO
REQUEST	TIN_Control,TIN	TIN_391139101	1622755889826	1622755890457	KO	status.find.in(200,201,202,203,204,205,206,207,208,209,304), found 400
GROUP	TIN_Control,TIN	1622755889825	1622755890457	631	KO
GROUP	TIN_Control	1622755889277	1622755890643	359	KO
REQUEST	TIN_Control,TIN	TIN_391139101	1622755890644	1622755891006	KO	status.find.in(200,201,202,203,204,205,206,207,208,209,304), found 400
GROUP	TIN_Control,TIN	1622755890644	1622755891007	362	KO
GROUP	TIN_Control	1622755889825	1622755891459	631	KO
REQUEST	TIN_Control,TIN	TIN_391139101	1622755891460	1622755891878	KO	status.find.in(200,201,202,203,204,205,206,207,208,209,304), found 400
GROUP	TIN_Control,TIN	1622755891460	1622755891879	418	KO
GROUP	TIN_Control	1622755890643	1622755892008	362	KO
REQUEST	TIN_Control,TIN	TIN_396005720	1622755892009	1622755892402	KO	status.find.in(200,201,202,203,204,205,206,207,208,209,304), found 400
GROUP	TIN_Control,TIN	1622755892008	1622755892403	393	KO
GROUP	TIN_Control	1622755891459	1622755892880	418	KO
REQUEST	TIN_Control,TIN	TIN_391139101	1622755892882	1622755893324	KO	status.find.in(200,201,202,203,204,205,206,207,208,209,304), found 400
GROUP	TIN_Control,TIN	1622755892881	1622755893324	442	KO
GROUP	TIN_Control	1622755892008	1622755893407	393	KO
REQUEST	TIN_Control,TIN	TIN_391139101	1622755893408	1622755893836	KO	status.find.in(200,201,202,203,204,205,206,207,208,209,304), found 400
GROUP	TIN_Control,TIN	1622755893408	1622755893837	428	KO
GROUP	TIN_Control	1622755892880	1622755894325	442	KO
REQUEST	TIN_Control,TIN	TIN_201801426	1622755894326	1622755894653	KO	status.find.in(200,201,202,203,204,205,206,207,208,209,304), found 400
GROUP	TIN_Control,TIN	1622755894326	1622755894654	327	KO
GROUP	TIN_Control	1622755893407	1622755894841	428	KO
REQUEST	TIN_Control,TIN	TIN_391139101	1622755894842	1622755895271	KO	status.find.in(200,201,202,203,204,205,206,207,208,209,304), found 400
GROUP	TIN_Control,TIN	1622755894841	1622755895272	429	KO
GROUP	TIN_Control	1622755894325	1622755895656	327	KO
REQUEST	TIN_Control,TIN	TIN_391139101	1622755895657	1622755896089	KO	status.find.in(200,201,202,203,204,205,206,207,208,209,304), found 400
GROUP	TIN_Control,TIN	1622755895656	1622755896090	432	KO
GROUP	TIN_Control	1622755894841	1622755896277	429	KO
REQUEST	TIN_Control,TIN	TIN_391139101	1622755896278	1622755896601	KO	status.find.in(200,201,202,203,204,205,206,207,208,209,304), found 400
GROUP	TIN_Control,TIN	1622755896278	1622755896602	323	KO
GROUP	TIN_Control	1622755895656	1622755897091	432	KO
GROUP	TIN_Control	1622755896277	1622755897608	323	KO
REQUEST	TIN_Control,TIN	TIN_391139101	1622755897091	1622755897805	KO	status.find.in(200,201,202,203,204,205,206,207,208,209,304), found 400
GROUP	TIN_Control,TIN	1622755897091	1622755897806	714	KO
REQUEST	TIN_Control,TIN	TIN_391139101	1622755897609	1622755898240	KO	status.find.in(200,201,202,203,204,205,206,207,208,209,304), found 400
GROUP	TIN_Control,TIN	1622755897609	1622755898240	631	KO
GROUP	TIN_Control	1622755897091	1622755898810	714	KO
REQUEST	TIN_Control,TIN	TIN_391139101	1622755898811	1622755899158	KO	status.find.in(200,201,202,203,204,205,206,207,208,209,304), found 400
GROUP	TIN_Control,TIN	1622755898810	1622755899159	347	KO
GROUP	TIN_Control	1622755897608	1622755899241	631	KO
REQUEST	TIN_Control,TIN	TIN_391139101	1622755899243	1622755899570	KO	status.find.in(200,201,202,203,204,205,206,207,208,209,304), found 400
GROUP	TIN_Control,TIN	1622755899242	1622755899571	327	KO
GROUP	TIN_Control	1622755898810	1622755900159	347	KO
GROUP	TIN_Control	1622755899241	1622755900574	327	KO
REQUEST	TIN_Control,TIN	TIN_391139101	1622755900161	1622755900585	KO	status.find.in(200,201,202,203,204,205,206,207,208,209,304), found 400
GROUP	TIN_Control,TIN	1622755900160	1622755900586	424	KO
REQUEST	TIN_Control,TIN	TIN_391139101	1622755900576	1622755900901	KO	status.find.in(200,201,202,203,204,205,206,207,208,209,304), found 400
GROUP	TIN_Control,TIN	1622755900575	1622755900902	325	KO
GROUP	TIN_Control	1622755900160	1622755901587	424	KO
GROUP	TIN_Control	1622755900575	1622755901903	325	KO
REQUEST	TIN_Control,TIN	TIN_391139101	1622755901588	1622755901941	KO	status.find.in(200,201,202,203,204,205,206,207,208,209,304), found 400
GROUP	TIN_Control,TIN	1622755901588	1622755901942	353	KO
REQUEST	TIN_Control,TIN	TIN_391139101	1622755901904	1622755902847	KO	status.find.in(200,201,202,203,204,205,206,207,208,209,304), found 400
GROUP	TIN_Control,TIN	1622755901904	1622755902847	943	KO
GROUP	TIN_Control	1622755901587	1622755902946	353	KO
REQUEST	TIN_Control,TIN	TIN_391139101	1622755902947	1622755903358	KO	status.find.in(200,201,202,203,204,205,206,207,208,209,304), found 400
GROUP	TIN_Control,TIN	1622755902946	1622755903359	411	KO
GROUP	TIN_Control	1622755901903	1622755903849	943	KO
GROUP	TIN_Control	1622755902946	1622755904364	411	KO
REQUEST	TIN_Control,TIN	TIN_391139101	1622755903850	1622755904375	KO	status.find.in(200,201,202,203,204,205,206,207,208,209,304), found 400
GROUP	TIN_Control,TIN	1622755903849	1622755904376	525	KO
REQUEST	TIN_Control,TIN	TIN_391139101	1622755904365	1622755904790	KO	status.find.in(200,201,202,203,204,205,206,207,208,209,304), found 400
GROUP	TIN_Control,TIN	1622755904365	1622755904790	425	KO
GROUP	TIN_Control	1622755903849	1622755905377	525	KO
GROUP	TIN_Control	1622755904365	1622755905794	425	KO
REQUEST	TIN_Control,TIN	TIN_391139101	1622755905378	1622755905920	KO	status.find.in(200,201,202,203,204,205,206,207,208,209,304), found 400
GROUP	TIN_Control,TIN	1622755905377	1622755905920	542	KO
GROUP	TIN_Control	1622755905377	1622755906926	542	KO
REQUEST	TIN_Control,TIN	TIN_391139101	1622755906927	1622755907455	KO	status.find.in(200,201,202,203,204,205,206,207,208,209,304), found 400
GROUP	TIN_Control,TIN	1622755906927	1622755907456	528	KO
GROUP	TIN_Control	1622755906926	1622755908460	528	KO
REQUEST	TIN_Control,TIN	TIN_391139101	1622755908461	1622755908783	KO	status.find.in(200,201,202,203,204,205,206,207,208,209,304), found 400
GROUP	TIN_Control,TIN	1622755908461	1622755908784	322	KO
GROUP	TIN_Control	1622755908460	1622755909785	322	KO
REQUEST	TIN_Control,TIN	TIN_391139101	1622755909787	1622755910425	KO	status.find.in(200,201,202,203,204,205,206,207,208,209,304), found 400
GROUP	TIN_Control,TIN	1622755909786	1622755910426	638	KO
GROUP	TIN_Control	1622755909786	1622755911429	638	KO
REQUEST	TIN_Control,TIN	TIN_391139101	1622755905795	1622755911440	KO	status.find.in(200,201,202,203,204,205,206,207,208,209,304), found 400
GROUP	TIN_Control,TIN	1622755905794	1622755911441	5645	KO
REQUEST	TIN_Control,TIN	TIN_391139101	1622755911430	1622755911961	KO	status.find.in(200,201,202,203,204,205,206,207,208,209,304), found 400
GROUP	TIN_Control,TIN	1622755911430	1622755911961	531	KO
GROUP	TIN_Control	1622755905794	1622755912444	5645	KO
GROUP	TIN_Control	1622755911429	1622755912965	531	KO
REQUEST	TIN_Control,TIN	TIN_391139101	1622755912445	1622755912976	KO	status.find.in(200,201,202,203,204,205,206,207,208,209,304), found 400
GROUP	TIN_Control,TIN	1622755912445	1622755912977	531	KO
REQUEST	TIN_Control,TIN	TIN_391139101	1622755912967	1622755913698	KO	status.find.in(200,201,202,203,204,205,206,207,208,209,304), found 400
GROUP	TIN_Control,TIN	1622755912966	1622755913699	731	KO
GROUP	TIN_Control	1622755912444	1622755913978	531	KO
REQUEST	TIN_Control,TIN	TIN_391139101	1622755913979	1622755914418	KO	status.find.in(200,201,202,203,204,205,206,207,208,209,304), found 400
GROUP	TIN_Control,TIN	1622755913978	1622755914419	439	KO
GROUP	TIN_Control	1622755912966	1622755914703	731	KO
REQUEST	TIN_Control,TIN	TIN_396005720	1622755914703	1622755915234	KO	status.find.in(200,201,202,203,204,205,206,207,208,209,304), found 400
GROUP	TIN_Control,TIN	1622755914703	1622755915235	531	KO
GROUP	TIN_Control	1622755913978	1622755915419	439	KO
REQUEST	TIN_Control,TIN	TIN_391139101	1622755915420	1622755915905	KO	status.find.in(200,201,202,203,204,205,206,207,208,209,304), found 400
GROUP	TIN_Control,TIN	1622755915419	1622755915906	485	KO
GROUP	TIN_Control	1622755914703	1622755916239	531	KO
REQUEST	TIN_Control,TIN	TIN_391139101	1622755916239	1622755916771	KO	status.find.in(200,201,202,203,204,205,206,207,208,209,304), found 400
GROUP	TIN_Control,TIN	1622755916239	1622755916772	532	KO
GROUP	TIN_Control	1622755915419	1622755916908	485	KO
REQUEST	TIN_Control,TIN	TIN_201801426	1622755916908	1622755917286	KO	status.find.in(200,201,202,203,204,205,206,207,208,209,304), found 400
GROUP	TIN_Control,TIN	1622755916908	1622755917286	378	KO
GROUP	TIN_Control	1622755916239	1622755917772	532	KO
GROUP	TIN_Control	1622755916908	1622755918288	378	KO
REQUEST	TIN_Control,TIN	TIN_391139101	1622755917773	1622755918299	KO	status.find.in(200,201,202,203,204,205,206,207,208,209,304), found 400
GROUP	TIN_Control,TIN	1622755917773	1622755918300	526	KO
REQUEST	TIN_Control,TIN	TIN_391139101	1622755918289	1622755918921	KO	status.find.in(200,201,202,203,204,205,206,207,208,209,304), found 400
GROUP	TIN_Control,TIN	1622755918289	1622755918922	632	KO
GROUP	TIN_Control	1622755917772	1622755919300	526	KO
REQUEST	TIN_Control,TIN	TIN_391139101	1622755919302	1622755919743	KO	status.find.in(200,201,202,203,204,205,206,207,208,209,304), found 400
GROUP	TIN_Control,TIN	1622755919301	1622755919744	441	KO
GROUP	TIN_Control	1622755918288	1622755919923	632	KO
REQUEST	TIN_Control,TIN	TIN_391139101	1622755919924	1622755920460	KO	status.find.in(200,201,202,203,204,205,206,207,208,209,304), found 400
GROUP	TIN_Control,TIN	1622755919923	1622755920461	536	KO
GROUP	TIN_Control	1622755919301	1622755920745	441	KO
REQUEST	TIN_Control,TIN	TIN_391139101	1622755920746	1622755921054	KO	status.find.in(200,201,202,203,204,205,206,207,208,209,304), found 400
GROUP	TIN_Control,TIN	1622755920746	1622755921054	308	KO
GROUP	TIN_Control	1622755919923	1622755921463	536	KO
REQUEST	TIN_Control,TIN	TIN_391139101	1622755921464	1622755921998	KO	status.find.in(200,201,202,203,204,205,206,207,208,209,304), found 400
GROUP	TIN_Control,TIN	1622755921463	1622755921999	534	KO
GROUP	TIN_Control	1622755920745	1622755922058	308	KO
REQUEST	TIN_Control,TIN	TIN_391139101	1622755922059	1622755922608	KO	status.find.in(200,201,202,203,204,205,206,207,208,209,304), found 400
GROUP	TIN_Control,TIN	1622755922058	1622755922609	549	KO
GROUP	TIN_Control	1622755921463	1622755923001	534	KO
GROUP	TIN_Control	1622755922058	1622755923610	549	KO
REQUEST	TIN_Control,TIN	TIN_391139101	1622755923002	1622755923659	KO	status.find.in(200,201,202,203,204,205,206,207,208,209,304), found 400
GROUP	TIN_Control,TIN	1622755923001	1622755923660	657	KO
REQUEST	TIN_Control,TIN	TIN_391139101	1622755923611	1622755924351	KO	status.find.in(200,201,202,203,204,205,206,207,208,209,304), found 400
GROUP	TIN_Control,TIN	1622755923610	1622755924351	740	KO
GROUP	TIN_Control	1622755923001	1622755924660	657	KO
REQUEST	TIN_Control,TIN	TIN_391139101	1622755924661	1622755925070	KO	status.find.in(200,201,202,203,204,205,206,207,208,209,304), found 400
GROUP	TIN_Control,TIN	1622755924661	1622755925071	409	KO
GROUP	TIN_Control	1622755923610	1622755925354	740	KO
REQUEST	TIN_Control,TIN	TIN_391139101	1622755925354	1622755925679	KO	status.find.in(200,201,202,203,204,205,206,207,208,209,304), found 400
GROUP	TIN_Control,TIN	1622755925354	1622755925680	325	KO
GROUP	TIN_Control	1622755924660	1622755926072	409	KO
REQUEST	TIN_Control,TIN	TIN_391139101	1622755926072	1622755926594	KO	status.find.in(200,201,202,203,204,205,206,207,208,209,304), found 400
GROUP	TIN_Control,TIN	1622755926072	1622755926595	522	KO
GROUP	TIN_Control	1622755925354	1622755926681	325	KO
REQUEST	TIN_Control,TIN	TIN_391139101	1622755926682	1622755927070	KO	status.find.in(200,201,202,203,204,205,206,207,208,209,304), found 400
GROUP	TIN_Control,TIN	1622755926682	1622755927070	388	KO
GROUP	TIN_Control	1622755926072	1622755927596	522	KO
GROUP	TIN_Control	1622755926681	1622755928072	388	KO
REQUEST	TIN_Control,TIN	TIN_391139101	1622755927597	1622755928288	KO	status.find.in(200,201,202,203,204,205,206,207,208,209,304), found 400
GROUP	TIN_Control,TIN	1622755927597	1622755928289	691	KO
REQUEST	TIN_Control,TIN	TIN_391139101	1622755928072	1622755929164	KO	status.find.in(200,201,202,203,204,205,206,207,208,209,304), found 400
GROUP	TIN_Control,TIN	1622755928072	1622755929165	1092	KO
GROUP	TIN_Control	1622755927596	1622755929290	691	KO
REQUEST	TIN_Control,TIN	TIN_391139101	1622755929291	1622755930134	KO	status.find.in(200,201,202,203,204,205,206,207,208,209,304), found 400
GROUP	TIN_Control,TIN	1622755929291	1622755930135	843	KO
GROUP	TIN_Control	1622755928072	1622755930166	1092	KO
REQUEST	TIN_Control,TIN	TIN_391139101	1622755930167	1622755930594	KO	