RUN	Optum.Framework.OptumSim	optumsim	1620925625246	 	3.5.1
USER	Users_1	START	1620925626705
REQUEST	Scen_1,Login	BasePage	1620925626722	1620925627074	OK	 
REQUEST	Scen_1,Login	BasePage_1	1620925627098	1620925627203	OK	 
REQUEST	Scen_1,Login	BasePage_2	1620925627210	1620925627288	OK	 
REQUEST	Scen_1,Login	BasePage_3	1620925627289	1620925627372	OK	 
REQUEST	Scen_1,Login	BasePage_4	1620925627373	1620925627456	OK	 
REQUEST	Scen_1,Login	BasePage_5	1620925627457	1620925629942	OK	 
GROUP	Scen_1,Login	1620925626708	1620925629943	3186	OK
REQUEST	Scen_1,SearchByActiveMember	Select_SearchByActiveMember	1620925630950	1620925633016	OK	 
GROUP	Scen_1,SearchByActiveMember	1620925630949	1620925633017	2066	OK
REQUEST	Scen_1,SearchName_douglas	Search_1	1620925634628	1620925635247	OK	 
REQUEST	Scen_1,SearchName_douglas	Search_2003330312	1620925635253	1620925636493	OK	 
GROUP	Scen_1,SearchName_douglas	1620925634625	1620925636494	1859	OK
REQUEST	Scen_1,S_2003330312	Select_douglas	1620925638097	1620925638208	OK	 
REQUEST	Scen_1,S_2003330312	request_1	1620925638209	1620925640687	OK	 
REQUEST	Scen_1,S_2003330312	request_2003330312	1620925640690	1620925644068	OK	 
GROUP	Scen_1,S_2003330312	1620925638096	1620925644069	5967	OK
GROUP	Scen_1	1620925626707	1620925645406	13078	OK
USER	Users_1	END	1620925645409
