RUN	Bo3	bo3	1623689771566	 	3.5.1
USER	Bo3	START	1623689773049
REQUEST		request_0	1623689773071	1623689773454	OK	 
REQUEST		request_0 Redirect 1	1623689773466	1623689773871	OK	 
REQUEST		publicSector.js	1623689774071	1623689774299	OK	 
REQUEST		providerExpress_logo.gif	1623689774304	1623689774376	OK	 
REQUEST		loading.gif	1623689774377	1623689774450	OK	 
REQUEST		space.gif	1623689774451	1623689774521	OK	 
REQUEST		tabs.css	1623689774072	1623689774571	OK	 
REQUEST		sso.js	1623689774072	1623689774582	OK	 
REQUEST		request_1	1623689774522	1623689774596	OK	 
REQUEST		home-bar.css	1623689774073	1623689774601	OK	 
REQUEST		request_35	1623689774294	1623689774608	OK	 
REQUEST		request_33	1623689774215	1623689774652	OK	 
REQUEST		uolStyle.css	1623689774073	1623689774654	OK	 
REQUEST		request_3	1623689774581	1623689774661	OK	 
REQUEST		request_4	1623689774584	1623689774665	OK	 
REQUEST		request_8	1623689774599	1623689774673	OK	 
REQUEST		request_37	1623689774295	1623689774697	OK	 
REQUEST		jquery-3.3.1.slim.min.js	1623689774074	1623689774699	OK	 
REQUEST		request_38	1623689774296	1623689774702	OK	 
REQUEST		request_42	1623689773916	1623689774707	OK	 
REQUEST		request_9	1623689774604	1623689774740	OK	 
REQUEST		request_41	1623689774653	1623689774755	OK	 
REQUEST		request_36	1623689774295	1623689774760	OK	 
REQUEST		request_39	1623689774610	1623689774768	OK	 
REQUEST		request_32	1623689774074	1623689774773	OK	 
REQUEST		request_4	1623689774666	1623689774824	OK	 
REQUEST		request_13	1623689774658	1623689774874	OK	 
REQUEST		request_4	1623689774825	1623689774979	OK	 
REQUEST		request_34	1623689774294	1623689774993	OK	 
REQUEST		request_4	1623689774980	1623689775188	OK	 
REQUEST		request_27	1623689774666	1623689775264	OK	 
REQUEST		request_26	1623689774663	1623689775331	OK	 
USER	Bo3	END	1623689775338
