RUN	Optum.Framework.OptumSim	optumsim	1620845971682	 	3.5.1
USER	Users_1	START	1620845973239
REQUEST	Scen_1,Login	BasePage	1620845973257	1620845973602	OK	 
REQUEST	Scen_1,Login	BasePage_1	1620845973617	1620845973724	OK	 
REQUEST	Scen_1,Login	BasePage_2	1620845973726	1620845973820	OK	 
REQUEST	Scen_1,Login	BasePage_3	1620845973821	1620845973904	OK	 
REQUEST	Scen_1,Login	BasePage_4	1620845973905	1620845973993	OK	 
REQUEST	Scen_1,Login	BasePage_5	1620845973994	1620845975703	OK	 
GROUP	Scen_1,Login	1620845973243	1620845975704	2426	OK
REQUEST	Scen_1,SearchByActiveMember	Select_SearchByActiveMember	1620845976710	1620845976973	OK	 
GROUP	Scen_1,SearchByActiveMember	1620845976709	1620845976973	263	OK
REQUEST	Scen_1,SearchMembers	request_2	1620845979521	1620845980786	OK	 
REQUEST	Scen_1,SearchMembers	request_3	1620845980787	1620845981914	OK	 
GROUP	Scen_1,SearchMembers	1620845979520	1620845981914	2392	OK
REQUEST	Scen_1,Search3	Search_3	1620845984126	1620845984595	OK	 
GROUP	Scen_1,Search3	1620845984125	1620845984595	469	OK
REQUEST	Scen_1,SearchByActiveMember	Select_SearchByActiveMember	1620845986934	1620845987271	OK	 
GROUP	Scen_1,SearchByActiveMember	1620845986934	1620845987272	337	OK
REQUEST	Scen_1,SearchMembers	request_2	1620845989946	1620845991131	OK	 
REQUEST	Scen_1,SearchMembers	request_3	1620845991131	1620845992215	OK	 
GROUP	Scen_1,SearchMembers	1620845989945	1620845992216	2269	OK
REQUEST	Scen_1,Search3	Search_3	1620845994626	1620845995223	OK	 
GROUP	Scen_1,Search3	1620845994625	1620845995223	597	OK
REQUEST	Scen_1,SearchByActiveMember	Select_SearchByActiveMember	1620845997859	1620845998093	OK	 
GROUP	Scen_1,SearchByActiveMember	1620845997858	1620845998093	234	OK
REQUEST	Scen_1,SearchMembers	request_2	1620846000507	1620846001484	OK	 
REQUEST	Scen_1,SearchMembers	request_3	1620846001485	1620846002450	OK	 
GROUP	Scen_1,SearchMembers	1620846000506	1620846002450	1942	OK
REQUEST	Scen_1,Search3	Search_3	1620846004467	1620846005060	OK	 
GROUP	Scen_1,Search3	1620846004466	1620846005061	593	OK
REQUEST	Scen_1,SearchByActiveMember	Select_SearchByActiveMember	1620846007967	1620846008323	OK	 
GROUP	Scen_1,SearchByActiveMember	1620846007966	1620846008323	356	OK
REQUEST	Scen_1,SearchMembers	request_2	1620846010681	1620846012224	OK	 
REQUEST	Scen_1,SearchMembers	request_3	1620846012225	1620846014990	OK	 
GROUP	Scen_1,SearchMembers	1620846010681	1620846014990	4308	OK
REQUEST	Scen_1,Search3	Search_3	1620846017060	1620846017550	OK	 
GROUP	Scen_1,Search3	1620846017059	1620846017551	490	OK
REQUEST	Scen_1,SearchByActiveMember	Select_SearchByActiveMember	1620846019588	1620846019905	OK	 
GROUP	Scen_1,SearchByActiveMember	1620846019588	1620846019905	317	OK
REQUEST	Scen_1,SearchMembers	request_2	1620846022083	1620846023105	OK	 
REQUEST	Scen_1,SearchMembers	request_3	1620846023105	1620846024453	OK	 
GROUP	Scen_1,SearchMembers	1620846022083	1620846024453	2370	OK
REQUEST	Scen_1,Search3	Search_3	1620846027088	1620846027526	OK	 
GROUP	Scen_1,Search3	1620846027087	1620846027526	438	OK
REQUEST	Scen_1,SearchByActiveMember	Select_SearchByActiveMember	1620846030192	1620846030544	OK	 
GROUP	Scen_1,SearchByActiveMember	1620846030191	1620846030544	352	OK
REQUEST	Scen_1,SearchMembers	request_2	1620846033526	1620846034343	OK	 
REQUEST	Scen_1,SearchMembers	request_3	1620846034344	1620846035468	OK	 
GROUP	Scen_1,SearchMembers	1620846033525	1620846035468	1941	OK
REQUEST	Scen_1,Search3	Search_3	1620846037657	1620846038234	OK	 
GROUP	Scen_1,Search3	1620846037657	1620846038234	577	OK
REQUEST	Scen_1,SearchByActiveMember	Select_SearchByActiveMember	1620846040883	1620846041273	OK	 
GROUP	Scen_1,SearchByActiveMember	1620846040883	1620846041273	390	OK
REQUEST	Scen_1,SearchMembers	request_2	1620846043905	1620846044797	OK	 
REQUEST	Scen_1,SearchMembers	request_3	1620846044797	1620846045997	OK	 
GROUP	Scen_1,SearchMembers	1620846043905	1620846045998	2092	OK
REQUEST	Scen_1,Search3	Search_3	1620846048460	1620846049291	OK	 
GROUP	Scen_1,Search3	1620846048459	1620846049291	831	OK
REQUEST	Scen_1,SearchByActiveMember	Select_SearchByActiveMember	1620846051848	1620846052003	OK	 
GROUP	Scen_1,SearchByActiveMember	1620846051848	1620846052003	155	OK
REQUEST	Scen_1,SearchMembers	request_2	1620846054749	1620846055753	OK	 
REQUEST	Scen_1,SearchMembers	request_3	1620846055754	1620846056513	OK	 
GROUP	Scen_1,SearchMembers	1620846054748	1620846056514	1763	OK
REQUEST	Scen_1,Search3	Search_3	1620846058571	1620846059336	OK	 
GROUP	Scen_1,Search3	1620846058570	1620846059336	765	OK
REQUEST	Scen_1,SearchByActiveMember	Select_SearchByActiveMember	1620846062282	1620846062601	OK	 
GROUP	Scen_1,SearchByActiveMember	1620846062281	1620846062601	319	OK
REQUEST	Scen_1,SearchMembers	request_2	1620846064646	1620846065538	OK	 
REQUEST	Scen_1,SearchMembers	request_3	1620846065538	1620846066395	OK	 
GROUP	Scen_1,SearchMembers	1620846064646	1620846066395	1749	OK
REQUEST	Scen_1,Search3	Search_3	1620846069239	1620846070286	OK	 
GROUP	Scen_1,Search3	1620846069238	1620846070286	1047	OK
REQUEST	Scen_1,SearchByActiveMember	Select_SearchByActiveMember	1620846072476	1620846072743	OK	 
GROUP	Scen_1,SearchByActiveMember	1620846072475	1620846072744	267	OK
REQUEST	Scen_1,SearchMembers	request_2	1620846074840	1620846075816	OK	 
REQUEST	Scen_1,SearchMembers	request_3	1620846075817	1620846077442	OK	 
GROUP	Scen_1,SearchMembers	1620846074840	1620846077442	2601	OK
REQUEST	Scen_1,Search3	Search_3	1620846079502	1620846080011	OK	 
GROUP	Scen_1,Search3	1620846079501	1620846080011	509	OK
REQUEST	Scen_1,Search3	Search_3	1620846082691	1620846083291	OK	 
GROUP	Scen_1,Search3	1620846082691	1620846083291	600	OK
GROUP	Scen_1	1620845973242	1620846084297	35759	OK
USER	Users_1	END	1620846084300
