RUN	JJ.Framework.JJSim	jjsim	1622659925950	JJ.Framework.JJSim-SIMULATION_1_1:SIMULATION_2_1:SIMULATION_3_1:SIMULATION_4_0:Iterations_2	3.5.1
USER	Users_1	START	1622659927523
USER	Users_2	START	1622659927523
USER	Users_3	START	1622659927523
REQUEST	NPI,NPI	NPI_1245318229	1622659927548	1622659933090	OK	 
REQUEST	LName,LN	LName_Smith	1622659927548	1622659933090	KO	status.find.in(200,201,202,203,204,205,206,207,208,209,304), found 500
GROUP	LName,LN	1622659927528	1622659933113	5542	KO
GROUP	NPI,NPI	1622659927528	1622659933127	5542	OK
REQUEST	TIN,TIN	TIN_391139101	1622659927548	1622659933496	KO	status.find.in(200,201,202,203,204,205,206,207,208,209,304), found 500
GROUP	TIN,TIN	1622659927528	1622659933497	5948	KO
GROUP	LName	1622659927526	1622659934549	5542	KO
GROUP	NPI	1622659927526	1622659934665	5542	OK
REQUEST	NPI,NPI	NPI_1821049651	1622659934666	1622659934746	KO	status.find.in(200,201,202,203,204,205,206,207,208,209,304), found 500
GROUP	NPI,NPI	1622659934665	1622659934747	80	KO
REQUEST	LName,LN	LName_Jones	1622659934555	1622659935032	KO	status.find.in(200,201,202,203,204,205,206,207,208,209,304), found 500
GROUP	LName,LN	1622659934552	1622659935032	477	KO
GROUP	TIN	1622659927526	1622659935322	5948	KO
GROUP	LName	1622659934550	1622659936516	477	KO
USER	Users_3	END	1622659936519
GROUP	NPI	1622659934665	1622659936570	80	KO
USER	Users_1	END	1622659936571
REQUEST	TIN,TIN	TIN_391139101	1622659935324	1622659936691	KO	status.find.in(200,201,202,203,204,205,206,207,208,209,304), found 500
GROUP	TIN,TIN	1622659935323	1622659936692	1367	KO
GROUP	TIN	1622659935322	1622659937974	1367	KO
USER	Users_2	END	1622659937975
