RUN	StarTest.Framework.StarSim	starsim	1624545273525	StarTest.Framework.StarSim-SIMULATION_1_10:SIMULATION_2_0:SIMULATION_3_0:Iterations_10	3.5.1
USER	Users_1	START	1624545275049
REQUEST	StarAPI,LOGIN	LOGIN	1624545275081	1624545275415	OK	 
GROUP	StarAPI,LOGIN	1624545275055	1624545275431	334	OK
USER	Users_1	START	1624545276048
REQUEST	StarAPI,LOGIN	LOGIN	1624545276048	1624545276311	OK	 
GROUP	StarAPI,LOGIN	1624545276048	1624545276312	263	OK
REQUEST	StarAPI,GetStarNote	GetStarNote	1624545276488	1624545276872	OK	 
GROUP	StarAPI,GetStarNote	1624545276483	1624545276874	384	OK
USER	Users_1	START	1624545277043
REQUEST	StarAPI,LOGIN	LOGIN	1624545277044	1624545277372	OK	 
GROUP	StarAPI,LOGIN	1624545277044	1624545277373	328	OK
USER	Users_1	START	1624545278037
REQUEST	StarAPI,GetStarNote	GetStarNote	1624545277512	1624545278308	OK	 
GROUP	StarAPI,GetStarNote	1624545277511	1624545278309	796	OK
REQUEST	StarAPI,LOGIN	LOGIN	1624545278038	1624545278457	OK	 
GROUP	StarAPI,LOGIN	1624545278038	1624545278458	419	OK
REQUEST	StarAPI,GetEpisodeOfCare	GetEpisodeOfCare	1624545278159	1624545278650	OK	 
GROUP	StarAPI,GetEpisodeOfCare	1624545278158	1624545278651	491	OK
USER	Users_1	START	1624545279038
REQUEST	StarAPI,GetStarNote	GetStarNote	1624545278753	1624545279093	OK	 
GROUP	StarAPI,GetStarNote	1624545278753	1624545279095	340	OK
REQUEST	StarAPI,LOGIN	LOGIN	1624545279039	1624545279289	OK	 
GROUP	StarAPI,LOGIN	1624545279039	1624545279290	250	OK
REQUEST	StarAPI,GetEpisodeOfCare	GetEpisodeOfCare	1624545279555	1624545279936	OK	 
GROUP	StarAPI,GetEpisodeOfCare	1624545279554	1624545279937	381	OK
USER	Users_1	START	1624545280040
REQUEST	StarAPI,LOGIN	LOGIN	1624545280041	1624545280341	OK	 
GROUP	StarAPI,LOGIN	1624545280040	1624545280342	300	OK
REQUEST	StarAPI,GetStarUIMemberList	GetStarUIMemberList	1624545280141	1624545280883	OK	 
GROUP	StarAPI,GetStarUIMemberList	1624545280140	1624545280884	742	OK
REQUEST	StarAPI,GetEpisodeOfCare	GetEpisodeOfCare	1624545280520	1624545280895	OK	 
GROUP	StarAPI,GetEpisodeOfCare	1624545280520	1624545280896	375	OK
USER	Users_1	START	1624545281037
REQUEST	StarAPI,LOGIN	LOGIN	1624545281038	1624545281312	OK	 
GROUP	StarAPI,LOGIN	1624545281038	1624545281313	274	OK
REQUEST	StarAPI,GetStarNote	GetStarNote	1624545281198	1624545281536	OK	 
GROUP	StarAPI,GetStarNote	1624545281198	1624545281537	338	OK
REQUEST	StarAPI,GetStarUIMemberList	GetStarUIMemberList	1624545281033	1624545281736	OK	 
GROUP	StarAPI,GetStarUIMemberList	1624545281032	1624545281737	703	OK
REQUEST	StarAPI,GetStarNote	GetStarNote	1624545281537	1624545281872	OK	 
GROUP	StarAPI,GetStarNote	1624545281536	1624545281873	335	OK
USER	Users_1	START	1624545282041
REQUEST	StarAPI,LOGIN	LOGIN	1624545282042	1624545282319	OK	 
GROUP	StarAPI,LOGIN	1624545282041	1624545282319	277	OK
REQUEST	StarAPI,GetStarUIMemberDetail	GetStarUIMemberDetail	1624545282347	1624545282768	OK	 
GROUP	StarAPI,GetStarUIMemberDetail	1624545282346	1624545282769	421	OK
REQUEST	StarAPI,GetEpisodeOfCare	GetEpisodeOfCare	1624545282571	1624545283006	OK	 
GROUP	StarAPI,GetEpisodeOfCare	1624545282570	1624545283006	435	OK
USER	Users_1	START	1624545283041
REQUEST	StarAPI,LOGIN	LOGIN	1624545283042	1624545283635	OK	 
GROUP	StarAPI,LOGIN	1624545283041	1624545283636	593	OK
REQUEST	StarAPI,GetStarUIMemberList	GetStarUIMemberList	1624545282855	1624545283689	OK	 
GROUP	StarAPI,GetStarUIMemberList	1624545282854	1624545283689	834	OK
REQUEST	StarAPI,GetStarUIMemberDetail	GetStarUIMemberDetail	1624545283320	1624545283920	OK	 
GROUP	StarAPI,GetStarUIMemberDetail	1624545283319	1624545283920	600	OK
USER	Users_1	START	1624545284037
REQUEST	StarAPI,GetStarNote	GetStarNote	1624545283720	1624545284064	OK	 
GROUP	StarAPI,GetStarNote	1624545283719	1624545284065	344	OK
REQUEST	StarAPI,GetEpisodeOfCare	GetEpisodeOfCare	1624545283715	1624545284106	OK	 
GROUP	StarAPI,GetEpisodeOfCare	1624545283715	1624545284107	391	OK
REQUEST	StarAPI,LOGIN	LOGIN	1624545284038	1624545284296	OK	 
GROUP	StarAPI,LOGIN	1624545284037	1624545284298	258	OK
REQUEST	StarAPI,GetStarNote	GetStarNote	1624545279539	1624545285097	OK	 
GROUP	StarAPI,GetStarNote	1624545279538	1624545285098	5558	OK
REQUEST	StarAPI,GetStarNote	GetStarNote	1624545282506	1624545285099	OK	 
GROUP	StarAPI,GetStarNote	1624545282505	1624545285099	2593	OK
REQUEST	StarAPI,GetStarNote	GetStarNote	1624545285083	1624545285447	OK	 
GROUP	StarAPI,GetStarNote	1624545285083	1624545285448	364	OK
REQUEST	StarAPI,GetStarUIMemberList	GetStarUIMemberList	1624545284759	1624545285451	OK	 
GROUP	StarAPI,GetStarUIMemberList	1624545284758	1624545285451	692	OK
REQUEST	StarAPI,GetStarNote	GetStarNote	1624545285513	1624545285983	OK	 
GROUP	StarAPI,GetStarNote	1624545285512	1624545285984	470	OK
REQUEST	StarAPI,GetStarUIMemberDetail	GetStarUIMemberDetail	1624545285625	1624545286100	OK	 
GROUP	StarAPI,GetStarUIMemberDetail	1624545285625	1624545286101	475	OK
REQUEST	StarAPI,GetStarUIMemberList	GetStarUIMemberList	1624545285427	1624545286117	OK	 
GROUP	StarAPI,GetStarUIMemberList	1624545285427	1624545286118	690	OK
REQUEST	StarAPI,GetEpisodeOfCare	GetEpisodeOfCare	1624545285695	1624545286160	OK	 
GROUP	StarAPI,GetEpisodeOfCare	1624545285695	1624545286161	465	OK
REQUEST	StarAPI,GetEpisodeOfCare	GetEpisodeOfCare	1624545286575	1624545286999	OK	 
GROUP	StarAPI,GetEpisodeOfCare	1624545286574	1624545287000	424	OK
REQUEST	StarAPI,GetStarUIMemberDetail	GetStarUIMemberDetail	1624545286647	1624545287091	OK	 
GROUP	StarAPI,GetStarUIMemberDetail	1624545286647	1624545287091	444	OK
REQUEST	StarAPI,GetEpisodeOfCare	GetEpisodeOfCare	1624545286766	1624545287212	OK	 
GROUP	StarAPI,GetEpisodeOfCare	1624545286766	1624545287213	446	OK
REQUEST	StarAPI,GetEpisodeOfCare	GetEpisodeOfCare	1624545287380	1624545287790	OK	 
GROUP	StarAPI,GetEpisodeOfCare	1624545287379	1624545287790	410	OK
REQUEST	StarAPI,GetEpisodeOfCare	GetEpisodeOfCare	1624545287338	1624545287816	OK	 
GROUP	StarAPI,GetEpisodeOfCare	1624545287337	1624545287817	478	OK
REQUEST	StarAPI,GetStarUIMemberDetail	GetStarUIMemberDetail	1624545287967	1624545288375	OK	 
GROUP	StarAPI,GetStarUIMemberDetail	1624545287966	1624545288375	408	OK
REQUEST	StarAPI,GetStarUIMemberList	GetStarUIMemberList	1624545287734	1624545288502	OK	 
GROUP	StarAPI,GetStarUIMemberList	1624545287733	1624545288503	768	OK
REQUEST	StarAPI,ChatTranscript	ChatTranscript	1624545284008	1624545289153	OK	 
GROUP	StarAPI,ChatTranscript	1624545284007	1624545289154	5145	OK
REQUEST	StarAPI,ChatTranscript	ChatTranscript	1624545288105	1624545289153	OK	 
GROUP	StarAPI,ChatTranscript	1624545288104	1624545289154	1048	OK
REQUEST	StarAPI,ChatTranscript	ChatTranscript	1624545287974	1624545289154	OK	 
GROUP	StarAPI,ChatTranscript	1624545287974	1624545289154	1180	OK
REQUEST	StarAPI,ChatTranscript	ChatTranscript	1624545285491	1624545289156	OK	 
GROUP	StarAPI,ChatTranscript	1624545285490	1624545289156	3665	OK
REQUEST	StarAPI,GetStarUIMemberList	GetStarUIMemberList	1624545288591	1624545289482	OK	 
GROUP	StarAPI,GetStarUIMemberList	1624545288590	1624545289483	891	OK
REQUEST	StarAPI,GetStarUIMemberList	GetStarUIMemberList	1624545288703	1624545289528	OK	 
GROUP	StarAPI,GetStarUIMemberList	1624545288702	1624545289528	825	OK
REQUEST	StarAPI,ChatTranscript	ChatTranscript	1624545289806	1624545289924	OK	 
GROUP	StarAPI,ChatTranscript	1624545289806	1624545289925	118	OK
REQUEST	StarAPI,GetStarUIMemberList	GetStarUIMemberList	1624545289387	1624545290150	OK	 
GROUP	StarAPI,GetStarUIMemberList	1624545289386	1624545290151	763	OK
GROUP	StarAPI	1624545275052	1624545290191	7517	OK
GROUP	StarAPI	1624545277043	1624545290229	3532	OK
REQUEST	StarAPI,LOGIN	LOGIN	1624545290193	1624545290279	OK	 
GROUP	StarAPI,LOGIN	1624545290192	1624545290280	86	OK
REQUEST	StarAPI,LOGIN	LOGIN	1624545290230	1624545290297	OK	 
GROUP	StarAPI,LOGIN	1624545290230	1624545290298	67	OK
REQUEST	StarAPI,GetStarUIMemberList	GetStarUIMemberList	1624545289469	1624545290329	OK	 
GROUP	StarAPI,GetStarUIMemberList	1624545289469	1624545290329	860	OK
GROUP	StarAPI	1624545276048	1624545290345	6408	OK
REQUEST	StarAPI,GetStarUIMemberDetail	GetStarUIMemberDetail	1624545289882	1624545290376	OK	 
GROUP	StarAPI,GetStarUIMemberDetail	1624545289882	1624545290376	494	OK
GROUP	StarAPI	1624545279038	1624545290406	3207	OK
REQUEST	StarAPI,LOGIN	LOGIN	1624545290346	1624545290411	OK	 
GROUP	StarAPI,LOGIN	1624545290345	1624545290411	65	OK
REQUEST	StarAPI,LOGIN	LOGIN	1624545290407	1624545290476	OK	 
GROUP	StarAPI,LOGIN	1624545290407	1624545290476	69	OK
GROUP	StarAPI	1624545280040	1624545291342	2242	OK
REQUEST	StarAPI,LOGIN	LOGIN	1624545291342	1624545291401	OK	 
GROUP	StarAPI,LOGIN	1624545291342	1624545291402	59	OK
REQUEST	StarAPI,GetStarUIMemberDetail	GetStarUIMemberDetail	1624545291082	1624545291459	OK	 
GROUP	StarAPI,GetStarUIMemberDetail	1624545291082	1624545291460	377	OK
REQUEST	StarAPI,GetStarNote	GetStarNote	1624545291599	1624545291744	OK	 
GROUP	StarAPI,GetStarNote	1624545291599	1624545291745	145	OK
REQUEST	StarAPI,GetStarUIMemberDetail	GetStarUIMemberDetail	1624545291448	1624545291842	OK	 
GROUP	StarAPI,GetStarUIMemberDetail	1624545291447	1624545291842	394	OK
REQUEST	StarAPI,GetStarNote	GetStarNote	1624545291721	1624545291863	OK	 
GROUP	StarAPI,GetStarNote	1624545291720	1624545291864	142	OK
REQUEST	StarAPI,ChatTranscript	ChatTranscript	1624545292095	1624545292190	OK	 
GROUP	StarAPI,ChatTranscript	1624545292094	1624545292190	95	OK
REQUEST	StarAPI,GetStarUIMemberDetail	GetStarUIMemberDetail	1624545291811	1624545292193	OK	 
GROUP	StarAPI,GetStarUIMemberDetail	1624545291810	1624545292193	382	OK
REQUEST	StarAPI,GetStarUIMemberDetail	GetStarUIMemberDetail	1624545291798	1624545292216	OK	 
GROUP	StarAPI,GetStarUIMemberDetail	1624545291797	1624545292217	418	OK
REQUEST	StarAPI,GetStarNote	GetStarNote	1624545293138	1624545293280	OK	 
GROUP	StarAPI,GetStarNote	1624545293138	1624545293281	142	OK
REQUEST	StarAPI,GetEpisodeOfCare	GetEpisodeOfCare	1624545292949	1624545293352	OK	 
GROUP	StarAPI,GetEpisodeOfCare	1624545292949	1624545293353	403	OK
REQUEST	StarAPI,ChatTranscript	ChatTranscript	1624545293322	1624545293403	OK	 
GROUP	StarAPI,ChatTranscript	1624545293322	1624545293403	81	OK
REQUEST	StarAPI,ChatTranscript	ChatTranscript	1624545292878	1624545293506	OK	 
GROUP	StarAPI,ChatTranscript	1624545292878	1624545293507	628	OK
GROUP	StarAPI	1624545282041	1624545293673	2443	OK
REQUEST	StarAPI,LOGIN	LOGIN	1624545293674	1624545293739	OK	 
GROUP	StarAPI,LOGIN	1624545293673	1624545293739	65	OK
REQUEST	StarAPI,ChatTranscript	ChatTranscript	1624545294027	1624545294129	OK	 
GROUP	StarAPI,ChatTranscript	1624545294027	1624545294130	102	OK
REQUEST	StarAPI,ChatTranscript	ChatTranscript	1624545294063	1624545294139	OK	 
GROUP	StarAPI,ChatTranscript	1624545294062	1624545294139	76	OK
REQUEST	StarAPI,GetEpisodeOfCare	GetEpisodeOfCare	1624545293801	1624545294266	OK	 
GROUP	StarAPI,GetEpisodeOfCare	1624545293801	1624545294267	465	OK
REQUEST	StarAPI,GetStarNote	GetStarNote	1624545291844	1624545294430	OK	 
REQUEST	StarAPI,GetStarNote	GetStarNote	1624545292344	1624545294430	OK	 
GROUP	StarAPI,GetStarNote	1624545292344	1624545294431	2086	OK
GROUP	StarAPI,GetStarNote	1624545291843	1624545294431	2586	OK
GROUP	StarAPI	1624545281038	1624545295112	4591	OK
REQUEST	StarAPI,GetEpisodeOfCare	GetEpisodeOfCare	1624545294562	1624545295137	OK	 
GROUP	StarAPI,GetEpisodeOfCare	1624545294562	1624545295137	575	OK
REQUEST	StarAPI,LOGIN	LOGIN	1624545295113	1624545295172	OK	 
GROUP	StarAPI,LOGIN	1624545295113	1624545295173	59	OK
REQUEST	StarAPI,GetStarNote	GetStarNote	1624545294899	1624545295208	OK	 
GROUP	StarAPI,GetStarNote	1624545294899	1624545295209	309	OK
GROUP	StarAPI	1624545283041	1624545295244	2779	OK
GROUP	StarAPI	1624545278037	1624545295305	8319	OK
REQUEST	StarAPI,LOGIN	LOGIN	1624545295244	1624545295306	OK	 
GROUP	StarAPI,LOGIN	1624545295244	1624545295307	62	OK
REQUEST	StarAPI,LOGIN	LOGIN	1624545295305	1624545295369	OK	 
GROUP	StarAPI,LOGIN	1624545295305	1624545295369	64	OK
REQUEST	StarAPI,GetStarUIMemberList	GetStarUIMemberList	1624545294526	1624545295426	OK	 
GROUP	StarAPI,GetStarUIMemberList	1624545294525	1624545295426	900	OK
GROUP	StarAPI	1624545284037	1624545295756	2395	OK
REQUEST	StarAPI,LOGIN	LOGIN	1624545295756	1624545295819	OK	 
GROUP	StarAPI,LOGIN	1624545295756	1624545295820	63	OK
REQUEST	StarAPI,GetEpisodeOfCare	GetEpisodeOfCare	1624545295771	1624545296337	OK	 
GROUP	StarAPI,GetEpisodeOfCare	1624545295770	1624545296337	566	OK
REQUEST	StarAPI,GetEpisodeOfCare	GetEpisodeOfCare	1624545296263	1624545296739	OK	 
GROUP	StarAPI,GetEpisodeOfCare	1624545296263	1624545296739	476	OK
REQUEST	StarAPI,GetStarUIMemberList	GetStarUIMemberList	1624545295790	1624545296747	OK	 
GROUP	StarAPI,GetStarUIMemberList	1624545295790	1624545296747	957	OK
REQUEST	StarAPI,GetStarUIMemberList	GetStarUIMemberList	1624545296298	1624545297087	OK	 
GROUP	StarAPI,GetStarUIMemberList	1624545296297	1624545297088	789	OK
REQUEST	StarAPI,GetStarNote	GetStarNote	1624545296873	1624545297211	OK	 
GROUP	StarAPI,GetStarNote	1624545296873	1624545297211	338	OK
REQUEST	StarAPI,GetEpisodeOfCare	GetEpisodeOfCare	1624545296634	1624545297246	OK	 
GROUP	StarAPI,GetEpisodeOfCare	1624545296634	1624545297246	612	OK
REQUEST	StarAPI,GetStarNote	GetStarNote	1624545297067	1624545297414	OK	 
GROUP	StarAPI,GetStarNote	1624545297067	1624545297414	347	OK
REQUEST	StarAPI,GetStarNote	GetStarNote	1624545296885	1624545297460	OK	 
GROUP	StarAPI,GetStarNote	1624545296884	1624545297461	575	OK
REQUEST	StarAPI,GetStarNote	GetStarNote	1624545297241	1624545297764	OK	 
GROUP	StarAPI,GetStarNote	1624545297240	1624545297764	523	OK
REQUEST	StarAPI,GetStarUIMemberDetail	GetStarUIMemberDetail	1624545297369	1624545297772	OK	 
GROUP	StarAPI,GetStarUIMemberDetail	1624545297368	1624545297772	403	OK
REQUEST	StarAPI,GetStarUIMemberList	GetStarUIMemberList	1624545297477	1624545298170	OK	 
GROUP	StarAPI,GetStarUIMemberList	1624545297476	1624545298170	693	OK
REQUEST	StarAPI,GetStarUIMemberDetail	GetStarUIMemberDetail	1624545298161	1624545298534	OK	 
GROUP	StarAPI,GetStarUIMemberDetail	1624545298160	1624545298535	373	OK
REQUEST	StarAPI,GetStarUIMemberList	GetStarUIMemberList	1624545297863	1624545298733	OK	 
GROUP	StarAPI,GetStarUIMemberList	1624545297862	1624545298733	870	OK
REQUEST	StarAPI,GetStarUIMemberDetail	GetStarUIMemberDetail	1624545298440	1624545298842	OK	 
GROUP	StarAPI,GetStarUIMemberDetail	1624545298440	1624545298843	402	OK
REQUEST	StarAPI,ChatTranscript	ChatTranscript	1624545298976	1624545299358	OK	 
GROUP	StarAPI,ChatTranscript	1624545298976	1624545299359	382	OK
REQUEST	StarAPI,GetEpisodeOfCare	GetEpisodeOfCare	1624545298799	1624545299713	OK	 
GROUP	StarAPI,GetEpisodeOfCare	1624545298798	1624545299713	914	OK
REQUEST	StarAPI,GetEpisodeOfCare	GetEpisodeOfCare	1624545298947	1624545299826	OK	 
REQUEST	StarAPI,GetEpisodeOfCare	GetEpisodeOfCare	1624545298904	1624545299826	OK	 
GROUP	StarAPI,GetEpisodeOfCare	1624545298947	1624545299827	879	OK
GROUP	StarAPI,GetEpisodeOfCare	1624545298904	1624545299827	922	OK
REQUEST	StarAPI,GetStarUIMemberList	GetStarUIMemberList	1624545298874	1624545299848	OK	 
GROUP	StarAPI,GetStarUIMemberList	1624545298874	1624545299848	974	OK
REQUEST	StarAPI,GetEpisodeOfCare	GetEpisodeOfCare	1624545299427	1624545300118	OK	 
GROUP	StarAPI,GetEpisodeOfCare	1624545299427	1624545300118	691	OK
REQUEST	StarAPI,GetStarUIMemberDetail	GetStarUIMemberDetail	1624545299438	1624545300139	OK	 
GROUP	StarAPI,GetStarUIMemberDetail	1624545299438	1624545300140	701	OK
REQUEST	StarAPI,ChatTranscript	ChatTranscript	1624545300065	1624545300256	OK	 
GROUP	StarAPI,ChatTranscript	1624545300065	1624545300256	191	OK
REQUEST	StarAPI,GetStarUIMemberDetail	GetStarUIMemberDetail	1624545299957	1624545300542	OK	 
GROUP	StarAPI,GetStarUIMemberDetail	1624545299956	1624545300543	585	OK
REQUEST	StarAPI,ChatTranscript	ChatTranscript	1624545300532	1624545300681	OK	 
GROUP	StarAPI,ChatTranscript	1624545300532	1624545300681	149	OK
GROUP	StarAPI	1624545290229	1624545301240	2300	OK
REQUEST	StarAPI,LOGIN	LOGIN	1624545301241	1624545301303	OK	 
GROUP	StarAPI,LOGIN	1624545301241	1624545301303	62	OK
REQUEST	StarAPI,GetStarUIMemberList	GetStarUIMemberList	1624545301115	1624545301899	OK	 
GROUP	StarAPI,GetStarUIMemberList	1624545301115	1624545301900	784	OK
REQUEST	StarAPI,GetStarUIMemberList	GetStarUIMemberList	1624545301134	1624545301929	OK	 
GROUP	StarAPI,GetStarUIMemberList	1624545301134	1624545301929	795	OK
REQUEST	StarAPI,ChatTranscript	ChatTranscript	1624545301837	1624545301956	OK	 
GROUP	StarAPI,ChatTranscript	1624545301837	1624545301956	119	OK
GROUP	StarAPI	1624545290192	1624545302035	2243	OK
REQUEST	StarAPI,LOGIN	LOGIN	1624545302035	1624545302097	OK	 
GROUP	StarAPI,LOGIN	1624545302035	1624545302098	62	OK
REQUEST	StarAPI,ChatTranscript	ChatTranscript	1624545302193	1624545302266	OK	 
GROUP	StarAPI,ChatTranscript	1624545302192	1624545302266	73	OK
REQUEST	StarAPI,GetStarUIMemberDetail	GetStarUIMemberDetail	1624545301739	1624545302274	OK	 
GROUP	StarAPI,GetStarUIMemberDetail	1624545301739	1624545302274	535	OK
GROUP	StarAPI	1624545291342	1624545302276	2087	OK
REQUEST	StarAPI,GetStarUIMemberList	GetStarUIMemberList	1624545301588	1624545302308	OK	 
GROUP	StarAPI,GetStarUIMemberList	1624545301587	1624545302311	720	OK
REQUEST	StarAPI,LOGIN	LOGIN	1624545302277	1624545302341	OK	 
GROUP	StarAPI,LOGIN	1624545302276	1624545302342	64	OK
REQUEST	StarAPI,GetStarUIMemberList	GetStarUIMemberList	1624545301836	1624545302652	OK	 
GROUP	StarAPI,GetStarUIMemberList	1624545301836	1624545302652	816	OK
REQUEST	StarAPI,ChatTranscript	ChatTranscript	1624545303301	1624545303414	OK	 
GROUP	StarAPI,ChatTranscript	1624545303301	1624545303415	113	OK
GROUP	StarAPI	1624545290407	1624545303452	4234	OK
REQUEST	StarAPI,GetStarUIMemberDetail	GetStarUIMemberDetail	1624545303105	1624545303466	OK	 
GROUP	StarAPI,GetStarUIMemberDetail	1624545303105	1624545303467	361	OK
GROUP	StarAPI	1624545290345	1624545303470	4655	OK
REQUEST	StarAPI,LOGIN	LOGIN	1624545303453	1624545303517	OK	 
GROUP	StarAPI,LOGIN	1624545303453	1624545303517	64	OK
REQUEST	StarAPI,LOGIN	LOGIN	1624545303470	1624545303528	OK	 
GROUP	StarAPI,LOGIN	1624545303470	1624545303528	58	OK
REQUEST	StarAPI,GetStarNote	GetStarNote	1624545303148	1624545303557	OK	 
GROUP	StarAPI,GetStarNote	1624545303148	1624545303557	409	OK
REQUEST	StarAPI,GetStarUIMemberDetail	GetStarUIMemberDetail	1624545303198	1624545303611	OK	 
GROUP	StarAPI,GetStarUIMemberDetail	1624545303198	1624545303611	413	OK
REQUEST	StarAPI,GetStarUIMemberDetail	GetStarUIMemberDetail	1624545303325	1624545303731	OK	 
GROUP	StarAPI,GetStarUIMemberDetail	1624545303325	1624545303731	406	OK
REQUEST	StarAPI,GetStarNote	GetStarNote	1624545303988	1624545304207	OK	 
GROUP	StarAPI,GetStarNote	1624545303988	1624545304208	219	OK
REQUEST	StarAPI,GetStarNote	GetStarNote	1624545304151	1624545304388	OK	 
GROUP	StarAPI,GetStarNote	1624545304151	1624545304388	237	OK
REQUEST	StarAPI,ChatTranscript	ChatTranscript	1624545304478	1624545304569	OK	 
GROUP	StarAPI,ChatTranscript	1624545304477	1624545304570	91	OK
REQUEST	StarAPI,GetStarUIMemberDetail	GetStarUIMemberDetail	1624545304590	1624545305167	OK	 
REQUEST	StarAPI,GetEpisodeOfCare	GetEpisodeOfCare	1624545304588	1624545305167	OK	 
GROUP	StarAPI,GetStarUIMemberDetail	1624545304590	1624545305168	577	OK
GROUP	StarAPI,GetEpisodeOfCare	1624545304588	1624545305168	579	OK
REQUEST	StarAPI,GetStarNote	GetStarNote	1624545304587	1624545305194	OK	 
GROUP	StarAPI,GetStarNote	1624545304586	1624545305195	607	OK
GROUP	StarAPI	1624545293673	1624545305238	2608	OK
REQUEST	StarAPI,GetStarNote	GetStarNote	1624545304880	1624545305239	OK	 
GROUP	StarAPI,GetStarNote	1624545304879	1624545305239	359	OK
REQUEST	StarAPI,ChatTranscript	ChatTranscript	1624545305395	1624545305469	OK	 
GROUP	StarAPI,ChatTranscript	1624545305394	1624545305469	74	OK
REQUEST	StarAPI,LOGIN	LOGIN	1624545305239	1624545305496	OK	 
GROUP	StarAPI,LOGIN	1624545305238	1624545305497	257	OK
REQUEST	StarAPI,ChatTranscript	ChatTranscript	1624545305433	1624545305512	OK	 
GROUP	StarAPI,ChatTranscript	1624545305432	1624545305512	79	OK
GROUP	StarAPI	1624545295244	1624545305720	2561	OK
REQUEST	StarAPI,GetEpisodeOfCare	GetEpisodeOfCare	1624545305322	1624545305731	OK	 
GROUP	StarAPI,GetEpisodeOfCare	1624545305321	1624545305731	409	OK
REQUEST	StarAPI,LOGIN	LOGIN	1624545305720	1624545305972	OK	 
GROUP	StarAPI,LOGIN	1624545305720	1624545305973	252	OK
REQUEST	StarAPI,GetEpisodeOfCare	GetEpisodeOfCare	1624545305761	1624545306133	OK	 
GROUP	StarAPI,GetEpisodeOfCare	1624545305760	1624545306134	372	OK
GROUP	StarAPI	1624545295112	1624545306651	2528	OK
REQUEST	StarAPI,ChatTranscript	ChatTranscript	1624545306652	1624545306723	OK	 
GROUP	StarAPI,ChatTranscript	1624545306651	1624545306723	71	OK
GROUP	StarAPI	1624545295305	1624545306752	2742	OK
REQUEST	StarAPI,LOGIN	LOGIN	1624545306652	1624545306893	OK	 
GROUP	StarAPI,LOGIN	1624545306652	1624545306894	241	OK
REQUEST	StarAPI,GetEpisodeOfCare	GetEpisodeOfCare	1624545306547	1624545306927	OK	 
GROUP	StarAPI,GetEpisodeOfCare	1624545306547	1624545306927	380	OK
REQUEST	StarAPI,LOGIN	LOGIN	1624545306753	1624545307006	OK	 
GROUP	StarAPI,LOGIN	1624545306753	1624545307007	253	OK
REQUEST	StarAPI,GetStarNote	GetStarNote	1624545306881	1624545307044	OK	 
GROUP	StarAPI,GetStarNote	1624545306881	1624545307044	163	OK
REQUEST	StarAPI,GetStarUIMemberList	GetStarUIMemberList	1624545306395	1624545307133	OK	 
GROUP	StarAPI,GetStarUIMemberList	1624545306395	1624545307134	738	OK
REQUEST	StarAPI,GetStarNote	GetStarNote	1624545307020	1624545307219	OK	 
GROUP	StarAPI,GetStarNote	1624545307020	1624545307220	199	OK
REQUEST	StarAPI,GetEpisodeOfCare	GetEpisodeOfCare	1624545307125	1624545307491	OK	 
GROUP	StarAPI,GetEpisodeOfCare	1624545307124	1624545307491	366	OK
REQUEST	StarAPI,GetStarUIMemberList	GetStarUIMemberList	1624545306786	1624545307508	OK	 
GROUP	StarAPI,GetStarUIMemberList	1624545306785	1624545307509	722	OK
REQUEST	StarAPI,GetStarUIMemberList	GetStarUIMemberList	1624545307317	1624545307976	OK	 
GROUP	StarAPI,GetStarUIMemberList	1624545307317	1624545307976	659	OK
GROUP	StarAPI	1624545295756	1624545308118	2793	OK
REQUEST	StarAPI,LOGIN	LOGIN	1624545308119	1624545308364	OK	 
GROUP	StarAPI,LOGIN	1624545308119	1624545308364	245	OK
REQUEST	StarAPI,GetStarNote	GetStarNote	1624545308523	1624545309155	OK	 
GROUP	StarAPI,GetStarNote	1624545308523	1624545309155	632	OK
REQUEST	StarAPI,GetStarNote	GetStarNote	1624545308883	1624545309249	OK	 
GROUP	StarAPI,GetStarNote	1624545308883	1624545309249	366	OK
REQUEST	StarAPI,GetStarUIMemberList	GetStarUIMemberList	1624545308498	1624545309632	OK	 
GROUP	StarAPI,GetStarUIMemberList	1624545308498	1624545309632	1134	OK
REQUEST	StarAPI,GetStarUIMemberDetail	GetStarUIMemberDetail	1624545308859	1624545309804	OK	 
GROUP	StarAPI,GetStarUIMemberDetail	1624545308859	1624545309805	945	OK
REQUEST	StarAPI,GetEpisodeOfCare	GetEpisodeOfCare	1624545308863	1624545309807	OK	 
GROUP	StarAPI,GetEpisodeOfCare	1624545308863	1624545309808	944	OK
REQUEST	StarAPI,GetStarUIMemberDetail	GetStarUIMemberDetail	1624545309027	1624545309999	OK	 
GROUP	StarAPI,GetStarUIMemberDetail	1624545309027	1624545309999	972	OK
REQUEST	StarAPI,GetStarUIMemberList	GetStarUIMemberList	1624545308606	1624545310000	OK	 
GROUP	StarAPI,GetStarUIMemberList	1624545308606	1624545310001	1394	OK
REQUEST	StarAPI,GetEpisodeOfCare	GetEpisodeOfCare	1624545308971	1624545310004	OK	 
GROUP	StarAPI,GetEpisodeOfCare	1624545308970	1624545310004	1033	OK
REQUEST	StarAPI,GetStarUIMemberDetail	GetStarUIMemberDetail	1624545309759	1624545310380	OK	 
GROUP	StarAPI,GetStarUIMemberDetail	1624545309758	1624545310380	621	OK
REQUEST	StarAPI,GetStarNote	GetStarNote	1624545310292	1624545310476	OK	 
GROUP	StarAPI,GetStarNote	1624545310292	1624545310476	184	OK
REQUEST	StarAPI,GetEpisodeOfCare	GetEpisodeOfCare	1624545310306	1624545310747	OK	 
GROUP	StarAPI,GetEpisodeOfCare	1624545310306	1624545310747	441	OK
REQUEST	StarAPI,ChatTranscript	ChatTranscript	1624545311047	1624545311119	OK	 
GROUP	StarAPI,ChatTranscript	1624545311046	1624545311119	72	OK
REQUEST	StarAPI,GetStarUIMemberDetail	GetStarUIMemberDetail	1624545310736	1624545311126	OK	 
GROUP	StarAPI,GetStarUIMemberDetail	1624545310736	1624545311126	390	OK
REQUEST	StarAPI,GetEpisodeOfCare	GetEpisodeOfCare	1624545310968	1624545311331	OK	 
GROUP	StarAPI,GetEpisodeOfCare	1624545310968	1624545311331	363	OK
REQUEST	StarAPI,ChatTranscript	ChatTranscript	1624545311536	1624545311680	OK	 
GROUP	StarAPI,ChatTranscript	1624545311536	1624545311680	144	OK
REQUEST	StarAPI,GetStarUIMemberDetail	GetStarUIMemberDetail	1624545311459	1624545312020	OK	 
GROUP	StarAPI,GetStarUIMemberDetail	1624545311459	1624545312020	561	OK
REQUEST	StarAPI,GetStarUIMemberList	GetStarUIMemberList	1624545311219	1624545312083	OK	 
GROUP	StarAPI,GetStarUIMemberList	1624545311219	1624545312083	864	OK
REQUEST	StarAPI,GetStarUIMemberList	GetStarUIMemberList	1624545311146	1624545312106	OK	 
GROUP	StarAPI,GetStarUIMemberList	1624545311146	1624545312106	960	OK
REQUEST	StarAPI,ChatTranscript	ChatTranscript	1624545312006	1624545312150	OK	 
GROUP	StarAPI,ChatTranscript	1624545312005	1624545312150	144	OK
REQUEST	StarAPI,GetEpisodeOfCare	GetEpisodeOfCare	1624545312027	1624545312424	OK	 
GROUP	StarAPI,GetEpisodeOfCare	1624545312027	1624545312424	397	OK
REQUEST	StarAPI,ChatTranscript	ChatTranscript	1624545312352	1624545312429	OK	 
GROUP	StarAPI,ChatTranscript	1624545312351	1624545312429	77	OK
REQUEST	StarAPI,GetStarUIMemberList	GetStarUIMemberList	1624545312071	1624545312810	OK	 
GROUP	StarAPI,GetStarUIMemberList	1624545312071	1624545312810	739	OK
GROUP	StarAPI	1624545301240	1624545313025	2805	OK
GROUP	StarAPI	1624545302035	1624545313125	2528	OK
REQUEST	StarAPI,LOGIN	LOGIN	1624545313025	1624545313282	OK	 
GROUP	StarAPI,LOGIN	1624545313025	1624545313282	257	OK
REQUEST	StarAPI,LOGIN	LOGIN	1624545313126	1624545313373	OK	 
GROUP	StarAPI,LOGIN	1624545313125	1624545313374	247	OK
REQUEST	StarAPI,GetStarUIMemberList	GetStarUIMemberList	1624545312949	1624545313634	OK	 
GROUP	StarAPI,GetStarUIMemberList	1624545312948	1624545313634	685	OK
GROUP	StarAPI	1624545302276	1624545313664	2097	OK
REQUEST	StarAPI,ChatTranscript	ChatTranscript	1624545313599	1624545313674	OK	 
GROUP	StarAPI,ChatTranscript	1624545313599	1624545313675	75	OK
REQUEST	StarAPI,LOGIN	LOGIN	1624545313664	1624545313928	OK	 
GROUP	StarAPI,LOGIN	1624545313664	1624545313929	264	OK
GROUP	StarAPI	1624545303452	1624545314047	2404	OK
REQUEST	StarAPI,GetStarUIMemberDetail	GetStarUIMemberDetail	1624545313852	1624545314247	OK	 
GROUP	StarAPI,GetStarUIMemberDetail	1624545313851	1624545314248	395	OK
REQUEST	StarAPI,LOGIN	LOGIN	1624545314048	1624545314346	OK	 
GROUP	StarAPI,LOGIN	1624545314047	1624545314347	298	OK
REQUEST	StarAPI,GetStarUIMemberDetail	GetStarUIMemberDetail	1624545314077	1624545314501	OK	 
GROUP	StarAPI,GetStarUIMemberDetail	1624545314077	1624545314502	424	OK
REQUEST	StarAPI,GetStarUIMemberDetail	GetStarUIMemberDetail	1624545314433	1624545314829	OK	 
GROUP	StarAPI,GetStarUIMemberDetail	1624545314432	1624545314829	396	OK
REQUEST	StarAPI,GetStarNote	GetStarNote	1624545314808	1624545314967	OK	 
GROUP	StarAPI,GetStarNote	1624545314808	1624545314967	159	OK
REQUEST	StarAPI,GetStarUIMemberList	GetStarUIMemberList	1624545314303	1624545315016	OK	 
GROUP	StarAPI,GetStarUIMemberList	1624545314303	1624545315016	713	OK
REQUEST	StarAPI,GetStarUIMemberDetail	GetStarUIMemberDetail	1624545314721	1624545315089	OK	 
GROUP	StarAPI,GetStarUIMemberDetail	1624545314721	1624545315089	368	OK
GROUP	StarAPI	1624545303470	1624545315117	3061	OK
REQUEST	StarAPI,LOGIN	LOGIN	1624545315118	1624545315496	OK	 
GROUP	StarAPI,LOGIN	1624545315117	1624545315497	378	OK
REQUEST	StarAPI,ChatTranscript	ChatTranscript	1624545315523	1624545315698	OK	 
GROUP	StarAPI,ChatTranscript	1624545315523	1624545315698	175	OK
REQUEST	StarAPI,GetStarNote	GetStarNote	1624545315719	1624545315859	OK	 
GROUP	StarAPI,GetStarNote	1624545315719	1624545315859	140	OK
REQUEST	StarAPI,ChatTranscript	ChatTranscript	1624545316208	1624545316309	OK	 
GROUP	StarAPI,ChatTranscript	1624545316208	1624545316310	101	OK
REQUEST	StarAPI,GetEpisodeOfCare	GetEpisodeOfCare	1624545316208	1624545316612	OK	 
GROUP	StarAPI,GetEpisodeOfCare	1624545316208	1624545316612	404	OK
REQUEST	StarAPI,ChatTranscript	ChatTranscript	1624545316222	1624545316690	OK	 
GROUP	StarAPI,ChatTranscript	1624545316222	1624545316690	468	OK
REQUEST	StarAPI,ChatTranscript	ChatTranscript	1624545316189	1624545316704	OK	 
GROUP	StarAPI,ChatTranscript	1624545316189	1624545316704	515	OK
REQUEST	StarAPI,GetStarNote	GetStarNote	1624545316548	1624545316732	OK	 
GROUP	StarAPI,GetStarNote	1624545316548	1624545316732	184	OK
REQUEST	StarAPI,GetStarUIMemberDetail	GetStarUIMemberDetail	1624545316509	1624545316881	OK	 
GROUP	StarAPI,GetStarUIMemberDetail	1624545316508	1624545316882	372	OK
GROUP	StarAPI	1624545305238	1624545317009	2983	OK
REQUEST	StarAPI,LOGIN	LOGIN	1624545317010	1624545317078	OK	 
GROUP	StarAPI,LOGIN	1624545317009	1624545317078	68	OK
REQUEST	StarAPI,GetEpisodeOfCare	GetEpisodeOfCare	1624545316944	1624545317327	OK	 
GROUP	StarAPI,GetEpisodeOfCare	1624545316943	1624545317327	383	OK
GROUP	StarAPI	1624545305720	1624545317856	3151	OK
GROUP	StarAPI	1624545306652	1624545317860	2390	OK
REQUEST	StarAPI,LOGIN	LOGIN	1624545317857	1624545317921	OK	 
GROUP	StarAPI,LOGIN	1624545317856	1624545317921	64	OK
REQUEST	StarAPI,LOGIN	LOGIN	1624545317860	1624545317927	OK	 
GROUP	StarAPI,LOGIN	1624545317860	1624545317927	67	OK
REQUEST	StarAPI,ChatTranscript	ChatTranscript	1624545318105	1624545318179	OK	 
GROUP	StarAPI,ChatTranscript	1624545318104	1624545318180	74	OK
GROUP	StarAPI	1624545306752	1624545318245	2710	OK
REQUEST	StarAPI,LOGIN	LOGIN	1624545318246	1624545318306	OK	 
GROUP	StarAPI,LOGIN	1624545318245	1624545318307	60	OK
REQUEST	StarAPI,GetEpisodeOfCare	GetEpisodeOfCare	1624545318127	1624545318500	OK	 
GROUP	StarAPI,GetEpisodeOfCare	1624545318127	1624545318501	373	OK
REQUEST	StarAPI,GetStarUIMemberList	GetStarUIMemberList	1624545318156	1624545318890	OK	 
GROUP	StarAPI,GetStarUIMemberList	1624545318156	1624545318891	734	OK
GROUP	StarAPI	1624545308118	1624545319876	1985	OK
REQUEST	StarAPI,LOGIN	LOGIN	1624545319877	1624545320175	OK	 
GROUP	StarAPI,LOGIN	1624545319877	1624545320176	298	OK
REQUEST	StarAPI,GetStarNote	GetStarNote	1624545319362	1624545320186	OK	 
GROUP	StarAPI,GetStarNote	1624545319362	1624545320187	824	OK
REQUEST	StarAPI,GetStarUIMemberList	GetStarUIMemberList	1624545319113	1624545320211	OK	 
GROUP	StarAPI,GetStarUIMemberList	1624545319112	1624545320212	1098	OK
REQUEST	StarAPI,GetStarNote	GetStarNote	1624545319614	1624545320345	OK	 
GROUP	StarAPI,GetStarNote	1624545319614	1624545320345	731	OK
REQUEST	StarAPI,GetStarNote	GetStarNote	1624545315328	1624545320480	OK	 
GROUP	StarAPI,GetStarNote	1624545315328	1624545320481	5152	OK
REQUEST	StarAPI,GetStarUIMemberDetail	GetStarUIMemberDetail	1624545320746	1624545321149	OK	 
GROUP	StarAPI,GetStarUIMemberDetail	1624545320745	1624545321149	403	OK
REQUEST	StarAPI,GetStarUIMemberList	GetStarUIMemberList	1624545320448	1624545321336	OK	 
GROUP	StarAPI,GetStarUIMemberList	1624545320447	1624545321337	888	OK
REQUEST	StarAPI,GetEpisodeOfCare	GetEpisodeOfCare	1624545321493	1624545321904	OK	 
GROUP	StarAPI,GetEpisodeOfCare	1624545321493	1624545321905	411	OK
REQUEST	StarAPI,GetStarUIMemberDetail	GetStarUIMemberDetail	1624545321477	1624545321974	OK	 
GROUP	StarAPI,GetStarUIMemberDetail	1624545321476	1624545321975	497	OK
REQUEST	StarAPI,GetEpisodeOfCare	GetEpisodeOfCare	1624545321540	1624545322058	OK	 
GROUP	StarAPI,GetEpisodeOfCare	1624545321539	1624545322058	518	OK
REQUEST	StarAPI,GetStarNote	GetStarNote	1624545315277	1624545322481	KO	status.find.in(200,201,202,203,204,205,206,207,208,209,304), found 404
GROUP	StarAPI,GetStarNote	1624545315277	1624545322482	7204	KO
REQUEST	StarAPI,GetStarNote	GetStarNote	1624545319022	1624545322481	KO	status.find.in(200,201,202,203,204,205,206,207,208,209,304), found 404
GROUP	StarAPI,GetStarNote	1624545319021	1624545322482	3459	KO
REQUEST	StarAPI,GetStarNote	GetStarNote	1624545318790	1624545322481	KO	status.find.in(200,201,202,203,204,205,206,207,208,209,304), found 404
GROUP	StarAPI,GetStarNote	1624545318790	1624545322482	3691	KO
REQUEST	StarAPI,GetStarNote	GetStarNote	1624545321978	1624545322591	OK	 
GROUP	StarAPI,GetStarNote	1624545321978	1624545322591	613	OK
REQUEST	StarAPI,GetEpisodeOfCare	GetEpisodeOfCare	1624545321891	1624545322969	OK	 
GROUP	StarAPI,GetEpisodeOfCare	1624545321891	1624545322970	1078	OK
REQUEST	StarAPI,ChatTranscript	ChatTranscript	1624545322675	1624545322983	OK	 
GROUP	StarAPI,ChatTranscript	1624545322675	1624545322984	308	OK
REQUEST	StarAPI,GetStarUIMemberDetail	GetStarUIMemberDetail	1624545322629	1624545323239	OK	 
GROUP	StarAPI,GetStarUIMemberDetail	1624545322629	1624545323240	610	OK
REQUEST	StarAPI,ChatTranscript	ChatTranscript	1624545323401	1624545323689	OK	 
GROUP	StarAPI,ChatTranscript	1624545323400	1624545323689	288	OK
REQUEST	StarAPI,GetEpisodeOfCare	GetEpisodeOfCare	1624545323588	1624545323970	OK	 
GROUP	StarAPI,GetEpisodeOfCare	1624545323588	1624545323970	382	OK
REQUEST	StarAPI,GetStarUIMemberList	GetStarUIMemberList	1624545323171	1624545324109	OK	 
GROUP	StarAPI,GetStarUIMemberList	1624545323171	1624545324110	938	OK
REQUEST	StarAPI,GetEpisodeOfCare	GetEpisodeOfCare	1624545324139	1624545324515	OK	 
GROUP	StarAPI,GetEpisodeOfCare	1624545324139	1624545324516	376	OK
REQUEST	StarAPI,GetStarUIMemberList	GetStarUIMemberList	1624545323688	1624545324572	OK	 
GROUP	StarAPI,GetStarUIMemberList	1624545323688	1624545324572	884	OK
REQUEST	StarAPI,ChatTranscript	ChatTranscript	1624545324531	1624545324607	OK	 
GROUP	StarAPI,ChatTranscript	1624545324531	1624545324607	76	OK
REQUEST	StarAPI,GetEpisodeOfCare	GetEpisodeOfCare	1624545324329	1624545324695	OK	 
GROUP	StarAPI,GetEpisodeOfCare	1624545324328	1624545324695	366	OK
GROUP	StarAPI	1624545313025	1624545324716	2265	OK
REQUEST	StarAPI,LOGIN	LOGIN	1624545324717	1624545324777	OK	 
GROUP	StarAPI,LOGIN	1624545324717	1624545324778	60	OK
REQUEST	StarAPI,GetEpisodeOfCare	GetEpisodeOfCare	1624545324365	1624545324929	OK	 
GROUP	StarAPI,GetEpisodeOfCare	1624545324364	1624545324929	564	OK
REQUEST	StarAPI,GetStarUIMemberList	GetStarUIMemberList	1624545324810	1624545325481	OK	 
GROUP	StarAPI,GetStarUIMemberList	1624545324809	1624545325481	671	OK
GROUP	StarAPI	1624545314047	1624545325529	2704	OK
REQUEST	StarAPI,LOGIN	LOGIN	1624545325530	1624545325599	OK	 
GROUP	StarAPI,LOGIN	1624545325530	1624545325600	69	OK
REQUEST	StarAPI,GetStarUIMemberList	GetStarUIMemberList	1624545325196	1624545326063	OK	 
GROUP	StarAPI,GetStarUIMemberList	1624545325196	1624545326063	867	OK
REQUEST	StarAPI,GetStarUIMemberDetail	GetStarUIMemberDetail	1624545325852	1624545326239	OK	 
GROUP	StarAPI,GetStarUIMemberDetail	1624545325851	1624545326239	387	OK
GROUP	StarAPI	1624545315117	1624545326490	2509	OK
REQUEST	StarAPI,LOGIN	LOGIN	1624545326491	1624545326552	OK	 
GROUP	StarAPI,LOGIN	1624545326491	1624545326552	61	OK
REQUEST	StarAPI,GetStarNote	GetStarNote	1624545326414	1624545326692	OK	 
GROUP	StarAPI,GetStarNote	1624545326413	1624545326692	278	OK
REQUEST	StarAPI,GetStarNote	GetStarNote	1624545326654	1624545327146	OK	 
GROUP	StarAPI,GetStarNote	1624545326654	1624545327147	492	OK
REQUEST	StarAPI,GetStarUIMemberDetail	GetStarUIMemberDetail	1624545326360	1624545327188	OK	 
GROUP	StarAPI,GetStarUIMemberDetail	1624545326360	1624545327189	828	OK
REQUEST	StarAPI,GetStarUIMemberList	GetStarUIMemberList	1624545326435	1624545327409	OK	 
GROUP	StarAPI,GetStarUIMemberList	1624545326435	1624545327409	974	OK
REQUEST	StarAPI,GetStarUIMemberList	GetStarUIMemberList	1624545326255	1624545327839	OK	 
GROUP	StarAPI,GetStarUIMemberList	1624545326254	1624545327840	1584	OK
REQUEST	StarAPI,ChatTranscript	ChatTranscript	1624545327496	1624545327848	OK	 
GROUP	StarAPI,ChatTranscript	1624545327496	1624545327848	352	OK
REQUEST	StarAPI,GetStarUIMemberList	GetStarUIMemberList	1624545326439	1624545327884	OK	 
GROUP	StarAPI,GetStarUIMemberList	1624545326439	1624545327884	1445	OK
REQUEST	StarAPI,GetStarNote	GetStarNote	1624545327731	1624545327900	OK	 
GROUP	StarAPI,GetStarNote	1624545327731	1624545327901	169	OK
REQUEST	StarAPI,GetStarUIMemberDetail	GetStarUIMemberDetail	1624545327262	1624545327997	OK	 
GROUP	StarAPI,GetStarUIMemberDetail	1624545327262	1624545327997	735	OK
REQUEST	StarAPI,GetStarUIMemberDetail	GetStarUIMemberDetail	1624545327925	1624545328317	OK	 
GROUP	StarAPI,GetStarUIMemberDetail	1624545327925	1624545328317	392	OK
REQUEST	StarAPI,ChatTranscript	ChatTranscript	1624545328569	1624545328650	OK	 
GROUP	StarAPI,ChatTranscript	1624545328569	1624545328650	81	OK
REQUEST	StarAPI,GetEpisodeOfCare	GetEpisodeOfCare	1624545328373	1624545328768	OK	 
GROUP	StarAPI,GetEpisodeOfCare	1624545328373	1624545328769	395	OK
REQUEST	StarAPI,GetEpisodeOfCare	GetEpisodeOfCare	1624545328507	1624545328887	OK	 
GROUP	StarAPI,GetEpisodeOfCare	1624545328507	1624545328887	380	OK
REQUEST	StarAPI,GetStarUIMemberDetail	GetStarUIMemberDetail	1624545328611	1624545329049	OK	 
GROUP	StarAPI,GetStarUIMemberDetail	1624545328611	1624545329049	438	OK
REQUEST	StarAPI,GetEpisodeOfCare	GetEpisodeOfCare	1624545329000	1624545329369	OK	 
GROUP	StarAPI,GetEpisodeOfCare	1624545329000	1624545329369	369	OK
GROUP	StarAPI	1624545313664	1624545329526	7504	OK
REQUEST	StarAPI,LOGIN	LOGIN	1624545329526	1624545329597	OK	 
GROUP	StarAPI,LOGIN	1624545329526	1624545329598	71	OK
REQUEST	StarAPI,GetStarUIMemberDetail	GetStarUIMemberDetail	1624545329608	1624545330002	OK	 
GROUP	StarAPI,GetStarUIMemberDetail	1624545329608	1624545330002	394	OK
REQUEST	StarAPI,ChatTranscript	ChatTranscript	1624545329966	1624545330046	OK	 
GROUP	StarAPI,ChatTranscript	1624545329966	1624545330046	80	OK
GROUP	StarAPI	1624545318245	1624545330109	3195	OK
REQUEST	StarAPI,GetStarUIMemberDetail	GetStarUIMemberDetail	1624545329738	1624545330110	OK	 
GROUP	StarAPI,GetStarUIMemberDetail	1624545329737	1624545330111	372	OK
REQUEST	StarAPI,LOGIN	LOGIN	1624545330110	1624545330177	OK	 
GROUP	StarAPI,LOGIN	1624545330110	1624545330177	67	OK
REQUEST	StarAPI,ChatTranscript	ChatTranscript	1624545330140	1624545330239	OK	 
GROUP	StarAPI,ChatTranscript	1624545330140	1624545330240	99	OK
REQUEST	StarAPI,ChatTranscript	ChatTranscript	1624545330179	1624545330268	OK	 
GROUP	StarAPI,ChatTranscript	1624545330179	1624545330269	89	OK
REQUEST	StarAPI,GetStarUIMemberList	GetStarUIMemberList	1624545330207	1624545331030	OK	 
GROUP	StarAPI,GetStarUIMemberList	1624545330206	1624545331030	823	OK
REQUEST	StarAPI,GetStarUIMemberList	GetStarUIMemberList	1624545330321	1624545331121	OK	 
GROUP	StarAPI,GetStarUIMemberList	1624545330321	1624545331124	800	OK
REQUEST	StarAPI,GetStarNote	GetStarNote	1624545331035	1624545331190	OK	 
GROUP	StarAPI,GetStarNote	1624545331035	1624545331190	155	OK
REQUEST	StarAPI,GetStarUIMemberList	GetStarUIMemberList	1624545330616	1624545331357	OK	 
GROUP	StarAPI,GetStarUIMemberList	1624545330616	1624545331357	741	OK
GROUP	StarAPI	1624545313125	1624545331584	9191	KO
GROUP	StarAPI	1624545317856	1624545331630	3359	OK
REQUEST	StarAPI,LOGIN	LOGIN	1624545331584	1624545331648	OK	 
GROUP	StarAPI,LOGIN	1624545331584	1624545331648	64	OK
REQUEST	StarAPI,LOGIN	LOGIN	1624545331630	1624545331690	OK	 
GROUP	StarAPI,LOGIN	1624545331630	1624545331691	60	OK
REQUEST	StarAPI,ChatTranscript	ChatTranscript	1624545331764	1624545331844	OK	 
GROUP	StarAPI,ChatTranscript	1624545331764	1624545331845	80	OK
REQUEST	StarAPI,ChatTranscript	ChatTranscript	1624545332016	1624545332225	OK	 
GROUP	StarAPI,ChatTranscript	1624545332016	1624545332225	209	OK
REQUEST	StarAPI,GetStarNote	GetStarNote	1624545331843	1624545332229	OK	 
GROUP	StarAPI,GetStarNote	1624545331843	1624545332229	386	OK
GROUP	StarAPI	1624545319877	1624545332252	2976	OK
REQUEST	StarAPI,LOGIN	LOGIN	1624545332252	1624545332578	OK	 
GROUP	StarAPI,LOGIN	1624545332252	1624545332579	326	OK
GROUP	StarAPI	1624545317860	1624545333000	5950	KO
REQUEST	StarAPI,LOGIN	LOGIN	1624545333001	1624545333063	OK	 
GROUP	StarAPI,LOGIN	1624545333000	1624545333063	62	OK
REQUEST	StarAPI,GetStarUIMemberDetail	GetStarUIMemberDetail	1624545332533	1624545333099	OK	 
GROUP	StarAPI,GetStarUIMemberDetail	1624545332533	1624545333099	566	OK
REQUEST	StarAPI,GetEpisodeOfCare	GetEpisodeOfCare	1624545332714	1624545333225	OK	 
GROUP	StarAPI,GetEpisodeOfCare	1624545332713	1624545333225	511	OK
REQUEST	StarAPI,GetStarUIMemberDetail	GetStarUIMemberDetail	1624545332750	1624545333240	OK	 
GROUP	StarAPI,GetStarUIMemberDetail	1624545332750	1624545333240	490	OK
REQUEST	StarAPI,GetStarNote	GetStarNote	1624545332897	1624545333281	OK	 
GROUP	StarAPI,GetStarNote	1624545332897	1624545333281	384	OK
GROUP	StarAPI	1624545317009	1624545333323	6161	KO
REQUEST	StarAPI,LOGIN	LOGIN	1624545333324	1624545333386	OK	 
GROUP	StarAPI,LOGIN	1624545333323	1624545333386	62	OK
REQUEST	StarAPI,GetStarNote	GetStarNote	1624545333342	1624545333479	OK	 
GROUP	StarAPI,GetStarNote	1624545333342	1624545333479	137	OK
REQUEST	StarAPI,GetStarUIMemberDetail	GetStarUIMemberDetail	1624545333089	1624545333510	OK	 
GROUP	StarAPI,GetStarUIMemberDetail	1624545333088	1624545333510	421	OK
REQUEST	StarAPI,GetEpisodeOfCare	GetEpisodeOfCare	1624545333568	1624545333941	OK	 
GROUP	StarAPI,GetEpisodeOfCare	1624545333568	1624545333941	373	OK
REQUEST	StarAPI,GetStarNote	GetStarNote	1624545334067	1624545334212	OK	 
GROUP	StarAPI,GetStarNote	1624545334067	1624545334212	145	OK
REQUEST	StarAPI,GetStarNote	GetStarNote	1624545334261	1624545334404	OK	 
GROUP	StarAPI,GetStarNote	1624545334261	1624545334404	143	OK
REQUEST	StarAPI,ChatTranscript	ChatTranscript	1624545334545	1624545334620	OK	 
GROUP	StarAPI,ChatTranscript	1624545334544	1624545334620	75	OK
REQUEST	StarAPI,GetStarNote	GetStarNote	1624545334531	1624545334674	OK	 
GROUP	StarAPI,GetStarNote	1624545334531	1624545334675	143	OK
REQUEST	StarAPI,ChatTranscript	ChatTranscript	1624545334621	1624545334702	OK	 
GROUP	StarAPI,ChatTranscript	1624545334620	1624545334703	81	OK
REQUEST	StarAPI,GetEpisodeOfCare	GetEpisodeOfCare	1624545334351	1624545334743	OK	 
GROUP	StarAPI,GetEpisodeOfCare	1624545334351	1624545334744	392	OK
REQUEST	StarAPI,ChatTranscript	ChatTranscript	1624545334775	1624545334848	OK	 
GROUP	StarAPI,ChatTranscript	1624545334774	1624545334849	73	OK
REQUEST	StarAPI,GetEpisodeOfCare	GetEpisodeOfCare	1624545334708	1624545335083	OK	 
GROUP	StarAPI,GetEpisodeOfCare	1624545334708	1624545335084	375	OK
GROUP	StarAPI	1624545325529	1624545335811	2252	OK
REQUEST	StarAPI,GetStarUIMemberList	GetStarUIMemberList	1624545335162	1624545335834	OK	 
GROUP	StarAPI,GetStarUIMemberList	1624545335162	1624545335835	672	OK
REQUEST	StarAPI,LOGIN	LOGIN	1624545335812	1624545336053	OK	 
GROUP	StarAPI,LOGIN	1624545335812	1624545336054	241	OK
REQUEST	StarAPI,GetEpisodeOfCare	GetEpisodeOfCare	1624545335700	1624545336217	OK	 
GROUP	StarAPI,GetEpisodeOfCare	1624545335700	1624545336218	517	OK
GROUP	StarAPI	1624545326490	1624545336489	1911	OK
GROUP	StarAPI	1624545324716	1624545336707	2180	OK
REQUEST	StarAPI,LOGIN	LOGIN	1624545336490	1624545336748	OK	 
GROUP	StarAPI,LOGIN	1624545336490	1624545336749	258	OK
REQUEST	StarAPI,GetEpisodeOfCare	GetEpisodeOfCare	1624545335920	1624545336803	OK	 
GROUP	StarAPI,GetEpisodeOfCare	1624545335920	1624545336804	883	OK
REQUEST	StarAPI,GetEpisodeOfCare	GetEpisodeOfCare	1624545335993	1624545336906	OK	 
GROUP	StarAPI,GetEpisodeOfCare	1624545335992	1624545336906	913	OK
REQUEST	StarAPI,LOGIN	LOGIN	1624545336707	1624545336967	OK	 
GROUP	StarAPI,LOGIN	1624545336707	1624545336968	260	OK
REQUEST	StarAPI,GetStarUIMemberList	GetStarUIMemberList	1624545335874	1624545337358	OK	 
GROUP	StarAPI,GetStarUIMemberList	1624545335874	1624545337358	1484	OK
REQUEST	StarAPI,GetStarUIMemberList	GetStarUIMemberList	1624545336207	1624545337505	OK	 
GROUP	StarAPI,GetStarUIMemberList	1624545336207	1624545337506	1298	OK
REQUEST	StarAPI,GetStarUIMemberList	GetStarUIMemberList	1624545336512	1624545337535	OK	 
GROUP	StarAPI,GetStarUIMemberList	1624545336512	1624545337535	1023	OK
REQUEST	StarAPI,GetStarUIMemberDetail	GetStarUIMemberDetail	1624545337619	1624545338009	OK	 
GROUP	StarAPI,GetStarUIMemberDetail	1624545337618	1624545338009	390	OK
REQUEST	StarAPI,GetStarNote	GetStarNote	1624545337849	1624545338259	OK	 
GROUP	StarAPI,GetStarNote	1624545337849	1624545338259	410	OK
REQUEST	StarAPI,GetStarNote	GetStarNote	1624545338227	1624545338415	OK	 
GROUP	StarAPI,GetStarNote	1624545338226	1624545338415	188	OK
REQUEST	StarAPI,GetStarNote	GetStarNote	1624545338299	1624545338437	OK	 
GROUP	StarAPI,GetStarNote	1624545338299	1624545338437	138	OK
REQUEST	StarAPI,GetStarUIMemberList	GetStarUIMemberList	1624545337778	1624545338543	OK	 
GROUP	StarAPI,GetStarUIMemberList	1624545337777	1624545338543	765	OK
REQUEST	StarAPI,GetStarUIMemberList	GetStarUIMemberList	1624545337955	1624545338675	OK	 
GROUP	StarAPI,GetStarUIMemberList	1624545337955	1624545338676	720	OK
REQUEST	StarAPI,GetStarUIMemberDetail	GetStarUIMemberDetail	1624545338840	1624545339267	OK	 
GROUP	StarAPI,GetStarUIMemberDetail	1624545338840	1624545339268	427	OK
REQUEST	StarAPI,GetStarUIMemberDetail	GetStarUIMemberDetail	1624545338779	1624545339301	OK	 
GROUP	StarAPI,GetStarUIMemberDetail	1624545338779	1624545339302	522	OK
REQUEST	StarAPI,GetStarUIMemberList	GetStarUIMemberList	1624545338602	1624545339510	OK	 
GROUP	StarAPI,GetStarUIMemberList	1624545338601	1624545339510	908	OK
REQUEST	StarAPI,GetStarUIMemberDetail	GetStarUIMemberDetail	1624545339201	1624545339590	OK	 
GROUP	StarAPI,GetStarUIMemberDetail	1624545339201	1624545339590	389	OK
REQUEST	StarAPI,ChatTranscript	ChatTranscript	1624545339734	1624545339811	OK	 
GROUP	StarAPI,ChatTranscript	1624545339734	1624545339811	77	OK
REQUEST	StarAPI,GetEpisodeOfCare	GetEpisodeOfCare	1624545339549	1624545340007	OK	 
GROUP	StarAPI,GetEpisodeOfCare	1624545339549	1624545340007	458	OK
REQUEST	StarAPI,GetEpisodeOfCare	GetEpisodeOfCare	1624545339627	1624545340022	OK	 
GROUP	StarAPI,GetEpisodeOfCare	1624545339627	1624545340022	395	OK
REQUEST	StarAPI,GetEpisodeOfCare	GetEpisodeOfCare	1624545339772	1624545340345	OK	 
GROUP	StarAPI,GetEpisodeOfCare	1624545339772	1624545340346	573	OK
REQUEST	StarAPI,GetStarUIMemberDetail	GetStarUIMemberDetail	1624545340007	1624545340602	OK	 
GROUP	StarAPI,GetStarUIMemberDetail	1624545340006	1624545340602	595	OK
REQUEST	StarAPI,GetStarUIMemberDetail	GetStarUIMemberDetail	1624545340256	1624545340713	OK	 
GROUP	StarAPI,GetStarUIMemberDetail	1624545340256	1624545340713	457	OK
GROUP	StarAPI	1624545329526	1624545341184	1876	OK
REQUEST	StarAPI,LOGIN	LOGIN	1624545341185	1624545341452	OK	 
GROUP	StarAPI,LOGIN	1624545341184	1624545341453	267	OK
REQUEST	StarAPI,GetStarUIMemberDetail	GetStarUIMemberDetail	1624545341199	1624545341584	OK	 
GROUP	StarAPI,GetStarUIMemberDetail	1624545341198	1624545341584	385	OK
REQUEST	StarAPI,GetStarUIMemberList	GetStarUIMemberList	1624545341257	1624545341998	OK	 
GROUP	StarAPI,GetStarUIMemberList	1624545341256	1624545341998	741	OK
REQUEST	StarAPI,ChatTranscript	ChatTranscript	1624545341167	1624545342507	OK	 
GROUP	StarAPI,ChatTranscript	1624545341166	1624545342507	1340	OK
REQUEST	StarAPI,ChatTranscript	ChatTranscript	1624545341136	1624545342511	OK	 
GROUP	StarAPI,ChatTranscript	1624545341136	1624545342511	1375	OK
REQUEST	StarAPI,ChatTranscript	ChatTranscript	1624545340723	1624545342677	OK	 
GROUP	StarAPI,ChatTranscript	1624545340723	1624545342678	1954	OK
REQUEST	StarAPI,GetStarUIMemberList	GetStarUIMemberList	1624545341971	1624545342739	OK	 
GROUP	StarAPI,GetStarUIMemberList	1624545341971	1624545342740	768	OK
REQUEST	StarAPI,GetStarUIMemberList	GetStarUIMemberList	1624545341988	1624545342802	OK	 
GROUP	StarAPI,GetStarUIMemberList	1624545341988	1624545342802	814	OK
REQUEST	StarAPI,GetStarNote	GetStarNote	1624545342667	1624545342816	OK	 
GROUP	StarAPI,GetStarNote	1624545342666	1624545342816	149	OK
REQUEST	StarAPI,ChatTranscript	ChatTranscript	1624545342737	1624545342847	OK	 
GROUP	StarAPI,ChatTranscript	1624545342737	1624545342847	110	OK
REQUEST	StarAPI,GetStarUIMemberDetail	GetStarUIMemberDetail	1624545343469	1624545343882	OK	 
GROUP	StarAPI,GetStarUIMemberDetail	1624545343469	1624545343883	413	OK
REQUEST	StarAPI,ChatTranscript	ChatTranscript	1624545342227	1624545343882	OK	 
GROUP	StarAPI,ChatTranscript	1624545342227	1624545343883	1655	OK
REQUEST	StarAPI,ChatTranscript	ChatTranscript	1624545342334	1624545343914	OK	 
GROUP	StarAPI,ChatTranscript	1624545342334	1624545343914	1580	OK
GROUP	StarAPI	1624545331630	1624545344106	3721	OK
GROUP	StarAPI	1624545330110	1624545344172	4691	OK
GROUP	StarAPI	1624545331584	1624545344195	3638	OK
REQUEST	StarAPI,LOGIN	LOGIN	1624545344106	1624545344380	OK	 
GROUP	StarAPI,LOGIN	1624545344106	1624545344381	274	OK
REQUEST	StarAPI,GetEpisodeOfCare	GetEpisodeOfCare	1624545344027	1624545344395	OK	 
GROUP	StarAPI,GetEpisodeOfCare	1624545344026	1624545344395	368	OK
GROUP	StarAPI	1624545333323	1624545344430	2521	OK
REQUEST	StarAPI,LOGIN	LOGIN	1624545344173	1624545344454	OK	 
GROUP	StarAPI,LOGIN	1624545344173	1624545344455	281	OK
REQUEST	StarAPI,LOGIN	LOGIN	1624545344195	1624545344491	OK	 
GROUP	StarAPI,LOGIN	1624545344195	1624545344491	296	OK
REQUEST	StarAPI,LOGIN	LOGIN	1624545344430	1624545344689	OK	 
GROUP	StarAPI,LOGIN	1624545344430	1624545344689	259	OK
REQUEST	StarAPI,GetStarUIMemberDetail	GetStarUIMemberDetail	1624545344311	1624545344704	OK	 
GROUP	StarAPI,GetStarUIMemberDetail	1624545344310	1624545344704	393	OK
REQUEST	StarAPI,GetStarUIMemberDetail	GetStarUIMemberDetail	1624545344371	1624545344744	OK	 
GROUP	StarAPI,GetStarUIMemberDetail	1624545344371	1624545344744	373	OK
GROUP	StarAPI	1624545333000	1624545345041	3662	OK
REQUEST	StarAPI,LOGIN	LOGIN	1624545345041	1624545345314	OK	 
GROUP	StarAPI,LOGIN	1624545345041	1624545345314	273	OK
GROUP	StarAPI	1624545332252	1624545345582	4186	OK
REQUEST	StarAPI,ChatTranscript	ChatTranscript	1624545345532	1624545345626	OK	 
GROUP	StarAPI,ChatTranscript	1624545345532	1624545345626	94	OK
REQUEST	StarAPI,LOGIN	LOGIN	1624545345582	1624545345650	OK	 
GROUP	StarAPI,LOGIN	1624545345582	1624545345651	68	OK
REQUEST	StarAPI,ChatTranscript	ChatTranscript	1624545345779	1624545345856	OK	 
GROUP	StarAPI,ChatTranscript	1624545345778	1624545345856	77	OK
REQUEST	StarAPI,GetStarNote	GetStarNote	1624545345901	1624545346042	OK	 
GROUP	StarAPI,GetStarNote	1624545345901	1624545346043	141	OK
REQUEST	StarAPI,GetStarNote	GetStarNote	1624545345918	1624545346071	OK	 
GROUP	StarAPI,GetStarNote	1624545345918	1624545346072	153	OK
REQUEST	StarAPI,ChatTranscript	ChatTranscript	1624545346024	1624545346109	OK	 
GROUP	StarAPI,ChatTranscript	1624545346024	1624545346109	85	OK
REQUEST	StarAPI,GetStarUIMemberList	GetStarUIMemberList	1624545345553	1624545346242	OK	 
GROUP	StarAPI,GetStarUIMemberList	1624545345553	1624545346243	689	OK
REQUEST	StarAPI,GetStarNote	GetStarNote	1624545346260	1624545346407	OK	 
GROUP	StarAPI,GetStarNote	1624545346259	1624545346408	147	OK
REQUEST	StarAPI,GetStarNote	GetStarNote	1624545346549	1624545346690	OK	 
GROUP	StarAPI,GetStarNote	1624545346548	1624545346690	141	OK
REQUEST	StarAPI,GetStarNote	GetStarNote	1624545346530	1624545346743	OK	 
GROUP	StarAPI,GetStarNote	1624545346530	1624545346743	213	OK
GROUP	StarAPI	1624545335812	1624545347184	2516	OK
REQUEST	StarAPI,GetStarNote	GetStarNote	1624545347001	1624545347190	OK	 
GROUP	StarAPI,GetStarNote	1624545347000	1624545347190	189	OK
REQUEST	StarAPI,LOGIN	LOGIN	1624545347185	1624545347277	OK	 
GROUP	StarAPI,LOGIN	1624545347185	1624545347277	92	OK
GROUP	StarAPI	1624545336490	1624545347280	2059	OK
REQUEST	StarAPI,LOGIN	LOGIN	1624545347281	1624545347369	OK	 
GROUP	StarAPI,LOGIN	1624545347280	1624545347369	88	OK
GROUP	StarAPI	1624545336707	1624545347553	2104	OK
REQUEST	StarAPI,LOGIN	LOGIN	1624545347554	1624545347614	OK	 
GROUP	StarAPI,LOGIN	1624545347554	1624545347615	60	OK
REQUEST	StarAPI,GetStarUIMemberDetail	GetStarUIMemberDetail	1624545347418	1624545347834	OK	 
GROUP	StarAPI,GetStarUIMemberDetail	1624545347418	1624545347834	416	OK
REQUEST	StarAPI,GetEpisodeOfCare	GetEpisodeOfCare	1624545347622	1624545348084	OK	 
GROUP	StarAPI,GetEpisodeOfCare	1624545347622	1624545348085	462	OK
REQUEST	StarAPI,GetEpisodeOfCare	GetEpisodeOfCare	1624545347744	1624545348352	OK	 
GROUP	StarAPI,GetEpisodeOfCare	1624545347744	1624545348353	608	OK
REQUEST	StarAPI,GetEpisodeOfCare	GetEpisodeOfCare	1624545347840	1624545348370	OK	 
GROUP	StarAPI,GetEpisodeOfCare	1624545347839	1624545348370	530	OK
REQUEST	StarAPI,GetEpisodeOfCare	GetEpisodeOfCare	1624545347807	1624545348422	OK	 
GROUP	StarAPI,GetEpisodeOfCare	1624545347807	1624545348423	615	OK
REQUEST	StarAPI,GetStarNote	GetStarNote	1624545348337	1624545348475	OK	 
GROUP	StarAPI,GetStarNote	1624545348336	1624545348475	138	OK
REQUEST	StarAPI,GetStarNote	GetStarNote	1624545348515	1624545348797	OK	 
GROUP	StarAPI,GetStarNote	1624545348515	1624545348797	282	OK
REQUEST	StarAPI,GetEpisodeOfCare	GetEpisodeOfCare	1624545348535	1624545349166	OK	 
GROUP	StarAPI,GetEpisodeOfCare	1624545348534	1624545349167	631	OK
REQUEST	StarAPI,ChatTranscript	ChatTranscript	1624545349150	1624545349307	OK	 
GROUP	StarAPI,ChatTranscript	1624545349150	1624545349308	157	OK
REQUEST	StarAPI,GetEpisodeOfCare	GetEpisodeOfCare	1624545349166	1624545349555	OK	 
GROUP	StarAPI,GetEpisodeOfCare	1624545349166	1624545349555	389	OK
REQUEST	StarAPI,GetStarNote	GetStarNote	1624545349577	1624545349714	OK	 
GROUP	StarAPI,GetStarNote	1624545349576	1624545349715	137	OK
REQUEST	StarAPI,GetStarUIMemberList	GetStarUIMemberList	1624545349441	1624545350257	OK	 
GROUP	StarAPI,GetStarUIMemberList	1624545349441	1624545350257	816	OK
REQUEST	StarAPI,GetEpisodeOfCare	GetEpisodeOfCare	1624545349768	1624545350394	OK	 
GROUP	StarAPI,GetEpisodeOfCare	1624545349768	1624545350394	626	OK
REQUEST	StarAPI,GetStarUIMemberList	GetStarUIMemberList	1624545349715	1624545350894	OK	 
GROUP	StarAPI,GetStarUIMemberList	1624545349714	1624545350895	1179	OK
REQUEST	StarAPI,GetEpisodeOfCare	GetEpisodeOfCare	1624545350159	1624545350930	OK	 
GROUP	StarAPI,GetEpisodeOfCare	1624545350158	1624545350930	771	OK
REQUEST	StarAPI,GetStarUIMemberList	GetStarUIMemberList	1624545349883	1624545351223	OK	 
GROUP	StarAPI,GetStarUIMemberList	1624545349883	1624545351223	1340	OK
GROUP	StarAPI	1624545341184	1624545351304	2046	OK
REQUEST	StarAPI,LOGIN	LOGIN	1624545351305	1624545351370	OK	 
GROUP	StarAPI,LOGIN	1624545351305	1624545351370	65	OK
REQUEST	StarAPI,GetStarUIMemberList	GetStarUIMemberList	1624545350355	1624545351479	OK	 
GROUP	StarAPI,GetStarUIMemberList	1624545350355	1624545351480	1124	OK
REQUEST	StarAPI,GetStarUIMemberList	GetStarUIMemberList	1624545350529	1624545351527	OK	 
GROUP	StarAPI,GetStarUIMemberList	1624545350528	1624545351527	998	OK
REQUEST	StarAPI,GetEpisodeOfCare	GetEpisodeOfCare	1624545350966	1624545351968	OK	 
GROUP	StarAPI,GetEpisodeOfCare	1624545350965	1624545351968	1002	OK
REQUEST	StarAPI,GetStarUIMemberList	GetStarUIMemberList	1624545351204	1624545352226	OK	 
GROUP	StarAPI,GetStarUIMemberList	1624545351204	1624545352226	1022	OK
REQUEST	StarAPI,GetStarUIMemberDetail	GetStarUIMemberDetail	1624545352131	1624545352689	OK	 
GROUP	StarAPI,GetStarUIMemberDetail	1624545352130	1624545352689	558	OK
REQUEST	StarAPI,GetStarUIMemberList	GetStarUIMemberList	1624545352034	1624545353138	OK	 
GROUP	StarAPI,GetStarUIMemberList	1624545352034	1624545353139	1104	OK
REQUEST	StarAPI,GetStarUIMemberDetail	GetStarUIMemberDetail	1624545352566	1624545353186	OK	 
GROUP	StarAPI,GetStarUIMemberDetail	1624545352566	1624545353187	620	OK
REQUEST	StarAPI,GetStarUIMemberList	GetStarUIMemberList	1624545352283	1624545353418	OK	 
GROUP	StarAPI,GetStarUIMemberList	1624545352282	1624545353419	1135	OK
REQUEST	StarAPI,GetStarUIMemberDetail	GetStarUIMemberDetail	1624545352734	1624545353434	OK	 
GROUP	StarAPI,GetStarUIMemberDetail	1624545352734	1624545353434	700	OK
REQUEST	StarAPI,GetStarNote	GetStarNote	1624545352982	1624545353468	OK	 
GROUP	StarAPI,GetStarNote	1624545352982	1624545353468	486	OK
REQUEST	StarAPI,GetStarUIMemberDetail	GetStarUIMemberDetail	1624545352857	1624545353472	OK	 
GROUP	StarAPI,GetStarUIMemberDetail	1624545352856	1624545353472	615	OK
REQUEST	StarAPI,GetStarUIMemberDetail	GetStarUIMemberDetail	1624545353217	1624545353779	OK	 
GROUP	StarAPI,GetStarUIMemberDetail	1624545353217	1624545353780	562	OK
REQUEST	StarAPI,GetStarUIMemberDetail	GetStarUIMemberDetail	1624545353996	1624545354363	OK	 
GROUP	StarAPI,GetStarUIMemberDetail	1624545353995	1624545354363	367	OK
REQUEST	StarAPI,GetStarUIMemberList	GetStarUIMemberList	1624545353826	1624545354495	OK	 
GROUP	StarAPI,GetStarUIMemberList	1624545353826	1624545354495	669	OK
REQUEST	StarAPI,ChatTranscript	ChatTranscript	1624545354477	1624545354570	OK	 
GROUP	StarAPI,ChatTranscript	1624545354476	1624545354570	93	OK
REQUEST	StarAPI,GetStarUIMemberDetail	GetStarUIMemberDetail	1624545354348	1624545354720	OK	 
GROUP	StarAPI,GetStarUIMemberDetail	1624545354347	1624545354721	372	OK
REQUEST	StarAPI,ChatTranscript	ChatTranscript	1624545354811	1624545354885	OK	 
GROUP	StarAPI,ChatTranscript	1624545354811	1624545354886	74	OK
REQUEST	StarAPI,GetStarUIMemberDetail	GetStarUIMemberDetail	1624545354531	1624545354909	OK	 
GROUP	StarAPI,GetStarUIMemberDetail	1624545354531	1624545354910	378	OK
REQUEST	StarAPI,ChatTranscript	ChatTranscript	1624545355062	1624545355139	OK	 
GROUP	StarAPI,ChatTranscript	1624545355061	1624545355140	77	OK
REQUEST	StarAPI,ChatTranscript	ChatTranscript	1624545355065	1624545355150	OK	 
GROUP	StarAPI,ChatTranscript	1624545355064	1624545355150	85	OK
REQUEST	StarAPI,GetEpisodeOfCare	GetEpisodeOfCare	1624545354865	1624545355232	OK	 
GROUP	StarAPI,GetEpisodeOfCare	1624545354865	1624545355232	367	OK
REQUEST	StarAPI,ChatTranscript	ChatTranscript	1624545355324	1624545355400	OK	 
GROUP	StarAPI,ChatTranscript	1624545355323	1624545355400	76	OK
REQUEST	StarAPI,ChatTranscript	ChatTranscript	1624545355513	1624545355584	OK	 
GROUP	StarAPI,ChatTranscript	1624545355512	1624545355584	71	OK
GROUP	StarAPI	1624545344106	1624545355855	2356	OK
REQUEST	StarAPI,LOGIN	LOGIN	1624545355855	1624545355917	OK	 
GROUP	StarAPI,LOGIN	1624545355855	1624545355917	62	OK
GROUP	StarAPI	1624545344173	1624545356350	2828	OK
REQUEST	StarAPI,LOGIN	LOGIN	1624545356350	1624545356412	OK	 
GROUP	StarAPI,LOGIN	1624545356350	1624545356412	62	OK
GROUP	StarAPI	1624545344430	1624545356495	2995	OK
REQUEST	StarAPI,LOGIN	LOGIN	1624545356495	1624545356559	OK	 
GROUP	StarAPI,LOGIN	1624545356495	1624545356560	64	OK
GROUP	StarAPI	1624545345041	1624545356680	2889	OK
REQUEST	StarAPI,LOGIN	LOGIN	1624545356681	1624545356741	OK	 
GROUP	StarAPI,LOGIN	1624545356680	1624545356742	60	OK
GROUP	StarAPI	1624545344195	1624545356814	2873	OK
REQUEST	StarAPI,GetStarUIMemberDetail	GetStarUIMemberDetail	1624545356162	1624545356877	OK	 
GROUP	StarAPI,GetStarUIMemberDetail	1624545356162	1624545356877	715	OK
REQUEST	StarAPI,LOGIN	LOGIN	1624545356815	1624545356877	OK	 
GROUP	StarAPI,LOGIN	1624545356814	1624545356878	62	OK
REQUEST	StarAPI,ChatTranscript	ChatTranscript	1624545356318	1624545356896	OK	 
GROUP	StarAPI,ChatTranscript	1624545356318	1624545356897	578	OK
REQUEST	StarAPI,ChatTranscript	ChatTranscript	1624545356633	1624545356920	OK	 
GROUP	StarAPI,ChatTranscript	1624545356633	1624545356921	287	OK
GROUP	StarAPI	1624545345582	1624545357254	2106	OK
REQUEST	StarAPI,LOGIN	LOGIN	1624545357255	1624545357319	OK	 
GROUP	StarAPI,LOGIN	1624545357255	1624545357320	64	OK
REQUEST	StarAPI,GetStarNote	GetStarNote	1624545357279	1624545357461	OK	 
GROUP	StarAPI,GetStarNote	1624545357279	1624545357461	182	OK
REQUEST	StarAPI,GetStarUIMemberList	GetStarUIMemberList	1624545356366	1624545357514	OK	 
GROUP	StarAPI,GetStarUIMemberList	1624545356365	1624545357515	1148	OK
REQUEST	StarAPI,GetStarNote	GetStarNote	1624545357728	1624545357883	OK	 
GROUP	StarAPI,GetStarNote	1624545357728	1624545357884	155	OK
GROUP	StarAPI	1624545347280	1624545357933	2904	OK
REQUEST	StarAPI,LOGIN	LOGIN	1624545357934	1624545357999	OK	 
GROUP	StarAPI,LOGIN	1624545357934	1624545358000	65	OK
REQUEST	StarAPI,GetStarNote	GetStarNote	1624545357902	1624545358072	OK	 
GROUP	StarAPI,GetStarNote	1624545357902	1624545358072	170	OK
REQUEST	StarAPI,GetStarNote	GetStarNote	1624545357987	1624545358127	OK	 
GROUP	StarAPI,GetStarNote	1624545357987	1624545358128	140	OK
GROUP	StarAPI	1624545347184	1624545358486	2947	OK
REQUEST	StarAPI,LOGIN	LOGIN	1624545358486	1624545358556	OK	 
GROUP	StarAPI,LOGIN	1624545358486	1624545358556	70	OK
REQUEST	StarAPI,ChatTranscript	ChatTranscript	1624545358494	1624545358584	OK	 
GROUP	StarAPI,ChatTranscript	1624545358493	1624545358585	90	OK
REQUEST	StarAPI,GetStarNote	GetStarNote	1624545358481	1624545358660	OK	 
GROUP	StarAPI,GetStarNote	1624545358480	1624545358660	179	OK
REQUEST	StarAPI,GetStarNote	GetStarNote	1624545358706	1624545358845	OK	 
GROUP	StarAPI,GetStarNote	1624545358706	1624545358845	139	OK
REQUEST	StarAPI,GetStarUIMemberDetail	GetStarUIMemberDetail	1624545358740	1624545359118	OK	 
GROUP	StarAPI,GetStarUIMemberDetail	1624545358739	1624545359119	378	OK
REQUEST	StarAPI,GetStarNote	GetStarNote	1624545359264	1624545359543	OK	 
GROUP	StarAPI,GetStarNote	1624545359264	1624545359543	279	OK
REQUEST	StarAPI,GetEpisodeOfCare	GetEpisodeOfCare	1624545359449	1624545359830	OK	 
GROUP	StarAPI,GetEpisodeOfCare	1624545359449	1624545359831	381	OK
REQUEST	StarAPI,GetStarNote	GetStarNote	1624545359649	1624545359901	OK	 
GROUP	StarAPI,GetStarNote	1624545359648	1624545359901	252	OK
REQUEST	StarAPI,GetEpisodeOfCare	GetEpisodeOfCare	1624545359710	1624545360079	OK	 
GROUP	StarAPI,GetEpisodeOfCare	1624545359710	1624545360079	369	OK
REQUEST	StarAPI,ChatTranscript	ChatTranscript	1624545360233	1624545360330	OK	 
GROUP	StarAPI,ChatTranscript	1624545360233	1624545360330	97	OK
GROUP	StarAPI	1624545347553	1624545360375	2673	OK
REQUEST	StarAPI,LOGIN	LOGIN	1624545360376	1624545360438	OK	 
GROUP	StarAPI,LOGIN	1624545360376	1624545360439	62	OK
REQUEST	StarAPI,GetEpisodeOfCare	GetEpisodeOfCare	1624545360069	1624545360639	OK	 
GROUP	StarAPI,GetEpisodeOfCare	1624545360069	1624545360640	570	OK
REQUEST	StarAPI,GetEpisodeOfCare	GetEpisodeOfCare	1624545359967	1624545360861	OK	 
GROUP	StarAPI,GetEpisodeOfCare	1624545359967	1624545360861	894	OK
REQUEST	StarAPI,GetEpisodeOfCare	GetEpisodeOfCare	1624545360089	1624545360897	OK	 
GROUP	StarAPI,GetEpisodeOfCare	1624545360088	1624545360897	808	OK
REQUEST	StarAPI,GetEpisodeOfCare	GetEpisodeOfCare	1624545360534	1624545361065	OK	 
GROUP	StarAPI,GetEpisodeOfCare	1624545360533	1624545361065	531	OK
GROUP	StarAPI	1624545351305	1624545361374	2541	OK
REQUEST	StarAPI,GetEpisodeOfCare	GetEpisodeOfCare	1624545361064	1624545361528	OK	 
GROUP	StarAPI,GetEpisodeOfCare	1624545361064	1624545361528	464	OK
REQUEST	StarAPI,LOGIN	LOGIN	1624545361375	1624545361658	OK	 
GROUP	StarAPI,LOGIN	1624545361374	1624545361659	283	OK
REQUEST	StarAPI,GetEpisodeOfCare	GetEpisodeOfCare	1624545361656	1624545362267	OK	 
GROUP	StarAPI,GetEpisodeOfCare	1624545361656	1624545362268	611	OK
REQUEST	StarAPI,GetStarUIMemberList	GetStarUIMemberList	1624545361428	1624545362513	OK	 
GROUP	StarAPI,GetStarUIMemberList	1624545361428	1624545362513	1085	OK
REQUEST	StarAPI,GetStarUIMemberList	GetStarUIMemberList	1624545361419	1624545362518	OK	 
GROUP	StarAPI,GetStarUIMemberList	1624545361418	1624545362518	1099	OK
REQUEST	StarAPI,GetStarNote	GetStarNote	1624545362256	1624545362549	OK	 
GROUP	StarAPI,GetStarNote	1624545362255	1624545362550	293	OK
REQUEST	StarAPI,GetStarUIMemberList	GetStarUIMemberList	1624545361757	1624545362721	OK	 
GROUP	StarAPI,GetStarUIMemberList	1624545361757	1624545362721	964	OK
REQUEST	StarAPI,GetStarUIMemberList	GetStarUIMemberList	1624545362090	1624545362940	OK	 
GROUP	StarAPI,GetStarUIMemberList	1624545362089	1624545362940	850	OK
REQUEST	StarAPI,GetStarNote	GetStarNote	1624545362772	1624545362986	OK	 
GROUP	StarAPI,GetStarNote	1624545362772	1624545362986	214	OK
REQUEST	StarAPI,GetStarUIMemberList	GetStarUIMemberList	1624545362737	1624545363490	OK	 
GROUP	StarAPI,GetStarUIMemberList	1624545362736	1624545363490	753	OK
REQUEST	StarAPI,GetStarUIMemberList	GetStarUIMemberList	1624545362871	1624545363596	OK	 
GROUP	StarAPI,GetStarUIMemberList	1624545362871	1624545363596	725	OK
REQUEST	StarAPI,GetStarUIMemberList	GetStarUIMemberList	1624545363230	1624545363933	OK	 
GROUP	StarAPI,GetStarUIMemberList	1624545363230	1624545363934	703	OK
REQUEST	StarAPI,GetStarUIMemberDetail	GetStarUIMemberDetail	1624545363746	1624545364128	OK	 
GROUP	StarAPI,GetStarUIMemberDetail	1624545363745	1624545364128	382	OK
REQUEST	StarAPI,GetStarUIMemberList	GetStarUIMemberList	1624545363559	1624545364246	OK	 
GROUP	StarAPI,GetStarUIMemberList	1624545363559	1624545364246	687	OK
REQUEST	StarAPI,GetStarUIMemberDetail	GetStarUIMemberDetail	1624545364186	1624545364548	OK	 
GROUP	StarAPI,GetStarUIMemberDetail	1624545364186	1624545364548	362	OK
REQUEST	StarAPI,GetEpisodeOfCare	GetEpisodeOfCare	1624545364417	1624545364944	OK	 
GROUP	StarAPI,GetEpisodeOfCare	1624545364416	1624545364944	527	OK
REQUEST	StarAPI,GetEpisodeOfCare	GetEpisodeOfCare	1624545364477	1624545365153	OK	 
GROUP	StarAPI,GetEpisodeOfCare	1624545364477	1624545365153	676	OK
REQUEST	StarAPI,GetStarUIMemberDetail	GetStarUIMemberDetail	1624545364531	1624545365203	OK	 
GROUP	StarAPI,GetStarUIMemberDetail	1624545364531	1624545365203	672	OK
REQUEST	StarAPI,GetStarUIMemberDetail	GetStarUIMemberDetail	1624545364596	1624545365306	OK	 
GROUP	StarAPI,GetStarUIMemberDetail	1624545364596	1624545365306	710	OK
REQUEST	StarAPI,GetStarUIMemberDetail	GetStarUIMemberDetail	1624545364657	1624545365341	OK	 
GROUP	StarAPI,GetStarUIMemberDetail	1624545364656	1624545365342	684	OK
REQUEST	StarAPI,GetStarUIMemberDetail	GetStarUIMemberDetail	1624545365317	1624545365704	OK	 
GROUP	StarAPI,GetStarUIMemberDetail	1624545365317	1624545365705	387	OK
REQUEST	StarAPI,ChatTranscript	ChatTranscript	1624545365628	1624545365717	OK	 
GROUP	StarAPI,ChatTranscript	1624545365628	1624545365717	89	OK
REQUEST	StarAPI,ChatTranscript	ChatTranscript	1624545365645	1624545365731	OK	 
GROUP	StarAPI,ChatTranscript	1624545365644	1624545365731	86	OK
REQUEST	StarAPI,GetStarUIMemberDetail	GetStarUIMemberDetail	1624545365437	1624545365829	OK	 
GROUP	StarAPI,GetStarUIMemberDetail	1624545365437	1624545365829	392	OK
REQUEST	StarAPI,GetStarUIMemberDetail	GetStarUIMemberDetail	1624545365748	1624545366180	OK	 
GROUP	StarAPI,GetStarUIMemberDetail	1624545365748	1624545366180	432	OK
REQUEST	StarAPI,ChatTranscript	ChatTranscript	1624545366422	1624545366503	OK	 
GROUP	StarAPI,ChatTranscript	1624545366421	1624545366504	81	OK
GROUP	StarAPI	1624545356495	1624545366771	2135	OK
REQUEST	StarAPI,ChatTranscript	ChatTranscript	1624545366736	1624545366836	OK	 
GROUP	StarAPI,ChatTranscript	1624545366735	1624545366836	100	OK
GROUP	StarAPI	1624545355855	1624545366881	2181	OK
REQUEST	StarAPI,ChatTranscript	ChatTranscript	1624545366811	1624545366893	OK	 
GROUP	StarAPI,ChatTranscript	1624545366810	1624545366893	82	OK
REQUEST	StarAPI,GetStarUIMemberList	GetStarUIMemberList	1624545366205	1624545366909	OK	 
GROUP	StarAPI,GetStarUIMemberList	1624545366205	1624545366910	704	OK
REQUEST	StarAPI,ChatTranscript	ChatTranscript	1624545366943	1624545367022	OK	 
GROUP	StarAPI,ChatTranscript	1624545366942	1624545367022	79	OK
REQUEST	StarAPI,LOGIN	LOGIN	1624545366771	1624545367022	OK	 
GROUP	StarAPI,LOGIN	1624545366771	1624545367022	251	OK
REQUEST	StarAPI,LOGIN	LOGIN	1624545366881	1624545367137	OK	 
GROUP	StarAPI,LOGIN	1624545366881	1624545367138	256	OK
REQUEST	StarAPI,ChatTranscript	ChatTranscript	1624545367666	1624545367740	OK	 
GROUP	StarAPI,ChatTranscript	1624545367665	1624545367741	74	OK
REQUEST	StarAPI,GetStarUIMemberList	GetStarUIMemberList	1624545367056	1624545367809	OK	 
GROUP	StarAPI,GetStarUIMemberList	1624545367056	1624545367810	753	OK
GROUP	StarAPI	1624545356814	1624545367874	2316	OK
REQUEST	StarAPI,ChatTranscript	ChatTranscript	1624545367906	1624545367979	OK	 
GROUP	StarAPI,ChatTranscript	1624545367906	1624545367979	73	OK
REQUEST	StarAPI,LOGIN	LOGIN	1624545367874	1624545368139	OK	 
GROUP	StarAPI,LOGIN	1624545367874	1624545368140	265	OK
GROUP	StarAPI	1624545356680	1624545368214	2527	OK
GROUP	StarAPI	1624545356350	1624545368353	2204	OK
REQUEST	StarAPI,LOGIN	LOGIN	1624545368214	1624545368462	OK	 
GROUP	StarAPI,LOGIN	1624545368214	1624545368462	248	OK
REQUEST	StarAPI,LOGIN	LOGIN	1624545368353	1624545368614	OK	 
GROUP	StarAPI,LOGIN	1624545368353	1624545368615	261	OK
GROUP	StarAPI	1624545357254	1624545368648	2719	OK
REQUEST	StarAPI,LOGIN	LOGIN	1624545368649	1624545368900	OK	 
GROUP	StarAPI,LOGIN	1624545368648	1624545368900	251	OK
REQUEST	StarAPI,GetStarUIMemberDetail	GetStarUIMemberDetail	1624545368707	1624545369110	OK	 
GROUP	StarAPI,GetStarUIMemberDetail	1624545368707	1624545369111	403	OK
REQUEST	StarAPI,GetStarUIMemberDetail	GetStarUIMemberDetail	1624545368820	1624545369202	OK	 
GROUP	StarAPI,GetStarUIMemberDetail	1624545368820	1624545369202	382	OK
GROUP	StarAPI	1624545358486	1624545369251	2086	OK
REQUEST	StarAPI,LOGIN	LOGIN	1624545369251	1624545369491	OK	 
GROUP	StarAPI,LOGIN	1624545369251	1624545369491	240	OK
GROUP	StarAPI	1624545357933	1624545369748	2016	OK
REQUEST	StarAPI,GetStarNote	GetStarNote	1624545369644	1624545369782	OK	 
GROUP	StarAPI,GetStarNote	1624545369644	1624545369783	138	OK
REQUEST	StarAPI,GetStarNote	GetStarNote	1624545369631	1624545369793	OK	 
GROUP	StarAPI,GetStarNote	1624545369630	1624545369793	162	OK
REQUEST	StarAPI,LOGIN	LOGIN	1624545369748	1624545369998	OK	 
GROUP	StarAPI,LOGIN	1624545369748	1624545369998	250	OK
REQUEST	StarAPI,ChatTranscript	ChatTranscript	1624545370547	1624545370620	OK	 
GROUP	StarAPI,ChatTranscript	1624545370546	1624545370620	73	OK
REQUEST	StarAPI,ChatTranscript	ChatTranscript	1624545370734	1624545370828	OK	 
GROUP	StarAPI,ChatTranscript	1624545370734	1624545370828	94	OK
REQUEST	StarAPI,GetStarNote	GetStarNote	1624545371040	1624545371190	OK	 
GROUP	StarAPI,GetStarNote	1624545371040	1624545371190	150	OK
REQUEST	StarAPI,GetEpisodeOfCare	GetEpisodeOfCare	1624545371308	1624545371695	OK	 
GROUP	StarAPI,GetEpisodeOfCare	1624545371307	1624545371695	387	OK
GROUP	StarAPI	1624545360376	1624545371847	2260	OK
REQUEST	StarAPI,GetEpisodeOfCare	GetEpisodeOfCare	1624545371630	1624545372000	OK	 
GROUP	StarAPI,GetEpisodeOfCare	1624545371629	1624545372000	370	OK
GROUP	StarAPI	1624545361374	1624545372105	2204	OK
REQUEST	StarAPI,LOGIN	LOGIN	1624545371847	1624545372139	OK	 
GROUP	StarAPI,LOGIN	1624545371847	1624545372140	292	OK
REQUEST	StarAPI,LOGIN	LOGIN	1624545372105	1624545372168	OK	 
GROUP	StarAPI,LOGIN	1624545372105	1624545372169	63	OK
REQUEST	StarAPI,GetEpisodeOfCare	GetEpisodeOfCare	1624545372794	1624545373194	OK	 
GROUP	StarAPI,GetEpisodeOfCare	1624545372793	1624545373194	400	OK
REQUEST	StarAPI,GetStarNote	GetStarNote	1624545371199	1624545373818	OK	 
GROUP	StarAPI,GetStarNote	1624545371199	1624545373818	2619	OK
REQUEST	StarAPI,GetStarNote	GetStarNote	1624545370223	1624545373821	OK	 
GROUP	StarAPI,GetStarNote	1624545370222	1624545373821	3598	OK
REQUEST	StarAPI,GetStarNote	GetStarNote	1624545368681	1624545373824	OK	 
GROUP	StarAPI,GetStarNote	1624545368680	1624545373825	5143	OK
REQUEST	StarAPI,GetStarNote	GetStarNote	1624545369691	1624545373837	OK	 
GROUP	StarAPI,GetStarNote	1624545369691	1624545373837	4146	OK
REQUEST	StarAPI,GetStarNote	GetStarNote	1624545368624	1624545373854	OK	 
GROUP	StarAPI,GetStarNote	1624545368623	1624545373854	5230	OK
REQUEST	StarAPI,GetStarNote	GetStarNote	1624545373455	1624545373855	OK	 
GROUP	StarAPI,GetStarNote	1624545373455	1624545373855	400	OK
REQUEST	StarAPI,GetStarUIMemberList	GetStarUIMemberList	1624545373181	1624545373928	OK	 
GROUP	StarAPI,GetStarUIMemberList	1624545373181	1624545373928	747	OK
REQUEST	StarAPI,GetStarNote	GetStarNote	1624545374000	1624545374183	OK	 
GROUP	StarAPI,GetStarNote	1624545374000	1624545374183	183	OK
REQUEST	StarAPI,GetStarUIMemberList	GetStarUIMemberList	1624545373877	1624545374572	OK	 
GROUP	StarAPI,GetStarUIMemberList	1624545373876	1624545374572	695	OK
REQUEST	StarAPI,GetEpisodeOfCare	GetEpisodeOfCare	1624545374849	1624545375347	OK	 
GROUP	StarAPI,GetEpisodeOfCare	1624545374849	1624545375348	498	OK
REQUEST	StarAPI,GetStarUIMemberDetail	GetStarUIMemberDetail	1624545375118	1624545375913	OK	 
GROUP	StarAPI,GetStarUIMemberDetail	1624545375117	1624545375913	795	OK
REQUEST	StarAPI,GetEpisodeOfCare	GetEpisodeOfCare	1624545375086	1624545376052	OK	 
GROUP	StarAPI,GetEpisodeOfCare	1624545375085	1624545376052	966	OK
REQUEST	StarAPI,GetStarUIMemberList	GetStarUIMemberList	1624545375006	1624545376100	OK	 
GROUP	StarAPI,GetStarUIMemberList	1624545375006	1624545376100	1094	OK
REQUEST	StarAPI,GetEpisodeOfCare	GetEpisodeOfCare	1624545375278	1624545376324	OK	 
GROUP	StarAPI,GetEpisodeOfCare	1624545375277	1624545376324	1046	OK
REQUEST	StarAPI,GetEpisodeOfCare	GetEpisodeOfCare	1624545375486	1624545376500	OK	 
GROUP	StarAPI,GetEpisodeOfCare	1624545375485	1624545376500	1014	OK
REQUEST	StarAPI,GetEpisodeOfCare	GetEpisodeOfCare	1624545375547	1624545376541	OK	 
GROUP	StarAPI,GetEpisodeOfCare	1624545375547	1624545376542	994	OK
REQUEST	StarAPI,GetEpisodeOfCare	GetEpisodeOfCare	1624545375781	1624545377111	OK	 
GROUP	StarAPI,GetEpisodeOfCare	1624545375781	1624545377112	1330	OK
REQUEST	StarAPI,GetStarUIMemberDetail	GetStarUIMemberDetail	1624545375701	1624545377197	OK	 
GROUP	StarAPI,GetStarUIMemberDetail	1624545375701	1624545377198	1496	OK
REQUEST	StarAPI,GetEpisodeOfCare	GetEpisodeOfCare	1624545376163	1624545377234	OK	 
GROUP	StarAPI,GetEpisodeOfCare	1624545376163	1624545377235	1071	OK
REQUEST	StarAPI,ChatTranscript	ChatTranscript	1624545377469	1624545377556	OK	 
GROUP	StarAPI,ChatTranscript	1624545377469	1624545377556	87	OK
REQUEST	StarAPI,GetStarUIMemberList	GetStarUIMemberList	1624545377100	1624545377877	OK	 
GROUP	StarAPI,GetStarUIMemberList	1624545377100	1624545377877	777	OK
REQUEST	StarAPI,GetStarUIMemberDetail	GetStarUIMemberDetail	1624545377603	1624545378162	OK	 
GROUP	StarAPI,GetStarUIMemberDetail	1624545377603	1624545378162	559	OK
REQUEST	StarAPI,GetStarUIMemberList	GetStarUIMemberList	1624545377615	1624545378567	OK	 
GROUP	StarAPI,GetStarUIMemberList	1624545377615	1624545378567	952	OK
REQUEST	StarAPI,GetStarUIMemberList	GetStarUIMemberList	1624545377748	1624545378738	OK	 
GROUP	StarAPI,GetStarUIMemberList	1624545377748	1624545378738	990	OK
REQUEST	StarAPI,ChatTranscript	ChatTranscript	1624545378815	1624545378905	OK	 
GROUP	StarAPI,ChatTranscript	1624545378814	1624545378905	90	OK
REQUEST	StarAPI,GetStarUIMemberList	GetStarUIMemberList	1624545377850	1624545378955	OK	 
GROUP	StarAPI,GetStarUIMemberList	1624545377849	1624545378956	1105	OK
REQUEST	StarAPI,GetStarUIMemberList	GetStarUIMemberList	1624545378008	1624545379093	OK	 
GROUP	StarAPI,GetStarUIMemberList	1624545378008	1624545379093	1085	OK
REQUEST	StarAPI,GetStarUIMemberList	GetStarUIMemberList	1624545378261	1624545379216	OK	 
GROUP	StarAPI,GetStarUIMemberList	1624545378261	1624545379216	955	OK
GROUP	StarAPI	1624545368353	1624545379224	2415	OK
REQUEST	StarAPI,LOGIN	LOGIN	1624545379225	1624545379288	OK	 
GROUP	StarAPI,LOGIN	1624545379225	1624545379288	63	OK
REQUEST	StarAPI,ChatTranscript	ChatTranscript	1624545379369	1624545379635	OK	 
GROUP	StarAPI,ChatTranscript	1624545379369	1624545379635	266	OK
REQUEST	StarAPI,GetStarUIMemberList	GetStarUIMemberList	1624545378970	1624545379654	OK	 
GROUP	StarAPI,GetStarUIMemberList	1624545378970	1624545379654	684	OK
REQUEST	StarAPI,GetStarUIMemberDetail	GetStarUIMemberDetail	1624545379496	1624545380077	OK	 
GROUP	StarAPI,GetStarUIMemberDetail	1624545379496	1624545380077	581	OK
GROUP	StarAPI	1624545368214	1624545380270	3061	OK
REQUEST	StarAPI,LOGIN	LOGIN	1624545380270	1624545380338	OK	 
GROUP	StarAPI,LOGIN	1624545380270	1624545380338	68	OK
GROUP	StarAPI	1624545369251	1624545380646	2709	OK
REQUEST	StarAPI,LOGIN	LOGIN	1624545380647	1624545380710	OK	 
GROUP	StarAPI,LOGIN	1624545380646	1624545380710	63	OK
REQUEST	StarAPI,GetStarUIMemberDetail	GetStarUIMemberDetail	1624545380206	1624545380775	OK	 
GROUP	StarAPI,GetStarUIMemberDetail	1624545380206	1624545380809	569	OK
REQUEST	StarAPI,GetStarUIMemberDetail	GetStarUIMemberDetail	1624545380425	1624545381060	OK	 
GROUP	StarAPI,GetStarUIMemberDetail	1624545380424	1624545381060	635	OK
REQUEST	StarAPI,ChatTranscript	ChatTranscript	1624545381236	1624545381324	OK	 
GROUP	StarAPI,ChatTranscript	1624545381235	1624545381324	88	OK
REQUEST	StarAPI,GetStarUIMemberDetail	GetStarUIMemberDetail	1624545380723	1624545381427	OK	 
GROUP	StarAPI,GetStarUIMemberDetail	1624545380723	1624545381427	704	OK
REQUEST	StarAPI,GetStarNote	GetStarNote	1624545380922	1624545381439	OK	 
GROUP	StarAPI,GetStarNote	1624545380921	1624545381439	517	OK
REQUEST	StarAPI,GetStarUIMemberDetail	GetStarUIMemberDetail	1624545380682	1624545381479	OK	 
GROUP	StarAPI,GetStarUIMemberDetail	1624545380682	1624545381479	797	OK
REQUEST	StarAPI,GetStarUIMemberDetail	GetStarUIMemberDetail	1624545380871	1624545381602	OK	 
GROUP	StarAPI,GetStarUIMemberDetail	1624545380871	1624545381602	731	OK
REQUEST	StarAPI,GetStarNote	GetStarNote	1624545381719	1624545382055	OK	 
GROUP	StarAPI,GetStarNote	1624545381719	1624545382055	336	OK
REQUEST	StarAPI,GetStarUIMemberDetail	GetStarUIMemberDetail	1624545381556	1624545382120	OK	 
GROUP	StarAPI,GetStarUIMemberDetail	1624545381556	1624545382120	564	OK
REQUEST	StarAPI,ChatTranscript	ChatTranscript	1624545382447	1624545382534	OK	 
GROUP	StarAPI,ChatTranscript	1624545382446	1624545382534	87	OK
REQUEST	StarAPI,GetStarNote	GetStarNote	1624545382367	1624545382551	OK	 
GROUP	StarAPI,GetStarNote	1624545382366	1624545382551	184	OK
GROUP	StarAPI	1624545368648	1624545383072	5793	OK
REQUEST	StarAPI,GetEpisodeOfCare	GetEpisodeOfCare	1624545382526	1624545383103	OK	 
GROUP	StarAPI,GetEpisodeOfCare	1624545382525	1624545383103	577	OK
REQUEST	StarAPI,LOGIN	LOGIN	1624545383072	1624545383144	OK	 
GROUP	StarAPI,LOGIN	1624545383072	1624545383144	72	OK
REQUEST	StarAPI,ChatTranscript	ChatTranscript	1624545383267	1624545383590	OK	 
GROUP	StarAPI,ChatTranscript	1624545383267	1624545383591	323	OK
REQUEST	StarAPI,ChatTranscript	ChatTranscript	1624545382768	1624545383597	OK	 
GROUP	StarAPI,ChatTranscript	1624545382767	1624545383597	829	OK
REQUEST	StarAPI,ChatTranscript	ChatTranscript	1624545382863	1624545383607	OK	 
GROUP	StarAPI,ChatTranscript	1624545382862	1624545383607	744	OK
REQUEST	StarAPI,ChatTranscript	ChatTranscript	1624545383468	1624545383630	OK	 
GROUP	StarAPI,ChatTranscript	1624545383468	1624545383631	162	OK
REQUEST	StarAPI,ChatTranscript	ChatTranscript	1624545383684	1624545383760	OK	 
GROUP	StarAPI,ChatTranscript	1624545383684	1624545383761	76	OK
GROUP	StarAPI	1624545369748	1624545383962	5596	OK
REQUEST	StarAPI,LOGIN	LOGIN	1624545383963	1624545384026	OK	 
GROUP	StarAPI,LOGIN	1624545383963	1624545384026	63	OK
REQUEST	StarAPI,GetEpisodeOfCare	GetEpisodeOfCare	1624545383806	1624545384177	OK	 
GROUP	StarAPI,GetEpisodeOfCare	1624545383805	1624545384177	371	OK
REQUEST	StarAPI,GetEpisodeOfCare	GetEpisodeOfCare	1624545383929	1624545384297	OK	 
GROUP	StarAPI,GetEpisodeOfCare	1624545383929	1624545384297	368	OK
REQUEST	StarAPI,GetStarNote	GetStarNote	1624545384713	1624545384888	OK	 
GROUP	StarAPI,GetStarNote	1624545384712	1624545384889	175	OK
GROUP	StarAPI	1624545366881	1624545385135	8590	OK
REQUEST	StarAPI,GetStarNote	GetStarNote	1624545385056	1624545385194	OK	 
GROUP	StarAPI,GetStarNote	1624545385056	1624545385194	138	OK
REQUEST	StarAPI,LOGIN	LOGIN	1624545385136	1624545385201	OK	 
GROUP	StarAPI,LOGIN	1624545385136	1624545385202	65	OK
GROUP	StarAPI	1624545371847	1624545385229	3716	OK
GROUP	StarAPI	1624545367874	1624545385238	7065	OK
REQUEST	StarAPI,LOGIN	LOGIN	1624545385230	1624545385293	OK	 
GROUP	StarAPI,LOGIN	1624545385229	1624545385293	63	OK
REQUEST	StarAPI,LOGIN	LOGIN	1624545385238	1624545385298	OK	 
GROUP	StarAPI,LOGIN	1624545385238	1624545385299	60	OK
GROUP	StarAPI	1624545372105	1624545385392	3720	OK
REQUEST	StarAPI,LOGIN	LOGIN	1624545385392	1624545385455	OK	 
GROUP	StarAPI,LOGIN	1624545385392	1624545385455	63	OK
GROUP	StarAPI	1624545366771	1624545385455	8824	OK
REQUEST	StarAPI,GetStarUIMemberList	GetStarUIMemberList	1624545384782	1624545385484	OK	 
GROUP	StarAPI,GetStarUIMemberList	1624545384781	1624545385484	702	OK
REQUEST	StarAPI,LOGIN	LOGIN	1624545385456	1624545385517	OK	 
GROUP	StarAPI,LOGIN	1624545385455	1624545385517	61	OK
REQUEST	StarAPI,GetStarUIMemberList	GetStarUIMemberList	1624545385351	1624545386082	OK	 
GROUP	StarAPI,GetStarUIMemberList	1624545385351	1624545386082	731	OK
REQUEST	StarAPI,GetStarNote	GetStarNote	1624545386338	1624545386631	OK	 
GROUP	StarAPI,GetStarNote	1624545386338	1624545386631	293	OK
REQUEST	StarAPI,GetEpisodeOfCare	GetEpisodeOfCare	1624545386231	1624545386737	OK	 
GROUP	StarAPI,GetEpisodeOfCare	1624545386231	1624545386737	506	OK
REQUEST	StarAPI,GetEpisodeOfCare	GetEpisodeOfCare	1624545386376	1624545386907	OK	 
GROUP	StarAPI,GetEpisodeOfCare	1624545386376	1624545386907	531	OK
REQUEST	StarAPI,GetStarUIMemberList	GetStarUIMemberList	1624545386199	1624545386918	OK	 
GROUP	StarAPI,GetStarUIMemberList	1624545386199	1624545386919	719	OK
REQUEST	StarAPI,GetStarNote	GetStarNote	1624545386807	1624545386979	OK	 
GROUP	StarAPI,GetStarNote	1624545386807	1624545386980	172	OK
REQUEST	StarAPI,GetStarNote	GetStarNote	1624545387005	1624545387144	OK	 
GROUP	StarAPI,GetStarNote	1624545387005	1624545387144	139	OK
REQUEST	StarAPI,GetStarUIMemberDetail	GetStarUIMemberDetail	1624545386820	1624545387197	OK	 
GROUP	StarAPI,GetStarUIMemberDetail	1624545386820	1624545387197	377	OK
REQUEST	StarAPI,GetStarNote	GetStarNote	1624545387343	1624545387503	OK	 
GROUP	StarAPI,GetStarNote	1624545387342	1624545387503	160	OK
REQUEST	StarAPI,GetStarNote	GetStarNote	1624545387504	1624545387645	OK	 
GROUP	StarAPI,GetStarNote	1624545387504	1624545387645	141	OK
REQUEST	StarAPI,GetEpisodeOfCare	GetEpisodeOfCare	1624545388112	1624545388942	OK	 
GROUP	StarAPI,GetEpisodeOfCare	1624545388112	1624545388942	830	OK
REQUEST	StarAPI,GetEpisodeOfCare	GetEpisodeOfCare	1624545388233	1624545388969	OK	 
GROUP	StarAPI,GetEpisodeOfCare	1624545388232	1624545388969	736	OK
REQUEST	StarAPI,GetStarUIMemberDetail	GetStarUIMemberDetail	1624545388075	1624545388986	OK	 
GROUP	StarAPI,GetStarUIMemberDetail	1624545388074	1624545388986	911	OK
REQUEST	StarAPI,ChatTranscript	ChatTranscript	1624545388658	1624545388991	OK	 
GROUP	StarAPI,ChatTranscript	1624545388658	1624545388991	333	OK
REQUEST	StarAPI,GetEpisodeOfCare	GetEpisodeOfCare	1624545388568	1624545389672	OK	 
GROUP	StarAPI,GetEpisodeOfCare	1624545388568	1624545389672	1104	OK
REQUEST	StarAPI,GetStarUIMemberDetail	GetStarUIMemberDetail	1624545388865	1624545389862	OK	 
GROUP	StarAPI,GetStarUIMemberDetail	1624545388865	1624545389863	997	OK
REQUEST	StarAPI,GetEpisodeOfCare	GetEpisodeOfCare	1624545389177	1624545389968	OK	 
GROUP	StarAPI,GetEpisodeOfCare	1624545389176	1624545389968	791	OK
REQUEST	StarAPI,GetEpisodeOfCare	GetEpisodeOfCare	1624545389448	1624545390070	OK	 
GROUP	StarAPI,GetEpisodeOfCare	1624545389448	1624545390070	622	OK
REQUEST	StarAPI,GetStarUIMemberList	GetStarUIMemberList	1624545388569	1624545390110	OK	 
GROUP	StarAPI,GetStarUIMemberList	1624545388568	1624545390110	1541	OK
REQUEST	StarAPI,GetStarUIMemberList	GetStarUIMemberList	1624545388626	1624545390216	OK	 
GROUP	StarAPI,GetStarUIMemberList	1624545388626	1624545390217	1590	OK
GROUP	StarAPI	1624545379224	1624545390559	2569	OK
REQUEST	StarAPI,ChatTranscript	ChatTranscript	1624545390611	1624545390689	OK	 
GROUP	StarAPI,ChatTranscript	1624545390611	1624545390689	78	OK
REQUEST	StarAPI,LOGIN	LOGIN	1624545390560	1624545390825	OK	 
GROUP	StarAPI,LOGIN	1624545390560	1624545390826	265	OK
REQUEST	StarAPI,GetStarUIMemberList	GetStarUIMemberList	1624545390567	1624545391239	OK	 
GROUP	StarAPI,GetStarUIMemberList	1624545390567	1624545391239	672	OK
REQUEST	StarAPI,GetStarUIMemberList	GetStarUIMemberList	1624545390752	1624545391594	OK	 
GROUP	StarAPI,GetStarUIMemberList	1624545390752	1624545391594	842	OK
REQUEST	StarAPI,ChatTranscript	ChatTranscript	1624545391525	1624545391598	OK	 
GROUP	StarAPI,ChatTranscript	1624545391525	1624545391598	73	OK
REQUEST	StarAPI,GetStarUIMemberList	GetStarUIMemberList	1624545390886	1624545391702	OK	 
GROUP	StarAPI,GetStarUIMemberList	1624545390886	1624545391702	816	OK
GROUP	StarAPI	1624545380646	1624545391813	2338	OK
USER	Users_1	END	1624545391815
REQUEST	StarAPI,GetStarUIMemberDetail	GetStarUIMemberDetail	1624545391521	1624545391889	OK	 
GROUP	StarAPI,GetStarUIMemberDetail	1624545391521	1624545391889	368	OK
REQUEST	StarAPI,GetStarUIMemberList	GetStarUIMemberList	1624545391221	1624545391999	OK	 
GROUP	StarAPI,GetStarUIMemberList	1624545391221	1624545391999	778	OK
REQUEST	StarAPI,GetStarUIMemberDetail	GetStarUIMemberDetail	1624545391988	1624545392368	OK	 
GROUP	StarAPI,GetStarUIMemberDetail	1624545391988	1624545392368	380	OK
REQUEST	StarAPI,GetStarUIMemberList	GetStarUIMemberList	1624545391844	1624545392555	OK	 
GROUP	StarAPI,GetStarUIMemberList	1624545391844	1624545392556	711	OK
REQUEST	StarAPI,GetStarUIMemberDetail	GetStarUIMemberDetail	1624545392414	1624545392781	OK	 
GROUP	StarAPI,GetStarUIMemberDetail	1624545392414	1624545392781	367	OK
REQUEST	StarAPI,GetStarNote	GetStarNote	1624545392794	1624545393038	OK	 
GROUP	StarAPI,GetStarNote	1624545392794	1624545393038	244	OK
REQUEST	StarAPI,GetStarUIMemberDetail	GetStarUIMemberDetail	1624545392649	1624545393051	OK	 
GROUP	StarAPI,GetStarUIMemberDetail	1624545392649	1624545393052	402	OK
GROUP	StarAPI	1624545380270	1624545393139	2561	OK
REQUEST	StarAPI,LOGIN	LOGIN	1624545393139	1624545393413	OK	 
GROUP	StarAPI,LOGIN	1624545393139	1624545393413	274	OK
REQUEST	StarAPI,GetStarUIMemberDetail	GetStarUIMemberDetail	1624545393314	1624545393688	OK	 
GROUP	StarAPI,GetStarUIMemberDetail	1624545393314	1624545393688	374	OK
REQUEST	StarAPI,GetStarUIMemberDetail	GetStarUIMemberDetail	1624545393346	1624545393763	OK	 
GROUP	StarAPI,GetStarUIMemberDetail	1624545393346	1624545393763	417	OK
REQUEST	StarAPI,ChatTranscript	ChatTranscript	1624545393884	1624545394245	OK	 
GROUP	StarAPI,ChatTranscript	1624545393883	1624545394245	361	OK
REQUEST	StarAPI,ChatTranscript	ChatTranscript	1624545394281	1624545394361	OK	 
GROUP	StarAPI,ChatTranscript	1624545394281	1624545394362	80	OK
REQUEST	StarAPI,GetEpisodeOfCare	GetEpisodeOfCare	1624545394044	1624545394534	OK	 
GROUP	StarAPI,GetEpisodeOfCare	1624545394044	1624545394534	490	OK
REQUEST	StarAPI,GetStarUIMemberDetail	GetStarUIMemberDetail	1624545394370	1624545394740	OK	 
GROUP	StarAPI,GetStarUIMemberDetail	1624545394369	1624545394740	370	OK
REQUEST	StarAPI,GetStarNote	GetStarNote	1624545394633	1624545394772	OK	 
GROUP	StarAPI,GetStarNote	1624545394632	1624545394772	139	OK
REQUEST	StarAPI,ChatTranscript	ChatTranscript	1624545394704	1624545394777	OK	 
GROUP	StarAPI,ChatTranscript	1624545394704	1624545394777	73	OK
REQUEST	StarAPI,ChatTranscript	ChatTranscript	1624545394715	1624545394786	OK	 
GROUP	StarAPI,ChatTranscript	1624545394714	1624545394786	71	OK
REQUEST	StarAPI,ChatTranscript	ChatTranscript	1624545395050	1624545395128	OK	 
GROUP	StarAPI,ChatTranscript	1624545395050	1624545395128	78	OK
REQUEST	StarAPI,ChatTranscript	ChatTranscript	1624545395053	1624545395135	OK	 
GROUP	StarAPI,ChatTranscript	1624545395053	1624545395136	82	OK
GROUP	StarAPI	1624545383072	1624545395609	3048	OK
GROUP	StarAPI	1624545383962	1624545395789	2757	OK
USER	Users_1	END	1624545395790
REQUEST	StarAPI,ChatTranscript	ChatTranscript	1624545395797	1624545395876	OK	 
REQUEST	StarAPI,LOGIN	LOGIN	1624545395610	1624545395876	OK	 
GROUP	StarAPI,LOGIN	1624545395610	1624545395876	266	OK
GROUP	StarAPI,ChatTranscript	1624545395796	1624545395876	79	OK
GROUP	StarAPI	1624545385229	1624545396142	2083	OK
USER	Users_1	END	1624545396142
GROUP	StarAPI	1624545385238	1624545396295	2505	OK
REQUEST	StarAPI,LOGIN	LOGIN	1624545396295	1624545396568	OK	 
GROUP	StarAPI,LOGIN	1624545396295	1624545396568	273	OK
GROUP	StarAPI	1624545385392	1624545396597	2068	OK
USER	Users_1	END	1624545396598
GROUP	StarAPI	1624545385135	1624545396751	2623	OK
REQUEST	StarAPI,GetEpisodeOfCare	GetEpisodeOfCare	1624545396374	1624545396780	OK	 
GROUP	StarAPI,GetEpisodeOfCare	1624545396374	1624545396780	406	OK
REQUEST	StarAPI,LOGIN	LOGIN	1624545396751	1624545397001	OK	 
GROUP	StarAPI,LOGIN	1624545396751	1624545397002	250	OK
REQUEST	StarAPI,GetStarUIMemberList	GetStarUIMemberList	1624545396398	1624545397119	OK	 
GROUP	StarAPI,GetStarUIMemberList	1624545396398	1624545397119	721	OK
GROUP	StarAPI	1624545385455	1624545397357	2153	OK
REQUEST	StarAPI,LOGIN	LOGIN	1624545397358	1624545397614	OK	 
GROUP	StarAPI,LOGIN	1624545397358	1624545397614	256	OK
REQUEST	StarAPI,GetStarNote	GetStarNote	1624545397791	1624545397999	OK	 
GROUP	StarAPI,GetStarNote	1624545397790	1624545397999	208	OK
REQUEST	StarAPI,GetStarNote	GetStarNote	1624545398445	1624545398601	OK	 
GROUP	StarAPI,GetStarNote	1624545398445	1624545398601	156	OK
REQUEST	StarAPI,GetStarNote	GetStarNote	1624545398627	1624545398878	OK	 
GROUP	StarAPI,GetStarNote	1624545398627	1624545398879	251	OK
REQUEST	StarAPI,GetStarNote	GetStarNote	1624545398801	1624545399029	OK	 
GROUP	StarAPI,GetStarNote	1624545398801	1624545399029	228	OK
REQUEST	StarAPI,GetStarUIMemberList	GetStarUIMemberList	1624545398366	1624545399059	OK	 
GROUP	StarAPI,GetStarUIMemberList	1624545398366	1624545399059	693	OK
REQUEST	StarAPI,GetStarUIMemberDetail	GetStarUIMemberDetail	1624545398840	1624545399349	OK	 
GROUP	StarAPI,GetStarUIMemberDetail	1624545398839	1624545399350	509	OK
REQUEST	StarAPI,GetEpisodeOfCare	GetEpisodeOfCare	1624545399275	1624545399660	OK	 
GROUP	StarAPI,GetEpisodeOfCare	1624545399275	1624545399660	385	OK
REQUEST	StarAPI,GetEpisodeOfCare	GetEpisodeOfCare	1624545399993	1624545400641	OK	 
GROUP	StarAPI,GetEpisodeOfCare	1624545399992	1624545400641	648	OK
REQUEST	StarAPI,GetStarUIMemberDetail	GetStarUIMemberDetail	1624545400226	1624545400772	OK	 
GROUP	StarAPI,GetStarUIMemberDetail	1624545400226	1624545400773	546	OK
REQUEST	StarAPI,GetEpisodeOfCare	GetEpisodeOfCare	1624545400333	1624545400851	OK	 
GROUP	StarAPI,GetEpisodeOfCare	1624545400333	1624545400851	518	OK
REQUEST	StarAPI,ChatTranscript	ChatTranscript	1624545400851	1624545400931	OK	 
GROUP	StarAPI,ChatTranscript	1624545400851	1624545400931	80	OK
REQUEST	StarAPI,GetEpisodeOfCare	GetEpisodeOfCare	1624545400615	1624545401057	OK	 
GROUP	StarAPI,GetEpisodeOfCare	1624545400615	1624545401057	442	OK
REQUEST	StarAPI,ChatTranscript	ChatTranscript	1624545402298	1624545402374	OK	 
GROUP	StarAPI,ChatTranscript	1624545402298	1624545402374	76	OK
REQUEST	StarAPI,GetStarUIMemberList	GetStarUIMemberList	1624545401596	1624545402384	OK	 
GROUP	StarAPI,GetStarUIMemberList	1624545401596	1624545402384	788	OK
GROUP	StarAPI	1624545390559	1624545402848	2309	OK
USER	Users_1	END	1624545402848
REQUEST	StarAPI,GetStarUIMemberList	GetStarUIMemberList	1624545402372	1624545403215	OK	 
GROUP	StarAPI,GetStarUIMemberList	1624545402372	1624545403216	843	OK
REQUEST	StarAPI,GetStarUIMemberList	GetStarUIMemberList	1624545402331	1624545403221	OK	 
GROUP	StarAPI,GetStarUIMemberList	1624545402330	1624545403221	890	OK
GROUP	StarAPI	1624545393139	1624545403546	2134	OK
USER	Users_1	END	1624545403546
REQUEST	StarAPI,GetStarUIMemberDetail	GetStarUIMemberDetail	1624545403440	1624545403858	OK	 
GROUP	StarAPI,GetStarUIMemberDetail	1624545403440	1624545403858	418	OK
REQUEST	StarAPI,GetStarUIMemberList	GetStarUIMemberList	1624545403042	1624545404174	OK	 
GROUP	StarAPI,GetStarUIMemberList	1624545403042	1624545404174	1132	OK
REQUEST	StarAPI,GetStarUIMemberDetail	GetStarUIMemberDetail	1624545404344	1624545404742	OK	 
GROUP	StarAPI,GetStarUIMemberDetail	1624545404344	1624545404742	398	OK
REQUEST	StarAPI,GetStarUIMemberDetail	GetStarUIMemberDetail	1624545404459	1624545404848	OK	 
GROUP	StarAPI,GetStarUIMemberDetail	1624545404458	1624545404848	389	OK
REQUEST	StarAPI,ChatTranscript	ChatTranscript	1624545405238	1624545405690	OK	 
GROUP	StarAPI,ChatTranscript	1624545405238	1624545405690	452	OK
REQUEST	StarAPI,GetStarUIMemberDetail	GetStarUIMemberDetail	1624545405907	1624545406291	OK	 
GROUP	StarAPI,GetStarUIMemberDetail	1624545405907	1624545406291	384	OK
REQUEST	StarAPI,ChatTranscript	ChatTranscript	1624545406708	1624545406992	OK	 
GROUP	StarAPI,ChatTranscript	1624545406708	1624545406992	284	OK
GROUP	StarAPI	1624545395609	1624545407047	2517	OK
USER	Users_1	END	1624545407047
REQUEST	StarAPI,ChatTranscript	ChatTranscript	1624545406795	1624545407074	OK	 
GROUP	StarAPI,ChatTranscript	1624545406795	1624545407075	279	OK
GROUP	StarAPI	1624545396295	1624545408158	2635	OK
USER	Users_1	END	1624545408158
REQUEST	StarAPI,ChatTranscript	ChatTranscript	1624545408105	1624545408438	OK	 
GROUP	StarAPI,ChatTranscript	1624545408105	1624545408439	333	OK
GROUP	StarAPI	1624545397357	1624545408757	2527	OK
USER	Users_1	END	1624545408758
GROUP	StarAPI	1624545396751	1624545409862	2792	OK
USER	Users_1	END	1624545409862
