RUN	JJ.Framework.JJSim	jjsim	1622593425903	JJ.Framework.JJSim-SIMULATION_1_1:SIMULATION_2_:SIMULATION_3_:SIMULATION_4_0:Iterations_1000	3.5.1
USER	Users_1	START	1622593427412
REQUEST	Scen_1,NPI	NPI	1622593427428	1622593432849	OK	 
GROUP	Scen_1,NPI	1622593427415	1622593432878	5421	OK
GROUP	Scen_1	1622593427415	1622593432878	5421	OK
REQUEST	Scen_1,NPI	NPI	1622593432880	1622593433156	OK	 
GROUP	Scen_1,NPI	1622593432879	1622593433157	276	OK
GROUP	Scen_1	1622593432879	1622593433158	276	OK
REQUEST	Scen_1,NPI	NPI	1622593433158	1622593434282	OK	 
GROUP	Scen_1,NPI	1622593433158	1622593434283	1124	OK
GROUP	Scen_1	1622593433158	1622593434283	1124	OK
REQUEST	Scen_1,NPI	NPI	1622593434284	1622593434434	OK	 
GROUP	Scen_1,NPI	1622593434283	1622593434436	150	OK
GROUP	Scen_1	1622593434283	1622593434436	150	OK
REQUEST	Scen_1,NPI	NPI	1622593434437	1622593435610	OK	 
GROUP	Scen_1,NPI	1622593434436	1622593435611	1173	OK
GROUP	Scen_1	1622593434436	1622593435611	1173	OK
REQUEST	Scen_1,NPI	NPI	1622593435612	1622593435736	OK	 
GROUP	Scen_1,NPI	1622593435612	1622593435737	124	OK
GROUP	Scen_1	1622593435612	1622593435737	124	OK
REQUEST	Scen_1,NPI	NPI	1622593435738	1622593435896	OK	 
GROUP	Scen_1,NPI	1622593435737	1622593435897	158	OK
GROUP	Scen_1	1622593435737	1622593435897	158	OK
REQUEST	Scen_1,NPI	NPI	1622593435898	1622593436059	OK	 
GROUP	Scen_1,NPI	1622593435898	1622593436060	161	OK
GROUP	Scen_1	1622593435898	1622593436060	161	OK
REQUEST	Scen_1,NPI	NPI	1622593436061	1622593436195	OK	 
GROUP	Scen_1,NPI	1622593436060	1622593436197	134	OK
GROUP	Scen_1	1622593436060	1622593436197	134	OK
REQUEST	Scen_1,NPI	NPI	1622593436198	1622593436327	OK	 
GROUP	Scen_1,NPI	1622593436197	1622593436328	129	OK
GROUP	Scen_1	1622593436197	1622593436328	129	OK
REQUEST	Scen_1,NPI	NPI	1622593436329	1622593436457	OK	 
GROUP	Scen_1,NPI	1622593436329	1622593436459	128	OK
GROUP	Scen_1	1622593436329	1622593436459	128	OK
REQUEST	Scen_1,NPI	NPI	1622593436460	1622593436741	OK	 
GROUP	Scen_1,NPI	1622593436459	1622593436742	281	OK
GROUP	Scen_1	1622593436459	1622593436743	281	OK
REQUEST	Scen_1,NPI	NPI	1622593436743	1622593436904	OK	 
GROUP	Scen_1,NPI	1622593436743	1622593436906	161	OK
GROUP	Scen_1	1622593436743	1622593436906	161	OK
REQUEST	Scen_1,NPI	NPI	1622593436907	1622593437028	OK	 
GROUP	Scen_1,NPI	1622593436906	1622593437030	121	OK
GROUP	Scen_1	1622593436906	1622593437030	121	OK
REQUEST	Scen_1,NPI	NPI	1622593437030	1622593437154	OK	 
GROUP	Scen_1,NPI	1622593437030	1622593437155	124	OK
GROUP	Scen_1	1622593437030	1622593437156	124	OK
REQUEST	Scen_1,NPI	NPI	1622593437156	1622593437308	OK	 
GROUP	Scen_1,NPI	1622593437156	1622593437309	152	OK
GROUP	Scen_1	1622593437156	1622593437309	152	OK
REQUEST	Scen_1,NPI	NPI	1622593437310	1622593437455	OK	 
GROUP	Scen_1,NPI	1622593437309	1622593437456	145	OK
GROUP	Scen_1	1622593437309	1622593437456	145	OK
REQUEST	Scen_1,NPI	NPI	1622593437457	1622593437601	OK	 
GROUP	Scen_1,NPI	1622593437456	1622593437602	144	OK
GROUP	Scen_1	1622593437456	1622593437602	144	OK
REQUEST	Scen_1,NPI	NPI	1622593437603	1622593437865	OK	 
GROUP	Scen_1,NPI	1622593437602	1622593437866	262	OK
GROUP	Scen_1	1622593437602	1622593437866	262	OK
REQUEST	Scen_1,NPI	NPI	1622593437867	1622593438002	OK	 
GROUP	Scen_1,NPI	1622593437867	1622593438003	135	OK
GROUP	Scen_1	1622593437867	1622593438003	135	OK
REQUEST	Scen_1,NPI	NPI	1622593438003	1622593438131	OK	 
GROUP	Scen_1,NPI	1622593438003	1622593438132	128	OK
GROUP	Scen_1	1622593438003	1622593438133	128	OK
REQUEST	Scen_1,NPI	NPI	1622593438133	1622593438316	OK	 
GROUP	Scen_1,NPI	1622593438133	1622593438317	183	OK
GROUP	Scen_1	1622593438133	1622593438317	183	OK
REQUEST	Scen_1,NPI	NPI	1622593438318	1622593438462	OK	 
GROUP	Scen_1,NPI	1622593438317	1622593438463	144	OK
GROUP	Scen_1	1622593438317	1622593438463	144	OK
REQUEST	Scen_1,NPI	NPI	1622593438464	1622593438638	OK	 
GROUP	Scen_1,NPI	1622593438464	1622593438640	174	OK
GROUP	Scen_1	1622593438464	1622593438640	174	OK
REQUEST	Scen_1,NPI	NPI	1622593438640	1622593438773	OK	 
GROUP	Scen_1,NPI	1622593438640	1622593438775	133	OK
GROUP	Scen_1	1622593438640	1622593438775	133	OK
REQUEST	Scen_1,NPI	NPI	1622593438775	1622593438902	OK	 
GROUP	Scen_1,NPI	1622593438775	1622593438903	127	OK
GROUP	Scen_1	1622593438775	1622593438903	127	OK
REQUEST	Scen_1,NPI	NPI	1622593438904	1622593439033	OK	 
GROUP	Scen_1,NPI	1622593438903	1622593439033	129	OK
GROUP	Scen_1	1622593438903	1622593439033	129	OK
REQUEST	Scen_1,NPI	NPI	1622593439034	1622593439166	OK	 
GROUP	Scen_1,NPI	1622593439034	1622593439167	132	OK
GROUP	Scen_1	1622593439034	1622593439167	132	OK
REQUEST	Scen_1,NPI	NPI	1622593439168	1622593439296	OK	 
GROUP	Scen_1,NPI	1622593439167	1622593439297	128	OK
GROUP	Scen_1	1622593439167	1622593439297	128	OK
REQUEST	Scen_1,NPI	NPI	1622593439298	1622593439424	OK	 
GROUP	Scen_1,NPI	1622593439297	1622593439425	126	OK
GROUP	Scen_1	1622593439297	1622593439425	126	OK
REQUEST	Scen_1,NPI	NPI	1622593439426	1622593439564	OK	 
GROUP	Scen_1,NPI	1622593439425	1622593439565	138	OK
GROUP	Scen_1	1622593439425	1622593439565	138	OK
REQUEST	Scen_1,NPI	NPI	1622593439566	1622593439911	OK	 
GROUP	Scen_1,NPI	1622593439565	1622593439912	345	OK
GROUP	Scen_1	1622593439565	1622593439912	345	OK
REQUEST	Scen_1,NPI	NPI	1622593439913	1622593440832	OK	 
GROUP	Scen_1,NPI	1622593439912	1622593440833	919	OK
GROUP	Scen_1	1622593439912	1622593440833	919	OK
REQUEST	Scen_1,NPI	NPI	1622593440834	1622593441280	OK	 
GROUP	Scen_1,NPI	1622593440833	1622593441280	446	OK
GROUP	Scen_1	1622593440833	1622593441280	446	OK
REQUEST	Scen_1,NPI	NPI	1622593441281	1622593441414	OK	 
GROUP	Scen_1,NPI	1622593441281	1622593441415	133	OK
GROUP	Scen_1	1622593441281	1622593441415	133	OK
REQUEST	Scen_1,NPI	NPI	1622593441416	1622593441549	OK	 
GROUP	Scen_1,NPI	1622593441415	1622593441550	133	OK
GROUP	Scen_1	1622593441415	1622593441550	133	OK
REQUEST	Scen_1,NPI	NPI	1622593441551	1622593441684	OK	 
GROUP	Scen_1,NPI	1622593441550	1622593441685	133	OK
GROUP	Scen_1	1622593441550	1622593441685	133	OK
REQUEST	Scen_1,NPI	NPI	1622593441685	1622593441814	OK	 
GROUP	Scen_1,NPI	1622593441685	1622593441815	129	OK
GROUP	Scen_1	1622593441685	1622593441815	129	OK
REQUEST	Scen_1,NPI	NPI	1622593441816	1622593441938	OK	 
GROUP	Scen_1,NPI	1622593441815	1622593441939	122	OK
GROUP	Scen_1	1622593441815	1622593441939	122	OK
REQUEST	Scen_1,NPI	NPI	1622593441940	1622593442089	OK	 
GROUP	Scen_1,NPI	1622593441939	1622593442090	149	OK
GROUP	Scen_1	1622593441939	1622593442090	149	OK
REQUEST	Scen_1,NPI	NPI	1622593442091	1622593442233	OK	 
GROUP	Scen_1,NPI	1622593442091	1622593442234	142	OK
GROUP	Scen_1	1622593442091	1622593442234	142	OK
REQUEST	Scen_1,NPI	NPI	1622593442235	1622593442383	OK	 
GROUP	Scen_1,NPI	1622593442234	1622593442384	148	OK
GROUP	Scen_1	1622593442234	1622593442384	148	OK
REQUEST	Scen_1,NPI	NPI	1622593442384	1622593442503	OK	 
GROUP	Scen_1,NPI	1622593442384	1622593442505	119	OK
GROUP	Scen_1	1622593442384	1622593442505	119	OK
REQUEST	Scen_1,NPI	NPI	1622593442505	1622593442638	OK	 
GROUP	Scen_1,NPI	1622593442505	1622593442639	133	OK
GROUP	Scen_1	1622593442505	1622593442639	133	OK
REQUEST	Scen_1,NPI	NPI	1622593442640	1622593442771	OK	 
GROUP	Scen_1,NPI	1622593442639	1622593442772	131	OK
GROUP	Scen_1	1622593442639	1622593442772	131	OK
REQUEST	Scen_1,NPI	NPI	1622593442772	1622593442905	OK	 
GROUP	Scen_1,NPI	1622593442772	1622593442906	133	OK
GROUP	Scen_1	1622593442772	1622593442906	133	OK
REQUEST	Scen_1,NPI	NPI	1622593442907	1622593443044	OK	 
GROUP	Scen_1,NPI	1622593442906	1622593443045	137	OK
GROUP	Scen_1	1622593442906	1622593443045	137	OK
REQUEST	Scen_1,NPI	NPI	1622593443045	1622593443209	OK	 
GROUP	Scen_1,NPI	1622593443045	1622593443210	164	OK
GROUP	Scen_1	1622593443045	1622593443210	164	OK
REQUEST	Scen_1,NPI	NPI	1622593443210	1622593443340	OK	 
GROUP	Scen_1,NPI	1622593443210	1622593443341	130	OK
GROUP	Scen_1	1622593443210	1622593443341	130	OK
REQUEST	Scen_1,NPI	NPI	1622593443342	1622593443479	OK	 
GROUP	Scen_1,NPI	1622593443342	1622593443480	137	OK
GROUP	Scen_1	1622593443342	1622593443480	137	OK
REQUEST	Scen_1,NPI	NPI	1622593443481	1622593443631	OK	 
GROUP	Scen_1,NPI	1622593443481	1622593443632	150	OK
GROUP	Scen_1	1622593443481	1622593443632	150	OK
REQUEST	Scen_1,NPI	NPI	1622593443632	1622593443772	OK	 
GROUP	Scen_1,NPI	1622593443632	1622593443773	140	OK
GROUP	Scen_1	1622593443632	1622593443773	140	OK
REQUEST	Scen_1,NPI	NPI	1622593443774	1622593443915	OK	 
GROUP	Scen_1,NPI	1622593443773	1622593443916	141	OK
GROUP	Scen_1	1622593443773	1622593443917	141	OK
REQUEST	Scen_1,NPI	NPI	1622593443917	1622593444046	OK	 
GROUP	Scen_1,NPI	1622593443917	1622593444047	129	OK
GROUP	Scen_1	1622593443917	1622593444047	129	OK
REQUEST	Scen_1,NPI	NPI	1622593444047	1622593444186	OK	 
GROUP	Scen_1,NPI	1622593444047	1622593444186	139	OK
GROUP	Scen_1	1622593444047	1622593444186	139	OK
REQUEST	Scen_1,NPI	NPI	1622593444187	1622593444312	OK	 
GROUP	Scen_1,NPI	1622593444187	1622593444313	125	OK
GROUP	Scen_1	1622593444187	1622593444313	125	OK
REQUEST	Scen_1,NPI	NPI	1622593444313	1622593444436	OK	 
GROUP	Scen_1,NPI	1622593444313	1622593444437	123	OK
GROUP	Scen_1	1622593444313	1622593444437	123	OK
REQUEST	Scen_1,NPI	NPI	1622593444438	1622593444584	OK	 
GROUP	Scen_1,NPI	1622593444437	1622593444585	146	OK
GROUP	Scen_1	1622593444437	1622593444585	146	OK
REQUEST	Scen_1,NPI	NPI	1622593444585	1622593444740	OK	 
GROUP	Scen_1,NPI	1622593444585	1622593444741	155	OK
GROUP	Scen_1	1622593444585	1622593444741	155	OK
REQUEST	Scen_1,NPI	NPI	1622593444742	1622593444951	OK	 
GROUP	Scen_1,NPI	1622593444742	1622593444952	209	OK
GROUP	Scen_1	1622593444742	1622593444952	209	OK
REQUEST	Scen_1,NPI	NPI	1622593444953	1622593445076	OK	 
GROUP	Scen_1,NPI	1622593444952	1622593445077	123	OK
GROUP	Scen_1	1622593444952	1622593445077	123	OK
REQUEST	Scen_1,NPI	NPI	1622593445077	1622593445247	OK	 
GROUP	Scen_1,NPI	1622593445077	1622593445248	170	OK
GROUP	Scen_1	1622593445077	1622593445248	170	OK
REQUEST	Scen_1,NPI	NPI	1622593445249	1622593445390	OK	 
GROUP	Scen_1,NPI	1622593445249	1622593445391	141	OK
GROUP	Scen_1	1622593445249	1622593445391	141	OK
REQUEST	Scen_1,NPI	NPI	1622593445392	1622593445747	OK	 
GROUP	Scen_1,NPI	1622593445392	1622593445749	355	OK
GROUP	Scen_1	1622593445392	1622593445749	355	OK
REQUEST	Scen_1,NPI	NPI	1622593445749	1622593446362	OK	 
GROUP	Scen_1,NPI	1622593445749	1622593446363	613	OK
GROUP	Scen_1	1622593445749	1622593446363	613	OK
REQUEST	Scen_1,NPI	NPI	1622593446364	1622593446495	OK	 
GROUP	Scen_1,NPI	1622593446363	1622593446496	131	OK
GROUP	Scen_1	1622593446363	1622593446496	131	OK
REQUEST	Scen_1,NPI	NPI	1622593446496	1622593446621	OK	 
GROUP	Scen_1,NPI	1622593446496	1622593446622	125	OK
GROUP	Scen_1	1622593446496	1622593446622	125	OK
REQUEST	Scen_1,NPI	NPI	1622593446622	1622593446760	OK	 
GROUP	Scen_1,NPI	1622593446622	1622593446761	138	OK
GROUP	Scen_1	1622593446622	1622593446761	138	OK
REQUEST	Scen_1,NPI	NPI	1622593446762	1622593446888	OK	 
GROUP	Scen_1,NPI	1622593446761	1622593446889	126	OK
GROUP	Scen_1	1622593446761	1622593446889	126	OK
REQUEST	Scen_1,NPI	NPI	1622593446890	1622593447018	OK	 
GROUP	Scen_1,NPI	1622593446889	1622593447019	128	OK
GROUP	Scen_1	1622593446889	1622593447019	128	OK
REQUEST	Scen_1,NPI	NPI	1622593447019	1622593447152	OK	 
GROUP	Scen_1,NPI	1622593447019	1622593447153	133	OK
GROUP	Scen_1	1622593447019	1622593447153	133	OK
REQUEST	Scen_1,NPI	NPI	1622593447154	1622593447289	OK	 
GROUP	Scen_1,NPI	1622593447153	1622593447290	135	OK
GROUP	Scen_1	1622593447153	1622593447290	135	OK
REQUEST	Scen_1,NPI	NPI	1622593447291	1622593447421	OK	 
GROUP	Scen_1,NPI	1622593447290	1622593447422	130	OK
GROUP	Scen_1	1622593447290	1622593447422	130	OK
REQUEST	Scen_1,NPI	NPI	1622593447422	1622593447547	OK	 
GROUP	Scen_1,NPI	1622593447422	1622593447548	125	OK
GROUP	Scen_1	1622593447422	1622593447548	125	OK
REQUEST	Scen_1,NPI	NPI	1622593447549	1622593447678	OK	 
GROUP	Scen_1,NPI	1622593447549	1622593447679	129	OK
GROUP	Scen_1	1622593447549	1622593447679	129	OK
REQUEST	Scen_1,NPI	NPI	1622593447679	1622593447805	OK	 
GROUP	Scen_1,NPI	1622593447679	1622593447806	126	OK
GROUP	Scen_1	1622593447679	1622593447806	126	OK
REQUEST	Scen_1,NPI	NPI	1622593447807	1622593447935	OK	 
GROUP	Scen_1,NPI	1622593447806	1622593447936	128	OK
GROUP	Scen_1	1622593447806	1622593447936	128	OK
REQUEST	Scen_1,NPI	NPI	1622593447936	1622593448067	OK	 
GROUP	Scen_1,NPI	1622593447936	1622593448068	131	OK
GROUP	Scen_1	1622593447936	1622593448068	131	OK
REQUEST	Scen_1,NPI	NPI	1622593448068	1622593448197	OK	 
GROUP	Scen_1,NPI	1622593448068	1622593448198	129	OK
GROUP	Scen_1	1622593448068	1622593448198	129	OK
REQUEST	Scen_1,NPI	NPI	1622593448198	1622593448395	OK	 
GROUP	Scen_1,NPI	1622593448198	1622593448396	197	OK
GROUP	Scen_1	1622593448198	1622593448396	197	OK
REQUEST	Scen_1,NPI	NPI	1622593448397	1622593448521	OK	 
GROUP	Scen_1,NPI	1622593448396	1622593448522	124	OK
GROUP	Scen_1	1622593448396	1622593448522	124	OK
REQUEST	Scen_1,NPI	NPI	1622593448523	1622593448658	OK	 
GROUP	Scen_1,NPI	1622593448522	1622593448659	135	OK
GROUP	Scen_1	1622593448522	1622593448659	135	OK
REQUEST	Scen_1,NPI	NPI	1622593448660	1622593448788	OK	 
GROUP	Scen_1,NPI	1622593448660	1622593448789	128	OK
GROUP	Scen_1	1622593448660	1622593448789	128	OK
REQUEST	Scen_1,NPI	NPI	1622593448790	1622593448923	OK	 
GROUP	Scen_1,NPI	1622593448790	1622593448924	133	OK
GROUP	Scen_1	1622593448790	1622593448924	133	OK
REQUEST	Scen_1,NPI	NPI	1622593448924	1622593449050	OK	 
GROUP	Scen_1,NPI	1622593448924	1622593449051	126	OK
GROUP	Scen_1	1622593448924	1622593449051	126	OK
REQUEST	Scen_1,NPI	NPI	1622593449051	1622593449181	OK	 
GROUP	Scen_1,NPI	1622593449051	1622593449182	130	OK
GROUP	Scen_1	1622593449051	1622593449182	130	OK
REQUEST	Scen_1,NPI	NPI	1622593449183	1622593449303	OK	 
GROUP	Scen_1,NPI	1622593449182	1622593449303	120	OK
GROUP	Scen_1	1622593449182	1622593449303	120	OK
REQUEST	Scen_1,NPI	NPI	1622593449304	1622593449433	OK	 
GROUP	Scen_1,NPI	1622593449304	1622593449434	129	OK
GROUP	Scen_1	1622593449304	1622593449434	129	OK
REQUEST	Scen_1,NPI	NPI	1622593449435	1622593449566	OK	 
GROUP	Scen_1,NPI	1622593449434	1622593449567	131	OK
GROUP	Scen_1	1622593449434	1622593449567	131	OK
REQUEST	Scen_1,NPI	NPI	1622593449568	1622593449728	OK	 
GROUP	Scen_1,NPI	1622593449567	1622593449729	160	OK
GROUP	Scen_1	1622593449567	1622593449729	160	OK
REQUEST	Scen_1,NPI	NPI	1622593449729	1622593449859	OK	 
GROUP	Scen_1,NPI	1622593449729	1622593449859	130	OK
GROUP	Scen_1	1622593449729	1622593449859	130	OK
REQUEST	Scen_1,NPI	NPI	1622593449860	1622593449989	OK	 
GROUP	Scen_1,NPI	1622593449860	1622593449989	129	OK
GROUP	Scen_1	1622593449859	1622593449989	129	OK
REQUEST	Scen_1,NPI	NPI	1622593449990	1622593450180	OK	 
GROUP	Scen_1,NPI	1622593449990	1622593450181	190	OK
GROUP	Scen_1	1622593449990	1622593450181	190	OK
REQUEST	Scen_1,NPI	NPI	1622593450182	1622593450371	OK	 
GROUP	Scen_1,NPI	1622593450181	1622593450371	189	OK
GROUP	Scen_1	1622593450181	1622593450371	189	OK
REQUEST	Scen_1,NPI	NPI	1622593450372	1622593450509	OK	 
GROUP	Scen_1,NPI	1622593450372	1622593450510	137	OK
GROUP	Scen_1	1622593450372	1622593450510	137	OK
REQUEST	Scen_1,NPI	NPI	1622593450510	1622593450644	OK	 
GROUP	Scen_1,NPI	1622593450510	1622593450645	134	OK
GROUP	Scen_1	1622593450510	1622593450645	134	OK
REQUEST	Scen_1,NPI	NPI	1622593450645	1622593450788	OK	 
GROUP	Scen_1,NPI	1622593450645	1622593450789	143	OK
GROUP	Scen_1	1622593450645	1622593450789	143	OK
REQUEST	Scen_1,NPI	NPI	1622593450789	1622593450921	OK	 
GROUP	Scen_1,NPI	1622593450789	1622593450922	132	OK
GROUP	Scen_1	1622593450789	1622593450922	132	OK
REQUEST	Scen_1,NPI	NPI	1622593450922	1622593451484	OK	 
GROUP	Scen_1,NPI	1622593450922	1622593451485	562	OK
GROUP	Scen_1	1622593450922	1622593451485	562	OK
REQUEST	Scen_1,NPI	NPI	1622593451486	1622593451617	OK	 
GROUP	Scen_1,NPI	1622593451485	1622593451618	131	OK
GROUP	Scen_1	1622593451485	1622593451618	131	OK
REQUEST	Scen_1,NPI	NPI	1622593451619	1622593451759	OK	 
GROUP	Scen_1,NPI	1622593451618	1622593451759	140	OK
GROUP	Scen_1	1622593451618	1622593451759	140	OK
REQUEST	Scen_1,NPI	NPI	1622593451760	1622593451886	OK	 
GROUP	Scen_1,NPI	1622593451760	1622593451887	126	OK
GROUP	Scen_1	1622593451760	1622593451887	126	OK
REQUEST	Scen_1,NPI	NPI	1622593451888	1622593452019	OK	 
GROUP	Scen_1,NPI	1622593451887	1622593452020	131	OK
GROUP	Scen_1	1622593451887	1622593452020	131	OK
REQUEST	Scen_1,NPI	NPI	1622593452021	1622593452147	OK	 
GROUP	Scen_1,NPI	1622593452020	1622593452148	126	OK
GROUP	Scen_1	1622593452020	1622593452148	126	OK
REQUEST	Scen_1,NPI	NPI	1622593452148	1622593452291	OK	 
GROUP	Scen_1,NPI	1622593452148	1622593452291	143	OK
GROUP	Scen_1	1622593452148	1622593452291	143	OK
REQUEST	Scen_1,NPI	NPI	1622593452292	1622593452444	OK	 
GROUP	Scen_1,NPI	1622593452292	1622593452445	152	OK
GROUP	Scen_1	1622593452292	1622593452445	152	OK
REQUEST	Scen_1,NPI	NPI	1622593452446	1622593452572	OK	 
GROUP	Scen_1,NPI	1622593452445	1622593452573	126	OK
GROUP	Scen_1	1622593452445	1622593452573	126	OK
REQUEST	Scen_1,NPI	NPI	1622593452573	1622593452701	OK	 
GROUP	Scen_1,NPI	1622593452573	1622593452701	128	OK
GROUP	Scen_1	1622593452573	1622593452701	128	OK
REQUEST	Scen_1,NPI	NPI	1622593452702	1622593452833	OK	 
GROUP	Scen_1,NPI	1622593452702	1622593452834	131	OK
GROUP	Scen_1	1622593452702	1622593452834	131	OK
REQUEST	Scen_1,NPI	NPI	1622593452834	1622593452965	OK	 
GROUP	Scen_1,NPI	1622593452834	1622593452966	131	OK
GROUP	Scen_1	1622593452834	1622593452966	131	OK
REQUEST	Scen_1,NPI	NPI	1622593452966	1622593453102	OK	 
GROUP	Scen_1,NPI	1622593452966	1622593453102	136	OK
GROUP	Scen_1	1622593452966	1622593453103	136	OK
REQUEST	Scen_1,NPI	NPI	1622593453103	1622593453235	OK	 
GROUP	Scen_1,NPI	1622593453103	1622593453235	132	OK
GROUP	Scen_1	1622593453103	1622593453235	132	OK
REQUEST	Scen_1,NPI	NPI	1622593453236	1622593453369	OK	 
GROUP	Scen_1,NPI	1622593453236	1622593453369	133	OK
GROUP	Scen_1	1622593453236	1622593453369	133	OK
REQUEST	Scen_1,NPI	NPI	1622593453370	1622593453544	OK	 
GROUP	Scen_1,NPI	1622593453370	1622593453545	174	OK
GROUP	Scen_1	1622593453370	1622593453545	174	OK
REQUEST	Scen_1,NPI	NPI	1622593453546	1622593453678	OK	 
GROUP	Scen_1,NPI	1622593453545	1622593453679	132	OK
GROUP	Scen_1	1622593453545	1622593453679	132	OK
REQUEST	Scen_1,NPI	NPI	1622593453679	1622593453813	OK	 
GROUP	Scen_1,NPI	1622593453679	1622593453813	134	OK
GROUP	Scen_1	1622593453679	1622593453813	134	OK
REQUEST	Scen_1,NPI	NPI	1622593453814	1622593453948	OK	 
GROUP	Scen_1,NPI	1622593453814	1622593453948	134	OK
GROUP	Scen_1	1622593453814	1622593453949	134	OK
REQUEST	Scen_1,NPI	NPI	1622593453949	1622593454082	OK	 
GROUP	Scen_1,NPI	1622593453949	1622593454083	133	OK
GROUP	Scen_1	1622593453949	1622593454083	133	OK
REQUEST	Scen_1,NPI	NPI	1622593454083	1622593454208	OK	 
GROUP	Scen_1,NPI	1622593454083	1622593454209	125	OK
GROUP	Scen_1	1622593454083	1622593454209	125	OK
REQUEST	Scen_1,NPI	NPI	1622593454209	1622593454336	OK	 
GROUP	Scen_1,NPI	1622593454209	1622593454336	127	OK
GROUP	Scen_1	1622593454209	1622593454336	127	OK
REQUEST	Scen_1,NPI	NPI	1622593454337	1622593454464	OK	 
GROUP	Scen_1,NPI	1622593454337	1622593454465	127	OK
GROUP	Scen_1	1622593454336	1622593454465	127	OK
REQUEST	Scen_1,NPI	NPI	1622593454466	1622593454597	OK	 
GROUP	Scen_1,NPI	1622593454465	1622593454598	131	OK
GROUP	Scen_1	1622593454465	1622593454598	131	OK
REQUEST	Scen_1,NPI	NPI	1622593454598	1622593454740	OK	 
GROUP	Scen_1,NPI	1622593454598	1622593454740	142	OK
GROUP	Scen_1	1622593454598	1622593454740	142	OK
REQUEST	Scen_1,NPI	NPI	1622593454741	1622593454876	OK	 
GROUP	Scen_1,NPI	1622593454741	1622593454877	135	OK
GROUP	Scen_1	1622593454741	1622593454877	135	OK
REQUEST	Scen_1,NPI	NPI	1622593454878	1622593455058	OK	 
GROUP	Scen_1,NPI	1622593454877	1622593455058	180	OK
GROUP	Scen_1	1622593454877	1622593455058	180	OK
REQUEST	Scen_1,NPI	NPI	1622593455059	1622593455204	OK	 
GROUP	Scen_1,NPI	1622593455059	1622593455205	145	OK
GROUP	Scen_1	1622593455059	1622593455205	145	OK
REQUEST	Scen_1,NPI	NPI	1622593455206	1622593455361	OK	 
GROUP	Scen_1,NPI	1622593455205	1622593455361	155	OK
GROUP	Scen_1	1622593455205	1622593455361	155	OK
REQUEST	Scen_1,NPI	NPI	1622593455362	1622593455505	OK	 
GROUP	Scen_1,NPI	1622593455362	1622593455506	143	OK
GROUP	Scen_1	1622593455362	1622593455506	143	OK
REQUEST	Scen_1,NPI	NPI	1622593455506	1622593455653	OK	 
GROUP	Scen_1,NPI	1622593455506	1622593455654	147	OK
GROUP	Scen_1	1622593455506	1622593455654	147	OK
REQUEST	Scen_1,NPI	NPI	1622593455655	1622593455790	OK	 
GROUP	Scen_1,NPI	1622593455654	1622593455791	135	OK
GROUP	Scen_1	1622593455654	1622593455791	135	OK
REQUEST	Scen_1,NPI	NPI	1622593455792	1622593455925	OK	 
GROUP	Scen_1,NPI	1622593455791	1622593455926	133	OK
GROUP	Scen_1	1622593455791	1622593455926	133	OK
REQUEST	Scen_1,NPI	NPI	1622593455926	1622593456137	OK	 
GROUP	Scen_1,NPI	1622593455926	1622593456137	211	OK
GROUP	Scen_1	1622593455926	1622593456137	211	OK
REQUEST	Scen_1,NPI	NPI	1622593456138	1622593456504	OK	 
GROUP	Scen_1,NPI	1622593456138	1622593456505	366	OK
GROUP	Scen_1	1622593456138	1622593456505	366	OK
REQUEST	Scen_1,NPI	NPI	1622593456505	1622593456644	OK	 
GROUP	Scen_1,NPI	1622593456505	1622593456644	139	OK
GROUP	Scen_1	1622593456505	1622593456644	139	OK
REQUEST	Scen_1,NPI	NPI	1622593456645	1622593456781	OK	 
GROUP	Scen_1,NPI	1622593456645	1622593456782	136	OK
GROUP	Scen_1	1622593456645	1622593456782	136	OK
REQUEST	Scen_1,NPI	NPI	1622593456783	1622593456911	OK	 
GROUP	Scen_1,NPI	1622593456782	1622593456912	128	OK
GROUP	Scen_1	1622593456782	1622593456912	128	OK
REQUEST	Scen_1,NPI	NPI	1622593456912	1622593457043	OK	 
GROUP	Scen_1,NPI	1622593456912	1622593457043	131	OK
GROUP	Scen_1	1622593456912	1622593457043	131	OK
REQUEST	Scen_1,NPI	NPI	1622593457044	1622593457173	OK	 
GROUP	Scen_1,NPI	1622593457044	1622593457174	129	OK
GROUP	Scen_1	1622593457044	1622593457174	129	OK
REQUEST	Scen_1,NPI	NPI	1622593457174	1622593457341	OK	 
GROUP	Scen_1,NPI	1622593457174	1622593457341	167	OK
GROUP	Scen_1	1622593457174	1622593457341	167	OK
REQUEST	Scen_1,NPI	NPI	1622593457342	1622593457479	OK	 
GROUP	Scen_1,NPI	1622593457342	1622593457479	137	OK
GROUP	Scen_1	1622593457342	1622593457479	137	OK
REQUEST	Scen_1,NPI	NPI	1622593457480	1622593457612	OK	 
GROUP	Scen_1,NPI	1622593457480	1622593457612	132	OK
GROUP	Scen_1	1622593457480	1622593457612	132	OK
REQUEST	Scen_1,NPI	NPI	1622593457613	1622593457744	OK	 
GROUP	Scen_1,NPI	1622593457613	1622593457745	131	OK
GROUP	Scen_1	1622593457612	1622593457745	131	OK
REQUEST	Scen_1,NPI	NPI	1622593457745	1622593457874	OK	 
GROUP	Scen_1,NPI	1622593457745	1622593457875	129	OK
GROUP	Scen_1	1622593457745	1622593457875	129	OK
REQUEST	Scen_1,NPI	NPI	1622593457875	1622593458033	OK	 
GROUP	Scen_1,NPI	1622593457875	1622593458034	158	OK
GROUP	Scen_1	1622593457875	1622593458034	158	OK
REQUEST	Scen_1,NPI	NPI	1622593458035	1622593458168	OK	 
GROUP	Scen_1,NPI	1622593458034	1622593458169	133	OK
GROUP	Scen_1	1622593458034	1622593458169	133	OK
REQUEST	Scen_1,NPI	NPI	1622593458169	1622593458306	OK	 
GROUP	Scen_1,NPI	1622593458169	1622593458307	137	OK
GROUP	Scen_1	1622593458169	1622593458307	137	OK
REQUEST	Scen_1,NPI	NPI	1622593458307	1622593458432	OK	 
GROUP	Scen_1,NPI	1622593458307	1622593458432	125	OK
GROUP	Scen_1	1622593458307	1622593458432	125	OK
REQUEST	Scen_1,NPI	NPI	1622593458433	1622593458565	OK	 
GROUP	Scen_1,NPI	1622593458432	1622593458566	132	OK
GROUP	Scen_1	1622593458432	1622593458566	132	OK
REQUEST	Scen_1,NPI	NPI	1622593458567	1622593458705	OK	 
GROUP	Scen_1,NPI	1622593458566	1622593458706	138	OK
GROUP	Scen_1	1622593458566	1622593458706	138	OK
REQUEST	Scen_1,NPI	NPI	1622593458707	1622593458840	OK	 
GROUP	Scen_1,NPI	1622593458706	1622593458841	133	OK
GROUP	Scen_1	1622593458706	1622593458841	133	OK
REQUEST	Scen_1,NPI	NPI	1622593458841	1622593458966	OK	 
GROUP	Scen_1,NPI	1622593458841	1622593458966	125	OK
GROUP	Scen_1	1622593458841	1622593458966	125	OK
REQUEST	Scen_1,NPI	NPI	1622593458967	1622593459089	OK	 
GROUP	Scen_1,NPI	1622593458967	1622593459090	122	OK
GROUP	Scen_1	1622593458967	1622593459090	122	OK
REQUEST	Scen_1,NPI	NPI	1622593459090	1622593459221	OK	 
GROUP	Scen_1,NPI	1622593459090	1622593459221	131	OK
GROUP	Scen_1	1622593459090	1622593459221	131	OK
REQUEST	Scen_1,NPI	NPI	1622593459222	1622593459367	OK	 
GROUP	Scen_1,NPI	1622593459222	1622593459368	145	OK
GROUP	Scen_1	1622593459222	1622593459368	145	OK
REQUEST	Scen_1,NPI	NPI	1622593459368	1622593459491	OK	 
GROUP	Scen_1,NPI	1622593459368	1622593459492	123	OK
GROUP	Scen_1	1622593459368	1622593459492	123	OK
REQUEST	Scen_1,NPI	NPI	1622593459492	1622593459634	OK	 
GROUP	Scen_1,NPI	1622593459492	1622593459635	142	OK
GROUP	Scen_1	1622593459492	1622593459635	142	OK
REQUEST	Scen_1,NPI	NPI	1622593459635	