RUN	LandingPage	landingpage	1623787637345	 	3.5.1
USER	LandingPage	START	1623787638816
REQUEST		request_0	1623787638829	1623787639167	OK	 
REQUEST		request_0 Redirect 1	1623787639179	1623787639682	OK	 
REQUEST		request_0 Redirect 2	1623787639685	1623787639830	OK	 
REQUEST		request_0 Redirect 3	1623787639832	1623787640130	OK	 
REQUEST		request_13	1623787640425	1623787640970	OK	 
REQUEST		request_25	1623787640487	1623787640980	OK	 
REQUEST		{{favIconPath}}	1623787640187	1623787641054	OK	 
REQUEST		request_11	1623787640189	1623787641248	OK	 
REQUEST		{{favIconPath}}	1623787641055	1623787641270	OK	 
REQUEST		global-app-config.js	1623787640187	1623787641272	OK	 
REQUEST		request_29	1623787640625	1623787641276	OK	 
REQUEST		request_28	1623787640625	1623787641285	OK	 
REQUEST		request_31	1623787640626	1623787641291	OK	 
REQUEST		request_44	1623787640424	1623787641292	OK	 
REQUEST		request_30	1623787640626	1623787641357	OK	 
REQUEST		uitk-req-min-945fd9447c.js	1623787640188	1623787641361	OK	 
REQUEST		request_42	1623787640329	1623787641364	OK	 
REQUEST		request_32	1623787641277	1623787641400	OK	 
REQUEST		request_33	1623787641286	1623787641402	OK	 
REQUEST		uitk-req-min-948de8930b.css	1623787640186	1623787641421	OK	 
REQUEST		request_34	1623787641291	1623787641464	OK	 
REQUEST		request_35	1623787641358	1623787641472	OK	 
REQUEST		request_26	1623787640623	1623787641475	OK	 
REQUEST		request_1	1623787641363	1623787641480	OK	 
REQUEST		request_37	1623787641403	1623787641518	OK	 
REQUEST		request_2	1623787641433	1623787641528	OK	 
REQUEST		request_36	1623787641401	1623787641579	OK	 
REQUEST		request_38	1623787641465	1623787641584	OK	 
REQUEST		newrelic.js	1623787641272	1623787641589	OK	 
REQUEST		request_39	1623787641473	1623787641592	OK	 
REQUEST		request_27	1623787640624	1623787641607	OK	 
REQUEST		request_3	1623787641481	1623787641635	OK	 
REQUEST		request_43	1623787641520	1623787641638	OK	 
REQUEST		request_45	1623787641583	1623787641702	OK	 
REQUEST		request_41	1623787641477	1623787641731	OK	 
REQUEST		request_6	1623787641530	1623787641764	OK	 
REQUEST		request_7	1623787641590	1623787641819	OK	 
REQUEST		request_12	1623787641782	1623787641920	OK	 
REQUEST		request_46	1623787640488	1623787642012	OK	 
REQUEST		request_14	1623787641838	1623787642039	OK	 
REQUEST		request_10	1623787641636	1623787642046	OK	 
REQUEST		summer.js	1623787640185	1623787642087	OK	 
REQUEST		request_16	1623787642040	1623787642143	OK	 
REQUEST		request_17	1623787642049	1623787642150	OK	 
REQUEST		request_18	1623787642090	1623787642154	OK	 
REQUEST		request_15	1623787641922	1623787642169	OK	 
REQUEST		prelogin-f85aab9ec4.min.js	1623787641271	1623787642174	OK	 
REQUEST		request_19	1623787642144	1623787642241	OK	 
REQUEST		request_23	1623787642171	1623787642244	OK	 
REQUEST		request_21	1623787642151	1623787642245	OK	 
REQUEST		lib-min-7e6d84b497.js	1623787640188	1623787642252	OK	 
REQUEST		request_22	1623787642155	1623787642301	OK	 
USER	LandingPage	END	1623787642308
