RUN	Optum.Framework.OptumSim	optumsim	1620924196334	 	3.5.1
USER	Users_1	START	1620924197803
REQUEST	Scen_1,Login	BasePage	1620924197822	1620924198183	OK	 
REQUEST	Scen_1,Login	BasePage_1	1620924198203	1620924198300	OK	 
REQUEST	Scen_1,Login	BasePage_2	1620924198307	1620924198392	OK	 
REQUEST	Scen_1,Login	BasePage_3	1620924198393	1620924198478	OK	 
REQUEST	Scen_1,Login	BasePage_4	1620924198479	1620924198561	OK	 
REQUEST	Scen_1,Login	BasePage_5	1620924198563	1620924200454	OK	 
GROUP	Scen_1,Login	1620924197806	1620924200456	2601	OK
REQUEST	Scen_1,SearchByActiveMember	Select_SearchByActiveMember	1620924201461	1620924201610	OK	 
GROUP	Scen_1,SearchByActiveMember	1620924201461	1620924201611	149	OK
REQUEST	Scen_1,SearchName_douglas	Search_1	1620924204582	1620924205069	OK	 
REQUEST	Scen_1,SearchName_douglas	Search_2003330312"	1620924205074	1620924205809	OK	 
GROUP	Scen_1,SearchName_douglas	1620924204580	1620924205810	1222	OK
REQUEST	Scen_1,SelectMemberbyName_2003330312"	Select_douglas	1620924208602	1620924208700	OK	 
REQUEST	Scen_1,SelectMemberbyName_2003330312"	request_1	1620924208701	1620924208852	OK	 
REQUEST	Scen_1,SelectMemberbyName_2003330312"	request_2	1620924208854	1620924208948	KO	status.find.in(200,201,202,203,204,205,206,207,208,209,304), found 400
GROUP	Scen_1,SelectMemberbyName_2003330312"	1620924208601	1620924208950	343	KO
GROUP	Scen_1	1620924197806	1620924211921	4315	KO
USER	Users_1	END	1620924211924
