RUN	ocmlogin	ocmlogin	1630258383291	 	3.5.1
USER	ocmlogin	START	1630258387619
REQUEST		Authenticate	1630258387643	1630258389046	OK	 
REQUEST		request_0	1630258389077	1630258389745	OK	 
REQUEST		request_1	1630258389748	1630258389818	OK	 
REQUEST		request_2	1630258389824	1630258390699	OK	 
REQUEST		request_2 Redirect 1	1630258390703	1630258390802	OK	 
REQUEST		request_2 Redirect 2	1630258390804	1630258390916	OK	 
REQUEST		common.js	1630258390987	1630258391334	OK	 
REQUEST		msidpassword.js	1630258390986	1630258391340	OK	 
REQUEST		UHG_Header_Logo.png	1630258390985	1630258391354	OK	 
REQUEST		common.css	1630258390985	1630258391359	OK	 
REQUEST		bootstrap.min.css	1630258390984	1630258392463	OK	 
REQUEST		request_3	1630258392472	1630258393980	OK	 
REQUEST		webapis-rtc-peer-connection.min.js	1630258395296	1630258398914	OK	 
REQUEST		zone-patch-user-media.js	1630258395297	1630258398921	OK	 
REQUEST		runtime.min.js	1630258395297	1630258398978	OK	 
REQUEST		system.min.js	1630258395299	1630258398984	OK	 
REQUEST		icon?family=Material+Icons	1630258395159	1630258398987	OK	 
REQUEST		amd.min.js	1630258398917	1630258398994	OK	 
REQUEST		named-exports.min.js	1630258398923	1630258398995	OK	 
REQUEST		omni-chat-widget-settings.js	1630258396434	1630258399038	OK	 
REQUEST		css2?family=Roboto:wght@300;400;500&display=swap	1630258395069	1630258399054	OK	 
REQUEST		zone.min.js	1630258395227	1630258399176	OK	 
REQUEST		bootstrap.min.js	1630258395159	1630258399296	OK	 
REQUEST		global-this	1630258395368	1630258399340	OK	 
REQUEST		global-this	1630258399342	1630258399437	OK	 
REQUEST		import-map-overrides.js	1630258395298	1630258399486	OK	 
REQUEST		minified.min.js	1630258398980	1630258399508	OK	 
REQUEST		global-this	1630258399438	1630258399516	OK	 
REQUEST		omni-chat-widget.js	1630258398627	1630258399649	OK	 
REQUEST		jquery-3.3.1.slim.min.js	1630258393989	1630258399784	OK	 
REQUEST		popper.min.js	1630258395299	1630258399937	OK	 
REQUEST		omni-chat-widget.css	1630258398627	1630258400014	OK	 
REQUEST		d3.v3.min.js	1630258398628	1630258401223	OK	 
REQUEST		jquery-2.2.4.min.js	1630258395068	1630258402918	OK	 
REQUEST		request_21	1630258402925	1630258402994	OK	 
REQUEST		request_22	1630258402995	1630258403078	OK	 
REQUEST		request_23	1630258403079	1630258403157	OK	 
REQUEST		request_24	1630258403158	1630258404302	OK	 
REQUEST		request_25	1630258404304	1630258404498	OK	 
REQUEST		request_26	1630258404500	1630258406973	OK	 
REQUEST		request_27	1630258407026	1630258407115	OK	 
REQUEST		request_28	1630258407118	1630258407248	OK	 
REQUEST		request_29	1630258407250	1630258408270	OK	 
REQUEST		request_30	1630258408272	1630258409101	OK	 
REQUEST		request_31	1630258409103	1630258412426	OK	 
REQUEST		request_32	1630258412430	1630258412580	OK	 
REQUEST		request_33	1630258412582	1630258412682	KO	status.find.in(200,201,202,203,204,205,206,207,208,209,304), found 400
REQUEST		request_34	1630258412685	1630258414576	OK	 
REQUEST		request_35	1630258414577	1630258414956	OK	 
REQUEST		request_36	1630258414959	1630258415422	KO	status.find.in(200,201,202,203,204,205,206,207,208,209,304), found 400
REQUEST		request_37	1630258415423	1630258415505	OK	 
REQUEST		request_38	1630258415506	1630258415778	OK	 
REQUEST		request_39	1630258415780	1630258415868	OK	 
REQUEST		request_40	1630258415869	1630258416760	OK	 
REQUEST		request_41	1630258416762	1630258416846	OK	 
REQUEST		request_42	1630258416847	1630258417316	OK	 
REQUEST		request_43	1630258417317	1630258417397	OK	 
REQUEST		request_44	1630258417398	1630258417511	OK	 
REQUEST		request_45	1630258417512	1630258417634	OK	 
USER	ocmlogin	END	1630258417648
