RUN	BOLogin	bologin	1623275098441	 	3.5.1
USER	BOLogin	START	1623275099934
REQUEST		request_0	1623275099947	1623275100600	OK	 
REQUEST		request_1	1623275100616	1623275100784	OK	 
REQUEST		request_2	1623275100618	1623275101311	OK	 
REQUEST		request_3	1623275104319	1623275105083	OK	 
REQUEST		request_4	1623275105085	1623275105201	OK	 
REQUEST		request_5	1623275105086	1623275105730	OK	 
REQUEST		request_6	1623275106736	1623275106908	OK	 
REQUEST		request_7	1623275107911	1623275108026	OK	 
REQUEST		request_8	1623275111029	1623275111669	OK	 
REQUEST		request_9	1623275111670	1623275111784	OK	 
ERROR	request_10: Failed to build request: Resource /recordedsimulation/0010_request.json not found 	1623275113792
REQUEST		request_62	1623275148799	1623275149358	OK	 
REQUEST		request_63	1623275149582	1623275149728	OK	 
REQUEST		request_69	1623275149729	1623275149798	OK	 
REQUEST		request_70	1623275149810	1623275149874	OK	 
REQUEST		request_71	1623275149876	1623275149957	OK	 
REQUEST		request_67	1623275149585	1623275149991	OK	 
REQUEST		request_66	1623275149585	1623275149993	OK	 
REQUEST		request_64	1623275149583	1623275149996	OK	 
REQUEST		request_65	1623275149584	1623275149999	OK	 
REQUEST		request_101	1623275149386	1623275150146	OK	 
REQUEST		request_97	1623275149725	1623275150154	OK	 
REQUEST		request_95	1623275149724	1623275150156	OK	 
REQUEST		request_72	1623275149958	1623275150157	OK	 
REQUEST		request_93	1623275149721	1623275150159	OK	 
REQUEST		request_68	1623275149586	1623275150163	OK	 
REQUEST		request_92	1623275149586	1623275150168	OK	 
REQUEST		request_96	1623275149724	1623275150196	OK	 
REQUEST		request_75	1623275149998	1623275150208	OK	 
REQUEST		request_73	1623275149992	1623275150211	OK	 
REQUEST		request_100	1623275150156	1623275150251	OK	 
REQUEST		request_77	1623275150158	1623275150253	OK	 
REQUEST		request_78	1623275150164	1623275150257	OK	 
REQUEST		request_102	1623275150160	1623275150264	OK	 
REQUEST		request_80	1623275150212	1623275150299	OK	 
REQUEST		request_76	1623275150001	1623275150309	OK	 
REQUEST		request_82	1623275150259	1623275150333	OK	 
REQUEST		request_81	1623275150254	1623275150343	OK	 
REQUEST		request_83	1623275150300	1623275150385	OK	 
REQUEST		request_84	1623275150310	1623275150419	OK	 
REQUEST		request_85	1623275150334	1623275150421	OK	 
REQUEST		request_86	1623275150344	1623275150423	OK	 
REQUEST		request_94	1623275149723	1623275150443	OK	 
REQUEST		request_87	1623275150386	1623275150454	OK	 
REQUEST		request_98	1623275149725	1623275150476	OK	 
REQUEST		request_88	1623275150420	1623275150487	OK	 
REQUEST		request_74	1623275149995	1623275150541	OK	 
REQUEST		request_65	1623275150002	1623275150559	OK	 
REQUEST		request_99	1623275150155	1623275150669	OK	 
REQUEST		request_79	1623275150209	1623275150693	OK	 
REQUEST		request_65	1623275150559	1623275150715	OK	 
REQUEST		request_65	1623275150715	1623275150922	OK	 
REQUEST		request_90	1623275150423	1623275151611	OK	 
REQUEST		request_89	1623275150422	1623275151776	OK	 
USER	BOLogin	END	1623275151786
