RUN	Optum.Framework.OptumSim	optumsim	1622578485208	Optum.Framework.OptumSim-SIMULATION_1_2:SIMULATION_2_0:SIMULATION_3_0:SIMULATION_4_0:Iterations_2	3.5.1
USER	Users_1	START	1622578486588
REQUEST	Scen_1,Login	BasePage	1622578486611	1622578486901	OK	 
REQUEST	Scen_1,Login	BasePage_1	1622578486930	1622578487010	OK	 
REQUEST	Scen_1,Login	BasePage_2	1622578487018	1622578487079	OK	 
REQUEST	Scen_1,Login	BasePage_3	1622578487080	1622578487150	OK	 
REQUEST	Scen_1,Login	BasePage_4	1622578487151	1622578487216	OK	 
REQUEST	Scen_1,Login	BasePage_5	1622578487217	1622578488962	OK	 
GROUP	Scen_1,Login	1622578486592	1622578488963	2311	OK
REQUEST	Scen_1,SearchByActiveMember	Select_SearchByActiveMember	1622578489973	1622578490269	OK	 
GROUP	Scen_1,SearchByActiveMember	1622578489972	1622578490270	296	OK
USER	Users_1	START	1622578491577
REQUEST	Scen_1,Login	BasePage	1622578491578	1622578491867	OK	 
REQUEST	Scen_1,Login	BasePage_1	1622578491868	1622578491948	OK	 
REQUEST	Scen_1,SearchName_douglas	Search_1	1622578491502	1622578491992	OK	 
REQUEST	Scen_1,Login	BasePage_2	1622578491949	1622578492032	OK	 
REQUEST	Scen_1,Login	BasePage_3	1622578492033	1622578492097	OK	 
REQUEST	Scen_1,Login	BasePage_4	1622578492098	1622578492164	OK	 
REQUEST	Scen_1,SearchName_douglas	Search_2003330312	1622578491997	1622578492638	OK	 
GROUP	Scen_1,SearchName_douglas	1622578491499	1622578492638	1131	OK
REQUEST	Scen_1,Login	BasePage_5	1622578492165	1622578494044	OK	 
GROUP	Scen_1,Login	1622578491577	1622578494045	2461	OK
REQUEST	Scen_1,S_2003330312	Select_douglas	1622578494003	1622578494082	OK	 
REQUEST	Scen_1,SearchByActiveMember	Select_SearchByActiveMember	1622578495051	1622578495176	OK	 
GROUP	Scen_1,SearchByActiveMember	1622578495051	1622578495177	125	OK
REQUEST	Scen_1,S_2003330312	request_1	1622578494083	1622578496122	OK	 
REQUEST	Scen_1,SearchName_thomas	Search_1	1622578496462	1622578498989	OK	 
REQUEST	Scen_1,SearchName_thomas	Search_903323080	1622578498990	1622578501754	OK	 
GROUP	Scen_1,SearchName_thomas	1622578496461	1622578501755	5291	OK
REQUEST	Scen_1,S_2003330312	request_2003330312	1622578496123	1622578501847	OK	 
GROUP	Scen_1,S_2003330312	1622578494002	1622578501847	7842	OK
REQUEST	Scen_1,S_903323080	Select_thomas	1622578503536	1622578503618	OK	 
REQUEST	Scen_1,S_903323080	request_1	1622578503619	1622578504108	OK	 
REQUEST	Scen_1,DrillDown_douglas	64881	1622578503797	1622578504928	OK	 
GROUP	Scen_1,DrillDown_douglas	1622578503796	1622578504928	1131	OK
REQUEST	Scen_1,SearchByActiveMember	Select_SearchByActiveMember	1622578506151	1622578506300	OK	 
GROUP	Scen_1,SearchByActiveMember	1622578506151	1622578506300	149	OK
REQUEST	Scen_1,S_903323080	request_903323080	1622578504109	1622578507283	OK	 
GROUP	Scen_1,S_903323080	1622578503535	1622578507284	3745	OK
REQUEST	Scen_1,DrillDown_thomas	68806	1622578508436	1622578509038	OK	 
GROUP	Scen_1,DrillDown_thomas	1622578508435	1622578509039	602	OK
REQUEST	Scen_1,SearchName_smith	Search_1	1622578508088	1622578509045	OK	 
REQUEST	Scen_1,SearchName_smith	Search_403324605	1622578509046	1622578510350	OK	 
GROUP	Scen_1,SearchName_smith	1622578508087	1622578510351	2261	OK
REQUEST	Scen_1,SearchByActiveMember	Select_SearchByActiveMember	1622578510281	1622578510652	OK	 
GROUP	Scen_1,SearchByActiveMember	1622578510280	1622578510652	371	OK
REQUEST	Scen_1,S_403324605	Select_smith	1622578511895	1622578512060	OK	 
REQUEST	Scen_1,S_403324605	request_1	1622578512061	1622578512710	OK	 
REQUEST	Scen_1,SearchName_roger	Search_1	1622578511840	1622578512711	OK	 
REQUEST	Scen_1,SearchName_roger	Search_403328329	1622578512712	1622578514452	OK	 
GROUP	Scen_1,SearchName_roger	1622578511839	1622578514453	2611	OK
REQUEST	Scen_1,S_403328329	Select_roger	1622578516425	1622578516601	OK	 
REQUEST	Scen_1,S_403324605	request_403324605	1622578512712	1622578516795	OK	 
GROUP	Scen_1,S_403324605	1622578511894	1622578516796	4897	OK
REQUEST	Scen_1,S_403328329	request_1	1622578516603	1622578517319	OK	 
REQUEST	Scen_1,DrillDown_smith	68530	1622578518417	1622578518993	OK	 
GROUP	Scen_1,DrillDown_smith	1622578518417	1622578518993	576	OK
GROUP	Scen_1	1622578486591	1622578520254	20594	OK
REQUEST	Scen_1,S_403328329	request_403328329	1622578517320	1622578520265	OK	 
GROUP	Scen_1,S_403328329	1622578516424	1622578520265	3837	OK
REQUEST	Scen_1,Login	BasePage	1622578520254	1622578520320	OK	 
REQUEST	Scen_1,Login	BasePage_1	1622578520321	1622578520386	OK	 
REQUEST	Scen_1,Login	BasePage_2	1622578520387	1622578520451	OK	 
REQUEST	Scen_1,Login	BasePage_3	1622578520452	1622578520517	OK	 
REQUEST	Scen_1,Login	BasePage_4	1622578520518	1622578520581	OK	 
REQUEST	Scen_1,Login	BasePage_5	1622578520582	1622578522744	OK	 
GROUP	Scen_1,Login	1622578520254	1622578522745	2485	OK
REQUEST	Scen_1,SearchByActiveMember	Select_SearchByActiveMember	1622578523747	1622578524181	OK	 
GROUP	Scen_1,SearchByActiveMember	1622578523746	1622578524181	434	OK
REQUEST	Scen_1,DrillDown_roger	63702	1622578521751	1622578524191	OK	 
GROUP	Scen_1,DrillDown_roger	1622578521750	1622578524192	2440	OK
GROUP	Scen_1	1622578491577	1622578525369	21483	OK
REQUEST	Scen_1,Login	BasePage	1622578525370	1622578525435	OK	 
REQUEST	Scen_1,Login	BasePage_1	1622578525436	1622578525502	OK	 
REQUEST	Scen_1,Login	BasePage_2	1622578525503	1622578525567	OK	 
REQUEST	Scen_1,Login	BasePage_3	1622578525568	1622578525635	OK	 
REQUEST	Scen_1,Login	BasePage_4	1622578525636	1622578525700	OK	 
REQUEST	Scen_1,SearchName_baker	Search_1	1622578526166	1622578527559	OK	 
REQUEST	Scen_1,SearchName_baker	Search_1803327625	1622578527561	1622578528760	OK	 
GROUP	Scen_1,SearchName_baker	1622578526166	1622578528761	2592	OK
REQUEST	Scen_1,Login	BasePage_5	1622578525701	1622578529978	OK	 
GROUP	Scen_1,Login	1622578525369	1622578529978	4603	OK
REQUEST	Scen_1,S_1803327625	Select_baker	1622578529846	1622578530008	OK	 
REQUEST	Scen_1,S_1803327625	request_1	1622578530009	1622578530272	OK	 
REQUEST	Scen_1,SearchByActiveMember	Select_SearchByActiveMember	1622578530980	1622578531142	OK	 
GROUP	Scen_1,SearchByActiveMember	1622578530980	1622578531142	162	OK
REQUEST	Scen_1,S_1803327625	request_1803327625	1622578530273	1622578532679	OK	 
GROUP	Scen_1,S_1803327625	1622578529846	1622578532679	2831	OK
REQUEST	Scen_1,SearchName_douglas	Search_1	1622578532215	1622578532880	OK	 
REQUEST	Scen_1,SearchName_douglas	Search_2003330312	1622578532883	1622578533397	OK	 
GROUP	Scen_1,SearchName_douglas	1622578532214	1622578533397	1179	OK
REQUEST	Scen_1,DrillDown_baker	68847	1622578534214	1622578534625	OK	 
GROUP	Scen_1,DrillDown_baker	1622578534213	1622578534625	411	OK
REQUEST	Scen_1,S_2003330312	Select_douglas	1622578534983	1622578535066	OK	 
REQUEST	Scen_1,SearchByActiveMember	Select_SearchByActiveMember	1622578536117	1622578536434	OK	 
GROUP	Scen_1,SearchByActiveMember	1622578536117	1622578536435	317	OK
REQUEST	Scen_1,S_2003330312	request_1	1622578535067	1622578537122	OK	 
REQUEST	Scen_1,SearchName_thomas	Search_1	1622578538212	1622578540561	OK	 
REQUEST	Scen_1,S_2003330312	request_2003330312	1622578537123	1622578541178	OK	 
GROUP	Scen_1,S_2003330312	1622578534983	1622578541178	6193	OK
REQUEST	Scen_1,SearchName_thomas	Search_903323080	1622578540563	1622578541790	OK	 
GROUP	Scen_1,SearchName_thomas	1622578538212	1622578541791	3576	OK
REQUEST	Scen_1,DrillDown_douglas	64881	1622578542435	1622578542636	OK	 
GROUP	Scen_1,DrillDown_douglas	1622578542435	1622578542637	201	OK
REQUEST	Scen_1,S_903323080	Select_thomas	1622578543617	1622578543897	OK	 
REQUEST	Scen_1,S_903323080	request_1	1622578543898	1622578544339	OK	 
REQUEST	Scen_1,SearchByActiveMember	Select_SearchByActiveMember	1622578544329	1622578544740	OK	 
GROUP	Scen_1,SearchByActiveMember	1622578544329	1622578544740	411	OK
REQUEST	Scen_1,S_903323080	request_903323080	1622578544340	1622578547319	OK	 
GROUP	Scen_1,S_903323080	1622578543617	1622578547320	3700	OK
REQUEST	Scen_1,SearchName_smith	Search_1	1622578545986	1622578547527	OK	 
REQUEST	Scen_1,SearchName_smith	Search_403324605	1622578547528	1622578548449	OK	 
GROUP	Scen_1,SearchName_smith	1622578545985	1622578548449	2462	OK
REQUEST	Scen_1,DrillDown_thomas	68806	1622578548686	1622578548837	OK	 
GROUP	Scen_1,DrillDown_thomas	1622578548686	1622578548838	151	OK
GROUP	Scen_1	1622578520254	1622578550193	16497	OK
USER	Users_1	END	1622578550195
REQUEST	Scen_1,S_403324605	Select_smith	1622578550318	1622578550487	OK	 
REQUEST	Scen_1,S_403324605	request_1	1622578550488	1622578551213	OK	 
REQUEST	Scen_1,S_403324605	request_403324605	1622578551214	1622578553877	OK	 
GROUP	Scen_1,S_403324605	1622578550318	1622578553877	3557	OK
REQUEST	Scen_1,DrillDown_smith	68530	1622578555245	1622578555821	OK	 
GROUP	Scen_1,DrillDown_smith	1622578555244	1622578555822	576	OK
GROUP	Scen_1	1622578525369	1622578557292	19344	OK
USER	Users_1	END	1622578557293
