RUN	Optum.Framework.OptumSim	optumsim	1620924629037	 	3.5.1
USER	Users_1	START	1620924630620
REQUEST	Scen_1,Login	BasePage	1620924630636	1620924630997	OK	 
REQUEST	Scen_1,Login	BasePage_1	1620924631020	1620924631117	OK	 
REQUEST	Scen_1,Login	BasePage_2	1620924631124	1620924631204	OK	 
REQUEST	Scen_1,Login	BasePage_3	1620924631205	1620924631286	OK	 
REQUEST	Scen_1,Login	BasePage_4	1620924631288	1620924631378	OK	 
REQUEST	Scen_1,Login	BasePage_5	1620924631379	1620924633006	OK	 
GROUP	Scen_1,Login	1620924630623	1620924633007	2336	OK
REQUEST	Scen_1,SearchByActiveMember	Select_SearchByActiveMember	1620924634016	1620924634169	OK	 
GROUP	Scen_1,SearchByActiveMember	1620924634016	1620924634170	153	OK
REQUEST	Scen_1,SearchName_douglas	Search_1	1620924636901	1620924637591	OK	 
REQUEST	Scen_1,SearchName_douglas	Search_2003330312"	1620924637598	1620924638039	OK	 
GROUP	Scen_1,SearchName_douglas	1620924636897	1620924638040	1131	OK
REQUEST	Scen_1,SelectMemberbyName_2003330312"	Select_douglas	1620924640583	1620924640683	OK	 
REQUEST	Scen_1,SelectMemberbyName_2003330312"	request_1	1620924640684	1620924640801	OK	 
REQUEST	Scen_1,SelectMemberbyName_2003330312"	request_2003330312"	1620924640803	1620924642795	OK	 
GROUP	Scen_1,SelectMemberbyName_2003330312"	1620924640582	1620924642796	2209	OK
GROUP	Scen_1	1620924630622	1620924644908	5829	OK
USER	Users_1	END	1620924644911
