RUN	BO.Framework.BOSim	bosim	1623696030299	 	3.5.1
USER	Users_1	START	1623696031844
REQUEST	LOGIN,LOGIN	LOGIN	1623696031865	1623696032709	OK	 
REQUEST	LOGIN,LOGIN	request_11	1623696032730	1623696032891	OK	 
REQUEST	LOGIN,LOGIN	request_12	1623696032896	1623696032992	OK	 
REQUEST	LOGIN,LOGIN	request_13	1623696032993	1623696033459	OK	 
REQUEST	LOGIN,LOGIN	request_14	1623696033460	1623696033527	OK	 
REQUEST	LOGIN,LOGIN	request_14 Redirect 1	1623696033529	1623696033625	OK	 
REQUEST	LOGIN,LOGIN	lib-min-7e6d84b497.js	1623696033655	1623696033879	OK	 
REQUEST	LOGIN,LOGIN	consumer-7acd47889c.css	1623696033657	1623696033971	OK	 
REQUEST	LOGIN,LOGIN	consumer-optum3-b35069f230.css	1623696033658	1623696033980	OK	 
REQUEST	LOGIN,LOGIN	error-63062f7857.min.js	1623696033656	1623696033982	OK	 
REQUEST	LOGIN,LOGIN	favicon.ico	1623696033658	1623696033982	OK	 
REQUEST	LOGIN,LOGIN	uitk-req-min-948de8930b.css	1623696033657	1623696034034	OK	 
REQUEST	LOGIN,LOGIN	request_19	1623696034042	1623696034851	OK	 
REQUEST	LOGIN,LOGIN	publicSector.js	1623696034858	1623696034930	OK	 
REQUEST	LOGIN,LOGIN	providerExpress_logo.gif	1623696034930	1623696035000	OK	 
REQUEST	LOGIN,LOGIN	loading.gif	1623696035000	1623696035070	OK	 
REQUEST	LOGIN,LOGIN	sso.js	1623696034858	1623696035129	OK	 
REQUEST	LOGIN,LOGIN	tabs.css	1623696034859	1623696035130	OK	 
REQUEST	LOGIN,LOGIN	space.gif	1623696035071	1623696035145	OK	 
REQUEST	LOGIN,LOGIN	home-bar.css	1623696034860	1623696035151	OK	 
REQUEST	LOGIN,LOGIN	uolStyle.css	1623696034859	1623696035215	OK	 
REQUEST	LOGIN,LOGIN	jquery-3.3.1.slim.min.js	1623696034860	1623696035309	OK	 
REQUEST	LOGIN,LOGIN	request_20	1623696035310	1623696035387	OK	 
REQUEST	LOGIN,LOGIN	request_22	1623696035387	1623696035464	OK	 
REQUEST	LOGIN,LOGIN	request_23	1623696035465	1623696035534	OK	 
REQUEST	LOGIN,LOGIN	request_23 Redirect 1	1623696035535	1623696035687	OK	 
REQUEST	LOGIN,LOGIN	request_23 Redirect 2	1623696035687	1623696035838	OK	 
REQUEST	LOGIN,LOGIN	request_23 Redirect 3	1623696035838	1623696036086	OK	 
REQUEST	LOGIN,LOGIN	uitk-req-min-945fd9447c.js	1623696036094	1623696036196	OK	 
REQUEST	LOGIN,LOGIN	newrelic.js	1623696036094	1623696036198	OK	 
REQUEST	LOGIN,LOGIN	global-app-config.js	1623696036093	1623696036207	OK	 
REQUEST	LOGIN,LOGIN	prelogin-f85aab9ec4.min.js	1623696036094	1623696036259	OK	 
REQUEST	LOGIN,LOGIN	{{favIconPath}}	1623696036093	1623696036275	OK	 
REQUEST	LOGIN,LOGIN	summer.js	1623696036092	1623696036446	OK	 
REQUEST	LOGIN,LOGIN	request_25	1623696036447	1623696036528	OK	 
REQUEST	LOGIN,LOGIN	request_26	1623696036530	1623696036610	OK	 
REQUEST	LOGIN,LOGIN	request_27	1623696036611	1623696036687	OK	 
REQUEST	LOGIN,LOGIN	request_28	1623696036688	1623696036824	OK	 
REQUEST	LOGIN,LOGIN	request_29	1623696036825	1623696036897	OK	 
REQUEST	LOGIN,LOGIN	request_45	1623696036898	1623696037236	OK	 
REQUEST	LOGIN,LOGIN	request_46	1623696037237	1623696037753	OK	 
REQUEST	LOGIN,LOGIN	request_50	1623696037754	1623696037828	OK	 
REQUEST	LOGIN,LOGIN	request_51	1623696037829	1623696038391	OK	 
REQUEST	LOGIN,LOGIN	request_52	1623696038395	1623696039837	OK	 
REQUEST	LOGIN,LOGIN	request_53	1623696039838	1623696040035	OK	 
REQUEST	LOGIN,LOGIN	request_54	1623696040036	1623696040177	OK	 
REQUEST	LOGIN,LOGIN	request_55	1623696040178	1623696040346	OK	 
REQUEST	LOGIN,LOGIN	request_56	1623696040346	1623696040460	OK	 
REQUEST	LOGIN,LOGIN	request_57	1623696040461	1623696040750	OK	 
REQUEST	LOGIN,LOGIN	request_58	1623696040751	1623696041032	OK	 
REQUEST	LOGIN,LOGIN	request_60	1623696041032	1623696041154	OK	 
REQUEST	LOGIN,LOGIN	request_61	1623696041155	1623696041522	OK	 
GROUP	LOGIN,LOGIN	1623696031848	1623696041522	9564	OK
GROUP	LOGIN	1623696031846	1623696042764	9564	OK
USER	Users_1	END	1623696042770
