RUN	JJ.Framework.JJSim	jjsim	1622655263449	JJ.Framework.JJSim-SIMULATION_1_0:SIMULATION_2_0:SIMULATION_3_1:SIMULATION_4_0:Iterations_10	3.5.1
USER	Users_3	START	1622655264809
REQUEST	LName,LN	LName_Smith	1622655264831	1622655277928	OK	 
GROUP	LName,LN	1622655264814	1622655277980	13097	OK
GROUP	LName	1622655264811	1622655279538	13097	OK
REQUEST	LName,LN	LName_Jones	1622655279543	1622655283297	OK	 
GROUP	LName,LN	1622655279541	1622655283301	3754	OK
GROUP	LName	1622655279539	1622655284429	3754	OK
REQUEST	LName,LN	LName_Rogers	1622655284430	1622655285840	OK	 
GROUP	LName,LN	1622655284429	1622655285843	1410	OK
GROUP	LName	1622655284429	1622655287112	1410	OK
REQUEST	LName,LN	LName_Smith	1622655287114	1622655295144	OK	 
GROUP	LName,LN	1622655287113	1622655295150	8030	OK
GROUP	LName	1622655287112	1622655297044	8030	OK
REQUEST	LName,LN	LName_Smith	1622655297046	1622655304861	OK	 
GROUP	LName,LN	1622655297045	1622655304867	7815	OK
GROUP	LName	1622655297044	1622655306335	7815	OK
REQUEST	LName,LN	LName_Jones	1622655306337	1622655310794	OK	 
GROUP	LName,LN	1622655306336	1622655310797	4457	OK
GROUP	LName	1622655306336	1622655312266	4457	OK
REQUEST	LName,LN	LName_Rogers	1622655312267	1622655314875	OK	 
GROUP	LName,LN	1622655312267	1622655314877	2608	OK
GROUP	LName	1622655312267	1622655316687	2608	OK
REQUEST	LName,LN	LName_Smith	1622655316689	1622655325508	OK	 
GROUP	LName,LN	1622655316688	1622655325514	8819	OK
GROUP	LName	1622655316687	1622655326739	8819	OK
REQUEST	LName,LN	LName_Jones	1622655326741	1622655330780	OK	 
GROUP	LName,LN	1622655326740	1622655330784	4039	OK
GROUP	LName	1622655326739	1622655332644	4039	OK
REQUEST	LName,LN	LName_Rogers	1622655332645	1622655333700	OK	 
GROUP	LName,LN	1622655332644	1622655333702	1055	OK
GROUP	LName	1622655332644	1622655335034	1055	OK
USER	Users_3	END	1622655335036
