RUN	JJ.Framework.JJSim	jjsim	1622655787608	JJ.Framework.JJSim-SIMULATION_1_1:SIMULATION_2_0:SIMULATION_3_0:SIMULATION_4_0:Iterations_10	3.5.1
USER	Users_1	START	1622655789039
REQUEST	NPI,NPI	NPI_1245318229	1622655789064	1622655794848	OK	 
GROUP	NPI,NPI	1622655789044	1622655794884	5784	OK
GROUP	NPI	1622655789042	1622655796218	5784	OK
REQUEST	NPI,NPI	NPI_1821049651	1622655796223	1622655796406	OK	 
GROUP	NPI,NPI	1622655796220	1622655796407	183	OK
GROUP	NPI	1622655796219	1622655797538	183	OK
REQUEST	NPI,NPI	NPI_1114976883	1622655797539	1622655797878	OK	 
GROUP	NPI,NPI	1622655797538	1622655797879	339	OK
GROUP	NPI	1622655797538	1622655799104	339	OK
REQUEST	NPI,NPI	NPI_1740270032	1622655799105	1622655799264	OK	 
GROUP	NPI,NPI	1622655799104	1622655799265	159	OK
GROUP	NPI	1622655799104	1622655801046	159	OK
REQUEST	NPI,NPI	NPI_1245419696	1622655801046	1622655801504	OK	 
GROUP	NPI,NPI	1622655801046	1622655801505	458	OK
GROUP	NPI	1622655801046	1622655803237	458	OK
REQUEST	NPI,NPI	NPI_1942331400	1622655803238	1622655803552	OK	 
GROUP	NPI,NPI	1622655803238	1622655803553	314	OK
GROUP	NPI	1622655803238	1622655805378	314	OK
REQUEST	NPI,NPI	NPI_1144239955	1622655805378	1622655805652	OK	 
GROUP	NPI,NPI	1622655805378	1622655805653	274	OK
GROUP	NPI	1622655805378	1622655806954	274	OK
REQUEST	NPI,NPI	NPI_1538137419	1622655806955	1622655807165	OK	 
GROUP	NPI,NPI	1622655806955	1622655807166	210	OK
GROUP	NPI	1622655806955	1622655808196	210	OK
REQUEST	NPI,NPI	NPI_1306830377	1622655808197	1622655808410	OK	 
GROUP	NPI,NPI	1622655808197	1622655808411	213	OK
GROUP	NPI	1622655808197	1622655810023	213	OK
REQUEST	NPI,NPI	NPI_1962487256	1622655810023	1622655810214	OK	 
GROUP	NPI,NPI	1622655810023	1622655810214	191	OK
GROUP	NPI	1622655810023	1622655811917	191	OK
USER	Users_1	END	1622655811919
