RUN	ocmlogin	ocmlogin	1630420421843	 	3.5.1
USER	ocmlogin	START	1630420425401
REQUEST		Authenticate	1630420425417	1630420427187	OK	 
REQUEST		request_0	1630420427218	1630420427563	OK	 
REQUEST		request_1	1630420427566	1630420427643	OK	 
REQUEST		request_2	1630420427648	1630420427728	OK	 
REQUEST		request_2 Redirect 1	1630420427732	1630420427815	OK	 
REQUEST		request_2 Redirect 2	1630420427816	1630420428195	OK	 
REQUEST		bootstrap.min.css	1630420428247	1630420428496	OK	 
REQUEST		msidpassword.js	1630420428249	1630420428587	OK	 
REQUEST		UHG_Header_Logo.png	1630420428248	1630420428601	OK	 
REQUEST		common.js	1630420428249	1630420428602	OK	 
REQUEST		common.css	1630420428248	1630420428604	OK	 
REQUEST		request_3	1630420428608	1630420429576	OK	 
REQUEST		import-map-overrides.js	1630420429849	1630420432607	OK	 
REQUEST		amd.min.js	1630420432614	1630420432685	OK	 
REQUEST		webapis-rtc-peer-connection.min.js	1630420429847	1630420432707	OK	 
REQUEST		zone-patch-user-media.js	1630420429848	1630420432710	OK	 
REQUEST		global-this	1630420429916	1630420432713	OK	 
REQUEST		popper.min.js	1630420429850	1630420432749	OK	 
REQUEST		named-exports.min.js	1630420432687	1630420432756	OK	 
REQUEST		system.min.js	1630420429849	1630420432786	OK	 
REQUEST		runtime.min.js	1630420429848	1630420432788	OK	 
REQUEST		global-this	1630420432714	1630420432797	OK	 
REQUEST		global-this	1630420432798	1630420432873	OK	 
REQUEST		css2?family=Roboto:wght@300;400;500&display=swap	1630420429665	1630420432917	OK	 
REQUEST		zone.min.js	1630420429789	1630420432975	OK	 
REQUEST		jquery-2.2.4.min.js	1630420429665	1630420433295	OK	 
REQUEST		d3.v3.min.js	1630420432165	1630420433474	OK	 
REQUEST		bootstrap.min.js	1630420429724	1630420434028	OK	 
REQUEST		icon?family=Material+Icons	1630420429724	1630420435079	OK	 
REQUEST		jquery-3.3.1.slim.min.js	1630420429584	1630420435169	OK	 
REQUEST		minified.min.js	1630420432708	1630420437436	OK	 
REQUEST		omni-chat-widget.css	1630420432164	1630420438228	OK	 
REQUEST		omni-chat-widget-settings.js	1630420429980	1630420438257	OK	 
REQUEST		omni-chat-widget.js	1630420432164	1630420438290	OK	 
REQUEST		request_21	1630420438296	1630420438366	OK	 
REQUEST		request_22	1630420438367	1630420438437	OK	 
REQUEST		request_23	1630420438438	1630420438505	OK	 
REQUEST		request_24	1630420438506	1630420439576	OK	 
REQUEST		request_25	1630420439577	1630420439897	OK	 
REQUEST		request_26	1630420439898	1630420443037	OK	 
REQUEST		request_27	1630420443088	1630420443188	OK	 
REQUEST		request_28	1630420443189	1630420443268	OK	 
REQUEST		request_29	1630420443270	1630420443857	OK	 
REQUEST		request_30	1630420443858	1630420446951	OK	 
REQUEST		request_31	1630420446953	1630420447035	OK	 
REQUEST		request_32	1630420447039	1630420447185	OK	 
REQUEST		request_33	1630420447186	1630420447272	KO	status.find.in(200,201,202,203,204,205,206,207,208,209,304), found 400
REQUEST		request_34	1630420447275	1630420451881	OK	 
REQUEST		request_35	1630420451881	1630420452635	OK	 
REQUEST		request_36	1630420452637	1630420452728	KO	status.find.in(200,201,202,203,204,205,206,207,208,209,304), found 400
REQUEST		request_37	1630420452729	1630420452823	OK	 
REQUEST		request_38	1630420452824	1630420452947	OK	 
REQUEST		request_39	1630420452948	1630420453303	OK	 
REQUEST		request_40	1630420453304	1630420453394	OK	 
REQUEST		request_41	1630420453395	1630420453820	OK	 
REQUEST		request_42	1630420453821	1630420453921	OK	 
REQUEST		request_43	1630420453922	1630420454010	OK	 
REQUEST		request_44	1630420454011	1630420454160	OK	 
REQUEST		request_45	1630420454161	1630420454309	OK	 
USER	ocmlogin	END	1630420454317
