RUN	Optum.Framework.OptumSim	optumsim	1625597234731	Optum.Framework.OptumSim-SIMULATION_1_2:SIMULATION_2_0:SIMULATION_3_0:Iterations_10	3.5.1
USER	Users_1	START	1625597236147
REQUEST	Scen_1,Login	BasePage	1625597236164	1625597236437	OK	 
REQUEST	Scen_1,Login	runtime-es2015.a02b527030695c21acab.js	1625597236495	1625597236862	OK	 
REQUEST	Scen_1,Login	icon?family=Material+Icons	1625597236497	1625597236866	OK	 
REQUEST	Scen_1,Login	favicon.ico	1625597236494	1625597236875	OK	 
REQUEST	Scen_1,Login	runtime-es5.a02b527030695c21acab.js	1625597236495	1625597236912	OK	 
REQUEST	Scen_1,Login	styles-es2015.8dcb7b1cdd5d944ad068.js	1625597236497	1625597236975	OK	 
REQUEST	Scen_1,Login	polyfills-es5.7951a9b6d5d3faf73072.js	1625597236496	1625597236982	OK	 
REQUEST	Scen_1,Login	polyfills-es2015.08b3d487343e8bcb5f4b.js	1625597236496	1625597237098	OK	 
REQUEST	Scen_1,Login	styles-es5.8dcb7b1cdd5d944ad068.js	1625597236863	1625597237188	OK	 
REQUEST	Scen_1,Login	main-es2015.8a12e6f1e5b08471ce36.js	1625597236877	1625597238119	OK	 
REQUEST	Scen_1,Login	main-es5.8a12e6f1e5b08471ce36.js	1625597236913	1625597238711	OK	 
REQUEST	Scen_1,Login		1625597238725	1625597238787	OK	 
REQUEST	Scen_1,Login		1625597238790	1625597238853	OK	 
REQUEST	Scen_1,Login		1625597238856	1625597238919	OK	 
REQUEST	Scen_1,Login	runtime-es2015.a02b527030695c21acab.js	1625597238926	1625597238991	OK	 
REQUEST	Scen_1,Login	favicon.ico	1625597238926	1625597238992	OK	 
REQUEST	Scen_1,Login	styles-es2015.8dcb7b1cdd5d944ad068.js	1625597238928	1625597239188	OK	 
REQUEST	Scen_1,Login	polyfills-es5.7951a9b6d5d3faf73072.js	1625597238927	1625597239189	OK	 
REQUEST	Scen_1,Login	polyfills-es2015.08b3d487343e8bcb5f4b.js	1625597238928	1625597239205	OK	 
REQUEST	Scen_1,Login	runtime-es5.a02b527030695c21acab.js	1625597238927	1625597239206	OK	 
REQUEST	Scen_1,Login		1625597239207	1625597239457	OK	 
REQUEST	Scen_1,Login		1625597239458	1625597240599	OK	 
GROUP	Scen_1,Login	1625597236150	1625597240600	4367	OK
REQUEST	Scen_1,SearchByActiveMember	Select_SearchByActiveMember	1625597241608	1625597241766	OK	 
GROUP	Scen_1,SearchByActiveMember	1625597241607	1625597241766	158	OK
REQUEST	Scen_1,SearchName_Name	Search_1	1625597242974	1625597243209	OK	 
REQUEST	Scen_1,SearchName_Name	Search_3231359	1625597243213	1625597244387	OK	 
GROUP	Scen_1,SearchName_Name	1625597242973	1625597244388	1409	OK
REQUEST	Scen_1,S_3231359	Select_Smith	1625597245952	1625597246047	OK	 
REQUEST	Scen_1,S_3231359	request_1	1625597246051	1625597246536	OK	 
REQUEST	Scen_1,S_3231359	request_3231359	1625597246538	1625597246846	OK	 
GROUP	Scen_1,S_3231359	1625597245952	1625597246847	888	OK
REQUEST	Scen_1,DrillDown_Smith	70078	1625597248613	1625597248767	OK	 
GROUP	Scen_1,DrillDown_Smith	1625597248611	1625597248768	154	OK
GROUP	Scen_1	1625597236149	1625597250252	6976	OK
USER	Users_1	END	1625597250255
