RUN	StarTest.Framework.StarSim	starsim	1626812057044	StarTest.Framework.StarSim-SIMULATION_1_10:SIMULATION_2_0:SIMULATION_3_0:Iterations_10	3.5.1
USER	Users_1	START	1626812058923
USER	Users_1	START	1626812059922
REQUEST	Authenticate	Authenticate	1626812058942	1626812060720	OK	 
GROUP	Authenticate	1626812058925	1626812060734	1778	OK
REQUEST	Authenticate	Authenticate	1626812059922	1626812060755	OK	 
GROUP	Authenticate	1626812059922	1626812060756	833	OK
USER	Users_1	START	1626812060919
REQUEST	GetStarNote	GetStarNote	1626812060741	1626812061274	OK	 
GROUP	GetStarNote	1626812060736	1626812061276	533	OK
REQUEST	Authenticate	Authenticate	1626812060920	1626812061302	OK	 
GROUP	Authenticate	1626812060919	1626812061303	382	OK
REQUEST	GetStarNote	GetStarNote	1626812060757	1626812061311	OK	 
GROUP	GetStarNote	1626812060757	1626812061312	554	OK
REQUEST	GetStarNote	GetStarNote	1626812061303	1626812061749	OK	 
GROUP	GetStarNote	1626812061303	1626812061750	446	OK
USER	Users_1	START	1626812061918
REQUEST	Authenticate	Authenticate	1626812061918	1626812062282	OK	 
GROUP	Authenticate	1626812061918	1626812062283	364	OK
REQUEST	GetEpisodeOfCare	GetEpisodeOfCare	1626812062370	1626812062824	OK	 
GROUP	GetEpisodeOfCare	1626812062369	1626812062824	454	OK
USER	Users_1	START	1626812062917
REQUEST	Authenticate	Authenticate	1626812062918	1626812063279	OK	 
GROUP	Authenticate	1626812062918	1626812063280	361	OK
REQUEST	GetEpisodeOfCare	GetEpisodeOfCare	1626812062819	1626812063365	OK	 
GROUP	GetEpisodeOfCare	1626812062818	1626812063365	546	OK
REQUEST	GetEpisodeOfCare	GetEpisodeOfCare	1626812063047	1626812063475	OK	 
GROUP	GetEpisodeOfCare	1626812063046	1626812063476	428	OK
REQUEST	GetStarNote	GetStarNote	1626812063280	1626812063748	OK	 
GROUP	GetStarNote	1626812063280	1626812063748	468	OK
USER	Users_1	START	1626812063917
REQUEST	Authenticate	Authenticate	1626812063918	1626812064257	OK	 
GROUP	Authenticate	1626812063917	1626812064258	339	OK
USER	Users_1	START	1626812064917
REQUEST	GetStarNote	GetStarNote	1626812064259	1626812065303	OK	 
GROUP	GetStarNote	1626812064258	1626812065303	1044	OK
REQUEST	GetStarUIMemberList	GetStarUIMemberList	1626812063981	1626812065714	OK	 
GROUP	GetStarUIMemberList	1626812063981	1626812065714	1733	OK
REQUEST	GetEpisodeOfCare	GetEpisodeOfCare	1626812064869	1626812065805	OK	 
GROUP	GetEpisodeOfCare	1626812064868	1626812065805	936	OK
REQUEST	GetStarUIMemberList	GetStarUIMemberList	1626812064527	1626812065850	OK	 
GROUP	GetStarUIMemberList	1626812064527	1626812065850	1323	OK
USER	Users_1	START	1626812065918
REQUEST	Authenticate	Authenticate	1626812064918	1626812065940	OK	 
GROUP	Authenticate	1626812064918	1626812065941	1022	OK
REQUEST	GetStarUIMemberList	GetStarUIMemberList	1626812064786	1626812066078	OK	 
GROUP	GetStarUIMemberList	1626812064786	1626812066078	1292	OK
REQUEST	Authenticate	Authenticate	1626812065918	1626812066256	OK	 
GROUP	Authenticate	1626812065918	1626812066257	338	OK
REQUEST	GetStarNote	GetStarNote	1626812066258	1626812066700	OK	 
GROUP	GetStarNote	1626812066258	1626812066701	442	OK
REQUEST	GetEpisodeOfCare	GetEpisodeOfCare	1626812066341	1626812066746	OK	 
GROUP	GetEpisodeOfCare	1626812066341	1626812066746	405	OK
USER	Users_1	START	1626812066917
REQUEST	Authenticate	Authenticate	1626812066918	1626812067272	OK	 
GROUP	Authenticate	1626812066917	1626812067273	354	OK
REQUEST	GetStarUIMemberDetail	GetStarUIMemberDetail	1626812067224	1626812067708	OK	 
GROUP	GetStarUIMemberDetail	1626812067224	1626812067708	484	OK
REQUEST	GetStarNote	GetStarNote	1626812065942	1626812067868	OK	 
REQUEST	GetStarNote	GetStarNote	1626812062283	1626812067868	OK	 
GROUP	GetStarNote	1626812065941	1626812067869	1926	OK
GROUP	GetStarNote	1626812062283	1626812067869	5585	OK
REQUEST	GetStarNote	GetStarNote	1626812067274	1626812067887	OK	 
GROUP	GetStarNote	1626812067274	1626812067888	613	OK
USER	Users_1	START	1626812067917
REQUEST	Authenticate	Authenticate	1626812067918	1626812068292	OK	 
GROUP	Authenticate	1626812067917	1626812068292	374	OK
REQUEST	GetStarUIMemberDetail	GetStarUIMemberDetail	1626812067640	1626812068343	OK	 
GROUP	GetStarUIMemberDetail	1626812067640	1626812068343	703	OK
REQUEST	GetStarUIMemberDetail	GetStarUIMemberDetail	1626812067724	1626812068487	OK	 
GROUP	GetStarUIMemberDetail	1626812067723	1626812068487	763	OK
REQUEST	GetEpisodeOfCare	GetEpisodeOfCare	1626812067829	1626812068561	OK	 
GROUP	GetEpisodeOfCare	1626812067828	1626812068561	732	OK
REQUEST	GetStarUIMemberList	GetStarUIMemberList	1626812067601	1626812068782	OK	 
GROUP	GetStarUIMemberList	1626812067600	1626812068782	1181	OK
REQUEST	GetStarNote	GetStarNote	1626812068293	1626812068869	OK	 
GROUP	GetStarNote	1626812068293	1626812068869	576	OK
REQUEST	GetStarUIMemberList	GetStarUIMemberList	1626812068478	1626812069447	OK	 
GROUP	GetStarUIMemberList	1626812068477	1626812069447	969	OK
REQUEST	GetEpisodeOfCare	GetEpisodeOfCare	1626812069484	1626812069923	OK	 
GROUP	GetEpisodeOfCare	1626812069483	1626812069923	439	OK
REQUEST	GetEpisodeOfCare	GetEpisodeOfCare	1626812069619	1626812070236	OK	 
GROUP	GetEpisodeOfCare	1626812069618	1626812070236	617	OK
REQUEST	GetEpisodeOfCare	GetEpisodeOfCare	1626812069781	1626812070460	OK	 
GROUP	GetEpisodeOfCare	1626812069781	1626812070461	679	OK
REQUEST	GetEpisodeOfCare	GetEpisodeOfCare	1626812070055	1626812070762	OK	 
GROUP	GetEpisodeOfCare	1626812070054	1626812070762	707	OK
REQUEST	GetStarUIMemberDetail	GetStarUIMemberDetail	1626812070389	1626812071219	OK	 
GROUP	GetStarUIMemberDetail	1626812070389	1626812071220	830	OK
REQUEST	GetStarUIMemberList	GetStarUIMemberList	1626812069769	1626812071254	OK	 
GROUP	GetStarUIMemberList	1626812069768	1626812071254	1485	OK
REQUEST	GetStarUIMemberDetail	GetStarUIMemberDetail	1626812070855	1626812071558	OK	 
GROUP	GetStarUIMemberDetail	1626812070854	1626812071558	703	OK
REQUEST	GetStarUIMemberList	GetStarUIMemberList	1626812071370	1626812072244	OK	 
GROUP	GetStarUIMemberList	1626812071370	1626812072245	874	OK
REQUEST	GetStarUIMemberList	GetStarUIMemberList	1626812071512	1626812072639	OK	 
GROUP	GetStarUIMemberList	1626812071511	1626812072639	1127	OK
REQUEST	GetStarUIMemberList	GetStarUIMemberList	1626812072127	1626812073155	OK	 
GROUP	GetStarUIMemberList	1626812072127	1626812073156	1028	OK
REQUEST	GetStarUIMemberDetail	GetStarUIMemberDetail	1626812072974	1626812073397	OK	 
GROUP	GetStarUIMemberDetail	1626812072973	1626812073397	423	OK
REQUEST	GetStarUIMemberList	GetStarUIMemberList	1626812072245	1626812073655	OK	 
GROUP	GetStarUIMemberList	1626812072245	1626812073656	1410	OK
REQUEST	ChatTranscript	ChatTranscript	1626812072960	1626812074188	OK	 
REQUEST	ChatTranscript	ChatTranscript	1626812069810	1626812074189	OK	 
REQUEST	ChatTranscript	ChatTranscript	1626812069988	1626812074189	OK	 
REQUEST	ChatTranscript	ChatTranscript	1626812068968	1626812074189	OK	 
GROUP	ChatTranscript	1626812072959	1626812074189	1228	OK
GROUP	ChatTranscript	1626812069810	1626812074189	4379	OK
REQUEST	ChatTranscript	ChatTranscript	1626812073388	1626812074189	OK	 
GROUP	ChatTranscript	1626812068967	1626812074189	5221	OK
GROUP	ChatTranscript	1626812069987	1626812074189	4201	OK
GROUP	ChatTranscript	1626812073387	1626812074189	801	OK
REQUEST	GetStarUIMemberDetail	GetStarUIMemberDetail	1626812073805	1626812074283	OK	 
GROUP	GetStarUIMemberDetail	1626812073804	1626812074283	478	OK
REQUEST	ChatTranscript	ChatTranscript	1626812074408	1626812074537	OK	 
GROUP	ChatTranscript	1626812074408	1626812074537	129	OK
REQUEST	GetStarUIMemberDetail	GetStarUIMemberDetail	1626812074232	1626812074676	OK	 
GROUP	GetStarUIMemberDetail	1626812074231	1626812074676	444	OK
REQUEST	GetStarUIMemberDetail	GetStarUIMemberDetail	1626812074835	1626812075406	OK	 
GROUP	GetStarUIMemberDetail	1626812074834	1626812075406	571	OK
REQUEST	GetStarNote	GetStarNote	1626812075415	1626812075635	OK	 
GROUP	GetStarNote	1626812075415	1626812075635	220	OK
REQUEST	GetStarUIMemberDetail	GetStarUIMemberDetail	1626812075249	1626812075736	OK	 
GROUP	GetStarUIMemberDetail	1626812075248	1626812075736	487	OK
REQUEST	GetStarNote	GetStarNote	1626812075522	1626812075812	OK	 
GROUP	GetStarNote	1626812075522	1626812075812	290	OK
REQUEST	ChatTranscript	ChatTranscript	1626812075606	1626812075818	OK	 
GROUP	ChatTranscript	1626812075605	1626812075818	212	OK
REQUEST	GetStarNote	GetStarNote	1626812075560	1626812075872	OK	 
GROUP	GetStarNote	1626812075560	1626812075873	312	OK
REQUEST	GetStarNote	GetStarNote	1626812075718	1626812076141	OK	 
GROUP	GetStarNote	1626812075717	1626812076141	423	OK
REQUEST	GetStarNote	GetStarNote	1626812075951	1626812076142	OK	 
GROUP	GetStarNote	1626812075950	1626812076142	191	OK
REQUEST	ChatTranscript	ChatTranscript	1626812076228	1626812076523	OK	 
GROUP	ChatTranscript	1626812076228	1626812076523	295	OK
REQUEST	GetStarNote	GetStarNote	1626812076249	1626812076796	OK	 
GROUP	GetStarNote	1626812076249	1626812076796	547	OK
REQUEST	ChatTranscript	ChatTranscript	1626812077128	1626812077241	OK	 
GROUP	ChatTranscript	1626812077127	1626812077242	113	OK
REQUEST	ChatTranscript	ChatTranscript	1626812077409	1626812077512	OK	 
GROUP	ChatTranscript	1626812077408	1626812077512	103	OK
REQUEST	GetEpisodeOfCare	GetEpisodeOfCare	1626812077145	1626812077807	OK	 
GROUP	GetEpisodeOfCare	1626812077145	1626812077807	662	OK
REQUEST	GetEpisodeOfCare	GetEpisodeOfCare	1626812077201	1626812077869	OK	 
GROUP	GetEpisodeOfCare	1626812077200	1626812077869	668	OK
REQUEST	GetStarNote	GetStarNote	1626812077410	1626812077872	OK	 
GROUP	GetStarNote	1626812077410	1626812077872	462	OK
REQUEST	GetEpisodeOfCare	GetEpisodeOfCare	1626812077274	1626812077965	OK	 
GROUP	GetEpisodeOfCare	1626812077273	1626812077965	691	OK
REQUEST	GetEpisodeOfCare	GetEpisodeOfCare	1626812077373	1626812078068	OK	 
GROUP	GetEpisodeOfCare	1626812077372	1626812078068	695	OK
REQUEST	GetStarNote	GetStarNote	1626812077768	1626812078068	OK	 
GROUP	GetStarNote	1626812077768	1626812078068	300	OK
REQUEST	GetEpisodeOfCare	GetEpisodeOfCare	1626812077857	1626812078315	OK	 
GROUP	GetEpisodeOfCare	1626812077857	1626812078315	458	OK
REQUEST	GetStarNote	GetStarNote	1626812078407	1626812078608	OK	 
GROUP	GetStarNote	1626812078407	1626812078608	201	OK
REQUEST	GetEpisodeOfCare	GetEpisodeOfCare	1626812078280	1626812078706	OK	 
GROUP	GetEpisodeOfCare	1626812078279	1626812078706	426	OK
REQUEST	GetStarNote	GetStarNote	1626812078751	1626812078956	OK	 
GROUP	GetStarNote	1626812078750	1626812078956	205	OK
REQUEST	GetEpisodeOfCare	GetEpisodeOfCare	1626812079054	1626812079517	OK	 
GROUP	GetEpisodeOfCare	1626812079054	1626812079518	463	OK
REQUEST	GetEpisodeOfCare	GetEpisodeOfCare	1626812079354	1626812079881	OK	 
GROUP	GetEpisodeOfCare	1626812079353	1626812079881	527	OK
REQUEST	GetStarUIMemberList	GetStarUIMemberList	1626812079032	1626812079890	OK	 
GROUP	GetStarUIMemberList	1626812079031	1626812079890	858	OK
REQUEST	GetEpisodeOfCare	GetEpisodeOfCare	1626812079988	1626812080794	OK	 
GROUP	GetEpisodeOfCare	1626812079988	1626812080795	806	OK
REQUEST	GetStarUIMemberList	GetStarUIMemberList	1626812079561	1626812081046	OK	 
GROUP	GetStarUIMemberList	1626812079561	1626812081046	1485	OK
REQUEST	GetStarUIMemberList	GetStarUIMemberList	1626812079596	1626812081165	OK	 
GROUP	GetStarUIMemberList	1626812079595	1626812081165	1569	OK
REQUEST	GetEpisodeOfCare	GetEpisodeOfCare	1626812080485	1626812081261	OK	 
GROUP	GetEpisodeOfCare	1626812080485	1626812081261	776	OK
REQUEST	GetStarUIMemberList	GetStarUIMemberList	1626812079750	1626812081508	OK	 
GROUP	GetStarUIMemberList	1626812079750	1626812081508	1758	OK
REQUEST	GetStarUIMemberList	GetStarUIMemberList	1626812080310	1626812081742	OK	 
GROUP	GetStarUIMemberList	1626812080309	1626812081742	1432	OK
REQUEST	GetStarUIMemberList	GetStarUIMemberList	1626812080661	1626812081943	OK	 
GROUP	GetStarUIMemberList	1626812080660	1626812081943	1282	OK
REQUEST	GetStarUIMemberList	GetStarUIMemberList	1626812080919	1626812082063	OK	 
GROUP	GetStarUIMemberList	1626812080919	1626812082063	1144	OK
REQUEST	GetStarUIMemberDetail	GetStarUIMemberDetail	1626812081752	1626812082257	OK	 
GROUP	GetStarUIMemberDetail	1626812081752	1626812082257	505	OK
REQUEST	GetStarUIMemberList	GetStarUIMemberList	1626812081348	1626812082283	OK	 
GROUP	GetStarUIMemberList	1626812081347	1626812082283	935	OK
REQUEST	GetStarUIMemberDetail	GetStarUIMemberDetail	1626812082092	1626812082546	OK	 
GROUP	GetStarUIMemberDetail	1626812082092	1626812082546	454	OK
REQUEST	GetStarUIMemberList	GetStarUIMemberList	1626812081956	1626812082786	OK	 
GROUP	GetStarUIMemberList	1626812081956	1626812082786	830	OK
REQUEST	GetStarUIMemberDetail	GetStarUIMemberDetail	1626812082854	1626812083414	OK	 
GROUP	GetStarUIMemberDetail	1626812082853	1626812083414	560	OK
REQUEST	GetStarUIMemberList	GetStarUIMemberList	1626812082730	1626812083574	OK	 
GROUP	GetStarUIMemberList	1626812082729	1626812083574	844	OK
REQUEST	GetStarUIMemberDetail	GetStarUIMemberDetail	1626812083007	1626812083702	OK	 
GROUP	GetStarUIMemberDetail	1626812083006	1626812083702	695	OK
REQUEST	GetStarUIMemberDetail	GetStarUIMemberDetail	1626812083072	1626812083748	OK	 
GROUP	GetStarUIMemberDetail	1626812083071	1626812083748	676	OK
REQUEST	GetStarUIMemberDetail	GetStarUIMemberDetail	1626812083297	1626812083818	OK	 
GROUP	GetStarUIMemberDetail	1626812083296	1626812083818	521	OK
REQUEST	GetStarUIMemberDetail	GetStarUIMemberDetail	1626812083543	1626812084038	OK	 
GROUP	GetStarUIMemberDetail	1626812083542	1626812084038	495	OK
REQUEST	GetStarUIMemberDetail	GetStarUIMemberDetail	1626812083807	1626812084254	OK	 
GROUP	GetStarUIMemberDetail	1626812083807	1626812084254	447	OK
REQUEST	GetStarUIMemberDetail	GetStarUIMemberDetail	1626812084480	1626812084909	OK	 
GROUP	GetStarUIMemberDetail	1626812084479	1626812084909	429	OK
REQUEST	GetStarUIMemberDetail	GetStarUIMemberDetail	1626812085474	1626812085924	OK	 
GROUP	GetStarUIMemberDetail	1626812085473	1626812085924	450	OK
REQUEST	ChatTranscript	ChatTranscript	1626812085697	1626812086426	OK	 
GROUP	ChatTranscript	1626812085696	1626812086426	729	OK
REQUEST	ChatTranscript	ChatTranscript	1626812083477	1626812086598	OK	 
GROUP	ChatTranscript	1626812083477	1626812086598	3121	OK
REQUEST	ChatTranscript	ChatTranscript	1626812084808	1626812086665	OK	 
GROUP	ChatTranscript	1626812084808	1626812086665	1857	OK
REQUEST	ChatTranscript	ChatTranscript	1626812083688	1626812086666	OK	 
GROUP	ChatTranscript	1626812083687	1626812086666	2978	OK
REQUEST	ChatTranscript	ChatTranscript	1626812085149	1626812086692	OK	 
REQUEST	ChatTranscript	ChatTranscript	1626812085338	1626812086692	OK	 
GROUP	ChatTranscript	1626812085148	1626812086692	1543	OK
GROUP	ChatTranscript	1626812085338	1626812086692	1354	OK
REQUEST	ChatTranscript	ChatTranscript	1626812085425	1626812087194	OK	 
GROUP	ChatTranscript	1626812085425	1626812087195	1769	OK
REQUEST	ChatTranscript	ChatTranscript	1626812085642	1626812087197	OK	 
GROUP	ChatTranscript	1626812085642	1626812087197	1555	OK
REQUEST	ChatTranscript	ChatTranscript	1626812086008	1626812087442	OK	 
GROUP	ChatTranscript	1626812086008	1626812087442	1434	OK
REQUEST	ChatTranscript	ChatTranscript	1626812086957	1626812087796	OK	 
GROUP	ChatTranscript	1626812086956	1626812087796	839	OK
REQUEST	GetStarNote	GetStarNote	1626812087835	1626812088043	OK	 
GROUP	GetStarNote	1626812087834	1626812088043	208	OK
REQUEST	GetStarNote	GetStarNote	1626812088392	1626812088692	OK	 
GROUP	GetStarNote	1626812088392	1626812088693	300	OK
REQUEST	GetStarNote	GetStarNote	1626812088651	1626812088967	OK	 
GROUP	GetStarNote	1626812088650	1626812088968	316	OK
REQUEST	GetStarNote	GetStarNote	1626812088371	1626812088967	OK	 
GROUP	GetStarNote	1626812088370	1626812088968	596	OK
REQUEST	GetStarNote	GetStarNote	1626812088314	1626812088969	OK	 
GROUP	GetStarNote	1626812088313	1626812088969	655	OK
REQUEST	GetStarNote	GetStarNote	1626812088469	1626812089141	OK	 
GROUP	GetStarNote	1626812088469	1626812089141	672	OK
REQUEST	GetStarNote	GetStarNote	1626812088610	1626812089322	OK	 
GROUP	GetStarNote	1626812088610	1626812089323	712	OK
REQUEST	GetStarNote	GetStarNote	1626812088746	1626812089349	OK	 
GROUP	GetStarNote	1626812088746	1626812089349	603	OK
REQUEST	GetStarNote	GetStarNote	1626812089794	1626812090035	OK	 
GROUP	GetStarNote	1626812089794	1626812090035	241	OK
REQUEST	GetEpisodeOfCare	GetEpisodeOfCare	1626812089727	1626812091069	OK	 
REQUEST	GetEpisodeOfCare	GetEpisodeOfCare	1626812089558	1626812091069	OK	 
GROUP	GetEpisodeOfCare	1626812089558	1626812091070	1511	OK
GROUP	GetEpisodeOfCare	1626812089726	1626812091070	1342	OK
REQUEST	GetEpisodeOfCare	GetEpisodeOfCare	1626812090077	1626812091250	OK	 
GROUP	GetEpisodeOfCare	1626812090077	1626812091250	1173	OK
REQUEST	GetEpisodeOfCare	GetEpisodeOfCare	1626812090282	1626812091431	OK	 
GROUP	GetEpisodeOfCare	1626812090282	1626812091432	1149	OK
REQUEST	GetEpisodeOfCare	GetEpisodeOfCare	1626812090480	1626812091613	OK	 
REQUEST	GetEpisodeOfCare	GetEpisodeOfCare	1626812090896	1626812091613	OK	 
GROUP	GetEpisodeOfCare	1626812090480	1626812091613	1133	OK
GROUP	GetEpisodeOfCare	1626812090894	1626812091613	717	OK
REQUEST	GetEpisodeOfCare	GetEpisodeOfCare	1626812090483	1626812091613	OK	 
GROUP	GetEpisodeOfCare	1626812090483	1626812091614	1130	OK
REQUEST	GetEpisodeOfCare	GetEpisodeOfCare	1626812090484	1626812091811	OK	 
GROUP	GetEpisodeOfCare	1626812090484	1626812091811	1327	OK
REQUEST	GetEpisodeOfCare	GetEpisodeOfCare	1626812091686	1626812092915	OK	 
GROUP	GetEpisodeOfCare	1626812091685	1626812092915	1229	OK
REQUEST	GetStarUIMemberList	GetStarUIMemberList	1626812092536	1626812094486	OK	 
GROUP	GetStarUIMemberList	1626812092535	1626812094486	1950	OK
REQUEST	GetStarUIMemberList	GetStarUIMemberList	1626812092167	1626812095138	OK	 
GROUP	GetStarUIMemberList	1626812092166	1626812095138	2971	OK
REQUEST	GetStarUIMemberList	GetStarUIMemberList	1626812092736	1626812095652	OK	 
GROUP	GetStarUIMemberList	1626812092736	1626812095653	2916	OK
REQUEST	GetStarUIMemberList	GetStarUIMemberList	1626812092712	1626812095737	OK	 
GROUP	GetStarUIMemberList	1626812092712	1626812095737	3025	OK
REQUEST	GetStarUIMemberList	GetStarUIMemberList	1626812092760	1626812095842	OK	 
GROUP	GetStarUIMemberList	1626812092759	1626812095842	3082	OK
REQUEST	GetStarUIMemberList	GetStarUIMemberList	1626812093243	1626812096143	OK	 
GROUP	GetStarUIMemberList	1626812093243	1626812096144	2900	OK
REQUEST	GetStarUIMemberList	GetStarUIMemberList	1626812093200	1626812096144	OK	 
GROUP	GetStarUIMemberList	1626812093200	1626812096144	2944	OK
REQUEST	GetStarUIMemberList	GetStarUIMemberList	1626812093187	1626812096147	OK	 
GROUP	GetStarUIMemberList	1626812093186	1626812096147	2960	OK
REQUEST	GetStarUIMemberList	GetStarUIMemberList	1626812094719	1626812096261	OK	 
GROUP	GetStarUIMemberList	1626812094719	1626812096261	1542	OK
REQUEST	GetStarUIMemberDetail	GetStarUIMemberDetail	1626812096259	1626812096686	OK	 
GROUP	GetStarUIMemberDetail	1626812096258	1626812096686	427	OK
REQUEST	GetStarUIMemberDetail	GetStarUIMemberDetail	1626812096296	1626812096760	OK	 
GROUP	GetStarUIMemberDetail	1626812096296	1626812096760	464	OK
REQUEST	GetStarUIMemberDetail	GetStarUIMemberDetail	1626812096912	1626812097376	OK	 
GROUP	GetStarUIMemberDetail	1626812096911	1626812097376	464	OK
REQUEST	GetStarNote	GetStarNote	1626812087896	1626812097899	KO	i.n.c.ConnectTimeoutException: connection timed out: coho-api-star-stg.origin-ctc-core.optum.com/10.223.193.236:443
GROUP	GetStarNote	1626812087896	1626812097901	10003	KO
REQUEST	GetStarUIMemberDetail	GetStarUIMemberDetail	1626812097506	1626812098333	OK	 
GROUP	GetStarUIMemberDetail	1626812097506	1626812098333	827	OK
REQUEST	GetStarUIMemberDetail	GetStarUIMemberDetail	1626812097392	1626812098337	OK	 
GROUP	GetStarUIMemberDetail	1626812097391	1626812098337	945	OK
REQUEST	GetStarUIMemberDetail	GetStarUIMemberDetail	1626812097594	1626812098369	OK	 
REQUEST	GetStarUIMemberDetail	GetStarUIMemberDetail	1626812097400	1626812098369	OK	 
GROUP	GetStarUIMemberDetail	1626812097593	1626812098370	775	OK
GROUP	GetStarUIMemberDetail	1626812097399	1626812098370	969	OK
REQUEST	GetStarUIMemberDetail	GetStarUIMemberDetail	1626812097727	1626812098437	OK	 
GROUP	GetStarUIMemberDetail	1626812097726	1626812098437	710	OK
REQUEST	GetStarUIMemberDetail	GetStarUIMemberDetail	1626812097834	1626812098675	OK	 
GROUP	GetStarUIMemberDetail	1626812097833	1626812098675	841	OK
REQUEST	GetEpisodeOfCare	GetEpisodeOfCare	1626812098964	1626812099614	OK	 
GROUP	GetEpisodeOfCare	1626812098964	1626812099614	650	OK
REQUEST	ChatTranscript	ChatTranscript	1626812099906	1626812100020	OK	 
GROUP	ChatTranscript	1626812099906	1626812100021	114	OK
REQUEST	ChatTranscript	ChatTranscript	1626812099221	1626812100059	OK	 
GROUP	ChatTranscript	1626812099221	1626812100059	838	OK
REQUEST	ChatTranscript	ChatTranscript	1626812098219	1626812100059	OK	 
GROUP	ChatTranscript	1626812098218	1626812100060	1840	OK
REQUEST	ChatTranscript	ChatTranscript	1626812098102	1626812100088	OK	 
GROUP	ChatTranscript	1626812098101	1626812100088	1986	OK
REQUEST	ChatTranscript	ChatTranscript	1626812099479	1626812100099	OK	 
GROUP	ChatTranscript	1626812099478	1626812100099	620	OK
REQUEST	ChatTranscript	ChatTranscript	1626812100078	1626812100235	OK	 
GROUP	ChatTranscript	1626812100077	1626812100235	157	OK
REQUEST	ChatTranscript	ChatTranscript	1626812100109	1626812100296	OK	 
GROUP	ChatTranscript	1626812100108	1626812100296	187	OK
REQUEST	ChatTranscript	ChatTranscript	1626812100194	1626812100299	OK	 
GROUP	ChatTranscript	1626812100193	1626812100299	105	OK
REQUEST	ChatTranscript	ChatTranscript	1626812100403	1626812100507	OK	 
GROUP	ChatTranscript	1626812100402	1626812100507	104	OK
REQUEST	GetStarUIMemberList	GetStarUIMemberList	1626812100833	1626812101680	OK	 
GROUP	GetStarUIMemberList	1626812100833	1626812101681	847	OK
REQUEST	GetStarNote	GetStarNote	1626812101519	1626812101785	OK	 
GROUP	GetStarNote	1626812101519	1626812101785	266	OK
REQUEST	GetStarNote	GetStarNote	1626812101687	1626812101964	OK	 
GROUP	GetStarNote	1626812101686	1626812101964	277	OK
REQUEST	GetStarNote	GetStarNote	1626812101805	1626812102077	OK	 
GROUP	GetStarNote	1626812101805	1626812102078	272	OK
REQUEST	GetStarNote	GetStarNote	1626812101845	1626812102082	OK	 
GROUP	GetStarNote	1626812101845	1626812102082	237	OK
REQUEST	GetStarNote	GetStarNote	1626812101986	1626812102208	OK	 
GROUP	GetStarNote	1626812101986	1626812102208	222	OK
REQUEST	GetEpisodeOfCare	GetEpisodeOfCare	1626812103069	1626812103596	OK	 
GROUP	GetEpisodeOfCare	1626812103068	1626812103596	527	OK
REQUEST	GetStarUIMemberDetail	GetStarUIMemberDetail	1626812103497	1626812104059	OK	 
GROUP	GetStarUIMemberDetail	1626812103497	1626812104060	562	OK
REQUEST	GetEpisodeOfCare	GetEpisodeOfCare	1626812103532	1626812104380	OK	 
GROUP	GetEpisodeOfCare	1626812103531	1626812104380	848	OK
REQUEST	GetEpisodeOfCare	GetEpisodeOfCare	1626812103549	1626812104410	OK	 
GROUP	GetEpisodeOfCare	1626812103548	1626812104411	861	OK
REQUEST	GetEpisodeOfCare	GetEpisodeOfCare	1626812103727	1626812104474	OK	 
GROUP	GetEpisodeOfCare	1626812103726	1626812104474	747	OK
REQUEST	GetEpisodeOfCare	GetEpisodeOfCare	1626812103776	1626812104521	OK	 
GROUP	GetEpisodeOfCare	1626812103775	1626812104521	745	OK
REQUEST	ChatTranscript	ChatTranscript	1626812105452	1626812105615	OK	 
GROUP	ChatTranscript	1626812105452	1626812105615	163	OK
REQUEST	GetStarUIMemberList	GetStarUIMemberList	1626812105523	1626812106684	OK	 
GROUP	GetStarUIMemberList	1626812105523	1626812106684	1161	OK
REQUEST	GetStarNote	GetStarNote	1626812101577	1626812106878	OK	 
GROUP	GetStarNote	1626812101577	1626812106878	5301	OK
REQUEST	GetStarNote	GetStarNote	1626812101616	1626812106880	OK	 
GROUP	GetStarNote	1626812101615	1626812106880	5264	OK
REQUEST	GetStarNote	GetStarNote	1626812101832	1626812106880	OK	 
GROUP	GetStarNote	1626812101832	1626812106881	5048	OK
REQUEST	GetStarNote	GetStarNote	1626812101953	1626812106938	OK	 
GROUP	GetStarNote	1626812101953	1626812106938	4985	OK
REQUEST	GetStarUIMemberList	GetStarUIMemberList	1626812105754	1626812107442	OK	 
GROUP	GetStarUIMemberList	1626812105753	1626812107442	1688	OK
REQUEST	GetStarUIMemberList	GetStarUIMemberList	1626812105669	1626812107540	OK	 
GROUP	GetStarUIMemberList	1626812105668	1626812107540	1871	OK
REQUEST	GetStarUIMemberList	GetStarUIMemberList	1626812105903	1626812107641	OK	 
GROUP	GetStarUIMemberList	1626812105902	1626812107641	1738	OK
REQUEST	GetStarNote	GetStarNote	1626812107324	1626812107660	OK	 
GROUP	GetStarNote	1626812107324	1626812107660	336	OK
REQUEST	GetStarUIMemberList	GetStarUIMemberList	1626812106126	1626812107696	OK	 
GROUP	GetStarUIMemberList	1626812106125	1626812107696	1570	OK
REQUEST	GetEpisodeOfCare	GetEpisodeOfCare	1626812108051	1626812108470	OK	 
GROUP	GetEpisodeOfCare	1626812108050	1626812108470	419	OK
REQUEST	GetEpisodeOfCare	GetEpisodeOfCare	1626812108146	1626812108754	OK	 
GROUP	GetEpisodeOfCare	1626812108145	1626812108754	608	OK
REQUEST	GetEpisodeOfCare	GetEpisodeOfCare	1626812108298	1626812108767	OK	 
GROUP	GetEpisodeOfCare	1626812108297	1626812108767	469	OK
REQUEST	GetEpisodeOfCare	GetEpisodeOfCare	1626812108431	1626812108931	OK	 
GROUP	GetEpisodeOfCare	1626812108430	1626812108931	500	OK
REQUEST	GetStarUIMemberDetail	GetStarUIMemberDetail	1626812108646	1626812109394	OK	 
GROUP	GetStarUIMemberDetail	1626812108646	1626812109395	748	OK
REQUEST	GetStarUIMemberDetail	GetStarUIMemberDetail	1626812108689	1626812109415	OK	 
GROUP	GetStarUIMemberDetail	1626812108688	1626812109415	726	OK
REQUEST	GetStarUIMemberDetail	GetStarUIMemberDetail	1626812108975	1626812109612	OK	 
GROUP	GetStarUIMemberDetail	1626812108975	1626812109613	637	OK
REQUEST	GetStarUIMemberDetail	GetStarUIMemberDetail	1626812108808	1626812109632	OK	 
GROUP	GetStarUIMemberDetail	1626812108807	1626812109632	824	OK
REQUEST	GetEpisodeOfCare	GetEpisodeOfCare	1626812109030	1626812109719	OK	 
GROUP	GetEpisodeOfCare	1626812109029	1626812109719	689	OK
REQUEST	GetStarUIMemberDetail	GetStarUIMemberDetail	1626812109695	1626812110227	OK	 
GROUP	GetStarUIMemberDetail	1626812109694	1626812110227	532	OK
REQUEST	ChatTranscript	ChatTranscript	1626812111040	1626812111269	OK	 
GROUP	ChatTranscript	1626812111040	1626812111269	229	OK
REQUEST	ChatTranscript	ChatTranscript	1626812111092	1626812111271	OK	 
GROUP	ChatTranscript	1626812111092	1626812111271	179	OK
REQUEST	GetStarUIMemberList	GetStarUIMemberList	1626812110043	1626812111277	OK	 
GROUP	GetStarUIMemberList	1626812110043	1626812111277	1234	OK
REQUEST	ChatTranscript	ChatTranscript	1626812111266	1626812111374	OK	 
GROUP	ChatTranscript	1626812111266	1626812111374	108	OK
REQUEST	ChatTranscript	ChatTranscript	1626812111450	1626812111570	OK	 
GROUP	ChatTranscript	1626812111450	1626812111570	120	OK
REQUEST	GetStarUIMemberList	GetStarUIMemberList	1626812110306	1626812111647	OK	 
GROUP	GetStarUIMemberList	1626812110305	1626812111647	1341	OK
REQUEST	GetStarUIMemberList	GetStarUIMemberList	1626812110225	1626812111854	OK	 
GROUP	GetStarUIMemberList	1626812110224	1626812111854	1629	OK
REQUEST	ChatTranscript	ChatTranscript	1626812111922	1626812112042	OK	 
GROUP	ChatTranscript	1626812111921	1626812112042	120	OK
REQUEST	GetStarUIMemberList	GetStarUIMemberList	1626812110168	1626812112048	OK	 
GROUP	GetStarUIMemberList	1626812110167	1626812112048	1880	OK
REQUEST	GetStarUIMemberList	GetStarUIMemberList	1626812110876	1626812112054	OK	 
GROUP	GetStarUIMemberList	1626812110875	1626812112054	1178	OK
REQUEST	GetStarNote	GetStarNote	1626812112389	1626812112574	OK	 
GROUP	GetStarNote	1626812112388	1626812112574	185	OK
REQUEST	GetStarNote	GetStarNote	1626812112683	1626812112855	OK	 
GROUP	GetStarNote	1626812112683	1626812112855	172	OK
REQUEST	GetStarNote	GetStarNote	1626812112677	1626812112917	OK	 
GROUP	GetStarNote	1626812112677	1626812112917	240	OK
REQUEST	GetStarNote	GetStarNote	1626812112755	1626812113029	OK	 
GROUP	GetStarNote	1626812112754	1626812113029	274	OK
REQUEST	GetStarUIMemberDetail	GetStarUIMemberDetail	1626812112758	1626812113194	OK	 
GROUP	GetStarUIMemberDetail	1626812112757	1626812113194	436	OK
REQUEST	GetStarNote	GetStarNote	1626812113063	1626812113336	OK	 
GROUP	GetStarNote	1626812113063	1626812113336	273	OK
REQUEST	GetStarUIMemberDetail	GetStarUIMemberDetail	1626812112667	1626812113595	OK	 
GROUP	GetStarUIMemberDetail	1626812112667	1626812113595	928	OK
REQUEST	GetStarUIMemberDetail	GetStarUIMemberDetail	1626812113358	1626812113853	OK	 
GROUP	GetStarUIMemberDetail	1626812113358	1626812113853	495	OK
REQUEST	GetStarUIMemberDetail	GetStarUIMemberDetail	1626812113483	1626812113960	OK	 
GROUP	GetStarUIMemberDetail	1626812113483	1626812113960	477	OK
REQUEST	GetStarUIMemberDetail	GetStarUIMemberDetail	1626812113010	1626812114066	OK	 
GROUP	GetStarUIMemberDetail	1626812113010	1626812114066	1056	OK
REQUEST	GetEpisodeOfCare	GetEpisodeOfCare	1626812114319	1626812114732	OK	 
GROUP	GetEpisodeOfCare	1626812114318	1626812114732	413	OK
REQUEST	GetEpisodeOfCare	GetEpisodeOfCare	1626812114469	1626812115023	OK	 
GROUP	GetEpisodeOfCare	1626812114468	1626812115023	554	OK
REQUEST	ChatTranscript	ChatTranscript	1626812114957	1626812115059	OK	 
GROUP	ChatTranscript	1626812114956	1626812115059	102	OK
REQUEST	GetEpisodeOfCare	GetEpisodeOfCare	1626812114611	1626812115129	OK	 
GROUP	GetEpisodeOfCare	1626812114610	1626812115129	518	OK
REQUEST	GetEpisodeOfCare	GetEpisodeOfCare	1626812114673	1626812115199	OK	 
GROUP	GetEpisodeOfCare	1626812114673	1626812115199	526	OK
REQUEST	ChatTranscript	ChatTranscript	1626812115193	1626812115290	OK	 
GROUP	ChatTranscript	1626812115193	1626812115290	97	OK
REQUEST	ChatTranscript	ChatTranscript	1626812115723	1626812116198	OK	 
GROUP	ChatTranscript	1626812115722	1626812116198	475	OK
REQUEST	GetEpisodeOfCare	GetEpisodeOfCare	1626812114569	1626812116279	OK	 
GROUP	GetEpisodeOfCare	1626812114568	1626812116279	1710	OK
REQUEST	ChatTranscript	ChatTranscript	1626812115310	1626812116349	OK	 
GROUP	ChatTranscript	1626812115309	1626812116349	1039	OK
REQUEST	GetStarNote	GetStarNote	1626812116319	1626812116906	OK	 
GROUP	GetStarNote	1626812116319	1626812116906	587	OK
REQUEST	GetStarNote	GetStarNote	1626812116833	1626812117475	OK	 
GROUP	GetStarNote	1626812116832	1626812117475	642	OK
REQUEST	GetStarUIMemberList	GetStarUIMemberList	1626812116299	1626812117558	OK	 
GROUP	GetStarUIMemberList	1626812116298	1626812117558	1259	OK
REQUEST	GetStarUIMemberList	GetStarUIMemberList	1626812116183	1626812117675	OK	 
GROUP	GetStarUIMemberList	1626812116182	1626812117675	1492	OK
REQUEST	GetStarUIMemberList	GetStarUIMemberList	1626812116397	1626812117789	OK	 
GROUP	GetStarUIMemberList	1626812116397	1626812117789	1392	OK
REQUEST	GetStarNote	GetStarNote	1626812117568	1626812117883	OK	 
GROUP	GetStarNote	1626812117567	1626812117883	315	OK
REQUEST	GetStarUIMemberList	GetStarUIMemberList	1626812116722	1626812117959	OK	 
GROUP	GetStarUIMemberList	1626812116721	1626812117959	1237	OK
REQUEST	GetStarNote	GetStarNote	1626812117833	1626812118003	OK	 
GROUP	GetStarNote	1626812117832	1626812118003	170	OK
REQUEST	ChatTranscript	ChatTranscript	1626812115139	1626812118152	OK	 
GROUP	ChatTranscript	1626812115139	1626812118152	3013	OK
REQUEST	GetStarUIMemberList	GetStarUIMemberList	1626812117385	1626812118171	OK	 
GROUP	GetStarUIMemberList	1626812117385	1626812118171	786	OK
REQUEST	GetEpisodeOfCare	GetEpisodeOfCare	1626812118767	1626812119185	OK	 
GROUP	GetEpisodeOfCare	1626812118767	1626812119186	418	OK
REQUEST	GetStarUIMemberDetail	GetStarUIMemberDetail	1626812118826	1626812119258	OK	 
GROUP	GetStarUIMemberDetail	1626812118825	1626812119258	432	OK
REQUEST	GetStarUIMemberDetail	GetStarUIMemberDetail	1626812119079	1626812119526	OK	 
GROUP	GetStarUIMemberDetail	1626812119078	1626812119526	447	OK
REQUEST	GetEpisodeOfCare	GetEpisodeOfCare	1626812119159	1626812119732	OK	 
GROUP	GetEpisodeOfCare	1626812119158	1626812119732	573	OK
REQUEST	GetStarNote	GetStarNote	1626812119495	1626812119780	OK	 
GROUP	GetStarNote	1626812119495	1626812119780	285	OK
REQUEST	GetStarUIMemberDetail	GetStarUIMemberDetail	1626812119243	1626812120675	OK	 
GROUP	GetStarUIMemberDetail	1626812119242	1626812120675	1432	OK
REQUEST	GetEpisodeOfCare	GetEpisodeOfCare	1626812119409	1626812120932	OK	 
GROUP	GetEpisodeOfCare	1626812119409	1626812120933	1523	OK
REQUEST	GetStarUIMemberDetail	GetStarUIMemberDetail	1626812119478	1626812121012	OK	 
GROUP	GetStarUIMemberDetail	1626812119478	1626812121012	1534	OK
REQUEST	GetStarUIMemberDetail	GetStarUIMemberDetail	1626812119543	1626812121013	OK	 
GROUP	GetStarUIMemberDetail	1626812119542	1626812121013	1470	OK
REQUEST	GetEpisodeOfCare	GetEpisodeOfCare	1626812119674	1626812121164	OK	 
GROUP	GetEpisodeOfCare	1626812119673	1626812121164	1490	OK
REQUEST	ChatTranscript	ChatTranscript	1626812120958	1626812121227	OK	 
GROUP	ChatTranscript	1626812120957	1626812121227	269	OK
REQUEST	ChatTranscript	ChatTranscript	1626812121142	1626812121257	OK	 
GROUP	ChatTranscript	1626812121142	1626812121257	115	OK
REQUEST	