RUN	JJ.Framework.JJSim	jjsim	1622665385930	JJ.Framework.JJSim-SIMULATION_1_1:SIMULATION_2_1:SIMULATION_3_1:SIMULATION_4_0:Iterations_10	3.5.1
USER	Users_1	START	1622665387268
USER	Users_2	START	1622665387268
USER	Users_3	START	1622665387268
REQUEST	NPI,NPI	NPI_1245318229	1622665387291	1622665392710	OK	 
REQUEST	TIN,TIN	TIN_391139101	1622665387291	1622665392710	KO	status.find.in(200,201,202,203,204,205,206,207,208,209,304), found 500
GROUP	TIN,TIN	1622665387274	1622665392726	5419	KO
GROUP	NPI,NPI	1622665387274	1622665392738	5419	OK
REQUEST	LName,LN	LName_Smith	1622665387291	1622665393627	KO	status.find.in(200,201,202,203,204,205,206,207,208,209,304), found 500
GROUP	LName,LN	1622665387274	1622665393628	6336	KO
GROUP	NPI	1622665387271	1622665394405	5419	OK
GROUP	TIN	1622665387271	1622665394499	5419	KO
REQUEST	NPI,NPI	NPI_1821049651	1622665394410	1622665394709	OK	 
GROUP	NPI,NPI	1622665394407	1622665394710	299	OK
GROUP	LName	1622665387271	1622665394786	6336	KO
REQUEST	TIN,TIN	TIN_391139101	1622665394501	1622665394850	KO	status.find.in(200,201,202,203,204,205,206,207,208,209,304), found 500
GROUP	TIN,TIN	1622665394500	1622665394851	349	KO
REQUEST	LName,LN	LName_Jones	1622665394788	1622665394870	KO	status.find.in(200,201,202,203,204,205,206,207,208,209,304), found 500
GROUP	LName,LN	1622665394787	1622665394870	82	KO
GROUP	NPI	1622665394406	1622665395849	299	OK
REQUEST	NPI,NPI	NPI_1114976883	1622665395851	1622665396009	OK	 
GROUP	NPI,NPI	1622665395850	1622665396011	158	OK
GROUP	LName	1622665394787	1622665396264	82	KO
REQUEST	LName,LN	LName_Rogers	1622665396265	1622665396562	KO	status.find.in(200,201,202,203,204,205,206,207,208,209,304), found 500
GROUP	LName,LN	1622665396265	1622665396563	297	KO
GROUP	TIN	1622665394499	1622665396578	349	KO
REQUEST	TIN,TIN	TIN_391139101	1622665396580	1622665396658	KO	status.find.in(200,201,202,203,204,205,206,207,208,209,304), found 500
GROUP	TIN,TIN	1622665396579	1622665396658	78	KO
GROUP	NPI	1622665395850	1622665397376	158	OK
REQUEST	NPI,NPI	NPI_1740270032	1622665397377	1622665397721	OK	 
GROUP	NPI,NPI	1622665397377	1622665397722	344	OK
GROUP	LName	1622665396264	1622665398179	297	KO
GROUP	TIN	1622665396578	1622665398304	78	KO
REQUEST	TIN,TIN	TIN_391139101	1622665398305	1622665398383	KO	status.find.in(200,201,202,203,204,205,206,207,208,209,304), found 500
GROUP	TIN,TIN	1622665398305	1622665398383	78	KO
REQUEST	LName,LN	LName_Smith	1622665398180	1622665398848	KO	status.find.in(200,201,202,203,204,205,206,207,208,209,304), found 500
GROUP	LName,LN	1622665398180	1622665398848	668	KO
GROUP	NPI	1622665397376	1622665399404	344	OK
REQUEST	NPI,NPI	NPI_1245419696	1622665399405	1622665399710	OK	 
GROUP	NPI,NPI	1622665399405	1622665399711	305	OK
GROUP	TIN	1622665398304	1622665399900	78	KO
GROUP	LName	1622665398179	1622665400013	668	KO
REQUEST	LName,LN	LName_Smith	1622665400014	1622665400628	KO	status.find.in(200,201,202,203,204,205,206,207,208,209,304), found 500
GROUP	LName,LN	1622665400014	1622665400628	614	KO
REQUEST	TIN,TIN	TIN_391139101	1622665399901	1622665400671	KO	status.find.in(200,201,202,203,204,205,206,207,208,209,304), found 500
GROUP	TIN,TIN	1622665399901	1622665400672	770	KO
GROUP	NPI	1622665399404	1622665400766	305	OK
REQUEST	NPI,NPI	NPI_1942331400	1622665400768	1622665400845	KO	status.find.in(200,201,202,203,204,205,206,207,208,209,304), found 500
GROUP	NPI,NPI	1622665400767	1622665400846	77	KO
GROUP	NPI	1622665400767	1622665401915	77	KO
GROUP	LName	1622665400013	1622665402137	614	KO
GROUP	TIN	1622665399901	1622665402214	770	KO
REQUEST	TIN,TIN	TIN_391139101	1622665402215	1622665402733	KO	status.find.in(200,201,202,203,204,205,206,207,208,209,304), found 500
GROUP	TIN,TIN	1622665402215	1622665402734	518	KO
REQUEST	NPI,NPI	NPI_1144239955	1622665401916	1622665402744	KO	status.find.in(200,201,202,203,204,205,206,207,208,209,304), found 500
GROUP	NPI,NPI	1622665401915	1622665402744	828	KO
REQUEST	LName,LN	LName_Jones	1622665402139	1622665402848	KO	status.find.in(200,201,202,203,204,205,206,207,208,209,304), found 500
GROUP	LName,LN	1622665402138	1622665402849	709	KO
GROUP	TIN	1622665402215	1622665403828	518	KO
GROUP	NPI	1622665401915	1622665403995	828	KO
GROUP	LName	1622665402138	1622665404057	709	KO
REQUEST	NPI,NPI	NPI_1538137419	1622665403997	1622665404130	OK	 
GROUP	NPI,NPI	1622665403996	1622665404131	133	OK
REQUEST	LName,LN	LName_Rogers	1622665404059	1622665404134	KO	status.find.in(200,201,202,203,204,205,206,207,208,209,304), found 500
GROUP	LName,LN	1622665404058	1622665404134	75	KO
REQUEST	TIN,TIN	TIN_391139101	1622665403829	1622665404325	KO	status.find.in(200,201,202,203,204,205,206,207,208,209,304), found 500
GROUP	TIN,TIN	1622665403829	1622665404326	496	KO
GROUP	NPI	1622665403996	1622665405303	133	OK
GROUP	LName	1622665404058	1622665405346	75	KO
REQUEST	LName,LN	LName_Smith	1622665405347	1622665405427	KO	status.find.in(200,201,202,203,204,205,206,207,208,209,304), found 500
GROUP	LName,LN	1622665405347	1622665405427	80	KO
REQUEST	NPI,NPI	NPI_1306830377	1622665405305	1622665405474	OK	 
GROUP	NPI,NPI	1622665405304	1622665405475	169	OK
GROUP	TIN	1622665403828	1622665405950	496	KO
REQUEST	TIN,TIN	TIN_391139101	1622665405951	1622665406035	KO	status.find.in(200,201,202,203,204,205,206,207,208,209,304), found 500
GROUP	TIN,TIN	1622665405951	1622665406036	84	KO
GROUP	NPI	1622665405304	1622665406655	169	OK
REQUEST	NPI,NPI	NPI_1962487256	1622665406656	1622665406902	OK	 
GROUP	NPI,NPI	1622665406656	1622665406903	246	OK
GROUP	LName	1622665405346	1622665407155	80	KO
GROUP	TIN	1622665405950	1622665407364	84	KO
REQUEST	TIN,TIN	TIN_391139101	1622665407366	1622665407993	KO	status.find.in(200,201,202,203,204,205,206,207,208,209,304), found 500
REQUEST	LName,LN	LName_Jones	1622665407156	1622665407993	KO	status.find.in(200,201,202,203,204,205,206,207,208,209,304), found 500
GROUP	TIN,TIN	1622665407365	1622665407994	627	KO
GROUP	LName,LN	1622665407155	1622665407994	837	KO
GROUP	NPI	1622665406655	1622665408129	246	OK
USER	Users_1	END	1622665408133
GROUP	TIN	1622665407365	1622665409137	627	KO
REQUEST	TIN,TIN	TIN_391139101	1622665409139	1622665409568	KO	status.find.in(200,201,202,203,204,205,206,207,208,209,304), found 500
GROUP	TIN,TIN	1622665409138	1622665409569	429	KO
GROUP	LName	1622665407155	1622665409812	837	KO
REQUEST	LName,LN	LName_Rogers	1622665409814	1622665410110	KO	status.find.in(200,201,202,203,204,205,206,207,208,209,304), found 500
GROUP	LName,LN	1622665409813	1622665410110	296	KO
GROUP	TIN	1622665409138	1622665411248	429	KO
USER	Users_2	END	1622665411249
GROUP	LName	1622665409813	1622665411306	296	KO
USER	Users_3	END	1622665411307
