RUN	JJ.Framework.JJSim	jjsim	1622744816935	JJ.Framework.JJSim-SIMULATION_1_1:SIMULATION_2_0:SIMULATION_3_0:SIMULATION_4_:Iterations_10	3.5.1
USER	Users_1	START	1622744818479
REQUEST	NPI,NPI_1245318229	NPI_1245318229	1622744818499	1622744818842	KO	status.find.in(200,201,202,203,204,205,206,207,208,209,304), found 503
GROUP	NPI,NPI_1245318229	1622744818485	1622744818864	343	KO
GROUP	NPI	1622744818482	1622744820407	343	KO
REQUEST	NPI,NPI_1821049651	NPI_1821049651	1622744820410	1622744820974	KO	status.find.in(200,201,202,203,204,205,206,207,208,209,304), found 503
GROUP	NPI,NPI_1821049651	1622744820409	1622744820976	564	KO
GROUP	NPI	1622744820408	1622744822821	564	KO
REQUEST	NPI,NPI_1114976883	NPI_1114976883	1622744822823	1622744823623	KO	status.find.in(200,201,202,203,204,205,206,207,208,209,304), found 503
GROUP	NPI,NPI_1114976883	1622744822822	1622744823624	800	KO
GROUP	NPI	1622744822821	1622744825041	800	KO
REQUEST	NPI,NPI_1740270032	NPI_1740270032	1622744825042	1622744825880	KO	status.find.in(200,201,202,203,204,205,206,207,208,209,304), found 503
GROUP	NPI,NPI_1740270032	1622744825042	1622744825881	838	KO
GROUP	NPI	1622744825041	1622744827311	838	KO
REQUEST	NPI,NPI_1245419696	NPI_1245419696	1622744827312	1622744827891	KO	status.find.in(200,201,202,203,204,205,206,207,208,209,304), found 503
GROUP	NPI,NPI_1245419696	1622744827311	1622744827892	579	KO
GROUP	NPI	1622744827311	1622744829223	579	KO
REQUEST	NPI,NPI_1942331400	NPI_1942331400	1622744829224	1622744829556	KO	status.find.in(200,201,202,203,204,205,206,207,208,209,304), found 503
GROUP	NPI,NPI_1942331400	1622744829224	1622744829557	332	KO
GROUP	NPI	1622744829224	1622744830834	332	KO
REQUEST	NPI,NPI_1144239955	NPI_1144239955	1622744830835	1622744831174	KO	status.find.in(200,201,202,203,204,205,206,207,208,209,304), found 503
GROUP	NPI,NPI_1144239955	1622744830835	1622744831175	339	KO
GROUP	NPI	1622744830835	1622744832988	339	KO
REQUEST	NPI,NPI_1538137419	NPI_1538137419	1622744832989	1622744833345	KO	status.find.in(200,201,202,203,204,205,206,207,208,209,304), found 503
GROUP	NPI,NPI_1538137419	1622744832989	1622744833346	356	KO
GROUP	NPI	1622744832988	1622744835017	356	KO
REQUEST	NPI,NPI_1306830377	NPI_1306830377	1622744835018	1622744835358	KO	status.find.in(200,201,202,203,204,205,206,207,208,209,304), found 503
GROUP	NPI,NPI_1306830377	1622744835017	1622744835359	340	KO
GROUP	NPI	1622744835017	1622744837190	340	KO
REQUEST	NPI,NPI_1962487256	NPI_1962487256	1622744837192	1622744837606	KO	status.find.in(200,201,202,203,204,205,206,207,208,209,304), found 503
GROUP	NPI,NPI_1962487256	1622744837191	1622744837607	414	KO
GROUP	NPI	1622744837191	1622744839278	414	KO
USER	Users_1	END	1622744839280
