RUN	JJ.Framework.JJSim	jjsim	1622676984807	JJ.Framework.JJSim-SIMULATION_1_1:SIMULATION_2_1:SIMULATION_3_1:SIMULATION_4_0:Iterations_3	3.5.1
USER	Users_2	START	1622676986212
USER	Users_1	START	1622676986212
USER	Users_3	START	1622676986212
REQUEST	NPI,NPI	NPI_1245318229	1622676986236	1622676991589	KO	status.find.in(200,201,202,203,204,205,206,207,208,209,304), found 500
GROUP	NPI,NPI	1622676986217	1622676991609	5353	KO
REQUEST	LName,LN	LName_Smith	1622676986236	1622676991790	KO	status.find.in(200,201,202,203,204,205,206,207,208,209,304), found 500
REQUEST	TIN,TIN	TIN_391139101	1622676986236	1622676991790	KO	status.find.in(200,201,202,203,204,205,206,207,208,209,304), found 500
GROUP	TIN,TIN	1622676986217	1622676991792	5554	KO
GROUP	LName,LN	1622676986217	1622676991792	5554	KO
GROUP	LName	1622676986215	1622676992832	5554	KO
GROUP	NPI	1622676986215	1622676993293	5353	KO
REQUEST	LName,LN	LName_Jones	1622676992838	1622676993389	KO	status.find.in(200,201,202,203,204,205,206,207,208,209,304), found 500
GROUP	LName,LN	1622676992835	1622676993390	551	KO
GROUP	TIN	1622676986215	1622676993402	5554	KO
REQUEST	NPI,NPI	NPI_1821049651	1622676993295	1622676993463	OK	 
GROUP	NPI,NPI	1622676993294	1622676993481	168	OK
REQUEST	TIN,TIN	TIN_391139101	1622676993404	1622676993486	KO	status.find.in(200,201,202,203,204,205,206,207,208,209,304), found 500
GROUP	TIN,TIN	1622676993403	1622676993487	82	KO
GROUP	LName	1622676992833	1622676995195	551	KO
GROUP	NPI	1622676993293	1622676995402	168	OK
GROUP	TIN	1622676993402	1622676995436	82	KO
REQUEST	TIN,TIN	TIN_391139101	1622676995437	1622676995719	KO	status.find.in(200,201,202,203,204,205,206,207,208,209,304), found 500
GROUP	TIN,TIN	1622676995437	1622676995720	282	KO
REQUEST	LName,LN	LName_Rogers	1622676995197	1622676995736	KO	status.find.in(200,201,202,203,204,205,206,207,208,209,304), found 500
GROUP	LName,LN	1622676995196	1622676995737	539	KO
REQUEST	NPI,NPI	NPI_1114976883	1622676995404	1622676995766	OK	 
GROUP	NPI,NPI	1622676995403	1622676995769	362	OK
GROUP	LName	1622676995196	1622676996855	539	KO
USER	Users_3	END	1622676996859
GROUP	TIN	1622676995436	1622676997571	282	KO
USER	Users_2	END	1622676997573
GROUP	NPI	1622676995403	1622676997596	362	OK
USER	Users_1	END	1622676997597
