RUN	Optum.Framework.OptumSim	optumsim	1621524154381	 	3.5.1
USER	Users_1	START	1621524155820
REQUEST	Scen_1,Login	BasePage	1621524155838	1621524156105	OK	 
REQUEST	Scen_1,Login	BasePage_1	1621524156129	1621524156215	OK	 
REQUEST	Scen_1,Login	BasePage_2	1621524156223	1621524156285	OK	 
REQUEST	Scen_1,Login	BasePage_3	1621524156286	1621524156351	OK	 
REQUEST	Scen_1,Login	BasePage_4	1621524156352	1621524156419	OK	 
REQUEST	Scen_1,Login	BasePage_5	1621524156421	1621524159972	OK	 
GROUP	Scen_1,Login	1621524155823	1621524159973	4098	OK
REQUEST	Scen_1,SearchByActiveMember	Select_SearchByActiveMember	1621524160982	1621524161118	OK	 
GROUP	Scen_1,SearchByActiveMember	1621524160981	1621524161119	136	OK
REQUEST	Scen_1,SearchName_douglas	Search_1	1621524162646	1621524164068	OK	 
REQUEST	Scen_1,SearchName_douglas	Search_2003330312	1621524164074	1621524164581	OK	 
GROUP	Scen_1,SearchName_douglas	1621524162642	1621524164582	1929	OK
REQUEST	Scen_1,S_2003330312	Select_douglas	1621524166574	1621524166667	OK	 
REQUEST	Scen_1,S_2003330312	request_1	1621524166668	1621524169597	OK	 
REQUEST	Scen_1,S_2003330312	request_2003330312	1621524169600	1621524173589	OK	 
GROUP	Scen_1,S_2003330312	1621524166573	1621524173590	7011	OK
REQUEST	Scen_1,DrillDown_douglas	64881	1621524174756	1621524175129	OK	 
GROUP	Scen_1,DrillDown_douglas	1621524174755	1621524175130	373	OK
REQUEST	Scen_1,SearchByActiveMember	Select_SearchByActiveMember	1621524176375	1621524176533	OK	 
GROUP	Scen_1,SearchByActiveMember	1621524176374	1621524176534	158	OK
REQUEST	Scen_1,SearchName_thomas	Search_1	1621524177681	1621524178529	OK	 
REQUEST	Scen_1,SearchName_thomas	Search_1503326775	1621524178531	1621524179385	OK	 
GROUP	Scen_1,SearchName_thomas	1621524177679	1621524179386	1702	OK
REQUEST	Scen_1,S_1503326775	Select_thomas	1621524181166	1621524181338	OK	 
REQUEST	Scen_1,S_1503326775	request_1	1621524181340	1621524183934	OK	 
REQUEST	Scen_1,S_1503326775	request_1503326775	1621524183935	1621524186699	OK	 
GROUP	Scen_1,S_1503326775	1621524181164	1621524186700	5530	OK
REQUEST	Scen_1,DrillDown_thomas	68055	1621524188292	1621524188449	OK	 
GROUP	Scen_1,DrillDown_thomas	1621524188291	1621524188450	157	OK
REQUEST	Scen_1,SearchByActiveMember	Select_SearchByActiveMember	1621524190074	1621524190513	OK	 
GROUP	Scen_1,SearchByActiveMember	1621524190073	1621524190514	439	OK
REQUEST	Scen_1,SearchName_smith	Search_1	1621524191817	1621524193354	OK	 
REQUEST	Scen_1,SearchName_smith	Search_2003327496	1621524193356	1621524194993	OK	 
GROUP	Scen_1,SearchName_smith	1621524191817	1621524194994	3174	OK
REQUEST	Scen_1,S_2003327496	Select_smith	1621524196709	1621524196793	OK	 
REQUEST	Scen_1,S_2003327496	request_1	1621524196794	1621524199677	OK	 
REQUEST	Scen_1,S_2003327496	request_2003327496	1621524199679	1621524203697	OK	 
GROUP	Scen_1,S_2003327496	1621524196708	1621524203698	6985	OK
REQUEST	Scen_1,DrillDown_smith	67992	1621524204784	1621524204934	OK	 
GROUP	Scen_1,DrillDown_smith	1621524204783	1621524204935	150	OK
REQUEST	Scen_1,SearchByActiveMember	Select_SearchByActiveMember	1621524206287	1621524206642	OK	 
GROUP	Scen_1,SearchByActiveMember	1621524206287	1621524206643	355	OK
REQUEST	Scen_1,SearchName_roger	Search_1	1621524208053	1621524208959	OK	 
REQUEST	Scen_1,SearchName_roger	Search_403328329	1621524208961	1621524209943	OK	 
GROUP	Scen_1,SearchName_roger	1621524208052	1621524209944	1888	OK
REQUEST	Scen_1,S_403328329	Select_roger	1621524211471	1621524211715	OK	 
REQUEST	Scen_1,S_403328329	request_1	1621524211716	1621524212358	OK	 
REQUEST	Scen_1,S_403328329	request_403328329	1621524212360	1621524215166	OK	 
GROUP	Scen_1,S_403328329	1621524211470	1621524215167	3692	OK
REQUEST	Scen_1,DrillDown_roger	63702	1621524216875	1621524217084	OK	 
GROUP	Scen_1,DrillDown_roger	1621524216874	1621524217085	209	OK
REQUEST	Scen_1,SearchByActiveMember	Select_SearchByActiveMember	1621524218247	1621524218629	OK	 
GROUP	Scen_1,SearchByActiveMember	1621524218246	1621524218630	382	OK
REQUEST	Scen_1,SearchName_baker	Search_1	1621524220364	1621524221208	OK	 
REQUEST	Scen_1,SearchName_baker	Search_1803327625	1621524221210	1621524222334	OK	 
GROUP	Scen_1,SearchName_baker	1621524220363	1621524222335	1968	OK
REQUEST	Scen_1,S_1803327625	Select_baker	1621524223602	1621524223813	OK	 
REQUEST	Scen_1,S_1803327625	request_1	1621524223814	1621524224383	OK	 
REQUEST	Scen_1,S_1803327625	request_1803327625	1621524224384	1621524227454	OK	 
GROUP	Scen_1,S_1803327625	1621524223601	1621524227455	3850	OK
REQUEST	Scen_1,DrillDown_baker	68321	1621524228997	1621524229718	OK	 
GROUP	Scen_1,DrillDown_baker	1621524228996	1621524229719	721	OK
GROUP	Scen_1	1621524155823	1621524230830	44907	OK
REQUEST	Scen_1,Login	BasePage	1621524230831	1621524230899	OK	 
REQUEST	Scen_1,Login	BasePage_1	1621524230901	1621524230966	OK	 
REQUEST	Scen_1,Login	BasePage_2	1621524230968	1621524231029	OK	 
REQUEST	Scen_1,Login	BasePage_3	1621524231030	1621524231096	OK	 
REQUEST	Scen_1,Login	BasePage_4	1621524231097	1621524231162	OK	 
REQUEST	Scen_1,Login	BasePage_5	1621524231163	1621524233393	OK	 
GROUP	Scen_1,Login	1621524230830	1621524233394	2555	OK
REQUEST	Scen_1,SearchByActiveMember	Select_SearchByActiveMember	1621524234397	1621524235617	OK	 
GROUP	Scen_1,SearchByActiveMember	1621524234396	1621524235618	1220	OK
REQUEST	Scen_1,SearchName_douglas	Search_1	1621524237349	1621524238615	OK	 
REQUEST	Scen_1,SearchName_douglas	Search_2003330312	1621524238617	1621524239742	OK	 
GROUP	Scen_1,SearchName_douglas	1621524237348	1621524239742	2391	OK
REQUEST	Scen_1,S_2003330312	Select_douglas	1621524241170	1621524241255	OK	 
REQUEST	Scen_1,S_2003330312	request_1	1621524241257	1621524243837	OK	 
REQUEST	Scen_1,S_2003330312	request_2003330312	1621524243839	1621524246909	OK	 
GROUP	Scen_1,S_2003330312	1621524241169	1621524246910	5735	OK
REQUEST	Scen_1,DrillDown_douglas	64881	1621524248481	1621524248681	OK	 
GROUP	Scen_1,DrillDown_douglas	1621524248480	1621524248681	200	OK
REQUEST	Scen_1,SearchByActiveMember	Select_SearchByActiveMember	1621524249714	1621524249852	OK	 
GROUP	Scen_1,SearchByActiveMember	1621524249714	1621524249853	138	OK
REQUEST	Scen_1,SearchName_thomas	Search_1	1621524250910	1621524252440	OK	 
REQUEST	Scen_1,SearchName_thomas	Search_1503326775	1621524252442	1621524257526	OK	 
GROUP	Scen_1,SearchName_thomas	1621524250909	1621524257526	6614	OK
REQUEST	Scen_1,S_1503326775	Select_thomas	1621524259339	1621524259442	OK	 
REQUEST	Scen_1,S_1503326775	request_1	1621524259444	1621524262987	OK	 
REQUEST	Scen_1,S_1503326775	request_1503326775	1621524262988	1621524265854	OK	 
GROUP	Scen_1,S_1503326775	1621524259338	1621524265855	6512	OK
REQUEST	Scen_1,DrillDown_thomas	68055	1621524267499	1621524267840	OK	 
GROUP	Scen_1,DrillDown_thomas	1621524267498	1621524267841	341	OK
REQUEST	Scen_1,SearchByActiveMember	Select_SearchByActiveMember	1621524269403	1621524269618	OK	 
GROUP	Scen_1,SearchByActiveMember	1621524269402	1621524269619	215	OK
REQUEST	Scen_1,SearchName_smith	Search_1	1621524270775	1621524273022	OK	 
REQUEST	Scen_1,SearchName_smith	Search_2003327496	1621524273023	1621524274660	OK	 
GROUP	Scen_1,SearchName_smith	1621524270774	1621524274661	3884	OK
REQUEST	Scen_1,S_2003327496	Select_smith	1621524276336	1621524276430	OK	 
REQUEST	Scen_1,S_2003327496	request_1	1621524276431	1621524279063	OK	 
REQUEST	Scen_1,S_2003327496	request_2003327496	1621524279065	1621524283774	OK	 
GROUP	Scen_1,S_2003327496	1621524276335	1621524283775	7435	OK
REQUEST	Scen_1,DrillDown_smith	67992	1621524284884	1621524285066	OK	 
GROUP	Scen_1,DrillDown_smith	1621524284884	1621524285067	182	OK
REQUEST	Scen_1,SearchByActiveMember	Select_SearchByActiveMember	1621524286295	1621524287013	OK	 
GROUP	Scen_1,SearchByActiveMember	1621524286294	1621524287014	718	OK
REQUEST	Scen_1,SearchName_roger	Search_1	1621524288379	1621524289309	OK	 
REQUEST	Scen_1,SearchName_roger	Search_403328329	1621524289311	1621524290534	OK	 
GROUP	Scen_1,SearchName_roger	1621524288378	1621524290534	2153	OK
REQUEST	Scen_1,S_403328329	Select_roger	1621524292282	1621524292372	OK	 
REQUEST	Scen_1,S_403328329	request_1	1621524292373	1621524293092	OK	 
REQUEST	Scen_1,S_403328329	request_403328329	1621524293094	1621524297188	OK	 
GROUP	Scen_1,