RUN	ocmlogin	ocmlogin	1630420293048	 	3.5.1
USER	ocmlogin	START	1630420299712
REQUEST		Authenticate	1630420299734	1630420300295	OK	 
REQUEST		request_0	1630420300317	1630420306055	OK	 
REQUEST		request_1	1630420306057	1630420306474	OK	 
REQUEST		request_2	1630420306478	1630420306903	OK	 
REQUEST		request_2 Redirect 1	1630420306906	1630420307006	OK	 
REQUEST		request_2 Redirect 2	1630420307006	1630420307115	OK	 
REQUEST		common.css	1630420307180	1630420309569	OK	 
REQUEST		msidpassword.js	1630420307181	1630420309934	OK	 
REQUEST		bootstrap.min.css	1630420307179	1630420310403	OK	 
REQUEST		common.js	1630420307181	1630420312985	OK	 
REQUEST		UHG_Header_Logo.png	1630420307180	1630420314090	OK	 
REQUEST		request_3	1630420314092	1630420314680	OK	 
REQUEST		zone-patch-user-media.js	1630420315013	1630420317629	OK	 
REQUEST		webapis-rtc-peer-connection.min.js	1630420315013	1630420317633	OK	 
REQUEST		global-this	1630420315078	1630420317635	OK	 
REQUEST		system.min.js	1630420315014	1630420317704	OK	 
REQUEST		runtime.min.js	1630420315013	1630420317706	OK	 
REQUEST		amd.min.js	1630420317631	1630420317713	OK	 
REQUEST		named-exports.min.js	1630420317634	1630420317714	OK	 
REQUEST		global-this	1630420317636	1630420317715	OK	 
REQUEST		css2?family=Roboto:wght@300;400;500&display=swap	1630420314830	1630420317756	OK	 
REQUEST		global-this	1630420317715	1630420317783	OK	 
REQUEST		import-map-overrides.js	1630420315014	1630420317827	OK	 
REQUEST		zone.min.js	1630420314952	1630420317831	OK	 
REQUEST		bootstrap.min.js	1630420314895	1630420317907	OK	 
REQUEST		jquery-3.3.1.slim.min.js	1630420314688	1630420318072	OK	 
REQUEST		minified.min.js	1630420317704	1630420318261	OK	 
REQUEST		jquery-2.2.4.min.js	1630420314829	1630420318457	OK	 
REQUEST		icon?family=Material+Icons	1630420314894	1630420318476	OK	 
REQUEST		d3.v3.min.js	1630420317327	1630420318499	OK	 
REQUEST		omni-chat-widget-settings.js	1630420315140	1630420319215	OK	 
REQUEST		popper.min.js	1630420315015	1630420319860	OK	 
REQUEST		omni-chat-widget.css	1630420317326	1630420320042	OK	 
REQUEST		omni-chat-widget.js	1630420317326	1630420320944	OK	 
REQUEST		request_21	1630420320949	1630420321101	OK	 
REQUEST		request_22	1630420321102	1630420321281	OK	 
REQUEST		request_23	1630420321282	1630420321461	OK	 
REQUEST		request_24	1630420321462	1630420322523	OK	 
REQUEST		request_25	1630420322523	1630420322885	OK	 
REQUEST		request_26	1630420322886	1630420326604	OK	 
REQUEST		request_27	1630420326605	1630420326699	OK	 
REQUEST		request_28	1630420326700	1630420326774	OK	 
REQUEST		request_29	1630420326775	1630420339288	OK	 
REQUEST		request_30	1630420339288	1630420341756	OK	 
REQUEST		request_31	1630420341757	1630420341830	OK	 
REQUEST		request_32	1630420341833	1630420341970	OK	 
REQUEST		request_33	1630420341971	1630420342044	KO	status.find.in(200,201,202,203,204,205,206,207,208,209,304), found 400
REQUEST		request_34	1630420342046	1630420342594	OK	 
REQUEST		request_35	1630420342595	1630420342944	OK	 
REQUEST		request_36	1630420342945	1630420343067	KO	status.find.in(200,201,202,203,204,205,206,207,208,209,304), found 400
REQUEST		request_37	1630420343067	1630420343161	OK	 
REQUEST		request_38	1630420343162	1630420343278	OK	 
REQUEST		request_39	1630420343279	1630420343374	OK	 
REQUEST		request_40	1630420343374	1630420343471	OK	 
REQUEST		request_41	1630420343471	1630420343886	OK	 
REQUEST		request_42	1630420343886	1630420343979	OK	 
REQUEST		request_43	1630420343980	1630420344068	OK	 
REQUEST		request_44	1630420344069	1630420344181	OK	 
REQUEST		request_45	1630420344182	1630420344351	OK	 
USER	ocmlogin	END	1630420344358
