RUN	Optum.Framework.OptumSim	optumsim	1623711855444	 	3.5.1
USER	Users_1	START	1623711856792
REQUEST	Scen_1,Login	BasePage	1623711856807	1623711857081	OK	 
REQUEST	Scen_1,Login	BasePage_1	1623711857099	1623711857184	OK	 
REQUEST	Scen_1,Login	BasePage_2	1623711857192	1623711857254	OK	 
REQUEST	Scen_1,Login	BasePage_3	1623711857256	1623711857324	OK	 
REQUEST	Scen_1,Login	BasePage_4	1623711857326	1623711857394	OK	 
REQUEST	Scen_1,Login	BasePage_5	1623711857396	1623711859326	OK	 
GROUP	Scen_1,Login	1623711856795	1623711859328	2487	OK
REQUEST	Scen_1,SearchByActiveMember	Select_SearchByActiveMember	1623711860335	1623711860474	OK	 
GROUP	Scen_1,SearchByActiveMember	1623711860334	1623711860475	139	OK
REQUEST	Scen_1,SearchName_Name	Search_1	1623711861869	1623711863000	OK	 
REQUEST	Scen_1,SearchName_Name	Search_503328028	1623711863007	1623711863900	OK	 
GROUP	Scen_1,SearchName_Name	1623711861868	1623711863901	2024	OK
REQUEST	Scen_1,S_503328028	Select_Smith	1623711865028	1623711865124	OK	 
REQUEST	Scen_1,S_503328028	request_1	1623711865129	1623711867199	OK	 
REQUEST	Scen_1,S_503328028	request_503328028	1623711867202	1623711869940	OK	 
GROUP	Scen_1,S_503328028	1623711865027	1623711869941	4904	OK
REQUEST	Scen_1,DrillDown_Smith	68946	1623711871118	1623711871893	OK	 
GROUP	Scen_1,DrillDown_Smith	1623711871116	1623711871894	775	OK
GROUP	Scen_1	1623711856794	1623711873611	10329	OK
USER	Users_1	END	1623711873614
